<?xml version="1.0" encoding="UTF-8" standalone="yes"?>
<testsuites name="v4.4_TaskSuite" time="527" tests="1" failures="3" errors="5">
    <testsuite name="v4.4_TaskSuite" tests="1" failures="3" errors="5" time="527" timestamp="2020-11-25 10:50:58" hostname="narendra.n - WLPT580.imidomain.com" id="Test Suites/v4.4_TaskSuite">
        <properties>
            <property name="deviceName" value=""/>
            <property name="devicePlatform" value=""/>
            <property name="logFolder" value="D:\\IMIbot.ai-Project\\Reports\\20201125_105042\\v4.4_TaskSuite\\20201125_105045"/>
            <property name="logFiles" value="D:\\IMIbot.ai-Project\\Reports\\20201125_105042\\v4.4_TaskSuite\\20201125_105045\\execution0.log"/>
            <property name="attachments" value="D:\\IMIbot.ai-Project\\Reports\\20201125_105042\\v4.4_TaskSuite\\20201125_105045\\1606281911617.png, D:\\IMIbot.ai-Project\\Reports\\20201125_105042\\v4.4_TaskSuite\\20201125_105045\\1606281919952.png, D:\\IMIbot.ai-Project\\Reports\\20201125_105042\\v4.4_TaskSuite\\20201125_105045\\1606281936740.png, D:\\IMIbot.ai-Project\\Reports\\20201125_105042\\v4.4_TaskSuite\\20201125_105045\\1606281953270.png"/>
            <property name="hostName" value="narendra.n - WLPT580.imidomain.com"/>
            <property name="os" value="Windows 8.1 64bit"/>
            <property name="katalonVersion" value="6.3.3.11"/>
            <property name="browser" value="Chrome 87.0.4280.66"/>
            <property name="hostAddress" value="192.168.29.195"/>
            <property name="sessionId" value="0978eff6d8c5d75b82f418e3658a8c91"/>
            <property name="seleniumVersion" value="3.141.59"/>
            <property name="proxyInformation" value="ProxyInformation{proxyOption=NO_PROXY, proxyServerType=HTTP, password=, proxyServerAddress=, proxyServerPort=0}"/>
            <property name="platform" value="Windows 8.1"/>
        </properties>
        <testcase name="Test Cases/TASK_SSO/botCreation_Test" classname="Test Cases/TASK_SSO/botCreation_Test" status="PASSED">
            <system-out>2020-11-25 10:52:10 - [TEST_CASE][PASSED] - Test Cases/TASK_SSO/botCreation_Test: Test Cases/TASK_SSO/botCreation_Test&#xD;
&#xD;
2020-11-25 10:52:11 - [TEST_STEP][PASSED] - platform.Method.clickOnElement(findTestObject("Generic/webObjectWithText", ["textValue":"Task bots"])): platform.Method.clickOnElement is PASSED&#xD;
&#xD;
2020-11-25 10:52:19 - [MESSAGE][PASSED] - platform.Method.clickOnElement is PASSED&#xD;
&#xD;
2020-11-25 10:52:19 - [TEST_STEP][PASSED] - platform.Method.clickOnElement(findTestObject("Button/createBot")): platform.Method.clickOnElement is PASSED&#xD;
&#xD;
2020-11-25 10:52:24 - [MESSAGE][PASSED] - platform.Method.clickOnElement is PASSED&#xD;
&#xD;
2020-11-25 10:52:24 - [TEST_STEP][PASSED] - sendKeys(findTestObject("Input/botName"), nameOfTheBot): Keys 'v4.4 Task-Testbot' sent to object: 'Object Repository/Input/botName'&#xD;
&#xD;
2020-11-25 10:52:27 - [MESSAGE][PASSED] - Keys 'v4.4 Task-Testbot' sent to object: 'Object Repository/Input/botName'&#xD;
&#xD;
2020-11-25 10:52:27 - [TEST_STEP][PASSED] - platform.Method.clickOnElement(findTestObject("Toggle/feedback")): platform.Method.clickOnElement is PASSED&#xD;
&#xD;
2020-11-25 10:52:30 - [MESSAGE][PASSED] - platform.Method.clickOnElement is PASSED&#xD;
&#xD;
2020-11-25 10:52:30 - [TEST_STEP][PASSED] - platform.Method.clickOnElement(findTestObject("Button/done")): platform.Method.clickOnElement is PASSED&#xD;
&#xD;
2020-11-25 10:52:32 - [MESSAGE][PASSED] - platform.Method.clickOnElement is PASSED&#xD;
&#xD;
2020-11-25 10:52:32 - [TEST_STEP][PASSED] - waitForElementVisible(findTestObject("Generic/modelState"), 60, OPTIONAL): Object 'Object Repository/Generic/modelState' is visible&#xD;
&#xD;
2020-11-25 10:52:57 - [MESSAGE][PASSED] - Object 'Object Repository/Generic/modelState' is visible&#xD;
&#xD;
2020-11-25 10:52:57 - [TEST_STEP][PASSED] - if (!(verifyElementText(findTestObject("Generic/modelState"), "Trained", OPTIONAL))): Actual text and expected text of test object 'Object Repository/Generic/modelState' are matched.&#xD;
&#xD;
2020-11-25 10:52:59 - [MESSAGE][PASSED] - Actual text and expected text of test object 'Object Repository/Generic/modelState' are matched.</system-out>
            <system-err></system-err>
        </testcase>
        <testcase name="Test Cases/Sprint/v4.4/mapLocationEntityCreation_Test" classname="Test Cases/Sprint/v4.4/mapLocationEntityCreation_Test" status="FAILED">
            <failure type="FAILED" message="Test Cases/Sprint/v4.4/mapLocationEntityCreation_Test FAILED.&#xA;Reason:&#xA;Assertion failed: &#xA;&#xA;assert mapElement.getText().contentEquals('map') == true // check if the entity is successfully created or not&#xA;       |          |         |                    |&#xA;       |          &quot;&quot;        false                false&#xA;       [[CChromeDriver: chrome on WINDOWS (0978eff6d8c5d75b82f418e3658a8c91)] -&gt; xpath: //tbody/tr/td[1]//div[starts-with(@class,'textVal')]]&#xA;&#xD;&#xA;&#x9;at mapLocationEntityCreation_Test.run(mapLocationEntityCreation_Test:32)&#xD;&#xA;&#x9;at com.kms.katalon.core.main.ScriptEngine.run(ScriptEngine.java:194)&#xD;&#xA;&#x9;at com.kms.katalon.core.main.ScriptEngine.runScriptAsRawText(ScriptEngine.java:119)&#xD;&#xA;&#x9;at com.kms.katalon.core.main.TestCaseExecutor.runScript(TestCaseExecutor.java:337)&#xD;&#xA;&#x9;at com.kms.katalon.core.main.TestCaseExecutor.doExecute(TestCaseExecutor.java:328)&#xD;&#xA;&#x9;at com.kms.katalon.core.main.TestCaseExecutor.processExecutionPhase(TestCaseExecutor.java:307)&#xD;&#xA;&#x9;at com.kms.katalon.core.main.TestCaseExecutor.accessMainPhase(TestCaseExecutor.java:299)&#xD;&#xA;&#x9;at com.kms.katalon.core.main.TestCaseExecutor.execute(TestCaseExecutor.java:233)&#xD;&#xA;&#x9;at com.kms.katalon.core.main.TestSuiteExecutor.accessTestCaseMainPhase(TestSuiteExecutor.java:169)&#xD;&#xA;&#x9;at com.kms.katalon.core.main.TestSuiteExecutor.accessTestSuiteMainPhase(TestSuiteExecutor.java:142)&#xD;&#xA;&#x9;at com.kms.katalon.core.main.TestSuiteExecutor.execute(TestSuiteExecutor.java:91)&#xD;&#xA;&#x9;at com.kms.katalon.core.main.TestCaseMain.startTestSuite(TestCaseMain.java:157)&#xD;&#xA;&#x9;at com.kms.katalon.core.main.TestCaseMain$startTestSuite$0.call(Unknown Source)&#xD;&#xA;&#x9;at TempTestSuite1606281645351.run(TempTestSuite1606281645351.groovy:35)&#xD;&#xA;"/>
            <system-out>2020-11-25 10:52:59 - [TEST_CASE][FAILED] - Test Cases/Sprint/v4.4/mapLocationEntityCreation_Test: Test Cases/Sprint/v4.4/mapLocationEntityCreation_Test FAILED.
Reason:
Assertion failed: 

assert mapElement.getText().contentEquals('map') == true // check if the entity is successfully created or not
       |          |         |                    |
       |          ""        false                false
       [[CChromeDriver: chrome on WINDOWS (0978eff6d8c5d75b82f418e3658a8c91)] -&gt; xpath: //tbody/tr/td[1]//div[starts-with(@class,'textVal')]]
&#xD;
	at mapLocationEntityCreation_Test.run(mapLocationEntityCreation_Test:32)&#xD;
	at com.kms.katalon.core.main.ScriptEngine.run(ScriptEngine.java:194)&#xD;
	at com.kms.katalon.core.main.ScriptEngine.runScriptAsRawText(ScriptEngine.java:119)&#xD;
	at com.kms.katalon.core.main.TestCaseExecutor.runScript(TestCaseExecutor.java:337)&#xD;
	at com.kms.katalon.core.main.TestCaseExecutor.doExecute(TestCaseExecutor.java:328)&#xD;
	at com.kms.katalon.core.main.TestCaseExecutor.processExecutionPhase(TestCaseExecutor.java:307)&#xD;
	at com.kms.katalon.core.main.TestCaseExecutor.accessMainPhase(TestCaseExecutor.java:299)&#xD;
	at com.kms.katalon.core.main.TestCaseExecutor.execute(TestCaseExecutor.java:233)&#xD;
	at com.kms.katalon.core.main.TestSuiteExecutor.accessTestCaseMainPhase(TestSuiteExecutor.java:169)&#xD;
	at com.kms.katalon.core.main.TestSuiteExecutor.accessTestSuiteMainPhase(TestSuiteExecutor.java:142)&#xD;
	at com.kms.katalon.core.main.TestSuiteExecutor.execute(TestSuiteExecutor.java:91)&#xD;
	at com.kms.katalon.core.main.TestCaseMain.startTestSuite(TestCaseMain.java:157)&#xD;
	at com.kms.katalon.core.main.TestCaseMain$startTestSuite$0.call(Unknown Source)&#xD;
	at TempTestSuite1606281645351.run(TempTestSuite1606281645351.groovy:35)&#xD;
&#xD;
&#xD;
2020-11-25 10:53:00 - [TEST_STEP][PASSED] - platform.Method.clickOnElement(findTestObject("Generic/training")): platform.Method.clickOnElement is PASSED&#xD;
&#xD;
2020-11-25 10:53:03 - [MESSAGE][PASSED] - platform.Method.clickOnElement is PASSED&#xD;
&#xD;
2020-11-25 10:53:03 - [TEST_STEP][PASSED] - testData = findTestData("Data Files/testData_Task"): null&#xD;
&#xD;
2020-11-25 10:53:07 - [TEST_STEP][PASSED] - platform.Method.clickOnElement(findTestObject("Generic/webObjectWithText", ["textValue":"Entities"])): platform.Method.clickOnElement is PASSED&#xD;
&#xD;
2020-11-25 10:53:09 - [MESSAGE][PASSED] - platform.Method.clickOnElement is PASSED&#xD;
&#xD;
2020-11-25 10:53:09 - [TEST_STEP][PASSED] - comment(" *** SCENARIO 1 STARTED ***"):  *** SCENARIO 1 STARTED ***&#xD;
&#xD;
2020-11-25 10:53:09 - [MESSAGE][INFO] -  *** SCENARIO 1 STARTED ***&#xD;
&#xD;
2020-11-25 10:53:09 - [TEST_STEP][PASSED] - platform.Method.clickOnElement(findTestObject("Button/createEntity")): platform.Method.clickOnElement is PASSED&#xD;
&#xD;
2020-11-25 10:53:11 - [MESSAGE][PASSED] - platform.Method.clickOnElement is PASSED&#xD;
&#xD;
2020-11-25 10:53:11 - [TEST_STEP][PASSED] - platform.Training.createEntity(testData.getValue("map_entity", 1), " Map location (whatsapp) ", null): platform.Training.createEntity is PASSED&#xD;
&#xD;
2020-11-25 10:53:14 - [MESSAGE][PASSED] - Keys 'map' sent to object: 'Object Repository/Input/entityName'&#xD;
&#xD;
2020-11-25 10:53:17 - [MESSAGE][INFO] - Entity Type:  Map location (whatsapp) &#xD;
&#xD;
2020-11-25 10:53:22 - [MESSAGE][PASSED] - platform.Training.createEntity is PASSED&#xD;
&#xD;
2020-11-25 10:53:22 - [TEST_STEP][PASSED] - waitForElementPresent(findTestObject("ICONS/toastMsg"), 20, CONTINUE_ON_FAILURE): Object 'Object Repository/ICONS/toastMsg' is present&#xD;
&#xD;
2020-11-25 10:53:23 - [MESSAGE][PASSED] - Object 'Object Repository/ICONS/toastMsg' is present&#xD;
&#xD;
2020-11-25 10:53:23 - [TEST_STEP][PASSED] - comment(" *** VALIDATION --&gt; ENTITY CREATION CHECK ***"):  *** VALIDATION --&gt; ENTITY CREATION CHECK ***&#xD;
&#xD;
2020-11-25 10:53:23 - [MESSAGE][INFO] -  *** VALIDATION --&gt; ENTITY CREATION CHECK ***&#xD;
&#xD;
2020-11-25 10:53:23 - [TEST_STEP][PASSED] - mapElement = findWebElements(findTestObject("GenericII/listOfEntityNames"), 5).get(0): null&#xD;
&#xD;
2020-11-25 10:53:24 - [TEST_STEP][PASSED] - assert getText().contentEquals("map") == true: null</system-out>
            <system-err>2020-11-25 10:52:59 - [TEST_CASE][FAILED] - Test Cases/Sprint/v4.4/mapLocationEntityCreation_Test: Test Cases/Sprint/v4.4/mapLocationEntityCreation_Test FAILED.
Reason:
Assertion failed: 

assert mapElement.getText().contentEquals('map') == true // check if the entity is successfully created or not
       |          |         |                    |
       |          ""        false                false
       [[CChromeDriver: chrome on WINDOWS (0978eff6d8c5d75b82f418e3658a8c91)] -&gt; xpath: //tbody/tr/td[1]//div[starts-with(@class,'textVal')]]
&#xD;
	at mapLocationEntityCreation_Test.run(mapLocationEntityCreation_Test:32)&#xD;
	at com.kms.katalon.core.main.ScriptEngine.run(ScriptEngine.java:194)&#xD;
	at com.kms.katalon.core.main.ScriptEngine.runScriptAsRawText(ScriptEngine.java:119)&#xD;
	at com.kms.katalon.core.main.TestCaseExecutor.runScript(TestCaseExecutor.java:337)&#xD;
	at com.kms.katalon.core.main.TestCaseExecutor.doExecute(TestCaseExecutor.java:328)&#xD;
	at com.kms.katalon.core.main.TestCaseExecutor.processExecutionPhase(TestCaseExecutor.java:307)&#xD;
	at com.kms.katalon.core.main.TestCaseExecutor.accessMainPhase(TestCaseExecutor.java:299)&#xD;
	at com.kms.katalon.core.main.TestCaseExecutor.execute(TestCaseExecutor.java:233)&#xD;
	at com.kms.katalon.core.main.TestSuiteExecutor.accessTestCaseMainPhase(TestSuiteExecutor.java:169)&#xD;
	at com.kms.katalon.core.main.TestSuiteExecutor.accessTestSuiteMainPhase(TestSuiteExecutor.java:142)&#xD;
	at com.kms.katalon.core.main.TestSuiteExecutor.execute(TestSuiteExecutor.java:91)&#xD;
	at com.kms.katalon.core.main.TestCaseMain.startTestSuite(TestCaseMain.java:157)&#xD;
	at com.kms.katalon.core.main.TestCaseMain$startTestSuite$0.call(Unknown Source)&#xD;
	at TempTestSuite1606281645351.run(TempTestSuite1606281645351.groovy:35)</system-err>
        </testcase>
        <testcase name="Test Cases/Sprint/v4.4/mapLocationEntityTaggingInIntent_Test" classname="Test Cases/Sprint/v4.4/mapLocationEntityTaggingInIntent_Test" status="ERROR">
            <error type="ERROR" message="Test Cases/Sprint/v4.4/mapLocationEntityTaggingInIntent_Test FAILED.&#xA;Reason:&#xA;org.codehaus.groovy.runtime.InvokerInvocationException: com.kms.katalon.core.webui.exception.WebElementNotFoundException: Web element with id: 'Object Repository/Button/createIntent' located by 'By.xpath: //button//span[contains(text(),'+ Create intent')]' not found&#xD;&#xA;&#x9;at platform.Method.invokeMethod(Method.groovy)&#xD;&#xA;&#x9;at com.kms.katalon.core.main.CustomKeywordDelegatingMetaClass.invokeStaticMethod(CustomKeywordDelegatingMetaClass.java:50)&#xD;&#xA;&#x9;at mapLocationEntityTaggingInIntent_Test.run(mapLocationEntityTaggingInIntent_Test:15)&#xD;&#xA;&#x9;at com.kms.katalon.core.main.ScriptEngine.run(ScriptEngine.java:194)&#xD;&#xA;&#x9;at com.kms.katalon.core.main.ScriptEngine.runScriptAsRawText(ScriptEngine.java:119)&#xD;&#xA;&#x9;at com.kms.katalon.core.main.TestCaseExecutor.runScript(TestCaseExecutor.java:337)&#xD;&#xA;&#x9;at com.kms.katalon.core.main.TestCaseExecutor.doExecute(TestCaseExecutor.java:328)&#xD;&#xA;&#x9;at com.kms.katalon.core.main.TestCaseExecutor.processExecutionPhase(TestCaseExecutor.java:307)&#xD;&#xA;&#x9;at com.kms.katalon.core.main.TestCaseExecutor.accessMainPhase(TestCaseExecutor.java:299)&#xD;&#xA;&#x9;at com.kms.katalon.core.main.TestCaseExecutor.execute(TestCaseExecutor.java:233)&#xD;&#xA;&#x9;at com.kms.katalon.core.main.TestSuiteExecutor.accessTestCaseMainPhase(TestSuiteExecutor.java:169)&#xD;&#xA;&#x9;at com.kms.katalon.core.main.TestSuiteExecutor.accessTestSuiteMainPhase(TestSuiteExecutor.java:142)&#xD;&#xA;&#x9;at com.kms.katalon.core.main.TestSuiteExecutor.execute(TestSuiteExecutor.java:91)&#xD;&#xA;&#x9;at com.kms.katalon.core.main.TestCaseMain.startTestSuite(TestCaseMain.java:157)&#xD;&#xA;&#x9;at com.kms.katalon.core.main.TestCaseMain$startTestSuite$0.call(Unknown Source)&#xD;&#xA;&#x9;at TempTestSuite1606281645351.run(TempTestSuite1606281645351.groovy:35)&#xD;&#xA;Caused by: com.kms.katalon.core.webui.exception.WebElementNotFoundException: Web element with id: 'Object Repository/Button/createIntent' located by 'By.xpath: //button//span[contains(text(),'+ Create intent')]' not found&#xD;&#xA;&#x9;at com.kms.katalon.core.webui.common.WebUiCommonHelper.findWebElement(WebUiCommonHelper.java:1097)&#xD;&#xA;&#x9;at com.kms.katalon.core.webui.common.WebUiCommonHelper$findWebElement.call(Unknown Source)&#xD;&#xA;&#x9;at platform.Method.clickOnElement(Method.groovy:32)&#xD;&#xA;&#x9;at platform.Training.addSingleUtterance(Training.groovy:21)&#xD;&#xA;&#x9;... 16 more&#xD;&#xA;"/>
            <system-out>2020-11-25 10:53:26 - [TEST_CASE][ERROR] - Test Cases/Sprint/v4.4/mapLocationEntityTaggingInIntent_Test: Test Cases/Sprint/v4.4/mapLocationEntityTaggingInIntent_Test FAILED.
Reason:
org.codehaus.groovy.runtime.InvokerInvocationException: com.kms.katalon.core.webui.exception.WebElementNotFoundException: Web element with id: 'Object Repository/Button/createIntent' located by 'By.xpath: //button//span[contains(text(),'+ Create intent')]' not found&#xD;
	at platform.Method.invokeMethod(Method.groovy)&#xD;
	at com.kms.katalon.core.main.CustomKeywordDelegatingMetaClass.invokeStaticMethod(CustomKeywordDelegatingMetaClass.java:50)&#xD;
	at mapLocationEntityTaggingInIntent_Test.run(mapLocationEntityTaggingInIntent_Test:15)&#xD;
	at com.kms.katalon.core.main.ScriptEngine.run(ScriptEngine.java:194)&#xD;
	at com.kms.katalon.core.main.ScriptEngine.runScriptAsRawText(ScriptEngine.java:119)&#xD;
	at com.kms.katalon.core.main.TestCaseExecutor.runScript(TestCaseExecutor.java:337)&#xD;
	at com.kms.katalon.core.main.TestCaseExecutor.doExecute(TestCaseExecutor.java:328)&#xD;
	at com.kms.katalon.core.main.TestCaseExecutor.processExecutionPhase(TestCaseExecutor.java:307)&#xD;
	at com.kms.katalon.core.main.TestCaseExecutor.accessMainPhase(TestCaseExecutor.java:299)&#xD;
	at com.kms.katalon.core.main.TestCaseExecutor.execute(TestCaseExecutor.java:233)&#xD;
	at com.kms.katalon.core.main.TestSuiteExecutor.accessTestCaseMainPhase(TestSuiteExecutor.java:169)&#xD;
	at com.kms.katalon.core.main.TestSuiteExecutor.accessTestSuiteMainPhase(TestSuiteExecutor.java:142)&#xD;
	at com.kms.katalon.core.main.TestSuiteExecutor.execute(TestSuiteExecutor.java:91)&#xD;
	at com.kms.katalon.core.main.TestCaseMain.startTestSuite(TestCaseMain.java:157)&#xD;
	at com.kms.katalon.core.main.TestCaseMain$startTestSuite$0.call(Unknown Source)&#xD;
	at TempTestSuite1606281645351.run(TempTestSuite1606281645351.groovy:35)&#xD;
Caused by: com.kms.katalon.core.webui.exception.WebElementNotFoundException: Web element with id: 'Object Repository/Button/createIntent' located by 'By.xpath: //button//span[contains(text(),'+ Create intent')]' not found&#xD;
	at com.kms.katalon.core.webui.common.WebUiCommonHelper.findWebElement(WebUiCommonHelper.java:1097)&#xD;
	at com.kms.katalon.core.webui.common.WebUiCommonHelper$findWebElement.call(Unknown Source)&#xD;
	at platform.Method.clickOnElement(Method.groovy:32)&#xD;
	at platform.Training.addSingleUtterance(Training.groovy:21)&#xD;
	... 16 more&#xD;
&#xD;
&#xD;
2020-11-25 10:53:26 - [TEST_STEP][PASSED] - platform.Method.clickOnElement(findTestObject("Generic/training")): platform.Method.clickOnElement is PASSED&#xD;
&#xD;
2020-11-25 10:53:29 - [MESSAGE][PASSED] - platform.Method.clickOnElement is PASSED&#xD;
&#xD;
2020-11-25 10:53:29 - [TEST_STEP][PASSED] - testData = findTestData("Data Files/testData_Task"): null&#xD;
&#xD;
2020-11-25 10:53:29 - [TEST_STEP][ERROR] - platform.Training.addSingleUtterance(testData.getValue("map_utterance", 1)): com.kms.katalon.core.webui.exception.WebElementNotFoundException: Web element with id: 'Object Repository/Button/createIntent' located by 'By.xpath: //button//span[contains(text(),'+ Create intent')]' not found&#xD;
&#xD;
2020-11-25 10:53:35 - [MESSAGE][INFO] - Unable to find the element located by 'By.xpath: //button//span[contains(text(),'+ Create intent')]'. Please recheck the objects properties to make sure the desired element is located. &#xD;
&#xD;
2020-11-25 10:53:35 - [MESSAGE][ERROR] - com.kms.katalon.core.webui.exception.WebElementNotFoundException: Web element with id: 'Object Repository/Button/createIntent' located by 'By.xpath: //button//span[contains(text(),'+ Create intent')]' not found</system-out>
            <system-err>2020-11-25 10:53:26 - [TEST_CASE][ERROR] - Test Cases/Sprint/v4.4/mapLocationEntityTaggingInIntent_Test: Test Cases/Sprint/v4.4/mapLocationEntityTaggingInIntent_Test FAILED.
Reason:
org.codehaus.groovy.runtime.InvokerInvocationException: com.kms.katalon.core.webui.exception.WebElementNotFoundException: Web element with id: 'Object Repository/Button/createIntent' located by 'By.xpath: //button//span[contains(text(),'+ Create intent')]' not found&#xD;
	at platform.Method.invokeMethod(Method.groovy)&#xD;
	at com.kms.katalon.core.main.CustomKeywordDelegatingMetaClass.invokeStaticMethod(CustomKeywordDelegatingMetaClass.java:50)&#xD;
	at mapLocationEntityTaggingInIntent_Test.run(mapLocationEntityTaggingInIntent_Test:15)&#xD;
	at com.kms.katalon.core.main.ScriptEngine.run(ScriptEngine.java:194)&#xD;
	at com.kms.katalon.core.main.ScriptEngine.runScriptAsRawText(ScriptEngine.java:119)&#xD;
	at com.kms.katalon.core.main.TestCaseExecutor.runScript(TestCaseExecutor.java:337)&#xD;
	at com.kms.katalon.core.main.TestCaseExecutor.doExecute(TestCaseExecutor.java:328)&#xD;
	at com.kms.katalon.core.main.TestCaseExecutor.processExecutionPhase(TestCaseExecutor.java:307)&#xD;
	at com.kms.katalon.core.main.TestCaseExecutor.accessMainPhase(TestCaseExecutor.java:299)&#xD;
	at com.kms.katalon.core.main.TestCaseExecutor.execute(TestCaseExecutor.java:233)&#xD;
	at com.kms.katalon.core.main.TestSuiteExecutor.accessTestCaseMainPhase(TestSuiteExecutor.java:169)&#xD;
	at com.kms.katalon.core.main.TestSuiteExecutor.accessTestSuiteMainPhase(TestSuiteExecutor.java:142)&#xD;
	at com.kms.katalon.core.main.TestSuiteExecutor.execute(TestSuiteExecutor.java:91)&#xD;
	at com.kms.katalon.core.main.TestCaseMain.startTestSuite(TestCaseMain.java:157)&#xD;
	at com.kms.katalon.core.main.TestCaseMain$startTestSuite$0.call(Unknown Source)&#xD;
	at TempTestSuite1606281645351.run(TempTestSuite1606281645351.groovy:35)&#xD;
Caused by: com.kms.katalon.core.webui.exception.WebElementNotFoundException: Web element with id: 'Object Repository/Button/createIntent' located by 'By.xpath: //button//span[contains(text(),'+ Create intent')]' not found&#xD;
	at com.kms.katalon.core.webui.common.WebUiCommonHelper.findWebElement(WebUiCommonHelper.java:1097)&#xD;
	at com.kms.katalon.core.webui.common.WebUiCommonHelper$findWebElement.call(Unknown Source)&#xD;
	at platform.Method.clickOnElement(Method.groovy:32)&#xD;
	at platform.Training.addSingleUtterance(Training.groovy:21)&#xD;
	... 16 more</system-err>
        </testcase>
        <testcase name="Test Cases/Sprint/v4.4/mapLocationLinkToSlots_Test" classname="Test Cases/Sprint/v4.4/mapLocationLinkToSlots_Test" status="ERROR">
            <error type="ERROR" message="Test Cases/Sprint/v4.4/mapLocationLinkToSlots_Test FAILED.&#xA;Reason:&#xA;org.codehaus.groovy.runtime.InvokerInvocationException: com.kms.katalon.core.webui.exception.WebElementNotFoundException: Web element with id: 'Object Repository/Generic/webObjectWithText' located by 'By.xpath: //*[contains(text(),'map_intent')]' not found&#xD;&#xA;&#x9;at platform.Method.invokeMethod(Method.groovy)&#xD;&#xA;&#x9;at com.kms.katalon.core.main.CustomKeywordDelegatingMetaClass.invokeStaticMethod(CustomKeywordDelegatingMetaClass.java:50)&#xD;&#xA;&#x9;at mapLocationLinkToSlots_Test.run(mapLocationLinkToSlots_Test:10)&#xD;&#xA;&#x9;at com.kms.katalon.core.main.ScriptEngine.run(ScriptEngine.java:194)&#xD;&#xA;&#x9;at com.kms.katalon.core.main.ScriptEngine.runScriptAsRawText(ScriptEngine.java:119)&#xD;&#xA;&#x9;at com.kms.katalon.core.main.TestCaseExecutor.runScript(TestCaseExecutor.java:337)&#xD;&#xA;&#x9;at com.kms.katalon.core.main.TestCaseExecutor.doExecute(TestCaseExecutor.java:328)&#xD;&#xA;&#x9;at com.kms.katalon.core.main.TestCaseExecutor.processExecutionPhase(TestCaseExecutor.java:307)&#xD;&#xA;&#x9;at com.kms.katalon.core.main.TestCaseExecutor.accessMainPhase(TestCaseExecutor.java:299)&#xD;&#xA;&#x9;at com.kms.katalon.core.main.TestCaseExecutor.execute(TestCaseExecutor.java:233)&#xD;&#xA;&#x9;at com.kms.katalon.core.main.TestSuiteExecutor.accessTestCaseMainPhase(TestSuiteExecutor.java:169)&#xD;&#xA;&#x9;at com.kms.katalon.core.main.TestSuiteExecutor.accessTestSuiteMainPhase(TestSuiteExecutor.java:142)&#xD;&#xA;&#x9;at com.kms.katalon.core.main.TestSuiteExecutor.execute(TestSuiteExecutor.java:91)&#xD;&#xA;&#x9;at com.kms.katalon.core.main.TestCaseMain.startTestSuite(TestCaseMain.java:157)&#xD;&#xA;&#x9;at com.kms.katalon.core.main.TestCaseMain$startTestSuite$0.call(Unknown Source)&#xD;&#xA;&#x9;at TempTestSuite1606281645351.run(TempTestSuite1606281645351.groovy:35)&#xD;&#xA;Caused by: com.kms.katalon.core.webui.exception.WebElementNotFoundException: Web element with id: 'Object Repository/Generic/webObjectWithText' located by 'By.xpath: //*[contains(text(),'map_intent')]' not found&#xD;&#xA;&#x9;at com.kms.katalon.core.webui.common.WebUiCommonHelper.findWebElement(WebUiCommonHelper.java:1097)&#xD;&#xA;&#x9;at com.kms.katalon.core.webui.common.WebUiCommonHelper$findWebElement.call(Unknown Source)&#xD;&#xA;&#x9;at platform.Method.clickOnElement(Method.groovy:32)&#xD;&#xA;&#x9;... 16 more&#xD;&#xA;"/>
            <system-out>2020-11-25 10:53:36 - [TEST_CASE][ERROR] - Test Cases/Sprint/v4.4/mapLocationLinkToSlots_Test: Test Cases/Sprint/v4.4/mapLocationLinkToSlots_Test FAILED.
Reason:
org.codehaus.groovy.runtime.InvokerInvocationException: com.kms.katalon.core.webui.exception.WebElementNotFoundException: Web element with id: 'Object Repository/Generic/webObjectWithText' located by 'By.xpath: //*[contains(text(),'map_intent')]' not found&#xD;
	at platform.Method.invokeMethod(Method.groovy)&#xD;
	at com.kms.katalon.core.main.CustomKeywordDelegatingMetaClass.invokeStaticMethod(CustomKeywordDelegatingMetaClass.java:50)&#xD;
	at mapLocationLinkToSlots_Test.run(mapLocationLinkToSlots_Test:10)&#xD;
	at com.kms.katalon.core.main.ScriptEngine.run(ScriptEngine.java:194)&#xD;
	at com.kms.katalon.core.main.ScriptEngine.runScriptAsRawText(ScriptEngine.java:119)&#xD;
	at com.kms.katalon.core.main.TestCaseExecutor.runScript(TestCaseExecutor.java:337)&#xD;
	at com.kms.katalon.core.main.TestCaseExecutor.doExecute(TestCaseExecutor.java:328)&#xD;
	at com.kms.katalon.core.main.TestCaseExecutor.processExecutionPhase(TestCaseExecutor.java:307)&#xD;
	at com.kms.katalon.core.main.TestCaseExecutor.accessMainPhase(TestCaseExecutor.java:299)&#xD;
	at com.kms.katalon.core.main.TestCaseExecutor.execute(TestCaseExecutor.java:233)&#xD;
	at com.kms.katalon.core.main.TestSuiteExecutor.accessTestCaseMainPhase(TestSuiteExecutor.java:169)&#xD;
	at com.kms.katalon.core.main.TestSuiteExecutor.accessTestSuiteMainPhase(TestSuiteExecutor.java:142)&#xD;
	at com.kms.katalon.core.main.TestSuiteExecutor.execute(TestSuiteExecutor.java:91)&#xD;
	at com.kms.katalon.core.main.TestCaseMain.startTestSuite(TestCaseMain.java:157)&#xD;
	at com.kms.katalon.core.main.TestCaseMain$startTestSuite$0.call(Unknown Source)&#xD;
	at TempTestSuite1606281645351.run(TempTestSuite1606281645351.groovy:35)&#xD;
Caused by: com.kms.katalon.core.webui.exception.WebElementNotFoundException: Web element with id: 'Object Repository/Generic/webObjectWithText' located by 'By.xpath: //*[contains(text(),'map_intent')]' not found&#xD;
	at com.kms.katalon.core.webui.common.WebUiCommonHelper.findWebElement(WebUiCommonHelper.java:1097)&#xD;
	at com.kms.katalon.core.webui.common.WebUiCommonHelper$findWebElement.call(Unknown Source)&#xD;
	at platform.Method.clickOnElement(Method.groovy:32)&#xD;
	... 16 more&#xD;
&#xD;
&#xD;
2020-11-25 10:53:36 - [TEST_STEP][ERROR] - platform.Method.clickOnElement(findTestObject("Generic/webObjectWithText", ["textValue":"map_intent"])): com.kms.katalon.core.webui.exception.WebElementNotFoundException: Web element with id: 'Object Repository/Generic/webObjectWithText' located by 'By.xpath: //*[contains(text(),'map_intent')]' not found&#xD;
&#xD;
2020-11-25 10:53:43 - [MESSAGE][INFO] - Unable to find the element located by 'By.xpath: //*[contains(text(),'map_intent')]'. Please recheck the objects properties to make sure the desired element is located. &#xD;
&#xD;
2020-11-25 10:53:43 - [MESSAGE][ERROR] - com.kms.katalon.core.webui.exception.WebElementNotFoundException: Web element with id: 'Object Repository/Generic/webObjectWithText' located by 'By.xpath: //*[contains(text(),'map_intent')]' not found</system-out>
            <system-err>2020-11-25 10:53:36 - [TEST_CASE][ERROR] - Test Cases/Sprint/v4.4/mapLocationLinkToSlots_Test: Test Cases/Sprint/v4.4/mapLocationLinkToSlots_Test FAILED.
Reason:
org.codehaus.groovy.runtime.InvokerInvocationException: com.kms.katalon.core.webui.exception.WebElementNotFoundException: Web element with id: 'Object Repository/Generic/webObjectWithText' located by 'By.xpath: //*[contains(text(),'map_intent')]' not found&#xD;
	at platform.Method.invokeMethod(Method.groovy)&#xD;
	at com.kms.katalon.core.main.CustomKeywordDelegatingMetaClass.invokeStaticMethod(CustomKeywordDelegatingMetaClass.java:50)&#xD;
	at mapLocationLinkToSlots_Test.run(mapLocationLinkToSlots_Test:10)&#xD;
	at com.kms.katalon.core.main.ScriptEngine.run(ScriptEngine.java:194)&#xD;
	at com.kms.katalon.core.main.ScriptEngine.runScriptAsRawText(ScriptEngine.java:119)&#xD;
	at com.kms.katalon.core.main.TestCaseExecutor.runScript(TestCaseExecutor.java:337)&#xD;
	at com.kms.katalon.core.main.TestCaseExecutor.doExecute(TestCaseExecutor.java:328)&#xD;
	at com.kms.katalon.core.main.TestCaseExecutor.processExecutionPhase(TestCaseExecutor.java:307)&#xD;
	at com.kms.katalon.core.main.TestCaseExecutor.accessMainPhase(TestCaseExecutor.java:299)&#xD;
	at com.kms.katalon.core.main.TestCaseExecutor.execute(TestCaseExecutor.java:233)&#xD;
	at com.kms.katalon.core.main.TestSuiteExecutor.accessTestCaseMainPhase(TestSuiteExecutor.java:169)&#xD;
	at com.kms.katalon.core.main.TestSuiteExecutor.accessTestSuiteMainPhase(TestSuiteExecutor.java:142)&#xD;
	at com.kms.katalon.core.main.TestSuiteExecutor.execute(TestSuiteExecutor.java:91)&#xD;
	at com.kms.katalon.core.main.TestCaseMain.startTestSuite(TestCaseMain.java:157)&#xD;
	at com.kms.katalon.core.main.TestCaseMain$startTestSuite$0.call(Unknown Source)&#xD;
	at TempTestSuite1606281645351.run(TempTestSuite1606281645351.groovy:35)&#xD;
Caused by: com.kms.katalon.core.webui.exception.WebElementNotFoundException: Web element with id: 'Object Repository/Generic/webObjectWithText' located by 'By.xpath: //*[contains(text(),'map_intent')]' not found&#xD;
	at com.kms.katalon.core.webui.common.WebUiCommonHelper.findWebElement(WebUiCommonHelper.java:1097)&#xD;
	at com.kms.katalon.core.webui.common.WebUiCommonHelper$findWebElement.call(Unknown Source)&#xD;
	at platform.Method.clickOnElement(Method.groovy:32)&#xD;
	... 16 more</system-err>
        </testcase>
        <testcase name="Test Cases/Sprint/v4.4/freeformEntityCreation_Test" classname="Test Cases/Sprint/v4.4/freeformEntityCreation_Test" status="FAILED">
            <failure type="FAILED" message="Test Cases/Sprint/v4.4/freeformEntityCreation_Test FAILED.&#xA;Reason:&#xA;Assertion failed: &#xA;&#xA;assert mapElement.getText().contentEquals('freeform org') == true // check if the entity is successfully created or not&#xA;       |          |         |                             |&#xA;       |          &quot;&quot;        false                         false&#xA;       [[CChromeDriver: chrome on WINDOWS (0978eff6d8c5d75b82f418e3658a8c91)] -&gt; xpath: //tbody/tr/td[1]//div[starts-with(@class,'textVal')]]&#xA;&#xD;&#xA;&#x9;at freeformEntityCreation_Test.run(freeformEntityCreation_Test:32)&#xD;&#xA;&#x9;at com.kms.katalon.core.main.ScriptEngine.run(ScriptEngine.java:194)&#xD;&#xA;&#x9;at com.kms.katalon.core.main.ScriptEngine.runScriptAsRawText(ScriptEngine.java:119)&#xD;&#xA;&#x9;at com.kms.katalon.core.main.TestCaseExecutor.runScript(TestCaseExecutor.java:337)&#xD;&#xA;&#x9;at com.kms.katalon.core.main.TestCaseExecutor.doExecute(TestCaseExecutor.java:328)&#xD;&#xA;&#x9;at com.kms.katalon.core.main.TestCaseExecutor.processExecutionPhase(TestCaseExecutor.java:307)&#xD;&#xA;&#x9;at com.kms.katalon.core.main.TestCaseExecutor.accessMainPhase(TestCaseExecutor.java:299)&#xD;&#xA;&#x9;at com.kms.katalon.core.main.TestCaseExecutor.execute(TestCaseExecutor.java:233)&#xD;&#xA;&#x9;at com.kms.katalon.core.main.TestSuiteExecutor.accessTestCaseMainPhase(TestSuiteExecutor.java:169)&#xD;&#xA;&#x9;at com.kms.katalon.core.main.TestSuiteExecutor.accessTestSuiteMainPhase(TestSuiteExecutor.java:142)&#xD;&#xA;&#x9;at com.kms.katalon.core.main.TestSuiteExecutor.execute(TestSuiteExecutor.java:91)&#xD;&#xA;&#x9;at com.kms.katalon.core.main.TestCaseMain.startTestSuite(TestCaseMain.java:157)&#xD;&#xA;&#x9;at com.kms.katalon.core.main.TestCaseMain$startTestSuite$0.call(Unknown Source)&#xD;&#xA;&#x9;at TempTestSuite1606281645351.run(TempTestSuite1606281645351.groovy:35)&#xD;&#xA;"/>
            <system-out>2020-11-25 10:53:43 - [TEST_CASE][FAILED] - Test Cases/Sprint/v4.4/freeformEntityCreation_Test: Test Cases/Sprint/v4.4/freeformEntityCreation_Test FAILED.
Reason:
Assertion failed: 

assert mapElement.getText().contentEquals('freeform org') == true // check if the entity is successfully created or not
       |          |         |                             |
       |          ""        false                         false
       [[CChromeDriver: chrome on WINDOWS (0978eff6d8c5d75b82f418e3658a8c91)] -&gt; xpath: //tbody/tr/td[1]//div[starts-with(@class,'textVal')]]
&#xD;
	at freeformEntityCreation_Test.run(freeformEntityCreation_Test:32)&#xD;
	at com.kms.katalon.core.main.ScriptEngine.run(ScriptEngine.java:194)&#xD;
	at com.kms.katalon.core.main.ScriptEngine.runScriptAsRawText(ScriptEngine.java:119)&#xD;
	at com.kms.katalon.core.main.TestCaseExecutor.runScript(TestCaseExecutor.java:337)&#xD;
	at com.kms.katalon.core.main.TestCaseExecutor.doExecute(TestCaseExecutor.java:328)&#xD;
	at com.kms.katalon.core.main.TestCaseExecutor.processExecutionPhase(TestCaseExecutor.java:307)&#xD;
	at com.kms.katalon.core.main.TestCaseExecutor.accessMainPhase(TestCaseExecutor.java:299)&#xD;
	at com.kms.katalon.core.main.TestCaseExecutor.execute(TestCaseExecutor.java:233)&#xD;
	at com.kms.katalon.core.main.TestSuiteExecutor.accessTestCaseMainPhase(TestSuiteExecutor.java:169)&#xD;
	at com.kms.katalon.core.main.TestSuiteExecutor.accessTestSuiteMainPhase(TestSuiteExecutor.java:142)&#xD;
	at com.kms.katalon.core.main.TestSuiteExecutor.execute(TestSuiteExecutor.java:91)&#xD;
	at com.kms.katalon.core.main.TestCaseMain.startTestSuite(TestCaseMain.java:157)&#xD;
	at com.kms.katalon.core.main.TestCaseMain$startTestSuite$0.call(Unknown Source)&#xD;
	at TempTestSuite1606281645351.run(TempTestSuite1606281645351.groovy:35)&#xD;
&#xD;
&#xD;
2020-11-25 10:53:44 - [TEST_STEP][PASSED] - platform.Method.clickOnElement(findTestObject("Generic/training")): platform.Method.clickOnElement is PASSED&#xD;
&#xD;
2020-11-25 10:53:47 - [MESSAGE][PASSED] - platform.Method.clickOnElement is PASSED&#xD;
&#xD;
2020-11-25 10:53:47 - [TEST_STEP][PASSED] - testData = findTestData("Data Files/testData_Task"): null&#xD;
&#xD;
2020-11-25 10:53:47 - [TEST_STEP][PASSED] - platform.Method.clickOnElement(findTestObject("Generic/webObjectWithText", ["textValue":"Entities"])): platform.Method.clickOnElement is PASSED&#xD;
&#xD;
2020-11-25 10:53:49 - [MESSAGE][PASSED] - platform.Method.clickOnElement is PASSED&#xD;
&#xD;
2020-11-25 10:53:49 - [TEST_STEP][PASSED] - comment(" *** SCENARIO 1 STARTED ***"):  *** SCENARIO 1 STARTED ***&#xD;
&#xD;
2020-11-25 10:53:49 - [MESSAGE][INFO] -  *** SCENARIO 1 STARTED ***&#xD;
&#xD;
2020-11-25 10:53:49 - [TEST_STEP][PASSED] - platform.Method.clickOnElement(findTestObject("Button/createEntity")): platform.Method.clickOnElement is PASSED&#xD;
&#xD;
2020-11-25 10:53:53 - [MESSAGE][PASSED] - platform.Method.clickOnElement is PASSED&#xD;
&#xD;
2020-11-25 10:53:53 - [TEST_STEP][PASSED] - platform.Training.createEntity(testData.getValue("freeform_entity", 1), " Free form ", null): platform.Training.createEntity is PASSED&#xD;
&#xD;
2020-11-25 10:53:56 - [MESSAGE][PASSED] - Keys 'freeform org' sent to object: 'Object Repository/Input/entityName'&#xD;
&#xD;
2020-11-25 10:53:58 - [MESSAGE][INFO] - Entity Type:  Free form &#xD;
&#xD;
2020-11-25 10:54:02 - [MESSAGE][PASSED] - platform.Training.createEntity is PASSED&#xD;
&#xD;
2020-11-25 10:54:02 - [TEST_STEP][PASSED] - waitForElementPresent(findTestObject("ICONS/toastMsg"), 20, CONTINUE_ON_FAILURE): Object 'Object Repository/ICONS/toastMsg' is present&#xD;
&#xD;
2020-11-25 10:54:04 - [MESSAGE][PASSED] - Object 'Object Repository/ICONS/toastMsg' is present&#xD;
&#xD;
2020-11-25 10:54:04 - [TEST_STEP][PASSED] - comment(" *** VALIDATION --&gt; ENTITY CREATION CHECK ***"):  *** VALIDATION --&gt; ENTITY CREATION CHECK ***&#xD;
&#xD;
2020-11-25 10:54:04 - [MESSAGE][INFO] -  *** VALIDATION --&gt; ENTITY CREATION CHECK ***&#xD;
&#xD;
2020-11-25 10:54:04 - [TEST_STEP][PASSED] - mapElement = findWebElements(findTestObject("GenericII/listOfEntityNames"), 5).get(0): null&#xD;
&#xD;
2020-11-25 10:54:05 - [TEST_STEP][PASSED] - assert getText().contentEquals("freeform org") == true: null</system-out>
            <system-err>2020-11-25 10:53:43 - [TEST_CASE][FAILED] - Test Cases/Sprint/v4.4/freeformEntityCreation_Test: Test Cases/Sprint/v4.4/freeformEntityCreation_Test FAILED.
Reason:
Assertion failed: 

assert mapElement.getText().contentEquals('freeform org') == true // check if the entity is successfully created or not
       |          |         |                             |
       |          ""        false                         false
       [[CChromeDriver: chrome on WINDOWS (0978eff6d8c5d75b82f418e3658a8c91)] -&gt; xpath: //tbody/tr/td[1]//div[starts-with(@class,'textVal')]]
&#xD;
	at freeformEntityCreation_Test.run(freeformEntityCreation_Test:32)&#xD;
	at com.kms.katalon.core.main.ScriptEngine.run(ScriptEngine.java:194)&#xD;
	at com.kms.katalon.core.main.ScriptEngine.runScriptAsRawText(ScriptEngine.java:119)&#xD;
	at com.kms.katalon.core.main.TestCaseExecutor.runScript(TestCaseExecutor.java:337)&#xD;
	at com.kms.katalon.core.main.TestCaseExecutor.doExecute(TestCaseExecutor.java:328)&#xD;
	at com.kms.katalon.core.main.TestCaseExecutor.processExecutionPhase(TestCaseExecutor.java:307)&#xD;
	at com.kms.katalon.core.main.TestCaseExecutor.accessMainPhase(TestCaseExecutor.java:299)&#xD;
	at com.kms.katalon.core.main.TestCaseExecutor.execute(TestCaseExecutor.java:233)&#xD;
	at com.kms.katalon.core.main.TestSuiteExecutor.accessTestCaseMainPhase(TestSuiteExecutor.java:169)&#xD;
	at com.kms.katalon.core.main.TestSuiteExecutor.accessTestSuiteMainPhase(TestSuiteExecutor.java:142)&#xD;
	at com.kms.katalon.core.main.TestSuiteExecutor.execute(TestSuiteExecutor.java:91)&#xD;
	at com.kms.katalon.core.main.TestCaseMain.startTestSuite(TestCaseMain.java:157)&#xD;
	at com.kms.katalon.core.main.TestCaseMain$startTestSuite$0.call(Unknown Source)&#xD;
	at TempTestSuite1606281645351.run(TempTestSuite1606281645351.groovy:35)</system-err>
        </testcase>
        <testcase name="Test Cases/Sprint/v4.4/freeformEntityTaggingInIntent_Test" classname="Test Cases/Sprint/v4.4/freeformEntityTaggingInIntent_Test" status="ERROR">
            <error type="ERROR" message="Test Cases/Sprint/v4.4/freeformEntityTaggingInIntent_Test FAILED.&#xA;Reason:&#xA;com.kms.katalon.core.webui.exception.WebElementNotFoundException: Web element with id: 'Object Repository/Slots/listOfUtterance' located by 'By.xpath: //div[@class='utter']' not found&#xD;&#xA;&#x9;at com.kms.katalon.core.webui.common.WebUiCommonHelper.findWebElement(WebUiCommonHelper.java:1097)&#xD;&#xA;&#x9;at com.kms.katalon.core.webui.common.WebUiCommonHelper$findWebElement.call(Unknown Source)&#xD;&#xA;&#x9;at freeformEntityTaggingInIntent_Test.run(freeformEntityTaggingInIntent_Test:26)&#xD;&#xA;&#x9;at com.kms.katalon.core.main.ScriptEngine.run(ScriptEngine.java:194)&#xD;&#xA;&#x9;at com.kms.katalon.core.main.ScriptEngine.runScriptAsRawText(ScriptEngine.java:119)&#xD;&#xA;&#x9;at com.kms.katalon.core.main.TestCaseExecutor.runScript(TestCaseExecutor.java:337)&#xD;&#xA;&#x9;at com.kms.katalon.core.main.TestCaseExecutor.doExecute(TestCaseExecutor.java:328)&#xD;&#xA;&#x9;at com.kms.katalon.core.main.TestCaseExecutor.processExecutionPhase(TestCaseExecutor.java:307)&#xD;&#xA;&#x9;at com.kms.katalon.core.main.TestCaseExecutor.accessMainPhase(TestCaseExecutor.java:299)&#xD;&#xA;&#x9;at com.kms.katalon.core.main.TestCaseExecutor.execute(TestCaseExecutor.java:233)&#xD;&#xA;&#x9;at com.kms.katalon.core.main.TestSuiteExecutor.accessTestCaseMainPhase(TestSuiteExecutor.java:169)&#xD;&#xA;&#x9;at com.kms.katalon.core.main.TestSuiteExecutor.accessTestSuiteMainPhase(TestSuiteExecutor.java:142)&#xD;&#xA;&#x9;at com.kms.katalon.core.main.TestSuiteExecutor.execute(TestSuiteExecutor.java:91)&#xD;&#xA;&#x9;at com.kms.katalon.core.main.TestCaseMain.startTestSuite(TestCaseMain.java:157)&#xD;&#xA;&#x9;at com.kms.katalon.core.main.TestCaseMain$startTestSuite$0.call(Unknown Source)&#xD;&#xA;&#x9;at TempTestSuite1606281645351.run(TempTestSuite1606281645351.groovy:35)&#xD;&#xA;"/>
            <system-out>2020-11-25 10:54:06 - [TEST_CASE][ERROR] - Test Cases/Sprint/v4.4/freeformEntityTaggingInIntent_Test: Test Cases/Sprint/v4.4/freeformEntityTaggingInIntent_Test FAILED.
Reason:
com.kms.katalon.core.webui.exception.WebElementNotFoundException: Web element with id: 'Object Repository/Slots/listOfUtterance' located by 'By.xpath: //div[@class='utter']' not found&#xD;
	at com.kms.katalon.core.webui.common.WebUiCommonHelper.findWebElement(WebUiCommonHelper.java:1097)&#xD;
	at com.kms.katalon.core.webui.common.WebUiCommonHelper$findWebElement.call(Unknown Source)&#xD;
	at freeformEntityTaggingInIntent_Test.run(freeformEntityTaggingInIntent_Test:26)&#xD;
	at com.kms.katalon.core.main.ScriptEngine.run(ScriptEngine.java:194)&#xD;
	at com.kms.katalon.core.main.ScriptEngine.runScriptAsRawText(ScriptEngine.java:119)&#xD;
	at com.kms.katalon.core.main.TestCaseExecutor.runScript(TestCaseExecutor.java:337)&#xD;
	at com.kms.katalon.core.main.TestCaseExecutor.doExecute(TestCaseExecutor.java:328)&#xD;
	at com.kms.katalon.core.main.TestCaseExecutor.processExecutionPhase(TestCaseExecutor.java:307)&#xD;
	at com.kms.katalon.core.main.TestCaseExecutor.accessMainPhase(TestCaseExecutor.java:299)&#xD;
	at com.kms.katalon.core.main.TestCaseExecutor.execute(TestCaseExecutor.java:233)&#xD;
	at com.kms.katalon.core.main.TestSuiteExecutor.accessTestCaseMainPhase(TestSuiteExecutor.java:169)&#xD;
	at com.kms.katalon.core.main.TestSuiteExecutor.accessTestSuiteMainPhase(TestSuiteExecutor.java:142)&#xD;
	at com.kms.katalon.core.main.TestSuiteExecutor.execute(TestSuiteExecutor.java:91)&#xD;
	at com.kms.katalon.core.main.TestCaseMain.startTestSuite(TestCaseMain.java:157)&#xD;
	at com.kms.katalon.core.main.TestCaseMain$startTestSuite$0.call(Unknown Source)&#xD;
	at TempTestSuite1606281645351.run(TempTestSuite1606281645351.groovy:35)&#xD;
&#xD;
&#xD;
2020-11-25 10:54:07 - [TEST_STEP][PASSED] - platform.Method.clickOnElement(findTestObject("Generic/training")): platform.Method.clickOnElement is PASSED&#xD;
&#xD;
2020-11-25 10:54:09 - [MESSAGE][PASSED] - platform.Method.clickOnElement is PASSED&#xD;
&#xD;
2020-11-25 10:54:09 - [TEST_STEP][PASSED] - testData = findTestData("Data Files/testData_Task"): null&#xD;
&#xD;
2020-11-25 10:54:09 - [TEST_STEP][PASSED] - refresh(): Refresh successfully&#xD;
&#xD;
2020-11-25 10:54:10 - [MESSAGE][PASSED] - Refresh successfully&#xD;
&#xD;
2020-11-25 10:54:10 - [TEST_STEP][PASSED] - waitForElementVisible(findTestObject("Button/createIntent"), 40, STOP_ON_FAILURE): Object 'Object Repository/Button/createIntent' is visible&#xD;
&#xD;
2020-11-25 10:54:26 - [MESSAGE][PASSED] - Object 'Object Repository/Button/createIntent' is visible&#xD;
&#xD;
2020-11-25 10:54:26 - [TEST_STEP][PASSED] - comment(" *** SCENARIO 1 STARTED *** "):  *** SCENARIO 1 STARTED *** &#xD;
&#xD;
2020-11-25 10:54:26 - [MESSAGE][INFO] -  *** SCENARIO 1 STARTED *** &#xD;
&#xD;
2020-11-25 10:54:26 - [TEST_STEP][PASSED] - platform.Training.addSingleUtterance(testData.getValue("freeform_utterance", 1)): platform.Training.addSingleUtterance is PASSED&#xD;
&#xD;
2020-11-25 10:54:31 - [MESSAGE][PASSED] - Keys 'freeform test' sent to object: 'Object Repository/Input/utterance'&#xD;
&#xD;
2020-11-25 10:54:34 - [MESSAGE][PASSED] - platform.Training.addSingleUtterance is PASSED&#xD;
&#xD;
2020-11-25 10:54:34 - [TEST_STEP][PASSED] - element = findWebElement(findTestObject("Slots/listOfUtterance"), 5): Unable to find the element located by 'By.xpath: //div[@class='utter']'. Please recheck the objects properties to make sure the desired element is located. &#xD;
&#xD;
2020-11-25 10:54:40 - [MESSAGE][INFO] - Unable to find the element located by 'By.xpath: //div[@class='utter']'. Please recheck the objects properties to make sure the desired element is located.</system-out>
            <system-err>2020-11-25 10:54:06 - [TEST_CASE][ERROR] - Test Cases/Sprint/v4.4/freeformEntityTaggingInIntent_Test: Test Cases/Sprint/v4.4/freeformEntityTaggingInIntent_Test FAILED.
Reason:
com.kms.katalon.core.webui.exception.WebElementNotFoundException: Web element with id: 'Object Repository/Slots/listOfUtterance' located by 'By.xpath: //div[@class='utter']' not found&#xD;
	at com.kms.katalon.core.webui.common.WebUiCommonHelper.findWebElement(WebUiCommonHelper.java:1097)&#xD;
	at com.kms.katalon.core.webui.common.WebUiCommonHelper$findWebElement.call(Unknown Source)&#xD;
	at freeformEntityTaggingInIntent_Test.run(freeformEntityTaggingInIntent_Test:26)&#xD;
	at com.kms.katalon.core.main.ScriptEngine.run(ScriptEngine.java:194)&#xD;
	at com.kms.katalon.core.main.ScriptEngine.runScriptAsRawText(ScriptEngine.java:119)&#xD;
	at com.kms.katalon.core.main.TestCaseExecutor.runScript(TestCaseExecutor.java:337)&#xD;
	at com.kms.katalon.core.main.TestCaseExecutor.doExecute(TestCaseExecutor.java:328)&#xD;
	at com.kms.katalon.core.main.TestCaseExecutor.processExecutionPhase(TestCaseExecutor.java:307)&#xD;
	at com.kms.katalon.core.main.TestCaseExecutor.accessMainPhase(TestCaseExecutor.java:299)&#xD;
	at com.kms.katalon.core.main.TestCaseExecutor.execute(TestCaseExecutor.java:233)&#xD;
	at com.kms.katalon.core.main.TestSuiteExecutor.accessTestCaseMainPhase(TestSuiteExecutor.java:169)&#xD;
	at com.kms.katalon.core.main.TestSuiteExecutor.accessTestSuiteMainPhase(TestSuiteExecutor.java:142)&#xD;
	at com.kms.katalon.core.main.TestSuiteExecutor.execute(TestSuiteExecutor.java:91)&#xD;
	at com.kms.katalon.core.main.TestCaseMain.startTestSuite(TestCaseMain.java:157)&#xD;
	at com.kms.katalon.core.main.TestCaseMain$startTestSuite$0.call(Unknown Source)&#xD;
	at TempTestSuite1606281645351.run(TempTestSuite1606281645351.groovy:35)</system-err>
        </testcase>
        <testcase name="Test Cases/Sprint/v4.4/freeformLinkToSlots_Test" classname="Test Cases/Sprint/v4.4/freeformLinkToSlots_Test" status="ERROR">
            <error type="ERROR" message="Test Cases/Sprint/v4.4/freeformLinkToSlots_Test FAILED.&#xA;Reason:&#xA;org.codehaus.groovy.runtime.InvokerInvocationException: com.kms.katalon.core.webui.exception.WebElementNotFoundException: Web element with id: 'Object Repository/Generic/webObjectWithText' located by 'By.xpath: //*[contains(text(),'freeform_test')]' not found&#xD;&#xA;&#x9;at platform.Method.invokeMethod(Method.groovy)&#xD;&#xA;&#x9;at com.kms.katalon.core.main.CustomKeywordDelegatingMetaClass.invokeStaticMethod(CustomKeywordDelegatingMetaClass.java:50)&#xD;&#xA;&#x9;at freeformLinkToSlots_Test.run(freeformLinkToSlots_Test:20)&#xD;&#xA;&#x9;at com.kms.katalon.core.main.ScriptEngine.run(ScriptEngine.java:194)&#xD;&#xA;&#x9;at com.kms.katalon.core.main.ScriptEngine.runScriptAsRawText(ScriptEngine.java:119)&#xD;&#xA;&#x9;at com.kms.katalon.core.main.TestCaseExecutor.runScript(TestCaseExecutor.java:337)&#xD;&#xA;&#x9;at com.kms.katalon.core.main.TestCaseExecutor.doExecute(TestCaseExecutor.java:328)&#xD;&#xA;&#x9;at com.kms.katalon.core.main.TestCaseExecutor.processExecutionPhase(TestCaseExecutor.java:307)&#xD;&#xA;&#x9;at com.kms.katalon.core.main.TestCaseExecutor.accessMainPhase(TestCaseExecutor.java:299)&#xD;&#xA;&#x9;at com.kms.katalon.core.main.TestCaseExecutor.execute(TestCaseExecutor.java:233)&#xD;&#xA;&#x9;at com.kms.katalon.core.main.TestSuiteExecutor.accessTestCaseMainPhase(TestSuiteExecutor.java:169)&#xD;&#xA;&#x9;at com.kms.katalon.core.main.TestSuiteExecutor.accessTestSuiteMainPhase(TestSuiteExecutor.java:142)&#xD;&#xA;&#x9;at com.kms.katalon.core.main.TestSuiteExecutor.execute(TestSuiteExecutor.java:91)&#xD;&#xA;&#x9;at com.kms.katalon.core.main.TestCaseMain.startTestSuite(TestCaseMain.java:157)&#xD;&#xA;&#x9;at com.kms.katalon.core.main.TestCaseMain$startTestSuite$0.call(Unknown Source)&#xD;&#xA;&#x9;at TempTestSuite1606281645351.run(TempTestSuite1606281645351.groovy:35)&#xD;&#xA;Caused by: com.kms.katalon.core.webui.exception.WebElementNotFoundException: Web element with id: 'Object Repository/Generic/webObjectWithText' located by 'By.xpath: //*[contains(text(),'freeform_test')]' not found&#xD;&#xA;&#x9;at com.kms.katalon.core.webui.common.WebUiCommonHelper.findWebElement(WebUiCommonHelper.java:1097)&#xD;&#xA;&#x9;at com.kms.katalon.core.webui.common.WebUiCommonHelper$findWebElement.call(Unknown Source)&#xD;&#xA;&#x9;at platform.Method.clickOnElement(Method.groovy:32)&#xD;&#xA;&#x9;... 16 more&#xD;&#xA;"/>
            <system-out>2020-11-25 10:54:40 - [TEST_CASE][ERROR] - Test Cases/Sprint/v4.4/freeformLinkToSlots_Test: Test Cases/Sprint/v4.4/freeformLinkToSlots_Test FAILED.
Reason:
org.codehaus.groovy.runtime.InvokerInvocationException: com.kms.katalon.core.webui.exception.WebElementNotFoundException: Web element with id: 'Object Repository/Generic/webObjectWithText' located by 'By.xpath: //*[contains(text(),'freeform_test')]' not found&#xD;
	at platform.Method.invokeMethod(Method.groovy)&#xD;
	at com.kms.katalon.core.main.CustomKeywordDelegatingMetaClass.invokeStaticMethod(CustomKeywordDelegatingMetaClass.java:50)&#xD;
	at freeformLinkToSlots_Test.run(freeformLinkToSlots_Test:20)&#xD;
	at com.kms.katalon.core.main.ScriptEngine.run(ScriptEngine.java:194)&#xD;
	at com.kms.katalon.core.main.ScriptEngine.runScriptAsRawText(ScriptEngine.java:119)&#xD;
	at com.kms.katalon.core.main.TestCaseExecutor.runScript(TestCaseExecutor.java:337)&#xD;
	at com.kms.katalon.core.main.TestCaseExecutor.doExecute(TestCaseExecutor.java:328)&#xD;
	at com.kms.katalon.core.main.TestCaseExecutor.processExecutionPhase(TestCaseExecutor.java:307)&#xD;
	at com.kms.katalon.core.main.TestCaseExecutor.accessMainPhase(TestCaseExecutor.java:299)&#xD;
	at com.kms.katalon.core.main.TestCaseExecutor.execute(TestCaseExecutor.java:233)&#xD;
	at com.kms.katalon.core.main.TestSuiteExecutor.accessTestCaseMainPhase(TestSuiteExecutor.java:169)&#xD;
	at com.kms.katalon.core.main.TestSuiteExecutor.accessTestSuiteMainPhase(TestSuiteExecutor.java:142)&#xD;
	at com.kms.katalon.core.main.TestSuiteExecutor.execute(TestSuiteExecutor.java:91)&#xD;
	at com.kms.katalon.core.main.TestCaseMain.startTestSuite(TestCaseMain.java:157)&#xD;
	at com.kms.katalon.core.main.TestCaseMain$startTestSuite$0.call(Unknown Source)&#xD;
	at TempTestSuite1606281645351.run(TempTestSuite1606281645351.groovy:35)&#xD;
Caused by: com.kms.katalon.core.webui.exception.WebElementNotFoundException: Web element with id: 'Object Repository/Generic/webObjectWithText' located by 'By.xpath: //*[contains(text(),'freeform_test')]' not found&#xD;
	at com.kms.katalon.core.webui.common.WebUiCommonHelper.findWebElement(WebUiCommonHelper.java:1097)&#xD;
	at com.kms.katalon.core.webui.common.WebUiCommonHelper$findWebElement.call(Unknown Source)&#xD;
	at platform.Method.clickOnElement(Method.groovy:32)&#xD;
	... 16 more&#xD;
&#xD;
&#xD;
2020-11-25 10:54:42 - [TEST_STEP][ERROR] - platform.Method.clickOnElement(findTestObject("Generic/webObjectWithText", ["textValue":"freeform_test"])): com.kms.katalon.core.webui.exception.WebElementNotFoundException: Web element with id: 'Object Repository/Generic/webObjectWithText' located by 'By.xpath: //*[contains(text(),'freeform_test')]' not found&#xD;
&#xD;
2020-11-25 10:54:48 - [MESSAGE][INFO] - Unable to find the element located by 'By.xpath: //*[contains(text(),'freeform_test')]'. Please recheck the objects properties to make sure the desired element is located. &#xD;
&#xD;
2020-11-25 10:54:48 - [MESSAGE][ERROR] - com.kms.katalon.core.webui.exception.WebElementNotFoundException: Web element with id: 'Object Repository/Generic/webObjectWithText' located by 'By.xpath: //*[contains(text(),'freeform_test')]' not found</system-out>
            <system-err>2020-11-25 10:54:40 - [TEST_CASE][ERROR] - Test Cases/Sprint/v4.4/freeformLinkToSlots_Test: Test Cases/Sprint/v4.4/freeformLinkToSlots_Test FAILED.
Reason:
org.codehaus.groovy.runtime.InvokerInvocationException: com.kms.katalon.core.webui.exception.WebElementNotFoundException: Web element with id: 'Object Repository/Generic/webObjectWithText' located by 'By.xpath: //*[contains(text(),'freeform_test')]' not found&#xD;
	at platform.Method.invokeMethod(Method.groovy)&#xD;
	at com.kms.katalon.core.main.CustomKeywordDelegatingMetaClass.invokeStaticMethod(CustomKeywordDelegatingMetaClass.java:50)&#xD;
	at freeformLinkToSlots_Test.run(freeformLinkToSlots_Test:20)&#xD;
	at com.kms.katalon.core.main.ScriptEngine.run(ScriptEngine.java:194)&#xD;
	at com.kms.katalon.core.main.ScriptEngine.runScriptAsRawText(ScriptEngine.java:119)&#xD;
	at com.kms.katalon.core.main.TestCaseExecutor.runScript(TestCaseExecutor.java:337)&#xD;
	at com.kms.katalon.core.main.TestCaseExecutor.doExecute(TestCaseExecutor.java:328)&#xD;
	at com.kms.katalon.core.main.TestCaseExecutor.processExecutionPhase(TestCaseExecutor.java:307)&#xD;
	at com.kms.katalon.core.main.TestCaseExecutor.accessMainPhase(TestCaseExecutor.java:299)&#xD;
	at com.kms.katalon.core.main.TestCaseExecutor.execute(TestCaseExecutor.java:233)&#xD;
	at com.kms.katalon.core.main.TestSuiteExecutor.accessTestCaseMainPhase(TestSuiteExecutor.java:169)&#xD;
	at com.kms.katalon.core.main.TestSuiteExecutor.accessTestSuiteMainPhase(TestSuiteExecutor.java:142)&#xD;
	at com.kms.katalon.core.main.TestSuiteExecutor.execute(TestSuiteExecutor.java:91)&#xD;
	at com.kms.katalon.core.main.TestCaseMain.startTestSuite(TestCaseMain.java:157)&#xD;
	at com.kms.katalon.core.main.TestCaseMain$startTestSuite$0.call(Unknown Source)&#xD;
	at TempTestSuite1606281645351.run(TempTestSuite1606281645351.groovy:35)&#xD;
Caused by: com.kms.katalon.core.webui.exception.WebElementNotFoundException: Web element with id: 'Object Repository/Generic/webObjectWithText' located by 'By.xpath: //*[contains(text(),'freeform_test')]' not found&#xD;
	at com.kms.katalon.core.webui.common.WebUiCommonHelper.findWebElement(WebUiCommonHelper.java:1097)&#xD;
	at com.kms.katalon.core.webui.common.WebUiCommonHelper$findWebElement.call(Unknown Source)&#xD;
	at platform.Method.clickOnElement(Method.groovy:32)&#xD;
	... 16 more</system-err>
        </testcase>
        <testcase name="Test Cases/Sprint/v4.4/verifyFreeformPreview" classname="Test Cases/Sprint/v4.4/verifyFreeformPreview" status="FAILED">
            <failure type="FAILED" message="Test Cases/Sprint/v4.4/verifyFreeformPreview FAILED.&#xA;Reason:&#xA;com.kms.katalon.core.exception.StepFailedException: Actual text 'Sorry, I am unable to understand your message. Could you please rephrase it?' and expected text 'Please enter a freeform content' of test object 'Object Repository/Generic/botReponse' are NOT matched. (Root cause: com.kms.katalon.core.exception.StepFailedException: Actual text 'Sorry, I am unable to understand your message. Could you please rephrase it?' and expected text 'Please enter a freeform content' of test object 'Object Repository/Generic/botReponse' are NOT matched.&#xD;&#xA;&#x9;at com.kms.katalon.core.webui.keyword.internal.WebUIKeywordMain.stepFailed(WebUIKeywordMain.groovy:64)&#xD;&#xA;&#x9;at com.kms.katalon.core.webui.keyword.builtin.VerifyElementTextKeyword$_verifyElementText_closure1.doCall(VerifyElementTextKeyword.groovy:57)&#xD;&#xA;&#x9;at com.kms.katalon.core.webui.keyword.builtin.VerifyElementTextKeyword$_verifyElementText_closure1.call(VerifyElementTextKeyword.groovy)&#xD;&#xA;&#x9;at com.kms.katalon.core.webui.keyword.internal.WebUIKeywordMain.runKeyword(WebUIKeywordMain.groovy:20)&#xD;&#xA;&#x9;at com.kms.katalon.core.webui.keyword.builtin.VerifyElementTextKeyword.verifyElementText(VerifyElementTextKeyword.groovy:72)&#xD;&#xA;&#x9;at com.kms.katalon.core.webui.keyword.builtin.VerifyElementTextKeyword.execute(VerifyElementTextKeyword.groovy:40)&#xD;&#xA;&#x9;at com.kms.katalon.core.keyword.internal.KeywordExecutor.executeKeywordForPlatform(KeywordExecutor.groovy:56)&#xD;&#xA;&#x9;at com.kms.katalon.core.webui.keyword.WebUiBuiltInKeywords.verifyElementText(WebUiBuiltInKeywords.groovy:3647)&#xD;&#xA;&#x9;at com.kms.katalon.core.webui.keyword.WebUiBuiltInKeywords$verifyElementText$5.call(Unknown Source)&#xD;&#xA;&#x9;at verifyFreeformPreview.run(verifyFreeformPreview:20)&#xD;&#xA;&#x9;at com.kms.katalon.core.main.ScriptEngine.run(ScriptEngine.java:194)&#xD;&#xA;&#x9;at com.kms.katalon.core.main.ScriptEngine.runScriptAsRawText(ScriptEngine.java:119)&#xD;&#xA;&#x9;at com.kms.katalon.core.main.TestCaseExecutor.runScript(TestCaseExecutor.java:337)&#xD;&#xA;&#x9;at com.kms.katalon.core.main.TestCaseExecutor.doExecute(TestCaseExecutor.java:328)&#xD;&#xA;&#x9;at com.kms.katalon.core.main.TestCaseExecutor.processExecutionPhase(TestCaseExecutor.java:307)&#xD;&#xA;&#x9;at com.kms.katalon.core.main.TestCaseExecutor.accessMainPhase(TestCaseExecutor.java:299)&#xD;&#xA;&#x9;at com.kms.katalon.core.main.TestCaseExecutor.execute(TestCaseExecutor.java:233)&#xD;&#xA;&#x9;at com.kms.katalon.core.main.TestSuiteExecutor.accessTestCaseMainPhase(TestSuiteExecutor.java:169)&#xD;&#xA;&#x9;at com.kms.katalon.core.main.TestSuiteExecutor.accessTestSuiteMainPhase(TestSuiteExecutor.java:142)&#xD;&#xA;&#x9;at com.kms.katalon.core.main.TestSuiteExecutor.execute(TestSuiteExecutor.java:91)&#xD;&#xA;&#x9;at com.kms.katalon.core.main.TestCaseMain.startTestSuite(TestCaseMain.java:157)&#xD;&#xA;&#x9;at com.kms.katalon.core.main.TestCaseMain$startTestSuite$0.call(Unknown Source)&#xD;&#xA;&#x9;at TempTestSuite1606281645351.run(TempTestSuite1606281645351.groovy:35)&#xD;&#xA;)&#xD;&#xA;&#x9;at com.kms.katalon.core.keyword.internal.KeywordMain.stepFailed(KeywordMain.groovy:39)&#xD;&#xA;&#x9;at com.kms.katalon.core.webui.keyword.internal.WebUIKeywordMain.stepFailed(WebUIKeywordMain.groovy:64)&#xD;&#xA;&#x9;at com.kms.katalon.core.webui.keyword.builtin.VerifyElementTextKeyword$_verifyElementText_closure1.doCall(VerifyElementTextKeyword.groovy:57)&#xD;&#xA;&#x9;at com.kms.katalon.core.webui.keyword.builtin.VerifyElementTextKeyword$_verifyElementText_closure1.call(VerifyElementTextKeyword.groovy)&#xD;&#xA;&#x9;at com.kms.katalon.core.webui.keyword.internal.WebUIKeywordMain.runKeyword(WebUIKeywordMain.groovy:20)&#xD;&#xA;&#x9;at com.kms.katalon.core.webui.keyword.builtin.VerifyElementTextKeyword.verifyElementText(VerifyElementTextKeyword.groovy:72)&#xD;&#xA;&#x9;at com.kms.katalon.core.webui.keyword.builtin.VerifyElementTextKeyword.execute(VerifyElementTextKeyword.groovy:40)&#xD;&#xA;&#x9;at com.kms.katalon.core.keyword.internal.KeywordExecutor.executeKeywordForPlatform(KeywordExecutor.groovy:56)&#xD;&#xA;&#x9;at com.kms.katalon.core.webui.keyword.WebUiBuiltInKeywords.verifyElementText(WebUiBuiltInKeywords.groovy:3647)&#xD;&#xA;&#x9;at com.kms.katalon.core.webui.keyword.WebUiBuiltInKeywords$verifyElementText$5.call(Unknown Source)&#xD;&#xA;&#x9;at verifyFreeformPreview.run(verifyFreeformPreview:20)&#xD;&#xA;&#x9;at com.kms.katalon.core.main.ScriptEngine.run(ScriptEngine.java:194)&#xD;&#xA;&#x9;at com.kms.katalon.core.main.ScriptEngine.runScriptAsRawText(ScriptEngine.java:119)&#xD;&#xA;&#x9;at com.kms.katalon.core.main.TestCaseExecutor.runScript(TestCaseExecutor.java:337)&#xD;&#xA;&#x9;at com.kms.katalon.core.main.TestCaseExecutor.doExecute(TestCaseExecutor.java:328)&#xD;&#xA;&#x9;at com.kms.katalon.core.main.TestCaseExecutor.processExecutionPhase(TestCaseExecutor.java:307)&#xD;&#xA;&#x9;at com.kms.katalon.core.main.TestCaseExecutor.accessMainPhase(TestCaseExecutor.java:299)&#xD;&#xA;&#x9;at com.kms.katalon.core.main.TestCaseExecutor.execute(TestCaseExecutor.java:233)&#xD;&#xA;&#x9;at com.kms.katalon.core.main.TestSuiteExecutor.accessTestCaseMainPhase(TestSuiteExecutor.java:169)&#xD;&#xA;&#x9;at com.kms.katalon.core.main.TestSuiteExecutor.accessTestSuiteMainPhase(TestSuiteExecutor.java:142)&#xD;&#xA;&#x9;at com.kms.katalon.core.main.TestSuiteExecutor.execute(TestSuiteExecutor.java:91)&#xD;&#xA;&#x9;at com.kms.katalon.core.main.TestCaseMain.startTestSuite(TestCaseMain.java:157)&#xD;&#xA;&#x9;at com.kms.katalon.core.main.TestCaseMain$startTestSuite$0.call(Unknown Source)&#xD;&#xA;&#x9;at TempTestSuite1606281645351.run(TempTestSuite1606281645351.groovy:35)&#xD;&#xA;Caused by: com.kms.katalon.core.exception.StepFailedException: Actual text 'Sorry, I am unable to understand your message. Could you please rephrase it?' and expected text 'Please enter a freeform content' of test object 'Object Repository/Generic/botReponse' are NOT matched.&#xD;&#xA;&#x9;... 23 more&#xD;&#xA;"/>
            <system-out>2020-11-25 10:54:48 - [TEST_CASE][FAILED] - Test Cases/Sprint/v4.4/verifyFreeformPreview: Test Cases/Sprint/v4.4/verifyFreeformPreview FAILED.
Reason:
com.kms.katalon.core.exception.StepFailedException: Actual text 'Sorry, I am unable to understand your message. Could you please rephrase it?' and expected text 'Please enter a freeform content' of test object 'Object Repository/Generic/botReponse' are NOT matched. (Root cause: com.kms.katalon.core.exception.StepFailedException: Actual text 'Sorry, I am unable to understand your message. Could you please rephrase it?' and expected text 'Please enter a freeform content' of test object 'Object Repository/Generic/botReponse' are NOT matched.&#xD;
	at com.kms.katalon.core.webui.keyword.internal.WebUIKeywordMain.stepFailed(WebUIKeywordMain.groovy:64)&#xD;
	at com.kms.katalon.core.webui.keyword.builtin.VerifyElementTextKeyword$_verifyElementText_closure1.doCall(VerifyElementTextKeyword.groovy:57)&#xD;
	at com.kms.katalon.core.webui.keyword.builtin.VerifyElementTextKeyword$_verifyElementText_closure1.call(VerifyElementTextKeyword.groovy)&#xD;
	at com.kms.katalon.core.webui.keyword.internal.WebUIKeywordMain.runKeyword(WebUIKeywordMain.groovy:20)&#xD;
	at com.kms.katalon.core.webui.keyword.builtin.VerifyElementTextKeyword.verifyElementText(VerifyElementTextKeyword.groovy:72)&#xD;
	at com.kms.katalon.core.webui.keyword.builtin.VerifyElementTextKeyword.execute(VerifyElementTextKeyword.groovy:40)&#xD;
	at com.kms.katalon.core.keyword.internal.KeywordExecutor.executeKeywordForPlatform(KeywordExecutor.groovy:56)&#xD;
	at com.kms.katalon.core.webui.keyword.WebUiBuiltInKeywords.verifyElementText(WebUiBuiltInKeywords.groovy:3647)&#xD;
	at com.kms.katalon.core.webui.keyword.WebUiBuiltInKeywords$verifyElementText$5.call(Unknown Source)&#xD;
	at verifyFreeformPreview.run(verifyFreeformPreview:20)&#xD;
	at com.kms.katalon.core.main.ScriptEngine.run(ScriptEngine.java:194)&#xD;
	at com.kms.katalon.core.main.ScriptEngine.runScriptAsRawText(ScriptEngine.java:119)&#xD;
	at com.kms.katalon.core.main.TestCaseExecutor.runScript(TestCaseExecutor.java:337)&#xD;
	at com.kms.katalon.core.main.TestCaseExecutor.doExecute(TestCaseExecutor.java:328)&#xD;
	at com.kms.katalon.core.main.TestCaseExecutor.processExecutionPhase(TestCaseExecutor.java:307)&#xD;
	at com.kms.katalon.core.main.TestCaseExecutor.accessMainPhase(TestCaseExecutor.java:299)&#xD;
	at com.kms.katalon.core.main.TestCaseExecutor.execute(TestCaseExecutor.java:233)&#xD;
	at com.kms.katalon.core.main.TestSuiteExecutor.accessTestCaseMainPhase(TestSuiteExecutor.java:169)&#xD;
	at com.kms.katalon.core.main.TestSuiteExecutor.accessTestSuiteMainPhase(TestSuiteExecutor.java:142)&#xD;
	at com.kms.katalon.core.main.TestSuiteExecutor.execute(TestSuiteExecutor.java:91)&#xD;
	at com.kms.katalon.core.main.TestCaseMain.startTestSuite(TestCaseMain.java:157)&#xD;
	at com.kms.katalon.core.main.TestCaseMain$startTestSuite$0.call(Unknown Source)&#xD;
	at TempTestSuite1606281645351.run(TempTestSuite1606281645351.groovy:35)&#xD;
)&#xD;
	at com.kms.katalon.core.keyword.internal.KeywordMain.stepFailed(KeywordMain.groovy:39)&#xD;
	at com.kms.katalon.core.webui.keyword.internal.WebUIKeywordMain.stepFailed(WebUIKeywordMain.groovy:64)&#xD;
	at com.kms.katalon.core.webui.keyword.builtin.VerifyElementTextKeyword$_verifyElementText_closure1.doCall(VerifyElementTextKeyword.groovy:57)&#xD;
	at com.kms.katalon.core.webui.keyword.builtin.VerifyElementTextKeyword$_verifyElementText_closure1.call(VerifyElementTextKeyword.groovy)&#xD;
	at com.kms.katalon.core.webui.keyword.internal.WebUIKeywordMain.runKeyword(WebUIKeywordMain.groovy:20)&#xD;
	at com.kms.katalon.core.webui.keyword.builtin.VerifyElementTextKeyword.verifyElementText(VerifyElementTextKeyword.groovy:72)&#xD;
	at com.kms.katalon.core.webui.keyword.builtin.VerifyElementTextKeyword.execute(VerifyElementTextKeyword.groovy:40)&#xD;
	at com.kms.katalon.core.keyword.internal.KeywordExecutor.executeKeywordForPlatform(KeywordExecutor.groovy:56)&#xD;
	at com.kms.katalon.core.webui.keyword.WebUiBuiltInKeywords.verifyElementText(WebUiBuiltInKeywords.groovy:3647)&#xD;
	at com.kms.katalon.core.webui.keyword.WebUiBuiltInKeywords$verifyElementText$5.call(Unknown Source)&#xD;
	at verifyFreeformPreview.run(verifyFreeformPreview:20)&#xD;
	at com.kms.katalon.core.main.ScriptEngine.run(ScriptEngine.java:194)&#xD;
	at com.kms.katalon.core.main.ScriptEngine.runScriptAsRawText(ScriptEngine.java:119)&#xD;
	at com.kms.katalon.core.main.TestCaseExecutor.runScript(TestCaseExecutor.java:337)&#xD;
	at com.kms.katalon.core.main.TestCaseExecutor.doExecute(TestCaseExecutor.java:328)&#xD;
	at com.kms.katalon.core.main.TestCaseExecutor.processExecutionPhase(TestCaseExecutor.java:307)&#xD;
	at com.kms.katalon.core.main.TestCaseExecutor.accessMainPhase(TestCaseExecutor.java:299)&#xD;
	at com.kms.katalon.core.main.TestCaseExecutor.execute(TestCaseExecutor.java:233)&#xD;
	at com.kms.katalon.core.main.TestSuiteExecutor.accessTestCaseMainPhase(TestSuiteExecutor.java:169)&#xD;
	at com.kms.katalon.core.main.TestSuiteExecutor.accessTestSuiteMainPhase(TestSuiteExecutor.java:142)&#xD;
	at com.kms.katalon.core.main.TestSuiteExecutor.execute(TestSuiteExecutor.java:91)&#xD;
	at com.kms.katalon.core.main.TestCaseMain.startTestSuite(TestCaseMain.java:157)&#xD;
	at com.kms.katalon.core.main.TestCaseMain$startTestSuite$0.call(Unknown Source)&#xD;
	at TempTestSuite1606281645351.run(TempTestSuite1606281645351.groovy:35)&#xD;
Caused by: com.kms.katalon.core.exception.StepFailedException: Actual text 'Sorry, I am unable to understand your message. Could you please rephrase it?' and expected text 'Please enter a freeform content' of test object 'Object Repository/Generic/botReponse' are NOT matched.&#xD;
	... 23 more&#xD;
&#xD;
&#xD;
2020-11-25 10:54:50 - [TEST_STEP][PASSED] - platform.Method.trainAndComment("Freeform intent trained"): platform.Method.trainAndComment is PASSED&#xD;
&#xD;
2020-11-25 10:54:56 - [MESSAGE][INFO] - Unable to find the element located by 'By.xpath: //mat-icon[text()='sync' or text()='autorenew']'. Please recheck the objects properties to make sure the desired element is located. &#xD;
&#xD;
2020-11-25 10:54:56 - [MESSAGE][INFO] - BOT STATE IS TRAINED&#xD;
&#xD;
2020-11-25 10:54:56 - [MESSAGE][PASSED] - platform.Method.trainAndComment is PASSED&#xD;
&#xD;
2020-11-25 10:54:56 - [TEST_STEP][PASSED] - verifyElementPresent(findTestObject("ICONS/toastMsg"), 30, OPTIONAL): Object 'Object Repository/ICONS/toastMsg' is present&#xD;
&#xD;
2020-11-25 10:54:57 - [MESSAGE][PASSED] - Object 'Object Repository/ICONS/toastMsg' is present&#xD;
&#xD;
2020-11-25 10:54:57 - [TEST_STEP][PASSED] - comment("*** SCENARIO 1 STARTED ***"): *** SCENARIO 1 STARTED ***&#xD;
&#xD;
2020-11-25 10:54:57 - [MESSAGE][INFO] - *** SCENARIO 1 STARTED ***&#xD;
&#xD;
2020-11-25 10:54:57 - [TEST_STEP][PASSED] - platform.Method.clickOnElement(findTestObject("Button/preview")): platform.Method.clickOnElement is PASSED&#xD;
&#xD;
2020-11-25 10:55:00 - [MESSAGE][PASSED] - platform.Method.clickOnElement is PASSED&#xD;
&#xD;
2020-11-25 10:55:00 - [TEST_STEP][PASSED] - waitForElementVisible(findTestObject("Input/chatInput"), 20, CONTINUE_ON_FAILURE): Object 'Object Repository/Input/chatInput' is visible&#xD;
&#xD;
2020-11-25 10:55:03 - [MESSAGE][PASSED] - Object 'Object Repository/Input/chatInput' is visible&#xD;
&#xD;
2020-11-25 10:55:03 - [TEST_STEP][PASSED] - sendKeys(findTestObject("Input/chatInput"), Keys.chord(userQuery, ENTER)): Keys 'ENTER + freeform test' sent to object: 'Object Repository/Input/chatInput'&#xD;
&#xD;
2020-11-25 10:55:05 - [MESSAGE][PASSED] - Keys 'ENTER + freeform test' sent to object: 'Object Repository/Input/chatInput'&#xD;
&#xD;
2020-11-25 10:55:05 - [TEST_STEP][PASSED] - waitForElementVisible(findTestObject("Generic/botReponse", ["index":2]), 20, OPTIONAL): Object 'Object Repository/Generic/botReponse' is visible&#xD;
&#xD;
2020-11-25 10:55:09 - [MESSAGE][PASSED] - Object 'Object Repository/Generic/botReponse' is visible&#xD;
&#xD;
2020-11-25 10:55:09 - [TEST_STEP][FAILED] - verifyElementText(findTestObject("Generic/botReponse", ["index":2]), expected_value, CONTINUE_ON_FAILURE): Actual text 'Sorry, I am unable to understand your message. Could you please rephrase it?' and expected text 'Please enter a freeform content' of test object 'Object Repository/Generic/botReponse' are NOT matched. (Root cause: com.kms.katalon.core.exception.StepFailedException: Actual text 'Sorry, I am unable to understand your message. Could you please rephrase it?' and expected text 'Please enter a freeform content' of test object 'Object Repository/Generic/botReponse' are NOT matched.&#xD;
	at com.kms.katalon.core.webui.keyword.internal.WebUIKeywordMain.stepFailed(WebUIKeywordMain.groovy:64)&#xD;
	at com.kms.katalon.core.webui.keyword.builtin.VerifyElementTextKeyword$_verifyElementText_closure1.doCall(VerifyElementTextKeyword.groovy:57)&#xD;
	at com.kms.katalon.core.webui.keyword.builtin.VerifyElementTextKeyword$_verifyElementText_closure1.call(VerifyElementTextKeyword.groovy)&#xD;
	at com.kms.katalon.core.webui.keyword.internal.WebUIKeywordMain.runKeyword(WebUIKeywordMain.groovy:20)&#xD;
	at com.kms.katalon.core.webui.keyword.builtin.VerifyElementTextKeyword.verifyElementText(VerifyElementTextKeyword.groovy:72)&#xD;
	at com.kms.katalon.core.webui.keyword.builtin.VerifyElementTextKeyword.execute(VerifyElementTextKeyword.groovy:40)&#xD;
	at com.kms.katalon.core.keyword.internal.KeywordExecutor.executeKeywordForPlatform(KeywordExecutor.groovy:56)&#xD;
	at com.kms.katalon.core.webui.keyword.WebUiBuiltInKeywords.verifyElementText(WebUiBuiltInKeywords.groovy:3647)&#xD;
	at com.kms.katalon.core.webui.keyword.WebUiBuiltInKeywords$verifyElementText$5.call(Unknown Source)&#xD;
	at verifyFreeformPreview.run(verifyFreeformPreview:20)&#xD;
	at com.kms.katalon.core.main.ScriptEngine.run(ScriptEngine.java:194)&#xD;
	at com.kms.katalon.core.main.ScriptEngine.runScriptAsRawText(ScriptEngine.java:119)&#xD;
	at com.kms.katalon.core.main.TestCaseExecutor.runScript(TestCaseExecutor.java:337)&#xD;
	at com.kms.katalon.core.main.TestCaseExecutor.doExecute(TestCaseExecutor.java:328)&#xD;
	at com.kms.katalon.core.main.TestCaseExecutor.processExecutionPhase(TestCaseExecutor.java:307)&#xD;
	at com.kms.katalon.core.main.TestCaseExecutor.accessMainPhase(TestCaseExecutor.java:299)&#xD;
	at com.kms.katalon.core.main.TestCaseExecutor.execute(TestCaseExecutor.java:233)&#xD;
	at com.kms.katalon.core.main.TestSuiteExecutor.accessTestCaseMainPhase(TestSuiteExecutor.java:169)&#xD;
	at com.kms.katalon.core.main.TestSuiteExecutor.accessTestSuiteMainPhase(TestSuiteExecutor.java:142)&#xD;
	at com.kms.katalon.core.main.TestSuiteExecutor.execute(TestSuiteExecutor.java:91)&#xD;
	at com.kms.katalon.core.main.TestCaseMain.startTestSuite(TestCaseMain.java:157)&#xD;
	at com.kms.katalon.core.main.TestCaseMain$startTestSuite$0.call(Unknown Source)&#xD;
	at TempTestSuite1606281645351.run(TempTestSuite1606281645351.groovy:35)&#xD;
)&#xD;
&#xD;
2020-11-25 10:55:13 - [MESSAGE][FAILED] - Actual text 'Sorry, I am unable to understand your message. Could you please rephrase it?' and expected text 'Please enter a freeform content' of test object 'Object Repository/Generic/botReponse' are NOT matched. (Root cause: com.kms.katalon.core.exception.StepFailedException: Actual text 'Sorry, I am unable to understand your message. Could you please rephrase it?' and expected text 'Please enter a freeform content' of test object 'Object Repository/Generic/botReponse' are NOT matched.&#xD;
	at com.kms.katalon.core.webui.keyword.internal.WebUIKeywordMain.stepFailed(WebUIKeywordMain.groovy:64)&#xD;
	at com.kms.katalon.core.webui.keyword.builtin.VerifyElementTextKeyword$_verifyElementText_closure1.doCall(VerifyElementTextKeyword.groovy:57)&#xD;
	at com.kms.katalon.core.webui.keyword.builtin.VerifyElementTextKeyword$_verifyElementText_closure1.call(VerifyElementTextKeyword.groovy)&#xD;
	at com.kms.katalon.core.webui.keyword.internal.WebUIKeywordMain.runKeyword(WebUIKeywordMain.groovy:20)&#xD;
	at com.kms.katalon.core.webui.keyword.builtin.VerifyElementTextKeyword.verifyElementText(VerifyElementTextKeyword.groovy:72)&#xD;
	at com.kms.katalon.core.webui.keyword.builtin.VerifyElementTextKeyword.execute(VerifyElementTextKeyword.groovy:40)&#xD;
	at com.kms.katalon.core.keyword.internal.KeywordExecutor.executeKeywordForPlatform(KeywordExecutor.groovy:56)&#xD;
	at com.kms.katalon.core.webui.keyword.WebUiBuiltInKeywords.verifyElementText(WebUiBuiltInKeywords.groovy:3647)&#xD;
	at com.kms.katalon.core.webui.keyword.WebUiBuiltInKeywords$verifyElementText$5.call(Unknown Source)&#xD;
	at verifyFreeformPreview.run(verifyFreeformPreview:20)&#xD;
	at com.kms.katalon.core.main.ScriptEngine.run(ScriptEngine.java:194)&#xD;
	at com.kms.katalon.core.main.ScriptEngine.runScriptAsRawText(ScriptEngine.java:119)&#xD;
	at com.kms.katalon.core.main.TestCaseExecutor.runScript(TestCaseExecutor.java:337)&#xD;
	at com.kms.katalon.core.main.TestCaseExecutor.doExecute(TestCaseExecutor.java:328)&#xD;
	at com.kms.katalon.core.main.TestCaseExecutor.processExecutionPhase(TestCaseExecutor.java:307)&#xD;
	at com.kms.katalon.core.main.TestCaseExecutor.accessMainPhase(TestCaseExecutor.java:299)&#xD;
	at com.kms.katalon.core.main.TestCaseExecutor.execute(TestCaseExecutor.java:233)&#xD;
	at com.kms.katalon.core.main.TestSuiteExecutor.accessTestCaseMainPhase(TestSuiteExecutor.java:169)&#xD;
	at com.kms.katalon.core.main.TestSuiteExecutor.accessTestSuiteMainPhase(TestSuiteExecutor.java:142)&#xD;
	at com.kms.katalon.core.main.TestSuiteExecutor.execute(TestSuiteExecutor.java:91)&#xD;
	at com.kms.katalon.core.main.TestCaseMain.startTestSuite(TestCaseMain.java:157)&#xD;
	at com.kms.katalon.core.main.TestCaseMain$startTestSuite$0.call(Unknown Source)&#xD;
	at TempTestSuite1606281645351.run(TempTestSuite1606281645351.groovy:35)&#xD;
)&#xD;
[[ATTACHMENT|D:\\IMIbot.ai-Project\\Reports\\20201125_105042\\v4.4_TaskSuite\\20201125_105045\\1606281911617.png]]&#xD;
&#xD;
2020-11-25 10:55:13 - [TEST_STEP][PASSED] - sendKeys(findTestObject("Input/chatInput"), Keys.chord(freeform_text, ENTER)): Keys 'ENTER + كيف حالكم' sent to object: 'Object Repository/Input/chatInput'&#xD;
&#xD;
2020-11-25 10:55:16 - [MESSAGE][PASSED] - Keys 'ENTER + كيف حالكم' sent to object: 'Object Repository/Input/chatInput'&#xD;
&#xD;
2020-11-25 10:55:16 - [TEST_STEP][PASSED] - comment("*** VALIDATION CHECK FOR BOT RESPONSE ***"): *** VALIDATION CHECK FOR BOT RESPONSE ***&#xD;
&#xD;
2020-11-25 10:55:16 - [MESSAGE][INFO] - *** VALIDATION CHECK FOR BOT RESPONSE ***&#xD;
&#xD;
2020-11-25 10:55:16 - [TEST_STEP][FAILED] - verifyElementText(findTestObject("Generic/botReponse", ["index":3]), final_value, CONTINUE_ON_FAILURE): Actual text 'Sorry, I am unable to understand your message. Could you please rephrase it?' and expected text 'Your response for freeform will be here' of test object 'Object Repository/Generic/botReponse' are NOT matched. (Root cause: com.kms.katalon.core.exception.StepFailedException: Actual text 'Sorry, I am unable to understand your message. Could you please rephrase it?' and expected text 'Your response for freeform will be here' of test object 'Object Repository/Generic/botReponse' are NOT matched.&#xD;
	at com.kms.katalon.core.webui.keyword.internal.WebUIKeywordMain.stepFailed(WebUIKeywordMain.groovy:64)&#xD;
	at com.kms.katalon.core.webui.keyword.builtin.VerifyElementTextKeyword$_verifyElementText_closure1.doCall(VerifyElementTextKeyword.groovy:57)&#xD;
	at com.kms.katalon.core.webui.keyword.builtin.VerifyElementTextKeyword$_verifyElementText_closure1.call(VerifyElementTextKeyword.groovy)&#xD;
	at com.kms.katalon.core.webui.keyword.internal.WebUIKeywordMain.runKeyword(WebUIKeywordMain.groovy:20)&#xD;
	at com.kms.katalon.core.webui.keyword.builtin.VerifyElementTextKeyword.verifyElementText(VerifyElementTextKeyword.groovy:72)&#xD;
	at com.kms.katalon.core.webui.keyword.builtin.VerifyElementTextKeyword.execute(VerifyElementTextKeyword.groovy:40)&#xD;
	at com.kms.katalon.core.keyword.internal.KeywordExecutor.executeKeywordForPlatform(KeywordExecutor.groovy:56)&#xD;
	at com.kms.katalon.core.webui.keyword.WebUiBuiltInKeywords.verifyElementText(WebUiBuiltInKeywords.groovy:3647)&#xD;
	at com.kms.katalon.core.webui.keyword.WebUiBuiltInKeywords$verifyElementText$5.call(Unknown Source)&#xD;
	at verifyFreeformPreview.run(verifyFreeformPreview:26)&#xD;
	at com.kms.katalon.core.main.ScriptEngine.run(ScriptEngine.java:194)&#xD;
	at com.kms.katalon.core.main.ScriptEngine.runScriptAsRawText(ScriptEngine.java:119)&#xD;
	at com.kms.katalon.core.main.TestCaseExecutor.runScript(TestCaseExecutor.java:337)&#xD;
	at com.kms.katalon.core.main.TestCaseExecutor.doExecute(TestCaseExecutor.java:328)&#xD;
	at com.kms.katalon.core.main.TestCaseExecutor.processExecutionPhase(TestCaseExecutor.java:307)&#xD;
	at com.kms.katalon.core.main.TestCaseExecutor.accessMainPhase(TestCaseExecutor.java:299)&#xD;
	at com.kms.katalon.core.main.TestCaseExecutor.execute(TestCaseExecutor.java:233)&#xD;
	at com.kms.katalon.core.main.TestSuiteExecutor.accessTestCaseMainPhase(TestSuiteExecutor.java:169)&#xD;
	at com.kms.katalon.core.main.TestSuiteExecutor.accessTestSuiteMainPhase(TestSuiteExecutor.java:142)&#xD;
	at com.kms.katalon.core.main.TestSuiteExecutor.execute(TestSuiteExecutor.java:91)&#xD;
	at com.kms.katalon.core.main.TestCaseMain.startTestSuite(TestCaseMain.java:157)&#xD;
	at com.kms.katalon.core.main.TestCaseMain$startTestSuite$0.call(Unknown Source)&#xD;
	at TempTestSuite1606281645351.run(TempTestSuite1606281645351.groovy:35)&#xD;
)&#xD;
&#xD;
2020-11-25 10:55:23 - [MESSAGE][FAILED] - Actual text 'Sorry, I am unable to understand your message. Could you please rephrase it?' and expected text 'Your response for freeform will be here' of test object 'Object Repository/Generic/botReponse' are NOT matched. (Root cause: com.kms.katalon.core.exception.StepFailedException: Actual text 'Sorry, I am unable to understand your message. Could you please rephrase it?' and expected text 'Your response for freeform will be here' of test object 'Object Repository/Generic/botReponse' are NOT matched.&#xD;
	at com.kms.katalon.core.webui.keyword.internal.WebUIKeywordMain.stepFailed(WebUIKeywordMain.groovy:64)&#xD;
	at com.kms.katalon.core.webui.keyword.builtin.VerifyElementTextKeyword$_verifyElementText_closure1.doCall(VerifyElementTextKeyword.groovy:57)&#xD;
	at com.kms.katalon.core.webui.keyword.builtin.VerifyElementTextKeyword$_verifyElementText_closure1.call(VerifyElementTextKeyword.groovy)&#xD;
	at com.kms.katalon.core.webui.keyword.internal.WebUIKeywordMain.runKeyword(WebUIKeywordMain.groovy:20)&#xD;
	at com.kms.katalon.core.webui.keyword.builtin.VerifyElementTextKeyword.verifyElementText(VerifyElementTextKeyword.groovy:72)&#xD;
	at com.kms.katalon.core.webui.keyword.builtin.VerifyElementTextKeyword.execute(VerifyElementTextKeyword.groovy:40)&#xD;
	at com.kms.katalon.core.keyword.internal.KeywordExecutor.executeKeywordForPlatform(KeywordExecutor.groovy:56)&#xD;
	at com.kms.katalon.core.webui.keyword.WebUiBuiltInKeywords.verifyElementText(WebUiBuiltInKeywords.groovy:3647)&#xD;
	at com.kms.katalon.core.webui.keyword.WebUiBuiltInKeywords$verifyElementText$5.call(Unknown Source)&#xD;
	at verifyFreeformPreview.run(verifyFreeformPreview:26)&#xD;
	at com.kms.katalon.core.main.ScriptEngine.run(ScriptEngine.java:194)&#xD;
	at com.kms.katalon.core.main.ScriptEngine.runScriptAsRawText(ScriptEngine.java:119)&#xD;
[...]
&#xD;
2020-11-25 10:56:58 - [TEST_STEP][PASSED] - verifyElementPresent(findTestObject("WEB_OBJECTS/alertRequired"), 20, CONTINUE_ON_FAILURE): Object 'Object Repository/WEB_OBJECTS/alertRequired' is present&#xD;
&#xD;
2020-11-25 10:56:59 - [MESSAGE][PASSED] - Object 'Object Repository/WEB_OBJECTS/alertRequired' is present&#xD;
&#xD;
2020-11-25 10:56:59 - [TEST_STEP][PASSED] - setText(findTestObject("WEB_OBJECTS/textArea"), " "): Text ' ' is set on object 'Object Repository/WEB_OBJECTS/textArea'&#xD;
&#xD;
2020-11-25 10:57:03 - [MESSAGE][PASSED] - Text ' ' is set on object 'Object Repository/WEB_OBJECTS/textArea'&#xD;
&#xD;
2020-11-25 10:57:03 - [TEST_STEP][PASSED] - platform.Method.removeFocus(findTestObject("WEB_OBJECTS/textArea")): platform.Method.removeFocus is PASSED&#xD;
&#xD;
2020-11-25 10:57:05 - [MESSAGE][PASSED] - platform.Method.removeFocus is PASSED&#xD;
&#xD;
2020-11-25 10:57:05 - [TEST_STEP][PASSED] - verifyElementPresent(findTestObject("WEB_OBJECTS/alertInvalidData"), 20, CONTINUE_ON_FAILURE): Object 'Object Repository/WEB_OBJECTS/alertInvalidData' is present&#xD;
&#xD;
2020-11-25 10:57:06 - [MESSAGE][PASSED] - Object 'Object Repository/WEB_OBJECTS/alertInvalidData' is present&#xD;
&#xD;
2020-11-25 10:57:06 - [TEST_STEP][PASSED] - setText(findTestObject("WEB_OBJECTS/textArea"), "Please find the attachment"): Text 'Please find the attachment' is set on object 'Object Repository/WEB_OBJECTS/textArea'&#xD;
&#xD;
2020-11-25 10:57:11 - [MESSAGE][PASSED] - Text 'Please find the attachment' is set on object 'Object Repository/WEB_OBJECTS/textArea'&#xD;
&#xD;
2020-11-25 10:57:11 - [TEST_STEP][PASSED] - selectOptionByValue(findTestObject("WEB_OBJECTS/type"), userValue, false): All options with value 'application/pdf' are selected in object 'Object Repository/WEB_OBJECTS/type' &#xD;
&#xD;
2020-11-25 10:57:20 - [MESSAGE][PASSED] - All options with value 'application/pdf' are selected in object 'Object Repository/WEB_OBJECTS/type' &#xD;
&#xD;
2020-11-25 10:57:20 - [TEST_STEP][PASSED] - setText(findTestObject("WEB_OBJECTS/fileURL"), ""): Text '' is set on object 'Object Repository/WEB_OBJECTS/fileURL'&#xD;
&#xD;
2020-11-25 10:57:24 - [MESSAGE][PASSED] - Text '' is set on object 'Object Repository/WEB_OBJECTS/fileURL'&#xD;
&#xD;
2020-11-25 10:57:24 - [TEST_STEP][PASSED] - platform.Method.removeFocus(findTestObject("WEB_OBJECTS/fileURL")): platform.Method.removeFocus is PASSED&#xD;
&#xD;
2020-11-25 10:57:29 - [MESSAGE][PASSED] - platform.Method.removeFocus is PASSED&#xD;
&#xD;
2020-11-25 10:57:29 - [TEST_STEP][PASSED] - verifyElementPresent(findTestObject("WEB_OBJECTS/alertRequired"), 20, CONTINUE_ON_FAILURE): Object 'Object Repository/WEB_OBJECTS/alertRequired' is present&#xD;
&#xD;
2020-11-25 10:57:30 - [MESSAGE][PASSED] - Object 'Object Repository/WEB_OBJECTS/alertRequired' is present&#xD;
&#xD;
2020-11-25 10:57:30 - [TEST_STEP][PASSED] - setText(findTestObject("WEB_OBJECTS/fileURL"), " "): Text ' ' is set on object 'Object Repository/WEB_OBJECTS/fileURL'&#xD;
&#xD;
2020-11-25 10:57:34 - [MESSAGE][PASSED] - Text ' ' is set on object 'Object Repository/WEB_OBJECTS/fileURL'&#xD;
&#xD;
2020-11-25 10:57:34 - [TEST_STEP][PASSED] - platform.Method.removeFocus(findTestObject("WEB_OBJECTS/fileURL")): platform.Method.removeFocus is PASSED&#xD;
&#xD;
2020-11-25 10:57:37 - [MESSAGE][PASSED] - platform.Method.removeFocus is PASSED&#xD;
&#xD;
2020-11-25 10:57:37 - [TEST_STEP][PASSED] - verifyElementPresent(findTestObject("WEB_OBJECTS/alertInvalidData"), 20, CONTINUE_ON_FAILURE): Object 'Object Repository/WEB_OBJECTS/alertInvalidData' is present&#xD;
&#xD;
2020-11-25 10:57:38 - [MESSAGE][PASSED] - Object 'Object Repository/WEB_OBJECTS/alertInvalidData' is present&#xD;
&#xD;
2020-11-25 10:57:38 - [TEST_STEP][PASSED] - testData = findTestData("Data Files/testData_OneClickTesting"): null&#xD;
&#xD;
2020-11-25 10:57:38 - [TEST_STEP][PASSED] - for ([i = 1, i &lt;= testData.getRowNumbers(), (i++)]): null&#xD;
&#xD;
2020-11-25 10:57:38 - [TEST_STEP][PASSED] - selectOptionByValue(findTestObject("WEB_OBJECTS/type"), testData.getValue("attachment_type", i), false): All options with value 'audio/mp3' are selected in object 'Object Repository/WEB_OBJECTS/type' &#xD;
&#xD;
2020-11-25 10:57:47 - [MESSAGE][PASSED] - All options with value 'audio/mp3' are selected in object 'Object Repository/WEB_OBJECTS/type' &#xD;
&#xD;
2020-11-25 10:57:47 - [TEST_STEP][PASSED] - setText(findTestObject("WEB_OBJECTS/fileURL"), testData.getValue("attachment_data", i)): Text 'https://dl.espressif.com/dl/audio/ff-16b-2c-44100hz.aac' is set on object 'Object Repository/WEB_OBJECTS/fileURL'&#xD;
&#xD;
2020-11-25 10:57:53 - [MESSAGE][PASSED] - Text 'https://dl.espressif.com/dl/audio/ff-16b-2c-44100hz.aac' is set on object 'Object Repository/WEB_OBJECTS/fileURL'&#xD;
&#xD;
2020-11-25 10:57:53 - [TEST_STEP][PASSED] - verifyElementPresent(findTestObject("WEB_OBJECTS/alert", ["alert_value":testData.getValue("alert_msg", i)]), 20, CONTINUE_ON_FAILURE): Object 'Object Repository/WEB_OBJECTS/alert' is present&#xD;
&#xD;
2020-11-25 10:57:55 - [MESSAGE][PASSED] - Object 'Object Repository/WEB_OBJECTS/alert' is present&#xD;
&#xD;
2020-11-25 10:57:55 - [TEST_STEP][PASSED] - if (testData.getValue("attachment_type", i + 1) == ""): null&#xD;
&#xD;
2020-11-25 10:57:55 - [TEST_STEP][PASSED] - selectOptionByValue(findTestObject("WEB_OBJECTS/type"), testData.getValue("attachment_type", i), false): All options with value 'audio/aac' are selected in object 'Object Repository/WEB_OBJECTS/type' &#xD;
&#xD;
2020-11-25 10:58:04 - [MESSAGE][PASSED] - All options with value 'audio/aac' are selected in object 'Object Repository/WEB_OBJECTS/type' &#xD;
&#xD;
2020-11-25 10:58:04 - [TEST_STEP][PASSED] - setText(findTestObject("WEB_OBJECTS/fileURL"), testData.getValue("attachment_data", i)): Text 'https://file-examples-com.github.io/uploads/2017/11/file_example_MP3_2MG.mp3' is set on object 'Object Repository/WEB_OBJECTS/fileURL'&#xD;
&#xD;
2020-11-25 10:58:10 - [MESSAGE][PASSED] - Text 'https://file-examples-com.github.io/uploads/2017/11/file_example_MP3_2MG.mp3' is set on object 'Object Repository/WEB_OBJECTS/fileURL'&#xD;
&#xD;
2020-11-25 10:58:10 - [TEST_STEP][PASSED] - verifyElementPresent(findTestObject("WEB_OBJECTS/alert", ["alert_value":testData.getValue("alert_msg", i)]), 20, CONTINUE_ON_FAILURE): Object 'Object Repository/WEB_OBJECTS/alert' is present&#xD;
&#xD;
2020-11-25 10:58:11 - [MESSAGE][PASSED] - Object 'Object Repository/WEB_OBJECTS/alert' is present&#xD;
&#xD;
2020-11-25 10:58:11 - [TEST_STEP][PASSED] - if (testData.getValue("attachment_type", i + 1) == ""): null&#xD;
&#xD;
2020-11-25 10:58:11 - [TEST_STEP][PASSED] - selectOptionByValue(findTestObject("WEB_OBJECTS/type"), testData.getValue("attachment_type", i), false): All options with value 'video/mp4' are selected in object 'Object Repository/WEB_OBJECTS/type' &#xD;
&#xD;
2020-11-25 10:58:21 - [MESSAGE][PASSED] - All options with value 'video/mp4' are selected in object 'Object Repository/WEB_OBJECTS/type' &#xD;
&#xD;
2020-11-25 10:58:21 - [TEST_STEP][PASSED] - setText(findTestObject("WEB_OBJECTS/fileURL"), testData.getValue("attachment_data", i)): Text 'https://file-examples-com.github.io/uploads/2018/04/file_example_MOV_1280_1_4MB.mov' is set on object 'Object Repository/WEB_OBJECTS/fileURL'&#xD;
&#xD;
2020-11-25 10:58:28 - [MESSAGE][PASSED] - Text 'https://file-examples-com.github.io/uploads/2018/04/file_example_MOV_1280_1_4MB.mov' is set on object 'Object Repository/WEB_OBJECTS/fileURL'&#xD;
&#xD;
2020-11-25 10:58:28 - [TEST_STEP][PASSED] - verifyElementPresent(findTestObject("WEB_OBJECTS/alert", ["alert_value":testData.getValue("alert_msg", i)]), 20, CONTINUE_ON_FAILURE): Object 'Object Repository/WEB_OBJECTS/alert' is present&#xD;
&#xD;
2020-11-25 10:58:29 - [MESSAGE][PASSED] - Object 'Object Repository/WEB_OBJECTS/alert' is present&#xD;
&#xD;
2020-11-25 10:58:29 - [TEST_STEP][PASSED] - if (testData.getValue("attachment_type", i + 1) == ""): null&#xD;
&#xD;
2020-11-25 10:58:29 - [TEST_STEP][PASSED] - selectOptionByValue(findTestObject("WEB_OBJECTS/type"), testData.getValue("attachment_type", i), false): All options with value 'image/jpeg' are selected in object 'Object Repository/WEB_OBJECTS/type' &#xD;
&#xD;
2020-11-25 10:58:38 - [MESSAGE][PASSED] - All options with value 'image/jpeg' are selected in object 'Object Repository/WEB_OBJECTS/type' &#xD;
&#xD;
2020-11-25 10:58:38 - [TEST_STEP][PASSED] - setText(findTestObject("WEB_OBJECTS/fileURL"), testData.getValue("attachment_data", i)): Text 'https://file-examples-com.github.io/uploads/2017/10/file_example_PNG_2100kB.png' is set on object 'Object Repository/WEB_OBJECTS/fileURL'&#xD;
&#xD;
2020-11-25 10:58:43 - [MESSAGE][PASSED] - Text 'https://file-examples-com.github.io/uploads/2017/10/file_example_PNG_2100kB.png' is set on object 'Object Repository/WEB_OBJECTS/fileURL'&#xD;
&#xD;
2020-11-25 10:58:43 - [TEST_STEP][PASSED] - verifyElementPresent(findTestObject("WEB_OBJECTS/alert", ["alert_value":testData.getValue("alert_msg", i)]), 20, CONTINUE_ON_FAILURE): Object 'Object Repository/WEB_OBJECTS/alert' is present&#xD;
&#xD;
2020-11-25 10:58:45 - [MESSAGE][PASSED] - Object 'Object Repository/WEB_OBJECTS/alert' is present&#xD;
&#xD;
2020-11-25 10:58:45 - [TEST_STEP][PASSED] - if (testData.getValue("attachment_type", i + 1) == ""): null&#xD;
&#xD;
2020-11-25 10:58:45 - [TEST_STEP][PASSED] - selectOptionByValue(findTestObject("WEB_OBJECTS/type"), testData.getValue("attachment_type", i), false): All options with value 'image/png' are selected in object 'Object Repository/WEB_OBJECTS/type' &#xD;
&#xD;
2020-11-25 10:58:54 - [MESSAGE][PASSED] - All options with value 'image/png' are selected in object 'Object Repository/WEB_OBJECTS/type' &#xD;
&#xD;
2020-11-25 10:58:54 - [TEST_STEP][PASSED] - setText(findTestObject("WEB_OBJECTS/fileURL"), testData.getValue("attachment_data", i)): Text 'https://file-examples-com.github.io/uploads/2017/10/file_example_JPG_1MB.jpg' is set on object 'Object Repository/WEB_OBJECTS/fileURL'&#xD;
&#xD;
2020-11-25 10:58:59 - [MESSAGE][PASSED] - Text 'https://file-examples-com.github.io/uploads/2017/10/file_example_JPG_1MB.jpg' is set on object 'Object Repository/WEB_OBJECTS/fileURL'&#xD;
&#xD;
2020-11-25 10:58:59 - [TEST_STEP][PASSED] - verifyElementPresent(findTestObject("WEB_OBJECTS/alert", ["alert_value":testData.getValue("alert_msg", i)]), 20, CONTINUE_ON_FAILURE): Object 'Object Repository/WEB_OBJECTS/alert' is present&#xD;
&#xD;
2020-11-25 10:59:01 - [MESSAGE][PASSED] - Object 'Object Repository/WEB_OBJECTS/alert' is present&#xD;
&#xD;
2020-11-25 10:59:01 - [TEST_STEP][PASSED] - if (testData.getValue("attachment_type", i + 1) == ""): null&#xD;
&#xD;
2020-11-25 10:59:01 - [TEST_STEP][PASSED] - selectOptionByValue(findTestObject("WEB_OBJECTS/type"), testData.getValue("attachment_type", i), false): All options with value 'application/pdf' are selected in object 'Object Repository/WEB_OBJECTS/type' &#xD;
&#xD;
2020-11-25 10:59:10 - [MESSAGE][PASSED] - All options with value 'application/pdf' are selected in object 'Object Repository/WEB_OBJECTS/type' &#xD;
&#xD;
2020-11-25 10:59:10 - [TEST_STEP][PASSED] - setText(findTestObject("WEB_OBJECTS/fileURL"), testData.getValue("attachment_data", i)): Text 'https://file-examples-com.github.io/uploads/2017/08/file_example_PPT_1MB.ppt' is set on object 'Object Repository/WEB_OBJECTS/fileURL'&#xD;
&#xD;
2020-11-25 10:59:16 - [MESSAGE][PASSED] - Text 'https://file-examples-com.github.io/uploads/2017/08/file_example_PPT_1MB.ppt' is set on object 'Object Repository/WEB_OBJECTS/fileURL'&#xD;
&#xD;
2020-11-25 10:59:16 - [TEST_STEP][PASSED] - verifyElementPresent(findTestObject("WEB_OBJECTS/alert", ["alert_value":testData.getValue("alert_msg", i)]), 20, CONTINUE_ON_FAILURE): Object 'Object Repository/WEB_OBJECTS/alert' is present&#xD;
&#xD;
2020-11-25 10:59:17 - [MESSAGE][PASSED] - Object 'Object Repository/WEB_OBJECTS/alert' is present&#xD;
&#xD;
2020-11-25 10:59:17 - [TEST_STEP][PASSED] - if (testData.getValue("attachment_type", i + 1) == ""): null&#xD;
&#xD;
2020-11-25 10:59:17 - [TEST_STEP][PASSED] - break: null&#xD;
&#xD;
2020-11-25 10:59:17 - [TEST_STEP][PASSED] - verifyElementNotPresent(findTestObject("ICONS/deleteAttachmentIcon"), 10, CONTINUE_ON_FAILURE): Web element with id: 'Object Repository/ICONS/deleteAttachmentIcon' located by 'By.xpath: //div[@class="show-control-extra"]//designer-imi-icon/i' is not present after '10' second(s)&#xD;
&#xD;
2020-11-25 10:59:19 - [MESSAGE][PASSED] - Web element with id: 'Object Repository/ICONS/deleteAttachmentIcon' located by 'By.xpath: //div[@class="show-control-extra"]//designer-imi-icon/i' is not present after '10' second(s)&#xD;
&#xD;
2020-11-25 10:59:19 - [TEST_STEP][PASSED] - for ([j = 0, j &lt; 9, (j++)]): platform.Method.clickOnElement is PASSED&#xD;
&#xD;
2020-11-25 10:59:19 - [TEST_STEP][PASSED] - platform.Method.clickOnElement(findTestObject("Button/addAttachments")): platform.Method.clickOnElement is PASSED&#xD;
&#xD;
2020-11-25 10:59:21 - [MESSAGE][PASSED] - platform.Method.clickOnElement is PASSED&#xD;
&#xD;
2020-11-25 10:59:21 - [TEST_STEP][PASSED] - platform.Method.clickOnElement(findTestObject("Button/addAttachments")): platform.Method.clickOnElement is PASSED&#xD;
&#xD;
2020-11-25 10:59:24 - [MESSAGE][PASSED] - platform.Method.clickOnElement is PASSED&#xD;
&#xD;
2020-11-25 10:59:24 - [TEST_STEP][PASSED] - platform.Method.clickOnElement(findTestObject("Button/addAttachments")): platform.Method.clickOnElement is PASSED&#xD;
&#xD;
2020-11-25 10:59:26 - [MESSAGE][PASSED] - platform.Method.clickOnElement is PASSED&#xD;
&#xD;
2020-11-25 10:59:26 - [TEST_STEP][PASSED] - platform.Method.clickOnElement(findTestObject("Button/addAttachments")): platform.Method.clickOnElement is PASSED&#xD;
&#xD;
2020-11-25 10:59:28 - [MESSAGE][PASSED] - platform.Method.clickOnElement is PASSED&#xD;
&#xD;
2020-11-25 10:59:28 - [TEST_STEP][PASSED] - platform.Method.clickOnElement(findTestObject("Button/addAttachments")): platform.Method.clickOnElement is PASSED&#xD;
&#xD;
2020-11-25 10:59:31 - [MESSAGE][PASSED] - platform.Method.clickOnElement is PASSED&#xD;
&#xD;
2020-11-25 10:59:31 - [TEST_STEP][PASSED] - platform.Method.clickOnElement(findTestObject("Button/addAttachments")): platform.Method.clickOnElement is PASSED&#xD;
&#xD;
2020-11-25 10:59:33 - [MESSAGE][PASSED] - platform.Method.clickOnElement is PASSED&#xD;
&#xD;
2020-11-25 10:59:33 - [TEST_STEP][PASSED] - platform.Method.clickOnElement(findTestObject("Button/addAttachments")): platform.Method.clickOnElement is PASSED&#xD;
&#xD;
2020-11-25 10:59:36 - [MESSAGE][PASSED] - platform.Method.clickOnElement is PASSED&#xD;
&#xD;
2020-11-25 10:59:36 - [TEST_STEP][PASSED] - platform.Method.clickOnElement(findTestObject("Button/addAttachments")): platform.Method.clickOnElement is PASSED&#xD;
&#xD;
2020-11-25 10:59:38 - [MESSAGE][PASSED] - platform.Method.clickOnElement is PASSED&#xD;
&#xD;
2020-11-25 10:59:38 - [TEST_STEP][PASSED] - platform.Method.clickOnElement(findTestObject("Button/addAttachments")): platform.Method.clickOnElement is PASSED&#xD;
&#xD;
2020-11-25 10:59:41 - [MESSAGE][PASSED] - platform.Method.clickOnElement is PASSED&#xD;
&#xD;
2020-11-25 10:59:41 - [TEST_STEP][PASSED] - allAttachment = findWebElements(findTestObject("ICONS/deleteAttachmentIcon"), 10): null&#xD;
&#xD;
2020-11-25 10:59:42 - [TEST_STEP][PASSED] - assert allAttachment.size() == 10: null&#xD;
&#xD;
2020-11-25 10:59:42 - [TEST_STEP][PASSED] - verifyElementNotPresent(findTestObject("Button/addAttachments"), 20, CONTINUE_ON_FAILURE): Web element with id: 'Object Repository/Button/addAttachments' located by 'By.xpath: //button[contains(text(),'Add attachments')]' is not present after '20' second(s)&#xD;
&#xD;
2020-11-25 10:59:43 - [MESSAGE][PASSED] - Web element with id: 'Object Repository/Button/addAttachments' located by 'By.xpath: //button[contains(text(),'Add attachments')]' is not present after '20' second(s)&#xD;
&#xD;
2020-11-25 10:59:43 - [TEST_STEP][PASSED] - get(0).click(): null</system-out>
            <system-err>2020-11-25 10:55:55 - [TEST_CASE][ERROR] - Test Cases/Sprint/v4.4/textWithAttachments_Test: Test Cases/Sprint/v4.4/textWithAttachments_Test FAILED.
Reason:
org.openqa.selenium.ElementClickInterceptedException: element click intercepted: Element &lt;i _ngcontent-dou-c87="" class="imi-icon"&gt;...&lt;/i&gt; is not clickable at point (1013, 483). Other element would receive the click: &lt;div class="message-container"&gt;...&lt;/div&gt;
  (Session info: chrome=87.0.4280.66)
Build info: version: '3.141.59', revision: 'e82be7d358', time: '2018-11-14T08:25:53'
System info: host: 'WLPT580', ip: '192.168.29.195', os.name: 'Windows 8.1', os.arch: 'amd64', os.version: '6.3', java.version: '1.8.0_181'
Driver info: com.kms.katalon.selenium.driver.CChromeDriver
Capabilities {acceptInsecureCerts: false, browserName: chrome, browserVersion: 87.0.4280.66, chrome: {chromedriverVersion: 86.0.4240.22 (398b0743353ff..., userDataDir: C:\Users\narendra.n\AppData...}, goog:chromeOptions: {debuggerAddress: localhost:65168}, javascriptEnabled: true, networkConnectionEnabled: false, pageLoadStrategy: normal, platform: WINDOWS, platformName: WINDOWS, proxy: Proxy(), setWindowRect: true, strictFileInteractability: false, timeouts: {implicit: 0, pageLoad: 300000, script: 30000}, unhandledPromptBehavior: dismiss and notify, webauthn:virtualAuthenticators: true}
Session ID: 0978eff6d8c5d75b82f418e3658a8c91&#xD;
	at org.openqa.selenium.remote.http.W3CHttpResponseCodec.createException(W3CHttpResponseCodec.java:187)&#xD;
	at org.openqa.selenium.remote.http.W3CHttpResponseCodec.decode(W3CHttpResponseCodec.java:122)&#xD;
	at org.openqa.selenium.remote.http.W3CHttpResponseCodec.decode(W3CHttpResponseCodec.java:49)&#xD;
	at org.openqa.selenium.remote.HttpCommandExecutor.execute(HttpCommandExecutor.java:158)&#xD;
	at org.openqa.selenium.remote.service.DriverCommandExecutor.execute(DriverCommandExecutor.java:83)&#xD;
	at org.openqa.selenium.remote.RemoteWebDriver.execute(RemoteWebDriver.java:552)&#xD;
	at com.kms.katalon.selenium.driver.CChromeDriver.execute(CChromeDriver.java:20)&#xD;
	at org.openqa.selenium.remote.RemoteWebElement.execute(RemoteWebElement.java:285)&#xD;
	at org.openqa.selenium.remote.RemoteWebElement.click(RemoteWebElement.java:84)&#xD;
	at org.openqa.selenium.WebElement$click$0.call(Unknown Source)&#xD;
	at textWithAttachments_Test.run(textWithAttachments_Test:85)&#xD;
	at com.kms.katalon.core.main.ScriptEngine.run(ScriptEngine.java:194)&#xD;
	at com.kms.katalon.core.main.ScriptEngine.runScriptAsRawText(ScriptEngine.java:119)&#xD;
	at com.kms.katalon.core.main.TestCaseExecutor.runScript(TestCaseExecutor.java:337)&#xD;
	at com.kms.katalon.core.main.TestCaseExecutor.doExecute(TestCaseExecutor.java:328)&#xD;
	at com.kms.katalon.core.main.TestCaseExecutor.processExecutionPhase(TestCaseExecutor.java:307)&#xD;
	at com.kms.katalon.core.main.TestCaseExecutor.accessMainPhase(TestCaseExecutor.java:299)&#xD;
	at com.kms.katalon.core.main.TestCaseExecutor.execute(TestCaseExecutor.java:233)&#xD;
	at com.kms.katalon.core.main.TestSuiteExecutor.accessTestCaseMainPhase(TestSuiteExecutor.java:169)&#xD;
	at com.kms.katalon.core.main.TestSuiteExecutor.accessTestSuiteMainPhase(TestSuiteExecutor.java:142)&#xD;
	at com.kms.katalon.core.main.TestSuiteExecutor.execute(TestSuiteExecutor.java:91)&#xD;
	at com.kms.katalon.core.main.TestCaseMain.startTestSuite(TestCaseMain.java:157)&#xD;
	at com.kms.katalon.core.main.TestCaseMain$startTestSuite$0.call(Unknown Source)&#xD;
	at TempTestSuite1606281645351.run(TempTestSuite1606281645351.groovy:35)</system-err>
        </testcase>
        <system-out>2020-11-25 10:50:58 - [TEST_SUITE][INCOMPLETE] - v4.4_TaskSuite: null</system-out>
        <system-err>2020-11-25 10:50:58 - [TEST_SUITE][INCOMPLETE] - v4.4_TaskSuite: null</system-err>
    </testsuite>
</testsuites>
