<?xml version="1.0" encoding="UTF-8" standalone="yes"?>
<testsuites name="FAQ_SSO" time="1771" tests="23" failures="0" errors="0">
    <testsuite name="FAQ_SSO" tests="23" failures="0" errors="0" time="1771" timestamp="2020-11-25 14:45:55" hostname="narendra.n - WLPT580.imidomain.com" id="Test Suites/FAQ_SSO">
        <properties>
            <property name="deviceName" value=""/>
            <property name="devicePlatform" value=""/>
            <property name="logFolder" value="D:\\IMIbot.ai-Project\\Reports\\20201125_144544\\FAQ_SSO\\20201125_144544"/>
            <property name="logFiles" value="D:\\IMIbot.ai-Project\\Reports\\20201125_144544\\FAQ_SSO\\20201125_144544\\execution0.log"/>
            <property name="attachments" value="D:\\IMIbot.ai-Project\\Reports\\20201125_144544\\FAQ_SSO\\20201125_144544\\1606296170712.png, D:\\IMIbot.ai-Project\\Reports\\20201125_144544\\FAQ_SSO\\20201125_144544\\1606296633595.png"/>
            <property name="hostName" value="narendra.n - WLPT580.imidomain.com"/>
            <property name="os" value="Windows 8.1 64bit"/>
            <property name="katalonVersion" value="6.3.3.11"/>
            <property name="browser" value="Chrome 87.0.4280.66"/>
            <property name="hostAddress" value="192.168.29.195"/>
            <property name="sessionId" value="e142c9801141ea8a8a04845e4e7f929a"/>
            <property name="seleniumVersion" value="3.141.59"/>
            <property name="proxyInformation" value="ProxyInformation{proxyOption=NO_PROXY, proxyServerType=HTTP, password=, proxyServerAddress=, proxyServerPort=0}"/>
            <property name="platform" value="Windows 8.1"/>
        </properties>
        <testcase name="Test Cases/FAQ_SSO/botCreation_Test" classname="Test Cases/FAQ_SSO/botCreation_Test" status="PASSED">
            <system-out>2020-11-25 14:46:55 - [TEST_CASE][PASSED] - Test Cases/FAQ_SSO/botCreation_Test: Test Cases/FAQ_SSO/botCreation_Test&#xD;
&#xD;
2020-11-25 14:46:56 - [TEST_STEP][PASSED] - platform.Method.clickOnElement(findTestObject("Button/createBot")): platform.Method.clickOnElement is PASSED&#xD;
&#xD;
2020-11-25 14:47:00 - [MESSAGE][PASSED] - platform.Method.clickOnElement is PASSED&#xD;
&#xD;
2020-11-25 14:47:00 - [TEST_STEP][PASSED] - sendKeys(findTestObject("Input/botName"), nameOfTheBot): Keys 'HF FAQ' sent to object: 'Object Repository/Input/botName'&#xD;
&#xD;
2020-11-25 14:47:03 - [MESSAGE][PASSED] - Keys 'HF FAQ' sent to object: 'Object Repository/Input/botName'&#xD;
&#xD;
2020-11-25 14:47:03 - [TEST_STEP][PASSED] - platform.Method.clickOnElement(findTestObject("Toggle/feedback")): platform.Method.clickOnElement is PASSED&#xD;
&#xD;
2020-11-25 14:47:05 - [MESSAGE][PASSED] - platform.Method.clickOnElement is PASSED&#xD;
&#xD;
2020-11-25 14:47:05 - [TEST_STEP][PASSED] - platform.Method.clickOnElement(findTestObject("Button/done")): platform.Method.clickOnElement is PASSED&#xD;
&#xD;
2020-11-25 14:47:07 - [MESSAGE][PASSED] - platform.Method.clickOnElement is PASSED&#xD;
&#xD;
2020-11-25 14:47:07 - [TEST_STEP][PASSED] - waitForElementVisible(findTestObject("Generic/articleState"), 60, OPTIONAL): Object 'Object Repository/Generic/articleState' is visible&#xD;
&#xD;
2020-11-25 14:47:16 - [MESSAGE][PASSED] - Object 'Object Repository/Generic/articleState' is visible&#xD;
&#xD;
2020-11-25 14:47:16 - [TEST_STEP][PASSED] - if (!(verifyElementText(findTestObject("Generic/articleState"), "Trained", OPTIONAL))): Actual text and expected text of test object 'Object Repository/Generic/articleState' are matched.&#xD;
&#xD;
2020-11-25 14:47:19 - [MESSAGE][PASSED] - Actual text and expected text of test object 'Object Repository/Generic/articleState' are matched.&#xD;
&#xD;
2020-11-25 14:47:19 - [TEST_STEP][PASSED] - platform.Method.clickOnElement(findTestObject("GenericII/minimize")): platform.Method.clickOnElement is PASSED&#xD;
&#xD;
2020-11-25 14:47:21 - [MESSAGE][PASSED] - platform.Method.clickOnElement is PASSED</system-out>
            <system-err></system-err>
        </testcase>
        <testcase name="Test Cases/FAQ_SSO/botSideOptionsNavigation_Test" classname="Test Cases/FAQ_SSO/botSideOptionsNavigation_Test" status="PASSED">
            <system-out>2020-11-25 14:47:21 - [TEST_CASE][PASSED] - Test Cases/FAQ_SSO/botSideOptionsNavigation_Test: Test Cases/FAQ_SSO/botSideOptionsNavigation_Test&#xD;
&#xD;
2020-11-25 14:47:22 - [TEST_STEP][PASSED] - platform.Method.clickOnElement(findTestObject("ICONS/sidebarSettings")): platform.Method.clickOnElement is PASSED&#xD;
&#xD;
2020-11-25 14:47:26 - [MESSAGE][PASSED] - platform.Method.clickOnElement is PASSED&#xD;
&#xD;
2020-11-25 14:47:26 - [TEST_STEP][PASSED] - waitForElementPresent(findTestObject("Generic/webObjectWithText", ["textValue":"Bot configuration"]), 10, STOP_ON_FAILURE): Object 'Object Repository/Generic/webObjectWithText' is present&#xD;
&#xD;
2020-11-25 14:47:27 - [MESSAGE][PASSED] - Object 'Object Repository/Generic/webObjectWithText' is present&#xD;
&#xD;
2020-11-25 14:47:27 - [TEST_STEP][PASSED] - platform.Method.clickOnElement(findTestObject("Generic/webObjectWithText", ["textValue":"Management"])): platform.Method.clickOnElement is PASSED&#xD;
&#xD;
2020-11-25 14:47:29 - [MESSAGE][PASSED] - platform.Method.clickOnElement is PASSED&#xD;
&#xD;
2020-11-25 14:47:29 - [TEST_STEP][PASSED] - waitForElementPresent(findTestObject("Generic/webObjectWithText", ["textValue":"Bot status"]), 10, STOP_ON_FAILURE): Object 'Object Repository/Generic/webObjectWithText' is present&#xD;
&#xD;
2020-11-25 14:47:30 - [MESSAGE][PASSED] - Object 'Object Repository/Generic/webObjectWithText' is present&#xD;
&#xD;
2020-11-25 14:47:30 - [TEST_STEP][PASSED] - platform.Method.clickOnElement(findTestObject("Generic/webObjectWithText", ["textValue":"Security"])): platform.Method.clickOnElement is PASSED&#xD;
&#xD;
2020-11-25 14:47:33 - [MESSAGE][PASSED] - platform.Method.clickOnElement is PASSED&#xD;
&#xD;
2020-11-25 14:47:33 - [TEST_STEP][PASSED] - verifyElementPresent(findTestObject("NewRepo/inputConsentDisclaimer"), 10, STOP_ON_FAILURE): Object 'Object Repository/NewRepo/inputConsentDisclaimer' is present&#xD;
&#xD;
2020-11-25 14:47:34 - [MESSAGE][PASSED] - Object 'Object Repository/NewRepo/inputConsentDisclaimer' is present&#xD;
&#xD;
2020-11-25 14:47:34 - [TEST_STEP][PASSED] - platform.Method.clickOnElement(findTestObject("Generic/webObjectWithText", ["textValue":"Handover and Inference"])): platform.Method.clickOnElement is PASSED&#xD;
&#xD;
2020-11-25 14:47:37 - [MESSAGE][PASSED] - platform.Method.clickOnElement is PASSED&#xD;
&#xD;
2020-11-25 14:47:37 - [TEST_STEP][PASSED] - waitForElementPresent(findTestObject("Generic/webObjectWithText", ["textValue":"Inference"]), 10, STOP_ON_FAILURE): Object 'Object Repository/Generic/webObjectWithText' is present&#xD;
&#xD;
2020-11-25 14:47:38 - [MESSAGE][PASSED] - Object 'Object Repository/Generic/webObjectWithText' is present&#xD;
&#xD;
2020-11-25 14:47:38 - [TEST_STEP][PASSED] - platform.Method.clickOnElement(findTestObject("Generic/webObjectWithText", ["textValue":"Integrations"])): platform.Method.clickOnElement is PASSED&#xD;
&#xD;
2020-11-25 14:47:40 - [MESSAGE][PASSED] - platform.Method.clickOnElement is PASSED&#xD;
&#xD;
2020-11-25 14:47:40 - [TEST_STEP][PASSED] - waitForElementPresent(findTestObject("Generic/webObjectWithText", ["textValue":"Chat Agent Platforms"]), 10, STOP_ON_FAILURE): Object 'Object Repository/Generic/webObjectWithText' is present&#xD;
&#xD;
2020-11-25 14:47:42 - [MESSAGE][PASSED] - Object 'Object Repository/Generic/webObjectWithText' is present&#xD;
&#xD;
2020-11-25 14:47:42 - [TEST_STEP][PASSED] - platform.Method.clickOnElement(findTestObject("Generic/nlp")): platform.Method.clickOnElement is PASSED&#xD;
&#xD;
2020-11-25 14:47:44 - [MESSAGE][PASSED] - platform.Method.clickOnElement is PASSED&#xD;
&#xD;
2020-11-25 14:47:44 - [TEST_STEP][PASSED] - waitForElementPresent(findTestObject("Generic/webObjectWithText", ["textValue":"Input recognition"]), 10, STOP_ON_FAILURE): Object 'Object Repository/Generic/webObjectWithText' is present&#xD;
&#xD;
2020-11-25 14:47:46 - [MESSAGE][PASSED] - Object 'Object Repository/Generic/webObjectWithText' is present&#xD;
&#xD;
2020-11-25 14:47:46 - [TEST_STEP][PASSED] - platform.Method.clickOnElement(findTestObject("Generic/webObjectWithText", ["textValue":"Knowledge base"])): platform.Method.clickOnElement is PASSED&#xD;
&#xD;
2020-11-25 14:47:48 - [MESSAGE][PASSED] - platform.Method.clickOnElement is PASSED&#xD;
&#xD;
2020-11-25 14:47:48 - [TEST_STEP][PASSED] - verifyElementPresent(findTestObject("NewRepo/newConceptBtn"), 10, STOP_ON_FAILURE): Object 'Object Repository/NewRepo/newConceptBtn' is present&#xD;
&#xD;
2020-11-25 14:47:49 - [MESSAGE][PASSED] - Object 'Object Repository/NewRepo/newConceptBtn' is present&#xD;
&#xD;
2020-11-25 14:47:49 - [TEST_STEP][PASSED] - platform.Method.clickOnElement(findTestObject("Generic/articles")): platform.Method.clickOnElement is PASSED&#xD;
&#xD;
2020-11-25 14:47:52 - [MESSAGE][PASSED] - platform.Method.clickOnElement is PASSED&#xD;
&#xD;
2020-11-25 14:47:52 - [TEST_STEP][PASSED] - waitForElementPresent(findTestObject("Generic/webObjectWithText", ["textValue":"Knowledge base"]), 10, STOP_ON_FAILURE): Object 'Object Repository/Generic/webObjectWithText' is present&#xD;
&#xD;
2020-11-25 14:47:53 - [MESSAGE][PASSED] - Object 'Object Repository/Generic/webObjectWithText' is present&#xD;
&#xD;
2020-11-25 14:47:53 - [TEST_STEP][PASSED] - platform.Method.clickOnElement(findTestObject("Generic/webObjectWithText", ["textValue":"Curation"])): platform.Method.clickOnElement is PASSED&#xD;
&#xD;
2020-11-25 14:47:56 - [MESSAGE][PASSED] - platform.Method.clickOnElement is PASSED&#xD;
&#xD;
2020-11-25 14:47:56 - [TEST_STEP][PASSED] - waitForElementPresent(findTestObject("Generic/webObjectWithText", ["textValue":"Unresolved issues"]), 10, STOP_ON_FAILURE): Object 'Object Repository/Generic/webObjectWithText' is present&#xD;
&#xD;
2020-11-25 14:47:57 - [MESSAGE][PASSED] - Object 'Object Repository/Generic/webObjectWithText' is present&#xD;
&#xD;
2020-11-25 14:47:57 - [TEST_STEP][PASSED] - platform.Method.clickOnElement(findTestObject("Generic/session")): platform.Method.clickOnElement is PASSED&#xD;
&#xD;
2020-11-25 14:48:00 - [MESSAGE][PASSED] - platform.Method.clickOnElement is PASSED&#xD;
&#xD;
2020-11-25 14:48:00 - [TEST_STEP][PASSED] - waitForElementPresent(findTestObject("Generic/webObjectWithText", ["textValue":"Conversations"]), 10, STOP_ON_FAILURE): Object 'Object Repository/Generic/webObjectWithText' is present&#xD;
&#xD;
2020-11-25 14:48:02 - [MESSAGE][PASSED] - Object 'Object Repository/Generic/webObjectWithText' is present&#xD;
&#xD;
2020-11-25 14:48:02 - [TEST_STEP][PASSED] - platform.Method.clickOnElement(findTestObject("Generic/webObjectWithText", ["textValue":"History"])): platform.Method.clickOnElement is PASSED&#xD;
&#xD;
2020-11-25 14:48:04 - [MESSAGE][PASSED] - platform.Method.clickOnElement is PASSED&#xD;
&#xD;
2020-11-25 14:48:04 - [TEST_STEP][PASSED] - waitForElementPresent(findTestObject("Generic/webObjectWithText", ["textValue":"History"]), 10, STOP_ON_FAILURE): Object 'Object Repository/Generic/webObjectWithText' is present&#xD;
&#xD;
2020-11-25 14:48:05 - [MESSAGE][PASSED] - Object 'Object Repository/Generic/webObjectWithText' is present</system-out>
            <system-err></system-err>
        </testcase>
        <testcase name="Test Cases/FAQ_SSO/botUrlAndDefaultArticleConfiguration_Test" classname="Test Cases/FAQ_SSO/botUrlAndDefaultArticleConfiguration_Test" status="PASSED">
            <system-out>2020-11-25 14:48:05 - [TEST_CASE][PASSED] - Test Cases/FAQ_SSO/botUrlAndDefaultArticleConfiguration_Test: Test Cases/FAQ_SSO/botUrlAndDefaultArticleConfiguration_Test&#xD;
&#xD;
2020-11-25 14:48:11 - [TEST_STEP][PASSED] - platform.Method.clickOnElement(findTestObject("ICONS/sidebarSettings")): platform.Method.clickOnElement is PASSED&#xD;
&#xD;
2020-11-25 14:48:14 - [MESSAGE][PASSED] - platform.Method.clickOnElement is PASSED&#xD;
&#xD;
2020-11-25 14:48:14 - [TEST_STEP][PASSED] - waitForElementPresent(findTestObject("Input/botLogo"), 20, OPTIONAL): Object 'Object Repository/Input/botLogo' is present&#xD;
&#xD;
2020-11-25 14:48:16 - [MESSAGE][PASSED] - Object 'Object Repository/Input/botLogo' is present&#xD;
&#xD;
2020-11-25 14:48:16 - [TEST_STEP][PASSED] - setText(findTestObject("Input/botLogo"), botLogo): Text 'https://avaamo.ai/wp-content/uploads/2017/01/chatbotsfuterpswm-300x225.jpg' is set on object 'Object Repository/Input/botLogo'&#xD;
&#xD;
2020-11-25 14:48:22 - [MESSAGE][PASSED] - Text 'https://avaamo.ai/wp-content/uploads/2017/01/chatbotsfuterpswm-300x225.jpg' is set on object 'Object Repository/Input/botLogo'&#xD;
&#xD;
2020-11-25 14:48:22 - [TEST_STEP][PASSED] - platform.Method.clickOnElement(findTestObject("Button/updateBot")): platform.Method.clickOnElement is PASSED&#xD;
&#xD;
2020-11-25 14:48:25 - [MESSAGE][PASSED] - platform.Method.clickOnElement is PASSED&#xD;
&#xD;
2020-11-25 14:48:25 - [TEST_STEP][PASSED] - verifyElementPresent(findTestObject("ICONS/toastMsg"), 15, CONTINUE_ON_FAILURE): Object 'Object Repository/ICONS/toastMsg' is present&#xD;
&#xD;
2020-11-25 14:48:29 - [MESSAGE][PASSED] - Object 'Object Repository/ICONS/toastMsg' is present&#xD;
&#xD;
2020-11-25 14:48:29 - [TEST_STEP][PASSED] - platform.Method.clickOnElement(findTestObject("Generic/articles")): platform.Method.clickOnElement is PASSED&#xD;
&#xD;
2020-11-25 14:48:32 - [MESSAGE][PASSED] - platform.Method.clickOnElement is PASSED&#xD;
&#xD;
2020-11-25 14:48:32 - [TEST_STEP][PASSED] - platform.Method.clickOnElement(findTestObject("Generic/webObjectWithText", ["textValue":"Welcome Message"])): platform.Method.clickOnElement is PASSED&#xD;
&#xD;
2020-11-25 14:48:34 - [MESSAGE][PASSED] - platform.Method.clickOnElement is PASSED&#xD;
&#xD;
2020-11-25 14:48:34 - [TEST_STEP][PASSED] - setText(findTestObject("Input/textResponse"), welcomeMessage): Text 'Hi! I'm your bank bot designed to help you with your basic queries on bank related areas.' is set on object 'Object Repository/Input/textResponse'&#xD;
&#xD;
2020-11-25 14:48:41 - [MESSAGE][PASSED] - Text 'Hi! I'm your bank bot designed to help you with your basic queries on bank related areas.' is set on object 'Object Repository/Input/textResponse'&#xD;
&#xD;
2020-11-25 14:48:41 - [TEST_STEP][PASSED] - platform.Method.clickOnElement(findTestObject("Button/save", ["value":"Save"])): platform.Method.clickOnElement is PASSED&#xD;
&#xD;
2020-11-25 14:48:43 - [MESSAGE][PASSED] - platform.Method.clickOnElement is PASSED&#xD;
&#xD;
2020-11-25 14:48:43 - [TEST_STEP][PASSED] - platform.Method.trainAndComment(comment): platform.Method.trainAndComment is PASSED&#xD;
&#xD;
2020-11-25 14:48:50 - [MESSAGE][INFO] - Unable to find the element located by 'By.xpath: //mat-icon[text()='sync' or text()='autorenew']'. Please recheck the objects properties to make sure the desired element is located. &#xD;
&#xD;
2020-11-25 14:48:50 - [MESSAGE][INFO] - BOT STATE IS TRAINED&#xD;
&#xD;
2020-11-25 14:48:50 - [MESSAGE][PASSED] - platform.Method.trainAndComment is PASSED&#xD;
&#xD;
2020-11-25 14:48:50 - [TEST_STEP][PASSED] - platform.Method.clickOnElement(findTestObject("Generic/webObjectWithText", ["textValue":"Partial match"])): platform.Method.clickOnElement is PASSED&#xD;
&#xD;
2020-11-25 14:48:52 - [MESSAGE][PASSED] - platform.Method.clickOnElement is PASSED&#xD;
&#xD;
2020-11-25 14:48:52 - [TEST_STEP][PASSED] - setText(findTestObject("Input/textResponse"), customMessage): Text 'Sorry, I was unable to comprehend your intentions. I've displayed suggestion that might to relatable to your query' is set on object 'Object Repository/Input/textResponse'&#xD;
&#xD;
2020-11-25 14:48:58 - [MESSAGE][PASSED] - Text 'Sorry, I was unable to comprehend your intentions. I've displayed suggestion that might to relatable to your query' is set on object 'Object Repository/Input/textResponse'&#xD;
&#xD;
2020-11-25 14:48:58 - [TEST_STEP][PASSED] - platform.Method.clickOnElement(findTestObject("Button/save", ["value":"Save"])): platform.Method.clickOnElement is PASSED&#xD;
&#xD;
2020-11-25 14:49:00 - [MESSAGE][PASSED] - platform.Method.clickOnElement is PASSED&#xD;
&#xD;
2020-11-25 14:49:00 - [TEST_STEP][PASSED] - verifyElementNotPresent(findTestObject("Button/train"), 5, CONTINUE_ON_FAILURE): Web element with id: 'Object Repository/Button/train' located by 'By.xpath: //mat-icon[text()='sync' or text()='autorenew']' is not present after '5' second(s)&#xD;
&#xD;
2020-11-25 14:49:02 - [MESSAGE][PASSED] - Web element with id: 'Object Repository/Button/train' located by 'By.xpath: //mat-icon[text()='sync' or text()='autorenew']' is not present after '5' second(s)&#xD;
&#xD;
2020-11-25 14:49:02 - [TEST_STEP][PASSED] - platform.Method.clickOnElement(findTestObject("Button/preview")): platform.Method.clickOnElement is PASSED&#xD;
&#xD;
2020-11-25 14:49:05 - [MESSAGE][PASSED] - platform.Method.clickOnElement is PASSED&#xD;
&#xD;
2020-11-25 14:49:05 - [TEST_STEP][PASSED] - verifyElementText(findTestObject("Generic/botReponse", ["index":1]), welcomeMessage, CONTINUE_ON_FAILURE): Actual text and expected text of test object 'Object Repository/Generic/botReponse' are matched.&#xD;
&#xD;
2020-11-25 14:49:07 - [MESSAGE][PASSED] - Actual text and expected text of test object 'Object Repository/Generic/botReponse' are matched.&#xD;
&#xD;
2020-11-25 14:49:07 - [TEST_STEP][PASSED] - platform.Method.clickOnElement(findTestObject("GenericII/minimize")): platform.Method.clickOnElement is PASSED&#xD;
&#xD;
2020-11-25 14:49:10 - [MESSAGE][PASSED] - platform.Method.clickOnElement is PASSED&#xD;
&#xD;
2020-11-25 14:49:10 - [TEST_STEP][PASSED] - platform.Method.clickOnElement(findTestObject("Generic/imiLogo")): platform.Method.clickOnElement is PASSED&#xD;
&#xD;
2020-11-25 14:49:12 - [MESSAGE][PASSED] - platform.Method.clickOnElement is PASSED&#xD;
&#xD;
2020-11-25 14:49:12 - [TEST_STEP][PASSED] - comment("################"): ################&#xD;
&#xD;
2020-11-25 14:49:12 - [MESSAGE][INFO] - ################</system-out>
            <system-err></system-err>
        </testcase>
        <testcase name="Test Cases/FAQ_SSO/botCardMenuWithFallbackMessage_Test" classname="Test Cases/FAQ_SSO/botCardMenuWithFallbackMessage_Test" status="PASSED">
            <system-out>2020-11-25 14:49:13 - [TEST_CASE][PASSED] - Test Cases/FAQ_SSO/botCardMenuWithFallbackMessage_Test: Test Cases/FAQ_SSO/botCardMenuWithFallbackMessage_Test&#xD;
&#xD;
2020-11-25 14:49:14 - [TEST_STEP][PASSED] - waitForElementVisible(findTestObject("Button/createBot"), 20, OPTIONAL): Object 'Object Repository/Button/createBot' is visible&#xD;
&#xD;
2020-11-25 14:49:24 - [MESSAGE][PASSED] - Object 'Object Repository/Button/createBot' is visible&#xD;
&#xD;
2020-11-25 14:49:24 - [TEST_STEP][PASSED] - botCardOptions = platform.Method.verifyBotCardMenu("Q&amp;A bots", FAQ_BOT): platform.Method.verifyBotCardMenu is PASSED&#xD;
&#xD;
2020-11-25 14:49:31 - [MESSAGE][PASSED] - Object 'Object Repository/Button/botCardPreview' is present&#xD;
&#xD;
2020-11-25 14:49:33 - [MESSAGE][PASSED] - Object: 'Object Repository/Button/botCardMenu' is hovered&#xD;
&#xD;
2020-11-25 14:49:41 - [MESSAGE][PASSED] - platform.Method.verifyBotCardMenu is PASSED&#xD;
&#xD;
2020-11-25 14:49:41 - [TEST_STEP][PASSED] - verifyElementPresent(findTestObject("Generic/webObjectWithText", ["textValue":"Copy Preview Link"]), 5, STOP_ON_FAILURE): Object 'Object Repository/Generic/webObjectWithText' is present&#xD;
&#xD;
2020-11-25 14:49:42 - [MESSAGE][PASSED] - Object 'Object Repository/Generic/webObjectWithText' is present&#xD;
&#xD;
2020-11-25 14:49:42 - [TEST_STEP][PASSED] - assert botCardOptions.containsAll(BOT_CARD_OPTION) == true: null&#xD;
&#xD;
2020-11-25 14:49:42 - [TEST_STEP][PASSED] - platform.Response.clickOnElement(findTestObject("Generic/webObjectWithText", ["textValue":FAQ_BOT])): platform.Response.clickOnElement is PASSED&#xD;
&#xD;
2020-11-25 14:49:45 - [MESSAGE][PASSED] - platform.Response.clickOnElement is PASSED&#xD;
&#xD;
2020-11-25 14:49:45 - [TEST_STEP][PASSED] - platform.Response.clickOnElement(findTestObject("Button/preview")): platform.Response.clickOnElement is PASSED&#xD;
&#xD;
2020-11-25 14:49:48 - [MESSAGE][PASSED] - platform.Response.clickOnElement is PASSED&#xD;
&#xD;
2020-11-25 14:49:48 - [TEST_STEP][PASSED] - sendKeys(findTestObject("Input/chatInput"), Keys.chord(userQuery, ENTER)): Keys 'ENTER + show last transaction receipt' sent to object: 'Object Repository/Input/chatInput'&#xD;
&#xD;
2020-11-25 14:49:51 - [MESSAGE][PASSED] - Keys 'ENTER + show last transaction receipt' sent to object: 'Object Repository/Input/chatInput'&#xD;
&#xD;
2020-11-25 14:49:51 - [TEST_STEP][PASSED] - waitForElementPresent(findTestObject("Generic/botReponse", ["index":2]), 20, OPTIONAL): Object 'Object Repository/Generic/botReponse' is present&#xD;
&#xD;
2020-11-25 14:49:52 - [MESSAGE][PASSED] - Object 'Object Repository/Generic/botReponse' is present&#xD;
&#xD;
2020-11-25 14:49:52 - [TEST_STEP][PASSED] - verifyElementText(findTestObject("Generic/botReponse", ["index":2]), botResponse, OPTIONAL): Actual text and expected text of test object 'Object Repository/Generic/botReponse' are matched.&#xD;
&#xD;
2020-11-25 14:49:55 - [MESSAGE][PASSED] - Actual text and expected text of test object 'Object Repository/Generic/botReponse' are matched.&#xD;
&#xD;
2020-11-25 14:49:55 - [TEST_STEP][PASSED] - getRoomIdAt = new java.util.ArrayList(): null&#xD;
&#xD;
2020-11-25 14:49:55 - [TEST_STEP][PASSED] - getRoomIdAt = platform.Utility.getRoomID(): platform.Utility.getRoomID is PASSED&#xD;
&#xD;
2020-11-25 14:50:02 - [MESSAGE][PASSED] - platform.Utility.getRoomID is PASSED&#xD;
&#xD;
2020-11-25 14:50:02 - [TEST_STEP][PASSED] - platform.Utility.overWriteTestData(sheetName, rowNumber, cellNumber, get(0).toString()): platform.Utility.overWriteTestData is PASSED&#xD;
&#xD;
2020-11-25 14:50:03 - [MESSAGE][PASSED] - platform.Utility.overWriteTestData is PASSED&#xD;
&#xD;
2020-11-25 14:50:03 - [TEST_STEP][PASSED] - platform.Response.clickOnElement(findTestObject("GenericII/minimize")): platform.Response.clickOnElement is PASSED&#xD;
&#xD;
2020-11-25 14:50:05 - [MESSAGE][PASSED] - platform.Response.clickOnElement is PASSED</system-out>
            <system-err></system-err>
        </testcase>
        <testcase name="Test Cases/FAQ_SSO/importArticlesFromCsv_Test" classname="Test Cases/FAQ_SSO/importArticlesFromCsv_Test" status="PASSED">
            <system-out>2020-11-25 14:50:05 - [TEST_CASE][PASSED] - Test Cases/FAQ_SSO/importArticlesFromCsv_Test: Test Cases/FAQ_SSO/importArticlesFromCsv_Test&#xD;
&#xD;
2020-11-25 14:50:06 - [TEST_STEP][PASSED] - platform.Method.clickOnElement(findTestObject("Generic/articles")): platform.Method.clickOnElement is PASSED&#xD;
&#xD;
2020-11-25 14:50:08 - [MESSAGE][PASSED] - platform.Method.clickOnElement is PASSED&#xD;
&#xD;
2020-11-25 14:50:08 - [TEST_STEP][PASSED] - platform.Articles.selectFromKebabMenu(findTestObject("Button/importIcon"), "Import From CSV"): platform.Articles.selectFromKebabMenu is PASSED&#xD;
&#xD;
2020-11-25 14:50:11 - [MESSAGE][PASSED] - Object 'Object Repository/Button/kebabMenu' is clickable&#xD;
&#xD;
2020-11-25 14:50:13 - [MESSAGE][INFO] - Selected value: Import From CSV&#xD;
&#xD;
2020-11-25 14:50:15 - [MESSAGE][PASSED] - platform.Articles.selectFromKebabMenu is PASSED&#xD;
&#xD;
2020-11-25 14:50:15 - [TEST_STEP][PASSED] - platform.Method.uploadCsvFile(false, fileName): platform.Method.uploadCsvFile is PASSED&#xD;
&#xD;
2020-11-25 14:50:15 - [MESSAGE][INFO] - PREVIOUS DATA NOT BE OVERRIDDEN&#xD;
&#xD;
2020-11-25 14:50:18 - [MESSAGE][PASSED] - File 'D:/IMIbot.ai-Project/Collection/DefaultBankFAQ.csv' sent to object: 'Object Repository/Input/uploadFile'&#xD;
&#xD;
2020-11-25 14:50:20 - [MESSAGE][PASSED] - platform.Method.uploadCsvFile is PASSED&#xD;
&#xD;
2020-11-25 14:50:20 - [TEST_STEP][PASSED] - platform.Method.trainAndComment(comment): platform.Method.trainAndComment is PASSED&#xD;
&#xD;
2020-11-25 14:50:27 - [MESSAGE][PASSED] - Keys 'Post upload train' sent to object: 'Object Repository/Input/comment'&#xD;
&#xD;
2020-11-25 14:50:30 - [MESSAGE][PASSED] - platform.Method.trainAndComment is PASSED&#xD;
&#xD;
2020-11-25 14:50:30 - [TEST_STEP][PASSED] - waitForElementPresent(findTestObject("ICONS/toastMsg"), 20, STOP_ON_FAILURE): Object 'Object Repository/ICONS/toastMsg' is present&#xD;
&#xD;
2020-11-25 14:50:37 - [MESSAGE][PASSED] - Object 'Object Repository/ICONS/toastMsg' is present&#xD;
&#xD;
2020-11-25 14:50:37 - [TEST_STEP][PASSED] - platform.Response.clickOnElement(findTestObject("Button/preview")): platform.Response.clickOnElement is PASSED&#xD;
&#xD;
2020-11-25 14:50:40 - [MESSAGE][PASSED] - platform.Response.clickOnElement is PASSED&#xD;
&#xD;
2020-11-25 14:50:40 - [TEST_STEP][PASSED] - waitForElementPresent(findTestObject("Input/chatInput"), 5, OPTIONAL): Object 'Object Repository/Input/chatInput' is present&#xD;
&#xD;
2020-11-25 14:50:41 - [MESSAGE][PASSED] - Object 'Object Repository/Input/chatInput' is present&#xD;
&#xD;
2020-11-25 14:50:41 - [TEST_STEP][PASSED] - sendKeys(findTestObject("Input/chatInput"), Keys.chord(userQuery, ENTER)): Keys 'ENTER + How do I report fraud?' sent to object: 'Object Repository/Input/chatInput'&#xD;
&#xD;
2020-11-25 14:50:44 - [MESSAGE][PASSED] - Keys 'ENTER + How do I report fraud?' sent to object: 'Object Repository/Input/chatInput'&#xD;
&#xD;
2020-11-25 14:50:44 - [TEST_STEP][PASSED] - delay(1): Delayed 1 second(s)&#xD;
&#xD;
2020-11-25 14:50:45 - [MESSAGE][PASSED] - Delayed 1 second(s)&#xD;
&#xD;
2020-11-25 14:50:45 - [TEST_STEP][PASSED] - platform.Preview.verifyBotResponse(stringToCheck): YOUR TEXT HAS A MATCH&#xD;
&#xD;
2020-11-25 14:50:48 - [MESSAGE][PASSED] - Delayed 3 second(s)&#xD;
&#xD;
2020-11-25 14:50:51 - [MESSAGE][PASSED] - YOUR TEXT HAS A MATCH&#xD;
&#xD;
2020-11-25 14:50:51 - [TEST_STEP][PASSED] - platform.Response.clickOnElement(findTestObject("GenericII/minimize")): platform.Response.clickOnElement is PASSED&#xD;
&#xD;
2020-11-25 14:50:53 - [MESSAGE][PASSED] - platform.Response.clickOnElement is PASSED</system-out>
            <system-err></system-err>
        </testcase>
        <testcase name="Test Cases/FAQ_SSO/extractArticleFromExternalLink_Test" classname="Test Cases/FAQ_SSO/extractArticleFromExternalLink_Test" status="PASSED">
            <system-out>2020-11-25 14:50:53 - [TEST_CASE][PASSED] - Test Cases/FAQ_SSO/extractArticleFromExternalLink_Test: Test Cases/FAQ_SSO/extractArticleFromExternalLink_Test&#xD;
&#xD;
2020-11-25 14:50:54 - [TEST_STEP][PASSED] - platform.Method.clickOnElement(findTestObject("Generic/articles")): platform.Method.clickOnElement is PASSED&#xD;
&#xD;
2020-11-25 14:50:57 - [MESSAGE][PASSED] - platform.Method.clickOnElement is PASSED&#xD;
&#xD;
2020-11-25 14:50:57 - [TEST_STEP][PASSED] - platform.Articles.selectFromKebabMenu(findTestObject("Button/extractExtLink"), "Extract from external link"): platform.Articles.selectFromKebabMenu is PASSED&#xD;
&#xD;
2020-11-25 14:50:59 - [MESSAGE][PASSED] - Object 'Object Repository/Button/kebabMenu' is clickable&#xD;
&#xD;
2020-11-25 14:51:01 - [MESSAGE][INFO] - Selected value: Extract from external link&#xD;
&#xD;
2020-11-25 14:51:03 - [MESSAGE][PASSED] - platform.Articles.selectFromKebabMenu is PASSED&#xD;
&#xD;
2020-11-25 14:51:03 - [TEST_STEP][PASSED] - verifyElementHasAttribute(findTestObject("Button/extract"), "disabled", 10, STOP_ON_FAILURE): Object 'Object Repository/Button/extract' has attribute 'disabled'&#xD;
&#xD;
2020-11-25 14:51:06 - [MESSAGE][PASSED] - Object 'Object Repository/Button/extract' has attribute 'disabled'&#xD;
&#xD;
2020-11-25 14:51:06 - [TEST_STEP][PASSED] - sendKeys(findTestObject("Input/extractLink"), EXTERNAL_LINK): Keys 'https://experience.imiconnect.io/faqs/' sent to object: 'Object Repository/Input/extractLink'&#xD;
&#xD;
2020-11-25 14:51:08 - [MESSAGE][PASSED] - Keys 'https://experience.imiconnect.io/faqs/' sent to object: 'Object Repository/Input/extractLink'&#xD;
&#xD;
2020-11-25 14:51:08 - [TEST_STEP][PASSED] - platform.Method.clickOnElement(findTestObject("Button/extract")): platform.Method.clickOnElement is PASSED&#xD;
&#xD;
2020-11-25 14:51:11 - [MESSAGE][PASSED] - platform.Method.clickOnElement is PASSED&#xD;
&#xD;
2020-11-25 14:51:11 - [TEST_STEP][PASSED] - check(findTestObject("Generic/articleCheckbox", ["index":1])): Object 'Object Repository/Generic/articleCheckbox' is checked&#xD;
&#xD;
2020-11-25 14:51:16 - [MESSAGE][PASSED] - Object 'Object Repository/Generic/articleCheckbox' is checked&#xD;
&#xD;
2020-11-25 14:51:16 - [TEST_STEP][PASSED] - check(findTestObject("Generic/articleCheckbox", ["index":3])): Object 'Object Repository/Generic/articleCheckbox' is checked&#xD;
&#xD;
2020-11-25 14:51:19 - [MESSAGE][PASSED] - Object 'Object Repository/Generic/articleCheckbox' is checked&#xD;
&#xD;
2020-11-25 14:51:19 - [TEST_STEP][PASSED] - check(findTestObject("Generic/articleCheckbox", ["index":5])): Object 'Object Repository/Generic/articleCheckbox' is checked&#xD;
&#xD;
2020-11-25 14:51:23 - [MESSAGE][PASSED] - Object 'Object Repository/Generic/articleCheckbox' is checked&#xD;
&#xD;
2020-11-25 14:51:23 - [TEST_STEP][PASSED] - testObject = modifyObjectProperty(findTestObject("Generic/header"), "xpath", "not equals", "//div[@class='heading' and contains(text(),'Detected FAQs')]", true): Modify property of object successfully&#xD;
&#xD;
2020-11-25 14:51:23 - [MESSAGE][PASSED] - Modify property of object successfully&#xD;
&#xD;
2020-11-25 14:51:23 - [TEST_STEP][PASSED] - getText().contains("3"): null&#xD;
&#xD;
2020-11-25 14:51:25 - [TEST_STEP][PASSED] - scrollToElement(findTestObject("Generic/webObjectWithText", ["textValue":"Import FAQs from link"]), 10): Scroll to object 'Object Repository/Generic/webObjectWithText' successfully&#xD;
&#xD;
2020-11-25 14:51:27 - [MESSAGE][PASSED] - Scroll to object 'Object Repository/Generic/webObjectWithText' successfully&#xD;
&#xD;
2020-11-25 14:51:27 - [TEST_STEP][PASSED] - check(findTestObject("Generic/allFaqCheckbox")): Object 'Object Repository/Generic/allFaqCheckbox' is checked&#xD;
&#xD;
2020-11-25 14:51:31 - [MESSAGE][PASSED] - Object 'Object Repository/Generic/allFaqCheckbox' is checked&#xD;
&#xD;
2020-11-25 14:51:31 - [TEST_STEP][PASSED] - getText().contains("10"): null&#xD;
&#xD;
2020-11-25 14:51:33 - [TEST_STEP][PASSED] - scrollToElement(findTestObject("Generic/faqImportBtn"), 10): Scroll to object 'Object Repository/Generic/faqImportBtn' successfully&#xD;
&#xD;
2020-11-25 14:51:35 - [MESSAGE][PASSED] - Scroll to object 'Object Repository/Generic/faqImportBtn' successfully&#xD;
&#xD;
2020-11-25 14:51:35 - [TEST_STEP][PASSED] - override = modifyObjectProperty(findTestObject("Toggle/override"), "xpath", "not equals", "//mat-slide-toggle[@formcontrolname='Override']//label/div", true, STOP_ON_FAILURE): Modify property of object successfully&#xD;
&#xD;
2020-11-25 14:51:35 - [MESSAGE][PASSED] - Modify property of object successfully&#xD;
&#xD;
2020-11-25 14:51:35 - [TEST_STEP][PASSED] - platform.Method.clickOnElement(override): platform.Method.clickOnElement is PASSED&#xD;
&#xD;
2020-11-25 14:51:37 - [MESSAGE][PASSED] - platform.Method.clickOnElement is PASSED&#xD;
&#xD;
2020-11-25 14:51:37 - [TEST_STEP][PASSED] - platform.Method.clickOnElement(findTestObject("Generic/faqImportBtn")): platform.Method.clickOnElement is PASSED&#xD;
&#xD;
2020-11-25 14:51:40 - [MESSAGE][PASSED] - platform.Method.clickOnElement is PASSED&#xD;
&#xD;
2020-11-25 14:51:40 - [TEST_STEP][PASSED] - verifyElementText(findTestObject("Generic/articleState"), "Saved", STOP_ON_FAILURE): Actual text and expected text of test object 'Object Repository/Generic/articleState' are matched.&#xD;
&#xD;
2020-11-25 14:51:42 - [MESSAGE][PASSED] - Actual text and expected text of test object 'Object Repository/Generic/articleState' are matched.&#xD;
&#xD;
2020-11-25 14:51:42 - [TEST_STEP][PASSED] - verifyElementPresent(findTestObject("Generic/nextPage"), 5, STOP_ON_FAILURE): Object 'Object Repository/Generic/nextPage' is present&#xD;
&#xD;
2020-11-25 14:51:43 - [MESSAGE][PASSED] - Object 'Object Repository/Generic/nextPage' is present&#xD;
&#xD;
2020-11-25 14:51:43 - [TEST_STEP][PASSED] - platform.Method.trainAndComment(comment): platform.Method.trainAndComment is PASSED&#xD;
&#xD;
2020-11-25 14:51:50 - [MESSAGE][PASSED] - Keys 'Post extraction train' sent to object: 'Object Repository/Input/comment'&#xD;
&#xD;
2020-11-25 14:51:52 - [MESSAGE][PASSED] - platform.Method.trainAndComment is PASSED&#xD;
&#xD;
2020-11-25 14:51:52 - [TEST_STEP][PASSED] - waitForElementPresent(findTestObject("ICONS/toastMsg"), 20, STOP_ON_FAILURE): Object 'Object Repository/ICONS/toastMsg' is present&#xD;
&#xD;
2020-11-25 14:52:00 - [MESSAGE][PASSED] - Object 'Object Repository/ICONS/toastMsg' is present&#xD;
&#xD;
2020-11-25 14:52:00 - [TEST_STEP][PASSED] - platform.Method.clickOnElement(findTestObject("Button/preview")): platform.Method.clickOnElement is PASSED&#xD;
&#xD;
2020-11-25 14:52:02 - [MESSAGE][PASSED] - platform.Method.clickOnElement is PASSED&#xD;
&#xD;
2020-11-25 14:52:02 - [TEST_STEP][PASSED] - waitForElementPresent(findTestObject("Input/chatInput"), 10, STOP_ON_FAILURE): Object 'Object Repository/Input/chatInput' is present&#xD;
&#xD;
2020-11-25 14:52:04 - [MESSAGE][PASSED] - Object 'Object Repository/Input/chatInput' is present&#xD;
&#xD;
2020-11-25 14:52:04 - [TEST_STEP][PASSED] - platform.Preview.verifyBotTextResponse(userQuery, 2, strCheck): platform.Preview.verifyBotTextResponse is PASSED&#xD;
&#xD;
2020-11-25 14:52:06 - [MESSAGE][PASSED] - Keys 'ENTER + How can I view my transactions?' sent to object: 'Object Repository/Input/chatInput'&#xD;
&#xD;
2020-11-25 14:52:08 - [MESSAGE][PASSED] - Object 'Object Repository/GenericII/getBotResponse' is present&#xD;
&#xD;
2020-11-25 14:52:10 - [MESSAGE][PASSED] - Actual text and expected text of test object 'Object Repository/GenericII/getBotResponse' are matched.&#xD;
&#xD;
2020-11-25 14:52:10 - [MESSAGE][PASSED] - platform.Preview.verifyBotTextResponse is PASSED&#xD;
&#xD;
2020-11-25 14:52:10 - [TEST_STEP][PASSED] - platform.Response.clickOnElement(findTestObject("GenericII/minimize")): platform.Response.clickOnElement is PASSED&#xD;
&#xD;
2020-11-25 14:52:12 - [MESSAGE][PASSED] - platform.Response.clickOnElement is PASSED</system-out>
            <system-err></system-err>
        </testcase>
        <testcase name="Test Cases/FAQ_SSO/searchArticle_Test" classname="Test Cases/FAQ_SSO/searchArticle_Test" status="PASSED">
            <system-out>2020-11-25 14:52:12 - [TEST_CASE][PASSED] - Test Cases/FAQ_SSO/searchArticle_Test: Test Cases/FAQ_SSO/searchArticle_Test&#xD;
&#xD;
2020-11-25 14:52:13 - [TEST_STEP][PASSED] - sendKeys(findTestObject("Input/searchForQuestion"), searchQuestion): Keys 'how can you help?' sent to object: 'Object Repository/Input/searchForQuestion'&#xD;
&#xD;
2020-11-25 14:52:15 - [MESSAGE][PASSED] - Keys 'how can you help?' sent to object: 'Object Repository/Input/searchForQuestion'&#xD;
&#xD;
2020-11-25 14:52:15 - [TEST_STEP][PASSED] - platform.Method.clickOnElement(findTestObject("Generic/searchResult")): platform.Method.clickOnElement is PASSED&#xD;
&#xD;
2020-11-25 14:52:18 - [MESSAGE][PASSED] - platform.Method.clickOnElement is PASSED&#xD;
&#xD;
2020-11-25 14:52:18 - [TEST_STEP][PASSED] - firstQuestion = findWebElement(findTestObject("Generic/header"), 10).getText(): null&#xD;
&#xD;
2020-11-25 14:52:20 - [TEST_STEP][PASSED] - setText(findTestObject("Input/searchForQuestion"), newSearchQuestion): Text 'suspected fraud' is set on object 'Object Repository/Input/searchForQuestion'&#xD;
&#xD;
2020-11-25 14:52:24 - [MESSAGE][PASSED] - Text 'suspected fraud' is set on object 'Object Repository/Input/searchForQuestion'&#xD;
&#xD;
2020-11-25 14:52:24 - [TEST_STEP][PASSED] - platform.Method.clickOnElement(findTestObject("Generic/searchResult")): platform.Method.clickOnElement is PASSED&#xD;
&#xD;
2020-11-25 14:52:27 - [MESSAGE][PASSED] - platform.Method.clickOnElement is PASSED&#xD;
&#xD;
2020-11-25 14:52:27 - [TEST_STEP][PASSED] - newFirstQuestion = findWebElement(findTestObject("Generic/header"), 10).getText(): null&#xD;
&#xD;
2020-11-25 14:52:29 - [TEST_STEP][PASSED] - assert firstQuestion.equalsIgnoreCase(newFirstQuestion) == false: null&#xD;
&#xD;
2020-11-25 14:52:29 - [TEST_STEP][PASSED] - clearText(findTestObject("Input/searchForQuestion")): Text of object 'Object Repository/Input/searchForQuestion' is cleared&#xD;
&#xD;
2020-11-25 14:52:31 - [MESSAGE][PASSED] - Text of object 'Object Repository/Input/searchForQuestion' is cleared</system-out>
            <system-err></system-err>
        </testcase>
        <testcase name="Test Cases/FAQ_SSO/downvoteWithComment_Test" classname="Test Cases/FAQ_SSO/downvoteWithComment_Test" status="PASSED">
            <system-out>2020-11-25 14:52:31 - [TEST_CASE][PASSED] - Test Cases/FAQ_SSO/downvoteWithComment_Test: Test Cases/FAQ_SSO/downvoteWithComment_Test&#xD;
&#xD;
2020-11-25 14:52:33 - [TEST_STEP][PASSED] - platform.Method.clickOnElement(findTestObject("Generic/articles")): platform.Method.clickOnElement is PASSED&#xD;
&#xD;
2020-11-25 14:52:35 - [MESSAGE][PASSED] - platform.Method.clickOnElement is PASSED&#xD;
&#xD;
2020-11-25 14:52:35 - [TEST_STEP][PASSED] - platform.Method.trainAndComment(comment): platform.Method.trainAndComment is PASSED&#xD;
&#xD;
2020-11-25 14:52:50 - [MESSAGE][INFO] - Unable to find the element located by 'By.xpath: //*[@formcontrolname = 'inputData']'. Please recheck the objects properties to make sure the desired element is located. &#xD;
&#xD;
2020-11-25 14:52:52 - [MESSAGE][FAILED] - Unable to send keys 'post faq extraction test' to object 'Object Repository/Input/comment' (Root cause: com.kms.katalon.core.exception.StepFailedException: Unable to send keys 'post faq extraction test' to object 'Object Repository/Input/comment'&#xD;
	at com.kms.katalon.core.webui.keyword.internal.WebUIKeywordMain.stepFailed(WebUIKeywordMain.groovy:64)&#xD;
	at com.kms.katalon.core.webui.keyword.internal.WebUIKeywordMain.runKeyword(WebUIKeywordMain.groovy:26)&#xD;
	at com.kms.katalon.core.webui.keyword.builtin.SendKeysKeyword.sendKeys(SendKeysKeyword.groovy:60)&#xD;
	at com.kms.katalon.core.webui.keyword.builtin.SendKeysKeyword.execute(SendKeysKeyword.groovy:38)&#xD;
	at com.kms.katalon.core.keyword.internal.KeywordExecutor.executeKeywordForPlatform(KeywordExecutor.groovy:56)&#xD;
	at com.kms.katalon.core.webui.keyword.WebUiBuiltInKeywords.sendKeys(WebUiBuiltInKeywords.groovy:834)&#xD;
	at com.kms.katalon.core.webui.keyword.WebUiBuiltInKeywords$sendKeys$1.call(Unknown Source)&#xD;
	at platform.Method.trainAndComment(Method.groovy:101)&#xD;
	at platform.Method.invokeMethod(Method.groovy)&#xD;
	at com.kms.katalon.core.main.CustomKeywordDelegatingMetaClass.invokeStaticMethod(CustomKeywordDelegatingMetaClass.java:50)&#xD;
	at downvoteWithComment_Test.run(downvoteWithComment_Test:26)&#xD;
	at com.kms.katalon.core.main.ScriptEngine.run(ScriptEngine.java:194)&#xD;
	at com.kms.katalon.core.main.ScriptEngine.runScriptAsRawText(ScriptEngine.java:119)&#xD;
	at com.kms.katalon.core.main.TestCaseExecutor.runScript(TestCaseExecutor.java:337)&#xD;
	at com.kms.katalon.core.main.TestCaseExecutor.doExecute(TestCaseExecutor.java:328)&#xD;
	at com.kms.katalon.core.main.TestCaseExecutor.processExecutionPhase(TestCaseExecutor.java:307)&#xD;
	at com.kms.katalon.core.main.TestCaseExecutor.accessMainPhase(TestCaseExecutor.java:299)&#xD;
	at com.kms.katalon.core.main.TestCaseExecutor.execute(TestCaseExecutor.java:233)&#xD;
	at com.kms.katalon.core.main.TestSuiteExecutor.accessTestCaseMainPhase(TestSuiteExecutor.java:169)&#xD;
	at com.kms.katalon.core.main.TestSuiteExecutor.accessTestSuiteMainPhase(TestSuiteExecutor.java:142)&#xD;
	at com.kms.katalon.core.main.TestSuiteExecutor.execute(TestSuiteExecutor.java:91)&#xD;
	at com.kms.katalon.core.main.TestCaseMain.startTestSuite(TestCaseMain.java:157)&#xD;
	at com.kms.katalon.core.main.TestCaseMain$startTestSuite$0.call(Unknown Source)&#xD;
	at TempTestSuite1606295744178.run(TempTestSuite1606295744178.groovy:35)&#xD;
Caused by: com.kms.katalon.core.webui.exception.WebElementNotFoundException: Web element with id: 'Object Repository/Input/comment' located by 'By.xpath: //*[@formcontrolname = 'inputData']' not found&#xD;
	at com.kms.katalon.core.webui.common.WebUiCommonHelper.findWebElement(WebUiCommonHelper.java:1097)&#xD;
	at com.kms.katalon.core.webui.keyword.internal.WebUIAbstractKeyword.findWebElement(WebUIAbstractKeyword.groovy:27)&#xD;
	at com.kms.katalon.core.webui.keyword.internal.WebUIAbstractKeyword.findWebElement(WebUIAbstractKeyword.groovy:26)&#xD;
	at com.kms.katalon.core.webui.keyword.builtin.SendKeysKeyword$_sendKeys_closure1.doCall(SendKeysKeyword.groovy:52)&#xD;
	at com.kms.katalon.core.webui.keyword.builtin.SendKeysKeyword$_sendKeys_closure1.call(SendKeysKeyword.groovy)&#xD;
	at com.kms.katalon.core.webui.keyword.internal.WebUIKeywordMain.runKeyword(WebUIKeywordMain.groovy:20)&#xD;
	at com.kms.katalon.core.webui.keyword.builtin.SendKeysKeyword.sendKeys(SendKeysKeyword.groovy:60)&#xD;
	at com.kms.katalon.core.webui.keyword.builtin.SendKeysKeyword.execute(SendKeysKeyword.groovy:38)&#xD;
	at com.kms.katalon.core.keyword.internal.KeywordExecutor.executeKeywordForPlatform(KeywordExecutor.groovy:56)&#xD;
	at com.kms.katalon.core.webui.keyword.WebUiBuiltInKeywords.sendKeys(WebUiBuiltInKeywords.groovy:834)&#xD;
	at com.kms.katalon.core.webui.keyword.WebUiBuiltInKeywords$sendKeys$1.call(Unknown Source)&#xD;
	at platform.Method.trainAndComment(Method.groovy:101)&#xD;
	at platform.Method.invokeMethod(Method.groovy)&#xD;
	at com.kms.katalon.core.main.CustomKeywordDelegatingMetaClass.invokeStaticMethod(CustomKeywordDelegatingMetaClass.java:50)&#xD;
	at Script1598428429858.run(Script1598428429858.groovy:26)&#xD;
	... 13 more&#xD;
)&#xD;
[[ATTACHMENT|D:\\IMIbot.ai-Project\\Reports\\20201125_144544\\FAQ_SSO\\20201125_144544\\1606296170712.png]]&#xD;
&#xD;
2020-11-25 14:52:52 - [MESSAGE][INFO] - BOT STATE IS TRAINED&#xD;
&#xD;
2020-11-25 14:52:52 - [MESSAGE][PASSED] - platform.Method.trainAndComment is PASSED&#xD;
&#xD;
2020-11-25 14:52:52 - [TEST_STEP][PASSED] - try: Object 'Object Repository/ICONS/toastMsg' is not present after 10 second(s)&#xD;
&#xD;
2020-11-25 14:52:52 - [TEST_STEP][PASSED] - waitForElementPresent(findTestObject("ICONS/toastMsg"), 10): Object 'Object Repository/ICONS/toastMsg' is not present after 10 second(s)&#xD;
&#xD;
2020-11-25 14:53:03 - [MESSAGE][INFO] - Unable to find the element located by 'By.xpath: //simple-snack-bar'. Please recheck the objects properties to make sure the desired element is located. &#xD;
&#xD;
2020-11-25 14:53:03 - [MESSAGE][WARNING] - Object 'Object Repository/ICONS/toastMsg' is not present after 10 second(s)&#xD;
&#xD;
2020-11-25 14:53:03 - [TEST_STEP][PASSED] - platform.Method.clickOnElement(findTestObject("Button/preview")): platform.Method.clickOnElement is PASSED&#xD;
&#xD;
2020-11-25 14:53:06 - [MESSAGE][PASSED] - platform.Method.clickOnElement is PASSED&#xD;
&#xD;
2020-11-25 14:53:06 - [TEST_STEP][PASSED] - waitForElementPresent(findTestObject("Input/chatInput"), 20, STOP_ON_FAILURE): Object 'Object Repository/Input/chatInput' is present&#xD;
&#xD;
2020-11-25 14:53:07 - [MESSAGE][PASSED] - Object 'Object Repository/Input/chatInput' is present&#xD;
&#xD;
2020-11-25 14:53:07 - [TEST_STEP][PASSED] - sendKeys(findTestObject("Input/chatInput"), Keys.chord(userQuery, ENTER)): Keys 'ENTER + what is loyalty program?' sent to object: 'Object Repository/Input/chatInput'&#xD;
&#xD;
2020-11-25 14:53:09 - [MESSAGE][PASSED] - Keys 'ENTER + what is loyalty program?' sent to object: 'Object Repository/Input/chatInput'&#xD;
&#xD;
2020-11-25 14:53:09 - [TEST_STEP][PASSED] - verifyElementText(findTestObject("Generic/botReponse", ["index":2]), botResponse, OPTIONAL): Actual text and expected text of test object 'Object Repository/Generic/botReponse' are matched.&#xD;
&#xD;
2020-11-25 14:53:12 - [MESSAGE][PASSED] - Actual text and expected text of test object 'Object Repository/Generic/botReponse' are matched.&#xD;
&#xD;
2020-11-25 14:53:12 - [TEST_STEP][PASSED] - platform.Preview.downvoteResponseWithComment(downvoteComment): platform.Preview.downvoteResponseWithComment is PASSED&#xD;
&#xD;
2020-11-25 14:53:14 - [MESSAGE][PASSED] - Object: 'Object Repository/Button/downvote' is clicked on&#xD;
&#xD;
2020-11-25 14:53:17 - [MESSAGE][PASSED] - Keys 'Bot response doesn't answer my query' sent to object: 'Object Repository/Input/downvoteComment'&#xD;
&#xD;
2020-11-25 14:53:19 - [MESSAGE][PASSED] - platform.Preview.downvoteResponseWithComment is PASSED&#xD;
&#xD;
2020-11-25 14:53:19 - [TEST_STEP][PASSED] - getRoomIdAt = new java.util.ArrayList(): null&#xD;
&#xD;
2020-11-25 14:53:19 - [TEST_STEP][PASSED] - getRoomIdAt = platform.Utility.getRoomID(): platform.Utility.getRoomID is PASSED&#xD;
&#xD;
2020-11-25 14:53:29 - [MESSAGE][PASSED] - platform.Utility.getRoomID is PASSED&#xD;
&#xD;
2020-11-25 14:53:29 - [TEST_STEP][PASSED] - roomID = get(0).toString(): null&#xD;
&#xD;
2020-11-25 14:53:29 - [TEST_STEP][PASSED] - platform.Utility.overWriteTestData(sheetName, rowNumber, cellNumber, roomID): platform.Utility.overWriteTestData is PASSED&#xD;
&#xD;
2020-11-25 14:53:29 - [MESSAGE][PASSED] - platform.Utility.overWriteTestData is PASSED&#xD;
&#xD;
2020-11-25 14:53:29 - [TEST_STEP][PASSED] - platform.Method.clickOnElement(findTestObject("Generic/session")): platform.Method.clickOnElement is PASSED&#xD;
&#xD;
2020-11-25 14:53:32 - [MESSAGE][PASSED] - platform.Method.clickOnElement is PASSED&#xD;
&#xD;
2020-11-25 14:53:32 - [TEST_STEP][PASSED] - platform.Method.clickOnElement(findTestObject("GenericII/minimize")): platform.Method.clickOnElement is PASSED&#xD;
&#xD;
2020-11-25 14:53:35 - [MESSAGE][PASSED] - platform.Method.clickOnElement is PASSED&#xD;
&#xD;
2020-11-25 14:53:35 - [TEST_STEP][PASSED] - setText(findTestObject("Input/roomID", ["value":"id"]), roomID): Text '1988705' is set on object 'Object Repository/Input/roomID'&#xD;
&#xD;
2020-11-25 14:53:38 - [MESSAGE][PASSED] - Text '1988705' is set on object 'Object Repository/Input/roomID'&#xD;
&#xD;
2020-11-25 14:53:38 - [TEST_STEP][PASSED] - platform.Method.clickOnElement(findTestObject("Button/submitSession")): platform.Method.clickOnElement is PASSED&#xD;
&#xD;
2020-11-25 14:53:41 - [MESSAGE][PASSED] - platform.Method.clickOnElement is PASSED&#xD;
&#xD;
2020-11-25 14:53:41 - [TEST_STEP][PASSED] - waitForElementPresent(findTestObject("Generic/webObjectWithText", ["textValue":roomID]), 10): Object 'Object Repository/Generic/webObjectWithText' is present&#xD;
&#xD;
2020-11-25 14:53:42 - [MESSAGE][PASSED] - Object 'Object Repository/Generic/webObjectWithText' is present&#xD;
&#xD;
2020-11-25 14:53:42 - [TEST_STEP][PASSED] - platform.Method.clickOnElement(findTestObject("Generic/webObjectWithText", ["textValue":roomID])): platform.Method.clickOnElement is PASSED&#xD;
&#xD;
2020-11-25 14:53:44 - [MESSAGE][PASSED] - platform.Method.clickOnElement is PASSED&#xD;
&#xD;
2020-11-25 14:53:44 - [TEST_STEP][PASSED] - mouseOver(findTestObject("Generic/webObjectWithText", ["textValue":"Downvoted with comment"])): Object: 'Object Repository/Generic/webObjectWithText' is hovered&#xD;
&#xD;
2020-11-25 14:53:47 - [MESSAGE][PASSED] - Object: 'Object Repository/Generic/webObjectWithText' is hovered&#xD;
&#xD;
2020-11-25 14:53:47 - [TEST_STEP][PASSED] - platform.Method.clickOnElement(findTestObject("Generic/webObjectWithText", ["textValue":"Downvoted with comment"])): platform.Method.clickOnElement is PASSED&#xD;
&#xD;
2020-11-25 14:53:49 - [MESSAGE][PASSED] - platform.Method.clickOnElement is PASSED&#xD;
&#xD;
2020-11-25 14:53:49 - [TEST_STEP][PASSED] - platform.Method.clickOnElement(findTestObject("GenericII/closePopup")): platform.Method.clickOnElement is PASSED&#xD;
&#xD;
2020-11-25 14:53:52 - [MESSAGE][PASSED] - platform.Method.clickOnElement is PASSED</system-out>
            <system-err></system-err>
        </testcase>
        <testcase name="Test Cases/FAQ_SSO/addToCurationFromSessions_Test" classname="Test Cases/FAQ_SSO/addToCurationFromSessions_Test" status="PASSED">
            <system-out>2020-11-25 14:53:52 - [TEST_CASE][PASSED] - Test Cases/FAQ_SSO/addToCurationFromSessions_Test: Test Cases/FAQ_SSO/addToCurationFromSessions_Test&#xD;
&#xD;
2020-11-25 14:53:53 - [TEST_STEP][PASSED] - platform.Method.clickOnElement(findTestObject("Generic/articles")): platform.Method.clickOnElement is PASSED&#xD;
&#xD;
2020-11-25 14:53:55 - [MESSAGE][PASSED] - platform.Method.clickOnElement is PASSED&#xD;
&#xD;
2020-11-25 14:53:55 - [TEST_STEP][PASSED] - platform.Method.trainAndComment(comment): platform.Method.trainAndComment is PASSED&#xD;
&#xD;
2020-11-25 14:54:01 - [MESSAGE][INFO] - Unable to find the element located by 'By.xpath: //mat-icon[text()='sync' or text()='autorenew']'. Please recheck the objects properties to make sure the desired element is located. &#xD;
&#xD;
2020-11-25 14:54:01 - [MESSAGE][INFO] - BOT STATE IS TRAINED&#xD;
&#xD;
2020-11-25 14:54:01 - [MESSAGE][PASSED] - platform.Method.trainAndComment is PASSED&#xD;
&#xD;
2020-11-25 14:54:01 - [TEST_STEP][PASSED] - platform.Method.clickOnElement(findTestObject("Generic/session")): platform.Method.clickOnElement is PASSED&#xD;
&#xD;
2020-11-25 14:54:04 - [MESSAGE][PASSED] - platform.Method.clickOnElement is PASSED&#xD;
&#xD;
2020-11-25 14:54:04 - [TEST_STEP][PASSED] - platform.Method.clickOnElement(findTestObject("Button/preview")): platform.Method.clickOnElement is PASSED&#xD;
&#xD;
2020-11-25 14:54:07 - [MESSAGE][PASSED] - platform.Method.clickOnElement is PASSED&#xD;
&#xD;
2020-11-25 14:54:07 - [TEST_STEP][PASSED] - sendKeys(findTestObject("Input/chatInput"), Keys.chord(userQuery, ENTER)): Keys 'ENTER + How balance transfer works in credit card?' sent to object: 'Object Repository/Input/chatInput'&#xD;
&#xD;
2020-11-25 14:54:10 - [MESSAGE][PASSED] - Keys 'ENTER + How balance transfer works in credit card?' sent to object: 'Object Repository/Input/chatInput'&#xD;
&#xD;
2020-11-25 14:54:10 - [TEST_STEP][PASSED] - getRoomIdAt = new java.util.ArrayList(): null&#xD;
&#xD;
2020-11-25 14:54:10 - [TEST_STEP][PASSED] - getRoomIdAt = platform.Utility.getRoomID(): platform.Utility.getRoomID is PASSED&#xD;
&#xD;
2020-11-25 14:54:21 - [MESSAGE][PASSED] - platform.Utility.getRoomID is PASSED&#xD;
&#xD;
2020-11-25 14:54:21 - [TEST_STEP][PASSED] - platform.Method.clickOnElement(findTestObject("GenericII/minimize")): platform.Method.clickOnElement is PASSED&#xD;
&#xD;
2020-11-25 14:54:23 - [MESSAGE][PASSED] - platform.Method.clickOnElement is PASSED&#xD;
&#xD;
2020-11-25 14:54:23 - [TEST_STEP][PASSED] - roomID = get(0).toString(): null&#xD;
&#xD;
2020-11-25 14:54:23 - [TEST_STEP][PASSED] - platform.Utility.overWriteTestData(sheetName, rowNumber, cellNumber, roomID): platform.Utility.overWriteTestData is PASSED&#xD;
&#xD;
2020-11-25 14:54:24 - [MESSAGE][PASSED] - platform.Utility.overWriteTestData is PASSED&#xD;
&#xD;
2020-11-25 14:54:24 - [TEST_STEP][PASSED] - setText(findTestObject("Input/roomID", ["value":"id"]), roomID): Text '1988706' is set on object 'Object Repository/Input/roomID'&#xD;
&#xD;
2020-11-25 14:54:27 - [MESSAGE][PASSED] - Text '1988706' is set on object 'Object Repository/Input/roomID'&#xD;
&#xD;
2020-11-25 14:54:27 - [TEST_STEP][PASSED] - platform.Method.clickOnElement(findTestObject("Button/submitSession")): platform.Method.clickOnElement is PASSED&#xD;
&#xD;
2020-11-25 14:54:30 - [MESSAGE][PASSED] - platform.Method.clickOnElement is PASSED&#xD;
&#xD;
2020-11-25 14:54:30 - [TEST_STEP][PASSED] - platform.Method.clickOnElement(findTestObject("Generic/webObjectWithText", ["textValue":roomID])): platform.Method.clickOnElement is PASSED&#xD;
&#xD;
2020-11-25 14:54:32 - [MESSAGE][PASSED] - platform.Method.clickOnElement is PASSED&#xD;
&#xD;
2020-11-25 14:54:32 - [TEST_STEP][PASSED] - platform.Method.clickOnElement(findTestObject("NewRepo/addToCurationFlag", ["index":1])): platform.Method.clickOnElement is PASSED&#xD;
&#xD;
2020-11-25 14:54:35 - [MESSAGE][PASSED] - platform.Method.clickOnElement is PASSED&#xD;
&#xD;
2020-11-25 14:54:35 - [TEST_STEP][PASSED] - verifyElementPresent(findTestObject("NewRepo/messageInCuration"), 10, STOP_ON_FAILURE): Object 'Object Repository/NewRepo/messageInCuration' is present&#xD;
&#xD;
2020-11-25 14:54:36 - [MESSAGE][PASSED] - Object 'Object Repository/NewRepo/messageInCuration' is present&#xD;
&#xD;
2020-11-25 14:54:36 - [TEST_STEP][PASSED] - platform.Method.clickOnElement(findTestObject("GenericII/closePopup")): platform.Method.clickOnElement is PASSED&#xD;
&#xD;
2020-11-25 14:54:38 - [MESSAGE][PASSED] - platform.Method.clickOnElement is PASSED&#xD;
&#xD;
2020-11-25 14:54:38 - [TEST_STEP][PASSED] - platform.Method.clickOnElement(findTestObject("Generic/curation")): platform.Method.clickOnElement is PASSED&#xD;
&#xD;
2020-11-25 14:54:41 - [MESSAGE][PASSED] - platform.Method.clickOnElement is PASSED&#xD;
&#xD;
2020-11-25 14:54:41 - [TEST_STEP][PASSED] - platform.Method.clickOnElement(findTestObject("Generic/webObjectWithText", ["textValue":" From sessions "])): platform.Method.clickOnElement is PASSED&#xD;
&#xD;
2020-11-25 14:54:44 - [MESSAGE][PASSED] - platform.Method.clickOnElement is PASSED&#xD;
&#xD;
2020-11-25 14:54:44 - [TEST_STEP][PASSED] - sendKeys(findTestObject("Input/roomID", ["value":"room_id"]), roomID): Keys '1988706' sent to object: 'Object Repository/Input/roomID'&#xD;
&#xD;
2020-11-25 14:54:46 - [MESSAGE][PASSED] - Keys '1988706' sent to object: 'Object Repository/Input/roomID'&#xD;
&#xD;
2020-11-25 14:54:46 - [TEST_STEP][PASSED] - platform.Method.clickOnElement(findTestObject("Button/filter")): platform.Method.clickOnElement is PASSED&#xD;
&#xD;
2020-11-25 14:54:49 - [MESSAGE][PASSED] - platform.Method.clickOnElement is PASSED&#xD;
&#xD;
2020-11-25 14:54:49 - [TEST_STEP][PASSED] - verifyTextPresent(roomID, false, STOP_ON_FAILURE): Text '1988706' is present on page &#xD;
&#xD;
2020-11-25 14:54:52 - [MESSAGE][PASSED] - Text '1988706' is present on page</system-out>
            <system-err></system-err>
        </testcase>
        <testcase name="Test Cases/FAQ_SSO/createArticleWithRichResponseInCategory_Test" classname="Test Cases/FAQ_SSO/createArticleWithRichResponseInCategory_Test" status="PASSED">
            <system-out>2020-11-25 14:54:52 - [TEST_CASE][PASSED] - Test Cases/FAQ_SSO/createArticleWithRichResponseInCategory_Test: Test Cases/FAQ_SSO/createArticleWithRichResponseInCategory_Test&#xD;
&#xD;
2020-11-25 14:54:53 - [TEST_STEP][PASSED] - platform.Method.clickOnElement(findTestObject("Generic/articles")): platform.Method.clickOnElement is PASSED&#xD;
&#xD;
2020-11-25 14:54:55 - [MESSAGE][PASSED] - platform.Method.clickOnElement is PASSED&#xD;
&#xD;
2020-11-25 14:54:55 - [TEST_STEP][PASSED] - testData = findTestData("Data Files/testData_FAQ"): null&#xD;
&#xD;
2020-11-25 14:54:55 - [TEST_STEP][PASSED] - platform.Articles.createNewArticle(testData, testData.getValue("default_question", 1)): platform.Articles.createNewArticle is PASSED&#xD;
&#xD;
2020-11-25 14:55:01 - [MESSAGE][PASSED] - Keys 'What are the benefits of MyBank credit card?' sent to object: 'Object Repository/Input/defaultQuestion'&#xD;
&#xD;
2020-11-25 14:55:01 - [MESSAGE][PASSED] - platform.Articles.createNewArticle is PASSED&#xD;
&#xD;
2020-11-25 14:55:01 - [TEST_STEP][PASSED] - platform.Method.clickOnElement(findTestObject("NewRepo/carousel")): platform.Method.clickOnElement is PASSED&#xD;
&#xD;
2020-11-25 14:55:04 - [MESSAGE][PASSED] - platform.Method.clickOnElement is PASSED&#xD;
&#xD;
2020-11-25 14:55:04 - [TEST_STEP][PASSED] - platform.ResponseDesigner.deleteDefaultTextTemplate(): platform.ResponseDesigner.deleteDefaultTextTemplate is PASSED&#xD;
&#xD;
2020-11-25 14:55:06 - [MESSAGE][PASSED] - Scroll to object 'Object Repository/WEB_OBJECTS/trashIcon' successfully&#xD;
&#xD;
2020-11-25 14:55:08 - [MESSAGE][PASSED] - Object 'Object Repository/WEB_OBJECTS/trashIcon' is visible&#xD;
&#xD;
2020-11-25 14:55:10 - [MESSAGE][PASSED] - platform.ResponseDesigner.deleteDefaultTextTemplate is PASSED&#xD;
&#xD;
2020-11-25 14:55:10 - [TEST_STEP][PASSED] - platform.ResponseDesigner.configureCarouselResponse(1, null, testData.getValue("carousel_url", 1), testData.getValue("label_value", 1), "default", "how can you help"): platform.ResponseDesigner.configureCarouselResponse is PASSED&#xD;
&#xD;
2020-11-25 14:55:13 - [MESSAGE][PASSED] - Modify property of object successfully&#xD;
&#xD;
2020-11-25 14:55:18 - [MESSAGE][PASSED] - Text 'https://www.pinclipart.com/picdir/middle/59-595896_balance-transfer-credit-cards-icon-credit-card-icon.png' is set on object 'Object Repository/WEB_OBJECTS/mediaURL'&#xD;
&#xD;
2020-11-25 14:55:24 - [MESSAGE][PASSED] - Text 'Balance Transfer' is set on object 'Object Repository/WEB_OBJECTS/input'&#xD;
&#xD;
2020-11-25 14:55:25 - [MESSAGE][PASSED] - Object 'Object Repository/WEB_OBJECTS/button' is present&#xD;
&#xD;
2020-11-25 14:55:29 - [MESSAGE][PASSED] - Object 'Object Repository/WEB_OBJECTS/popUp' is present&#xD;
&#xD;
2020-11-25 14:55:29 - [MESSAGE][PASSED] - Modify property of object successfully&#xD;
&#xD;
2020-11-25 14:55:33 - [MESSAGE][PASSED] - Text 'default' is set on object 'Object Repository/WEB_OBJECTS/input'&#xD;
&#xD;
2020-11-25 14:55:36 - [MESSAGE][PASSED] - Text 'how can you help' is set on object 'Object Repository/WEB_OBJECTS/payload'&#xD;
&#xD;
2020-11-25 14:55:38 - [MESSAGE][PASSED] - platform.ResponseDesigner.configureCarouselResponse is PASSED&#xD;
&#xD;
2020-11-25 14:55:38 - [TEST_STEP][PASSED] - platform.Articles.saveAndTrainArticleToNewCategory(categoryName): platform.Articles.saveAndTrainArticleToNewCategory is PASSED&#xD;
&#xD;
2020-11-25 14:55:46 - [MESSAGE][PASSED] - Keys 'Benefits' sent to object: 'Object Repository/Input/newCategoryName'&#xD;
&#xD;
2020-11-25 14:55:48 - [MESSAGE][PASSED] - platform.Articles.saveAndTrainArticleToNewCategory is PASSED&#xD;
&#xD;
2020-11-25 14:55:48 - [TEST_STEP][PASSED] - verifyElementPresent(findTestObject("ICONS/toastMsg"), 15, STOP_ON_FAILURE): Object 'Object Repository/ICONS/toastMsg' is present&#xD;
&#xD;
2020-11-25 14:55:55 - [MESSAGE][PASSED] - Object 'Object Repository/ICONS/toastMsg' is present&#xD;
&#xD;
2020-11-25 14:55:55 - [TEST_STEP][PASSED] - platform.Method.clickOnElement(findTestObject("Button/preview")): platform.Method.clickOnElement is PASSED&#xD;
&#xD;
2020-11-25 14:55:58 - [MESSAGE][PASSED] - platform.Method.clickOnElement is PASSED&#xD;
&#xD;
2020-11-25 14:55:58 - [TEST_STEP][PASSED] - sendKeys(findTestObject("Input/chatInput"), Keys.chord(userQuery, ENTER)): Keys 'ENTER + benefits of credit card?' sent to object: 'Object Repository/Input/chatInput'&#xD;
&#xD;
2020-11-25 14:56:01 - [MESSAGE][PASSED] - Keys 'ENTER + benefits of credit card?' sent to object: 'Object Repository/Input/chatInput'&#xD;
&#xD;
2020-11-25 14:56:01 - [TEST_STEP][PASSED] - delay(1): Delayed 1 second(s)&#xD;
&#xD;
2020-11-25 14:56:02 - [MESSAGE][PASSED] - Delayed 1 second(s)&#xD;
&#xD;
2020-11-25 14:56:02 - [TEST_STEP][PASSED] - verifyElementText(findTestObject("NewRepo/bannerTitle", ["index":1]), expectedValue, STOP_ON_FAILURE): Actual text and expected text of test object 'Object Repository/NewRepo/bannerTitle' are matched.&#xD;
&#xD;
2020-11-25 14:56:04 - [MESSAGE][PASSED] - Actual text and expected text of test object 'Object Repository/NewRepo/bannerTitle' are matched.&#xD;
&#xD;
2020-11-25 14:56:04 - [TEST_STEP][PASSED] - platform.Method.clickOnElement(findTestObject("GenericII/minimize")): platform.Method.clickOnElement is PASSED&#xD;
&#xD;
2020-11-25 14:56:06 - [MESSAGE][PASSED] - platform.Method.clickOnElement is PASSED</system-out>
            <system-err></system-err>
        </testcase>
        <testcase name="Test Cases/FAQ_SSO/modifyCategory_Test" classname="Test Cases/FAQ_SSO/modifyCategory_Test" status="PASSED">
            <system-out>2020-11-25 14:56:06 - [TEST_CASE][PASSED] - Test Cases/FAQ_SSO/modifyCategory_Test: Test Cases/FAQ_SSO/modifyCategory_Test&#xD;
&#xD;
2020-11-25 14:56:07 - [TEST_STEP][PASSED] - platform.Method.clickOnElement(findTestObject("Generic/articles")): platform.Method.clickOnElement is PASSED&#xD;
&#xD;
2020-11-25 14:56:09 - [MESSAGE][PASSED] - platform.Method.clickOnElement is PASSED&#xD;
&#xD;
2020-11-25 14:56:09 - [TEST_STEP][PASSED] - platform.Method.clickOnElement(findTestObject("Generic/webObjectWithText", ["textValue":"Modify"])): platform.Method.clickOnElement is PASSED&#xD;
&#xD;
2020-11-25 14:56:11 - [MESSAGE][PASSED] - platform.Method.clickOnElement is PASSED&#xD;
&#xD;
2020-11-25 14:56:11 - [TEST_STEP][PASSED] - categories = findWebElements(findTestObject("GenericII/listOfCategory"), 10): null&#xD;
&#xD;
2020-11-25 14:56:13 - [TEST_STEP][PASSED] - index = &lt;not implemented yet for class: org.codehaus.groovy.ast.expr.EmptyExpression&gt;: null&#xD;
&#xD;
2020-11-25 14:56:13 - [TEST_STEP][PASSED] - for ([i = 2, i &lt; categories.size(), (i++)]): null&#xD;
&#xD;
2020-11-25 14:56:13 - [TEST_STEP][PASSED] - if (getAttribute("value").contains("Benefits")): null&#xD;
&#xD;
2020-11-25 14:56:14 - [TEST_STEP][PASSED] - index = i - 1: null&#xD;
&#xD;
2020-11-25 14:56:14 - [TEST_STEP][PASSED] - break: null&#xD;
&#xD;
2020-11-25 14:56:14 - [TEST_STEP][PASSED] - platform.Method.clickOnElement(findTestObject("GenericII/editCategory", ["index":index])): platform.Method.clickOnElement is PASSED&#xD;
&#xD;
2020-11-25 14:56:16 - [MESSAGE][PASSED] - platform.Method.clickOnElement is PASSED&#xD;
&#xD;
2020-11-25 14:56:16 - [TEST_STEP][PASSED] - setText(findTestObject("Input/nameOfTheCategory"), newCategoryName, STOP_ON_FAILURE): Text 'Product Info' is set on object 'Object Repository/Input/nameOfTheCategory'&#xD;
&#xD;
2020-11-25 14:56:20 - [MESSAGE][PASSED] - Text 'Product Info' is set on object 'Object Repository/Input/nameOfTheCategory'&#xD;
&#xD;
2020-11-25 14:56:20 - [TEST_STEP][PASSED] - platform.Method.clickOnElement(findTestObject("Button/save", ["value":" Save "])): platform.Method.clickOnElement is PASSED&#xD;
&#xD;
2020-11-25 14:56:22 - [MESSAGE][PASSED] - platform.Method.clickOnElement is PASSED&#xD;
&#xD;
2020-11-25 14:56:22 - [TEST_STEP][PASSED] - delay(1): Delayed 1 second(s)&#xD;
&#xD;
2020-11-25 14:56:23 - [MESSAGE][PASSED] - Delayed 1 second(s)&#xD;
&#xD;
2020-11-25 14:56:23 - [TEST_STEP][PASSED] - verifyTextPresent(newCategoryName, false, STOP_ON_FAILURE): Text 'Product Info' is present on page &#xD;
&#xD;
2020-11-25 14:56:26 - [MESSAGE][PASSED] - Text 'Product Info' is present on page &#xD;
&#xD;
2020-11-25 14:56:26 - [TEST_STEP][PASSED] - closePopUp = modifyObjectProperty(findTestObject("GenericII/closePopup"), "xpath", "not equals", "//span[text()='×']", true, OPTIONAL): Modify property of object successfully&#xD;
&#xD;
2020-11-25 14:56:26 - [MESSAGE][PASSED] - Modify property of object successfully&#xD;
&#xD;
2020-11-25 14:56:26 - [TEST_STEP][PASSED] - platform.Method.clickOnElement(closePopUp): platform.Method.clickOnElement is PASSED&#xD;
&#xD;
2020-11-25 14:56:28 - [MESSAGE][PASSED] - platform.Method.clickOnElement is PASSED</system-out>
            <system-err></system-err>
        </testcase>
        <testcase name="Test Cases/FAQ_SSO/fallbackCurationByAddToExistingArticle_Test" classname="Test Cases/FAQ_SSO/fallbackCurationByAddToExistingArticle_Test" status="PASSED">
            <system-out>2020-11-25 14:56:29 - [TEST_CASE][PASSED] - Test Cases/FAQ_SSO/fallbackCurationByAddToExistingArticle_Test: Test Cases/FAQ_SSO/fallbackCurationByAddToExistingArticle_Test&#xD;
&#xD;
2020-11-25 14:56:30 - [TEST_STEP][PASSED] - platform.Method.clickOnElement(findTestObject("Generic/curation")): platform.Method.clickOnElement is PASSED&#xD;
&#xD;
2020-11-25 14:56:32 - [MESSAGE][PASSED] - platform.Method.clickOnElement is PASSED&#xD;
&#xD;
2020-11-25 14:56:32 - [TEST_STEP][PASSED] - platform.Method.clickOnElement(findTestObject("Generic/webObjectWithText", ["textValue":" Fallback "])): platform.Method.clickOnElement is PASSED&#xD;
&#xD;
2020-11-25 14:56:35 - [MESSAGE][PASSED] - platform.Method.clickOnElement is PASSED&#xD;
&#xD;
2020-11-25 14:56:35 - [TEST_STEP][PASSED] - sendKeys(findTestObject("Input/roomID", ["value":"room_id"]), roomID): Keys '1988701' sent to object: 'Object Repository/Input/roomID'&#xD;
&#xD;
2020-11-25 14:56:38 - [MESSAGE][PASSED] - Keys '1988701' sent to object: 'Object Repository/Input/roomID'&#xD;
&#xD;
2020-11-25 14:56:38 - [TEST_STEP][PASSED] - platform.Method.clickOnElement(findTestObject("Button/filter")): platform.Method.clickOnElement is PASSED&#xD;
&#xD;
2020-11-25 14:56:40 - [MESSAGE][PASSED] - platform.Method.clickOnElement is PASSED&#xD;
&#xD;
2020-11-25 14:56:40 - [TEST_STEP][PASSED] - try: platform.Method.clickOnElement is PASSED&#xD;
&#xD;
2020-11-25 14:56:40 - [TEST_STEP][PASSED] - verifyElementPresent(findTestObject("Button/addToExistingArticle"), 20, STOP_ON_FAILURE): Object 'Object Repository/Button/addToExistingArticle' is present&#xD;
&#xD;
2020-11-25 14:56:41 - [MESSAGE][PASSED] - Object 'Object Repository/Button/addToExistingArticle' is present&#xD;
&#xD;
2020-11-25 14:56:41 - [TEST_STEP][PASSED] - platform.Method.clickOnElement(findTestObject("Button/addToExistingArticle")): platform.Method.clickOnElement is PASSED&#xD;
&#xD;
2020-11-25 14:56:44 - [MESSAGE][PASSED] - platform.Method.clickOnElement is PASSED&#xD;
&#xD;
2020-11-25 14:56:44 - [TEST_STEP][PASSED] - sendKeys(findTestObject("Input/searchQuestion"), searchQuestion): Keys 'How can I view my transactions?' sent to object: 'Object Repository/Input/searchQuestion'&#xD;
&#xD;
2020-11-25 14:56:46 - [MESSAGE][PASSED] - Keys 'How can I view my transactions?' sent to object: 'Object Repository/Input/searchQuestion'&#xD;
&#xD;
2020-11-25 14:56:46 - [TEST_STEP][PASSED] - platform.Method.clickOnElement(findTestObject("Generic/searchResult")): platform.Method.clickOnElement is PASSED&#xD;
&#xD;
2020-11-25 14:56:49 - [MESSAGE][PASSED] - platform.Method.clickOnElement is PASSED&#xD;
&#xD;
2020-11-25 14:56:49 - [TEST_STEP][PASSED] - platform.Method.clickOnElement(findTestObject("Button/linkAndSave")): platform.Method.clickOnElement is PASSED&#xD;
&#xD;
2020-11-25 14:56:51 - [MESSAGE][PASSED] - platform.Method.clickOnElement is PASSED&#xD;
&#xD;
2020-11-25 14:56:51 - [TEST_STEP][PASSED] - platform.Method.clickOnElement(findTestObject("NewRepo/refresh")): platform.Method.clickOnElement is PASSED&#xD;
&#xD;
2020-11-25 14:56:53 - [MESSAGE][PASSED] - platform.Method.clickOnElement is PASSED&#xD;
&#xD;
2020-11-25 14:56:53 - [TEST_STEP][PASSED] - platform.Method.clickOnElement(findTestObject("Button/trainCuration")): platform.Method.clickOnElement is PASSED&#xD;
&#xD;
2020-11-25 14:56:55 - [MESSAGE][PASSED] - platform.Method.clickOnElement is PASSED&#xD;
&#xD;
2020-11-25 14:56:55 - [TEST_STEP][PASSED] - sendKeys(findTestObject("Input/comment"), comment): Keys 'link to curation test' sent to object: 'Object Repository/Input/comment'&#xD;
&#xD;
2020-11-25 14:56:58 - [MESSAGE][PASSED] - Keys 'link to curation test' sent to object: 'Object Repository/Input/comment'&#xD;
&#xD;
2020-11-25 14:56:58 - [TEST_STEP][PASSED] - platform.Method.clickOnElement(findTestObject("Button/continue")): platform.Method.clickOnElement is PASSED&#xD;
&#xD;
2020-11-25 14:57:00 - [MESSAGE][PASSED] - platform.Method.clickOnElement is PASSED&#xD;
&#xD;
2020-11-25 14:57:00 - [TEST_STEP][PASSED] - waitForElementVisible(findTestObject("Generic/webObjectWithText", ["textValue":"Trained corpus"]), 20, STOP_ON_FAILURE): Web element with id: 'Object Repository/Generic/webObjectWithText' located by 'By.xpath: //*[contains(text(),'Trained corpus')]' not found&#xD;
&#xD;
2020-11-25 14:57:22 - [MESSAGE][INFO] - Unable to find the element located by 'By.xpath: //*[contains(text(),'Trained corpus')]'. Please recheck the objects properties to make sure the desired element is located. &#xD;
&#xD;
2020-11-25 14:57:22 - [MESSAGE][WARNING] - Web element with id: 'Object Repository/Generic/webObjectWithText' located by 'By.xpath: //*[contains(text(),'Trained corpus')]' not found&#xD;
&#xD;
2020-11-25 14:57:22 - [TEST_STEP][PASSED] - platform.Method.clickOnElement(findTestObject("NewRepo/refresh")): platform.Method.clickOnElement is PASSED&#xD;
&#xD;
2020-11-25 14:57:24 - [MESSAGE][PASSED] - platform.Method.clickOnElement is PASSED&#xD;
&#xD;
2020-11-25 14:57:24 - [TEST_STEP][PASSED] - verifyTextPresent("Trained corpus", false, OPTIONAL): Text 'Trained corpus' is present on page &#xD;
&#xD;
2020-11-25 14:57:29 - [MESSAGE][PASSED] - Text 'Trained corpus' is present on page &#xD;
&#xD;
2020-11-25 14:57:29 - [TEST_STEP][PASSED] - platform.Method.clickOnElement(findTestObject("Button/preview")): platform.Method.clickOnElement is PASSED&#xD;
&#xD;
2020-11-25 14:57:32 - [MESSAGE][PASSED] - platform.Method.clickOnElement is PASSED&#xD;
&#xD;
2020-11-25 14:57:32 - [TEST_STEP][PASSED] - sendKeys(findTestObject("Input/chatInput"), Keys.chord(userQuery, ENTER)): Keys 'ENTER + show last transaction receipt' sent to object: 'Object Repository/Input/chatInput'&#xD;
&#xD;
2020-11-25 14:57:34 - [MESSAGE][PASSED] - Keys 'ENTER + show last transaction receipt' sent to object: 'Object Repository/Input/chatInput'&#xD;
&#xD;
2020-11-25 14:57:34 - [TEST_STEP][PASSED] - delay(1): Delayed 1 second(s)&#xD;
&#xD;
2020-11-25 14:57:35 - [MESSAGE][PASSED] - Delayed 1 second(s)&#xD;
&#xD;
2020-11-25 14:57:35 - [TEST_STEP][PASSED] - platform.Preview.verifyBotResponse(botResponse): YOUR TEXT HAS A MATCH&#xD;
&#xD;
2020-11-25 14:57:38 - [MESSAGE][PASSED] - Delayed 3 second(s)&#xD;
&#xD;
2020-11-25 14:57:42 - [MESSAGE][PASSED] - YOUR TEXT HAS A MATCH&#xD;
&#xD;
2020-11-25 14:57:42 - [TEST_STEP][PASSED] - platform.Method.clickOnElement(findTestObject("Generic/curation")): platform.Method.clickOnElement is PASSED&#xD;
&#xD;
2020-11-25 14:57:44 - [MESSAGE][PASSED] - platform.Method.clickOnElement is PASSED&#xD;
&#xD;
2020-11-25 14:57:44 - [TEST_STEP][PASSED] - waitForElementVisible(findTestObject("Generic/webObjectWithText", ["textValue":"Resolved"]), 20, OPTIONAL): Object 'Object Repository/Generic/webObjectWithText' is visible&#xD;
&#xD;
2020-11-25 14:57:46 - [MESSAGE][PASSED] - Object 'Object Repository/Generic/webObjectWithText' is visible&#xD;
&#xD;
2020-11-25 14:57:46 - [TEST_STEP][PASSED] - platform.Method.clickOnElement(findTestObject("Generic/webObjectWithText", ["textValue":"Resolved"])): platform.Method.clickOnElement is PASSED&#xD;
&#xD;
2020-11-25 14:57:49 - [MESSAGE][PASSED] - platform.Method.clickOnElement is PASSED&#xD;
&#xD;
2020-11-25 14:57:49 - [TEST_STEP][PASSED] - sendKeys(findTestObject("Input/roomID", ["value":"room_id"]), roomID): Keys '1988701' sent to object: 'Object Repository/Input/roomID'&#xD;
&#xD;
2020-11-25 14:57:52 - [MESSAGE][PASSED] - Keys '1988701' sent to object: 'Object Repository/Input/roomID'&#xD;
&#xD;
2020-11-25 14:57:52 - [TEST_STEP][PASSED] - platform.Method.clickOnElement(findTestObject("Button/filter")): platform.Method.clickOnElement is PASSED&#xD;
&#xD;
2020-11-25 14:57:54 - [MESSAGE][PASSED] - platform.Method.clickOnElement is PASSED&#xD;
&#xD;
2020-11-25 14:57:54 - [TEST_STEP][PASSED] - verifyTextPresent(roomID, false, STOP_ON_FAILURE): Text '1988701' is present on page &#xD;
&#xD;
2020-11-25 14:57:57 - [MESSAGE][PASSED] - Text '1988701' is present on page</system-out>
            <system-err></system-err>
        </testcase>
        <testcase name="Test Cases/FAQ_SSO/partialMatchCurationByCreateNewArticle_Test" classname="Test Cases/FAQ_SSO/partialMatchCurationByCreateNewArticle_Test" status="PASSED">
            <system-out>2020-11-25 14:57:57 - [TEST_CASE][PASSED] - Test Cases/FAQ_SSO/partialMatchCurationByCreateNewArticle_Test: Test Cases/FAQ_SSO/partialMatchCurationByCreateNewArticle_Test&#xD;
&#xD;
2020-11-25 14:57:59 - [TEST_STEP][PASSED] - platform.Method.clickOnElement(findTestObject("Generic/articles")): platform.Method.clickOnElement is PASSED&#xD;
&#xD;
2020-11-25 14:58:01 - [MESSAGE][PASSED] - platform.Method.clickOnElement is PASSED&#xD;
&#xD;
2020-11-25 14:58:01 - [TEST_STEP][PASSED] - platform.Method.trainAndComment(comment): platform.Method.trainAndComment is PASSED&#xD;
&#xD;
2020-11-25 14:58:07 - [MESSAGE][INFO] - Unable to find the element located by 'By.xpath: //mat-icon[text()='sync' or text()='autorenew']'. Please recheck the objects properties to make sure the desired element is located. &#xD;
&#xD;
2020-11-25 14:58:07 - [MESSAGE][INFO] - BOT STATE IS TRAINED&#xD;
&#xD;
2020-11-25 14:58:07 - [MESSAGE][PASSED] - platform.Method.trainAndComment is PASSED&#xD;
&#xD;
2020-11-25 14:58:07 - [TEST_STEP][PASSED] - platform.Method.clickOnElement(findTestObject("Generic/curation")): platform.Method.clickOnElement is PASSED&#xD;
&#xD;
2020-11-25 14:58:10 - [MESSAGE][PASSED] - platform.Method.clickOnElement is PASSED&#xD;
&#xD;
2020-11-25 14:58:10 - [TEST_STEP][PASSED] - platform.Method.clickOnElement(findTestObject("Button/preview")): platform.Method.clickOnElement is PASSED&#xD;
&#xD;
2020-11-25 14:58:12 - [MESSAGE][PASSED] - platform.Method.clickOnElement is PASSED&#xD;
&#xD;
2020-11-25 14:58:12 - [TEST_STEP][PASSED] - sendKeys(findTestObject("Input/chatInput"), Keys.chord(userQuery, ENTER)): Keys 'ENTER + How can I know my credit card billing date?' sent to object: 'Object Repository/Input/chatInput'&#xD;
&#xD;
2020-11-25 14:58:15 - [MESSAGE][PASSED] - Keys 'ENTER + How can I know my credit card billing date?' sent to object: 'Object Repository/Input/chatInput'&#xD;
&#xD;
2020-11-25 14:58:15 - [TEST_STEP][PASSED] - waitForElementPresent(findTestObject("GenericII/getBotResponse", ["index":2]), 10, STOP_ON_FAILURE): Object 'Object Repository/GenericII/getBotResponse' is present&#xD;
&#xD;
2020-11-25 14:58:18 - [MESSAGE][PASSED] - Object 'Object Repository/GenericII/getBotResponse' is present&#xD;
&#xD;
2020-11-25 14:58:18 - [TEST_STEP][PASSED] - verifyElementText(findTestObject("GenericII/getBotResponse", ["index":2]), stringToCheck, OPTIONAL): Actual text and expected text of test object 'Object Repository/GenericII/getBotResponse' are matched.&#xD;
&#xD;
2020-11-25 14:58:20 - [MESSAGE][PASSED] - Actual text and expected text of test object 'Object Repository/GenericII/getBotResponse' are matched.&#xD;
&#xD;
2020-11-25 14:58:20 - [TEST_STEP][PASSED] - getRoomIdAt = new java.util.ArrayList(): null&#xD;
&#xD;
2020-11-25 14:58:20 - [TEST_STEP][PASSED] - getRoomIdAt = platform.Utility.getRoomID(): platform.Utility.getRoomID is PASSED&#xD;
&#xD;
2020-11-25 14:58:34 - [MESSAGE][PASSED] - platform.Utility.getRoomID is PASSED&#xD;
&#xD;
2020-11-25 14:58:34 - [TEST_STEP][PASSED] - platform.Method.clickOnElement(findTestObject("GenericII/minimize")): platform.Method.clickOnElement is PASSED&#xD;
&#xD;
2020-11-25 14:58:37 - [MESSAGE][PASSED] - platform.Method.clickOnElement is PASSED&#xD;
&#xD;
2020-11-25 14:58:37 - [TEST_STEP][PASSED] - platform.Method.clickOnElement(findTestObject("Generic/webObjectWithText", ["textValue":" Partial match "])): platform.Method.clickOnElement is PASSED&#xD;
&#xD;
2020-11-25 14:58:39 - [MESSAGE][PASSED] - platform.Method.clickOnElement is PASSED&#xD;
&#xD;
2020-11-25 14:58:39 - [TEST_STEP][PASSED] - verifyTextPresent("Partial match", false, STOP_ON_FAILURE): Text 'Partial match' is present on page &#xD;
&#xD;
2020-11-25 14:58:42 - [MESSAGE][PASSED] - Text 'Partial match' is present on page &#xD;
&#xD;
2020-11-25 14:58:42 - [TEST_STEP][PASSED] - roomID = get(0).toString(): null&#xD;
&#xD;
2020-11-25 14:58:42 - [TEST_STEP][PASSED] - sendKeys(findTestObject("Input/roomID", ["value":"room_id"]), roomID): Keys '1988710' sent to object: 'Object Repository/Input/roomID'&#xD;
&#xD;
2020-11-25 14:58:45 - [MESSAGE][PASSED] - Keys '1988710' sent to object: 'Object Repository/Input/roomID'&#xD;
&#xD;
2020-11-25 14:58:45 - [TEST_STEP][PASSED] - platform.Method.clickOnElement(findTestObject("Button/filter")): platform.Method.clickOnElement is PASSED&#xD;
&#xD;
2020-11-25 14:58:47 - [MESSAGE][PASSED] - platform.Method.clickOnElement is PASSED&#xD;
&#xD;
2020-11-25 14:58:47 - [TEST_STEP][PASSED] - try: platform.Method.clickOnElement is PASSED&#xD;
&#xD;
2020-11-25 14:58:47 - [TEST_STEP][PASSED] - waitForElementPresent(findTestObject("Button/addToNewArticle"), 20, OPTIONAL): Object 'Object Repository/Button/addToNewArticle' is present&#xD;
&#xD;
2020-11-25 14:58:49 - [MESSAGE][PASSED] - Object 'Object Repository/Button/addToNewArticle' is present&#xD;
&#xD;
2020-11-25 14:58:49 - [TEST_STEP][PASSED] - platform.Method.clickOnElement(findTestObject("Button/addToNewArticle")): platform.Method.clickOnElement is PASSED&#xD;
&#xD;
2020-11-25 14:58:51 - [MESSAGE][PASSED] - platform.Method.clickOnElement is PASSED&#xD;
&#xD;
2020-11-25 14:58:51 - [TEST_STEP][PASSED] - setText(findTestObject("Input/textResponse"), newArticleResponse): Text 'It’s all there in the credit card statement to see. Besides the transactions, you can also check the bill date and payment date on the statement. For example, YDFC Bank credit card statement shows the bill date and payment date at the top. The payment date, however, can also be seen below the transaction details. Bill date and payment date would actually be represented as Statement Date and Payment Due Date, respectively, on the statement.' is set on object 'Object Repository/Input/textResponse'&#xD;
&#xD;
2020-11-25 14:59:07 - [MESSAGE][PASSED] - Text 'It’s all there in the credit card statement to see. Besides the transactions, you can also check the bill date and payment date on the statement. For example, YDFC Bank credit card statement shows the bill date and payment date at the top. The payment date, however, can also be seen below the transaction details. Bill date and payment date would actually be represented as Statement Date and Payment Due Date, respectively, on the statement.' is set on object 'Object Repository/Input/textResponse'&#xD;
&#xD;
2020-11-25 14:59:07 - [TEST_STEP][PASSED] - platform.Articles.saveAndTrainArticleToExistingCategory(" " + saveArticleTo + " "): platform.Articles.saveAndTrainArticleToExistingCategory is PASSED&#xD;
&#xD;
2020-11-25 14:59:17 - [MESSAGE][PASSED] - platform.Articles.saveAndTrainArticleToExistingCategory is PASSED&#xD;
&#xD;
2020-11-25 14:59:17 - [TEST_STEP][PASSED] - try: Object 'Object Repository/ICONS/toastMsg' is present&#xD;
&#xD;
2020-11-25 14:59:17 - [TEST_STEP][PASSED] - waitForElementPresent(findTestObject("ICONS/toastMsg"), 20, STOP_ON_FAILURE): Object 'Object Repository/ICONS/toastMsg' is present&#xD;
&#xD;
2020-11-25 14:59:24 - [MESSAGE][PASSED] - Object 'Object Repository/ICONS/toastMsg' is present&#xD;
&#xD;
2020-11-25 14:59:24 - [TEST_STEP][PASSED] - platform.Method.clickOnElement(findTestObject("Button/preview")): platform.Method.clickOnElement is PASSED&#xD;
&#xD;
2020-11-25 14:59:27 - [MESSAGE][PASSED] - platform.Method.clickOnElement is PASSED&#xD;
&#xD;
2020-11-25 14:59:27 - [TEST_STEP][PASSED] - sendKeys(findTestObject("Input/chatInput"), Keys.chord(userQuery, ENTER)): Keys 'ENTER + How can I know my credit card billing date?' sent to object: 'Object Repository/Input/chatInput'&#xD;
&#xD;
2020-11-25 14:59:30 - [MESSAGE][PASSED] - Keys 'ENTER + How can I know my credit card billing date?' sent to object: 'Object Repository/Input/chatInput'&#xD;
&#xD;
2020-11-25 14:59:30 - [TEST_STEP][PASSED] - waitForElementPresent(findTestObject("GenericII/getBotResponse", ["index":2]), 10): Object 'Object Repository/GenericII/getBotResponse' is present&#xD;
&#xD;
2020-11-25 14:59:31 - [MESSAGE][PASSED] - Object 'Object Repository/GenericII/getBotResponse' is present&#xD;
&#xD;
2020-11-25 14:59:31 - [TEST_STEP][PASSED] - verifyElementText(findTestObject("GenericII/getBotResponse", ["index":2]), newArticleResponse, STOP_ON_FAILURE): Actual text and expected text of test object 'Object Repository/GenericII/getBotResponse' are matched.&#xD;
&#xD;
[...]
&#xD;
2020-11-25 15:12:43 - [MESSAGE][PASSED] - platform.Method.clickOnElement is PASSED&#xD;
&#xD;
2020-11-25 15:12:43 - [TEST_STEP][PASSED] - platform.Method.uploadCsvFile(false, "faqSynonyms.csv"): platform.Method.uploadCsvFile is PASSED&#xD;
&#xD;
2020-11-25 15:12:43 - [MESSAGE][INFO] - PREVIOUS DATA NOT BE OVERRIDDEN&#xD;
&#xD;
2020-11-25 15:12:46 - [MESSAGE][PASSED] - File 'D:/IMIbot.ai-Project/Collection/faqSynonyms.csv' sent to object: 'Object Repository/Input/uploadFile'&#xD;
&#xD;
2020-11-25 15:12:48 - [MESSAGE][PASSED] - platform.Method.uploadCsvFile is PASSED&#xD;
&#xD;
2020-11-25 15:12:48 - [TEST_STEP][PASSED] - delay(2): Delayed 2 second(s)&#xD;
&#xD;
2020-11-25 15:12:50 - [MESSAGE][PASSED] - Delayed 2 second(s)&#xD;
&#xD;
2020-11-25 15:12:50 - [TEST_STEP][PASSED] - platform.Method.clickOnElement(findTestObject("Button/btnDeleteChipOrRow", ["chipValue":" \@unwell ", "option":"cancel "])): platform.Method.clickOnElement is PASSED&#xD;
&#xD;
2020-11-25 15:12:52 - [MESSAGE][PASSED] - platform.Method.clickOnElement is PASSED&#xD;
&#xD;
2020-11-25 15:12:52 - [TEST_STEP][PASSED] - setText(findTestObject("Input/searchCustomSyn"), "FEELING GOOD"): Text 'FEELING GOOD' is set on object 'Object Repository/Input/searchCustomSyn'&#xD;
&#xD;
2020-11-25 15:12:57 - [MESSAGE][PASSED] - Text 'FEELING GOOD' is set on object 'Object Repository/Input/searchCustomSyn'&#xD;
&#xD;
2020-11-25 15:12:57 - [TEST_STEP][PASSED] - verifyElementPresent(findTestObject("ICONS/matChip", ["chipValue":" un-happy "]), 10, STOP_ON_FAILURE): Object 'Object Repository/ICONS/matChip' is present&#xD;
&#xD;
2020-11-25 15:12:58 - [MESSAGE][PASSED] - Object 'Object Repository/ICONS/matChip' is present&#xD;
&#xD;
2020-11-25 15:12:58 - [TEST_STEP][PASSED] - platform.Method.clickOnElement(findTestObject("Button/save", ["value":"Save"])): platform.Method.clickOnElement is PASSED&#xD;
&#xD;
2020-11-25 15:13:00 - [MESSAGE][PASSED] - platform.Method.clickOnElement is PASSED&#xD;
&#xD;
2020-11-25 15:13:00 - [TEST_STEP][PASSED] - verifyElementText(findTestObject("Generic/articleState"), "Saved", STOP_ON_FAILURE): Actual text and expected text of test object 'Object Repository/Generic/articleState' are matched.&#xD;
&#xD;
2020-11-25 15:13:03 - [MESSAGE][PASSED] - Actual text and expected text of test object 'Object Repository/Generic/articleState' are matched.&#xD;
&#xD;
2020-11-25 15:13:03 - [TEST_STEP][PASSED] - platform.Method.trainAndComment(testData.getValue("comment", 8)): platform.Method.trainAndComment is PASSED&#xD;
&#xD;
2020-11-25 15:13:10 - [MESSAGE][PASSED] - Keys 'added custom synonym' sent to object: 'Object Repository/Input/comment'&#xD;
&#xD;
2020-11-25 15:13:12 - [MESSAGE][PASSED] - platform.Method.trainAndComment is PASSED&#xD;
&#xD;
2020-11-25 15:13:12 - [TEST_STEP][PASSED] - waitForElementPresent(findTestObject("ICONS/toastMsg"), 20, OPTIONAL): Object 'Object Repository/ICONS/toastMsg' is present&#xD;
&#xD;
2020-11-25 15:13:17 - [MESSAGE][PASSED] - Object 'Object Repository/ICONS/toastMsg' is present&#xD;
&#xD;
2020-11-25 15:13:17 - [TEST_STEP][PASSED] - platform.Method.clickOnElement(findTestObject("Button/preview")): platform.Method.clickOnElement is PASSED&#xD;
&#xD;
2020-11-25 15:13:19 - [MESSAGE][PASSED] - platform.Method.clickOnElement is PASSED&#xD;
&#xD;
2020-11-25 15:13:19 - [TEST_STEP][PASSED] - sendKeys(findTestObject("Input/chatInput"), Keys.chord("आत्मावलम्बी भारतवर्ष अभियान से जुड़े लाभ क्या हैं", ENTER)): Keys 'ENTER + आत्मावलम्बी भारतवर्ष अभियान से जुड़े लाभ क्या हैं' sent to object: 'Object Repository/Input/chatInput'&#xD;
&#xD;
2020-11-25 15:13:24 - [MESSAGE][PASSED] - Keys 'ENTER + आत्मावलम्बी भारतवर्ष अभियान से जुड़े लाभ क्या हैं' sent to object: 'Object Repository/Input/chatInput'&#xD;
&#xD;
2020-11-25 15:13:24 - [TEST_STEP][PASSED] - delay(2): Delayed 2 second(s)&#xD;
&#xD;
2020-11-25 15:13:26 - [MESSAGE][PASSED] - Delayed 2 second(s)&#xD;
&#xD;
2020-11-25 15:13:26 - [TEST_STEP][PASSED] - verifyElementText(findTestObject("GenericII/getBotResponse", ["index":2]), testData.getValue("bot_answer", 1), STOP_ON_FAILURE): Actual text and expected text of test object 'Object Repository/GenericII/getBotResponse' are matched.&#xD;
&#xD;
2020-11-25 15:13:28 - [MESSAGE][PASSED] - Actual text and expected text of test object 'Object Repository/GenericII/getBotResponse' are matched.&#xD;
&#xD;
2020-11-25 15:13:28 - [TEST_STEP][PASSED] - platform.Method.clickOnElement(findTestObject("Button/upvote")): platform.Method.clickOnElement is PASSED&#xD;
&#xD;
2020-11-25 15:13:30 - [MESSAGE][PASSED] - platform.Method.clickOnElement is PASSED&#xD;
&#xD;
2020-11-25 15:13:30 - [TEST_STEP][PASSED] - sendKeys(findTestObject("Input/chatInput"), Keys.chord("سحب خدمة الإخطار", ENTER)): Keys 'ENTER + سحب خدمة الإخطار' sent to object: 'Object Repository/Input/chatInput'&#xD;
&#xD;
2020-11-25 15:13:33 - [MESSAGE][PASSED] - Keys 'ENTER + سحب خدمة الإخطار' sent to object: 'Object Repository/Input/chatInput'&#xD;
&#xD;
2020-11-25 15:13:33 - [TEST_STEP][PASSED] - delay(2): Delayed 2 second(s)&#xD;
&#xD;
2020-11-25 15:13:35 - [MESSAGE][PASSED] - Delayed 2 second(s)&#xD;
&#xD;
2020-11-25 15:13:35 - [TEST_STEP][PASSED] - verifyElementText(findTestObject("GenericII/getBotResponse", ["index":3]), testData.getValue("bot_answer", 2), STOP_ON_FAILURE): Actual text and expected text of test object 'Object Repository/GenericII/getBotResponse' are matched.&#xD;
&#xD;
2020-11-25 15:13:37 - [MESSAGE][PASSED] - Actual text and expected text of test object 'Object Repository/GenericII/getBotResponse' are matched.&#xD;
&#xD;
2020-11-25 15:13:37 - [TEST_STEP][PASSED] - sendKeys(findTestObject("Input/chatInput"), Keys.chord("नमस्ते,", ENTER)): Keys 'ENTER + नमस्ते,' sent to object: 'Object Repository/Input/chatInput'&#xD;
&#xD;
2020-11-25 15:13:40 - [MESSAGE][PASSED] - Keys 'ENTER + नमस्ते,' sent to object: 'Object Repository/Input/chatInput'&#xD;
&#xD;
2020-11-25 15:13:40 - [TEST_STEP][PASSED] - delay(2): Delayed 2 second(s)&#xD;
&#xD;
2020-11-25 15:13:42 - [MESSAGE][PASSED] - Delayed 2 second(s)&#xD;
&#xD;
2020-11-25 15:13:42 - [TEST_STEP][PASSED] - verifyElementText(findTestObject("GenericII/getBotResponse", ["index":4]), testData.getValue("bot_answer", 3), STOP_ON_FAILURE): Actual text and expected text of test object 'Object Repository/GenericII/getBotResponse' are matched.&#xD;
&#xD;
2020-11-25 15:13:44 - [MESSAGE][PASSED] - Actual text and expected text of test object 'Object Repository/GenericII/getBotResponse' are matched.&#xD;
&#xD;
2020-11-25 15:13:44 - [TEST_STEP][PASSED] - sendKeys(findTestObject("Input/chatInput"), Keys.chord("show me some re@l-est@ate", ENTER)): Keys 'ENTER + show me some re@l-est@ate' sent to object: 'Object Repository/Input/chatInput'&#xD;
&#xD;
2020-11-25 15:13:47 - [MESSAGE][PASSED] - Keys 'ENTER + show me some re@l-est@ate' sent to object: 'Object Repository/Input/chatInput'&#xD;
&#xD;
2020-11-25 15:13:47 - [TEST_STEP][PASSED] - delay(2): Delayed 2 second(s)&#xD;
&#xD;
2020-11-25 15:13:49 - [MESSAGE][PASSED] - Delayed 2 second(s)&#xD;
&#xD;
2020-11-25 15:13:49 - [TEST_STEP][PASSED] - verifyElementText(findTestObject("NewRepo/bannerTitle", ["index":2]), "Residential serviced apartment", STOP_ON_FAILURE): Actual text and expected text of test object 'Object Repository/NewRepo/bannerTitle' are matched.&#xD;
&#xD;
2020-11-25 15:13:51 - [MESSAGE][PASSED] - Actual text and expected text of test object 'Object Repository/NewRepo/bannerTitle' are matched.&#xD;
&#xD;
2020-11-25 15:13:51 - [TEST_STEP][PASSED] - platform.Method.clickOnElement(findTestObject("GenericII/minimize")): platform.Method.clickOnElement is PASSED&#xD;
&#xD;
2020-11-25 15:13:54 - [MESSAGE][PASSED] - platform.Method.clickOnElement is PASSED&#xD;
&#xD;
2020-11-25 15:13:54 - [TEST_STEP][PASSED] - platform.Method.clickOnElement(findTestObject("ICONS/clearSearch")): platform.Method.clickOnElement is PASSED&#xD;
&#xD;
2020-11-25 15:13:56 - [MESSAGE][PASSED] - platform.Method.clickOnElement is PASSED&#xD;
&#xD;
2020-11-25 15:13:56 - [TEST_STEP][PASSED] - platform.Method.clickOnElement(findTestObject("Button/btnDeleteChipOrRow", ["chipValue":" आन्दोलन ", "option":" close "])): platform.Method.clickOnElement is PASSED&#xD;
&#xD;
2020-11-25 15:13:59 - [MESSAGE][PASSED] - platform.Method.clickOnElement is PASSED&#xD;
&#xD;
2020-11-25 15:13:59 - [TEST_STEP][PASSED] - setText(findTestObject("Input/synonyms", ["index":2]), Keys.chord("help7less", ENTER)): Text 'ENTER + help7less' is set on object 'Object Repository/Input/synonyms'&#xD;
&#xD;
2020-11-25 15:14:02 - [MESSAGE][PASSED] - Text 'ENTER + help7less' is set on object 'Object Repository/Input/synonyms'&#xD;
&#xD;
2020-11-25 15:14:02 - [TEST_STEP][PASSED] - setText(findTestObject("Input/searchCustomSyn"), "7LeSS"): Text '7LeSS' is set on object 'Object Repository/Input/searchCustomSyn'&#xD;
&#xD;
2020-11-25 15:14:06 - [MESSAGE][PASSED] - Text '7LeSS' is set on object 'Object Repository/Input/searchCustomSyn'&#xD;
&#xD;
2020-11-25 15:14:06 - [TEST_STEP][PASSED] - verifyElementPresent(findTestObject("ICONS/matChip", ["chipValue":" help7less "]), 10, STOP_ON_FAILURE): Object 'Object Repository/ICONS/matChip' is present&#xD;
&#xD;
2020-11-25 15:14:07 - [MESSAGE][PASSED] - Object 'Object Repository/ICONS/matChip' is present&#xD;
&#xD;
2020-11-25 15:14:07 - [TEST_STEP][PASSED] - platform.Method.clickOnElement(findTestObject("Button/save", ["value":"Save"])): platform.Method.clickOnElement is PASSED&#xD;
&#xD;
2020-11-25 15:14:10 - [MESSAGE][PASSED] - platform.Method.clickOnElement is PASSED&#xD;
&#xD;
2020-11-25 15:14:10 - [TEST_STEP][PASSED] - waitForElementPresent(findTestObject("ICONS/toastMsg"), 20, OPTIONAL): Object 'Object Repository/ICONS/toastMsg' is present&#xD;
&#xD;
2020-11-25 15:14:11 - [MESSAGE][PASSED] - Object 'Object Repository/ICONS/toastMsg' is present</system-out>
            <system-err></system-err>
        </testcase>
        <testcase name="Test Cases/Sprint/v4.3/verifyLinkInSessionAndCuration" classname="Test Cases/Sprint/v4.3/verifyLinkInSessionAndCuration" status="PASSED">
            <system-out>2020-11-25 15:14:11 - [TEST_CASE][PASSED] - Test Cases/Sprint/v4.3/verifyLinkInSessionAndCuration: Test Cases/Sprint/v4.3/verifyLinkInSessionAndCuration&#xD;
&#xD;
2020-11-25 15:14:11 - [TEST_STEP][PASSED] - platform.Method.clickOnElement(findTestObject("WEB_OBJECTS/getText", ["value":"Articles"])): platform.Method.clickOnElement is PASSED&#xD;
&#xD;
2020-11-25 15:14:16 - [MESSAGE][PASSED] - platform.Method.clickOnElement is PASSED&#xD;
&#xD;
2020-11-25 15:14:16 - [TEST_STEP][PASSED] - comment(" *** THIS IS TO CHECK TEST SCENARIO BACKGROUND *** "):  *** THIS IS TO CHECK TEST SCENARIO BACKGROUND *** &#xD;
&#xD;
2020-11-25 15:14:16 - [MESSAGE][INFO] -  *** THIS IS TO CHECK TEST SCENARIO BACKGROUND *** &#xD;
&#xD;
2020-11-25 15:14:16 - [TEST_STEP][PASSED] - corpusState = getText(findTestObject("Generic/articleState"), OPTIONAL): Text of object 'Object Repository/Generic/articleState' is: 'Saved'&#xD;
&#xD;
2020-11-25 15:14:18 - [MESSAGE][PASSED] - Text of object 'Object Repository/Generic/articleState' is: 'Saved'&#xD;
&#xD;
2020-11-25 15:14:18 - [TEST_STEP][PASSED] - if (corpusState.contains("Trained")): null&#xD;
&#xD;
2020-11-25 15:14:18 - [TEST_STEP][PASSED] - else: platform.Method.trainAndComment is PASSED&#xD;
&#xD;
2020-11-25 15:14:18 - [TEST_STEP][PASSED] - platform.Method.trainAndComment("TEST FOR LINK ON SESSION &amp; CURATION"): platform.Method.trainAndComment is PASSED&#xD;
&#xD;
2020-11-25 15:14:26 - [MESSAGE][PASSED] - Keys 'TEST FOR LINK ON SESSION &amp; CURATION' sent to object: 'Object Repository/Input/comment'&#xD;
&#xD;
2020-11-25 15:14:29 - [MESSAGE][PASSED] - platform.Method.trainAndComment is PASSED&#xD;
&#xD;
2020-11-25 15:14:29 - [TEST_STEP][PASSED] - waitForElementPresent(findTestObject("ICONS/toastMsg"), 30, CONTINUE_ON_FAILURE): Object 'Object Repository/ICONS/toastMsg' is present&#xD;
&#xD;
2020-11-25 15:14:33 - [MESSAGE][PASSED] - Object 'Object Repository/ICONS/toastMsg' is present&#xD;
&#xD;
2020-11-25 15:14:33 - [TEST_STEP][PASSED] - comment(" *** EXECUTING GIVEN STEP *** "):  *** EXECUTING GIVEN STEP *** &#xD;
&#xD;
2020-11-25 15:14:33 - [MESSAGE][INFO] -  *** EXECUTING GIVEN STEP *** &#xD;
&#xD;
2020-11-25 15:14:33 - [TEST_STEP][PASSED] - platform.Method.clickOnElement(findTestObject("Button/preview")): platform.Method.clickOnElement is PASSED&#xD;
&#xD;
2020-11-25 15:14:36 - [MESSAGE][PASSED] - platform.Method.clickOnElement is PASSED&#xD;
&#xD;
2020-11-25 15:14:36 - [TEST_STEP][PASSED] - sendKeys(findTestObject("Input/chatInput"), Keys.chord("I'm not feeling good", ENTER)): Keys 'ENTER + I'm not feeling good' sent to object: 'Object Repository/Input/chatInput'&#xD;
&#xD;
2020-11-25 15:14:38 - [MESSAGE][PASSED] - Keys 'ENTER + I'm not feeling good' sent to object: 'Object Repository/Input/chatInput'&#xD;
&#xD;
2020-11-25 15:14:38 - [TEST_STEP][PASSED] - waitForElementPresent(findTestObject("GenericII/getBotResponse", ["index":2]), 30, CONTINUE_ON_FAILURE): Object 'Object Repository/GenericII/getBotResponse' is present&#xD;
&#xD;
2020-11-25 15:14:40 - [MESSAGE][PASSED] - Object 'Object Repository/GenericII/getBotResponse' is present&#xD;
&#xD;
2020-11-25 15:14:40 - [TEST_STEP][PASSED] - verifyElementPresent(findTestObject("WEB_OBJECTS/textLink"), 20, CONTINUE_ON_FAILURE): Object 'Object Repository/WEB_OBJECTS/textLink' is present&#xD;
&#xD;
2020-11-25 15:14:42 - [MESSAGE][PASSED] - Object 'Object Repository/WEB_OBJECTS/textLink' is present&#xD;
&#xD;
2020-11-25 15:14:42 - [TEST_STEP][PASSED] - platform.Preview.downvoteResponseWithoutComment(): platform.Preview.downvoteResponseWithoutComment is PASSED&#xD;
&#xD;
2020-11-25 15:14:44 - [MESSAGE][PASSED] - Object: 'Object Repository/Button/downvote' is clicked on&#xD;
&#xD;
2020-11-25 15:14:46 - [MESSAGE][PASSED] - platform.Preview.downvoteResponseWithoutComment is PASSED&#xD;
&#xD;
2020-11-25 15:14:46 - [TEST_STEP][PASSED] - getRoomIdAt = new java.util.ArrayList(): null&#xD;
&#xD;
2020-11-25 15:14:46 - [TEST_STEP][PASSED] - getRoomIdAt = platform.Utility.getRoomID(): platform.Utility.getRoomID is PASSED&#xD;
&#xD;
2020-11-25 15:14:53 - [MESSAGE][PASSED] - platform.Utility.getRoomID is PASSED&#xD;
&#xD;
2020-11-25 15:14:53 - [TEST_STEP][PASSED] - roomID = get(0).toString(): null&#xD;
&#xD;
2020-11-25 15:14:53 - [TEST_STEP][PASSED] - comment(" *** EXECUTING WHEN STEP *** "):  *** EXECUTING WHEN STEP *** &#xD;
&#xD;
2020-11-25 15:14:53 - [MESSAGE][INFO] -  *** EXECUTING WHEN STEP *** &#xD;
&#xD;
2020-11-25 15:14:53 - [TEST_STEP][PASSED] - platform.Method.clickOnElement(findTestObject("GenericII/minimize")): platform.Method.clickOnElement is PASSED&#xD;
&#xD;
2020-11-25 15:14:55 - [MESSAGE][PASSED] - platform.Method.clickOnElement is PASSED&#xD;
&#xD;
2020-11-25 15:14:55 - [TEST_STEP][PASSED] - platform.Method.clickOnElement(findTestObject("Generic/session")): platform.Method.clickOnElement is PASSED&#xD;
&#xD;
2020-11-25 15:14:58 - [MESSAGE][PASSED] - platform.Method.clickOnElement is PASSED&#xD;
&#xD;
2020-11-25 15:14:58 - [TEST_STEP][PASSED] - waitForElementVisible(findTestObject("Input/roomID", ["value":"id"]), 20, OPTIONAL): Object 'Object Repository/Input/roomID' is visible&#xD;
&#xD;
2020-11-25 15:15:01 - [MESSAGE][PASSED] - Object 'Object Repository/Input/roomID' is visible&#xD;
&#xD;
2020-11-25 15:15:01 - [TEST_STEP][PASSED] - platform.Session.searchByRoomID(roomID): platform.Session.searchByRoomID is PASSED&#xD;
&#xD;
2020-11-25 15:15:04 - [MESSAGE][PASSED] - Text '1988726' is set on object 'Object Repository/Input/roomID'&#xD;
&#xD;
2020-11-25 15:15:07 - [MESSAGE][PASSED] - platform.Session.searchByRoomID is PASSED&#xD;
&#xD;
2020-11-25 15:15:07 - [TEST_STEP][PASSED] - comment(" *** EXECUTING THEN STEP *** "):  *** EXECUTING THEN STEP *** &#xD;
&#xD;
2020-11-25 15:15:07 - [MESSAGE][INFO] -  *** EXECUTING THEN STEP *** &#xD;
&#xD;
2020-11-25 15:15:07 - [TEST_STEP][PASSED] - verifyElementPresent(findTestObject("Generic/webObjectWithText", ["textValue":roomID]), 30, CONTINUE_ON_FAILURE): Object 'Object Repository/Generic/webObjectWithText' is present&#xD;
&#xD;
2020-11-25 15:15:08 - [MESSAGE][PASSED] - Object 'Object Repository/Generic/webObjectWithText' is present&#xD;
&#xD;
2020-11-25 15:15:08 - [TEST_STEP][PASSED] - platform.Method.clickOnElement(findTestObject("Generic/webObjectWithText", ["textValue":roomID])): platform.Method.clickOnElement is PASSED&#xD;
&#xD;
2020-11-25 15:15:10 - [MESSAGE][PASSED] - platform.Method.clickOnElement is PASSED&#xD;
&#xD;
2020-11-25 15:15:10 - [TEST_STEP][PASSED] - testObject = modifyObjectProperty(findTestObject("WEB_OBJECTS/textLink"), "xpath", "not equals", newXpath, true, OPTIONAL): Modify property of object successfully&#xD;
&#xD;
2020-11-25 15:15:10 - [MESSAGE][PASSED] - Modify property of object successfully&#xD;
&#xD;
2020-11-25 15:15:10 - [TEST_STEP][PASSED] - verifyElementPresent(testObject, 20, CONTINUE_ON_FAILURE): Object 'Object Repository/WEB_OBJECTS/textLink' is present&#xD;
&#xD;
2020-11-25 15:15:11 - [MESSAGE][PASSED] - Object 'Object Repository/WEB_OBJECTS/textLink' is present&#xD;
&#xD;
2020-11-25 15:15:11 - [TEST_STEP][PASSED] - platform.Method.clickOnElement(findTestObject("GenericII/closePopup")): platform.Method.clickOnElement is PASSED&#xD;
&#xD;
2020-11-25 15:15:14 - [MESSAGE][PASSED] - platform.Method.clickOnElement is PASSED&#xD;
&#xD;
2020-11-25 15:15:14 - [TEST_STEP][PASSED] - comment(" *** VERFIY IN CURATION CONSOLE ***"):  *** VERFIY IN CURATION CONSOLE ***&#xD;
&#xD;
2020-11-25 15:15:14 - [MESSAGE][INFO] -  *** VERFIY IN CURATION CONSOLE ***&#xD;
&#xD;
2020-11-25 15:15:14 - [TEST_STEP][PASSED] - platform.Method.clickOnElement(findTestObject("Generic/curation")): platform.Method.clickOnElement is PASSED&#xD;
&#xD;
2020-11-25 15:15:16 - [MESSAGE][PASSED] - platform.Method.clickOnElement is PASSED&#xD;
&#xD;
2020-11-25 15:15:16 - [TEST_STEP][PASSED] - waitForElementPresent(findTestObject("Generic/webObjectWithText", ["textValue":"Unresolved issues"]), 20, OPTIONAL): Object 'Object Repository/Generic/webObjectWithText' is present&#xD;
&#xD;
2020-11-25 15:15:17 - [MESSAGE][PASSED] - Object 'Object Repository/Generic/webObjectWithText' is present&#xD;
&#xD;
2020-11-25 15:15:17 - [TEST_STEP][PASSED] - platform.Method.clickOnElement(findTestObject("Generic/webObjectWithText", ["textValue":"Issues"])): platform.Method.clickOnElement is PASSED&#xD;
&#xD;
2020-11-25 15:15:20 - [MESSAGE][PASSED] - platform.Method.clickOnElement is PASSED&#xD;
&#xD;
2020-11-25 15:15:20 - [TEST_STEP][PASSED] - sendKeys(findTestObject("Input/roomID", ["value":"room_id"]), roomID): Keys '1988726' sent to object: 'Object Repository/Input/roomID'&#xD;
&#xD;
2020-11-25 15:15:23 - [MESSAGE][PASSED] - Keys '1988726' sent to object: 'Object Repository/Input/roomID'&#xD;
&#xD;
2020-11-25 15:15:23 - [TEST_STEP][PASSED] - platform.Method.clickOnElement(findTestObject("Button/filter")): platform.Method.clickOnElement is PASSED&#xD;
&#xD;
2020-11-25 15:15:25 - [MESSAGE][PASSED] - platform.Method.clickOnElement is PASSED&#xD;
&#xD;
2020-11-25 15:15:25 - [TEST_STEP][PASSED] - testObject = modifyObjectProperty(findTestObject("WEB_OBJECTS/textLink"), "xpath", "not equals", curXpath, true, OPTIONAL): Modify property of object successfully&#xD;
&#xD;
2020-11-25 15:15:26 - [MESSAGE][PASSED] - Modify property of object successfully&#xD;
&#xD;
2020-11-25 15:15:26 - [TEST_STEP][PASSED] - verifyElementPresent(testObject, 20, STOP_ON_FAILURE): Object 'Object Repository/WEB_OBJECTS/textLink' is present&#xD;
&#xD;
2020-11-25 15:15:27 - [MESSAGE][PASSED] - Object 'Object Repository/WEB_OBJECTS/textLink' is present</system-out>
            <system-err></system-err>
        </testcase>
        <system-out>2020-11-25 14:45:55 - [TEST_SUITE][INCOMPLETE] - FAQ_SSO: null</system-out>
        <system-err>2020-11-25 14:45:55 - [TEST_SUITE][INCOMPLETE] - FAQ_SSO: null</system-err>
    </testsuite>
</testsuites>
