<?xml version="1.0" encoding="UTF-8" standalone="yes"?>
<testsuites name="TASK_SSO" time="1468" tests="16" failures="1" errors="0">
    <testsuite name="TASK_SSO" tests="16" failures="1" errors="0" time="1468" timestamp="2020-09-30 10:30:19" hostname="narendra.n - WLPT580.imidomain.com" id="Test Suites/TASK_SSO">
        <properties>
            <property name="deviceName" value=""/>
            <property name="devicePlatform" value=""/>
            <property name="logFolder" value="D:\\IMIbot.ai-Project\\Reports\\20200930_103009\\TASK_SSO\\20200930_103009"/>
            <property name="logFiles" value="D:\\IMIbot.ai-Project\\Reports\\20200930_103009\\TASK_SSO\\20200930_103009\\execution0.log"/>
            <property name="attachments" value="D:\\IMIbot.ai-Project\\Reports\\20200930_103009\\TASK_SSO\\20200930_103009\\1601442751658.png, D:\\IMIbot.ai-Project\\Reports\\20200930_103009\\TASK_SSO\\20200930_103009\\1601443362168.png, D:\\IMIbot.ai-Project\\Reports\\20200930_103009\\TASK_SSO\\20200930_103009\\1601443364761.png"/>
            <property name="hostName" value="narendra.n - WLPT580.imidomain.com"/>
            <property name="os" value="Windows 8.1 64bit"/>
            <property name="katalonVersion" value="6.3.3.11"/>
            <property name="browser" value="Chrome 85.0.4183.121"/>
            <property name="hostAddress" value="192.168.29.195"/>
            <property name="sessionId" value="7f773eb881dfe90d1a2d36ab2e0c6c2f"/>
            <property name="seleniumVersion" value="3.141.59"/>
            <property name="proxyInformation" value="ProxyInformation{proxyOption=NO_PROXY, proxyServerType=HTTP, password=, proxyServerAddress=, proxyServerPort=0}"/>
            <property name="platform" value="Windows 8.1"/>
        </properties>
        <testcase name="Test Cases/TASK_SSO/botCreation_Test" classname="Test Cases/TASK_SSO/botCreation_Test" status="PASSED">
            <system-out>2020-09-30 10:31:01 - [TEST_CASE][PASSED] - Test Cases/TASK_SSO/botCreation_Test: Test Cases/TASK_SSO/botCreation_Test&#xD;
&#xD;
2020-09-30 10:31:02 - [TEST_STEP][PASSED] - platform.Method.clickOnElement(findTestObject("Generic/webObjectWithText", ["textValue":"Task bots"])): platform.Method.clickOnElement is PASSED&#xD;
&#xD;
2020-09-30 10:31:05 - [MESSAGE][PASSED] - platform.Method.clickOnElement is PASSED&#xD;
&#xD;
2020-09-30 10:31:05 - [TEST_STEP][PASSED] - platform.Method.clickOnElement(findTestObject("Button/createBot")): platform.Method.clickOnElement is PASSED&#xD;
&#xD;
2020-09-30 10:31:08 - [MESSAGE][PASSED] - platform.Method.clickOnElement is PASSED&#xD;
&#xD;
2020-09-30 10:31:08 - [TEST_STEP][PASSED] - sendKeys(findTestObject("Input/botName"), nameOfTheBot): Keys 'TASK 2020' sent to object: 'Object Repository/Input/botName'&#xD;
&#xD;
2020-09-30 10:31:11 - [MESSAGE][PASSED] - Keys 'TASK 2020' sent to object: 'Object Repository/Input/botName'&#xD;
&#xD;
2020-09-30 10:31:11 - [TEST_STEP][PASSED] - platform.Method.clickOnElement(findTestObject("Toggle/feedback")): platform.Method.clickOnElement is PASSED&#xD;
&#xD;
2020-09-30 10:31:13 - [MESSAGE][PASSED] - platform.Method.clickOnElement is PASSED&#xD;
&#xD;
2020-09-30 10:31:13 - [TEST_STEP][PASSED] - platform.Method.clickOnElement(findTestObject("Button/done")): platform.Method.clickOnElement is PASSED&#xD;
&#xD;
2020-09-30 10:31:16 - [MESSAGE][PASSED] - platform.Method.clickOnElement is PASSED&#xD;
&#xD;
2020-09-30 10:31:16 - [TEST_STEP][PASSED] - waitForElementVisible(findTestObject("Generic/modelState"), 60, OPTIONAL): Object 'Object Repository/Generic/modelState' is visible&#xD;
&#xD;
2020-09-30 10:31:24 - [MESSAGE][PASSED] - Object 'Object Repository/Generic/modelState' is visible&#xD;
&#xD;
2020-09-30 10:31:24 - [TEST_STEP][PASSED] - if (!(verifyElementText(findTestObject("Generic/modelState"), "Trained", OPTIONAL))): Actual text and expected text of test object 'Object Repository/Generic/modelState' are matched.&#xD;
&#xD;
2020-09-30 10:31:26 - [MESSAGE][PASSED] - Actual text and expected text of test object 'Object Repository/Generic/modelState' are matched.</system-out>
            <system-err></system-err>
        </testcase>
        <testcase name="Test Cases/TASK_SSO/botCardPreview_Test" classname="Test Cases/TASK_SSO/botCardPreview_Test" status="PASSED">
            <system-out>2020-09-30 10:31:26 - [TEST_CASE][PASSED] - Test Cases/TASK_SSO/botCardPreview_Test: Test Cases/TASK_SSO/botCardPreview_Test&#xD;
&#xD;
2020-09-30 10:31:27 - [TEST_STEP][PASSED] - platform.Method.clickOnElement(findTestObject("Generic/imiLogo")): platform.Method.clickOnElement is PASSED&#xD;
&#xD;
2020-09-30 10:31:31 - [MESSAGE][PASSED] - platform.Method.clickOnElement is PASSED&#xD;
&#xD;
2020-09-30 10:31:31 - [TEST_STEP][PASSED] - waitForElementVisible(findTestObject("Button/createBot"), 20, OPTIONAL): Object 'Object Repository/Button/createBot' is visible&#xD;
&#xD;
2020-09-30 10:31:34 - [MESSAGE][PASSED] - Object 'Object Repository/Button/createBot' is visible&#xD;
&#xD;
2020-09-30 10:31:34 - [TEST_STEP][PASSED] - platform.Method.clickOnElement(findTestObject("Generic/webObjectWithText", ["textValue":"Task bots"])): platform.Method.clickOnElement is PASSED&#xD;
&#xD;
2020-09-30 10:31:37 - [MESSAGE][PASSED] - platform.Method.clickOnElement is PASSED&#xD;
&#xD;
2020-09-30 10:31:37 - [TEST_STEP][PASSED] - waitForElementVisible(findTestObject("Button/createBot"), 20, OPTIONAL): Object 'Object Repository/Button/createBot' is visible&#xD;
&#xD;
2020-09-30 10:31:39 - [MESSAGE][PASSED] - Object 'Object Repository/Button/createBot' is visible&#xD;
&#xD;
2020-09-30 10:31:39 - [TEST_STEP][PASSED] - platform.Preview.startBotCardPreview("Task bots", TASK_BOT): platform.Preview.startBotCardPreview is PASSED&#xD;
&#xD;
2020-09-30 10:31:55 - [MESSAGE][PASSED] - platform.Preview.startBotCardPreview is PASSED&#xD;
&#xD;
2020-09-30 10:31:55 - [TEST_STEP][PASSED] - waitForElementPresent(findTestObject("Input/chatInput"), 5, OPTIONAL): Object 'Object Repository/Input/chatInput' is present&#xD;
&#xD;
2020-09-30 10:31:56 - [MESSAGE][PASSED] - Object 'Object Repository/Input/chatInput' is present&#xD;
&#xD;
2020-09-30 10:31:56 - [TEST_STEP][PASSED] - sendKeys(findTestObject("Input/chatInput"), Keys.chord(userQuery, ENTER), STOP_ON_FAILURE): Keys 'ENTER + how can you help me?' sent to object: 'Object Repository/Input/chatInput'&#xD;
&#xD;
2020-09-30 10:31:59 - [MESSAGE][PASSED] - Keys 'ENTER + how can you help me?' sent to object: 'Object Repository/Input/chatInput'&#xD;
&#xD;
2020-09-30 10:31:59 - [TEST_STEP][PASSED] - delay(3): Delayed 3 second(s)&#xD;
&#xD;
2020-09-30 10:32:02 - [MESSAGE][PASSED] - Delayed 3 second(s)&#xD;
&#xD;
2020-09-30 10:32:02 - [TEST_STEP][PASSED] - platform.Preview.verifyBotResponse(stringToCheck): YOUR TEXT HAS A MATCH&#xD;
&#xD;
2020-09-30 10:32:05 - [MESSAGE][PASSED] - Delayed 3 second(s)&#xD;
&#xD;
2020-09-30 10:32:08 - [MESSAGE][PASSED] - YOUR TEXT HAS A MATCH&#xD;
&#xD;
2020-09-30 10:32:08 - [TEST_STEP][PASSED] - platform.Method.clickOnElement(findTestObject("GenericII/minimize")): platform.Method.clickOnElement is PASSED&#xD;
&#xD;
2020-09-30 10:32:11 - [MESSAGE][PASSED] - platform.Method.clickOnElement is PASSED</system-out>
            <system-err></system-err>
        </testcase>
        <testcase name="Test Cases/TASK_SSO/botCardMenu_Test" classname="Test Cases/TASK_SSO/botCardMenu_Test" status="PASSED">
            <system-out>2020-09-30 10:32:11 - [TEST_CASE][PASSED] - Test Cases/TASK_SSO/botCardMenu_Test: Test Cases/TASK_SSO/botCardMenu_Test&#xD;
&#xD;
2020-09-30 10:32:12 - [TEST_STEP][PASSED] - botCardOptions = platform.Method.verifyBotCardMenu("Task bots", TASK_BOT): platform.Method.verifyBotCardMenu is PASSED&#xD;
&#xD;
2020-09-30 10:32:17 - [MESSAGE][PASSED] - Object 'Object Repository/Button/botCardPreview' is present&#xD;
&#xD;
2020-09-30 10:32:20 - [MESSAGE][PASSED] - Object: 'Object Repository/Button/botCardMenu' is hovered&#xD;
&#xD;
2020-09-30 10:32:28 - [MESSAGE][PASSED] - platform.Method.verifyBotCardMenu is PASSED&#xD;
&#xD;
2020-09-30 10:32:28 - [TEST_STEP][PASSED] - verifyElementPresent(findTestObject("Generic/webObjectWithText", ["textValue":"Copy Preview Link"]), 5, STOP_ON_FAILURE): Object 'Object Repository/Generic/webObjectWithText' is present&#xD;
&#xD;
2020-09-30 10:32:29 - [MESSAGE][PASSED] - Object 'Object Repository/Generic/webObjectWithText' is present&#xD;
&#xD;
2020-09-30 10:32:29 - [TEST_STEP][PASSED] - assert botCardOptions.containsAll(BOT_CARD_OPTION) == true: null&#xD;
&#xD;
2020-09-30 10:32:29 - [TEST_STEP][PASSED] - platform.Method.clickOnElement(findTestObject("Generic/webObjectWithText", ["textValue":TASK_BOT])): platform.Method.clickOnElement is PASSED&#xD;
&#xD;
2020-09-30 10:32:32 - [MESSAGE][PASSED] - platform.Method.clickOnElement is PASSED&#xD;
&#xD;
2020-09-30 10:32:32 - [TEST_STEP][PASSED] - waitForElementPresent(findTestObject("Generic/webObjectWithText", ["textValue":"Bot configuration"]), 10, STOP_ON_FAILURE): Object 'Object Repository/Generic/webObjectWithText' is present&#xD;
&#xD;
2020-09-30 10:32:34 - [MESSAGE][PASSED] - Object 'Object Repository/Generic/webObjectWithText' is present&#xD;
&#xD;
2020-09-30 10:32:34 - [TEST_STEP][PASSED] - platform.Method.clickOnElement(findTestObject("Generic/nlp")): platform.Method.clickOnElement is PASSED&#xD;
&#xD;
2020-09-30 10:32:37 - [MESSAGE][PASSED] - platform.Method.clickOnElement is PASSED&#xD;
&#xD;
2020-09-30 10:32:37 - [TEST_STEP][PASSED] - waitForElementPresent(findTestObject("Generic/webObjectWithText", ["textValue":"Input recognition"]), 10, STOP_ON_FAILURE): Object 'Object Repository/Generic/webObjectWithText' is present&#xD;
&#xD;
2020-09-30 10:32:39 - [MESSAGE][PASSED] - Object 'Object Repository/Generic/webObjectWithText' is present&#xD;
&#xD;
2020-09-30 10:32:39 - [TEST_STEP][PASSED] - platform.Method.clickOnElement(findTestObject("Generic/training")): platform.Method.clickOnElement is PASSED&#xD;
&#xD;
2020-09-30 10:32:41 - [MESSAGE][PASSED] - platform.Method.clickOnElement is PASSED&#xD;
&#xD;
2020-09-30 10:32:41 - [TEST_STEP][PASSED] - waitForElementPresent(findTestObject("Generic/webObjectWithText", ["textValue":"Training data"]), 10, STOP_ON_FAILURE): Object 'Object Repository/Generic/webObjectWithText' is present&#xD;
&#xD;
2020-09-30 10:32:43 - [MESSAGE][PASSED] - Object 'Object Repository/Generic/webObjectWithText' is present&#xD;
&#xD;
2020-09-30 10:32:43 - [TEST_STEP][PASSED] - platform.Method.clickOnElement(findTestObject("Generic/response")): platform.Method.clickOnElement is PASSED&#xD;
&#xD;
2020-09-30 10:32:45 - [MESSAGE][PASSED] - platform.Method.clickOnElement is PASSED&#xD;
&#xD;
2020-09-30 10:32:45 - [TEST_STEP][PASSED] - waitForElementPresent(findTestObject("Generic/webObjectWithText", ["textValue":"Responses"]), 10, STOP_ON_FAILURE): Object 'Object Repository/Generic/webObjectWithText' is present&#xD;
&#xD;
2020-09-30 10:32:47 - [MESSAGE][PASSED] - Object 'Object Repository/Generic/webObjectWithText' is present&#xD;
&#xD;
2020-09-30 10:32:47 - [TEST_STEP][PASSED] - platform.Method.clickOnElement(findTestObject("Generic/curation")): platform.Method.clickOnElement is PASSED&#xD;
&#xD;
2020-09-30 10:32:51 - [MESSAGE][PASSED] - platform.Method.clickOnElement is PASSED&#xD;
&#xD;
2020-09-30 10:32:51 - [TEST_STEP][PASSED] - waitForElementPresent(findTestObject("Generic/webObjectWithText", ["textValue":"Unresolved issues"]), 10, STOP_ON_FAILURE): Object 'Object Repository/Generic/webObjectWithText' is present&#xD;
&#xD;
2020-09-30 10:32:52 - [MESSAGE][PASSED] - Object 'Object Repository/Generic/webObjectWithText' is present&#xD;
&#xD;
2020-09-30 10:32:52 - [TEST_STEP][PASSED] - platform.Method.clickOnElement(findTestObject("Generic/session")): platform.Method.clickOnElement is PASSED&#xD;
&#xD;
2020-09-30 10:32:55 - [MESSAGE][PASSED] - platform.Method.clickOnElement is PASSED&#xD;
&#xD;
2020-09-30 10:32:55 - [TEST_STEP][PASSED] - waitForElementPresent(findTestObject("Generic/webObjectWithText", ["textValue":"Conversations"]), 10, STOP_ON_FAILURE): Object 'Object Repository/Generic/webObjectWithText' is present&#xD;
&#xD;
2020-09-30 10:32:56 - [MESSAGE][PASSED] - Object 'Object Repository/Generic/webObjectWithText' is present&#xD;
&#xD;
2020-09-30 10:32:56 - [TEST_STEP][PASSED] - platform.Method.clickOnElement(findTestObject("Generic/webObjectWithText", ["textValue":"History"])): platform.Method.clickOnElement is PASSED&#xD;
&#xD;
2020-09-30 10:32:59 - [MESSAGE][PASSED] - platform.Method.clickOnElement is PASSED&#xD;
&#xD;
2020-09-30 10:32:59 - [TEST_STEP][PASSED] - waitForElementPresent(findTestObject("Generic/webObjectWithText", ["textValue":"History"]), 10, STOP_ON_FAILURE): Object 'Object Repository/Generic/webObjectWithText' is present&#xD;
&#xD;
2020-09-30 10:33:00 - [MESSAGE][PASSED] - Object 'Object Repository/Generic/webObjectWithText' is present</system-out>
            <system-err></system-err>
        </testcase>
        <testcase name="Test Cases/TASK_SSO/sideNavigation_Test" classname="Test Cases/TASK_SSO/sideNavigation_Test" status="PASSED">
            <system-out>2020-09-30 10:33:00 - [TEST_CASE][PASSED] - Test Cases/TASK_SSO/sideNavigation_Test: Test Cases/TASK_SSO/sideNavigation_Test&#xD;
&#xD;
2020-09-30 10:33:01 - [TEST_STEP][PASSED] - platform.Method.clickOnElement(findTestObject("Generic/webObjectWithText", ["textValue":TASK_BOT])): platform.Method.clickOnElement is PASSED&#xD;
&#xD;
2020-09-30 10:33:04 - [MESSAGE][PASSED] - platform.Method.clickOnElement is PASSED&#xD;
&#xD;
2020-09-30 10:33:04 - [TEST_STEP][PASSED] - waitForElementVisible(findTestObject("ICONS/sidebarSettings"), 20, OPTIONAL): Object 'Object Repository/ICONS/sidebarSettings' is visible&#xD;
&#xD;
2020-09-30 10:33:06 - [MESSAGE][PASSED] - Object 'Object Repository/ICONS/sidebarSettings' is visible&#xD;
&#xD;
2020-09-30 10:33:06 - [TEST_STEP][PASSED] - waitForElementPresent(findTestObject("Generic/webObjectWithText", ["textValue":"Bot configuration"]), 10, STOP_ON_FAILURE): Object 'Object Repository/Generic/webObjectWithText' is not present after 10 second(s)&#xD;
&#xD;
2020-09-30 10:33:17 - [MESSAGE][INFO] - Unable to find the element located by 'By.xpath: //*[contains(text(),'Bot configuration')]'. Please recheck the objects properties to make sure the desired element is located. &#xD;
&#xD;
2020-09-30 10:33:17 - [MESSAGE][WARNING] - Object 'Object Repository/Generic/webObjectWithText' is not present after 10 second(s)&#xD;
&#xD;
2020-09-30 10:33:17 - [TEST_STEP][PASSED] - platform.Method.clickOnElement(findTestObject("Generic/nlp")): platform.Method.clickOnElement is PASSED&#xD;
&#xD;
2020-09-30 10:33:19 - [MESSAGE][PASSED] - platform.Method.clickOnElement is PASSED&#xD;
&#xD;
2020-09-30 10:33:19 - [TEST_STEP][PASSED] - waitForElementPresent(findTestObject("Generic/webObjectWithText", ["textValue":"Input recognition"]), 10, STOP_ON_FAILURE): Object 'Object Repository/Generic/webObjectWithText' is present&#xD;
&#xD;
2020-09-30 10:33:21 - [MESSAGE][PASSED] - Object 'Object Repository/Generic/webObjectWithText' is present&#xD;
&#xD;
2020-09-30 10:33:21 - [TEST_STEP][PASSED] - platform.Method.clickOnElement(findTestObject("Generic/training")): platform.Method.clickOnElement is PASSED&#xD;
&#xD;
2020-09-30 10:33:23 - [MESSAGE][PASSED] - platform.Method.clickOnElement is PASSED&#xD;
&#xD;
2020-09-30 10:33:23 - [TEST_STEP][PASSED] - waitForElementPresent(findTestObject("Generic/webObjectWithText", ["textValue":"Training data"]), 10, STOP_ON_FAILURE): Object 'Object Repository/Generic/webObjectWithText' is present&#xD;
&#xD;
2020-09-30 10:33:25 - [MESSAGE][PASSED] - Object 'Object Repository/Generic/webObjectWithText' is present&#xD;
&#xD;
2020-09-30 10:33:25 - [TEST_STEP][PASSED] - platform.Method.clickOnElement(findTestObject("Generic/response")): platform.Method.clickOnElement is PASSED&#xD;
&#xD;
2020-09-30 10:33:27 - [MESSAGE][PASSED] - platform.Method.clickOnElement is PASSED&#xD;
&#xD;
2020-09-30 10:33:27 - [TEST_STEP][PASSED] - waitForElementPresent(findTestObject("Generic/webObjectWithText", ["textValue":"Responses"]), 10, STOP_ON_FAILURE): Object 'Object Repository/Generic/webObjectWithText' is present&#xD;
&#xD;
2020-09-30 10:33:28 - [MESSAGE][PASSED] - Object 'Object Repository/Generic/webObjectWithText' is present&#xD;
&#xD;
2020-09-30 10:33:28 - [TEST_STEP][PASSED] - platform.Method.clickOnElement(findTestObject("Generic/curation")): platform.Method.clickOnElement is PASSED&#xD;
&#xD;
2020-09-30 10:33:31 - [MESSAGE][PASSED] - platform.Method.clickOnElement is PASSED&#xD;
&#xD;
2020-09-30 10:33:31 - [TEST_STEP][PASSED] - waitForElementPresent(findTestObject("Generic/webObjectWithText", ["textValue":"Unresolved issues"]), 10, STOP_ON_FAILURE): Object 'Object Repository/Generic/webObjectWithText' is present&#xD;
&#xD;
2020-09-30 10:33:32 - [MESSAGE][PASSED] - Object 'Object Repository/Generic/webObjectWithText' is present&#xD;
&#xD;
2020-09-30 10:33:32 - [TEST_STEP][PASSED] - platform.Method.clickOnElement(findTestObject("Generic/session")): platform.Method.clickOnElement is PASSED&#xD;
&#xD;
2020-09-30 10:33:35 - [MESSAGE][PASSED] - platform.Method.clickOnElement is PASSED&#xD;
&#xD;
2020-09-30 10:33:35 - [TEST_STEP][PASSED] - waitForElementPresent(findTestObject("Generic/webObjectWithText", ["textValue":"Conversations"]), 10, STOP_ON_FAILURE): Object 'Object Repository/Generic/webObjectWithText' is present&#xD;
&#xD;
2020-09-30 10:33:36 - [MESSAGE][PASSED] - Object 'Object Repository/Generic/webObjectWithText' is present&#xD;
&#xD;
2020-09-30 10:33:36 - [TEST_STEP][PASSED] - platform.Method.clickOnElement(findTestObject("Generic/webObjectWithText", ["textValue":"History"])): platform.Method.clickOnElement is PASSED&#xD;
&#xD;
2020-09-30 10:33:39 - [MESSAGE][PASSED] - platform.Method.clickOnElement is PASSED&#xD;
&#xD;
2020-09-30 10:33:39 - [TEST_STEP][PASSED] - waitForElementPresent(findTestObject("Generic/webObjectWithText", ["textValue":"History"]), 10, STOP_ON_FAILURE): Object 'Object Repository/Generic/webObjectWithText' is present&#xD;
&#xD;
2020-09-30 10:33:40 - [MESSAGE][PASSED] - Object 'Object Repository/Generic/webObjectWithText' is present</system-out>
            <system-err></system-err>
        </testcase>
        <testcase name="Test Cases/TASK_SSO/createRichDynamicResponse_Test" classname="Test Cases/TASK_SSO/createRichDynamicResponse_Test" status="PASSED">
            <system-out>2020-09-30 10:33:40 - [TEST_CASE][PASSED] - Test Cases/TASK_SSO/createRichDynamicResponse_Test: Test Cases/TASK_SSO/createRichDynamicResponse_Test&#xD;
&#xD;
2020-09-30 10:33:41 - [TEST_STEP][PASSED] - platform.Method.clickOnElement(findTestObject("Generic/response")): platform.Method.clickOnElement is PASSED&#xD;
&#xD;
2020-09-30 10:33:43 - [MESSAGE][PASSED] - platform.Method.clickOnElement is PASSED&#xD;
&#xD;
2020-09-30 10:33:43 - [TEST_STEP][PASSED] - testData = findTestData("Data Files/testData_Task"): null&#xD;
&#xD;
2020-09-30 10:33:47 - [TEST_STEP][PASSED] - platform.Response.createRichResponse(testData.getValue("rich_template", 1), testData.getValue("rich_template_value", 1)): platform.Response.createRichResponse is PASSED&#xD;
&#xD;
2020-09-30 10:33:53 - [MESSAGE][PASSED] - Text 'incorrect_order' is set on object 'Object Repository/NewRepo2/templateKeyName'&#xD;
&#xD;
2020-09-30 10:33:58 - [MESSAGE][PASSED] - Delayed 2 second(s)&#xD;
&#xD;
2020-09-30 10:34:03 - [MESSAGE][PASSED] - Keys 'You have requested with an incorrect order number. Please request a correct order number' sent to object: 'Object Repository/Input/textResponse'&#xD;
&#xD;
2020-09-30 10:34:05 - [MESSAGE][PASSED] - platform.Response.createRichResponse is PASSED&#xD;
&#xD;
2020-09-30 10:34:05 - [TEST_STEP][PASSED] - platform.Response.createRichResponse(testData.getValue("rich_template", 2), testData.getValue("rich_template_value", 2)): platform.Response.createRichResponse is PASSED&#xD;
&#xD;
2020-09-30 10:34:11 - [MESSAGE][PASSED] - Text 'product_not_found' is set on object 'Object Repository/NewRepo2/templateKeyName'&#xD;
&#xD;
2020-09-30 10:34:15 - [MESSAGE][PASSED] - Delayed 2 second(s)&#xD;
&#xD;
2020-09-30 10:34:21 - [MESSAGE][PASSED] - Keys 'Oops!! Sorry, Requested product is not available' sent to object: 'Object Repository/Input/textResponse'&#xD;
&#xD;
2020-09-30 10:34:24 - [MESSAGE][PASSED] - platform.Response.createRichResponse is PASSED&#xD;
&#xD;
2020-09-30 10:34:24 - [TEST_STEP][PASSED] - platform.Response.createRichResponse(testData.getValue("rich_template", 3), testData.getValue("rich_template_value", 3)): platform.Response.createRichResponse is PASSED&#xD;
&#xD;
2020-09-30 10:34:31 - [MESSAGE][PASSED] - Text 'success_message' is set on object 'Object Repository/NewRepo2/templateKeyName'&#xD;
&#xD;
2020-09-30 10:34:35 - [MESSAGE][PASSED] - Delayed 2 second(s)&#xD;
&#xD;
2020-09-30 10:34:39 - [MESSAGE][PASSED] - Keys 'Your Query is successfully Answered' sent to object: 'Object Repository/Input/textResponse'&#xD;
&#xD;
2020-09-30 10:34:41 - [MESSAGE][PASSED] - platform.Response.createRichResponse is PASSED&#xD;
&#xD;
2020-09-30 10:34:41 - [TEST_STEP][PASSED] - platform.Response.createRichResponse(testData.getValue("rich_template", 5), testData.getValue("rich_template_value", 5)): platform.Response.createRichResponse is PASSED&#xD;
&#xD;
2020-09-30 10:34:47 - [MESSAGE][PASSED] - Text 'payment_option' is set on object 'Object Repository/NewRepo2/templateKeyName'&#xD;
&#xD;
2020-09-30 10:34:52 - [MESSAGE][PASSED] - Delayed 2 second(s)&#xD;
&#xD;
2020-09-30 10:34:58 - [MESSAGE][PASSED] - Keys 'Through PayPal we offer 0% APR interest for 4 months on your purchase of £99 or more. You can choose PayPal* finance online, at the checkout section.' sent to object: 'Object Repository/Input/textResponse'&#xD;
&#xD;
2020-09-30 10:35:01 - [MESSAGE][PASSED] - platform.Response.createRichResponse is PASSED&#xD;
&#xD;
2020-09-30 10:35:01 - [TEST_STEP][PASSED] - platform.Response.createDynamicResponse(testData.getValue("dynamic_template", 1), testData.getValue("dynamic_template_file", 1)): platform.Response.createDynamicResponse is PASSED&#xD;
&#xD;
2020-09-30 10:35:07 - [MESSAGE][PASSED] - Text 'delivery_template' is set on object 'Object Repository/NewRepo2/templateKeyName'&#xD;
&#xD;
2020-09-30 10:35:11 - [MESSAGE][PASSED] - Delayed 2 second(s)&#xD;
&#xD;
2020-09-30 10:35:19 - [MESSAGE][PASSED] - File 'D:/IMIbot.ai-Project/Collection/delivery_template.py' sent to object: 'Object Repository/Input/uploadFile'&#xD;
&#xD;
2020-09-30 10:35:21 - [MESSAGE][PASSED] - platform.Response.createDynamicResponse is PASSED&#xD;
&#xD;
2020-09-30 10:35:21 - [TEST_STEP][PASSED] - waitForElementPresent(findTestObject("Generic/webObjectWithText", ["textValue":"Welcome message "]), 20, OPTIONAL): Object 'Object Repository/Generic/webObjectWithText' is present&#xD;
&#xD;
2020-09-30 10:35:23 - [MESSAGE][PASSED] - Object 'Object Repository/Generic/webObjectWithText' is present&#xD;
&#xD;
2020-09-30 10:35:23 - [TEST_STEP][PASSED] - platform.Method.clickOnElement(findTestObject("Generic/webObjectWithText", ["textValue":"Welcome message "])): platform.Method.clickOnElement is PASSED&#xD;
&#xD;
2020-09-30 10:35:25 - [MESSAGE][PASSED] - platform.Method.clickOnElement is PASSED&#xD;
&#xD;
2020-09-30 10:35:25 - [TEST_STEP][PASSED] - platform.Response.createDynamicResponse(testData.getValue("dynamic_template", 2), testData.getValue("dynamic_template_file", 2)): platform.Response.createDynamicResponse is PASSED&#xD;
&#xD;
2020-09-30 10:35:32 - [MESSAGE][PASSED] - Text 'order_status_template' is set on object 'Object Repository/NewRepo2/templateKeyName'&#xD;
&#xD;
2020-09-30 10:35:36 - [MESSAGE][PASSED] - Delayed 2 second(s)&#xD;
&#xD;
2020-09-30 10:35:44 - [MESSAGE][PASSED] - File 'D:/IMIbot.ai-Project/Collection/order_status_template.py' sent to object: 'Object Repository/Input/uploadFile'&#xD;
&#xD;
2020-09-30 10:35:46 - [MESSAGE][PASSED] - platform.Response.createDynamicResponse is PASSED&#xD;
&#xD;
2020-09-30 10:35:46 - [TEST_STEP][PASSED] - waitForElementPresent(findTestObject("ICONS/toastMsg"), 20, OPTIONAL): Object 'Object Repository/ICONS/toastMsg' is present&#xD;
&#xD;
2020-09-30 10:35:48 - [MESSAGE][PASSED] - Object 'Object Repository/ICONS/toastMsg' is present</system-out>
            <system-err></system-err>
        </testcase>
        <testcase name="Test Cases/TASK_SSO/entitiesCreationAndUpdate_Test" classname="Test Cases/TASK_SSO/entitiesCreationAndUpdate_Test" status="PASSED">
            <system-out>2020-09-30 10:35:48 - [TEST_CASE][PASSED] - Test Cases/TASK_SSO/entitiesCreationAndUpdate_Test: Test Cases/TASK_SSO/entitiesCreationAndUpdate_Test&#xD;
&#xD;
2020-09-30 10:35:50 - [TEST_STEP][PASSED] - platform.Method.clickOnElement(findTestObject("Generic/training")): platform.Method.clickOnElement is PASSED&#xD;
&#xD;
2020-09-30 10:35:52 - [MESSAGE][PASSED] - platform.Method.clickOnElement is PASSED&#xD;
&#xD;
2020-09-30 10:35:52 - [TEST_STEP][PASSED] - platform.Method.clickOnElement(findTestObject("Generic/webObjectWithText", ["textValue":"Entities"])): platform.Method.clickOnElement is PASSED&#xD;
&#xD;
2020-09-30 10:35:55 - [MESSAGE][PASSED] - platform.Method.clickOnElement is PASSED&#xD;
&#xD;
2020-09-30 10:35:55 - [TEST_STEP][PASSED] - testData = findTestData("Data Files/testData_Task"): null&#xD;
&#xD;
2020-09-30 10:35:56 - [TEST_STEP][PASSED] - platform.Method.clickOnElement(findTestObject("Button/createEntity")): platform.Method.clickOnElement is PASSED&#xD;
&#xD;
2020-09-30 10:35:58 - [MESSAGE][PASSED] - platform.Method.clickOnElement is PASSED&#xD;
&#xD;
2020-09-30 10:35:58 - [TEST_STEP][PASSED] - platform.Training.createEntity("city name", " Custom list ", "mumbai"): platform.Training.createEntity is PASSED&#xD;
&#xD;
2020-09-30 10:36:01 - [MESSAGE][PASSED] - Keys 'city name' sent to object: 'Object Repository/Input/entityName'&#xD;
&#xD;
2020-09-30 10:36:03 - [MESSAGE][INFO] - Entity Type:  Custom list &#xD;
&#xD;
2020-09-30 10:36:08 - [MESSAGE][PASSED] - Keys 'mumbai' sent to object: 'Object Repository/Input/defValueOfEntity'&#xD;
&#xD;
2020-09-30 10:36:10 - [MESSAGE][PASSED] - platform.Training.createEntity is PASSED&#xD;
&#xD;
2020-09-30 10:36:10 - [TEST_STEP][PASSED] - platform.Method.clickOnElement(findTestObject("Button/createEntity")): platform.Method.clickOnElement is PASSED&#xD;
&#xD;
2020-09-30 10:36:13 - [MESSAGE][PASSED] - platform.Method.clickOnElement is PASSED&#xD;
&#xD;
2020-09-30 10:36:13 - [TEST_STEP][PASSED] - platform.Training.createEntity("date", " Date ", null): platform.Training.createEntity is PASSED&#xD;
&#xD;
2020-09-30 10:36:16 - [MESSAGE][PASSED] - Keys 'date' sent to object: 'Object Repository/Input/entityName'&#xD;
&#xD;
2020-09-30 10:36:19 - [MESSAGE][INFO] - Entity Type:  Date &#xD;
&#xD;
2020-09-30 10:36:23 - [MESSAGE][PASSED] - platform.Training.createEntity is PASSED&#xD;
&#xD;
2020-09-30 10:36:23 - [TEST_STEP][PASSED] - for ([count = 2, count &lt;= testData.getRowNumbers(), (count++)]): null&#xD;
&#xD;
2020-09-30 10:36:23 - [TEST_STEP][PASSED] - if (testData.getValue("entity_name", count) != ""): platform.Training.createEntity is PASSED&#xD;
&#xD;
2020-09-30 10:36:23 - [TEST_STEP][PASSED] - platform.Method.clickOnElement(findTestObject("Button/createEntity")): platform.Method.clickOnElement is PASSED&#xD;
&#xD;
2020-09-30 10:36:26 - [MESSAGE][PASSED] - platform.Method.clickOnElement is PASSED&#xD;
&#xD;
2020-09-30 10:36:26 - [TEST_STEP][PASSED] - platform.Training.createEntity(testData.getValue("entity_name", count), testData.getValue("entity_type", count), testData.getValue("entity_value", count)): platform.Training.createEntity is PASSED&#xD;
&#xD;
2020-09-30 10:36:29 - [MESSAGE][PASSED] - Keys 'product_names' sent to object: 'Object Repository/Input/entityName'&#xD;
&#xD;
2020-09-30 10:36:31 - [MESSAGE][INFO] - Entity Type: Custom list&#xD;
&#xD;
2020-09-30 10:36:36 - [MESSAGE][PASSED] - Keys 'chair' sent to object: 'Object Repository/Input/defValueOfEntity'&#xD;
&#xD;
2020-09-30 10:36:38 - [MESSAGE][PASSED] - platform.Training.createEntity is PASSED&#xD;
&#xD;
2020-09-30 10:36:38 - [TEST_STEP][PASSED] - if (testData.getValue("entity_name", count) != ""): platform.Training.createEntity is PASSED&#xD;
&#xD;
2020-09-30 10:36:38 - [TEST_STEP][PASSED] - platform.Method.clickOnElement(findTestObject("Button/createEntity")): platform.Method.clickOnElement is PASSED&#xD;
&#xD;
2020-09-30 10:36:41 - [MESSAGE][PASSED] - platform.Method.clickOnElement is PASSED&#xD;
&#xD;
2020-09-30 10:36:41 - [TEST_STEP][PASSED] - platform.Training.createEntity(testData.getValue("entity_name", count), testData.getValue("entity_type", count), testData.getValue("entity_value", count)): platform.Training.createEntity is PASSED&#xD;
&#xD;
2020-09-30 10:36:43 - [MESSAGE][PASSED] - Keys 'order_id' sent to object: 'Object Repository/Input/entityName'&#xD;
&#xD;
2020-09-30 10:36:46 - [MESSAGE][INFO] - Entity Type: Regex&#xD;
&#xD;
2020-09-30 10:36:50 - [MESSAGE][PASSED] - Keys '\b\d{8}\b' sent to object: 'Object Repository/Input/defValueOfEntity'&#xD;
&#xD;
2020-09-30 10:36:53 - [MESSAGE][PASSED] - platform.Training.createEntity is PASSED&#xD;
&#xD;
2020-09-30 10:36:53 - [TEST_STEP][PASSED] - if (testData.getValue("entity_name", count) != ""): platform.Training.createEntity is PASSED&#xD;
&#xD;
2020-09-30 10:36:53 - [TEST_STEP][PASSED] - platform.Method.clickOnElement(findTestObject("Button/createEntity")): platform.Method.clickOnElement is PASSED&#xD;
&#xD;
2020-09-30 10:36:55 - [MESSAGE][PASSED] - platform.Method.clickOnElement is PASSED&#xD;
&#xD;
2020-09-30 10:36:55 - [TEST_STEP][PASSED] - platform.Training.createEntity(testData.getValue("entity_name", count), testData.getValue("entity_type", count), testData.getValue("entity_value", count)): platform.Training.createEntity is PASSED&#xD;
&#xD;
2020-09-30 10:36:58 - [MESSAGE][PASSED] - Keys 'zipcode' sent to object: 'Object Repository/Input/entityName'&#xD;
&#xD;
2020-09-30 10:37:00 - [MESSAGE][INFO] - Entity Type: Custom list&#xD;
&#xD;
2020-09-30 10:37:06 - [MESSAGE][PASSED] - Keys '\b\^[0-9]{6}\b' sent to object: 'Object Repository/Input/defValueOfEntity'&#xD;
&#xD;
2020-09-30 10:37:08 - [MESSAGE][PASSED] - platform.Training.createEntity is PASSED&#xD;
&#xD;
2020-09-30 10:37:08 - [TEST_STEP][PASSED] - if (testData.getValue("entity_name", count) != ""): null&#xD;
&#xD;
2020-09-30 10:37:08 - [TEST_STEP][PASSED] - else: null&#xD;
&#xD;
2020-09-30 10:37:08 - [TEST_STEP][PASSED] - logInfo("No more entity present!!"): No more entity present!!&#xD;
&#xD;
2020-09-30 10:37:08 - [MESSAGE][INFO] - No more entity present!!&#xD;
&#xD;
2020-09-30 10:37:08 - [TEST_STEP][PASSED] - break: null&#xD;
&#xD;
2020-09-30 10:37:08 - [TEST_STEP][PASSED] - waitForElementPresent(findTestObject("Generic/webObjectWithText", ["textValue":"city name"]), 15, STOP_ON_FAILURE): Object 'Object Repository/Generic/webObjectWithText' is present&#xD;
&#xD;
2020-09-30 10:37:09 - [MESSAGE][PASSED] - Object 'Object Repository/Generic/webObjectWithText' is present&#xD;
&#xD;
2020-09-30 10:37:09 - [TEST_STEP][PASSED] - platform.Training.editEntity("city name"): platform.Training.editEntity is PASSED&#xD;
&#xD;
2020-09-30 10:37:18 - [MESSAGE][PASSED] - platform.Training.editEntity is PASSED&#xD;
&#xD;
2020-09-30 10:37:18 - [TEST_STEP][PASSED] - testObject = modifyObjectProperty(findTestObject("Input/entityName"), "formcontrolname", "equals", "name", true, STOP_ON_FAILURE): Modify property of object successfully&#xD;
&#xD;
2020-09-30 10:37:19 - [MESSAGE][PASSED] - Modify property of object successfully&#xD;
&#xD;
2020-09-30 10:37:19 - [TEST_STEP][PASSED] - setText(testObject, testData.getValue("entity_name", 1)): Text 'store_name' is set on object 'Object Repository/Input/entityName'&#xD;
&#xD;
2020-09-30 10:37:22 - [MESSAGE][PASSED] - Text 'store_name' is set on object 'Object Repository/Input/entityName'&#xD;
&#xD;
2020-09-30 10:37:22 - [TEST_STEP][PASSED] - platform.Method.clickOnElement(findTestObject("Button/importIcon")): platform.Method.clickOnElement is PASSED&#xD;
&#xD;
2020-09-30 10:37:24 - [MESSAGE][PASSED] - platform.Method.clickOnElement is PASSED&#xD;
&#xD;
2020-09-30 10:37:24 - [TEST_STEP][PASSED] - platform.Method.uploadCsvFile(true, testData.getValue("custom_entity_file", 1)): platform.Method.uploadCsvFile is PASSED&#xD;
&#xD;
2020-09-30 10:37:29 - [MESSAGE][PASSED] - File 'D:/IMIbot.ai-Project/Collection/cityName.csv' sent to object: 'Object Repository/Input/uploadFile'&#xD;
&#xD;
2020-09-30 10:37:32 - [MESSAGE][PASSED] - platform.Method.uploadCsvFile is PASSED&#xD;
&#xD;
2020-09-30 10:37:32 - [TEST_STEP][PASSED] - platform.Method.clickOnElement(findTestObject("Button/save", ["value":" Save "])): platform.Method.clickOnElement is PASSED&#xD;
&#xD;
2020-09-30 10:37:34 - [MESSAGE][PASSED] - platform.Method.clickOnElement is PASSED&#xD;
&#xD;
2020-09-30 10:37:34 - [TEST_STEP][PASSED] - waitForElementPresent(findTestObject("ICONS/toastMsg"), 15, STOP_ON_FAILURE): Object 'Object Repository/ICONS/toastMsg' is present&#xD;
&#xD;
2020-09-30 10:37:36 - [MESSAGE][PASSED] - Object 'Object Repository/ICONS/toastMsg' is present&#xD;
&#xD;
2020-09-30 10:37:36 - [TEST_STEP][PASSED] - assert getText().contentEquals("store_name") == true: null&#xD;
&#xD;
2020-09-30 10:37:38 - [TEST_STEP][PASSED] - platform.Method.trainAndComment(testData.getValue("comment", 2)): platform.Method.trainAndComment is PASSED&#xD;
&#xD;
2020-09-30 10:37:45 - [MESSAGE][PASSED] - Keys 'response added &amp; updated' sent to object: 'Object Repository/Input/comment'&#xD;
&#xD;
2020-09-30 10:37:47 - [MESSAGE][PASSED] - platform.Method.trainAndComment is PASSED&#xD;
&#xD;
2020-09-30 10:37:47 - [TEST_STEP][PASSED] - waitForElementPresent(findTestObject("ICONS/toastMsg"), 15, OPTIONAL): Object 'Object Repository/ICONS/toastMsg' is present&#xD;
&#xD;
2020-09-30 10:37:49 - [MESSAGE][PASSED] - Object 'Object Repository/ICONS/toastMsg' is present</system-out>
            <system-err></system-err>
        </testcase>
        <testcase name="Test Cases/TASK_SSO/createIntentAndEditEntity_Test" classname="Test Cases/TASK_SSO/createIntentAndEditEntity_Test" status="PASSED">
            <system-out>2020-09-30 10:37:49 - [TEST_CASE][PASSED] - Test Cases/TASK_SSO/createIntentAndEditEntity_Test: Test Cases/TASK_SSO/createIntentAndEditEntity_Test&#xD;
&#xD;
2020-09-30 10:37:49 - [TEST_STEP][PASSED] - platform.Method.clickOnElement(findTestObject("Generic/webObjectWithText", ["textValue":"Intents"])): platform.Method.clickOnElement is PASSED&#xD;
&#xD;
2020-09-30 10:37:52 - [MESSAGE][PASSED] - platform.Method.clickOnElement is PASSED&#xD;
&#xD;
2020-09-30 10:37:52 - [TEST_STEP][PASSED] - testData = findTestData("Data Files/testData_Task"): null&#xD;
&#xD;
2020-09-30 10:37:52 - [TEST_STEP][PASSED] - platform.Training.addMultipleUtterance(testData, "track_order_utterance"): platform.Training.addMultipleUtterance is PASSED&#xD;
&#xD;
2020-09-30 10:37:59 - [MESSAGE][PASSED] - Keys 'When will I receive my order?' sent to object: 'Object Repository/Input/utterance'&#xD;
&#xD;
2020-09-30 10:38:06 - [MESSAGE][PASSED] - Delayed 5 second(s)&#xD;
&#xD;
2020-09-30 10:38:09 - [MESSAGE][PASSED] - Keys 'Track status of order number 00001234' sent to object: 'Object Repository/Input/utterance'&#xD;
&#xD;
2020-09-30 10:38:16 - [MESSAGE][PASSED] - Delayed 5 second(s)&#xD;
&#xD;
2020-09-30 10:38:18 - [MESSAGE][PASSED] - Keys 'Status of my order' sent to object: 'Object Repository/Input/utterance'&#xD;
&#xD;
2020-09-30 10:38:26 - [MESSAGE][PASSED] - Delayed 5 second(s)&#xD;
&#xD;
2020-09-30 10:38:26 - [MESSAGE][PASSED] - platform.Training.addMultipleUtterance is PASSED&#xD;
&#xD;
2020-09-30 10:38:26 - [TEST_STEP][PASSED] - sendKeys(findTestObject("Input/intentName"), testData.getValue("intent_name", 3)): Keys 'track_order' sent to object: 'Object Repository/Input/intentName'&#xD;
&#xD;
2020-09-30 10:38:28 - [MESSAGE][PASSED] - Keys 'track_order' sent to object: 'Object Repository/Input/intentName'&#xD;
&#xD;
2020-09-30 10:38:28 - [TEST_STEP][PASSED] - verifyElementText(findTestObject("Slots/entityValue", ["rowValue":1]), "order_id", STOP_ON_FAILURE): Actual text and expected text of test object 'Object Repository/Slots/entityValue' are matched.&#xD;
&#xD;
2020-09-30 10:38:31 - [MESSAGE][PASSED] - Actual text and expected text of test object 'Object Repository/Slots/entityValue' are matched.&#xD;
&#xD;
2020-09-30 10:38:31 - [TEST_STEP][PASSED] - sendKeys(findTestObject("Input/finalTempKey"), "order_status_template"): Keys 'order_status_template' sent to object: 'Object Repository/Input/finalTempKey'&#xD;
&#xD;
2020-09-30 10:38:34 - [MESSAGE][PASSED] - Keys 'order_status_template' sent to object: 'Object Repository/Input/finalTempKey'&#xD;
&#xD;
2020-09-30 10:38:34 - [TEST_STEP][PASSED] - platform.Method.clickOnElement(findTestObject("Button/save", ["value":" Save "])): platform.Method.clickOnElement is PASSED&#xD;
&#xD;
2020-09-30 10:38:36 - [MESSAGE][PASSED] - platform.Method.clickOnElement is PASSED&#xD;
&#xD;
2020-09-30 10:38:36 - [TEST_STEP][PASSED] - verifyElementText(findTestObject("Generic/header"), "track_order", STOP_ON_FAILURE): Actual text and expected text of test object 'Object Repository/Generic/header' are matched.&#xD;
&#xD;
2020-09-30 10:38:39 - [MESSAGE][PASSED] - Actual text and expected text of test object 'Object Repository/Generic/header' are matched.&#xD;
&#xD;
2020-09-30 10:38:39 - [TEST_STEP][PASSED] - platform.Method.clickOnElement(findTestObject("NewRepo/intentGoBack")): platform.Method.clickOnElement is PASSED&#xD;
&#xD;
2020-09-30 10:38:41 - [MESSAGE][PASSED] - platform.Method.clickOnElement is PASSED&#xD;
&#xD;
2020-09-30 10:38:41 - [TEST_STEP][PASSED] - platform.Method.clickOnElement(findTestObject("Generic/webObjectWithText", ["textValue":"Entities"])): platform.Method.clickOnElement is PASSED&#xD;
&#xD;
2020-09-30 10:38:44 - [MESSAGE][PASSED] - platform.Method.clickOnElement is PASSED&#xD;
&#xD;
2020-09-30 10:38:44 - [TEST_STEP][PASSED] - platform.Training.editEntity("product_names"): platform.Training.editEntity is PASSED&#xD;
&#xD;
2020-09-30 10:38:52 - [MESSAGE][PASSED] - platform.Training.editEntity is PASSED&#xD;
&#xD;
2020-09-30 10:38:52 - [TEST_STEP][PASSED] - sendKeys(findTestObject("Input/synonyms", ["index":1]), Keys.chord("wooden chair", ENTER)): Keys 'ENTER + wooden chair' sent to object: 'Object Repository/Input/synonyms'&#xD;
&#xD;
2020-09-30 10:38:55 - [MESSAGE][PASSED] - Keys 'ENTER + wooden chair' sent to object: 'Object Repository/Input/synonyms'&#xD;
&#xD;
2020-09-30 10:38:55 - [TEST_STEP][PASSED] - sendKeys(findTestObject("Input/synonyms", ["index":1]), Keys.chord("plastic chair", ENTER)): Keys 'ENTER + plastic chair' sent to object: 'Object Repository/Input/synonyms'&#xD;
&#xD;
2020-09-30 10:38:57 - [MESSAGE][PASSED] - Keys 'ENTER + plastic chair' sent to object: 'Object Repository/Input/synonyms'&#xD;
&#xD;
2020-09-30 10:38:57 - [TEST_STEP][PASSED] - platform.Method.clickOnElement(findTestObject("Button/importIcon")): platform.Method.clickOnElement is PASSED&#xD;
&#xD;
2020-09-30 10:39:00 - [MESSAGE][PASSED] - platform.Method.clickOnElement is PASSED&#xD;
&#xD;
2020-09-30 10:39:00 - [TEST_STEP][PASSED] - platform.Method.uploadCsvFile(false, testData.getValue("custom_entity_file", 2)): platform.Method.uploadCsvFile is PASSED&#xD;
&#xD;
2020-09-30 10:39:00 - [MESSAGE][INFO] - PREVIOUS DATA NOT BE OVERRIDDEN&#xD;
&#xD;
2020-09-30 10:39:02 - [MESSAGE][PASSED] - File 'D:/IMIbot.ai-Project/Collection/product.csv' sent to object: 'Object Repository/Input/uploadFile'&#xD;
&#xD;
2020-09-30 10:39:05 - [MESSAGE][PASSED] - platform.Method.uploadCsvFile is PASSED&#xD;
&#xD;
2020-09-30 10:39:05 - [TEST_STEP][PASSED] - platform.Method.clickOnElement(findTestObject("Button/btnDeleteChipOrRow", ["chipValue":" plastic chair ", "option":"cancel"])): platform.Method.clickOnElement is PASSED&#xD;
&#xD;
2020-09-30 10:39:07 - [MESSAGE][PASSED] - platform.Method.clickOnElement is PASSED&#xD;
&#xD;
2020-09-30 10:39:07 - [TEST_STEP][PASSED] - platform.Method.clickOnElement(findTestObject("Button/btnDeleteChipOrRow", ["chipValue":" wooden chair ", "option":"close "])): platform.Method.clickOnElement is PASSED&#xD;
&#xD;
2020-09-30 10:39:09 - [MESSAGE][PASSED] - platform.Method.clickOnElement is PASSED&#xD;
&#xD;
2020-09-30 10:39:09 - [TEST_STEP][PASSED] - platform.Method.clickOnElement(findTestObject("Button/save", ["value":" Save "])): platform.Method.clickOnElement is PASSED&#xD;
&#xD;
2020-09-30 10:39:12 - [MESSAGE][PASSED] - platform.Method.clickOnElement is PASSED&#xD;
&#xD;
2020-09-30 10:39:12 - [TEST_STEP][PASSED] - waitForElementPresent(findTestObject("ICONS/toastMsg"), 20, OPTIONAL): Object 'Object Repository/ICONS/toastMsg' is present&#xD;
&#xD;
2020-09-30 10:39:13 - [MESSAGE][PASSED] - Object 'Object Repository/ICONS/toastMsg' is present</system-out>
            <system-err></system-err>
        </testcase>
        <testcase name="Test Cases/TASK_SSO/intentWithResponseCreation_Test" classname="Test Cases/TASK_SSO/intentWithResponseCreation_Test" status="PASSED">
            <system-out>2020-09-30 10:39:13 - [TEST_CASE][PASSED] - Test Cases/TASK_SSO/intentWithResponseCreation_Test: Test Cases/TASK_SSO/intentWithResponseCreation_Test&#xD;
&#xD;
2020-09-30 10:39:14 - [TEST_STEP][PASSED] - platform.Method.clickOnElement(findTestObject("Generic/webObjectWithText", ["textValue":"Intents"])): platform.Method.clickOnElement is PASSED&#xD;
&#xD;
2020-09-30 10:39:16 - [MESSAGE][PASSED] - platform.Method.clickOnElement is PASSED&#xD;
&#xD;
2020-09-30 10:39:16 - [TEST_STEP][PASSED] - platform.Training.addMultipleUtterance(findTestData("Data Files/testData_Task"), "first_intent_utterance"): platform.Training.addMultipleUtterance is PASSED&#xD;
&#xD;
2020-09-30 10:39:22 - [MESSAGE][PASSED] - Keys 'Do you deliver?' sent to object: 'Object Repository/Input/utterance'&#xD;
&#xD;
2020-09-30 10:39:29 - [MESSAGE][PASSED] - Delayed 5 second(s)&#xD;
&#xD;
2020-09-30 10:39:32 - [MESSAGE][PASSED] - Keys 'Do you deliver in hyderabad?' sent to object: 'Object Repository/Input/utterance'&#xD;
&#xD;
2020-09-30 10:39:39 - [MESSAGE][PASSED] - Delayed 5 second(s)&#xD;
&#xD;
2020-09-30 10:39:42 - [MESSAGE][PASSED] - Keys 'Is your service available in mumbai?' sent to object: 'Object Repository/Input/utterance'&#xD;
&#xD;
2020-09-30 10:39:49 - [MESSAGE][PASSED] - Delayed 5 second(s)&#xD;
&#xD;
2020-09-30 10:39:49 - [MESSAGE][PASSED] - platform.Training.addMultipleUtterance is PASSED&#xD;
&#xD;
2020-09-30 10:39:49 - [TEST_STEP][PASSED] - sendKeys(findTestObject("Input/intentName"), findTestData("Data Files/testData_Task").getValue("intent_name", 1)): Keys 'delivery_info' sent to object: 'Object Repository/Input/intentName'&#xD;
&#xD;
2020-09-30 10:39:52 - [MESSAGE][PASSED] - Keys 'delivery_info' sent to object: 'Object Repository/Input/intentName'&#xD;
&#xD;
2020-09-30 10:39:52 - [TEST_STEP][PASSED] - check(findTestObject("Slots/checkbox", ["rowValue":1])): Object 'Object Repository/Slots/checkbox' is checked&#xD;
&#xD;
2020-09-30 10:39:56 - [MESSAGE][PASSED] - Object 'Object Repository/Slots/checkbox' is checked&#xD;
&#xD;
2020-09-30 10:39:56 - [TEST_STEP][PASSED] - setText(findTestObject("Slots/retries", ["rowValue":1]), "2"): Text '2' is set on object 'Object Repository/Slots/retries'&#xD;
&#xD;
2020-09-30 10:39:59 - [MESSAGE][PASSED] - Text '2' is set on object 'Object Repository/Slots/retries'&#xD;
&#xD;
2020-09-30 10:39:59 - [TEST_STEP][PASSED] - setText(findTestObject("Slots/templateKey", ["rowValue":1]), findTestData("Data Files/testData_Task").getValue("missing_entity", 1)): Text 'city_not_found' is set on object 'Object Repository/Slots/templateKey'&#xD;
&#xD;
2020-09-30 10:40:04 - [MESSAGE][PASSED] - Text 'city_not_found' is set on object 'Object Repository/Slots/templateKey'&#xD;
&#xD;
2020-09-30 10:40:04 - [TEST_STEP][PASSED] - platform.Training.createInstantResponse(findTestData("Data Files/testData_Task").getValue("missing_entity", 1), findTestData("Data Files/testData_Task").getValue("missing_entity_default_text", 1)): platform.Training.createInstantResponse is PASSED&#xD;
&#xD;
2020-09-30 10:40:09 - [MESSAGE][PASSED] - Keys 'city_not_found' sent to object: 'Object Repository/NewRepo2/templateKeyPopUp'&#xD;
&#xD;
2020-09-30 10:40:13 - [MESSAGE][PASSED] - Keys 'Oops! There is no delivery centre at your city. Please try again with a different city name.' sent to object: 'Object Repository/NewRepo2/templateResponsePopUp'&#xD;
&#xD;
2020-09-30 10:40:15 - [MESSAGE][PASSED] - platform.Training.createInstantResponse is PASSED&#xD;
&#xD;
2020-09-30 10:40:15 - [TEST_STEP][PASSED] - platform.Method.clickOnElement(findTestObject("Generic/webObjectWithText", ["textValue":"city_not_found"])): platform.Method.clickOnElement is PASSED&#xD;
&#xD;
2020-09-30 10:40:18 - [MESSAGE][PASSED] - platform.Method.clickOnElement is PASSED&#xD;
&#xD;
2020-09-30 10:40:18 - [TEST_STEP][PASSED] - sendKeys(findTestObject("Input/finalTempKey"), findTestData("Data Files/testData_Task").getValue("final_template", 1)): Keys 'delivery_template' sent to object: 'Object Repository/Input/finalTempKey'&#xD;
&#xD;
2020-09-30 10:40:21 - [MESSAGE][PASSED] - Keys 'delivery_template' sent to object: 'Object Repository/Input/finalTempKey'&#xD;
&#xD;
2020-09-30 10:40:21 - [TEST_STEP][PASSED] - platform.Method.clickOnElement(findTestObject("Button/save", ["value":" Save "])): platform.Method.clickOnElement is PASSED&#xD;
&#xD;
2020-09-30 10:40:23 - [MESSAGE][PASSED] - platform.Method.clickOnElement is PASSED&#xD;
&#xD;
2020-09-30 10:40:23 - [TEST_STEP][PASSED] - verifyElementText(findTestObject("Generic/header"), "delivery_info", STOP_ON_FAILURE): Actual text and expected text of test object 'Object Repository/Generic/header' are matched.&#xD;
&#xD;
2020-09-30 10:40:26 - [MESSAGE][PASSED] - Actual text and expected text of test object 'Object Repository/Generic/header' are matched.&#xD;
&#xD;
2020-09-30 10:40:26 - [TEST_STEP][PASSED] - platform.Method.clickOnElement(findTestObject("NewRepo/intentGoBack")): platform.Method.clickOnElement is PASSED&#xD;
&#xD;
2020-09-30 10:40:28 - [MESSAGE][PASSED] - platform.Method.clickOnElement is PASSED&#xD;
&#xD;
2020-09-30 10:40:28 - [TEST_STEP][PASSED] - platform.Method.trainAndComment(findTestData("Data Files/testData_Task").getValue("comment", 1)): platform.Method.trainAndComment is PASSED&#xD;
&#xD;
2020-09-30 10:40:36 - [MESSAGE][PASSED] - Keys 'delivery info intent added' sent to object: 'Object Repository/Input/comment'&#xD;
&#xD;
2020-09-30 10:40:38 - [MESSAGE][PASSED] - platform.Method.trainAndComment is PASSED&#xD;
&#xD;
2020-09-30 10:40:38 - [TEST_STEP][PASSED] - waitForElementPresent(findTestObject("ICONS/toastMsg"), 30, STOP_ON_FAILURE): Object 'Object Repository/ICONS/toastMsg' is present&#xD;
&#xD;
2020-09-30 10:40:40 - [MESSAGE][PASSED] - Object 'Object Repository/ICONS/toastMsg' is present&#xD;
&#xD;
2020-09-30 10:40:40 - [TEST_STEP][PASSED] - platform.Method.clickOnElement(findTestObject("Button/preview")): platform.Method.clickOnElement is PASSED&#xD;
&#xD;
2020-09-30 10:40:42 - [MESSAGE][PASSED] - platform.Method.clickOnElement is PASSED&#xD;
&#xD;
2020-09-30 10:40:42 - [TEST_STEP][PASSED] - count = &lt;not implemented yet for class: org.codehaus.groovy.ast.expr.EmptyExpression&gt;: null&#xD;
&#xD;
2020-09-30 10:40:42 - [TEST_STEP][PASSED] - for ([count = 1, count &lt;= 3, (count++)]): null&#xD;
&#xD;
2020-09-30 10:40:42 - [TEST_STEP][PASSED] - sendKeys(findTestObject("Input/chatInput"), Keys.chord(userQuery, ENTER)): Keys 'ENTER + Delivery service in chennai' sent to object: 'Object Repository/Input/chatInput'&#xD;
&#xD;
2020-09-30 10:40:45 - [MESSAGE][PASSED] - Keys 'ENTER + Delivery service in chennai' sent to object: 'Object Repository/Input/chatInput'&#xD;
&#xD;
2020-09-30 10:40:45 - [TEST_STEP][PASSED] - delay(1): Delayed 1 second(s)&#xD;
&#xD;
2020-09-30 10:40:46 - [MESSAGE][PASSED] - Delayed 1 second(s)&#xD;
&#xD;
2020-09-30 10:40:46 - [TEST_STEP][PASSED] - if (count == 3): null&#xD;
&#xD;
2020-09-30 10:40:46 - [TEST_STEP][PASSED] - verifyElementText(findTestObject("GenericII/getBotResponse", ["index":count + 1]), findTestData("Data Files/testData_Task").getValue("missing_entity_default_text", 1), STOP_ON_FAILURE): Actual text and expected text of test object 'Object Repository/GenericII/getBotResponse' are matched.&#xD;
&#xD;
2020-09-30 10:40:49 - [MESSAGE][PASSED] - Actual text and expected text of test object 'Object Repository/GenericII/getBotResponse' are matched.&#xD;
&#xD;
2020-09-30 10:40:49 - [TEST_STEP][PASSED] - sendKeys(findTestObject("Input/chatInput"), Keys.chord(userQuery, ENTER)): Keys 'ENTER + Delivery service in chennai' sent to object: 'Object Repository/Input/chatInput'&#xD;
&#xD;
2020-09-30 10:40:51 - [MESSAGE][PASSED] - Keys 'ENTER + Delivery service in chennai' sent to object: 'Object Repository/Input/chatInput'&#xD;
&#xD;
2020-09-30 10:40:51 - [TEST_STEP][PASSED] - delay(1): Delayed 1 second(s)&#xD;
&#xD;
2020-09-30 10:40:52 - [MESSAGE][PASSED] - Delayed 1 second(s)&#xD;
&#xD;
2020-09-30 10:40:52 - [TEST_STEP][PASSED] - if (count == 3): null&#xD;
&#xD;
2020-09-30 10:40:52 - [TEST_STEP][PASSED] - verifyElementText(findTestObject("GenericII/getBotResponse", ["index":count + 1]), findTestData("Data Files/testData_Task").getValue("missing_entity_default_text", 1), STOP_ON_FAILURE): Actual text and expected text of test object 'Object Repository/GenericII/getBotResponse' are matched.&#xD;
&#xD;
2020-09-30 10:40:55 - [MESSAGE][PASSED] - Actual text and expected text of test object 'Object Repository/GenericII/getBotResponse' are matched.&#xD;
&#xD;
2020-09-30 10:40:55 - [TEST_STEP][PASSED] - sendKeys(findTestObject("Input/chatInput"), Keys.chord(userQuery, ENTER)): Keys 'ENTER + Delivery service in chennai' sent to object: 'Object Repository/Input/chatInput'&#xD;
&#xD;
2020-09-30 10:40:57 - [MESSAGE][PASSED] - Keys 'ENTER + Delivery service in chennai' sent to object: 'Object Repository/Input/chatInput'&#xD;
&#xD;
2020-09-30 10:40:57 - [TEST_STEP][PASSED] - delay(1): Delayed 1 second(s)&#xD;
&#xD;
2020-09-30 10:40:58 - [MESSAGE][PASSED] - Delayed 1 second(s)&#xD;
&#xD;
2020-09-30 10:40:58 - [TEST_STEP][PASSED] - if (count == 3): null&#xD;
&#xD;
2020-09-30 10:40:58 - [TEST_STEP][PASSED] - break: null&#xD;
&#xD;
2020-09-30 10:40:58 - [TEST_STEP][PASSED] - platform.Method.clickOnElement(findTestObject("Button/upvote")): platform.Method.clickOnElement is PASSED&#xD;
&#xD;
2020-09-30 10:41:01 - [MESSAGE][PASSED] - platform.Method.clickOnElement is PASSED&#xD;
&#xD;
2020-09-30 10:41:01 - [TEST_STEP][PASSED] - platform.Method.clickOnElement(findTestObject("GenericII/minimize")): platform.Method.clickOnElement is PASSED&#xD;
&#xD;
2020-09-30 10:41:03 - [MESSAGE][PASSED] - platform.Method.clickOnElement is PASSED</system-out>
            <system-err></system-err>
        </testcase>
        <testcase name="Test Cases/TASK_SSO/updateResponse_Test" classname="Test Cases/TASK_SSO/updateResponse_Test" status="PASSED">
            <system-out>2020-09-30 10:41:03 - [TEST_CASE][PASSED] - Test Cases/TASK_SSO/updateResponse_Test: Test Cases/TASK_SSO/updateResponse_Test&#xD;
&#xD;
2020-09-30 10:41:04 - [TEST_STEP][PASSED] - platform.Method.clickOnElement(findTestObject("Generic/training")): platform.Method.clickOnElement is PASSED&#xD;
&#xD;
2020-09-30 10:41:06 - [MESSAGE][PASSED] - platform.Method.clickOnElement is PASSED&#xD;
&#xD;
2020-09-30 10:41:06 - [TEST_STEP][PASSED] - testData = findTestData("Data Files/testData_Task"): null&#xD;
&#xD;
2020-09-30 10:41:07 - [TEST_STEP][PASSED] - platform.Training.addMultipleUtterance(testData, "stock_check_utterance"): platform.Training.addMultipleUtterance is PASSED&#xD;
&#xD;
2020-09-30 10:41:12 - [MESSAGE][PASSED] - Keys 'Is chair available in Hyderbad store?' sent to object: 'Object Repository/Input/utterance'&#xD;
&#xD;
2020-09-30 10:41:19 - [MESSAGE][PASSED] - Delayed 5 second(s)&#xD;
&#xD;
2020-09-30 10:41:22 - [MESSAGE][PASSED] - Keys 'I want to order a sofa, is it available in Mumbai store?' sent to object: 'Object Repository/Input/utterance'&#xD;
&#xD;
2020-09-30 10:41:30 - [MESSAGE][PASSED] - Delayed 5 second(s)&#xD;
&#xD;
2020-09-30 10:41:30 - [MESSAGE][PASSED] - platform.Training.addMultipleUtterance is PASSED&#xD;
&#xD;
2020-09-30 10:41:30 - [TEST_STEP][PASSED] - sendKeys(findTestObject("Input/intentName"), testData.getValue("intent_name", 2)): Keys 'stock_check' sent to object: 'Object Repository/Input/intentName'&#xD;
&#xD;
2020-09-30 10:41:32 - [MESSAGE][PASSED] - Keys 'stock_check' sent to object: 'Object Repository/Input/intentName'&#xD;
&#xD;
2020-09-30 10:41:32 - [TEST_STEP][PASSED] - sendKeys(findTestObject("Input/finalTempKey"), testData.getValue("dynamic_template", 3)): Keys 'stock_check_template' sent to object: 'Object Repository/Input/finalTempKey'&#xD;
&#xD;
2020-09-30 10:41:35 - [MESSAGE][PASSED] - Keys 'stock_check_template' sent to object: 'Object Repository/Input/finalTempKey'&#xD;
&#xD;
2020-09-30 10:41:35 - [TEST_STEP][PASSED] - platform.Training.createInstantResponse(testData.getValue("dynamic_template", 3), "Setting default value. Will be converted to dynamic type"): platform.Training.createInstantResponse is PASSED&#xD;
&#xD;
2020-09-30 10:41:40 - [MESSAGE][PASSED] - Keys 'stock_check_template' sent to object: 'Object Repository/NewRepo2/templateKeyPopUp'&#xD;
&#xD;
2020-09-30 10:41:43 - [MESSAGE][PASSED] - Keys 'Setting default value. Will be converted to dynamic type' sent to object: 'Object Repository/NewRepo2/templateResponsePopUp'&#xD;
&#xD;
2020-09-30 10:41:46 - [MESSAGE][PASSED] - platform.Training.createInstantResponse is PASSED&#xD;
&#xD;
2020-09-30 10:41:46 - [TEST_STEP][PASSED] - platform.Method.clickOnElement(findTestObject("Button/save", ["value":" Save "])): platform.Method.clickOnElement is PASSED&#xD;
&#xD;
2020-09-30 10:41:48 - [MESSAGE][PASSED] - platform.Method.clickOnElement is PASSED&#xD;
&#xD;
2020-09-30 10:41:48 - [TEST_STEP][PASSED] - verifyElementText(findTestObject("Generic/header"), "stock_check", OPTIONAL): Actual text and expected text of test object 'Object Repository/Generic/header' are matched.&#xD;
&#xD;
2020-09-30 10:41:50 - [MESSAGE][PASSED] - Actual text and expected text of test object 'Object Repository/Generic/header' are matched.&#xD;
&#xD;
2020-09-30 10:41:50 - [TEST_STEP][PASSED] - platform.Method.clickOnElement(findTestObject("Generic/response")): platform.Method.clickOnElement is PASSED&#xD;
&#xD;
2020-09-30 10:41:53 - [MESSAGE][PASSED] - platform.Method.clickOnElement is PASSED&#xD;
&#xD;
2020-09-30 10:41:53 - [TEST_STEP][PASSED] - platform.Method.clickOnElement(findTestObject("Generic/webObjectWithText", ["textValue":"stock_check_template "])): platform.Method.clickOnElement is PASSED&#xD;
&#xD;
2020-09-30 10:41:55 - [MESSAGE][PASSED] - platform.Method.clickOnElement is PASSED&#xD;
&#xD;
2020-09-30 10:41:55 - [TEST_STEP][PASSED] - platform.Method.clickOnElement(findTestObject("Generic/webObjectWithText", ["textValue":"Rich"])): platform.Method.clickOnElement is PASSED&#xD;
&#xD;
2020-09-30 10:41:58 - [MESSAGE][PASSED] - platform.Method.clickOnElement is PASSED&#xD;
&#xD;
2020-09-30 10:41:58 - [TEST_STEP][PASSED] - platform.Method.clickOnElement(findTestObject("NewRepo2/dynamic")): platform.Method.clickOnElement is PASSED&#xD;
&#xD;
2020-09-30 10:42:00 - [MESSAGE][PASSED] - platform.Method.clickOnElement is PASSED&#xD;
&#xD;
2020-09-30 10:42:00 - [TEST_STEP][PASSED] - uploadFile(findTestObject("Input/uploadFile"), getProjectDir() + "/Collection/" + testData.getValue("dynamic_template_file", 3)): File 'D:/IMIbot.ai-Project/Collection/stock_check_template.py' sent to object: 'Object Repository/Input/uploadFile'&#xD;
&#xD;
2020-09-30 10:42:03 - [MESSAGE][PASSED] - File 'D:/IMIbot.ai-Project/Collection/stock_check_template.py' sent to object: 'Object Repository/Input/uploadFile'&#xD;
&#xD;
2020-09-30 10:42:03 - [TEST_STEP][PASSED] - platform.Method.clickOnElement(findTestObject("NewRepo/refresh")): platform.Method.clickOnElement is PASSED&#xD;
&#xD;
2020-09-30 10:42:05 - [MESSAGE][PASSED] - platform.Method.clickOnElement is PASSED&#xD;
&#xD;
2020-09-30 10:42:05 - [TEST_STEP][PASSED] - waitForElementPresent(findTestObject("ICONS/toastMsg"), 15, OPTIONAL): Object 'Object Repository/ICONS/toastMsg' is present&#xD;
&#xD;
2020-09-30 10:42:07 - [MESSAGE][PASSED] - Object 'Object Repository/ICONS/toastMsg' is present</system-out>
            <system-err></system-err>
        </testcase>
        <testcase name="Test Cases/TASK_SSO/downvoteWithComment_Test" classname="Test Cases/TASK_SSO/downvoteWithComment_Test" status="PASSED">
            <system-out>2020-09-30 10:42:07 - [TEST_CASE][PASSED] - Test Cases/TASK_SSO/downvoteWithComment_Test: Test Cases/TASK_SSO/downvoteWithComment_Test&#xD;
&#xD;
2020-09-30 10:42:08 - [TEST_STEP][PASSED] - platform.Method.clickOnElement(findTestObject("Generic/training")): platform.Method.clickOnElement is PASSED&#xD;
&#xD;
2020-09-30 10:42:10 - [MESSAGE][PASSED] - platform.Method.clickOnElement is PASSED&#xD;
&#xD;
2020-09-30 10:42:10 - [TEST_STEP][PASSED] - platform.Method.trainAndComment(comment): platform.Method.trainAndComment is PASSED&#xD;
&#xD;
2020-09-30 10:42:18 - [MESSAGE][PASSED] - Keys 'downvote test' sent to object: 'Object Repository/Input/comment'&#xD;
&#xD;
2020-09-30 10:42:20 - [MESSAGE][PASSED] - platform.Method.trainAndComment is PASSED&#xD;
&#xD;
2020-09-30 10:42:20 - [TEST_STEP][PASSED] - try: Object 'Object Repository/ICONS/toastMsg' is present&#xD;
&#xD;
2020-09-30 10:42:20 - [TEST_STEP][PASSED] - verifyElementPresent(findTestObject("ICONS/toastMsg"), 20, OPTIONAL): Object 'Object Repository/ICONS/toastMsg' is present&#xD;
&#xD;
2020-09-30 10:42:22 - [MESSAGE][PASSED] - Object 'Object Repository/ICONS/toastMsg' is present&#xD;
&#xD;
2020-09-30 10:42:22 - [TEST_STEP][PASSED] - platform.Method.clickOnElement(findTestObject("Button/preview")): platform.Method.clickOnElement is PASSED&#xD;
&#xD;
2020-09-30 10:42:24 - [MESSAGE][PASSED] - platform.Method.clickOnElement is PASSED&#xD;
&#xD;
2020-09-30 10:42:24 - [TEST_STEP][PASSED] - sendKeys(findTestObject("Input/chatInput"), Keys.chord(userQuery, ENTER)): Keys 'ENTER + I want to report for damaged product at delivery' sent to object: 'Object Repository/Input/chatInput'&#xD;
&#xD;
2020-09-30 10:42:28 - [MESSAGE][PASSED] - Keys 'ENTER + I want to report for damaged product at delivery' sent to object: 'Object Repository/Input/chatInput'&#xD;
&#xD;
2020-09-30 10:42:28 - [TEST_STEP][PASSED] - waitForElementPresent(findTestObject("Generic/botReponse", ["index":2]), 10, OPTIONAL): Object 'Object Repository/Generic/botReponse' is present&#xD;
&#xD;
2020-09-30 10:42:29 - [MESSAGE][PASSED] - Object 'Object Repository/Generic/botReponse' is present&#xD;
&#xD;
2020-09-30 10:42:29 - [TEST_STEP][PASSED] - verifyElementText(findTestObject("Generic/botReponse", ["index":2]), botResponse, OPTIONAL): Actual text 'Please enter a product name' and expected text 'Sorry, I am unable to understand your message. Could you please rephrase it?' of test object 'Object Repository/Generic/botReponse' are NOT matched. (Root cause: com.kms.katalon.core.exception.StepFailedException: Actual text 'Please enter a product name' and expected text 'Sorry, I am unable to understand your message. Could you please rephrase it?' of test object 'Object Repository/Generic/botReponse' are NOT matched.&#xD;
	at com.kms.katalon.core.webui.keyword.internal.WebUIKeywordMain.stepFailed(WebUIKeywordMain.groovy:64)&#xD;
	at com.kms.katalon.core.webui.keyword.builtin.VerifyElementTextKeyword$_verifyElementText_closure1.doCall(VerifyElementTextKeyword.groovy:57)&#xD;
	at com.kms.katalon.core.webui.keyword.builtin.VerifyElementTextKeyword$_verifyElementText_closure1.call(VerifyElementTextKeyword.groovy)&#xD;
	at com.kms.katalon.core.webui.keyword.internal.WebUIKeywordMain.runKeyword(WebUIKeywordMain.groovy:20)&#xD;
	at com.kms.katalon.core.webui.keyword.builtin.VerifyElementTextKeyword.verifyElementText(VerifyElementTextKeyword.groovy:72)&#xD;
	at com.kms.katalon.core.webui.keyword.builtin.VerifyElementTextKeyword.execute(VerifyElementTextKeyword.groovy:40)&#xD;
	at com.kms.katalon.core.keyword.internal.KeywordExecutor.executeKeywordForPlatform(KeywordExecutor.groovy:56)&#xD;
	at com.kms.katalon.core.webui.keyword.WebUiBuiltInKeywords.verifyElementText(WebUiBuiltInKeywords.groovy:3647)&#xD;
	at com.kms.katalon.core.webui.keyword.WebUiBuiltInKeywords$verifyElementText$5.call(Unknown Source)&#xD;
	at downvoteWithComment_Test.run(downvoteWithComment_Test:38)&#xD;
	at com.kms.katalon.core.main.ScriptEngine.run(ScriptEngine.java:194)&#xD;
	at com.kms.katalon.core.main.ScriptEngine.runScriptAsRawText(ScriptEngine.java:119)&#xD;
	at com.kms.katalon.core.main.TestCaseExecutor.runScript(TestCaseExecutor.java:337)&#xD;
	at com.kms.katalon.core.main.TestCaseExecutor.doExecute(TestCaseExecutor.java:328)&#xD;
	at com.kms.katalon.core.main.TestCaseExecutor.processExecutionPhase(TestCaseExecutor.java:307)&#xD;
	at com.kms.katalon.core.main.TestCaseExecutor.accessMainPhase(TestCaseExecutor.java:299)&#xD;
	at com.kms.katalon.core.main.TestCaseExecutor.execute(TestCaseExecutor.java:233)&#xD;
	at com.kms.katalon.core.main.TestSuiteExecutor.accessTestCaseMainPhase(TestSuiteExecutor.java:169)&#xD;
	at com.kms.katalon.core.main.TestSuiteExecutor.accessTestSuiteMainPhase(TestSuiteExecutor.java:142)&#xD;
	at com.kms.katalon.core.main.TestSuiteExecutor.execute(TestSuiteExecutor.java:91)&#xD;
	at com.kms.katalon.core.main.TestCaseMain.startTestSuite(TestCaseMain.java:157)&#xD;
	at com.kms.katalon.core.main.TestCaseMain$startTestSuite$0.call(Unknown Source)&#xD;
	at TempTestSuite1601442009973.run(TempTestSuite1601442009973.groovy:35)&#xD;
)&#xD;
&#xD;
2020-09-30 10:42:33 - [MESSAGE][WARNING] - Actual text 'Please enter a product name' and expected text 'Sorry, I am unable to understand your message. Could you please rephrase it?' of test object 'Object Repository/Generic/botReponse' are NOT matched. (Root cause: com.kms.katalon.core.exception.StepFailedException: Actual text 'Please enter a product name' and expected text 'Sorry, I am unable to understand your message. Could you please rephrase it?' of test object 'Object Repository/Generic/botReponse' are NOT matched.&#xD;
	at com.kms.katalon.core.webui.keyword.internal.WebUIKeywordMain.stepFailed(WebUIKeywordMain.groovy:64)&#xD;
	at com.kms.katalon.core.webui.keyword.builtin.VerifyElementTextKeyword$_verifyElementText_closure1.doCall(VerifyElementTextKeyword.groovy:57)&#xD;
	at com.kms.katalon.core.webui.keyword.builtin.VerifyElementTextKeyword$_verifyElementText_closure1.call(VerifyElementTextKeyword.groovy)&#xD;
	at com.kms.katalon.core.webui.keyword.internal.WebUIKeywordMain.runKeyword(WebUIKeywordMain.groovy:20)&#xD;
	at com.kms.katalon.core.webui.keyword.builtin.VerifyElementTextKeyword.verifyElementText(VerifyElementTextKeyword.groovy:72)&#xD;
	at com.kms.katalon.core.webui.keyword.builtin.VerifyElementTextKeyword.execute(VerifyElementTextKeyword.groovy:40)&#xD;
	at com.kms.katalon.core.keyword.internal.KeywordExecutor.executeKeywordForPlatform(KeywordExecutor.groovy:56)&#xD;
	at com.kms.katalon.core.webui.keyword.WebUiBuiltInKeywords.verifyElementText(WebUiBuiltInKeywords.groovy:3647)&#xD;
	at com.kms.katalon.core.webui.keyword.WebUiBuiltInKeywords$verifyElementText$5.call(Unknown Source)&#xD;
	at downvoteWithComment_Test.run(downvoteWithComment_Test:38)&#xD;
	at com.kms.katalon.core.main.ScriptEngine.run(ScriptEngine.java:194)&#xD;
	at com.kms.katalon.core.main.ScriptEngine.runScriptAsRawText(ScriptEngine.java:119)&#xD;
	at com.kms.katalon.core.main.TestCaseExecutor.runScript(TestCaseExecutor.java:337)&#xD;
	at com.kms.katalon.core.main.TestCaseExecutor.doExecute(TestCaseExecutor.java:328)&#xD;
	at com.kms.katalon.core.main.TestCaseExecutor.processExecutionPhase(TestCaseExecutor.java:307)&#xD;
	at com.kms.katalon.core.main.TestCaseExecutor.accessMainPhase(TestCaseExecutor.java:299)&#xD;
	at com.kms.katalon.core.main.TestCaseExecutor.execute(TestCaseExecutor.java:233)&#xD;
	at com.kms.katalon.core.main.TestSuiteExecutor.accessTestCaseMainPhase(TestSuiteExecutor.java:169)&#xD;
	at com.kms.katalon.core.main.TestSuiteExecutor.accessTestSuiteMainPhase(TestSuiteExecutor.java:142)&#xD;
	at com.kms.katalon.core.main.TestSuiteExecutor.execute(TestSuiteExecutor.java:91)&#xD;
	at com.kms.katalon.core.main.TestCaseMain.startTestSuite(TestCaseMain.java:157)&#xD;
	at com.kms.katalon.core.main.TestCaseMain$startTestSuite$0.call(Unknown Source)&#xD;
	at TempTestSuite1601442009973.run(TempTestSuite1601442009973.groovy:35)&#xD;
)&#xD;
[[ATTACHMENT|D:\\IMIbot.ai-Project\\Reports\\20200930_103009\\TASK_SSO\\20200930_103009\\1601442751658.png]]&#xD;
&#xD;
2020-09-30 10:42:33 - [TEST_STEP][PASSED] - platform.Preview.downvoteResponseWithComment(findTestData("Data Files/testData_Task").getValue("comment", 3)): platform.Preview.downvoteResponseWithComment is PASSED&#xD;
&#xD;
2020-09-30 10:42:36 - [MESSAGE][PASSED] - Object: 'Object Repository/Button/downvote' is clicked on&#xD;
&#xD;
2020-09-30 10:42:39 - [MESSAGE][PASSED] - Keys 'Bot response is not relevant to my query' sent to object: 'Object Repository/Input/downvoteComment'&#xD;
&#xD;
2020-09-30 10:42:41 - [MESSAGE][PASSED] - platform.Preview.downvoteResponseWithComment is PASSED&#xD;
&#xD;
2020-09-30 10:42:41 - [TEST_STEP][PASSED] - getRoomIdAt = new java.util.ArrayList(): null&#xD;
&#xD;
2020-09-30 10:42:42 - [TEST_STEP][PASSED] - getRoomIdAt = platform.Utility.getRoomID(): platform.Utility.getRoomID is PASSED&#xD;
&#xD;
2020-09-30 10:42:49 - [MESSAGE][PASSED] - platform.Utility.getRoomID is PASSED&#xD;
&#xD;
2020-09-30 10:42:49 - [TEST_STEP][PASSED] - roomID = get(0).toString(): null&#xD;
&#xD;
2020-09-30 10:42:49 - [TEST_STEP][PASSED] - platform.Utility.overWriteTestData("Task bot", 1, 0, roomID): platform.Utility.overWriteTestData is PASSED&#xD;
&#xD;
2020-09-30 10:42:50 - [MESSAGE][PASSED] - platform.Utility.overWriteTestData is PASSED&#xD;
&#xD;
2020-09-30 10:42:50 - [TEST_STEP][PASSED] - platform.Method.clickOnElement(findTestObject("Generic/session")): platform.Method.clickOnElement is PASSED&#xD;
&#xD;
2020-09-30 10:42:53 - [MESSAGE][PASSED] - platform.Method.clickOnElement is PASSED&#xD;
&#xD;
2020-09-30 10:42:53 - [TEST_STEP][PASSED] - platform.Method.clickOnElement(findTestObject("GenericII/minimize")): platform.Method.clickOnElement is PASSED&#xD;
&#xD;
2020-09-30 10:42:55 - [MESSAGE][PASSED] - platform.Method.clickOnElement is PASSED&#xD;
&#xD;
2020-09-30 10:42:55 - [TEST_STEP][PASSED] - setText(findTestObject("Input/roomID", ["value":"id"]), roomID): Text '4116927' is set on object 'Object Repository/Input/roomID'&#xD;
&#xD;
2020-09-30 10:42:59 - [MESSAGE][PASSED] - Text '4116927' is set on object 'Object Repository/Input/roomID'&#xD;
&#xD;
2020-09-30 10:42:59 - [TEST_STEP][PASSED] - platform.Method.clickOnElement(findTestObject("Button/submitSession")): platform.Method.clickOnElement is PASSED&#xD;
&#xD;
2020-09-30 10:43:01 - [MESSAGE][PASSED] - platform.Method.clickOnElement is PASSED&#xD;
&#xD;
2020-09-30 10:43:01 - [TEST_STEP][PASSED] - platform.Method.clickOnElement(findTestObject("Generic/webObjectWithText", ["textValue":roomID])): platform.Method.clickOnElement is PASSED&#xD;
&#xD;
2020-09-30 10:43:03 - [MESSAGE][PASSED] - platform.Method.clickOnElement is PASSED&#xD;
&#xD;
2020-09-30 10:43:03 - [TEST_STEP][PASSED] - mouseOver(findTestObject("Generic/webObjectWithText", ["textValue":"Downvoted with comment"])): Object: 'Object Repository/Generic/webObjectWithText' is hovered&#xD;
&#xD;
2020-09-30 10:43:06 - [MESSAGE][PASSED] - Object: 'Object Repository/Generic/webObjectWithText' is hovered&#xD;
&#xD;
2020-09-30 10:43:06 - [TEST_STEP][PASSED] - verifyElementPresent(findTestObject("Generic/webObjectWithText", ["textValue":"Downvoted with comment"]), 10, CONTINUE_ON_FAILURE): Object 'Object Repository/Generic/webObjectWithText' is present&#xD;
&#xD;
2020-09-30 10:43:07 - [MESSAGE][PASSED] - Object 'Object Repository/Generic/webObjectWithText' is present&#xD;
&#xD;
2020-09-30 10:43:07 - [TEST_STEP][PASSED] - platform.Method.clickOnElement(findTestObject("GenericII/closePopup")): platform.Method.clickOnElement is PASSED&#xD;
&#xD;
2020-09-30 10:43:10 - [MESSAGE][PASSED] - platform.Method.clickOnElement is PASSED</system-out>
            <system-err></system-err>
        </testcase>
        <testcase name="Test Cases/TASK_SSO/createNewIntentCuration_Test" classname="Test Cases/TASK_SSO/createNewIntentCuration_Test" status="PASSED">
            <system-out>2020-09-30 10:43:10 - [TEST_CASE][PASSED] - Test Cases/TASK_SSO/createNewIntentCuration_Test: Test Cases/TASK_SSO/createNewIntentCuration_Test&#xD;
&#xD;
2020-09-30 10:43:10 - [TEST_STEP][PASSED] - platform.Method.clickOnElement(findTestObject("Generic/curation")): platform.Method.clickOnElement is PASSED&#xD;
&#xD;
2020-09-30 10:43:14 - [MESSAGE][PASSED] - platform.Method.clickOnElement is PASSED&#xD;
&#xD;
2020-09-30 10:43:14 - [TEST_STEP][PASSED] - testData = findTestData("Data Files/testData_Task"): null&#xD;
&#xD;
2020-09-30 10:43:14 - [TEST_STEP][PASSED] - platform.Method.clickOnElement(findTestObject("Generic/webObjectWithText", ["textValue":"Issues"])): platform.Method.clickOnElement is PASSED&#xD;
&#xD;
2020-09-30 10:43:17 - [MESSAGE][PASSED] - platform.Method.clickOnElement is PASSED&#xD;
&#xD;
2020-09-30 10:43:17 - [TEST_STEP][PASSED] - sendKeys(findTestObject("Input/roomID", ["value":"room_id"]), testData.getValue("room_id", 1)): Keys '4116927' sent to object: 'Object Repository/Input/roomID'&#xD;
&#xD;
2020-09-30 10:43:20 - [MESSAGE][PASSED] - Keys '4116927' sent to object: 'Object Repository/Input/roomID'&#xD;
&#xD;
2020-09-30 10:43:20 - [TEST_STEP][PASSED] - platform.Method.clickOnElement(findTestObject("Button/filter")): platform.Method.clickOnElement is PASSED&#xD;
&#xD;
2020-09-30 10:43:22 - [MESSAGE][PASSED] - platform.Method.clickOnElement is PASSED&#xD;
&#xD;
2020-09-30 10:43:22 - [TEST_STEP][PASSED] - verifyElementPresent(findTestObject("ICONS/downvote"), 10, CONTINUE_ON_FAILURE): Object 'Object Repository/ICONS/downvote' is present&#xD;
&#xD;
2020-09-30 10:43:23 - [MESSAGE][PASSED] - Object 'Object Repository/ICONS/downvote' is present&#xD;
&#xD;
2020-09-30 10:43:23 - [TEST_STEP][PASSED] - platform.Method.clickOnElement(findTestObject("Button/addToNewIntent")): platform.Method.clickOnElement is PASSED&#xD;
&#xD;
2020-09-30 10:43:26 - [MESSAGE][PASSED] - platform.Method.clickOnElement is PASSED&#xD;
&#xD;
2020-09-30 10:43:26 - [TEST_STEP][PASSED] - verifyElementText(findTestObject("Generic/header"), "Create intent", CONTINUE_ON_FAILURE): Actual text and expected text of test object 'Object Repository/Generic/header' are matched.&#xD;
&#xD;
2020-09-30 10:43:28 - [MESSAGE][PASSED] - Actual text and expected text of test object 'Object Repository/Generic/header' are matched.&#xD;
&#xD;
2020-09-30 10:43:28 - [TEST_STEP][PASSED] - sendKeys(findTestObject("Input/intentName"), testData.getValue("intent_name", 4)): Keys 'report_complain' sent to object: 'Object Repository/Input/intentName'&#xD;
&#xD;
2020-09-30 10:43:31 - [MESSAGE][PASSED] - Keys 'report_complain' sent to object: 'Object Repository/Input/intentName'&#xD;
&#xD;
2020-09-30 10:43:31 - [TEST_STEP][PASSED] - platform.Method.clickOnElement(findTestObject("Slots/linkEntity")): platform.Method.clickOnElement is PASSED&#xD;
&#xD;
2020-09-30 10:43:34 - [MESSAGE][PASSED] - platform.Method.clickOnElement is PASSED&#xD;
&#xD;
2020-09-30 10:43:34 - [TEST_STEP][PASSED] - platform.Method.clickOnElement(findTestObject("Generic/webObjectWithText", ["textValue":"order_id"])): platform.Method.clickOnElement is PASSED&#xD;
&#xD;
2020-09-30 10:43:36 - [MESSAGE][PASSED] - platform.Method.clickOnElement is PASSED&#xD;
&#xD;
2020-09-30 10:43:36 - [TEST_STEP][PASSED] - check(findTestObject("Slots/checkbox", ["rowValue":1])): Object 'Object Repository/Slots/checkbox' is checked&#xD;
&#xD;
2020-09-30 10:43:40 - [MESSAGE][PASSED] - Object 'Object Repository/Slots/checkbox' is checked&#xD;
&#xD;
2020-09-30 10:43:40 - [TEST_STEP][PASSED] - setText(findTestObject("Slots/retries", ["rowValue":1]), "2"): Text '2' is set on object 'Object Repository/Slots/retries'&#xD;
&#xD;
2020-09-30 10:43:44 - [MESSAGE][PASSED] - Text '2' is set on object 'Object Repository/Slots/retries'&#xD;
&#xD;
2020-09-30 10:43:44 - [TEST_STEP][PASSED] - setText(findTestObject("Slots/templateKey", ["rowValue":1]), testData.getValue("missing_entity", 2)): Text 'missing_order_id' is set on object 'Object Repository/Slots/templateKey'&#xD;
&#xD;
2020-09-30 10:43:48 - [MESSAGE][PASSED] - Text 'missing_order_id' is set on object 'Object Repository/Slots/templateKey'&#xD;
&#xD;
2020-09-30 10:43:48 - [TEST_STEP][PASSED] - platform.Training.createInstantResponse(findTestData("Data Files/testData_Task").getValue("missing_entity", 2), testData.getValue("missing_entity_default_text", 2)): platform.Training.createInstantResponse is PASSED&#xD;
&#xD;
2020-09-30 10:43:54 - [MESSAGE][PASSED] - Keys 'missing_order_id' sent to object: 'Object Repository/NewRepo2/templateKeyPopUp'&#xD;
&#xD;
2020-09-30 10:43:57 - [MESSAGE][PASSED] - Keys 'Please enter your order id' sent to object: 'Object Repository/NewRepo2/templateResponsePopUp'&#xD;
&#xD;
2020-09-30 10:43:59 - [MESSAGE][PASSED] - platform.Training.createInstantResponse is PASSED&#xD;
&#xD;
2020-09-30 10:43:59 - [TEST_STEP][PASSED] - platform.Method.clickOnElement(findTestObject("Generic/webObjectWithText", ["textValue":testData.getValue("missing_entity", 2)])): platform.Method.clickOnElement is PASSED&#xD;
&#xD;
2020-09-30 10:44:02 - [MESSAGE][PASSED] - platform.Method.clickOnElement is PASSED&#xD;
&#xD;
2020-09-30 10:44:02 - [TEST_STEP][PASSED] - sendKeys(findTestObject("Input/finalTempKey"), testData.getValue("final_template", 2)): Keys 'regret_message' sent to object: 'Object Repository/Input/finalTempKey'&#xD;
&#xD;
2020-09-30 10:44:04 - [MESSAGE][PASSED] - Keys 'regret_message' sent to object: 'Object Repository/Input/finalTempKey'&#xD;
&#xD;
2020-09-30 10:44:04 - [TEST_STEP][PASSED] - platform.Training.createInstantResponse(findTestData("Data Files/testData_Task").getValue("missing_entity", 3), testData.getValue("missing_entity_default_text", 3)): platform.Training.createInstantResponse is PASSED&#xD;
&#xD;
2020-09-30 10:44:10 - [MESSAGE][PASSED] - Keys 'regret_message' sent to object: 'Object Repository/NewRepo2/templateKeyPopUp'&#xD;
&#xD;
2020-09-30 10:44:13 - [MESSAGE][PASSED] - Keys 'Sorry for the inconvenience caused. We are escalating your request. An agent will be assigned to you shortly.' sent to object: 'Object Repository/NewRepo2/templateResponsePopUp'&#xD;
&#xD;
2020-09-30 10:44:16 - [MESSAGE][PASSED] - platform.Training.createInstantResponse is PASSED&#xD;
&#xD;
2020-09-30 10:44:16 - [TEST_STEP][PASSED] - platform.Method.clickOnElement(findTestObject("Button/save", ["value":" Save "])): platform.Method.clickOnElement is PASSED&#xD;
&#xD;
2020-09-30 10:44:18 - [MESSAGE][PASSED] - platform.Method.clickOnElement is PASSED&#xD;
&#xD;
2020-09-30 10:44:18 - [TEST_STEP][PASSED] - platform.Method.trainAndComment(testData.getValue("comment", 4)): platform.Method.trainAndComment is PASSED&#xD;
&#xD;
2020-09-30 10:44:27 - [MESSAGE][PASSED] - Keys 'complain intent created' sent to object: 'Object Repository/Input/comment'&#xD;
&#xD;
2020-09-30 10:44:30 - [MESSAGE][PASSED] - platform.Method.trainAndComment is PASSED&#xD;
&#xD;
2020-09-30 10:44:30 - [TEST_STEP][PASSED] - verifyElementPresent(findTestObject("ICONS/toastMsg"), 20, CONTINUE_ON_FAILURE): Object 'Object Repository/ICONS/toastMsg' is present&#xD;
&#xD;
2020-09-30 10:44:31 - [MESSAGE][PASSED] - Object 'Object Repository/ICONS/toastMsg' is present&#xD;
&#xD;
2020-09-30 10:44:31 - [TEST_STEP][PASSED] - platform.Method.clickOnElement(findTestObject("Button/preview")): platform.Method.clickOnElement is PASSED&#xD;
&#xD;
2020-09-30 10:44:33 - [MESSAGE][PASSED] - platform.Method.clickOnElement is PASSED&#xD;
&#xD;
2020-09-30 10:44:33 - [TEST_STEP][PASSED] - sendKeys(findTestObject("Input/chatInput"), Keys.chord(userQuery, ENTER)): Keys 'ENTER + report for damaged product' sent to object: 'Object Repository/Input/chatInput'&#xD;
&#xD;
2020-09-30 10:44:36 - [MESSAGE][PASSED] - Keys 'ENTER + report for damaged product' sent to object: 'Object Repository/Input/chatInput'&#xD;
&#xD;
2020-09-30 10:44:36 - [TEST_STEP][PASSED] - delay(2): Delayed 2 second(s)&#xD;
&#xD;
2020-09-30 10:44:38 - [MESSAGE][PASSED] - Delayed 2 second(s)&#xD;
&#xD;
2020-09-30 10:44:38 - [TEST_STEP][PASSED] - verifyElementText(findTestObject("GenericII/getBotResponse", ["index":2]), testData.getValue("missing_entity_default_text", 2), CONTINUE_ON_FAILURE): Actual text and expected text of test object 'Object Repository/GenericII/getBotResponse' are matched.&#xD;
&#xD;
2020-09-30 10:44:41 - [MESSAGE][PASSED] - Actual text and expected text of test object 'Object Repository/GenericII/getBotResponse' are matched.&#xD;
&#xD;
2020-09-30 10:44:41 - [TEST_STEP][PASSED] - sendKeys(findTestObject("Input/chatInput"), Keys.chord("00001234", ENTER)): Keys 'ENTER + 00001234' sent to object: 'Object Repository/Input/chatInput'&#xD;
&#xD;
2020-09-30 10:44:43 - [MESSAGE][PASSED] - Keys 'ENTER + 00001234' sent to object: 'Object Repository/Input/chatInput'&#xD;
&#xD;
2020-09-30 10:44:43 - [TEST_STEP][PASSED] - verifyElementText(findTestObject("GenericII/getBotResponse", ["index":3]), testData.getValue("missing_entity_default_text", 3), CONTINUE_ON_FAILURE): Actual text and expected text of test object 'Object Repository/GenericII/getBotResponse' are matched.&#xD;
&#xD;
2020-09-30 10:44:46 - [MESSAGE][PASSED] - Actual text and expected text of test object 'Object Repository/GenericII/getBotResponse' are matched.&#xD;
&#xD;
2020-09-30 10:44:46 - [TEST_STEP][PASSED] - platform.Method.clickOnElement(findTestObject("Button/upvote")): platform.Method.clickOnElement is PASSED&#xD;
&#xD;
2020-09-30 10:44:48 - [MESSAGE][PASSED] - platform.Method.clickOnElement is PASSED&#xD;
&#xD;
2020-09-30 10:44:48 - [TEST_STEP][PASSED] - platform.Method.clickOnElement(findTestObject("GenericII/minimize")): platform.Method.clickOnElement is PASSED&#xD;
&#xD;
2020-09-30 10:44:50 - [MESSAGE][PASSED] - platform.Method.clickOnElement is PASSED</system-out>
            <system-err></system-err>
        </testcase>
        <testcase name="Test Cases/TASK_SSO/newIntentCreation_WO_TemplateKeyCreationInCuration" classname="Test Cases/TASK_SSO/newIntentCreation_WO_TemplateKeyCreationInCuration" status="PASSED">
            <system-out>2020-09-30 10:44:50 - [TEST_CASE][PASSED] - Test Cases/TASK_SSO/newIntentCreation_WO_TemplateKeyCreationInCuration: Test Cases/TASK_SSO/newIntentCreation_WO_TemplateKeyCreationInCuration&#xD;
&#xD;
2020-09-30 10:44:51 - [TEST_STEP][PASSED] - platform.Method.clickOnElement(findTestObject("Generic/curation")): platform.Method.clickOnElement is PASSED&#xD;
&#xD;
2020-09-30 10:44:54 - [MESSAGE][PASSED] - platform.Method.clickOnElement is PASSED&#xD;
&#xD;
2020-09-30 10:44:54 - [TEST_STEP][PASSED] - testData = findTestData("Data Files/testData_Task"): null&#xD;
&#xD;
2020-09-30 10:44:55 - [TEST_STEP][PASSED] - platform.Method.clickOnElement(findTestObject("Button/preview")): platform.Method.clickOnElement is PASSED&#xD;
&#xD;
2020-09-30 10:44:57 - [MESSAGE][PASSED] - platform.Method.clickOnElement is PASSED&#xD;
&#xD;
2020-09-30 10:44:57 - [TEST_STEP][PASSED] - sendKeys(findTestObject("Input/chatInput"), Keys.chord(userQuery, ENTER)): Keys 'ENTER + Do you provide finance option or interest free credit?' sent to object: 'Object Repository/Input/chatInput'&#xD;
&#xD;
2020-09-30 10:45:01 - [MESSAGE][PASSED] - Keys 'ENTER + Do you provide finance option or interest free credit?' sent to object: 'Object Repository/Input/chatInput'&#xD;
&#xD;
[...]
            <system-out>2020-09-30 10:52:46 - [TEST_CASE][PASSED] - Test Cases/TASK_SSO/encryptionOnCurationAndSessions_Test: Test Cases/TASK_SSO/encryptionOnCurationAndSessions_Test&#xD;
&#xD;
2020-09-30 10:52:47 - [TEST_STEP][PASSED] - platform.Method.clickOnElement(findTestObject("ICONS/sidebarSettings")): platform.Method.clickOnElement is PASSED&#xD;
&#xD;
2020-09-30 10:52:51 - [MESSAGE][PASSED] - platform.Method.clickOnElement is PASSED&#xD;
&#xD;
2020-09-30 10:52:51 - [TEST_STEP][PASSED] - waitForElementPresent(findTestObject("Button/updateBot"), 30, STOP_ON_FAILURE): Object 'Object Repository/Button/updateBot' is present&#xD;
&#xD;
2020-09-30 10:52:52 - [MESSAGE][PASSED] - Object 'Object Repository/Button/updateBot' is present&#xD;
&#xD;
2020-09-30 10:52:52 - [TEST_STEP][PASSED] - platform.Method.enableADP(true): platform.Method.enableADP is PASSED&#xD;
&#xD;
2020-09-30 10:52:54 - [MESSAGE][PASSED] - Object 'Object Repository/Button/updateBot' is visible&#xD;
&#xD;
2020-09-30 10:53:04 - [MESSAGE][PASSED] - Object 'Object Repository/ICONS/toastMsg' is present&#xD;
&#xD;
2020-09-30 10:53:04 - [MESSAGE][PASSED] - platform.Method.enableADP is PASSED&#xD;
&#xD;
2020-09-30 10:53:04 - [TEST_STEP][PASSED] - testData = findTestData("Data Files/testData_Task"): null&#xD;
&#xD;
2020-09-30 10:53:04 - [TEST_STEP][PASSED] - platform.Method.clickOnElement(findTestObject("Generic/session")): platform.Method.clickOnElement is PASSED&#xD;
&#xD;
2020-09-30 10:53:07 - [MESSAGE][PASSED] - platform.Method.clickOnElement is PASSED&#xD;
&#xD;
2020-09-30 10:53:07 - [TEST_STEP][PASSED] - verifyElementPresent(findTestObject("NewRepo2/adpLock"), 20, STOP_ON_FAILURE): Object 'Object Repository/NewRepo2/adpLock' is present&#xD;
&#xD;
2020-09-30 10:53:08 - [MESSAGE][PASSED] - Object 'Object Repository/NewRepo2/adpLock' is present&#xD;
&#xD;
2020-09-30 10:53:08 - [TEST_STEP][PASSED] - verifyTextPresent(ADP_TEXT_VALUE, false, STOP_ON_FAILURE): Text 'All the sessions are encrypted, use the decryption key to view individual session of interest' is present on page &#xD;
&#xD;
2020-09-30 10:53:13 - [MESSAGE][PASSED] - Text 'All the sessions are encrypted, use the decryption key to view individual session of interest' is present on page &#xD;
&#xD;
2020-09-30 10:53:13 - [TEST_STEP][PASSED] - verifyTextPresent(testData.getValue("room_id", 1), false, OPTIONAL): Text '4116927' is not present on page  (Root cause: com.kms.katalon.core.exception.StepFailedException: Text '4116927' is not present on page &#xD;
	at com.kms.katalon.core.webui.keyword.internal.WebUIKeywordMain.stepFailed(WebUIKeywordMain.groovy:64)&#xD;
	at com.kms.katalon.core.webui.keyword.builtin.VerifyTextPresentKeyword$_verifyTextPresent_closure1.doCall(VerifyTextPresentKeyword.groovy:79)&#xD;
	at com.kms.katalon.core.webui.keyword.builtin.VerifyTextPresentKeyword$_verifyTextPresent_closure1.call(VerifyTextPresentKeyword.groovy)&#xD;
	at com.kms.katalon.core.webui.keyword.internal.WebUIKeywordMain.runKeyword(WebUIKeywordMain.groovy:20)&#xD;
	at com.kms.katalon.core.webui.keyword.builtin.VerifyTextPresentKeyword.verifyTextPresent(VerifyTextPresentKeyword.groovy:83)&#xD;
	at com.kms.katalon.core.webui.keyword.builtin.VerifyTextPresentKeyword.execute(VerifyTextPresentKeyword.groovy:68)&#xD;
	at com.kms.katalon.core.keyword.internal.KeywordExecutor.executeKeywordForPlatform(KeywordExecutor.groovy:56)&#xD;
	at com.kms.katalon.core.webui.keyword.WebUiBuiltInKeywords.verifyTextPresent(WebUiBuiltInKeywords.groovy:1677)&#xD;
	at com.kms.katalon.core.webui.keyword.WebUiBuiltInKeywords$verifyTextPresent$14.call(Unknown Source)&#xD;
	at encryptionOnCurationAndSessions_Test.run(encryptionOnCurationAndSessions_Test:34)&#xD;
	at com.kms.katalon.core.main.ScriptEngine.run(ScriptEngine.java:194)&#xD;
	at com.kms.katalon.core.main.ScriptEngine.runScriptAsRawText(ScriptEngine.java:119)&#xD;
	at com.kms.katalon.core.main.TestCaseExecutor.runScript(TestCaseExecutor.java:337)&#xD;
	at com.kms.katalon.core.main.TestCaseExecutor.doExecute(TestCaseExecutor.java:328)&#xD;
	at com.kms.katalon.core.main.TestCaseExecutor.processExecutionPhase(TestCaseExecutor.java:307)&#xD;
	at com.kms.katalon.core.main.TestCaseExecutor.accessMainPhase(TestCaseExecutor.java:299)&#xD;
	at com.kms.katalon.core.main.TestCaseExecutor.execute(TestCaseExecutor.java:233)&#xD;
	at com.kms.katalon.core.main.TestSuiteExecutor.accessTestCaseMainPhase(TestSuiteExecutor.java:169)&#xD;
	at com.kms.katalon.core.main.TestSuiteExecutor.accessTestSuiteMainPhase(TestSuiteExecutor.java:142)&#xD;
	at com.kms.katalon.core.main.TestSuiteExecutor.execute(TestSuiteExecutor.java:91)&#xD;
	at com.kms.katalon.core.main.TestCaseMain.startTestSuite(TestCaseMain.java:157)&#xD;
	at com.kms.katalon.core.main.TestCaseMain$startTestSuite$0.call(Unknown Source)&#xD;
	at TempTestSuite1601442009973.run(TempTestSuite1601442009973.groovy:35)&#xD;
)&#xD;
&#xD;
2020-09-30 10:53:18 - [MESSAGE][WARNING] - Text '4116927' is not present on page  (Root cause: com.kms.katalon.core.exception.StepFailedException: Text '4116927' is not present on page &#xD;
	at com.kms.katalon.core.webui.keyword.internal.WebUIKeywordMain.stepFailed(WebUIKeywordMain.groovy:64)&#xD;
	at com.kms.katalon.core.webui.keyword.builtin.VerifyTextPresentKeyword$_verifyTextPresent_closure1.doCall(VerifyTextPresentKeyword.groovy:79)&#xD;
	at com.kms.katalon.core.webui.keyword.builtin.VerifyTextPresentKeyword$_verifyTextPresent_closure1.call(VerifyTextPresentKeyword.groovy)&#xD;
	at com.kms.katalon.core.webui.keyword.internal.WebUIKeywordMain.runKeyword(WebUIKeywordMain.groovy:20)&#xD;
	at com.kms.katalon.core.webui.keyword.builtin.VerifyTextPresentKeyword.verifyTextPresent(VerifyTextPresentKeyword.groovy:83)&#xD;
	at com.kms.katalon.core.webui.keyword.builtin.VerifyTextPresentKeyword.execute(VerifyTextPresentKeyword.groovy:68)&#xD;
	at com.kms.katalon.core.keyword.internal.KeywordExecutor.executeKeywordForPlatform(KeywordExecutor.groovy:56)&#xD;
	at com.kms.katalon.core.webui.keyword.WebUiBuiltInKeywords.verifyTextPresent(WebUiBuiltInKeywords.groovy:1677)&#xD;
	at com.kms.katalon.core.webui.keyword.WebUiBuiltInKeywords$verifyTextPresent$14.call(Unknown Source)&#xD;
	at encryptionOnCurationAndSessions_Test.run(encryptionOnCurationAndSessions_Test:34)&#xD;
	at com.kms.katalon.core.main.ScriptEngine.run(ScriptEngine.java:194)&#xD;
	at com.kms.katalon.core.main.ScriptEngine.runScriptAsRawText(ScriptEngine.java:119)&#xD;
	at com.kms.katalon.core.main.TestCaseExecutor.runScript(TestCaseExecutor.java:337)&#xD;
	at com.kms.katalon.core.main.TestCaseExecutor.doExecute(TestCaseExecutor.java:328)&#xD;
	at com.kms.katalon.core.main.TestCaseExecutor.processExecutionPhase(TestCaseExecutor.java:307)&#xD;
	at com.kms.katalon.core.main.TestCaseExecutor.accessMainPhase(TestCaseExecutor.java:299)&#xD;
	at com.kms.katalon.core.main.TestCaseExecutor.execute(TestCaseExecutor.java:233)&#xD;
	at com.kms.katalon.core.main.TestSuiteExecutor.accessTestCaseMainPhase(TestSuiteExecutor.java:169)&#xD;
	at com.kms.katalon.core.main.TestSuiteExecutor.accessTestSuiteMainPhase(TestSuiteExecutor.java:142)&#xD;
	at com.kms.katalon.core.main.TestSuiteExecutor.execute(TestSuiteExecutor.java:91)&#xD;
	at com.kms.katalon.core.main.TestCaseMain.startTestSuite(TestCaseMain.java:157)&#xD;
	at com.kms.katalon.core.main.TestCaseMain$startTestSuite$0.call(Unknown Source)&#xD;
	at TempTestSuite1601442009973.run(TempTestSuite1601442009973.groovy:35)&#xD;
)&#xD;
&#xD;
2020-09-30 10:53:18 - [TEST_STEP][PASSED] - platform.Session.decryptSession(testData.getValue("room_id", 1)): platform.Session.decryptSession is PASSED&#xD;
&#xD;
2020-09-30 10:53:22 - [MESSAGE][PASSED] - Text '4116927' is set on object 'Object Repository/Input/roomID'&#xD;
&#xD;
2020-09-30 10:53:27 - [MESSAGE][PASSED] - Object 'Object Repository/Generic/webObjectWithText' is present&#xD;
&#xD;
2020-09-30 10:53:32 - [MESSAGE][PASSED] - Keys 'TEST' sent to object: 'Object Repository/Input/key'&#xD;
&#xD;
2020-09-30 10:53:34 - [MESSAGE][PASSED] - platform.Session.decryptSession is PASSED&#xD;
&#xD;
2020-09-30 10:53:34 - [TEST_STEP][PASSED] - platform.Method.clickOnElement(findTestObject("GenericII/closePopup")): platform.Method.clickOnElement is PASSED&#xD;
&#xD;
2020-09-30 10:53:37 - [MESSAGE][PASSED] - platform.Method.clickOnElement is PASSED&#xD;
&#xD;
2020-09-30 10:53:37 - [TEST_STEP][PASSED] - platform.Method.clickOnElement(findTestObject("Generic/curation")): platform.Method.clickOnElement is PASSED&#xD;
&#xD;
2020-09-30 10:53:40 - [MESSAGE][PASSED] - platform.Method.clickOnElement is PASSED&#xD;
&#xD;
2020-09-30 10:53:40 - [TEST_STEP][PASSED] - platform.Method.clickOnElement(findTestObject("Generic/webObjectWithText", ["textValue":"Issues"])): platform.Method.clickOnElement is PASSED&#xD;
&#xD;
2020-09-30 10:53:43 - [MESSAGE][PASSED] - platform.Method.clickOnElement is PASSED&#xD;
&#xD;
2020-09-30 10:53:43 - [TEST_STEP][PASSED] - inputKey = modifyObjectProperty(findTestObject("Input/key"), "xpath", "not equals", "//input[@name='qtext']", true): Modify property of object successfully&#xD;
&#xD;
2020-09-30 10:53:43 - [MESSAGE][PASSED] - Modify property of object successfully&#xD;
&#xD;
2020-09-30 10:53:43 - [TEST_STEP][PASSED] - setText(inputKey, "test"): Text 'test' is set on object 'Object Repository/Input/key'&#xD;
&#xD;
2020-09-30 10:53:46 - [MESSAGE][PASSED] - Text 'test' is set on object 'Object Repository/Input/key'&#xD;
&#xD;
2020-09-30 10:53:46 - [TEST_STEP][PASSED] - platform.Method.clickOnElement(findTestObject("ICONS/unlock")): platform.Method.clickOnElement is PASSED&#xD;
&#xD;
2020-09-30 10:53:49 - [MESSAGE][PASSED] - platform.Method.clickOnElement is PASSED&#xD;
&#xD;
2020-09-30 10:53:49 - [TEST_STEP][PASSED] - trainBtn = modifyObjectProperty(findTestObject("Button/train"), "xpath", "not equals", "//span[text()='Train']", true): Modify property of object successfully&#xD;
&#xD;
2020-09-30 10:53:49 - [MESSAGE][PASSED] - Modify property of object successfully&#xD;
&#xD;
2020-09-30 10:53:49 - [TEST_STEP][PASSED] - if (verifyTextPresent("Saved corpus", false, OPTIONAL)): Text 'Saved corpus' is not present on page  (Root cause: com.kms.katalon.core.exception.StepFailedException: Text 'Saved corpus' is not present on page &#xD;
	at com.kms.katalon.core.webui.keyword.internal.WebUIKeywordMain.stepFailed(WebUIKeywordMain.groovy:64)&#xD;
	at com.kms.katalon.core.webui.keyword.builtin.VerifyTextPresentKeyword$_verifyTextPresent_closure1.doCall(VerifyTextPresentKeyword.groovy:79)&#xD;
	at com.kms.katalon.core.webui.keyword.builtin.VerifyTextPresentKeyword$_verifyTextPresent_closure1.call(VerifyTextPresentKeyword.groovy)&#xD;
	at com.kms.katalon.core.webui.keyword.internal.WebUIKeywordMain.runKeyword(WebUIKeywordMain.groovy:20)&#xD;
	at com.kms.katalon.core.webui.keyword.builtin.VerifyTextPresentKeyword.verifyTextPresent(VerifyTextPresentKeyword.groovy:83)&#xD;
	at com.kms.katalon.core.webui.keyword.builtin.VerifyTextPresentKeyword.execute(VerifyTextPresentKeyword.groovy:68)&#xD;
	at com.kms.katalon.core.keyword.internal.KeywordExecutor.executeKeywordForPlatform(KeywordExecutor.groovy:56)&#xD;
	at com.kms.katalon.core.webui.keyword.WebUiBuiltInKeywords.verifyTextPresent(WebUiBuiltInKeywords.groovy:1677)&#xD;
	at com.kms.katalon.core.webui.keyword.WebUiBuiltInKeywords$verifyTextPresent$14.call(Unknown Source)&#xD;
	at encryptionOnCurationAndSessions_Test.run(encryptionOnCurationAndSessions_Test:54)&#xD;
	at com.kms.katalon.core.main.ScriptEngine.run(ScriptEngine.java:194)&#xD;
	at com.kms.katalon.core.main.ScriptEngine.runScriptAsRawText(ScriptEngine.java:119)&#xD;
	at com.kms.katalon.core.main.TestCaseExecutor.runScript(TestCaseExecutor.java:337)&#xD;
	at com.kms.katalon.core.main.TestCaseExecutor.doExecute(TestCaseExecutor.java:328)&#xD;
	at com.kms.katalon.core.main.TestCaseExecutor.processExecutionPhase(TestCaseExecutor.java:307)&#xD;
	at com.kms.katalon.core.main.TestCaseExecutor.accessMainPhase(TestCaseExecutor.java:299)&#xD;
	at com.kms.katalon.core.main.TestCaseExecutor.execute(TestCaseExecutor.java:233)&#xD;
	at com.kms.katalon.core.main.TestSuiteExecutor.accessTestCaseMainPhase(TestSuiteExecutor.java:169)&#xD;
	at com.kms.katalon.core.main.TestSuiteExecutor.accessTestSuiteMainPhase(TestSuiteExecutor.java:142)&#xD;
	at com.kms.katalon.core.main.TestSuiteExecutor.execute(TestSuiteExecutor.java:91)&#xD;
	at com.kms.katalon.core.main.TestCaseMain.startTestSuite(TestCaseMain.java:157)&#xD;
	at com.kms.katalon.core.main.TestCaseMain$startTestSuite$0.call(Unknown Source)&#xD;
	at TempTestSuite1601442009973.run(TempTestSuite1601442009973.groovy:35)&#xD;
)&#xD;
&#xD;
2020-09-30 10:53:57 - [MESSAGE][WARNING] - Text 'Saved corpus' is not present on page  (Root cause: com.kms.katalon.core.exception.StepFailedException: Text 'Saved corpus' is not present on page &#xD;
	at com.kms.katalon.core.webui.keyword.internal.WebUIKeywordMain.stepFailed(WebUIKeywordMain.groovy:64)&#xD;
	at com.kms.katalon.core.webui.keyword.builtin.VerifyTextPresentKeyword$_verifyTextPresent_closure1.doCall(VerifyTextPresentKeyword.groovy:79)&#xD;
	at com.kms.katalon.core.webui.keyword.builtin.VerifyTextPresentKeyword$_verifyTextPresent_closure1.call(VerifyTextPresentKeyword.groovy)&#xD;
	at com.kms.katalon.core.webui.keyword.internal.WebUIKeywordMain.runKeyword(WebUIKeywordMain.groovy:20)&#xD;
	at com.kms.katalon.core.webui.keyword.builtin.VerifyTextPresentKeyword.verifyTextPresent(VerifyTextPresentKeyword.groovy:83)&#xD;
	at com.kms.katalon.core.webui.keyword.builtin.VerifyTextPresentKeyword.execute(VerifyTextPresentKeyword.groovy:68)&#xD;
	at com.kms.katalon.core.keyword.internal.KeywordExecutor.executeKeywordForPlatform(KeywordExecutor.groovy:56)&#xD;
	at com.kms.katalon.core.webui.keyword.WebUiBuiltInKeywords.verifyTextPresent(WebUiBuiltInKeywords.groovy:1677)&#xD;
	at com.kms.katalon.core.webui.keyword.WebUiBuiltInKeywords$verifyTextPresent$14.call(Unknown Source)&#xD;
	at encryptionOnCurationAndSessions_Test.run(encryptionOnCurationAndSessions_Test:54)&#xD;
	at com.kms.katalon.core.main.ScriptEngine.run(ScriptEngine.java:194)&#xD;
	at com.kms.katalon.core.main.ScriptEngine.runScriptAsRawText(ScriptEngine.java:119)&#xD;
	at com.kms.katalon.core.main.TestCaseExecutor.runScript(TestCaseExecutor.java:337)&#xD;
	at com.kms.katalon.core.main.TestCaseExecutor.doExecute(TestCaseExecutor.java:328)&#xD;
	at com.kms.katalon.core.main.TestCaseExecutor.processExecutionPhase(TestCaseExecutor.java:307)&#xD;
	at com.kms.katalon.core.main.TestCaseExecutor.accessMainPhase(TestCaseExecutor.java:299)&#xD;
	at com.kms.katalon.core.main.TestCaseExecutor.execute(TestCaseExecutor.java:233)&#xD;
	at com.kms.katalon.core.main.TestSuiteExecutor.accessTestCaseMainPhase(TestSuiteExecutor.java:169)&#xD;
	at com.kms.katalon.core.main.TestSuiteExecutor.accessTestSuiteMainPhase(TestSuiteExecutor.java:142)&#xD;
	at com.kms.katalon.core.main.TestSuiteExecutor.execute(TestSuiteExecutor.java:91)&#xD;
	at com.kms.katalon.core.main.TestCaseMain.startTestSuite(TestCaseMain.java:157)&#xD;
	at com.kms.katalon.core.main.TestCaseMain$startTestSuite$0.call(Unknown Source)&#xD;
	at TempTestSuite1601442009973.run(TempTestSuite1601442009973.groovy:35)&#xD;
)&#xD;
&#xD;
2020-09-30 10:53:57 - [TEST_STEP][PASSED] - else: Text 'Trained corpus' is present on page &#xD;
&#xD;
2020-09-30 10:53:57 - [TEST_STEP][PASSED] - verifyTextPresent("Trained corpus", false, STOP_ON_FAILURE): Text 'Trained corpus' is present on page &#xD;
&#xD;
2020-09-30 10:54:03 - [MESSAGE][PASSED] - Text 'Trained corpus' is present on page &#xD;
&#xD;
2020-09-30 10:54:03 - [TEST_STEP][PASSED] - platform.Method.clickOnElement(findTestObject("Button/dashboard")): platform.Method.clickOnElement is PASSED&#xD;
&#xD;
2020-09-30 10:54:07 - [MESSAGE][PASSED] - platform.Method.clickOnElement is PASSED&#xD;
&#xD;
2020-09-30 10:54:07 - [TEST_STEP][PASSED] - platform.Method.clickOnElement(findTestObject("Button/userOptions")): platform.Method.clickOnElement is PASSED&#xD;
&#xD;
2020-09-30 10:54:10 - [MESSAGE][PASSED] - platform.Method.clickOnElement is PASSED&#xD;
&#xD;
2020-09-30 10:54:10 - [TEST_STEP][PASSED] - platform.Method.clickOnElement(findTestObject("Button/signOut")): platform.Method.clickOnElement is PASSED&#xD;
&#xD;
2020-09-30 10:54:13 - [MESSAGE][PASSED] - platform.Method.clickOnElement is PASSED&#xD;
&#xD;
2020-09-30 10:54:13 - [TEST_STEP][PASSED] - callTestCase(findTestCase("Generic/successfulLogin_Test"), [:], STOP_ON_FAILURE): Call Test Case 'Test Cases/Generic/successfulLogin_Test' successfully&#xD;
&#xD;
2020-09-30 10:54:14 - [TEST_CASE][PASSED] - Test Cases/Generic/successfulLogin_Test: Test Cases/Generic/successfulLogin_Test&#xD;
&#xD;
2020-09-30 10:54:15 - [TEST_STEP][PASSED] - sendKeys(findTestObject("Input/username"), username): Keys 'narendra.n@imimobile.com' sent to object: 'Object Repository/Input/username'&#xD;
&#xD;
2020-09-30 10:54:17 - [MESSAGE][PASSED] - Keys 'narendra.n@imimobile.com' sent to object: 'Object Repository/Input/username'&#xD;
&#xD;
2020-09-30 10:54:17 - [TEST_STEP][PASSED] - sendKeys(findTestObject("Input/password"), password): Keys 'Test@2020' sent to object: 'Object Repository/Input/password'&#xD;
&#xD;
2020-09-30 10:54:19 - [MESSAGE][PASSED] - Keys 'Test@2020' sent to object: 'Object Repository/Input/password'&#xD;
&#xD;
2020-09-30 10:54:19 - [TEST_STEP][PASSED] - click(findTestObject("Button/signIn")): Object: 'Object Repository/Button/signIn' is clicked on&#xD;
&#xD;
2020-09-30 10:54:22 - [MESSAGE][PASSED] - Object: 'Object Repository/Button/signIn' is clicked on&#xD;
&#xD;
2020-09-30 10:54:22 - [TEST_STEP][PASSED] - if (!(waitForElementPresent(findTestObject("Button/createBot"), 30, OPTIONAL))): Object 'Object Repository/Button/createBot' is present&#xD;
&#xD;
2020-09-30 10:54:30 - [MESSAGE][PASSED] - Object 'Object Repository/Button/createBot' is present&#xD;
&#xD;
2020-09-30 10:54:30 - [MESSAGE][PASSED] - Call Test Case 'Test Cases/Generic/successfulLogin_Test' successfully&#xD;
&#xD;
2020-09-30 10:54:30 - [TEST_STEP][PASSED] - platform.Method.navigateToBot("Task bots", TASK_BOT): platform.Method.navigateToBot is PASSED&#xD;
&#xD;
2020-09-30 10:54:31 - [MESSAGE][PASSED] - Object 'Object Repository/Button/createBot' is present&#xD;
&#xD;
2020-09-30 10:54:34 - [MESSAGE][INFO] - Performing click action on bot&#xD;
&#xD;
2020-09-30 10:54:37 - [MESSAGE][PASSED] - platform.Method.navigateToBot is PASSED&#xD;
&#xD;
2020-09-30 10:54:37 - [TEST_STEP][PASSED] - platform.Method.clickOnElement(findTestObject("Generic/session")): platform.Method.clickOnElement is PASSED&#xD;
&#xD;
2020-09-30 10:54:40 - [MESSAGE][PASSED] - platform.Method.clickOnElement is PASSED&#xD;
&#xD;
2020-09-30 10:54:40 - [TEST_STEP][PASSED] - platform.Session.searchByRoomID(testData.getValue("room_id", 1)): platform.Session.searchByRoomID is PASSED&#xD;
&#xD;
2020-09-30 10:54:44 - [MESSAGE][PASSED] - Text '4116927' is set on object 'Object Repository/Input/roomID'&#xD;
&#xD;
2020-09-30 10:54:46 - [MESSAGE][PASSED] - platform.Session.searchByRoomID is PASSED&#xD;
&#xD;
2020-09-30 10:54:46 - [TEST_STEP][PASSED] - verifyElementNotPresent(findTestObject("NewRepo2/unlockIcon"), 10, STOP_ON_FAILURE): Web element with id: 'Object Repository/NewRepo2/unlockIcon' located by 'By.xpath: //mat-icon[@name='lock_open']' is not present after '10' second(s)&#xD;
&#xD;
2020-09-30 10:54:47 - [MESSAGE][PASSED] - Web element with id: 'Object Repository/NewRepo2/unlockIcon' located by 'By.xpath: //mat-icon[@name='lock_open']' is not present after '10' second(s)</system-out>
            <system-err></system-err>
        </testcase>
        <system-out>2020-09-30 10:30:19 - [TEST_SUITE][INCOMPLETE] - TASK_SSO: null</system-out>
        <system-err>2020-09-30 10:30:19 - [TEST_SUITE][INCOMPLETE] - TASK_SSO: null</system-err>
    </testsuite>
</testsuites>
