<?xml version="1.0" encoding="UTF-8" standalone="yes"?>
<testsuites name="FAQ_SSO" time="1561" tests="19" failures="1" errors="1">
    <testsuite name="FAQ_SSO" tests="19" failures="1" errors="1" time="1561" timestamp="2021-03-01 18:24:04" hostname="narendra.n - WLPT580.imidomain.com" id="Test Suites/FAQ_SSO">
        <properties>
            <property name="deviceName" value=""/>
            <property name="devicePlatform" value=""/>
            <property name="logFolder" value="D:\\2021\\IMIbot.ai-Project\\Reports\\20210301_182338\\FAQ_SSO\\20210301_182338"/>
            <property name="logFiles" value="D:\\2021\\IMIbot.ai-Project\\Reports\\20210301_182338\\FAQ_SSO\\20210301_182338\\execution0.log"/>
            <property name="attachments" value="D:\\2021\\IMIbot.ai-Project\\Reports\\20210301_182338\\FAQ_SSO\\20210301_182338\\1614604183058.png, D:\\2021\\IMIbot.ai-Project\\Reports\\20210301_182338\\FAQ_SSO\\20210301_182338\\1614604299346.png, D:\\2021\\IMIbot.ai-Project\\Reports\\20210301_182338\\FAQ_SSO\\20210301_182338\\1614604361095.png, D:\\2021\\IMIbot.ai-Project\\Reports\\20210301_182338\\FAQ_SSO\\20210301_182338\\1614604362469.png"/>
            <property name="hostName" value="narendra.n - WLPT580.imidomain.com"/>
            <property name="os" value="Windows 8.1 64bit"/>
            <property name="katalonVersion" value="6.3.3.11"/>
            <property name="browser" value="Chrome 88.0.4324.190"/>
            <property name="hostAddress" value="192.168.29.195"/>
            <property name="sessionId" value="f5b0186f877859f9e36c1dddc307916b"/>
            <property name="seleniumVersion" value="3.141.59"/>
            <property name="proxyInformation" value="ProxyInformation{proxyOption=NO_PROXY, proxyServerType=HTTP, password=, proxyServerAddress=, proxyServerPort=0}"/>
            <property name="platform" value="Windows 8.1"/>
        </properties>
        <testcase name="Test Cases/FAQ_SSO/botCreation_Test" classname="Test Cases/FAQ_SSO/botCreation_Test" status="PASSED">
            <system-out>2021-03-01 18:25:58 - [TEST_CASE][PASSED] - Test Cases/FAQ_SSO/botCreation_Test: Test Cases/FAQ_SSO/botCreation_Test&#xD;
&#xD;
2021-03-01 18:25:58 - [TEST_STEP][PASSED] - Start listener action : create: null&#xD;
&#xD;
2021-03-01 18:25:58 - [TEST_STEP][PASSED] - extentTest = extentReport.createTest(testCaseContext.getTestCaseId()): null&#xD;
&#xD;
2021-03-01 18:25:59 - [TEST_STEP][PASSED] - platform.Method.clickOnElement(findTestObject("Button/createBot")): platform.Method.clickOnElement is PASSED&#xD;
&#xD;
2021-03-01 18:26:02 - [MESSAGE][PASSED] - platform.Method.clickOnElement is PASSED&#xD;
&#xD;
2021-03-01 18:26:02 - [TEST_STEP][PASSED] - sendKeys(findTestObject("Input/botName"), nameOfTheBot): Keys 'March1' sent to object: 'Object Repository/Input/botName'&#xD;
&#xD;
2021-03-01 18:26:05 - [MESSAGE][PASSED] - Keys 'March1' sent to object: 'Object Repository/Input/botName'&#xD;
&#xD;
2021-03-01 18:26:05 - [TEST_STEP][PASSED] - platform.Method.clickOnElement(findTestObject("Toggle/feedback")): platform.Method.clickOnElement is PASSED&#xD;
&#xD;
2021-03-01 18:26:07 - [MESSAGE][PASSED] - platform.Method.clickOnElement is PASSED&#xD;
&#xD;
2021-03-01 18:26:07 - [TEST_STEP][PASSED] - platform.Method.clickOnElement(findTestObject("Button/done")): platform.Method.clickOnElement is PASSED&#xD;
&#xD;
2021-03-01 18:26:09 - [MESSAGE][PASSED] - platform.Method.clickOnElement is PASSED&#xD;
&#xD;
2021-03-01 18:26:09 - [TEST_STEP][PASSED] - waitForElementVisible(findTestObject("Generic/articleState"), 60, OPTIONAL): Object 'Object Repository/Generic/articleState' is visible&#xD;
&#xD;
2021-03-01 18:26:21 - [MESSAGE][PASSED] - Object 'Object Repository/Generic/articleState' is visible&#xD;
&#xD;
2021-03-01 18:26:21 - [TEST_STEP][PASSED] - if (!(verifyElementText(findTestObject("Generic/articleState"), "Trained", OPTIONAL))): Actual text and expected text of test object 'Object Repository/Generic/articleState' are matched.&#xD;
&#xD;
2021-03-01 18:26:23 - [MESSAGE][PASSED] - Actual text and expected text of test object 'Object Repository/Generic/articleState' are matched.&#xD;
&#xD;
2021-03-01 18:26:23 - [TEST_STEP][PASSED] - platform.Method.clickOnElement(findTestObject("GenericII/minimize")): platform.Method.clickOnElement is PASSED&#xD;
&#xD;
2021-03-01 18:26:26 - [MESSAGE][PASSED] - platform.Method.clickOnElement is PASSED&#xD;
&#xD;
2021-03-01 18:26:26 - [TEST_STEP][PASSED] - Start listener action : write: null&#xD;
&#xD;
2021-03-01 18:26:26 - [TEST_STEP][PASSED] - if (getTestCaseStatus().contentEquals("PASSED")): null&#xD;
&#xD;
2021-03-01 18:26:26 - [TEST_STEP][PASSED] - extentTest.log(PASS, MarkupHelper.createLabel(testCaseContext.getTestCaseId(), GREEN)): null</system-out>
            <system-err></system-err>
        </testcase>
        <testcase name="Test Cases/FAQ_SSO/botSideOptionsNavigation_Test" classname="Test Cases/FAQ_SSO/botSideOptionsNavigation_Test" status="PASSED">
            <system-out>2021-03-01 18:26:26 - [TEST_CASE][PASSED] - Test Cases/FAQ_SSO/botSideOptionsNavigation_Test: Test Cases/FAQ_SSO/botSideOptionsNavigation_Test&#xD;
&#xD;
2021-03-01 18:26:26 - [TEST_STEP][PASSED] - Start listener action : create: null&#xD;
&#xD;
2021-03-01 18:26:26 - [TEST_STEP][PASSED] - extentTest = extentReport.createTest(testCaseContext.getTestCaseId()): null&#xD;
&#xD;
2021-03-01 18:26:26 - [TEST_STEP][PASSED] - platform.Method.clickOnElement(findTestObject("ICONS/sidebarSettings")): platform.Method.clickOnElement is PASSED&#xD;
&#xD;
2021-03-01 18:26:30 - [MESSAGE][PASSED] - platform.Method.clickOnElement is PASSED&#xD;
&#xD;
2021-03-01 18:26:30 - [TEST_STEP][PASSED] - waitForElementPresent(findTestObject("Generic/webObjectWithText", ["textValue":"Bot configuration"]), 10, STOP_ON_FAILURE): Object 'Object Repository/Generic/webObjectWithText' is present&#xD;
&#xD;
2021-03-01 18:26:32 - [MESSAGE][PASSED] - Object 'Object Repository/Generic/webObjectWithText' is present&#xD;
&#xD;
2021-03-01 18:26:32 - [TEST_STEP][PASSED] - platform.Method.clickOnElement(findTestObject("Generic/webObjectWithText", ["textValue":"Management"])): platform.Method.clickOnElement is PASSED&#xD;
&#xD;
2021-03-01 18:26:34 - [MESSAGE][PASSED] - platform.Method.clickOnElement is PASSED&#xD;
&#xD;
2021-03-01 18:26:34 - [TEST_STEP][PASSED] - waitForElementPresent(findTestObject("Generic/webObjectWithText", ["textValue":"Bot status"]), 10, STOP_ON_FAILURE): Object 'Object Repository/Generic/webObjectWithText' is present&#xD;
&#xD;
2021-03-01 18:26:35 - [MESSAGE][PASSED] - Object 'Object Repository/Generic/webObjectWithText' is present&#xD;
&#xD;
2021-03-01 18:26:35 - [TEST_STEP][PASSED] - platform.Method.clickOnElement(findTestObject("Generic/webObjectWithText", ["textValue":"Security"])): platform.Method.clickOnElement is PASSED&#xD;
&#xD;
2021-03-01 18:26:37 - [MESSAGE][PASSED] - platform.Method.clickOnElement is PASSED&#xD;
&#xD;
2021-03-01 18:26:37 - [TEST_STEP][PASSED] - verifyElementPresent(findTestObject("NewRepo/inputConsentDisclaimer"), 10, STOP_ON_FAILURE): Object 'Object Repository/NewRepo/inputConsentDisclaimer' is present&#xD;
&#xD;
2021-03-01 18:26:39 - [MESSAGE][PASSED] - Object 'Object Repository/NewRepo/inputConsentDisclaimer' is present&#xD;
&#xD;
2021-03-01 18:26:39 - [TEST_STEP][PASSED] - platform.Method.clickOnElement(findTestObject("Generic/webObjectWithText", ["textValue":"Handover and Inference"])): platform.Method.clickOnElement is PASSED&#xD;
&#xD;
2021-03-01 18:26:41 - [MESSAGE][PASSED] - platform.Method.clickOnElement is PASSED&#xD;
&#xD;
2021-03-01 18:26:41 - [TEST_STEP][PASSED] - waitForElementPresent(findTestObject("Generic/webObjectWithText", ["textValue":"Inference"]), 10, STOP_ON_FAILURE): Object 'Object Repository/Generic/webObjectWithText' is present&#xD;
&#xD;
2021-03-01 18:26:42 - [MESSAGE][PASSED] - Object 'Object Repository/Generic/webObjectWithText' is present&#xD;
&#xD;
2021-03-01 18:26:42 - [TEST_STEP][PASSED] - platform.Method.clickOnElement(findTestObject("Generic/webObjectWithText", ["textValue":"Integrations"])): platform.Method.clickOnElement is PASSED&#xD;
&#xD;
2021-03-01 18:26:44 - [MESSAGE][PASSED] - platform.Method.clickOnElement is PASSED&#xD;
&#xD;
2021-03-01 18:26:44 - [TEST_STEP][PASSED] - waitForElementPresent(findTestObject("Generic/webObjectWithText", ["textValue":"Chat Agent Platforms"]), 10, STOP_ON_FAILURE): Object 'Object Repository/Generic/webObjectWithText' is present&#xD;
&#xD;
2021-03-01 18:26:46 - [MESSAGE][PASSED] - Object 'Object Repository/Generic/webObjectWithText' is present&#xD;
&#xD;
2021-03-01 18:26:46 - [TEST_STEP][PASSED] - platform.Method.clickOnElement(findTestObject("Generic/nlp")): platform.Method.clickOnElement is PASSED&#xD;
&#xD;
2021-03-01 18:26:49 - [MESSAGE][PASSED] - platform.Method.clickOnElement is PASSED&#xD;
&#xD;
2021-03-01 18:26:49 - [TEST_STEP][PASSED] - waitForElementPresent(findTestObject("Generic/webObjectWithText", ["textValue":"Input recognition"]), 10, STOP_ON_FAILURE): Object 'Object Repository/Generic/webObjectWithText' is present&#xD;
&#xD;
2021-03-01 18:26:50 - [MESSAGE][PASSED] - Object 'Object Repository/Generic/webObjectWithText' is present&#xD;
&#xD;
2021-03-01 18:26:50 - [TEST_STEP][PASSED] - platform.Method.clickOnElement(findTestObject("Generic/webObjectWithText", ["textValue":"Knowledge base"])): platform.Method.clickOnElement is PASSED&#xD;
&#xD;
2021-03-01 18:26:52 - [MESSAGE][PASSED] - platform.Method.clickOnElement is PASSED&#xD;
&#xD;
2021-03-01 18:26:52 - [TEST_STEP][PASSED] - verifyElementPresent(findTestObject("NewRepo/newConceptBtn"), 10, STOP_ON_FAILURE): Object 'Object Repository/NewRepo/newConceptBtn' is present&#xD;
&#xD;
2021-03-01 18:26:53 - [MESSAGE][PASSED] - Object 'Object Repository/NewRepo/newConceptBtn' is present&#xD;
&#xD;
2021-03-01 18:26:53 - [TEST_STEP][PASSED] - platform.Method.clickOnElement(findTestObject("Generic/articles")): platform.Method.clickOnElement is PASSED&#xD;
&#xD;
2021-03-01 18:26:56 - [MESSAGE][PASSED] - platform.Method.clickOnElement is PASSED&#xD;
&#xD;
2021-03-01 18:26:56 - [TEST_STEP][PASSED] - waitForElementPresent(findTestObject("Generic/webObjectWithText", ["textValue":"Knowledge base"]), 10, STOP_ON_FAILURE): Object 'Object Repository/Generic/webObjectWithText' is present&#xD;
&#xD;
2021-03-01 18:26:58 - [MESSAGE][PASSED] - Object 'Object Repository/Generic/webObjectWithText' is present&#xD;
&#xD;
2021-03-01 18:26:58 - [TEST_STEP][PASSED] - platform.Method.clickOnElement(findTestObject("Generic/webObjectWithText", ["textValue":"Curation"])): platform.Method.clickOnElement is PASSED&#xD;
&#xD;
2021-03-01 18:27:01 - [MESSAGE][PASSED] - platform.Method.clickOnElement is PASSED&#xD;
&#xD;
2021-03-01 18:27:01 - [TEST_STEP][PASSED] - waitForElementPresent(findTestObject("Generic/webObjectWithText", ["textValue":"Unresolved issues"]), 10, STOP_ON_FAILURE): Object 'Object Repository/Generic/webObjectWithText' is present&#xD;
&#xD;
2021-03-01 18:27:02 - [MESSAGE][PASSED] - Object 'Object Repository/Generic/webObjectWithText' is present&#xD;
&#xD;
2021-03-01 18:27:02 - [TEST_STEP][PASSED] - platform.Method.clickOnElement(findTestObject("Generic/session")): platform.Method.clickOnElement is PASSED&#xD;
&#xD;
2021-03-01 18:27:05 - [MESSAGE][PASSED] - platform.Method.clickOnElement is PASSED&#xD;
&#xD;
2021-03-01 18:27:05 - [TEST_STEP][PASSED] - waitForElementPresent(findTestObject("Generic/webObjectWithText", ["textValue":"Conversations"]), 10, STOP_ON_FAILURE): Object 'Object Repository/Generic/webObjectWithText' is present&#xD;
&#xD;
2021-03-01 18:27:06 - [MESSAGE][PASSED] - Object 'Object Repository/Generic/webObjectWithText' is present&#xD;
&#xD;
2021-03-01 18:27:06 - [TEST_STEP][PASSED] - platform.Method.clickOnElement(findTestObject("Generic/webObjectWithText", ["textValue":"History"])): platform.Method.clickOnElement is PASSED&#xD;
&#xD;
2021-03-01 18:27:08 - [MESSAGE][PASSED] - platform.Method.clickOnElement is PASSED&#xD;
&#xD;
2021-03-01 18:27:08 - [TEST_STEP][PASSED] - waitForElementPresent(findTestObject("Generic/webObjectWithText", ["textValue":"History"]), 10, STOP_ON_FAILURE): Object 'Object Repository/Generic/webObjectWithText' is present&#xD;
&#xD;
2021-03-01 18:27:10 - [MESSAGE][PASSED] - Object 'Object Repository/Generic/webObjectWithText' is present&#xD;
&#xD;
2021-03-01 18:27:10 - [TEST_STEP][PASSED] - Start listener action : write: null&#xD;
&#xD;
2021-03-01 18:27:10 - [TEST_STEP][PASSED] - if (getTestCaseStatus().contentEquals("PASSED")): null&#xD;
&#xD;
2021-03-01 18:27:10 - [TEST_STEP][PASSED] - extentTest.log(PASS, MarkupHelper.createLabel(testCaseContext.getTestCaseId(), GREEN)): null</system-out>
            <system-err></system-err>
        </testcase>
        <testcase name="Test Cases/FAQ_SSO/botUrlAndDefaultArticleConfiguration_Test" classname="Test Cases/FAQ_SSO/botUrlAndDefaultArticleConfiguration_Test" status="PASSED">
            <system-out>2021-03-01 18:27:10 - [TEST_CASE][PASSED] - Test Cases/FAQ_SSO/botUrlAndDefaultArticleConfiguration_Test: Test Cases/FAQ_SSO/botUrlAndDefaultArticleConfiguration_Test&#xD;
&#xD;
2021-03-01 18:27:13 - [TEST_STEP][PASSED] - Start listener action : create: null&#xD;
&#xD;
2021-03-01 18:27:13 - [TEST_STEP][PASSED] - extentTest = extentReport.createTest(testCaseContext.getTestCaseId()): null&#xD;
&#xD;
2021-03-01 18:27:14 - [TEST_STEP][PASSED] - platform.Method.clickOnElement(findTestObject("ICONS/sidebarSettings")): platform.Method.clickOnElement is PASSED&#xD;
&#xD;
2021-03-01 18:27:17 - [MESSAGE][PASSED] - platform.Method.clickOnElement is PASSED&#xD;
&#xD;
2021-03-01 18:27:17 - [TEST_STEP][PASSED] - waitForElementPresent(findTestObject("Input/botLogo"), 20, OPTIONAL): Object 'Object Repository/Input/botLogo' is present&#xD;
&#xD;
2021-03-01 18:27:19 - [MESSAGE][PASSED] - Object 'Object Repository/Input/botLogo' is present&#xD;
&#xD;
2021-03-01 18:27:19 - [TEST_STEP][PASSED] - setText(findTestObject("Input/botLogo"), botLogo): Text 'https://avaamo.ai/wp-content/uploads/2017/01/chatbotsfuterpswm-300x225.jpg' is set on object 'Object Repository/Input/botLogo'&#xD;
&#xD;
2021-03-01 18:27:24 - [MESSAGE][PASSED] - Text 'https://avaamo.ai/wp-content/uploads/2017/01/chatbotsfuterpswm-300x225.jpg' is set on object 'Object Repository/Input/botLogo'&#xD;
&#xD;
2021-03-01 18:27:24 - [TEST_STEP][PASSED] - platform.Method.clickOnElement(findTestObject("Button/updateBot")): platform.Method.clickOnElement is PASSED&#xD;
&#xD;
2021-03-01 18:27:26 - [MESSAGE][PASSED] - platform.Method.clickOnElement is PASSED&#xD;
&#xD;
2021-03-01 18:27:26 - [TEST_STEP][PASSED] - verifyElementPresent(findTestObject("ICONS/toastMsg"), 15, CONTINUE_ON_FAILURE): Object 'Object Repository/ICONS/toastMsg' is present&#xD;
&#xD;
2021-03-01 18:27:27 - [MESSAGE][PASSED] - Object 'Object Repository/ICONS/toastMsg' is present&#xD;
&#xD;
2021-03-01 18:27:27 - [TEST_STEP][PASSED] - platform.Method.clickOnElement(findTestObject("Generic/articles")): platform.Method.clickOnElement is PASSED&#xD;
&#xD;
2021-03-01 18:27:29 - [MESSAGE][PASSED] - platform.Method.clickOnElement is PASSED&#xD;
&#xD;
2021-03-01 18:27:29 - [TEST_STEP][PASSED] - platform.Method.clickOnElement(findTestObject("Generic/webObjectWithText", ["textValue":"Welcome Message"])): platform.Method.clickOnElement is PASSED&#xD;
&#xD;
2021-03-01 18:27:32 - [MESSAGE][PASSED] - platform.Method.clickOnElement is PASSED&#xD;
&#xD;
2021-03-01 18:27:32 - [TEST_STEP][PASSED] - setText(findTestObject("Input/textResponse"), welcomeMessage): Text 'Hi! I'm your bank bot designed to help you with your basic queries on bank related areas.' is set on object 'Object Repository/Input/textResponse'&#xD;
&#xD;
2021-03-01 18:27:37 - [MESSAGE][PASSED] - Text 'Hi! I'm your bank bot designed to help you with your basic queries on bank related areas.' is set on object 'Object Repository/Input/textResponse'&#xD;
&#xD;
2021-03-01 18:27:37 - [TEST_STEP][PASSED] - platform.Method.clickOnElement(findTestObject("Button/save", ["value":"Save"])): platform.Method.clickOnElement is PASSED&#xD;
&#xD;
2021-03-01 18:27:39 - [MESSAGE][PASSED] - platform.Method.clickOnElement is PASSED&#xD;
&#xD;
2021-03-01 18:27:39 - [TEST_STEP][PASSED] - platform.Method.trainAndComment(comment): platform.Method.trainAndComment is PASSED&#xD;
&#xD;
2021-03-01 18:27:46 - [MESSAGE][INFO] - Unable to find the element located by 'By.xpath: //mat-icon[text()='sync' or text()='autorenew']'. Please recheck the objects properties to make sure the desired element is located. &#xD;
&#xD;
2021-03-01 18:27:46 - [MESSAGE][INFO] - BOT STATE IS TRAINED&#xD;
&#xD;
2021-03-01 18:27:46 - [MESSAGE][PASSED] - platform.Method.trainAndComment is PASSED&#xD;
&#xD;
2021-03-01 18:27:46 - [TEST_STEP][PASSED] - platform.Method.clickOnElement(findTestObject("Generic/webObjectWithText", ["textValue":"Partial match"])): platform.Method.clickOnElement is PASSED&#xD;
&#xD;
2021-03-01 18:27:48 - [MESSAGE][PASSED] - platform.Method.clickOnElement is PASSED&#xD;
&#xD;
2021-03-01 18:27:48 - [TEST_STEP][PASSED] - setText(findTestObject("Input/textResponse"), customMessage): Text 'Sorry, I was unable to comprehend your intentions. I've displayed suggestion that might to relatable to your query' is set on object 'Object Repository/Input/textResponse'&#xD;
&#xD;
2021-03-01 18:27:54 - [MESSAGE][PASSED] - Text 'Sorry, I was unable to comprehend your intentions. I've displayed suggestion that might to relatable to your query' is set on object 'Object Repository/Input/textResponse'&#xD;
&#xD;
2021-03-01 18:27:54 - [TEST_STEP][PASSED] - platform.Method.clickOnElement(findTestObject("Button/save", ["value":"Save"])): platform.Method.clickOnElement is PASSED&#xD;
&#xD;
2021-03-01 18:27:56 - [MESSAGE][PASSED] - platform.Method.clickOnElement is PASSED&#xD;
&#xD;
2021-03-01 18:27:56 - [TEST_STEP][PASSED] - verifyElementNotPresent(findTestObject("Button/train"), 5, CONTINUE_ON_FAILURE): Web element with id: 'Object Repository/Button/train' located by 'By.xpath: //mat-icon[text()='sync' or text()='autorenew']' is not present after '5' second(s)&#xD;
&#xD;
2021-03-01 18:27:58 - [MESSAGE][PASSED] - Web element with id: 'Object Repository/Button/train' located by 'By.xpath: //mat-icon[text()='sync' or text()='autorenew']' is not present after '5' second(s)&#xD;
&#xD;
2021-03-01 18:27:58 - [TEST_STEP][PASSED] - platform.Method.clickOnElement(findTestObject("Button/preview")): platform.Method.clickOnElement is PASSED&#xD;
&#xD;
2021-03-01 18:28:01 - [MESSAGE][PASSED] - platform.Method.clickOnElement is PASSED&#xD;
&#xD;
2021-03-01 18:28:01 - [TEST_STEP][PASSED] - verifyElementText(findTestObject("Generic/botReponse", ["index":1]), welcomeMessage, CONTINUE_ON_FAILURE): Actual text and expected text of test object 'Object Repository/Generic/botReponse' are matched.&#xD;
&#xD;
2021-03-01 18:28:03 - [MESSAGE][PASSED] - Actual text and expected text of test object 'Object Repository/Generic/botReponse' are matched.&#xD;
&#xD;
2021-03-01 18:28:03 - [TEST_STEP][PASSED] - platform.Method.clickOnElement(findTestObject("GenericII/minimize")): platform.Method.clickOnElement is PASSED&#xD;
&#xD;
2021-03-01 18:28:06 - [MESSAGE][PASSED] - platform.Method.clickOnElement is PASSED&#xD;
&#xD;
2021-03-01 18:28:06 - [TEST_STEP][PASSED] - platform.Method.clickOnElement(findTestObject("Generic/imiLogo")): platform.Method.clickOnElement is PASSED&#xD;
&#xD;
2021-03-01 18:28:08 - [MESSAGE][PASSED] - platform.Method.clickOnElement is PASSED&#xD;
&#xD;
2021-03-01 18:28:08 - [TEST_STEP][PASSED] - comment("################"): ################&#xD;
&#xD;
2021-03-01 18:28:08 - [MESSAGE][INFO] - ################&#xD;
&#xD;
2021-03-01 18:28:08 - [TEST_STEP][PASSED] - Start listener action : write: null&#xD;
&#xD;
2021-03-01 18:28:08 - [TEST_STEP][PASSED] - if (getTestCaseStatus().contentEquals("PASSED")): null&#xD;
&#xD;
2021-03-01 18:28:09 - [TEST_STEP][PASSED] - extentTest.log(PASS, MarkupHelper.createLabel(testCaseContext.getTestCaseId(), GREEN)): null</system-out>
            <system-err></system-err>
        </testcase>
        <testcase name="Test Cases/FAQ_SSO/botCardMenuWithFallbackMessage_Test" classname="Test Cases/FAQ_SSO/botCardMenuWithFallbackMessage_Test" status="PASSED">
            <system-out>2021-03-01 18:28:09 - [TEST_CASE][PASSED] - Test Cases/FAQ_SSO/botCardMenuWithFallbackMessage_Test: Test Cases/FAQ_SSO/botCardMenuWithFallbackMessage_Test&#xD;
&#xD;
2021-03-01 18:28:10 - [TEST_STEP][PASSED] - Start listener action : create: null&#xD;
&#xD;
2021-03-01 18:28:10 - [TEST_STEP][PASSED] - extentTest = extentReport.createTest(testCaseContext.getTestCaseId()): null&#xD;
&#xD;
2021-03-01 18:28:11 - [TEST_STEP][PASSED] - waitForElementVisible(findTestObject("Button/createBot"), 20, OPTIONAL): Object 'Object Repository/Button/createBot' is visible&#xD;
&#xD;
2021-03-01 18:28:24 - [MESSAGE][PASSED] - Object 'Object Repository/Button/createBot' is visible&#xD;
&#xD;
2021-03-01 18:28:24 - [TEST_STEP][PASSED] - botCardOptions = platform.Method.verifyBotCardMenu("Q&amp;A bots", FAQ_BOT): platform.Method.verifyBotCardMenu is PASSED&#xD;
&#xD;
2021-03-01 18:28:31 - [MESSAGE][PASSED] - Object 'Object Repository/Button/botCardPreview' is present&#xD;
&#xD;
2021-03-01 18:28:33 - [MESSAGE][PASSED] - Object: 'Object Repository/Button/botCardMenu' is hovered&#xD;
&#xD;
2021-03-01 18:28:42 - [MESSAGE][PASSED] - platform.Method.verifyBotCardMenu is PASSED&#xD;
&#xD;
2021-03-01 18:28:42 - [TEST_STEP][PASSED] - verifyElementPresent(findTestObject("Generic/webObjectWithText", ["textValue":"Copy Preview Link"]), 5, STOP_ON_FAILURE): Object 'Object Repository/Generic/webObjectWithText' is present&#xD;
&#xD;
2021-03-01 18:28:43 - [MESSAGE][PASSED] - Object 'Object Repository/Generic/webObjectWithText' is present&#xD;
&#xD;
2021-03-01 18:28:43 - [TEST_STEP][PASSED] - assert botCardOptions.containsAll(BOT_CARD_OPTION) == true: null&#xD;
&#xD;
2021-03-01 18:28:43 - [TEST_STEP][PASSED] - platform.Response.clickOnElement(findTestObject("Generic/webObjectWithText", ["textValue":FAQ_BOT])): platform.Response.clickOnElement is PASSED&#xD;
&#xD;
2021-03-01 18:28:47 - [MESSAGE][PASSED] - platform.Response.clickOnElement is PASSED&#xD;
&#xD;
2021-03-01 18:28:47 - [TEST_STEP][PASSED] - platform.Response.clickOnElement(findTestObject("Button/preview")): platform.Response.clickOnElement is PASSED&#xD;
&#xD;
2021-03-01 18:28:50 - [MESSAGE][PASSED] - platform.Response.clickOnElement is PASSED&#xD;
&#xD;
2021-03-01 18:28:50 - [TEST_STEP][PASSED] - sendKeys(findTestObject("Input/chatInput"), Keys.chord(userQuery, ENTER)): Keys 'ENTER + show last transaction receipt' sent to object: 'Object Repository/Input/chatInput'&#xD;
&#xD;
2021-03-01 18:28:53 - [MESSAGE][PASSED] - Keys 'ENTER + show last transaction receipt' sent to object: 'Object Repository/Input/chatInput'&#xD;
&#xD;
2021-03-01 18:28:53 - [TEST_STEP][PASSED] - waitForElementPresent(findTestObject("Generic/botReponse", ["index":2]), 20, OPTIONAL): Object 'Object Repository/Generic/botReponse' is present&#xD;
&#xD;
2021-03-01 18:28:56 - [MESSAGE][PASSED] - Object 'Object Repository/Generic/botReponse' is present&#xD;
&#xD;
2021-03-01 18:28:56 - [TEST_STEP][PASSED] - verifyElementText(findTestObject("Generic/botReponse", ["index":2]), botResponse, OPTIONAL): Actual text and expected text of test object 'Object Repository/Generic/botReponse' are matched.&#xD;
&#xD;
2021-03-01 18:28:58 - [MESSAGE][PASSED] - Actual text and expected text of test object 'Object Repository/Generic/botReponse' are matched.&#xD;
&#xD;
2021-03-01 18:28:58 - [TEST_STEP][PASSED] - getRoomIdAt = new java.util.ArrayList(): null&#xD;
&#xD;
2021-03-01 18:28:58 - [TEST_STEP][PASSED] - getRoomIdAt = platform.Utility.getRoomID(): platform.Utility.getRoomID is PASSED&#xD;
&#xD;
2021-03-01 18:29:05 - [MESSAGE][PASSED] - platform.Utility.getRoomID is PASSED&#xD;
&#xD;
2021-03-01 18:29:05 - [TEST_STEP][PASSED] - platform.Utility.overWriteTestData(sheetName, rowNumber, cellNumber, get(0).toString()): platform.Utility.overWriteTestData is PASSED&#xD;
&#xD;
2021-03-01 18:29:08 - [MESSAGE][PASSED] - platform.Utility.overWriteTestData is PASSED&#xD;
&#xD;
2021-03-01 18:29:08 - [TEST_STEP][PASSED] - platform.Response.clickOnElement(findTestObject("GenericII/minimize")): platform.Response.clickOnElement is PASSED&#xD;
&#xD;
2021-03-01 18:29:10 - [MESSAGE][PASSED] - platform.Response.clickOnElement is PASSED&#xD;
&#xD;
2021-03-01 18:29:10 - [TEST_STEP][PASSED] - Start listener action : write: null&#xD;
&#xD;
2021-03-01 18:29:10 - [TEST_STEP][PASSED] - if (getTestCaseStatus().contentEquals("PASSED")): null&#xD;
&#xD;
2021-03-01 18:29:10 - [TEST_STEP][PASSED] - extentTest.log(PASS, MarkupHelper.createLabel(testCaseContext.getTestCaseId(), GREEN)): null</system-out>
            <system-err></system-err>
        </testcase>
        <testcase name="Test Cases/FAQ_SSO/importArticlesFromCsv_Test" classname="Test Cases/FAQ_SSO/importArticlesFromCsv_Test" status="PASSED">
            <system-out>2021-03-01 18:29:10 - [TEST_CASE][PASSED] - Test Cases/FAQ_SSO/importArticlesFromCsv_Test: Test Cases/FAQ_SSO/importArticlesFromCsv_Test&#xD;
&#xD;
2021-03-01 18:29:11 - [TEST_STEP][PASSED] - Start listener action : create: null&#xD;
&#xD;
2021-03-01 18:29:11 - [TEST_STEP][PASSED] - extentTest = extentReport.createTest(testCaseContext.getTestCaseId()): null&#xD;
&#xD;
2021-03-01 18:29:11 - [TEST_STEP][PASSED] - platform.Method.clickOnElement(findTestObject("Generic/articles")): platform.Method.clickOnElement is PASSED&#xD;
&#xD;
2021-03-01 18:29:14 - [MESSAGE][PASSED] - platform.Method.clickOnElement is PASSED&#xD;
&#xD;
2021-03-01 18:29:14 - [TEST_STEP][PASSED] - platform.Articles.selectFromKebabMenu(findTestObject("Button/importIcon"), "Import From CSV"): platform.Articles.selectFromKebabMenu is PASSED&#xD;
&#xD;
2021-03-01 18:29:16 - [MESSAGE][PASSED] - Object 'Object Repository/Button/kebabMenu' is clickable&#xD;
&#xD;
2021-03-01 18:29:18 - [MESSAGE][INFO] - Selected value: Import From CSV&#xD;
&#xD;
2021-03-01 18:29:21 - [MESSAGE][PASSED] - platform.Articles.selectFromKebabMenu is PASSED&#xD;
&#xD;
2021-03-01 18:29:21 - [TEST_STEP][PASSED] - platform.Method.uploadCsvFile(false, fileName): platform.Method.uploadCsvFile is PASSED&#xD;
&#xD;
2021-03-01 18:29:21 - [MESSAGE][INFO] - PREVIOUS DATA NOT BE OVERRIDDEN&#xD;
&#xD;
2021-03-01 18:29:23 - [MESSAGE][PASSED] - File 'D:/2021/IMIbot.ai-Project/Collection/DefaultBankFAQ.csv' sent to object: 'Object Repository/Input/uploadFile'&#xD;
&#xD;
2021-03-01 18:29:25 - [MESSAGE][PASSED] - platform.Method.uploadCsvFile is PASSED&#xD;
&#xD;
2021-03-01 18:29:25 - [TEST_STEP][PASSED] - platform.Method.trainAndComment(comment): platform.Method.trainAndComment is PASSED&#xD;
&#xD;
2021-03-01 18:29:34 - [MESSAGE][PASSED] - Keys 'Post upload train' sent to object: 'Object Repository/Input/comment'&#xD;
&#xD;
2021-03-01 18:29:36 - [MESSAGE][PASSED] - platform.Method.trainAndComment is PASSED&#xD;
&#xD;
2021-03-01 18:29:36 - [TEST_STEP][PASSED] - waitForElementPresent(findTestObject("ICONS/toastMsg"), 20, STOP_ON_FAILURE): Object 'Object Repository/ICONS/toastMsg' is present&#xD;
&#xD;
2021-03-01 18:29:42 - [MESSAGE][PASSED] - Object 'Object Repository/ICONS/toastMsg' is present&#xD;
&#xD;
2021-03-01 18:29:42 - [TEST_STEP][PASSED] - platform.Response.clickOnElement(findTestObject("Button/preview")): platform.Response.clickOnElement is PASSED&#xD;
&#xD;
2021-03-01 18:29:44 - [MESSAGE][PASSED] - platform.Response.clickOnElement is PASSED&#xD;
&#xD;
2021-03-01 18:29:44 - [TEST_STEP][PASSED] - waitForElementPresent(findTestObject("Input/chatInput"), 5, OPTIONAL): Object 'Object Repository/Input/chatInput' is present&#xD;
&#xD;
2021-03-01 18:29:46 - [MESSAGE][PASSED] - Object 'Object Repository/Input/chatInput' is present&#xD;
&#xD;
2021-03-01 18:29:46 - [TEST_STEP][PASSED] - sendKeys(findTestObject("Input/chatInput"), Keys.chord(userQuery, ENTER)): Keys 'ENTER + How do I report fraud?' sent to object: 'Object Repository/Input/chatInput'&#xD;
&#xD;
2021-03-01 18:29:49 - [MESSAGE][PASSED] - Keys 'ENTER + How do I report fraud?' sent to object: 'Object Repository/Input/chatInput'&#xD;
&#xD;
2021-03-01 18:29:49 - [TEST_STEP][PASSED] - delay(1): Delayed 1 second(s)&#xD;
&#xD;
2021-03-01 18:29:50 - [MESSAGE][PASSED] - Delayed 1 second(s)&#xD;
&#xD;
2021-03-01 18:29:50 - [TEST_STEP][PASSED] - platform.Preview.verifyBotResponse(stringToCheck): YOUR TEXT HAS A MATCH&#xD;
&#xD;
2021-03-01 18:29:53 - [MESSAGE][PASSED] - Delayed 3 second(s)&#xD;
&#xD;
2021-03-01 18:29:57 - [MESSAGE][PASSED] - YOUR TEXT HAS A MATCH&#xD;
&#xD;
2021-03-01 18:29:57 - [TEST_STEP][PASSED] - platform.Response.clickOnElement(findTestObject("GenericII/minimize")): platform.Response.clickOnElement is PASSED&#xD;
&#xD;
2021-03-01 18:30:00 - [MESSAGE][PASSED] - platform.Response.clickOnElement is PASSED&#xD;
&#xD;
2021-03-01 18:30:00 - [TEST_STEP][PASSED] - Start listener action : write: null&#xD;
&#xD;
2021-03-01 18:30:00 - [TEST_STEP][PASSED] - if (getTestCaseStatus().contentEquals("PASSED")): null&#xD;
&#xD;
2021-03-01 18:30:00 - [TEST_STEP][PASSED] - extentTest.log(PASS, MarkupHelper.createLabel(testCaseContext.getTestCaseId(), GREEN)): null</system-out>
            <system-err></system-err>
        </testcase>
        <testcase name="Test Cases/FAQ_SSO/extractArticleFromExternalLink_Test" classname="Test Cases/FAQ_SSO/extractArticleFromExternalLink_Test" status="PASSED">
            <system-out>2021-03-01 18:30:00 - [TEST_CASE][PASSED] - Test Cases/FAQ_SSO/extractArticleFromExternalLink_Test: Test Cases/FAQ_SSO/extractArticleFromExternalLink_Test&#xD;
&#xD;
2021-03-01 18:30:00 - [TEST_STEP][PASSED] - Start listener action : create: null&#xD;
&#xD;
2021-03-01 18:30:00 - [TEST_STEP][PASSED] - extentTest = extentReport.createTest(testCaseContext.getTestCaseId()): null&#xD;
&#xD;
2021-03-01 18:30:01 - [TEST_STEP][PASSED] - platform.Method.clickOnElement(findTestObject("Generic/articles")): platform.Method.clickOnElement is PASSED&#xD;
&#xD;
2021-03-01 18:30:03 - [MESSAGE][PASSED] - platform.Method.clickOnElement is PASSED&#xD;
&#xD;
2021-03-01 18:30:03 - [TEST_STEP][PASSED] - platform.Articles.selectFromKebabMenu(findTestObject("Button/extractExtLink"), "Extract from external link"): platform.Articles.selectFromKebabMenu is PASSED&#xD;
&#xD;
2021-03-01 18:30:05 - [MESSAGE][PASSED] - Object 'Object Repository/Button/kebabMenu' is clickable&#xD;
&#xD;
2021-03-01 18:30:08 - [MESSAGE][INFO] - Selected value: Extract from external link&#xD;
&#xD;
2021-03-01 18:30:10 - [MESSAGE][PASSED] - platform.Articles.selectFromKebabMenu is PASSED&#xD;
&#xD;
2021-03-01 18:30:10 - [TEST_STEP][PASSED] - verifyElementHasAttribute(findTestObject("Button/extract"), "disabled", 10, STOP_ON_FAILURE): Object 'Object Repository/Button/extract' has attribute 'disabled'&#xD;
&#xD;
2021-03-01 18:30:13 - [MESSAGE][PASSED] - Object 'Object Repository/Button/extract' has attribute 'disabled'&#xD;
&#xD;
2021-03-01 18:30:13 - [TEST_STEP][PASSED] - sendKeys(findTestObject("Input/extractLink"), EXTERNAL_LINK): Keys 'https://experience.imiconnect.io/faqs/' sent to object: 'Object Repository/Input/extractLink'&#xD;
&#xD;
2021-03-01 18:30:15 - [MESSAGE][PASSED] - Keys 'https://experience.imiconnect.io/faqs/' sent to object: 'Object Repository/Input/extractLink'&#xD;
&#xD;
2021-03-01 18:30:15 - [TEST_STEP][PASSED] - platform.Method.clickOnElement(findTestObject("Button/extract")): platform.Method.clickOnElement is PASSED&#xD;
&#xD;
2021-03-01 18:30:17 - [MESSAGE][PASSED] - platform.Method.clickOnElement is PASSED&#xD;
&#xD;
2021-03-01 18:30:17 - [TEST_STEP][PASSED] - check(findTestObject("Generic/articleCheckbox", ["index":1])): Object 'Object Repository/Generic/articleCheckbox' is checked&#xD;
&#xD;
2021-03-01 18:30:24 - [MESSAGE][PASSED] - Object 'Object Repository/Generic/articleCheckbox' is checked&#xD;
&#xD;
2021-03-01 18:30:24 - [TEST_STEP][PASSED] - check(findTestObject("Generic/articleCheckbox", ["index":3])): Object 'Object Repository/Generic/articleCheckbox' is checked&#xD;
&#xD;
2021-03-01 18:30:28 - [MESSAGE][PASSED] - Object 'Object Repository/Generic/articleCheckbox' is checked&#xD;
&#xD;
2021-03-01 18:30:28 - [TEST_STEP][PASSED] - check(findTestObject("Generic/articleCheckbox", ["index":5])): Object 'Object Repository/Generic/articleCheckbox' is checked&#xD;
&#xD;
2021-03-01 18:30:31 - [MESSAGE][PASSED] - Object 'Object Repository/Generic/articleCheckbox' is checked&#xD;
&#xD;
2021-03-01 18:30:31 - [TEST_STEP][PASSED] - testObject = modifyObjectProperty(findTestObject("Generic/header"), "xpath", "not equals", "//div[@class='heading' and contains(text(),'Detected FAQs')]", true): Modify property of object successfully&#xD;
&#xD;
2021-03-01 18:30:31 - [MESSAGE][PASSED] - Modify property of object successfully&#xD;
&#xD;
2021-03-01 18:30:31 - [TEST_STEP][PASSED] - getText().contains("3"): null&#xD;
&#xD;
2021-03-01 18:30:33 - [TEST_STEP][PASSED] - scrollToElement(findTestObject("Generic/webObjectWithText", ["textValue":"Import FAQs from link"]), 10): Scroll to object 'Object Repository/Generic/webObjectWithText' successfully&#xD;
&#xD;
2021-03-01 18:30:35 - [MESSAGE][PASSED] - Scroll to object 'Object Repository/Generic/webObjectWithText' successfully&#xD;
&#xD;
2021-03-01 18:30:35 - [TEST_STEP][PASSED] - check(findTestObject("Generic/allFaqCheckbox")): Object 'Object Repository/Generic/allFaqCheckbox' is checked&#xD;
&#xD;
2021-03-01 18:30:39 - [MESSAGE][PASSED] - Object 'Object Repository/Generic/allFaqCheckbox' is checked&#xD;
&#xD;
2021-03-01 18:30:39 - [TEST_STEP][PASSED] - getText().contains("10"): null&#xD;
&#xD;
2021-03-01 18:30:42 - [TEST_STEP][PASSED] - scrollToElement(findTestObject("Generic/faqImportBtn"), 10): Scroll to object 'Object Repository/Generic/faqImportBtn' successfully&#xD;
&#xD;
2021-03-01 18:30:44 - [MESSAGE][PASSED] - Scroll to object 'Object Repository/Generic/faqImportBtn' successfully&#xD;
&#xD;
2021-03-01 18:30:44 - [TEST_STEP][PASSED] - override = modifyObjectProperty(findTestObject("Toggle/override"), "xpath", "not equals", "//mat-slide-toggle[@formcontrolname='Override']//label/div", true, STOP_ON_FAILURE): Modify property of object successfully&#xD;
&#xD;
2021-03-01 18:30:44 - [MESSAGE][PASSED] - Modify property of object successfully&#xD;
&#xD;
2021-03-01 18:30:44 - [TEST_STEP][PASSED] - platform.Method.clickOnElement(override): platform.Method.clickOnElement is PASSED&#xD;
&#xD;
2021-03-01 18:30:46 - [MESSAGE][PASSED] - platform.Method.clickOnElement is PASSED&#xD;
&#xD;
2021-03-01 18:30:46 - [TEST_STEP][PASSED] - platform.Method.clickOnElement(findTestObject("Generic/faqImportBtn")): platform.Method.clickOnElement is PASSED&#xD;
&#xD;
2021-03-01 18:30:49 - [MESSAGE][PASSED] - platform.Method.clickOnElement is PASSED&#xD;
&#xD;
2021-03-01 18:30:49 - [TEST_STEP][PASSED] - verifyElementText(findTestObject("Generic/articleState"), "Saved", STOP_ON_FAILURE): Actual text and expected text of test object 'Object Repository/Generic/articleState' are matched.&#xD;
&#xD;
2021-03-01 18:30:52 - [MESSAGE][PASSED] - Actual text and expected text of test object 'Object Repository/Generic/articleState' are matched.&#xD;
&#xD;
2021-03-01 18:30:52 - [TEST_STEP][PASSED] - verifyElementPresent(findTestObject("Generic/nextPage"), 5, STOP_ON_FAILURE): Object 'Object Repository/Generic/nextPage' is present&#xD;
&#xD;
2021-03-01 18:30:53 - [MESSAGE][PASSED] - Object 'Object Repository/Generic/nextPage' is present&#xD;
&#xD;
2021-03-01 18:30:53 - [TEST_STEP][PASSED] - platform.Method.trainAndComment(comment): platform.Method.trainAndComment is PASSED&#xD;
&#xD;
2021-03-01 18:31:00 - [MESSAGE][PASSED] - Keys 'Post extraction train' sent to object: 'Object Repository/Input/comment'&#xD;
&#xD;
2021-03-01 18:31:02 - [MESSAGE][PASSED] - platform.Method.trainAndComment is PASSED&#xD;
&#xD;
2021-03-01 18:31:02 - [TEST_STEP][PASSED] - waitForElementPresent(findTestObject("ICONS/toastMsg"), 20, STOP_ON_FAILURE): Object 'Object Repository/ICONS/toastMsg' is present&#xD;
&#xD;
2021-03-01 18:31:10 - [MESSAGE][PASSED] - Object 'Object Repository/ICONS/toastMsg' is present&#xD;
&#xD;
2021-03-01 18:31:10 - [TEST_STEP][PASSED] - platform.Method.clickOnElement(findTestObject("Button/preview")): platform.Method.clickOnElement is PASSED&#xD;
&#xD;
2021-03-01 18:31:12 - [MESSAGE][PASSED] - platform.Method.clickOnElement is PASSED&#xD;
&#xD;
2021-03-01 18:31:12 - [TEST_STEP][PASSED] - waitForElementPresent(findTestObject("Input/chatInput"), 10, STOP_ON_FAILURE): Object 'Object Repository/Input/chatInput' is present&#xD;
&#xD;
2021-03-01 18:31:14 - [MESSAGE][PASSED] - Object 'Object Repository/Input/chatInput' is present&#xD;
&#xD;
2021-03-01 18:31:14 - [TEST_STEP][PASSED] - platform.Preview.verifyBotTextResponse(userQuery, 2, strCheck): platform.Preview.verifyBotTextResponse is PASSED&#xD;
&#xD;
2021-03-01 18:31:17 - [MESSAGE][PASSED] - Keys 'ENTER + How can I view my transactions?' sent to object: 'Object Repository/Input/chatInput'&#xD;
&#xD;
2021-03-01 18:31:18 - [MESSAGE][PASSED] - Object 'Object Repository/GenericII/getBotResponse' is present&#xD;
&#xD;
2021-03-01 18:31:20 - [MESSAGE][PASSED] - Actual text and expected text of test object 'Object Repository/GenericII/getBotResponse' are matched.&#xD;
&#xD;
2021-03-01 18:31:20 - [MESSAGE][PASSED] - platform.Preview.verifyBotTextResponse is PASSED&#xD;
&#xD;
2021-03-01 18:31:20 - [TEST_STEP][PASSED] - platform.Response.clickOnElement(findTestObject("GenericII/minimize")): platform.Response.clickOnElement is PASSED&#xD;
&#xD;
2021-03-01 18:31:22 - [MESSAGE][PASSED] - platform.Response.clickOnElement is PASSED&#xD;
&#xD;
2021-03-01 18:31:22 - [TEST_STEP][PASSED] - Start listener action : write: null&#xD;
&#xD;
2021-03-01 18:31:22 - [TEST_STEP][PASSED] - if (getTestCaseStatus().contentEquals("PASSED")): null&#xD;
&#xD;
2021-03-01 18:31:22 - [TEST_STEP][PASSED] - extentTest.log(PASS, MarkupHelper.createLabel(testCaseContext.getTestCaseId(), GREEN)): null</system-out>
            <system-err></system-err>
        </testcase>
        <testcase name="Test Cases/FAQ_SSO/searchArticle_Test" classname="Test Cases/FAQ_SSO/searchArticle_Test" status="PASSED">
            <system-out>2021-03-01 18:31:22 - [TEST_CASE][PASSED] - Test Cases/FAQ_SSO/searchArticle_Test: Test Cases/FAQ_SSO/searchArticle_Test&#xD;
&#xD;
2021-03-01 18:31:22 - [TEST_STEP][PASSED] - Start listener action : create: null&#xD;
&#xD;
2021-03-01 18:31:22 - [TEST_STEP][PASSED] - extentTest = extentReport.createTest(testCaseContext.getTestCaseId()): null&#xD;
&#xD;
2021-03-01 18:31:23 - [TEST_STEP][PASSED] - sendKeys(findTestObject("Input/searchForQuestion"), searchQuestion): Keys 'how can you help?' sent to object: 'Object Repository/Input/searchForQuestion'&#xD;
&#xD;
2021-03-01 18:31:26 - [MESSAGE][PASSED] - Keys 'how can you help?' sent to object: 'Object Repository/Input/searchForQuestion'&#xD;
&#xD;
2021-03-01 18:31:26 - [TEST_STEP][PASSED] - platform.Method.clickOnElement(findTestObject("Generic/searchResult")): platform.Method.clickOnElement is PASSED&#xD;
&#xD;
2021-03-01 18:31:29 - [MESSAGE][PASSED] - platform.Method.clickOnElement is PASSED&#xD;
&#xD;
2021-03-01 18:31:29 - [TEST_STEP][PASSED] - firstQuestion = findWebElement(findTestObject("Generic/header"), 10).getText(): null&#xD;
&#xD;
2021-03-01 18:31:31 - [TEST_STEP][PASSED] - setText(findTestObject("Input/searchForQuestion"), newSearchQuestion): Text 'suspected fraud' is set on object 'Object Repository/Input/searchForQuestion'&#xD;
&#xD;
2021-03-01 18:31:34 - [MESSAGE][PASSED] - Text 'suspected fraud' is set on object 'Object Repository/Input/searchForQuestion'&#xD;
&#xD;
2021-03-01 18:31:34 - [TEST_STEP][PASSED] - platform.Method.clickOnElement(findTestObject("Generic/searchResult")): platform.Method.clickOnElement is PASSED&#xD;
&#xD;
2021-03-01 18:31:37 - [MESSAGE][PASSED] - platform.Method.clickOnElement is PASSED&#xD;
&#xD;
2021-03-01 18:31:37 - [TEST_STEP][PASSED] - newFirstQuestion = findWebElement(findTestObject("Generic/header"), 10).getText(): null&#xD;
&#xD;
2021-03-01 18:31:39 - [TEST_STEP][PASSED] - assert firstQuestion.equalsIgnoreCase(newFirstQuestion) == false: null&#xD;
&#xD;
2021-03-01 18:31:39 - [TEST_STEP][PASSED] - clearText(findTestObject("Input/searchForQuestion")): Text of object 'Object Repository/Input/searchForQuestion' is cleared&#xD;
&#xD;
2021-03-01 18:31:41 - [MESSAGE][PASSED] - Text of object 'Object Repository/Input/searchForQuestion' is cleared&#xD;
&#xD;
2021-03-01 18:31:41 - [TEST_STEP][PASSED] - Start listener action : write: null&#xD;
&#xD;
2021-03-01 18:31:41 - [TEST_STEP][PASSED] - if (getTestCaseStatus().contentEquals("PASSED")): null&#xD;
&#xD;
2021-03-01 18:31:41 - [TEST_STEP][PASSED] - extentTest.log(PASS, MarkupHelper.createLabel(testCaseContext.getTestCaseId(), GREEN)): null</system-out>
            <system-err></system-err>
        </testcase>
        <testcase name="Test Cases/FAQ_SSO/downvoteWithComment_Test" classname="Test Cases/FAQ_SSO/downvoteWithComment_Test" status="PASSED">
            <system-out>2021-03-01 18:31:41 - [TEST_CASE][PASSED] - Test Cases/FAQ_SSO/downvoteWithComment_Test: Test Cases/FAQ_SSO/downvoteWithComment_Test&#xD;
&#xD;
2021-03-01 18:31:43 - [TEST_STEP][PASSED] - Start listener action : create: null&#xD;
&#xD;
2021-03-01 18:31:43 - [TEST_STEP][PASSED] - extentTest = extentReport.createTest(testCaseContext.getTestCaseId()): null&#xD;
&#xD;
2021-03-01 18:31:43 - [TEST_STEP][PASSED] - platform.Method.clickOnElement(findTestObject("Generic/articles")): platform.Method.clickOnElement is PASSED&#xD;
&#xD;
2021-03-01 18:31:45 - [MESSAGE][PASSED] - platform.Method.clickOnElement is PASSED&#xD;
&#xD;
2021-03-01 18:31:45 - [TEST_STEP][PASSED] - platform.Method.clickOnElement(findTestObject("Button/preview")): platform.Method.clickOnElement is PASSED&#xD;
&#xD;
2021-03-01 18:31:48 - [MESSAGE][PASSED] - platform.Method.clickOnElement is PASSED&#xD;
&#xD;
2021-03-01 18:31:48 - [TEST_STEP][PASSED] - waitForElementPresent(findTestObject("Input/chatInput"), 20, STOP_ON_FAILURE): Object 'Object Repository/Input/chatInput' is present&#xD;
&#xD;
2021-03-01 18:31:49 - [MESSAGE][PASSED] - Object 'Object Repository/Input/chatInput' is present&#xD;
&#xD;
2021-03-01 18:31:49 - [TEST_STEP][PASSED] - sendKeys(findTestObject("Input/chatInput"), Keys.chord(userQuery, ENTER)): Keys 'ENTER + what is loyalty program?' sent to object: 'Object Repository/Input/chatInput'&#xD;
&#xD;
2021-03-01 18:31:52 - [MESSAGE][PASSED] - Keys 'ENTER + what is loyalty program?' sent to object: 'Object Repository/Input/chatInput'&#xD;
&#xD;
2021-03-01 18:31:52 - [TEST_STEP][PASSED] - verifyElementText(findTestObject("Generic/botReponse", ["index":2]), botResponse, OPTIONAL): Actual text and expected text of test object 'Object Repository/Generic/botReponse' are matched.&#xD;
&#xD;
2021-03-01 18:31:56 - [MESSAGE][PASSED] - Actual text and expected text of test object 'Object Repository/Generic/botReponse' are matched.&#xD;
&#xD;
2021-03-01 18:31:56 - [TEST_STEP][PASSED] - platform.Preview.downvoteResponseWithComment(downvoteComment): platform.Preview.downvoteResponseWithComment is PASSED&#xD;
&#xD;
2021-03-01 18:31:58 - [MESSAGE][PASSED] - Object: 'Object Repository/Button/downvote' is clicked on&#xD;
&#xD;
2021-03-01 18:32:01 - [MESSAGE][PASSED] - Keys 'Bot response doesn't answer my query' sent to object: 'Object Repository/Input/downvoteComment'&#xD;
&#xD;
2021-03-01 18:32:03 - [MESSAGE][PASSED] - platform.Preview.downvoteResponseWithComment is PASSED&#xD;
&#xD;
2021-03-01 18:32:03 - [TEST_STEP][PASSED] - getRoomIdAt = new java.util.ArrayList(): null&#xD;
&#xD;
2021-03-01 18:32:03 - [TEST_STEP][PASSED] - getRoomIdAt = platform.Utility.getRoomID(): platform.Utility.getRoomID is PASSED&#xD;
&#xD;
2021-03-01 18:32:13 - [MESSAGE][PASSED] - platform.Utility.getRoomID is PASSED&#xD;
&#xD;
2021-03-01 18:32:13 - [TEST_STEP][PASSED] - roomID = get(0).toString(): null&#xD;
&#xD;
2021-03-01 18:32:13 - [TEST_STEP][PASSED] - platform.Utility.overWriteTestData(sheetName, rowNumber, cellNumber, roomID): platform.Utility.overWriteTestData is PASSED&#xD;
&#xD;
2021-03-01 18:32:13 - [MESSAGE][PASSED] - platform.Utility.overWriteTestData is PASSED&#xD;
&#xD;
2021-03-01 18:32:13 - [TEST_STEP][PASSED] - platform.Method.clickOnElement(findTestObject("Generic/session")): platform.Method.clickOnElement is PASSED&#xD;
&#xD;
2021-03-01 18:32:16 - [MESSAGE][PASSED] - platform.Method.clickOnElement is PASSED&#xD;
&#xD;
2021-03-01 18:32:16 - [TEST_STEP][PASSED] - platform.Method.clickOnElement(findTestObject("GenericII/minimize")): platform.Method.clickOnElement is PASSED&#xD;
&#xD;
2021-03-01 18:32:18 - [MESSAGE][PASSED] - platform.Method.clickOnElement is PASSED&#xD;
&#xD;
2021-03-01 18:32:18 - [TEST_STEP][PASSED] - waitForElementClickable(findTestObject("Input/roomID", ["value":"id"]), 20, OPTIONAL): Object 'Object Repository/Input/roomID' is clickable&#xD;
&#xD;
2021-03-01 18:32:21 - [MESSAGE][PASSED] - Object 'Object Repository/Input/roomID' is clickable&#xD;
&#xD;
2021-03-01 18:32:21 - [TEST_STEP][PASSED] - setText(findTestObject("Input/roomID", ["value":"id"]), roomID, OPTIONAL): Text '214318' is set on object 'Object Repository/Input/roomID'&#xD;
&#xD;
2021-03-01 18:32:24 - [MESSAGE][PASSED] - Text '214318' is set on object 'Object Repository/Input/roomID'&#xD;
&#xD;
2021-03-01 18:32:24 - [TEST_STEP][PASSED] - platform.Method.clickOnElement(findTestObject("Button/submitSession")): platform.Method.clickOnElement is PASSED&#xD;
&#xD;
2021-03-01 18:32:27 - [MESSAGE][PASSED] - platform.Method.clickOnElement is PASSED&#xD;
&#xD;
2021-03-01 18:32:27 - [TEST_STEP][PASSED] - waitForElementPresent(findTestObject("Generic/webObjectWithText", ["textValue":roomID]), 10): Object 'Object Repository/Generic/webObjectWithText' is present&#xD;
&#xD;
2021-03-01 18:32:28 - [MESSAGE][PASSED] - Object 'Object Repository/Generic/webObjectWithText' is present&#xD;
&#xD;
2021-03-01 18:32:28 - [TEST_STEP][PASSED] - platform.Method.clickOnElement(findTestObject("Generic/webObjectWithText", ["textValue":roomID])): platform.Method.clickOnElement is PASSED&#xD;
&#xD;
2021-03-01 18:32:30 - [MESSAGE][PASSED] - platform.Method.clickOnElement is PASSED&#xD;
&#xD;
2021-03-01 18:32:30 - [TEST_STEP][PASSED] - mouseOver(findTestObject("Generic/webObjectWithText", ["textValue":"Downvoted with comment"])): Object: 'Object Repository/Generic/webObjectWithText' is hovered&#xD;
&#xD;
2021-03-01 18:32:34 - [MESSAGE][PASSED] - Object: 'Object Repository/Generic/webObjectWithText' is hovered&#xD;
&#xD;
2021-03-01 18:32:34 - [TEST_STEP][PASSED] - platform.Method.clickOnElement(findTestObject("Generic/webObjectWithText", ["textValue":"Downvoted with comment"])): platform.Method.clickOnElement is PASSED&#xD;
&#xD;
2021-03-01 18:32:36 - [MESSAGE][PASSED] - platform.Method.clickOnElement is PASSED&#xD;
&#xD;
2021-03-01 18:32:36 - [TEST_STEP][PASSED] - platform.Method.clickOnElement(findTestObject("GenericII/closePopup")): platform.Method.clickOnElement is PASSED&#xD;
&#xD;
2021-03-01 18:32:39 - [MESSAGE][PASSED] - platform.Method.clickOnElement is PASSED&#xD;
&#xD;
2021-03-01 18:32:39 - [TEST_STEP][PASSED] - Start listener action : write: null&#xD;
&#xD;
2021-03-01 18:32:39 - [TEST_STEP][PASSED] - if (getTestCaseStatus().contentEquals("PASSED")): null&#xD;
&#xD;
2021-03-01 18:32:39 - [TEST_STEP][PASSED] - extentTest.log(PASS, MarkupHelper.createLabel(testCaseContext.getTestCaseId(), GREEN)): null</system-out>
            <system-err></system-err>
        </testcase>
        <testcase name="Test Cases/FAQ_SSO/addToCurationFromSessions_Test" classname="Test Cases/FAQ_SSO/addToCurationFromSessions_Test" status="PASSED">
            <system-out>2021-03-01 18:32:39 - [TEST_CASE][PASSED] - Test Cases/FAQ_SSO/addToCurationFromSessions_Test: Test Cases/FAQ_SSO/addToCurationFromSessions_Test&#xD;
&#xD;
2021-03-01 18:32:39 - [TEST_STEP][PASSED] - Start listener action : create: null&#xD;
&#xD;
2021-03-01 18:32:39 - [TEST_STEP][PASSED] - extentTest = extentReport.createTest(testCaseContext.getTestCaseId()): null&#xD;
&#xD;
2021-03-01 18:32:40 - [TEST_STEP][PASSED] - platform.Method.clickOnElement(findTestObject("Generic/articles")): platform.Method.clickOnElement is PASSED&#xD;
&#xD;
2021-03-01 18:32:42 - [MESSAGE][PASSED] - platform.Method.clickOnElement is PASSED&#xD;
&#xD;
2021-03-01 18:32:42 - [TEST_STEP][PASSED] - platform.Method.trainAndComment(comment): platform.Method.trainAndComment is PASSED&#xD;
&#xD;
2021-03-01 18:32:49 - [MESSAGE][INFO] - Unable to find the element located by 'By.xpath: //mat-icon[text()='sync' or text()='autorenew']'. Please recheck the objects properties to make sure the desired element is located. &#xD;
&#xD;
2021-03-01 18:32:49 - [MESSAGE][INFO] - BOT STATE IS TRAINED&#xD;
&#xD;
2021-03-01 18:32:49 - [MESSAGE][PASSED] - platform.Method.trainAndComment is PASSED&#xD;
&#xD;
2021-03-01 18:32:49 - [TEST_STEP][PASSED] - platform.Method.clickOnElement(findTestObject("Generic/session")): platform.Method.clickOnElement is PASSED&#xD;
&#xD;
2021-03-01 18:32:52 - [MESSAGE][PASSED] - platform.Method.clickOnElement is PASSED&#xD;
&#xD;
2021-03-01 18:32:52 - [TEST_STEP][PASSED] - platform.Method.clickOnElement(findTestObject("Button/preview")): platform.Method.clickOnElement is PASSED&#xD;
&#xD;
2021-03-01 18:32:54 - [MESSAGE][PASSED] - platform.Method.clickOnElement is PASSED&#xD;
&#xD;
2021-03-01 18:32:54 - [TEST_STEP][PASSED] - sendKeys(findTestObject("Input/chatInput"), Keys.chord(userQuery, ENTER)): Keys 'ENTER + How balance transfer works in credit card?' sent to object: 'Object Repository/Input/chatInput'&#xD;
&#xD;
2021-03-01 18:32:57 - [MESSAGE][PASSED] - Keys 'ENTER + How balance transfer works in credit card?' sent to object: 'Object Repository/Input/chatInput'&#xD;
&#xD;
2021-03-01 18:32:57 - [TEST_STEP][PASSED] - getRoomIdAt = new java.util.ArrayList(): null&#xD;
&#xD;
2021-03-01 18:32:57 - [TEST_STEP][PASSED] - getRoomIdAt = platform.Utility.getRoomID(): platform.Utility.getRoomID is PASSED&#xD;
&#xD;
2021-03-01 18:33:08 - [MESSAGE][PASSED] - platform.Utility.getRoomID is PASSED&#xD;
&#xD;
2021-03-01 18:33:08 - [TEST_STEP][PASSED] - platform.Method.clickOnElement(findTestObject("GenericII/minimize")): platform.Method.clickOnElement is PASSED&#xD;
&#xD;
2021-03-01 18:33:10 - [MESSAGE][PASSED] - platform.Method.clickOnElement is PASSED&#xD;
&#xD;
2021-03-01 18:33:10 - [TEST_STEP][PASSED] - roomID = get(0).toString(): null&#xD;
&#xD;
2021-03-01 18:33:10 - [TEST_STEP][PASSED] - platform.Utility.overWriteTestData(sheetName, rowNumber, cellNumber, roomID): platform.Utility.overWriteTestData is PASSED&#xD;
&#xD;
2021-03-01 18:33:11 - [MESSAGE][PASSED] - platform.Utility.overWriteTestData is PASSED&#xD;
&#xD;
2021-03-01 18:33:11 - [TEST_STEP][PASSED] - setText(findTestObject("Input/roomID", ["value":"id"]), roomID): Text '214319' is set on object 'Object Repository/Input/roomID'&#xD;
&#xD;
2021-03-01 18:33:14 - [MESSAGE][PASSED] - Text '214319' is set on object 'Object Repository/Input/roomID'&#xD;
&#xD;
2021-03-01 18:33:14 - [TEST_STEP][PASSED] - platform.Method.clickOnElement(findTestObject("Button/submitSession")): platform.Method.clickOnElement is PASSED&#xD;
&#xD;
2021-03-01 18:33:17 - [MESSAGE][PASSED] - platform.Method.clickOnElement is PASSED&#xD;
&#xD;
2021-03-01 18:33:17 - [TEST_STEP][PASSED] - platform.Method.clickOnElement(findTestObject("Generic/webObjectWithText", ["textValue":roomID])): platform.Method.clickOnElement is PASSED&#xD;
&#xD;
2021-03-01 18:33:21 - [MESSAGE][PASSED] - platform.Method.clickOnElement is PASSED&#xD;
&#xD;
2021-03-01 18:33:21 - [TEST_STEP][PASSED] - platform.Method.clickOnElement(findTestObject("NewRepo/addToCurationFlag", ["index":1])): platform.Method.clickOnElement is PASSED&#xD;
&#xD;
2021-03-01 18:33:24 - [MESSAGE][PASSED] - platform.Method.clickOnElement is PASSED&#xD;
&#xD;
2021-03-01 18:33:24 - [TEST_STEP][PASSED] - verifyElementPresent(findTestObject("NewRepo/messageInCuration"), 10, STOP_ON_FAILURE): Object 'Object Repository/NewRepo/messageInCuration' is present&#xD;
&#xD;
2021-03-01 18:33:26 - [MESSAGE][PASSED] - Object 'Object Repository/NewRepo/messageInCuration' is present&#xD;
&#xD;
2021-03-01 18:33:26 - [TEST_STEP][PASSED] - platform.Method.clickOnElement(findTestObject("GenericII/closePopup")): platform.Method.clickOnElement is PASSED&#xD;
&#xD;
2021-03-01 18:33:28 - [MESSAGE][PASSED] - platform.Method.clickOnElement is PASSED&#xD;
&#xD;
2021-03-01 18:33:28 - [TEST_STEP][PASSED] - platform.Method.clickOnElement(findTestObject("Generic/curation")): platform.Method.clickOnElement is PASSED&#xD;
&#xD;
2021-03-01 18:33:30 - [MESSAGE][PASSED] - platform.Method.clickOnElement is PASSED&#xD;
&#xD;
2021-03-01 18:33:30 - [TEST_STEP][PASSED] - platform.Method.clickOnElement(findTestObject("Generic/webObjectWithText", ["textValue":" From sessions "])): platform.Method.clickOnElement is PASSED&#xD;
&#xD;
2021-03-01 18:33:35 - [MESSAGE][PASSED] - platform.Method.clickOnElement is PASSED&#xD;
&#xD;
2021-03-01 18:33:35 - [TEST_STEP][PASSED] - waitForElementClickable(findTestObject("Input/roomID", ["value":"room_id"]), 20, OPTIONAL): Object 'Object Repository/Input/roomID' is clickable&#xD;
&#xD;
2021-03-01 18:33:37 - [MESSAGE][PASSED] - Object 'Object Repository/Input/roomID' is clickable&#xD;
&#xD;
2021-03-01 18:33:37 - [TEST_STEP][PASSED] - sendKeys(findTestObject("Input/roomID", ["value":"room_id"]), roomID): Keys '214319' sent to object: 'Object Repository/Input/roomID'&#xD;
&#xD;
2021-03-01 18:33:39 - [MESSAGE][PASSED] - Keys '214319' sent to object: 'Object Repository/Input/roomID'&#xD;
&#xD;
2021-03-01 18:33:39 - [TEST_STEP][PASSED] - platform.Method.clickOnElement(findTestObject("Button/filter")): platform.Method.clickOnElement is PASSED&#xD;
&#xD;
2021-03-01 18:33:41 - [MESSAGE][PASSED] - platform.Method.clickOnElement is PASSED&#xD;
&#xD;
2021-03-01 18:33:41 - [TEST_STEP][PASSED] - verifyTextPresent(roomID, false, STOP_ON_FAILURE): Text '214319' is present on page &#xD;
&#xD;
2021-03-01 18:33:46 - [MESSAGE][PASSED] - Text '214319' is present on page &#xD;
&#xD;
2021-03-01 18:33:46 - [TEST_STEP][PASSED] - Start listener action : write: null&#xD;
&#xD;
2021-03-01 18:33:46 - [TEST_STEP][PASSED] - if (getTestCaseStatus().contentEquals("PASSED")): null&#xD;
&#xD;
2021-03-01 18:33:46 - [TEST_STEP][PASSED] - extentTest.log(PASS, MarkupHelper.createLabel(testCaseContext.getTestCaseId(), GREEN)): null</system-out>
            <system-err></system-err>
        </testcase>
        <testcase name="Test Cases/FAQ_SSO/createArticleWithRichResponseInCategory_Test" classname="Test Cases/FAQ_SSO/createArticleWithRichResponseInCategory_Test" status="PASSED">
            <system-out>2021-03-01 18:33:46 - [TEST_CASE][PASSED] - Test Cases/FAQ_SSO/createArticleWithRichResponseInCategory_Test: Test Cases/FAQ_SSO/createArticleWithRichResponseInCategory_Test&#xD;
&#xD;
2021-03-01 18:33:46 - [TEST_STEP][PASSED] - Start listener action : create: null&#xD;
&#xD;
2021-03-01 18:33:46 - [TEST_STEP][PASSED] - extentTest = extentReport.createTest(testCaseContext.getTestCaseId()): null&#xD;
&#xD;
2021-03-01 18:33:46 - [TEST_STEP][PASSED] - platform.Method.clickOnElement(findTestObject("Generic/articles")): platform.Method.clickOnElement is PASSED&#xD;
&#xD;
2021-03-01 18:33:49 - [MESSAGE][PASSED] - platform.Method.clickOnElement is PASSED&#xD;
&#xD;
2021-03-01 18:33:49 - [TEST_STEP][PASSED] - testData = findTestData("Data Files/testData_FAQ"): null&#xD;
&#xD;
2021-03-01 18:33:49 - [TEST_STEP][PASSED] - platform.Articles.createNewArticle(testData, testData.getValue("default_question", 1)): platform.Articles.createNewArticle is PASSED&#xD;
&#xD;
2021-03-01 18:33:55 - [MESSAGE][PASSED] - Keys 'What are the benefits of MyBank credit card?' sent to object: 'Object Repository/Input/defaultQuestion'&#xD;
&#xD;
2021-03-01 18:33:55 - [MESSAGE][PASSED] - platform.Articles.createNewArticle is PASSED&#xD;
&#xD;
2021-03-01 18:33:55 - [TEST_STEP][PASSED] - platform.Method.clickOnElement(findTestObject("NewRepo/carousel")): platform.Method.clickOnElement is PASSED&#xD;
&#xD;
2021-03-01 18:33:58 - [MESSAGE][PASSED] - platform.Method.clickOnElement is PASSED&#xD;
&#xD;
2021-03-01 18:33:58 - [TEST_STEP][PASSED] - platform.ResponseDesigner.deleteDefaultTextTemplate(): platform.ResponseDesigner.deleteDefaultTextTemplate is PASSED&#xD;
&#xD;
2021-03-01 18:34:00 - [MESSAGE][PASSED] - Scroll to object 'Object Repository/WEB_OBJECTS/trashIcon' successfully&#xD;
&#xD;
2021-03-01 18:34:02 - [MESSAGE][PASSED] - Object 'Object Repository/WEB_OBJECTS/trashIcon' is visible&#xD;
&#xD;
2021-03-01 18:34:04 - [MESSAGE][PASSED] - platform.ResponseDesigner.deleteDefaultTextTemplate is PASSED&#xD;
&#xD;
2021-03-01 18:34:04 - [TEST_STEP][PASSED] - platform.ResponseDesigner.configureCarouselResponse(1, null, testData.getValue("carousel_url", 1), testData.getValue("label_value", 1), "default", "how can you help"): platform.ResponseDesigner.configureCarouselResponse is PASSED&#xD;
&#xD;
2021-03-01 18:34:07 - [MESSAGE][PASSED] - Modify property of object successfully&#xD;
&#xD;
2021-03-01 18:34:12 - [MESSAGE][PASSED] - Text 'https://www.pinclipart.com/picdir/middle/59-595896_balance-transfer-credit-cards-icon-credit-card-icon.png' is set on object 'Object Repository/WEB_OBJECTS/mediaURL'&#xD;
&#xD;
2021-03-01 18:34:18 - [MESSAGE][PASSED] - Text 'Balance Transfer' is set on object 'Object Repository/WEB_OBJECTS/input'&#xD;
&#xD;
2021-03-01 18:34:19 - [MESSAGE][PASSED] - Object 'Object Repository/WEB_OBJECTS/button' is present&#xD;
&#xD;
2021-03-01 18:34:23 - [MESSAGE][PASSED] - Object 'Object Repository/WEB_OBJECTS/popUp' is present&#xD;
&#xD;
2021-03-01 18:34:23 - [MESSAGE][PASSED] - Modify property of object successfully&#xD;
&#xD;
2021-03-01 18:34:27 - [MESSAGE][PASSED] - Text 'default' is set on object 'Object Repository/WEB_OBJECTS/input'&#xD;
&#xD;
2021-03-01 18:34:30 - [MESSAGE][PASSED] - Text 'how can you help' is set on object 'Object Repository/WEB_OBJECTS/payload'&#xD;
&#xD;
2021-03-01 18:34:32 - [MESSAGE][PASSED] - platform.ResponseDesigner.configureCarouselResponse is PASSED&#xD;
&#xD;
2021-03-01 18:34:32 - [TEST_STEP][PASSED] - platform.Articles.saveAndTrainArticleToNewCategory(categoryName): platform.Articles.saveAndTrainArticleToNewCategory is PASSED&#xD;
&#xD;
2021-03-01 18:34:40 - [MESSAGE][PASSED] - Keys 'Benefits' sent to object: 'Object Repository/Input/newCategoryName'&#xD;
&#xD;
2021-03-01 18:34:42 - [MESSAGE][PASSED] - platform.Articles.saveAndTrainArticleToNewCategory is PASSED&#xD;
&#xD;
2021-03-01 18:34:42 - [TEST_STEP][PASSED] - verifyElementPresent(findTestObject("ICONS/toastMsg"), 15, STOP_ON_FAILURE): Object 'Object Repository/ICONS/toastMsg' is present&#xD;
&#xD;
2021-03-01 18:34:50 - [MESSAGE][PASSED] - Object 'Object Repository/ICONS/toastMsg' is present&#xD;
&#xD;
2021-03-01 18:34:50 - [TEST_STEP][PASSED] - platform.Method.clickOnElement(findTestObject("Button/preview")): platform.Method.clickOnElement is PASSED&#xD;
&#xD;
2021-03-01 18:34:53 - [MESSAGE][PASSED] - platform.Method.clickOnElement is PASSED&#xD;
&#xD;
2021-03-01 18:34:53 - [TEST_STEP][PASSED] - sendKeys(findTestObject("Input/chatInput"), Keys.chord(userQuery, ENTER)): Keys 'ENTER + benefits of credit card?' sent to object: 'Object Repository/Input/chatInput'&#xD;
&#xD;
2021-03-01 18:34:56 - [MESSAGE][PASSED] - Keys 'ENTER + benefits of credit card?' sent to object: 'Object Repository/Input/chatInput'&#xD;
&#xD;
2021-03-01 18:34:56 - [TEST_STEP][PASSED] - delay(1): Delayed 1 second(s)&#xD;
&#xD;
2021-03-01 18:34:57 - [MESSAGE][PASSED] - Delayed 1 second(s)&#xD;
&#xD;
2021-03-01 18:34:57 - [TEST_STEP][PASSED] - verifyElementText(findTestObject("NewRepo/bannerTitle", ["index":1]), expectedValue, STOP_ON_FAILURE): Actual text and expected text of test object 'Object Repository/NewRepo/bannerTitle' are matched.&#xD;
&#xD;
2021-03-01 18:34:59 - [MESSAGE][PASSED] - Actual text and expected text of test object 'Object Repository/NewRepo/bannerTitle' are matched.&#xD;
&#xD;
2021-03-01 18:34:59 - [TEST_STEP][PASSED] - platform.Method.clickOnElement(findTestObject("GenericII/minimize")): platform.Method.clickOnElement is PASSED&#xD;
&#xD;
2021-03-01 18:35:01 - [MESSAGE][PASSED] - platform.Method.clickOnElement is PASSED&#xD;
&#xD;
2021-03-01 18:35:01 - [TEST_STEP][PASSED] - Start listener action : write: null&#xD;
&#xD;
2021-03-01 18:35:01 - [TEST_STEP][PASSED] - if (getTestCaseStatus().contentEquals("PASSED")): null&#xD;
&#xD;
2021-03-01 18:35:01 - [TEST_STEP][PASSED] - extentTest.log(PASS, MarkupHelper.createLabel(testCaseContext.getTestCaseId(), GREEN)): null</system-out>
            <system-err></system-err>
        </testcase>
        <testcase name="Test Cases/FAQ_SSO/modifyCategory_Test" classname="Test Cases/FAQ_SSO/modifyCategory_Test" status="PASSED">
            <system-out>2021-03-01 18:35:01 - [TEST_CASE][PASSED] - Test Cases/FAQ_SSO/modifyCategory_Test: Test Cases/FAQ_SSO/modifyCategory_Test&#xD;
&#xD;
2021-03-01 18:35:02 - [TEST_STEP][PASSED] - Start listener action : create: null&#xD;
&#xD;
2021-03-01 18:35:02 - [TEST_STEP][PASSED] - extentTest = extentReport.createTest(testCaseContext.getTestCaseId()): null&#xD;
&#xD;
2021-03-01 18:35:02 - [TEST_STEP][PASSED] - platform.Method.clickOnElement(findTestObject("Generic/articles")): platform.Method.clickOnElement is PASSED&#xD;
&#xD;
2021-03-01 18:35:04 - [MESSAGE][PASSED] - platform.Method.clickOnElement is PASSED&#xD;
&#xD;
2021-03-01 18:35:04 - [TEST_STEP][PASSED] - platform.Method.clickOnElement(findTestObject("Generic/webObjectWithText", ["textValue":"Modify"])): platform.Method.clickOnElement is PASSED&#xD;
&#xD;
2021-03-01 18:35:07 - [MESSAGE][PASSED] - platform.Method.clickOnElement is PASSED&#xD;
&#xD;
2021-03-01 18:35:07 - [TEST_STEP][PASSED] - categories = findWebElements(findTestObject("GenericII/listOfCategory"), 10): null&#xD;
&#xD;
2021-03-01 18:35:08 - [TEST_STEP][PASSED] - index = &lt;not implemented yet for class: org.codehaus.groovy.ast.expr.EmptyExpression&gt;: null&#xD;
&#xD;
2021-03-01 18:35:08 - [TEST_STEP][PASSED] - for ([i = 2, i &lt; categories.size(), (i++)]): null&#xD;
&#xD;
2021-03-01 18:35:08 - [TEST_STEP][PASSED] - if (getAttribute("value").contains("Benefits")): null&#xD;
&#xD;
2021-03-01 18:35:09 - [TEST_STEP][PASSED] - index = i - 1: null&#xD;
&#xD;
2021-03-01 18:35:09 - [TEST_STEP][PASSED] - break: null&#xD;
&#xD;
2021-03-01 18:35:09 - [TEST_STEP][PASSED] - platform.Method.clickOnElement(findTestObject("GenericII/editCategory", ["index":index])): platform.Method.clickOnElement is PASSED&#xD;
&#xD;
2021-03-01 18:35:11 - [MESSAGE][PASSED] - platform.Method.clickOnElement is PASSED&#xD;
&#xD;
2021-03-01 18:35:11 - [TEST_STEP][PASSED] - setText(findTestObject("Input/nameOfTheCategory"), newCategoryName, STOP_ON_FAILURE): Text 'Product Info' is set on object 'Object Repository/Input/nameOfTheCategory'&#xD;
&#xD;
2021-03-01 18:35:15 - [MESSAGE][PASSED] - Text 'Product Info' is set on object 'Object Repository/Input/nameOfTheCategory'&#xD;
&#xD;
2021-03-01 18:35:15 - [TEST_STEP][PASSED] - platform.Method.clickOnElement(findTestObject("Button/save", ["value":" Save "])): platform.Method.clickOnElement is PASSED&#xD;
&#xD;
2021-03-01 18:35:17 - [MESSAGE][PASSED] - platform.Method.clickOnElement is PASSED&#xD;
&#xD;
2021-03-01 18:35:17 - [TEST_STEP][PASSED] - delay(1): Delayed 1 second(s)&#xD;
&#xD;
2021-03-01 18:35:18 - [MESSAGE][PASSED] - Delayed 1 second(s)&#xD;
&#xD;
2021-03-01 18:35:18 - [TEST_STEP][PASSED] - verifyTextPresent(newCategoryName, false, STOP_ON_FAILURE): Text 'Product Info' is present on page &#xD;
&#xD;
2021-03-01 18:35:22 - [MESSAGE][PASSED] - Text 'Product Info' is present on page &#xD;
&#xD;
2021-03-01 18:35:22 - [TEST_STEP][PASSED] - closePopUp = modifyObjectProperty(findTestObject("GenericII/closePopup"), "xpath", "not equals", "//span[text()='×']", true, OPTIONAL): Modify property of object successfully&#xD;
&#xD;
2021-03-01 18:35:22 - [MESSAGE][PASSED] - Modify property of object successfully&#xD;
&#xD;
2021-03-01 18:35:22 - [TEST_STEP][PASSED] - platform.Method.clickOnElement(closePopUp): platform.Method.clickOnElement is PASSED&#xD;
&#xD;
2021-03-01 18:35:24 - [MESSAGE][PASSED] - platform.Method.clickOnElement is PASSED&#xD;
&#xD;
2021-03-01 18:35:24 - [TEST_STEP][PASSED] - Start listener action : write: null&#xD;
&#xD;
2021-03-01 18:35:24 - [TEST_STEP][PASSED] - if (getTestCaseStatus().contentEquals("PASSED")): null&#xD;
&#xD;
2021-03-01 18:35:24 - [TEST_STEP][PASSED] - extentTest.log(PASS, MarkupHelper.createLabel(testCaseContext.getTestCaseId(), GREEN)): null</system-out>
            <system-err></system-err>
        </testcase>
        <testcase name="Test Cases/FAQ_SSO/fallbackCurationByAddToExistingArticle_Test" classname="Test Cases/FAQ_SSO/fallbackCurationByAddToExistingArticle_Test" status="PASSED">
            <system-out>2021-03-01 18:35:24 - [TEST_CASE][PASSED] - Test Cases/FAQ_SSO/fallbackCurationByAddToExistingArticle_Test: Test Cases/FAQ_SSO/fallbackCurationByAddToExistingArticle_Test&#xD;
&#xD;
2021-03-01 18:35:25 - [TEST_STEP][PASSED] - Start listener action : create: null&#xD;
&#xD;
2021-03-01 18:35:25 - [TEST_STEP][PASSED] - extentTest = extentReport.createTest(testCaseContext.getTestCaseId()): null&#xD;
&#xD;
2021-03-01 18:35:25 - [TEST_STEP][PASSED] - platform.Method.clickOnElement(findTestObject("Generic/curation")): platform.Method.clickOnElement is PASSED&#xD;
&#xD;
2021-03-01 18:35:28 - [MESSAGE][PASSED] - platform.Method.clickOnElement is PASSED&#xD;
&#xD;
2021-03-01 18:35:28 - [TEST_STEP][PASSED] - platform.Method.clickOnElement(findTestObject("Generic/webObjectWithText", ["textValue":" Fallback "])): platform.Method.clickOnElement is PASSED&#xD;
&#xD;
2021-03-01 18:35:32 - [MESSAGE][PASSED] - platform.Method.clickOnElement is PASSED&#xD;
&#xD;
2021-03-01 18:35:32 - [TEST_STEP][PASSED] - sendKeys(findTestObject("Input/roomID", ["value":"room_id"]), roomID): Keys '214315' sent to object: 'Object Repository/Input/roomID'&#xD;
&#xD;
2021-03-01 18:35:34 - [MESSAGE][PASSED] - Keys '214315' sent to object: 'Object Repository/Input/roomID'&#xD;
&#xD;
2021-03-01 18:35:34 - [TEST_STEP][PASSED] - platform.Method.clickOnElement(findTestObject("Button/filter")): platform.Method.clickOnElement is PASSED&#xD;
&#xD;
2021-03-01 18:35:37 - [MESSAGE][PASSED] - platform.Method.clickOnElement is PASSED&#xD;
&#xD;
2021-03-01 18:35:37 - [TEST_STEP][PASSED] - try: platform.Method.clickOnElement is PASSED&#xD;
&#xD;
2021-03-01 18:35:37 - [TEST_STEP][PASSED] - verifyElementPresent(findTestObject("Button/addToExistingArticle"), 20, STOP_ON_FAILURE): Object 'Object Repository/Button/addToExistingArticle' is present&#xD;
&#xD;
2021-03-01 18:35:38 - [MESSAGE][PASSED] - Object 'Object Repository/Button/addToExistingArticle' is present&#xD;
&#xD;
2021-03-01 18:35:38 - [TEST_STEP][PASSED] - platform.Method.clickOnElement(findTestObject("Button/addToExistingArticle")): platform.Method.clickOnElement is PASSED&#xD;
&#xD;
2021-03-01 18:35:40 - [MESSAGE][PASSED] - platform.Method.clickOnElement is PASSED&#xD;
&#xD;
2021-03-01 18:35:40 - [TEST_STEP][PASSED] - sendKeys(findTestObject("Input/searchQuestion"), searchQuestion): Keys 'How can I view my transactions?' sent to object: 'Object Repository/Input/searchQuestion'&#xD;
&#xD;
2021-03-01 18:35:43 - [MESSAGE][PASSED] - Keys 'How can I view my transactions?' sent to object: 'Object Repository/Input/searchQuestion'&#xD;
&#xD;
2021-03-01 18:35:43 - [TEST_STEP][PASSED] - platform.Method.clickOnElement(findTestObject("Generic/searchResult")): platform.Method.clickOnElement is PASSED&#xD;
&#xD;
2021-03-01 18:35:46 - [MESSAGE][PASSED] - platform.Method.clickOnElement is PASSED&#xD;
&#xD;
2021-03-01 18:35:46 - [TEST_STEP][PASSED] - platform.Method.clickOnElement(findTestObject("Button/linkAndSave")): platform.Method.clickOnElement is PASSED&#xD;
&#xD;
2021-03-01 18:35:48 - [MESSAGE][PASSED] - platform.Method.clickOnElement is PASSED&#xD;
&#xD;
2021-03-01 18:35:48 - [TEST_STEP][PASSED] - platform.Method.clickOnElement(findTestObject("NewRepo/refresh")): platform.Method.clickOnElement is PASSED&#xD;
&#xD;
2021-03-01 18:35:50 - [MESSAGE][PASSED] - platform.Method.clickOnElement is PASSED&#xD;
&#xD;
2021-03-01 18:35:50 - [TEST_STEP][PASSED] - platform.Method.clickOnElement(findTestObject("Button/trainCuration")): platform.Method.clickOnElement is PASSED&#xD;
&#xD;
2021-03-01 18:35:52 - [MESSAGE][PASSED] - platform.Method.clickOnElement is PASSED&#xD;
&#xD;
2021-03-01 18:35:52 - [TEST_STEP][PASSED] - sendKeys(findTestObject("Input/comment"), comment): Keys 'link to curation test' sent to object: 'Object Repository/Input/comment'&#xD;
&#xD;
2021-03-01 18:35:55 - [MESSAGE][PASSED] - Keys 'link to curation test' sent to object: 'Object Repository/Input/comment'&#xD;
&#xD;
2021-03-01 18:35:55 - [TEST_STEP][PASSED] - platform.Method.clickOnElement(findTestObject("Button/continue")): platform.Method.clickOnElement is PASSED&#xD;
&#xD;
2021-03-01 18:35:57 - [MESSAGE][PASSED] - platform.Method.clickOnElement is PASSED&#xD;
&#xD;
2021-03-01 18:35:57 - [TEST_STEP][PASSED] - waitForElementVisible(findTestObject("Generic/webObjectWithText", ["textValue":"Trained corpus"]), 30, CONTINUE_ON_FAILURE): Web element with id: 'Object Repository/Generic/webObjectWithText' located by 'By.xpath: //*[contains(text(),'Trained corpus')]' not found&#xD;
&#xD;
2021-03-01 18:36:28 - [MESSAGE][INFO] - Unable to find the element located by 'By.xpath: //*[contains(text(),'Trained corpus')]'. Please recheck the objects properties to make sure the desired element is located. &#xD;
&#xD;
2021-03-01 18:36:28 - [MESSAGE][WARNING] - Web element with id: 'Object Repository/Generic/webObjectWithText' located by 'By.xpath: //*[contains(text(),'Trained corpus')]' not found&#xD;
&#xD;
2021-03-01 18:36:28 - [TEST_STEP][PASSED] - platform.Method.clickOnElement(findTestObject("NewRepo/refresh")): platform.Method.clickOnElement is PASSED&#xD;
&#xD;
2021-03-01 18:36:30 - [MESSAGE][PASSED] - platform.Method.clickOnElement is PASSED&#xD;
&#xD;
2021-03-01 18:36:30 - [TEST_STEP][PASSED] - verifyTextPresent("Trained corpus", false, OPTIONAL): Text 'Trained corpus' is present on page &#xD;
&#xD;
2021-03-01 18:36:35 - [MESSAGE][PASSED] - Text 'Trained corpus' is present on page &#xD;
&#xD;
2021-03-01 18:36:35 - [TEST_STEP][PASSED] - platform.Method.clickOnElement(findTestObject("Button/preview")): platform.Method.clickOnElement is PASSED&#xD;
&#xD;
2021-03-01 18:36:37 - [MESSAGE][PASSED] - platform.Method.clickOnElement is PASSED&#xD;
&#xD;
2021-03-01 18:36:37 - [TEST_STEP][PASSED] - sendKeys(findTestObject("Input/chatInput"), Keys.chord(userQuery, ENTER)): Keys 'ENTER + show last transaction receipt' sent to object: 'Object Repository/Input/chatInput'&#xD;
&#xD;
2021-03-01 18:36:40 - [MESSAGE][PASSED] - Keys 'ENTER + show last transaction receipt' sent to object: 'Object Repository/Input/chatInput'&#xD;
&#xD;
2021-03-01 18:36:40 - [TEST_STEP][PASSED] - delay(1): Delayed 1 second(s)&#xD;
&#xD;
2021-03-01 18:36:41 - [MESSAGE][PASSED] - Delayed 1 second(s)&#xD;
&#xD;
2021-03-01 18:36:41 - [TEST_STEP][PASSED] - platform.Preview.verifyBotResponse(botResponse): YOUR TEXT HAS A MATCH&#xD;
&#xD;
2021-03-01 18:36:44 - [MESSAGE][PASSED] - Delayed 3 second(s)&#xD;
&#xD;
2021-03-01 18:36:47 - [MESSAGE][PASSED] - YOUR TEXT HAS A MATCH&#xD;
&#xD;
2021-03-01 18:36:47 - [TEST_STEP][PASSED] - platform.Method.clickOnElement(findTestObject("Generic/curation")): platform.Method.clickOnElement is PASSED&#xD;
&#xD;
2021-03-01 18:36:49 - [MESSAGE][PASSED] - platform.Method.clickOnElement is PASSED&#xD;
&#xD;
2021-03-01 18:36:49 - [TEST_STEP][PASSED] - waitForElementVisible(findTestObject("Generic/webObjectWithText", ["textValue":"Resolved"]), 20, OPTIONAL): Object 'Object Repository/Generic/webObjectWithText' is visible&#xD;
&#xD;
2021-03-01 18:36:51 - [MESSAGE][PASSED] - Object 'Object Repository/Generic/webObjectWithText' is visible&#xD;
&#xD;
2021-03-01 18:36:51 - [TEST_STEP][PASSED] - platform.Method.clickOnElement(findTestObject("Generic/webObjectWithText", ["textValue":"Resolved"])): platform.Method.clickOnElement is PASSED&#xD;
&#xD;
2021-03-01 18:36:54 - [MESSAGE][PASSED] - platform.Method.clickOnElement is PASSED&#xD;
&#xD;
2021-03-01 18:36:54 - [TEST_STEP][PASSED] - waitForElementClickable(findTestObject("Input/roomID", ["value":"room_id"]), 20, OPTIONAL): Object 'Object Repository/Input/roomID' is clickable&#xD;
&#xD;
2021-03-01 18:36:56 - [MESSAGE][PASSED] - Object 'Object Repository/Input/roomID' is clickable&#xD;
&#xD;
2021-03-01 18:36:56 - [TEST_STEP][PASSED] - sendKeys(findTestObject("Input/roomID", ["value":"room_id"]), roomID): Keys '214315' sent to object: 'Object Repository/Input/roomID'&#xD;
&#xD;
2021-03-01 18:36:59 - [MESSAGE][PASSED] - Keys '214315' sent to object: 'Object Repository/Input/roomID'&#xD;
&#xD;
2021-03-01 18:36:59 - [TEST_STEP][PASSED] - platform.Method.clickOnElement(findTestObject("Button/filter")): platform.Method.clickOnElement is PASSED&#xD;
&#xD;
2021-03-01 18:37:01 - [MESSAGE][PASSED] - platform.Method.clickOnElement is PASSED&#xD;
&#xD;
2021-03-01 18:37:01 - [TEST_STEP][PASSED] - verifyTextPresent(roomID, false, STOP_ON_FAILURE): Text '214315' is present on page &#xD;
&#xD;
2021-03-01 18:37:04 - [MESSAGE][PASSED] - Text '214315' is present on page &#xD;
&#xD;
2021-03-01 18:37:04 - [TEST_STEP][PASSED] - Start listener action : write: null&#xD;
&#xD;
2021-03-01 18:37:04 - [TEST_STEP][PASSED] - if (getTestCaseStatus().contentEquals("PASSED")): null&#xD;
&#xD;
2021-03-01 18:37:04 - [TEST_STEP][PASSED] - extentTest.log(PASS, MarkupHelper.createLabel(testCaseContext.getTestCaseId(), GREEN)): null</system-out>
            <system-err></system-err>
        </testcase>
        <testcase name="Test Cases/FAQ_SSO/partialMatchCurationByCreateNewArticle_Test" classname="Test Cases/FAQ_SSO/partialMatchCurationByCreateNewArticle_Test" status="PASSED">
            <system-out>2021-03-01 18:37:04 - [TEST_CASE][PASSED] - Test Cases/FAQ_SSO/partialMatchCurationByCreateNewArticle_Test: Test Cases/FAQ_SSO/partialMatchCurationByCreateNewArticle_Test&#xD;
&#xD;
2021-03-01 18:37:05 - [TEST_STEP][PASSED] - Start listener action : create: null&#xD;
&#xD;
2021-03-01 18:37:05 - [TEST_STEP][PASSED] - extentTest = extentReport.createTest(testCaseContext.getTestCaseId()): null&#xD;
&#xD;
2021-03-01 18:37:06 - [TEST_STEP][PASSED] - platform.Method.clickOnElement(findTestObject("Generic/articles")): platform.Method.clickOnElement is PASSED&#xD;
&#xD;
2021-03-01 18:37:08 - [MESSAGE][PASSED] - platform.Method.clickOnElement is PASSED&#xD;
&#xD;
2021-03-01 18:37:08 - [TEST_STEP][PASSED] - platform.Method.trainAndComment(comment): platform.Method.trainAndComment is PASSED&#xD;
&#xD;
2021-03-01 18:37:14 - [MESSAGE][INFO] - Unable to find the element located by 'By.xpath: //mat-icon[text()='sync' or text()='autorenew']'. Please recheck the objects properties to make sure the desired element is located. &#xD;
&#xD;
2021-03-01 18:37:14 - [MESSAGE][INFO] - BOT STATE IS TRAINED&#xD;
&#xD;
2021-03-01 18:37:14 - [MESSAGE][PASSED] - platform.Method.trainAndComment is PASSED&#xD;
&#xD;
2021-03-01 18:37:14 - [TEST_STEP][PASSED] - platform.Method.clickOnElement(findTestObject("Generic/curation")): platform.Method.clickOnElement is PASSED&#xD;
&#xD;
2021-03-01 18:37:17 - [MESSAGE][PASSED] - platform.Method.clickOnElement is PASSED&#xD;
&#xD;
2021-03-01 18:37:17 - [TEST_STEP][PASSED] - platform.Method.clickOnElement(findTestObject("Button/preview")): platform.Method.clickOnElement is PASSED&#xD;
&#xD;
2021-03-01 18:37:20 - [MESSAGE][PASSED] - platform.Method.clickOnElement is PASSED&#xD;
&#xD;
2021-03-01 18:37:20 - [TEST_STEP][PASSED] - sendKeys(findTestObject("Input/chatInput"), Keys.chord(userQuery, ENTER)): Keys 'ENTER + how to know credit card billing date?' sent to object: 'Object Repository/Input/chatInput'&#xD;
&#xD;
2021-03-01 18:37:22 - [MESSAGE][PASSED] - Keys 'ENTER + how to know credit card billing date?' sent to object: 'Object Repository/Input/chatInput'&#xD;
&#xD;
2021-03-01 18:37:22 - [TEST_STEP][PASSED] - waitForElementPresent(findTestObject("GenericII/getBotResponse", ["index":2]), 10, CONTINUE_ON_FAILURE): Object 'Object Repository/GenericII/getBotResponse' is present&#xD;
&#xD;
2021-03-01 18:37:25 - [MESSAGE][PASSED] - Object 'Object Repository/GenericII/getBotResponse' is present&#xD;
&#xD;
2021-03-01 18:37:25 - [TEST_STEP][PASSED] - verifyElementText(findTestObject("GenericII/getBotResponse", ["index":2]), stringToCheck, OPTIONAL): Actual text and expected text of test object 'Object Repository/GenericII/getBotResponse' are matched.&#xD;
&#xD;
2021-03-01 18:37:27 - [MESSAGE][PASSED] - Actual text and expected text of test object 'Object Repository/GenericII/getBotResponse' are matched.&#xD;
&#xD;
2021-03-01 18:37:27 - [TEST_STEP][PASSED] - getRoomIdAt = new java.util.ArrayList(): null&#xD;
&#xD;
2021-03-01 18:37:27 - [TEST_STEP][PASSED] - getRoomIdAt = platform.Utility.getRoomID(): platform.Utility.getRoomID is PASSED&#xD;
&#xD;
2021-03-01 18:37:41 - [MESSAGE][PASSED] - platform.Utility.getRoomID is PASSED&#xD;
&#xD;
2021-03-01 18:37:41 - [TEST_STEP][PASSED] - platform.Method.clickOnElement(findTestObject("GenericII/minimize")): platform.Method.clickOnElement is PASSED&#xD;
&#xD;
2021-03-01 18:37:43 - [MESSAGE][PASSED] - platform.Method.clickOnElement is PASSED&#xD;
&#xD;
2021-03-01 18:37:43 - [TEST_STEP][PASSED] - platform.Method.clickOnElement(findTestObject("Generic/webObjectWithText", ["textValue":" Partial match "])): platform.Method.clickOnElement is PASSED&#xD;
&#xD;
2021-03-01 18:37:46 - [MESSAGE][PASSED] - platform.Method.clickOnElement is PASSED&#xD;
&#xD;
2021-03-01 18:37:46 - [TEST_STEP][PASSED] - verifyTextPresent("Partial match", false, STOP_ON_FAILURE): Text 'Partial match' is present on page &#xD;
&#xD;
2021-03-01 18:37:50 - [MESSAGE][PASSED] - Text 'Partial match' is present on page &#xD;
&#xD;
2021-03-01 18:37:50 - [TEST_STEP][PASSED] - roomID = get(0).toString(): null&#xD;
&#xD;
2021-03-01 18:37:50 - [TEST_STEP][PASSED] - sendKeys(findTestObject("Input/roomID", ["value":"room_id"]), roomID): Keys '214322' sent to object: 'Object Repository/Input/roomID'&#xD;
&#xD;
2021-03-01 18:37:52 - [MESSAGE][PASSED] - Keys '214322' sent to object: 'Object Repository/Input/roomID'&#xD;
&#xD;
2021-03-01 18:37:52 - [TEST_STEP][PASSED] - platform.Method.clickOnElement(findTestObject("Button/filter")): platform.Method.clickOnElement is PASSED&#xD;
&#xD;
2021-03-01 18:37:54 - [MESSAGE][PASSED] - platform.Method.clickOnElement is PASSED&#xD;
&#xD;
2021-03-01 18:37:54 - [TEST_STEP][PASSED] - try: platform.Method.clickOnElement is PASSED&#xD;
&#xD;
2021-03-01 18:37:54 - [TEST_STEP][PASSED] - waitForElementPresent(findTestObject("Button/addToNewArticle"), 20, OPTIONAL): Object 'Object Repository/Button/addToNewArticle' is present&#xD;
&#xD;
2021-03-01 18:37:55 - [MESSAGE][PASSED] - Object 'Object Repository/Button/addToNewArticle' is present&#xD;
&#xD;
2021-03-01 18:37:55 - [TEST_STEP][PASSED] - platform.Method.clickOnElement(findTestObject("Button/addToNewArticle")): platform.Method.clickOnElement is PASSED&#xD;
&#xD;
2021-03-01 18:37:58 - [MESSAGE][PASSED] - platform.Method.clickOnElement is PASSED&#xD;
&#xD;
[...]
            <system-err>2021-03-01 18:46:37 - [TEST_CASE][ERROR] - Test Cases/FAQ_SSO/defaultQuestionInArticle_Test: Test Cases/FAQ_SSO/defaultQuestionInArticle_Test FAILED.
Reason:
org.openqa.selenium.StaleElementReferenceException: stale element reference: element is not attached to the page document
  (Session info: chrome=88.0.4324.190)
For documentation on this error, please visit: https://www.seleniumhq.org/exceptions/stale_element_reference.html
Build info: version: '3.141.59', revision: 'e82be7d358', time: '2018-11-14T08:25:53'
System info: host: 'WLPT580', ip: '192.168.29.195', os.name: 'Windows 8.1', os.arch: 'amd64', os.version: '6.3', java.version: '1.8.0_181'
Driver info: com.kms.katalon.selenium.driver.CChromeDriver
Capabilities {acceptInsecureCerts: false, browserName: chrome, browserVersion: 88.0.4324.190, chrome: {chromedriverVersion: 88.0.4324.96 (68dba2d8a0b14..., userDataDir: C:\Users\narendra.n\AppData...}, goog:chromeOptions: {debuggerAddress: localhost:58631}, javascriptEnabled: true, networkConnectionEnabled: false, pageLoadStrategy: normal, platform: WINDOWS, platformName: WINDOWS, proxy: Proxy(), setWindowRect: true, strictFileInteractability: false, timeouts: {implicit: 0, pageLoad: 300000, script: 30000}, unhandledPromptBehavior: dismiss and notify, webauthn:extension:largeBlob: true, webauthn:virtualAuthenticators: true}
Session ID: f5b0186f877859f9e36c1dddc307916b&#xD;
	at org.openqa.selenium.remote.http.W3CHttpResponseCodec.createException(W3CHttpResponseCodec.java:187)&#xD;
	at org.openqa.selenium.remote.http.W3CHttpResponseCodec.decode(W3CHttpResponseCodec.java:122)&#xD;
	at org.openqa.selenium.remote.http.W3CHttpResponseCodec.decode(W3CHttpResponseCodec.java:49)&#xD;
	at org.openqa.selenium.remote.HttpCommandExecutor.execute(HttpCommandExecutor.java:158)&#xD;
	at org.openqa.selenium.remote.service.DriverCommandExecutor.execute(DriverCommandExecutor.java:83)&#xD;
	at org.openqa.selenium.remote.RemoteWebDriver.execute(RemoteWebDriver.java:552)&#xD;
	at com.kms.katalon.selenium.driver.CChromeDriver.execute(CChromeDriver.java:20)&#xD;
	at org.openqa.selenium.remote.RemoteWebDriver.executeScript(RemoteWebDriver.java:489)&#xD;
	at platform.Method.clickOnElement(Method.groovy:33)&#xD;
	at platform.Method.invokeMethod(Method.groovy)&#xD;
	at com.kms.katalon.core.main.CustomKeywordDelegatingMetaClass.invokeStaticMethod(CustomKeywordDelegatingMetaClass.java:50)&#xD;
	at defaultQuestionInArticle_Test.run(defaultQuestionInArticle_Test:50)&#xD;
	at com.kms.katalon.core.main.ScriptEngine.run(ScriptEngine.java:194)&#xD;
	at com.kms.katalon.core.main.ScriptEngine.runScriptAsRawText(ScriptEngine.java:119)&#xD;
	at com.kms.katalon.core.main.TestCaseExecutor.runScript(TestCaseExecutor.java:337)&#xD;
	at com.kms.katalon.core.main.TestCaseExecutor.doExecute(TestCaseExecutor.java:328)&#xD;
	at com.kms.katalon.core.main.TestCaseExecutor.processExecutionPhase(TestCaseExecutor.java:307)&#xD;
	at com.kms.katalon.core.main.TestCaseExecutor.accessMainPhase(TestCaseExecutor.java:299)&#xD;
	at com.kms.katalon.core.main.TestCaseExecutor.execute(TestCaseExecutor.java:233)&#xD;
	at com.kms.katalon.core.main.TestSuiteExecutor.accessTestCaseMainPhase(TestSuiteExecutor.java:169)&#xD;
	at com.kms.katalon.core.main.TestSuiteExecutor.accessTestSuiteMainPhase(TestSuiteExecutor.java:142)&#xD;
	at com.kms.katalon.core.main.TestSuiteExecutor.execute(TestSuiteExecutor.java:91)&#xD;
	at com.kms.katalon.core.main.TestCaseMain.startTestSuite(TestCaseMain.java:157)&#xD;
	at com.kms.katalon.core.main.TestCaseMain$startTestSuite$0.call(Unknown Source)&#xD;
	at TempTestSuite1614603218850.run(TempTestSuite1614603218850.groovy:35)</system-err>
        </testcase>
        <testcase name="Test Cases/FAQ_SSO/encryptionOnSessions_Test" classname="Test Cases/FAQ_SSO/encryptionOnSessions_Test" status="PASSED">
            <system-out>2021-03-01 18:47:22 - [TEST_CASE][PASSED] - Test Cases/FAQ_SSO/encryptionOnSessions_Test: Test Cases/FAQ_SSO/encryptionOnSessions_Test&#xD;
&#xD;
2021-03-01 18:47:22 - [TEST_STEP][PASSED] - Start listener action : create: null&#xD;
&#xD;
2021-03-01 18:47:22 - [TEST_STEP][PASSED] - extentTest = extentReport.createTest(testCaseContext.getTestCaseId()): null&#xD;
&#xD;
2021-03-01 18:47:23 - [TEST_STEP][PASSED] - platform.Method.clickOnElement(findTestObject("ICONS/sidebarSettings")): platform.Method.clickOnElement is PASSED&#xD;
&#xD;
2021-03-01 18:47:26 - [MESSAGE][PASSED] - platform.Method.clickOnElement is PASSED&#xD;
&#xD;
2021-03-01 18:47:26 - [TEST_STEP][PASSED] - waitForElementPresent(findTestObject("Generic/webObjectWithText", ["textValue":"Bot configuration"]), 10, OPTIONAL): Object 'Object Repository/Generic/webObjectWithText' is present&#xD;
&#xD;
2021-03-01 18:47:28 - [MESSAGE][PASSED] - Object 'Object Repository/Generic/webObjectWithText' is present&#xD;
&#xD;
2021-03-01 18:47:28 - [TEST_STEP][PASSED] - delay(2): Delayed 2 second(s)&#xD;
&#xD;
2021-03-01 18:47:30 - [MESSAGE][PASSED] - Delayed 2 second(s)&#xD;
&#xD;
2021-03-01 18:47:30 - [TEST_STEP][PASSED] - platform.Method.enableADP(true): platform.Method.enableADP is PASSED&#xD;
&#xD;
2021-03-01 18:47:32 - [MESSAGE][PASSED] - Object 'Object Repository/Button/updateBot' is visible&#xD;
&#xD;
2021-03-01 18:47:42 - [MESSAGE][PASSED] - Object 'Object Repository/ICONS/toastMsg' is present&#xD;
&#xD;
2021-03-01 18:47:42 - [MESSAGE][PASSED] - platform.Method.enableADP is PASSED&#xD;
&#xD;
2021-03-01 18:47:42 - [TEST_STEP][PASSED] - platform.Method.clickOnElement(findTestObject("Generic/session")): platform.Method.clickOnElement is PASSED&#xD;
&#xD;
2021-03-01 18:47:44 - [MESSAGE][PASSED] - platform.Method.clickOnElement is PASSED&#xD;
&#xD;
2021-03-01 18:47:44 - [TEST_STEP][PASSED] - verifyElementPresent(findTestObject("NewRepo2/adpLock"), 20, STOP_ON_FAILURE): Object 'Object Repository/NewRepo2/adpLock' is present&#xD;
&#xD;
2021-03-01 18:47:46 - [MESSAGE][PASSED] - Object 'Object Repository/NewRepo2/adpLock' is present&#xD;
&#xD;
2021-03-01 18:47:46 - [TEST_STEP][PASSED] - verifyTextPresent(ADP_TEXT_VALUE, false, STOP_ON_FAILURE): Text 'All the sessions are encrypted, use the decryption key to view individual session of interest' is present on page &#xD;
&#xD;
2021-03-01 18:47:52 - [MESSAGE][PASSED] - Text 'All the sessions are encrypted, use the decryption key to view individual session of interest' is present on page &#xD;
&#xD;
2021-03-01 18:47:52 - [TEST_STEP][PASSED] - platform.Session.decryptSession(roomID): platform.Session.decryptSession is PASSED&#xD;
&#xD;
2021-03-01 18:47:54 - [MESSAGE][PASSED] - Object 'Object Repository/Input/roomID' is clickable&#xD;
&#xD;
2021-03-01 18:47:58 - [MESSAGE][PASSED] - Text '214318' is set on object 'Object Repository/Input/roomID'&#xD;
&#xD;
2021-03-01 18:48:02 - [MESSAGE][PASSED] - Object 'Object Repository/Generic/webObjectWithText' is present&#xD;
&#xD;
2021-03-01 18:48:07 - [MESSAGE][PASSED] - Keys 'TEST' sent to object: 'Object Repository/Input/key'&#xD;
&#xD;
2021-03-01 18:48:09 - [MESSAGE][PASSED] - platform.Session.decryptSession is PASSED&#xD;
&#xD;
2021-03-01 18:48:09 - [TEST_STEP][PASSED] - verifyElementPresent(findTestObject("Generic/webObjectWithText", ["textValue":"Downvoted with comment"]), 10, STOP_ON_FAILURE): Object 'Object Repository/Generic/webObjectWithText' is present&#xD;
&#xD;
2021-03-01 18:48:12 - [MESSAGE][PASSED] - Object 'Object Repository/Generic/webObjectWithText' is present&#xD;
&#xD;
2021-03-01 18:48:12 - [TEST_STEP][PASSED] - platform.Method.clickOnElement(findTestObject("GenericII/closePopup")): platform.Method.clickOnElement is PASSED&#xD;
&#xD;
2021-03-01 18:48:14 - [MESSAGE][PASSED] - platform.Method.clickOnElement is PASSED&#xD;
&#xD;
2021-03-01 18:48:14 - [TEST_STEP][PASSED] - verifyElementPresent(findTestObject("NewRepo2/unlockIcon"), 10, STOP_ON_FAILURE): Object 'Object Repository/NewRepo2/unlockIcon' is present&#xD;
&#xD;
2021-03-01 18:48:15 - [MESSAGE][PASSED] - Object 'Object Repository/NewRepo2/unlockIcon' is present&#xD;
&#xD;
2021-03-01 18:48:15 - [TEST_STEP][PASSED] - platform.Method.clickOnElement(findTestObject("Button/dashboard")): platform.Method.clickOnElement is PASSED&#xD;
&#xD;
2021-03-01 18:48:18 - [MESSAGE][PASSED] - platform.Method.clickOnElement is PASSED&#xD;
&#xD;
2021-03-01 18:48:18 - [TEST_STEP][PASSED] - platform.Method.clickOnElement(findTestObject("Button/userOptions")): platform.Method.clickOnElement is PASSED&#xD;
&#xD;
2021-03-01 18:48:33 - [MESSAGE][PASSED] - platform.Method.clickOnElement is PASSED&#xD;
&#xD;
2021-03-01 18:48:33 - [TEST_STEP][PASSED] - platform.Method.clickOnElement(findTestObject("Button/signOut")): platform.Method.clickOnElement is PASSED&#xD;
&#xD;
2021-03-01 18:48:49 - [MESSAGE][PASSED] - platform.Method.clickOnElement is PASSED&#xD;
&#xD;
2021-03-01 18:48:49 - [TEST_STEP][PASSED] - callTestCase(findTestCase("Generic/successfulLogin_Test"), [:], STOP_ON_FAILURE): Call Test Case 'Test Cases/Generic/successfulLogin_Test' successfully&#xD;
&#xD;
2021-03-01 18:48:49 - [TEST_CASE][PASSED] - Test Cases/Generic/successfulLogin_Test: Test Cases/Generic/successfulLogin_Test&#xD;
&#xD;
2021-03-01 18:48:50 - [TEST_STEP][PASSED] - sendKeys(findTestObject("Input/username"), username): Keys 'narendra.n@imimobile.com' sent to object: 'Object Repository/Input/username'&#xD;
&#xD;
2021-03-01 18:48:53 - [MESSAGE][PASSED] - Keys 'narendra.n@imimobile.com' sent to object: 'Object Repository/Input/username'&#xD;
&#xD;
2021-03-01 18:48:53 - [TEST_STEP][PASSED] - sendKeys(findTestObject("Input/password"), password): Keys 'Test@2020' sent to object: 'Object Repository/Input/password'&#xD;
&#xD;
2021-03-01 18:48:55 - [MESSAGE][PASSED] - Keys 'Test@2020' sent to object: 'Object Repository/Input/password'&#xD;
&#xD;
2021-03-01 18:48:55 - [TEST_STEP][PASSED] - click(findTestObject("Button/signIn")): Object: 'Object Repository/Button/signIn' is clicked on&#xD;
&#xD;
2021-03-01 18:48:58 - [MESSAGE][PASSED] - Object: 'Object Repository/Button/signIn' is clicked on&#xD;
&#xD;
2021-03-01 18:48:58 - [TEST_STEP][PASSED] - if (!(waitForElementPresent(findTestObject("Button/createBot"), 30, OPTIONAL))): Object 'Object Repository/Button/createBot' is present&#xD;
&#xD;
2021-03-01 18:49:22 - [MESSAGE][PASSED] - Object 'Object Repository/Button/createBot' is present&#xD;
&#xD;
2021-03-01 18:49:22 - [MESSAGE][PASSED] - Call Test Case 'Test Cases/Generic/successfulLogin_Test' successfully&#xD;
&#xD;
2021-03-01 18:49:22 - [TEST_STEP][PASSED] - platform.Method.navigateToBot("Q&amp;A bots", FAQ_BOT): platform.Method.navigateToBot is PASSED&#xD;
&#xD;
2021-03-01 18:49:23 - [MESSAGE][PASSED] - Object 'Object Repository/Button/createBot' is present&#xD;
&#xD;
2021-03-01 18:49:26 - [MESSAGE][INFO] - Performing click action on bot&#xD;
&#xD;
2021-03-01 18:49:29 - [MESSAGE][PASSED] - platform.Method.navigateToBot is PASSED&#xD;
&#xD;
2021-03-01 18:49:29 - [TEST_STEP][PASSED] - platform.Method.clickOnElement(findTestObject("Generic/session")): platform.Method.clickOnElement is PASSED&#xD;
&#xD;
2021-03-01 18:49:32 - [MESSAGE][PASSED] - platform.Method.clickOnElement is PASSED&#xD;
&#xD;
2021-03-01 18:49:32 - [TEST_STEP][PASSED] - platform.Session.searchByRoomID(roomID): platform.Session.searchByRoomID is PASSED&#xD;
&#xD;
2021-03-01 18:49:35 - [MESSAGE][PASSED] - Object 'Object Repository/Input/roomID' is clickable&#xD;
&#xD;
2021-03-01 18:49:39 - [MESSAGE][PASSED] - Text '214318' is set on object 'Object Repository/Input/roomID'&#xD;
&#xD;
2021-03-01 18:49:41 - [MESSAGE][PASSED] - platform.Session.searchByRoomID is PASSED&#xD;
&#xD;
2021-03-01 18:49:41 - [TEST_STEP][PASSED] - verifyElementNotPresent(findTestObject("NewRepo2/unlockIcon"), 10, STOP_ON_FAILURE): Web element with id: 'Object Repository/NewRepo2/unlockIcon' located by 'By.xpath: //mat-icon[@name='lock_open']' is not present after '10' second(s)&#xD;
&#xD;
2021-03-01 18:49:42 - [MESSAGE][PASSED] - Web element with id: 'Object Repository/NewRepo2/unlockIcon' located by 'By.xpath: //mat-icon[@name='lock_open']' is not present after '10' second(s)&#xD;
&#xD;
2021-03-01 18:49:42 - [TEST_STEP][PASSED] - platform.Method.clickOnElement(findTestObject("Generic/curation")): platform.Method.clickOnElement is PASSED&#xD;
&#xD;
2021-03-01 18:49:44 - [MESSAGE][PASSED] - platform.Method.clickOnElement is PASSED&#xD;
&#xD;
2021-03-01 18:49:44 - [TEST_STEP][PASSED] - platform.Method.clickOnElement(findTestObject("Generic/webObjectWithText", ["textValue":"Issues"])): platform.Method.clickOnElement is PASSED&#xD;
&#xD;
2021-03-01 18:49:47 - [MESSAGE][PASSED] - platform.Method.clickOnElement is PASSED&#xD;
&#xD;
2021-03-01 18:49:47 - [TEST_STEP][PASSED] - inputKey = modifyObjectProperty(findTestObject("Input/key"), "xpath", "not equals", "//input[@name='qtext']", true): Modify property of object successfully&#xD;
&#xD;
2021-03-01 18:49:47 - [MESSAGE][PASSED] - Modify property of object successfully&#xD;
&#xD;
2021-03-01 18:49:47 - [TEST_STEP][PASSED] - setText(inputKey, "test"): Text 'test' is set on object 'Object Repository/Input/key'&#xD;
&#xD;
2021-03-01 18:49:50 - [MESSAGE][PASSED] - Text 'test' is set on object 'Object Repository/Input/key'&#xD;
&#xD;
2021-03-01 18:49:50 - [TEST_STEP][PASSED] - platform.Method.clickOnElement(findTestObject("ICONS/unlock")): platform.Method.clickOnElement is PASSED&#xD;
&#xD;
2021-03-01 18:49:52 - [MESSAGE][PASSED] - platform.Method.clickOnElement is PASSED&#xD;
&#xD;
2021-03-01 18:49:52 - [TEST_STEP][PASSED] - trainBtn = modifyObjectProperty(findTestObject("Button/train"), "xpath", "not equals", "//span[text()=' Train ']", true): Modify property of object successfully&#xD;
&#xD;
2021-03-01 18:49:52 - [MESSAGE][PASSED] - Modify property of object successfully&#xD;
&#xD;
2021-03-01 18:49:52 - [TEST_STEP][PASSED] - if (verifyTextPresent("Saved corpus", false, OPTIONAL)): Text 'Saved corpus' is not present on page  (Root cause: com.kms.katalon.core.exception.StepFailedException: Text 'Saved corpus' is not present on page &#xD;
	at com.kms.katalon.core.webui.keyword.internal.WebUIKeywordMain.stepFailed(WebUIKeywordMain.groovy:64)&#xD;
	at com.kms.katalon.core.webui.keyword.builtin.VerifyTextPresentKeyword$_verifyTextPresent_closure1.doCall(VerifyTextPresentKeyword.groovy:79)&#xD;
	at com.kms.katalon.core.webui.keyword.builtin.VerifyTextPresentKeyword$_verifyTextPresent_closure1.call(VerifyTextPresentKeyword.groovy)&#xD;
	at com.kms.katalon.core.webui.keyword.internal.WebUIKeywordMain.runKeyword(WebUIKeywordMain.groovy:20)&#xD;
	at com.kms.katalon.core.webui.keyword.builtin.VerifyTextPresentKeyword.verifyTextPresent(VerifyTextPresentKeyword.groovy:83)&#xD;
	at com.kms.katalon.core.webui.keyword.builtin.VerifyTextPresentKeyword.execute(VerifyTextPresentKeyword.groovy:68)&#xD;
	at com.kms.katalon.core.keyword.internal.KeywordExecutor.executeKeywordForPlatform(KeywordExecutor.groovy:56)&#xD;
	at com.kms.katalon.core.webui.keyword.WebUiBuiltInKeywords.verifyTextPresent(WebUiBuiltInKeywords.groovy:1677)&#xD;
	at com.kms.katalon.core.webui.keyword.WebUiBuiltInKeywords$verifyTextPresent$21.call(Unknown Source)&#xD;
	at encryptionOnSessions_Test.run(encryptionOnSessions_Test:73)&#xD;
	at com.kms.katalon.core.main.ScriptEngine.run(ScriptEngine.java:194)&#xD;
	at com.kms.katalon.core.main.ScriptEngine.runScriptAsRawText(ScriptEngine.java:119)&#xD;
	at com.kms.katalon.core.main.TestCaseExecutor.runScript(TestCaseExecutor.java:337)&#xD;
	at com.kms.katalon.core.main.TestCaseExecutor.doExecute(TestCaseExecutor.java:328)&#xD;
	at com.kms.katalon.core.main.TestCaseExecutor.processExecutionPhase(TestCaseExecutor.java:307)&#xD;
	at com.kms.katalon.core.main.TestCaseExecutor.accessMainPhase(TestCaseExecutor.java:299)&#xD;
	at com.kms.katalon.core.main.TestCaseExecutor.execute(TestCaseExecutor.java:233)&#xD;
	at com.kms.katalon.core.main.TestSuiteExecutor.accessTestCaseMainPhase(TestSuiteExecutor.java:169)&#xD;
	at com.kms.katalon.core.main.TestSuiteExecutor.accessTestSuiteMainPhase(TestSuiteExecutor.java:142)&#xD;
	at com.kms.katalon.core.main.TestSuiteExecutor.execute(TestSuiteExecutor.java:91)&#xD;
	at com.kms.katalon.core.main.TestCaseMain.startTestSuite(TestCaseMain.java:157)&#xD;
	at com.kms.katalon.core.main.TestCaseMain$startTestSuite$0.call(Unknown Source)&#xD;
	at TempTestSuite1614603218850.run(TempTestSuite1614603218850.groovy:35)&#xD;
)&#xD;
&#xD;
2021-03-01 18:50:00 - [MESSAGE][WARNING] - Text 'Saved corpus' is not present on page  (Root cause: com.kms.katalon.core.exception.StepFailedException: Text 'Saved corpus' is not present on page &#xD;
	at com.kms.katalon.core.webui.keyword.internal.WebUIKeywordMain.stepFailed(WebUIKeywordMain.groovy:64)&#xD;
	at com.kms.katalon.core.webui.keyword.builtin.VerifyTextPresentKeyword$_verifyTextPresent_closure1.doCall(VerifyTextPresentKeyword.groovy:79)&#xD;
	at com.kms.katalon.core.webui.keyword.builtin.VerifyTextPresentKeyword$_verifyTextPresent_closure1.call(VerifyTextPresentKeyword.groovy)&#xD;
	at com.kms.katalon.core.webui.keyword.internal.WebUIKeywordMain.runKeyword(WebUIKeywordMain.groovy:20)&#xD;
	at com.kms.katalon.core.webui.keyword.builtin.VerifyTextPresentKeyword.verifyTextPresent(VerifyTextPresentKeyword.groovy:83)&#xD;
	at com.kms.katalon.core.webui.keyword.builtin.VerifyTextPresentKeyword.execute(VerifyTextPresentKeyword.groovy:68)&#xD;
	at com.kms.katalon.core.keyword.internal.KeywordExecutor.executeKeywordForPlatform(KeywordExecutor.groovy:56)&#xD;
	at com.kms.katalon.core.webui.keyword.WebUiBuiltInKeywords.verifyTextPresent(WebUiBuiltInKeywords.groovy:1677)&#xD;
	at com.kms.katalon.core.webui.keyword.WebUiBuiltInKeywords$verifyTextPresent$21.call(Unknown Source)&#xD;
	at encryptionOnSessions_Test.run(encryptionOnSessions_Test:73)&#xD;
	at com.kms.katalon.core.main.ScriptEngine.run(ScriptEngine.java:194)&#xD;
	at com.kms.katalon.core.main.ScriptEngine.runScriptAsRawText(ScriptEngine.java:119)&#xD;
	at com.kms.katalon.core.main.TestCaseExecutor.runScript(TestCaseExecutor.java:337)&#xD;
	at com.kms.katalon.core.main.TestCaseExecutor.doExecute(TestCaseExecutor.java:328)&#xD;
	at com.kms.katalon.core.main.TestCaseExecutor.processExecutionPhase(TestCaseExecutor.java:307)&#xD;
	at com.kms.katalon.core.main.TestCaseExecutor.accessMainPhase(TestCaseExecutor.java:299)&#xD;
	at com.kms.katalon.core.main.TestCaseExecutor.execute(TestCaseExecutor.java:233)&#xD;
	at com.kms.katalon.core.main.TestSuiteExecutor.accessTestCaseMainPhase(TestSuiteExecutor.java:169)&#xD;
	at com.kms.katalon.core.main.TestSuiteExecutor.accessTestSuiteMainPhase(TestSuiteExecutor.java:142)&#xD;
	at com.kms.katalon.core.main.TestSuiteExecutor.execute(TestSuiteExecutor.java:91)&#xD;
	at com.kms.katalon.core.main.TestCaseMain.startTestSuite(TestCaseMain.java:157)&#xD;
	at com.kms.katalon.core.main.TestCaseMain$startTestSuite$0.call(Unknown Source)&#xD;
	at TempTestSuite1614603218850.run(TempTestSuite1614603218850.groovy:35)&#xD;
)&#xD;
&#xD;
2021-03-01 18:50:00 - [TEST_STEP][PASSED] - else: Text 'Trained corpus' is present on page &#xD;
&#xD;
2021-03-01 18:50:00 - [TEST_STEP][PASSED] - verifyTextPresent("Trained corpus", false, STOP_ON_FAILURE): Text 'Trained corpus' is present on page &#xD;
&#xD;
2021-03-01 18:50:05 - [MESSAGE][PASSED] - Text 'Trained corpus' is present on page &#xD;
&#xD;
2021-03-01 18:50:05 - [TEST_STEP][PASSED] - Start listener action : write: null&#xD;
&#xD;
2021-03-01 18:50:05 - [TEST_STEP][PASSED] - if (getTestCaseStatus().contentEquals("PASSED")): null&#xD;
&#xD;
2021-03-01 18:50:05 - [TEST_STEP][PASSED] - extentTest.log(PASS, MarkupHelper.createLabel(testCaseContext.getTestCaseId(), GREEN)): null</system-out>
            <system-err></system-err>
        </testcase>
        <system-out>2021-03-01 18:24:04 - [TEST_SUITE][INCOMPLETE] - FAQ_SSO: null</system-out>
        <system-err>2021-03-01 18:24:04 - [TEST_SUITE][INCOMPLETE] - FAQ_SSO: null</system-err>
    </testsuite>
</testsuites>
