<?xml version="1.0" encoding="UTF-8" standalone="yes"?>
<testsuites name="TASK_SSO" time="2126" tests="17" failures="0" errors="3">
    <testsuite name="TASK_SSO" tests="17" failures="0" errors="3" time="2126" timestamp="2020-10-30 16:35:16" hostname="narendra.n - WLPT580.imidomain.com" id="Test Suites/TASK_SSO">
        <properties>
            <property name="deviceName" value=""/>
            <property name="devicePlatform" value=""/>
            <property name="logFolder" value="D:\\IMIbot.ai-Project\\Reports\\20201030_163500\\TASK_SSO\\20201030_163500"/>
            <property name="logFiles" value="D:\\IMIbot.ai-Project\\Reports\\20201030_163500\\TASK_SSO\\20201030_163500\\execution0.log"/>
            <property name="attachments" value="D:\\IMIbot.ai-Project\\Reports\\20201030_163500\\TASK_SSO\\20201030_163500\\1604056720874.png"/>
            <property name="hostName" value="narendra.n - WLPT580.imidomain.com"/>
            <property name="os" value="Windows 8.1 64bit"/>
            <property name="katalonVersion" value="6.3.3.11"/>
            <property name="browser" value="Chrome 86.0.4240.111"/>
            <property name="hostAddress" value="192.168.29.195"/>
            <property name="sessionId" value="203fa5d3485ae4b42f8989710405fee7"/>
            <property name="seleniumVersion" value="3.141.59"/>
            <property name="proxyInformation" value="ProxyInformation{proxyOption=NO_PROXY, proxyServerType=HTTP, password=, proxyServerAddress=, proxyServerPort=0}"/>
            <property name="platform" value="Windows 8.1"/>
        </properties>
        <testcase name="Test Cases/TASK_SSO/botCreation_Test" classname="Test Cases/TASK_SSO/botCreation_Test" status="PASSED">
            <system-out>2020-10-30 16:36:08 - [TEST_CASE][PASSED] - Test Cases/TASK_SSO/botCreation_Test: Test Cases/TASK_SSO/botCreation_Test&#xD;
&#xD;
2020-10-30 16:36:08 - [TEST_STEP][PASSED] - platform.Method.clickOnElement(findTestObject("Generic/webObjectWithText", ["textValue":"Task bots"])): platform.Method.clickOnElement is PASSED&#xD;
&#xD;
2020-10-30 16:36:13 - [MESSAGE][PASSED] - platform.Method.clickOnElement is PASSED&#xD;
&#xD;
2020-10-30 16:36:13 - [TEST_STEP][PASSED] - platform.Method.clickOnElement(findTestObject("Button/createBot")): platform.Method.clickOnElement is PASSED&#xD;
&#xD;
2020-10-30 16:36:16 - [MESSAGE][PASSED] - platform.Method.clickOnElement is PASSED&#xD;
&#xD;
2020-10-30 16:36:16 - [TEST_STEP][PASSED] - sendKeys(findTestObject("Input/botName"), nameOfTheBot): Keys 'v4.5 Task' sent to object: 'Object Repository/Input/botName'&#xD;
&#xD;
2020-10-30 16:36:19 - [MESSAGE][PASSED] - Keys 'v4.5 Task' sent to object: 'Object Repository/Input/botName'&#xD;
&#xD;
2020-10-30 16:36:19 - [TEST_STEP][PASSED] - platform.Method.clickOnElement(findTestObject("Toggle/feedback")): platform.Method.clickOnElement is PASSED&#xD;
&#xD;
2020-10-30 16:36:22 - [MESSAGE][PASSED] - platform.Method.clickOnElement is PASSED&#xD;
&#xD;
2020-10-30 16:36:22 - [TEST_STEP][PASSED] - platform.Method.clickOnElement(findTestObject("Button/done")): platform.Method.clickOnElement is PASSED&#xD;
&#xD;
2020-10-30 16:36:24 - [MESSAGE][PASSED] - platform.Method.clickOnElement is PASSED&#xD;
&#xD;
2020-10-30 16:36:24 - [TEST_STEP][PASSED] - waitForElementVisible(findTestObject("Generic/modelState"), 60, OPTIONAL): Object 'Object Repository/Generic/modelState' is visible&#xD;
&#xD;
2020-10-30 16:36:33 - [MESSAGE][PASSED] - Object 'Object Repository/Generic/modelState' is visible&#xD;
&#xD;
2020-10-30 16:36:33 - [TEST_STEP][PASSED] - if (!(verifyElementText(findTestObject("Generic/modelState"), "Trained", OPTIONAL))): Actual text and expected text of test object 'Object Repository/Generic/modelState' are matched.&#xD;
&#xD;
2020-10-30 16:36:35 - [MESSAGE][PASSED] - Actual text and expected text of test object 'Object Repository/Generic/modelState' are matched.</system-out>
            <system-err></system-err>
        </testcase>
        <testcase name="Test Cases/TASK_SSO/botCardPreview_Test" classname="Test Cases/TASK_SSO/botCardPreview_Test" status="PASSED">
            <system-out>2020-10-30 16:36:35 - [TEST_CASE][PASSED] - Test Cases/TASK_SSO/botCardPreview_Test: Test Cases/TASK_SSO/botCardPreview_Test&#xD;
&#xD;
2020-10-30 16:36:36 - [TEST_STEP][PASSED] - platform.Method.clickOnElement(findTestObject("Generic/imiLogo")): platform.Method.clickOnElement is PASSED&#xD;
&#xD;
2020-10-30 16:36:38 - [MESSAGE][PASSED] - platform.Method.clickOnElement is PASSED&#xD;
&#xD;
2020-10-30 16:36:38 - [TEST_STEP][PASSED] - waitForElementVisible(findTestObject("Button/createBot"), 20, OPTIONAL): Object 'Object Repository/Button/createBot' is visible&#xD;
&#xD;
2020-10-30 16:36:51 - [MESSAGE][PASSED] - Object 'Object Repository/Button/createBot' is visible&#xD;
&#xD;
2020-10-30 16:36:51 - [TEST_STEP][PASSED] - platform.Method.clickOnElement(findTestObject("Generic/webObjectWithText", ["textValue":"Task bots"])): platform.Method.clickOnElement is PASSED&#xD;
&#xD;
2020-10-30 16:36:54 - [MESSAGE][PASSED] - platform.Method.clickOnElement is PASSED&#xD;
&#xD;
2020-10-30 16:36:54 - [TEST_STEP][PASSED] - waitForElementVisible(findTestObject("Button/createBot"), 20, OPTIONAL): Object 'Object Repository/Button/createBot' is visible&#xD;
&#xD;
2020-10-30 16:36:57 - [MESSAGE][PASSED] - Object 'Object Repository/Button/createBot' is visible&#xD;
&#xD;
2020-10-30 16:36:57 - [TEST_STEP][PASSED] - platform.Preview.startBotCardPreview("Task bots", TASK_BOT): platform.Preview.startBotCardPreview is PASSED&#xD;
&#xD;
2020-10-30 16:37:57 - [MESSAGE][PASSED] - platform.Preview.startBotCardPreview is PASSED&#xD;
&#xD;
2020-10-30 16:37:57 - [TEST_STEP][PASSED] - waitForElementPresent(findTestObject("Input/chatInput"), 5, OPTIONAL): Object 'Object Repository/Input/chatInput' is present&#xD;
&#xD;
2020-10-30 16:37:59 - [MESSAGE][PASSED] - Object 'Object Repository/Input/chatInput' is present&#xD;
&#xD;
2020-10-30 16:37:59 - [TEST_STEP][PASSED] - sendKeys(findTestObject("Input/chatInput"), Keys.chord(userQuery, ENTER), STOP_ON_FAILURE): Keys 'ENTER + how can you help me?' sent to object: 'Object Repository/Input/chatInput'&#xD;
&#xD;
2020-10-30 16:38:01 - [MESSAGE][PASSED] - Keys 'ENTER + how can you help me?' sent to object: 'Object Repository/Input/chatInput'&#xD;
&#xD;
2020-10-30 16:38:01 - [TEST_STEP][PASSED] - delay(3): Delayed 3 second(s)&#xD;
&#xD;
2020-10-30 16:38:05 - [MESSAGE][PASSED] - Delayed 3 second(s)&#xD;
&#xD;
2020-10-30 16:38:05 - [TEST_STEP][PASSED] - platform.Preview.verifyBotResponse(stringToCheck): YOUR TEXT HAS A MATCH&#xD;
&#xD;
2020-10-30 16:38:08 - [MESSAGE][PASSED] - Delayed 3 second(s)&#xD;
&#xD;
2020-10-30 16:38:11 - [MESSAGE][PASSED] - YOUR TEXT HAS A MATCH&#xD;
&#xD;
2020-10-30 16:38:11 - [TEST_STEP][PASSED] - platform.Method.clickOnElement(findTestObject("GenericII/minimize")): platform.Method.clickOnElement is PASSED&#xD;
&#xD;
2020-10-30 16:38:13 - [MESSAGE][PASSED] - platform.Method.clickOnElement is PASSED</system-out>
            <system-err></system-err>
        </testcase>
        <testcase name="Test Cases/TASK_SSO/botCardMenu_Test" classname="Test Cases/TASK_SSO/botCardMenu_Test" status="PASSED">
            <system-out>2020-10-30 16:38:13 - [TEST_CASE][PASSED] - Test Cases/TASK_SSO/botCardMenu_Test: Test Cases/TASK_SSO/botCardMenu_Test&#xD;
&#xD;
2020-10-30 16:38:15 - [TEST_STEP][PASSED] - botCardOptions = platform.Method.verifyBotCardMenu("Task bots", TASK_BOT): platform.Method.verifyBotCardMenu is PASSED&#xD;
&#xD;
2020-10-30 16:38:21 - [MESSAGE][PASSED] - Object 'Object Repository/Button/botCardPreview' is present&#xD;
&#xD;
2020-10-30 16:38:23 - [MESSAGE][PASSED] - Object: 'Object Repository/Button/botCardMenu' is hovered&#xD;
&#xD;
2020-10-30 16:38:32 - [MESSAGE][PASSED] - platform.Method.verifyBotCardMenu is PASSED&#xD;
&#xD;
2020-10-30 16:38:32 - [TEST_STEP][PASSED] - verifyElementPresent(findTestObject("Generic/webObjectWithText", ["textValue":"Copy Preview Link"]), 5, STOP_ON_FAILURE): Object 'Object Repository/Generic/webObjectWithText' is present&#xD;
&#xD;
2020-10-30 16:38:33 - [MESSAGE][PASSED] - Object 'Object Repository/Generic/webObjectWithText' is present&#xD;
&#xD;
2020-10-30 16:38:33 - [TEST_STEP][PASSED] - assert botCardOptions.containsAll(BOT_CARD_OPTION) == true: null&#xD;
&#xD;
2020-10-30 16:38:33 - [TEST_STEP][PASSED] - platform.Method.clickOnElement(findTestObject("Generic/webObjectWithText", ["textValue":TASK_BOT])): platform.Method.clickOnElement is PASSED&#xD;
&#xD;
2020-10-30 16:38:36 - [MESSAGE][PASSED] - platform.Method.clickOnElement is PASSED&#xD;
&#xD;
2020-10-30 16:38:36 - [TEST_STEP][PASSED] - waitForElementPresent(findTestObject("Generic/webObjectWithText", ["textValue":"Bot configuration"]), 10, STOP_ON_FAILURE): Object 'Object Repository/Generic/webObjectWithText' is present&#xD;
&#xD;
2020-10-30 16:38:38 - [MESSAGE][PASSED] - Object 'Object Repository/Generic/webObjectWithText' is present&#xD;
&#xD;
2020-10-30 16:38:38 - [TEST_STEP][PASSED] - platform.Method.clickOnElement(findTestObject("Generic/nlp")): platform.Method.clickOnElement is PASSED&#xD;
&#xD;
2020-10-30 16:38:40 - [MESSAGE][PASSED] - platform.Method.clickOnElement is PASSED&#xD;
&#xD;
2020-10-30 16:38:40 - [TEST_STEP][PASSED] - waitForElementPresent(findTestObject("Generic/webObjectWithText", ["textValue":"Input recognition"]), 10, STOP_ON_FAILURE): Object 'Object Repository/Generic/webObjectWithText' is present&#xD;
&#xD;
2020-10-30 16:38:42 - [MESSAGE][PASSED] - Object 'Object Repository/Generic/webObjectWithText' is present&#xD;
&#xD;
2020-10-30 16:38:42 - [TEST_STEP][PASSED] - platform.Method.clickOnElement(findTestObject("Generic/training")): platform.Method.clickOnElement is PASSED&#xD;
&#xD;
2020-10-30 16:38:44 - [MESSAGE][PASSED] - platform.Method.clickOnElement is PASSED&#xD;
&#xD;
2020-10-30 16:38:44 - [TEST_STEP][PASSED] - waitForElementPresent(findTestObject("Generic/webObjectWithText", ["textValue":"Training data"]), 10, STOP_ON_FAILURE): Object 'Object Repository/Generic/webObjectWithText' is present&#xD;
&#xD;
2020-10-30 16:38:46 - [MESSAGE][PASSED] - Object 'Object Repository/Generic/webObjectWithText' is present&#xD;
&#xD;
2020-10-30 16:38:46 - [TEST_STEP][PASSED] - platform.Method.clickOnElement(findTestObject("Generic/response")): platform.Method.clickOnElement is PASSED&#xD;
&#xD;
2020-10-30 16:38:49 - [MESSAGE][PASSED] - platform.Method.clickOnElement is PASSED&#xD;
&#xD;
2020-10-30 16:38:49 - [TEST_STEP][PASSED] - waitForElementPresent(findTestObject("Generic/webObjectWithText", ["textValue":"Responses"]), 10, STOP_ON_FAILURE): Object 'Object Repository/Generic/webObjectWithText' is present&#xD;
&#xD;
2020-10-30 16:38:50 - [MESSAGE][PASSED] - Object 'Object Repository/Generic/webObjectWithText' is present&#xD;
&#xD;
2020-10-30 16:38:50 - [TEST_STEP][PASSED] - platform.Method.clickOnElement(findTestObject("Generic/curation")): platform.Method.clickOnElement is PASSED&#xD;
&#xD;
2020-10-30 16:38:54 - [MESSAGE][PASSED] - platform.Method.clickOnElement is PASSED&#xD;
&#xD;
2020-10-30 16:38:54 - [TEST_STEP][PASSED] - waitForElementPresent(findTestObject("Generic/webObjectWithText", ["textValue":"Unresolved issues"]), 10, STOP_ON_FAILURE): Object 'Object Repository/Generic/webObjectWithText' is present&#xD;
&#xD;
2020-10-30 16:38:56 - [MESSAGE][PASSED] - Object 'Object Repository/Generic/webObjectWithText' is present&#xD;
&#xD;
2020-10-30 16:38:56 - [TEST_STEP][PASSED] - platform.Method.clickOnElement(findTestObject("Generic/session")): platform.Method.clickOnElement is PASSED&#xD;
&#xD;
2020-10-30 16:38:59 - [MESSAGE][PASSED] - platform.Method.clickOnElement is PASSED&#xD;
&#xD;
2020-10-30 16:38:59 - [TEST_STEP][PASSED] - waitForElementPresent(findTestObject("Generic/webObjectWithText", ["textValue":"Conversations"]), 10, STOP_ON_FAILURE): Object 'Object Repository/Generic/webObjectWithText' is present&#xD;
&#xD;
2020-10-30 16:39:00 - [MESSAGE][PASSED] - Object 'Object Repository/Generic/webObjectWithText' is present&#xD;
&#xD;
2020-10-30 16:39:00 - [TEST_STEP][PASSED] - platform.Method.clickOnElement(findTestObject("Generic/webObjectWithText", ["textValue":"History"])): platform.Method.clickOnElement is PASSED&#xD;
&#xD;
2020-10-30 16:39:02 - [MESSAGE][PASSED] - platform.Method.clickOnElement is PASSED&#xD;
&#xD;
2020-10-30 16:39:02 - [TEST_STEP][PASSED] - waitForElementPresent(findTestObject("Generic/webObjectWithText", ["textValue":"History"]), 10, STOP_ON_FAILURE): Object 'Object Repository/Generic/webObjectWithText' is present&#xD;
&#xD;
2020-10-30 16:39:04 - [MESSAGE][PASSED] - Object 'Object Repository/Generic/webObjectWithText' is present</system-out>
            <system-err></system-err>
        </testcase>
        <testcase name="Test Cases/TASK_SSO/sideNavigation_Test" classname="Test Cases/TASK_SSO/sideNavigation_Test" status="PASSED">
            <system-out>2020-10-30 16:39:04 - [TEST_CASE][PASSED] - Test Cases/TASK_SSO/sideNavigation_Test: Test Cases/TASK_SSO/sideNavigation_Test&#xD;
&#xD;
2020-10-30 16:39:05 - [TEST_STEP][PASSED] - platform.Method.clickOnElement(findTestObject("Generic/webObjectWithText", ["textValue":TASK_BOT])): platform.Method.clickOnElement is PASSED&#xD;
&#xD;
2020-10-30 16:39:08 - [MESSAGE][PASSED] - platform.Method.clickOnElement is PASSED&#xD;
&#xD;
2020-10-30 16:39:08 - [TEST_STEP][PASSED] - waitForElementVisible(findTestObject("ICONS/sidebarSettings"), 20, OPTIONAL): Object 'Object Repository/ICONS/sidebarSettings' is visible&#xD;
&#xD;
2020-10-30 16:39:10 - [MESSAGE][PASSED] - Object 'Object Repository/ICONS/sidebarSettings' is visible&#xD;
&#xD;
2020-10-30 16:39:10 - [TEST_STEP][PASSED] - waitForElementPresent(findTestObject("Generic/webObjectWithText", ["textValue":"Bot configuration"]), 10, STOP_ON_FAILURE): Object 'Object Repository/Generic/webObjectWithText' is not present after 10 second(s)&#xD;
&#xD;
2020-10-30 16:39:21 - [MESSAGE][INFO] - Unable to find the element located by 'By.xpath: //*[contains(text(),'Bot configuration')]'. Please recheck the objects properties to make sure the desired element is located. &#xD;
&#xD;
2020-10-30 16:39:22 - [MESSAGE][WARNING] - Object 'Object Repository/Generic/webObjectWithText' is not present after 10 second(s)&#xD;
&#xD;
2020-10-30 16:39:22 - [TEST_STEP][PASSED] - platform.Method.clickOnElement(findTestObject("Generic/nlp")): platform.Method.clickOnElement is PASSED&#xD;
&#xD;
2020-10-30 16:39:24 - [MESSAGE][PASSED] - platform.Method.clickOnElement is PASSED&#xD;
&#xD;
2020-10-30 16:39:24 - [TEST_STEP][PASSED] - waitForElementPresent(findTestObject("Generic/webObjectWithText", ["textValue":"Input recognition"]), 10, STOP_ON_FAILURE): Object 'Object Repository/Generic/webObjectWithText' is present&#xD;
&#xD;
2020-10-30 16:39:26 - [MESSAGE][PASSED] - Object 'Object Repository/Generic/webObjectWithText' is present&#xD;
&#xD;
2020-10-30 16:39:26 - [TEST_STEP][PASSED] - platform.Method.clickOnElement(findTestObject("Generic/training")): platform.Method.clickOnElement is PASSED&#xD;
&#xD;
2020-10-30 16:39:29 - [MESSAGE][PASSED] - platform.Method.clickOnElement is PASSED&#xD;
&#xD;
2020-10-30 16:39:29 - [TEST_STEP][PASSED] - waitForElementPresent(findTestObject("Generic/webObjectWithText", ["textValue":"Training data"]), 10, STOP_ON_FAILURE): Object 'Object Repository/Generic/webObjectWithText' is present&#xD;
&#xD;
2020-10-30 16:39:30 - [MESSAGE][PASSED] - Object 'Object Repository/Generic/webObjectWithText' is present&#xD;
&#xD;
2020-10-30 16:39:30 - [TEST_STEP][PASSED] - platform.Method.clickOnElement(findTestObject("Generic/response")): platform.Method.clickOnElement is PASSED&#xD;
&#xD;
2020-10-30 16:39:33 - [MESSAGE][PASSED] - platform.Method.clickOnElement is PASSED&#xD;
&#xD;
2020-10-30 16:39:33 - [TEST_STEP][PASSED] - waitForElementPresent(findTestObject("Generic/webObjectWithText", ["textValue":"Responses"]), 10, STOP_ON_FAILURE): Object 'Object Repository/Generic/webObjectWithText' is present&#xD;
&#xD;
2020-10-30 16:39:34 - [MESSAGE][PASSED] - Object 'Object Repository/Generic/webObjectWithText' is present&#xD;
&#xD;
2020-10-30 16:39:34 - [TEST_STEP][PASSED] - platform.Method.clickOnElement(findTestObject("Generic/curation")): platform.Method.clickOnElement is PASSED&#xD;
&#xD;
2020-10-30 16:39:38 - [MESSAGE][PASSED] - platform.Method.clickOnElement is PASSED&#xD;
&#xD;
2020-10-30 16:39:38 - [TEST_STEP][PASSED] - waitForElementPresent(findTestObject("Generic/webObjectWithText", ["textValue":"Unresolved issues"]), 10, STOP_ON_FAILURE): Object 'Object Repository/Generic/webObjectWithText' is present&#xD;
&#xD;
2020-10-30 16:39:40 - [MESSAGE][PASSED] - Object 'Object Repository/Generic/webObjectWithText' is present&#xD;
&#xD;
2020-10-30 16:39:40 - [TEST_STEP][PASSED] - platform.Method.clickOnElement(findTestObject("Generic/session")): platform.Method.clickOnElement is PASSED&#xD;
&#xD;
2020-10-30 16:39:43 - [MESSAGE][PASSED] - platform.Method.clickOnElement is PASSED&#xD;
&#xD;
2020-10-30 16:39:43 - [TEST_STEP][PASSED] - waitForElementPresent(findTestObject("Generic/webObjectWithText", ["textValue":"Conversations"]), 10, STOP_ON_FAILURE): Object 'Object Repository/Generic/webObjectWithText' is present&#xD;
&#xD;
2020-10-30 16:39:44 - [MESSAGE][PASSED] - Object 'Object Repository/Generic/webObjectWithText' is present&#xD;
&#xD;
2020-10-30 16:39:44 - [TEST_STEP][PASSED] - platform.Method.clickOnElement(findTestObject("Generic/webObjectWithText", ["textValue":"History"])): platform.Method.clickOnElement is PASSED&#xD;
&#xD;
2020-10-30 16:39:47 - [MESSAGE][PASSED] - platform.Method.clickOnElement is PASSED&#xD;
&#xD;
2020-10-30 16:39:47 - [TEST_STEP][PASSED] - waitForElementPresent(findTestObject("Generic/webObjectWithText", ["textValue":"History"]), 10, STOP_ON_FAILURE): Object 'Object Repository/Generic/webObjectWithText' is present&#xD;
&#xD;
2020-10-30 16:39:49 - [MESSAGE][PASSED] - Object 'Object Repository/Generic/webObjectWithText' is present</system-out>
            <system-err></system-err>
        </testcase>
        <testcase name="Test Cases/TASK_SSO/createRichDynamicResponse_Test" classname="Test Cases/TASK_SSO/createRichDynamicResponse_Test" status="PASSED">
            <system-out>2020-10-30 16:39:49 - [TEST_CASE][PASSED] - Test Cases/TASK_SSO/createRichDynamicResponse_Test: Test Cases/TASK_SSO/createRichDynamicResponse_Test&#xD;
&#xD;
2020-10-30 16:39:50 - [TEST_STEP][PASSED] - platform.Method.clickOnElement(findTestObject("Generic/response")): platform.Method.clickOnElement is PASSED&#xD;
&#xD;
2020-10-30 16:39:53 - [MESSAGE][PASSED] - platform.Method.clickOnElement is PASSED&#xD;
&#xD;
2020-10-30 16:39:53 - [TEST_STEP][PASSED] - testData = findTestData("Data Files/testData_Task"): null&#xD;
&#xD;
2020-10-30 16:39:57 - [TEST_STEP][PASSED] - platform.Response.createRichResponse(testData.getValue("rich_template", 1), testData.getValue("rich_template_value", 1)): platform.Response.createRichResponse is PASSED&#xD;
&#xD;
2020-10-30 16:40:04 - [MESSAGE][PASSED] - Text 'incorrect_order' is set on object 'Object Repository/NewRepo2/templateKeyName'&#xD;
&#xD;
2020-10-30 16:40:09 - [MESSAGE][PASSED] - Delayed 2 second(s)&#xD;
&#xD;
2020-10-30 16:40:14 - [MESSAGE][PASSED] - Keys 'You have requested with an incorrect order number. Please request a correct order number' sent to object: 'Object Repository/Input/textResponse'&#xD;
&#xD;
2020-10-30 16:40:16 - [MESSAGE][PASSED] - platform.Response.createRichResponse is PASSED&#xD;
&#xD;
2020-10-30 16:40:16 - [TEST_STEP][PASSED] - platform.Response.createRichResponse(testData.getValue("rich_template", 2), testData.getValue("rich_template_value", 2)): platform.Response.createRichResponse is PASSED&#xD;
&#xD;
2020-10-30 16:40:24 - [MESSAGE][PASSED] - Text 'product_not_found' is set on object 'Object Repository/NewRepo2/templateKeyName'&#xD;
&#xD;
2020-10-30 16:40:28 - [MESSAGE][PASSED] - Delayed 2 second(s)&#xD;
&#xD;
2020-10-30 16:40:33 - [MESSAGE][PASSED] - Keys 'Oops!! Sorry, Requested product is not available' sent to object: 'Object Repository/Input/textResponse'&#xD;
&#xD;
2020-10-30 16:40:35 - [MESSAGE][PASSED] - platform.Response.createRichResponse is PASSED&#xD;
&#xD;
2020-10-30 16:40:35 - [TEST_STEP][PASSED] - platform.Response.createRichResponse(testData.getValue("rich_template", 3), testData.getValue("rich_template_value", 3)): platform.Response.createRichResponse is PASSED&#xD;
&#xD;
2020-10-30 16:40:43 - [MESSAGE][PASSED] - Text 'success_message' is set on object 'Object Repository/NewRepo2/templateKeyName'&#xD;
&#xD;
2020-10-30 16:40:48 - [MESSAGE][PASSED] - Delayed 2 second(s)&#xD;
&#xD;
2020-10-30 16:40:52 - [MESSAGE][PASSED] - Keys 'Your Query is successfully Answered' sent to object: 'Object Repository/Input/textResponse'&#xD;
&#xD;
2020-10-30 16:40:55 - [MESSAGE][PASSED] - platform.Response.createRichResponse is PASSED&#xD;
&#xD;
2020-10-30 16:40:55 - [TEST_STEP][PASSED] - platform.Response.createRichResponse(testData.getValue("rich_template", 5), testData.getValue("rich_template_value", 5)): platform.Response.createRichResponse is PASSED&#xD;
&#xD;
2020-10-30 16:41:01 - [MESSAGE][PASSED] - Text 'payment_option' is set on object 'Object Repository/NewRepo2/templateKeyName'&#xD;
&#xD;
2020-10-30 16:41:06 - [MESSAGE][PASSED] - Delayed 2 second(s)&#xD;
&#xD;
2020-10-30 16:41:13 - [MESSAGE][PASSED] - Keys 'Through PayPal we offer 0% APR interest for 4 months on your purchase of £99 or more. You can choose PayPal* finance online, at the checkout section.' sent to object: 'Object Repository/Input/textResponse'&#xD;
&#xD;
2020-10-30 16:41:15 - [MESSAGE][PASSED] - platform.Response.createRichResponse is PASSED&#xD;
&#xD;
2020-10-30 16:41:15 - [TEST_STEP][PASSED] - platform.Response.createDynamicResponse(testData.getValue("dynamic_template", 1), testData.getValue("dynamic_template_file", 1)): platform.Response.createDynamicResponse is PASSED&#xD;
&#xD;
2020-10-30 16:41:23 - [MESSAGE][PASSED] - Text 'delivery_template' is set on object 'Object Repository/NewRepo2/templateKeyName'&#xD;
&#xD;
2020-10-30 16:41:27 - [MESSAGE][PASSED] - Delayed 2 second(s)&#xD;
&#xD;
2020-10-30 16:41:35 - [MESSAGE][PASSED] - File 'D:/IMIbot.ai-Project/Collection/delivery_template.py' sent to object: 'Object Repository/Input/uploadFile'&#xD;
&#xD;
2020-10-30 16:41:38 - [MESSAGE][PASSED] - platform.Response.createDynamicResponse is PASSED&#xD;
&#xD;
2020-10-30 16:41:38 - [TEST_STEP][PASSED] - waitForElementPresent(findTestObject("Generic/webObjectWithText", ["textValue":"Welcome message "]), 20, OPTIONAL): Object 'Object Repository/Generic/webObjectWithText' is present&#xD;
&#xD;
2020-10-30 16:41:39 - [MESSAGE][PASSED] - Object 'Object Repository/Generic/webObjectWithText' is present&#xD;
&#xD;
2020-10-30 16:41:39 - [TEST_STEP][PASSED] - platform.Method.clickOnElement(findTestObject("Generic/webObjectWithText", ["textValue":"Welcome message "])): platform.Method.clickOnElement is PASSED&#xD;
&#xD;
2020-10-30 16:41:42 - [MESSAGE][PASSED] - platform.Method.clickOnElement is PASSED&#xD;
&#xD;
2020-10-30 16:41:42 - [TEST_STEP][PASSED] - platform.Response.createDynamicResponse(testData.getValue("dynamic_template", 2), testData.getValue("dynamic_template_file", 2)): platform.Response.createDynamicResponse is PASSED&#xD;
&#xD;
2020-10-30 16:41:49 - [MESSAGE][PASSED] - Text 'order_status_template' is set on object 'Object Repository/NewRepo2/templateKeyName'&#xD;
&#xD;
2020-10-30 16:41:53 - [MESSAGE][PASSED] - Delayed 2 second(s)&#xD;
&#xD;
2020-10-30 16:42:01 - [MESSAGE][PASSED] - File 'D:/IMIbot.ai-Project/Collection/order_status_template.py' sent to object: 'Object Repository/Input/uploadFile'&#xD;
&#xD;
2020-10-30 16:42:03 - [MESSAGE][PASSED] - platform.Response.createDynamicResponse is PASSED&#xD;
&#xD;
2020-10-30 16:42:03 - [TEST_STEP][PASSED] - waitForElementPresent(findTestObject("ICONS/toastMsg"), 20, OPTIONAL): Object 'Object Repository/ICONS/toastMsg' is present&#xD;
&#xD;
2020-10-30 16:42:05 - [MESSAGE][PASSED] - Object 'Object Repository/ICONS/toastMsg' is present</system-out>
            <system-err></system-err>
        </testcase>
        <testcase name="Test Cases/TASK_SSO/entitiesCreationAndUpdate_Test" classname="Test Cases/TASK_SSO/entitiesCreationAndUpdate_Test" status="PASSED">
            <system-out>2020-10-30 16:42:05 - [TEST_CASE][PASSED] - Test Cases/TASK_SSO/entitiesCreationAndUpdate_Test: Test Cases/TASK_SSO/entitiesCreationAndUpdate_Test&#xD;
&#xD;
2020-10-30 16:42:06 - [TEST_STEP][PASSED] - platform.Method.clickOnElement(findTestObject("Generic/training")): platform.Method.clickOnElement is PASSED&#xD;
&#xD;
2020-10-30 16:42:09 - [MESSAGE][PASSED] - platform.Method.clickOnElement is PASSED&#xD;
&#xD;
2020-10-30 16:42:09 - [TEST_STEP][PASSED] - platform.Method.clickOnElement(findTestObject("Generic/webObjectWithText", ["textValue":"Entities"])): platform.Method.clickOnElement is PASSED&#xD;
&#xD;
2020-10-30 16:42:12 - [MESSAGE][PASSED] - platform.Method.clickOnElement is PASSED&#xD;
&#xD;
2020-10-30 16:42:12 - [TEST_STEP][PASSED] - testData = findTestData("Data Files/testData_Task"): null&#xD;
&#xD;
2020-10-30 16:42:13 - [TEST_STEP][PASSED] - platform.Method.clickOnElement(findTestObject("Button/createEntity")): platform.Method.clickOnElement is PASSED&#xD;
&#xD;
2020-10-30 16:42:15 - [MESSAGE][PASSED] - platform.Method.clickOnElement is PASSED&#xD;
&#xD;
2020-10-30 16:42:15 - [TEST_STEP][PASSED] - platform.Training.createEntity("city name", " Custom list ", "mumbai"): platform.Training.createEntity is PASSED&#xD;
&#xD;
2020-10-30 16:42:19 - [MESSAGE][PASSED] - Keys 'city name' sent to object: 'Object Repository/Input/entityName'&#xD;
&#xD;
2020-10-30 16:42:21 - [MESSAGE][INFO] - Entity Type:  Custom list &#xD;
&#xD;
2020-10-30 16:42:27 - [MESSAGE][PASSED] - Keys 'mumbai' sent to object: 'Object Repository/Input/defValueOfEntity'&#xD;
&#xD;
2020-10-30 16:42:30 - [MESSAGE][PASSED] - platform.Training.createEntity is PASSED&#xD;
&#xD;
2020-10-30 16:42:30 - [TEST_STEP][PASSED] - platform.Method.clickOnElement(findTestObject("Button/createEntity")): platform.Method.clickOnElement is PASSED&#xD;
&#xD;
2020-10-30 16:42:33 - [MESSAGE][PASSED] - platform.Method.clickOnElement is PASSED&#xD;
&#xD;
2020-10-30 16:42:33 - [TEST_STEP][PASSED] - platform.Training.createEntity("date", " Date ", null): platform.Training.createEntity is PASSED&#xD;
&#xD;
2020-10-30 16:42:36 - [MESSAGE][PASSED] - Keys 'date' sent to object: 'Object Repository/Input/entityName'&#xD;
&#xD;
2020-10-30 16:42:38 - [MESSAGE][INFO] - Entity Type:  Date &#xD;
&#xD;
2020-10-30 16:42:43 - [MESSAGE][PASSED] - platform.Training.createEntity is PASSED&#xD;
&#xD;
2020-10-30 16:42:43 - [TEST_STEP][PASSED] - for ([count = 2, count &lt;= testData.getRowNumbers(), (count++)]): null&#xD;
&#xD;
2020-10-30 16:42:43 - [TEST_STEP][PASSED] - if (testData.getValue("entity_name", count) != ""): platform.Training.createEntity is PASSED&#xD;
&#xD;
2020-10-30 16:42:43 - [TEST_STEP][PASSED] - platform.Method.clickOnElement(findTestObject("Button/createEntity")): platform.Method.clickOnElement is PASSED&#xD;
&#xD;
2020-10-30 16:42:45 - [MESSAGE][PASSED] - platform.Method.clickOnElement is PASSED&#xD;
&#xD;
2020-10-30 16:42:45 - [TEST_STEP][PASSED] - platform.Training.createEntity(testData.getValue("entity_name", count), testData.getValue("entity_type", count), testData.getValue("entity_value", count)): platform.Training.createEntity is PASSED&#xD;
&#xD;
2020-10-30 16:42:48 - [MESSAGE][PASSED] - Keys 'product_names' sent to object: 'Object Repository/Input/entityName'&#xD;
&#xD;
2020-10-30 16:42:50 - [MESSAGE][INFO] - Entity Type: Custom list&#xD;
&#xD;
2020-10-30 16:42:55 - [MESSAGE][PASSED] - Keys 'chair' sent to object: 'Object Repository/Input/defValueOfEntity'&#xD;
&#xD;
2020-10-30 16:42:58 - [MESSAGE][PASSED] - platform.Training.createEntity is PASSED&#xD;
&#xD;
2020-10-30 16:42:58 - [TEST_STEP][PASSED] - if (testData.getValue("entity_name", count) != ""): platform.Training.createEntity is PASSED&#xD;
&#xD;
2020-10-30 16:42:58 - [TEST_STEP][PASSED] - platform.Method.clickOnElement(findTestObject("Button/createEntity")): platform.Method.clickOnElement is PASSED&#xD;
&#xD;
2020-10-30 16:43:00 - [MESSAGE][PASSED] - platform.Method.clickOnElement is PASSED&#xD;
&#xD;
2020-10-30 16:43:00 - [TEST_STEP][PASSED] - platform.Training.createEntity(testData.getValue("entity_name", count), testData.getValue("entity_type", count), testData.getValue("entity_value", count)): platform.Training.createEntity is PASSED&#xD;
&#xD;
2020-10-30 16:43:03 - [MESSAGE][PASSED] - Keys 'order_id' sent to object: 'Object Repository/Input/entityName'&#xD;
&#xD;
2020-10-30 16:43:05 - [MESSAGE][INFO] - Entity Type: Regex&#xD;
&#xD;
2020-10-30 16:43:10 - [MESSAGE][PASSED] - Keys '\b\d{8}\b' sent to object: 'Object Repository/Input/defValueOfEntity'&#xD;
&#xD;
2020-10-30 16:43:12 - [MESSAGE][PASSED] - platform.Training.createEntity is PASSED&#xD;
&#xD;
2020-10-30 16:43:12 - [TEST_STEP][PASSED] - if (testData.getValue("entity_name", count) != ""): platform.Training.createEntity is PASSED&#xD;
&#xD;
2020-10-30 16:43:12 - [TEST_STEP][PASSED] - platform.Method.clickOnElement(findTestObject("Button/createEntity")): platform.Method.clickOnElement is PASSED&#xD;
&#xD;
2020-10-30 16:43:14 - [MESSAGE][PASSED] - platform.Method.clickOnElement is PASSED&#xD;
&#xD;
2020-10-30 16:43:14 - [TEST_STEP][PASSED] - platform.Training.createEntity(testData.getValue("entity_name", count), testData.getValue("entity_type", count), testData.getValue("entity_value", count)): platform.Training.createEntity is PASSED&#xD;
&#xD;
2020-10-30 16:43:17 - [MESSAGE][PASSED] - Keys 'zipcode' sent to object: 'Object Repository/Input/entityName'&#xD;
&#xD;
2020-10-30 16:43:19 - [MESSAGE][INFO] - Entity Type: Custom list&#xD;
&#xD;
2020-10-30 16:43:24 - [MESSAGE][PASSED] - Keys '\b\^[0-9]{6}\b' sent to object: 'Object Repository/Input/defValueOfEntity'&#xD;
&#xD;
2020-10-30 16:43:27 - [MESSAGE][PASSED] - platform.Training.createEntity is PASSED&#xD;
&#xD;
2020-10-30 16:43:27 - [TEST_STEP][PASSED] - if (testData.getValue("entity_name", count) != ""): null&#xD;
&#xD;
2020-10-30 16:43:27 - [TEST_STEP][PASSED] - else: null&#xD;
&#xD;
2020-10-30 16:43:27 - [TEST_STEP][PASSED] - logInfo("No more entity present!!"): No more entity present!!&#xD;
&#xD;
2020-10-30 16:43:27 - [MESSAGE][INFO] - No more entity present!!&#xD;
&#xD;
2020-10-30 16:43:27 - [TEST_STEP][PASSED] - break: null&#xD;
&#xD;
2020-10-30 16:43:27 - [TEST_STEP][PASSED] - waitForElementPresent(findTestObject("Generic/webObjectWithText", ["textValue":"city name"]), 15, STOP_ON_FAILURE): Object 'Object Repository/Generic/webObjectWithText' is present&#xD;
&#xD;
2020-10-30 16:43:28 - [MESSAGE][PASSED] - Object 'Object Repository/Generic/webObjectWithText' is present&#xD;
&#xD;
2020-10-30 16:43:28 - [TEST_STEP][PASSED] - platform.Training.editEntity("city name"): platform.Training.editEntity is PASSED&#xD;
&#xD;
2020-10-30 16:43:37 - [MESSAGE][PASSED] - platform.Training.editEntity is PASSED&#xD;
&#xD;
2020-10-30 16:43:37 - [TEST_STEP][PASSED] - testObject = modifyObjectProperty(findTestObject("Input/entityName"), "formcontrolname", "equals", "name", true, STOP_ON_FAILURE): Modify property of object successfully&#xD;
&#xD;
2020-10-30 16:43:37 - [MESSAGE][PASSED] - Modify property of object successfully&#xD;
&#xD;
2020-10-30 16:43:37 - [TEST_STEP][PASSED] - setText(testObject, testData.getValue("entity_name", 1)): Text 'store_name' is set on object 'Object Repository/Input/entityName'&#xD;
&#xD;
2020-10-30 16:43:40 - [MESSAGE][PASSED] - Text 'store_name' is set on object 'Object Repository/Input/entityName'&#xD;
&#xD;
2020-10-30 16:43:40 - [TEST_STEP][PASSED] - platform.Method.clickOnElement(findTestObject("Button/importIcon")): platform.Method.clickOnElement is PASSED&#xD;
&#xD;
2020-10-30 16:43:43 - [MESSAGE][PASSED] - platform.Method.clickOnElement is PASSED&#xD;
&#xD;
2020-10-30 16:43:43 - [TEST_STEP][PASSED] - platform.Method.uploadCsvFile(true, testData.getValue("custom_entity_file", 1)): platform.Method.uploadCsvFile is PASSED&#xD;
&#xD;
2020-10-30 16:43:47 - [MESSAGE][PASSED] - File 'D:/IMIbot.ai-Project/Collection/cityName.csv' sent to object: 'Object Repository/Input/uploadFile'&#xD;
&#xD;
2020-10-30 16:43:50 - [MESSAGE][PASSED] - platform.Method.uploadCsvFile is PASSED&#xD;
&#xD;
2020-10-30 16:43:50 - [TEST_STEP][PASSED] - platform.Method.clickOnElement(findTestObject("Button/save", ["value":" Save "])): platform.Method.clickOnElement is PASSED&#xD;
&#xD;
2020-10-30 16:43:52 - [MESSAGE][PASSED] - platform.Method.clickOnElement is PASSED&#xD;
&#xD;
2020-10-30 16:43:52 - [TEST_STEP][PASSED] - waitForElementPresent(findTestObject("ICONS/toastMsg"), 15, STOP_ON_FAILURE): Object 'Object Repository/ICONS/toastMsg' is present&#xD;
&#xD;
2020-10-30 16:43:53 - [MESSAGE][PASSED] - Object 'Object Repository/ICONS/toastMsg' is present&#xD;
&#xD;
2020-10-30 16:43:53 - [TEST_STEP][PASSED] - assert getText().contentEquals("store_name") == true: null&#xD;
&#xD;
2020-10-30 16:43:55 - [TEST_STEP][PASSED] - platform.Method.trainAndComment(testData.getValue("comment", 2)): platform.Method.trainAndComment is PASSED&#xD;
&#xD;
2020-10-30 16:44:03 - [MESSAGE][PASSED] - Keys 'response added &amp; updated' sent to object: 'Object Repository/Input/comment'&#xD;
&#xD;
2020-10-30 16:44:05 - [MESSAGE][PASSED] - platform.Method.trainAndComment is PASSED&#xD;
&#xD;
2020-10-30 16:44:05 - [TEST_STEP][PASSED] - waitForElementPresent(findTestObject("ICONS/toastMsg"), 15, OPTIONAL): Object 'Object Repository/ICONS/toastMsg' is present&#xD;
&#xD;
2020-10-30 16:44:06 - [MESSAGE][PASSED] - Object 'Object Repository/ICONS/toastMsg' is present</system-out>
            <system-err></system-err>
        </testcase>
        <testcase name="Test Cases/TASK_SSO/createIntentAndEditEntity_Test" classname="Test Cases/TASK_SSO/createIntentAndEditEntity_Test" status="PASSED">
            <system-out>2020-10-30 16:44:06 - [TEST_CASE][PASSED] - Test Cases/TASK_SSO/createIntentAndEditEntity_Test: Test Cases/TASK_SSO/createIntentAndEditEntity_Test&#xD;
&#xD;
2020-10-30 16:44:06 - [TEST_STEP][PASSED] - platform.Method.clickOnElement(findTestObject("Generic/webObjectWithText", ["textValue":"Intents"])): platform.Method.clickOnElement is PASSED&#xD;
&#xD;
2020-10-30 16:44:09 - [MESSAGE][PASSED] - platform.Method.clickOnElement is PASSED&#xD;
&#xD;
2020-10-30 16:44:09 - [TEST_STEP][PASSED] - testData = findTestData("Data Files/testData_Task"): null&#xD;
&#xD;
2020-10-30 16:44:09 - [TEST_STEP][PASSED] - platform.Training.addMultipleUtterance(testData, "track_order_utterance"): platform.Training.addMultipleUtterance is PASSED&#xD;
&#xD;
2020-10-30 16:44:15 - [MESSAGE][PASSED] - Keys 'When will I receive my order?' sent to object: 'Object Repository/Input/utterance'&#xD;
&#xD;
2020-10-30 16:44:22 - [MESSAGE][PASSED] - Delayed 5 second(s)&#xD;
&#xD;
2020-10-30 16:44:25 - [MESSAGE][PASSED] - Keys 'Track status of order number 00001234' sent to object: 'Object Repository/Input/utterance'&#xD;
&#xD;
2020-10-30 16:44:32 - [MESSAGE][PASSED] - Delayed 5 second(s)&#xD;
&#xD;
2020-10-30 16:44:35 - [MESSAGE][PASSED] - Keys 'Status of my order' sent to object: 'Object Repository/Input/utterance'&#xD;
&#xD;
2020-10-30 16:44:42 - [MESSAGE][PASSED] - Delayed 5 second(s)&#xD;
&#xD;
2020-10-30 16:44:42 - [MESSAGE][PASSED] - platform.Training.addMultipleUtterance is PASSED&#xD;
&#xD;
2020-10-30 16:44:42 - [TEST_STEP][PASSED] - sendKeys(findTestObject("Input/intentName"), testData.getValue("intent_name", 3)): Keys 'track_order' sent to object: 'Object Repository/Input/intentName'&#xD;
&#xD;
2020-10-30 16:44:45 - [MESSAGE][PASSED] - Keys 'track_order' sent to object: 'Object Repository/Input/intentName'&#xD;
&#xD;
2020-10-30 16:44:45 - [TEST_STEP][PASSED] - verifyElementText(findTestObject("Slots/entityValue", ["rowValue":1]), "order_id", STOP_ON_FAILURE): Actual text and expected text of test object 'Object Repository/Slots/entityValue' are matched.&#xD;
&#xD;
2020-10-30 16:44:47 - [MESSAGE][PASSED] - Actual text and expected text of test object 'Object Repository/Slots/entityValue' are matched.&#xD;
&#xD;
2020-10-30 16:44:47 - [TEST_STEP][PASSED] - sendKeys(findTestObject("Input/finalTempKey"), "order_status_template"): Keys 'order_status_template' sent to object: 'Object Repository/Input/finalTempKey'&#xD;
&#xD;
2020-10-30 16:44:50 - [MESSAGE][PASSED] - Keys 'order_status_template' sent to object: 'Object Repository/Input/finalTempKey'&#xD;
&#xD;
2020-10-30 16:44:50 - [TEST_STEP][PASSED] - platform.Method.clickOnElement(findTestObject("Button/save", ["value":" Save "])): platform.Method.clickOnElement is PASSED&#xD;
&#xD;
2020-10-30 16:44:52 - [MESSAGE][PASSED] - platform.Method.clickOnElement is PASSED&#xD;
&#xD;
2020-10-30 16:44:52 - [TEST_STEP][PASSED] - verifyElementText(findTestObject("Generic/header"), "track_order", STOP_ON_FAILURE): Actual text and expected text of test object 'Object Repository/Generic/header' are matched.&#xD;
&#xD;
2020-10-30 16:44:55 - [MESSAGE][PASSED] - Actual text and expected text of test object 'Object Repository/Generic/header' are matched.&#xD;
&#xD;
2020-10-30 16:44:55 - [TEST_STEP][PASSED] - platform.Method.clickOnElement(findTestObject("NewRepo/intentGoBack")): platform.Method.clickOnElement is PASSED&#xD;
&#xD;
2020-10-30 16:44:57 - [MESSAGE][PASSED] - platform.Method.clickOnElement is PASSED&#xD;
&#xD;
2020-10-30 16:44:57 - [TEST_STEP][PASSED] - platform.Method.clickOnElement(findTestObject("Generic/webObjectWithText", ["textValue":"Entities"])): platform.Method.clickOnElement is PASSED&#xD;
&#xD;
2020-10-30 16:44:59 - [MESSAGE][PASSED] - platform.Method.clickOnElement is PASSED&#xD;
&#xD;
2020-10-30 16:44:59 - [TEST_STEP][PASSED] - platform.Training.editEntity("product_names"): platform.Training.editEntity is PASSED&#xD;
&#xD;
2020-10-30 16:45:07 - [MESSAGE][PASSED] - platform.Training.editEntity is PASSED&#xD;
&#xD;
2020-10-30 16:45:07 - [TEST_STEP][PASSED] - sendKeys(findTestObject("Input/synonyms", ["index":1]), Keys.chord("wooden chair", ENTER)): Keys 'ENTER + wooden chair' sent to object: 'Object Repository/Input/synonyms'&#xD;
&#xD;
2020-10-30 16:45:10 - [MESSAGE][PASSED] - Keys 'ENTER + wooden chair' sent to object: 'Object Repository/Input/synonyms'&#xD;
&#xD;
2020-10-30 16:45:10 - [TEST_STEP][PASSED] - sendKeys(findTestObject("Input/synonyms", ["index":1]), Keys.chord("plastic chair", ENTER)): Keys 'ENTER + plastic chair' sent to object: 'Object Repository/Input/synonyms'&#xD;
&#xD;
2020-10-30 16:45:13 - [MESSAGE][PASSED] - Keys 'ENTER + plastic chair' sent to object: 'Object Repository/Input/synonyms'&#xD;
&#xD;
2020-10-30 16:45:13 - [TEST_STEP][PASSED] - platform.Method.clickOnElement(findTestObject("Button/importIcon")): platform.Method.clickOnElement is PASSED&#xD;
&#xD;
2020-10-30 16:45:15 - [MESSAGE][PASSED] - platform.Method.clickOnElement is PASSED&#xD;
&#xD;
2020-10-30 16:45:15 - [TEST_STEP][PASSED] - platform.Method.uploadCsvFile(false, testData.getValue("custom_entity_file", 2)): platform.Method.uploadCsvFile is PASSED&#xD;
&#xD;
2020-10-30 16:45:15 - [MESSAGE][INFO] - PREVIOUS DATA NOT BE OVERRIDDEN&#xD;
&#xD;
2020-10-30 16:45:17 - [MESSAGE][PASSED] - File 'D:/IMIbot.ai-Project/Collection/product.csv' sent to object: 'Object Repository/Input/uploadFile'&#xD;
&#xD;
2020-10-30 16:45:19 - [MESSAGE][PASSED] - platform.Method.uploadCsvFile is PASSED&#xD;
&#xD;
2020-10-30 16:45:19 - [TEST_STEP][PASSED] - platform.Method.clickOnElement(findTestObject("Button/btnDeleteChipOrRow", ["chipValue":" plastic chair ", "option":"cancel"])): platform.Method.clickOnElement is PASSED&#xD;
&#xD;
2020-10-30 16:45:22 - [MESSAGE][PASSED] - platform.Method.clickOnElement is PASSED&#xD;
&#xD;
2020-10-30 16:45:22 - [TEST_STEP][PASSED] - platform.Method.clickOnElement(findTestObject("Button/btnDeleteChipOrRow", ["chipValue":" wooden chair ", "option":"close "])): platform.Method.clickOnElement is PASSED&#xD;
&#xD;
2020-10-30 16:45:24 - [MESSAGE][PASSED] - platform.Method.clickOnElement is PASSED&#xD;
&#xD;
2020-10-30 16:45:24 - [TEST_STEP][PASSED] - platform.Method.clickOnElement(findTestObject("Button/save", ["value":" Save "])): platform.Method.clickOnElement is PASSED&#xD;
&#xD;
2020-10-30 16:45:26 - [MESSAGE][PASSED] - platform.Method.clickOnElement is PASSED&#xD;
&#xD;
2020-10-30 16:45:26 - [TEST_STEP][PASSED] - waitForElementPresent(findTestObject("ICONS/toastMsg"), 20, OPTIONAL): Object 'Object Repository/ICONS/toastMsg' is present&#xD;
&#xD;
2020-10-30 16:45:28 - [MESSAGE][PASSED] - Object 'Object Repository/ICONS/toastMsg' is present</system-out>
            <system-err></system-err>
        </testcase>
        <testcase name="Test Cases/TASK_SSO/intentWithResponseCreation_Test" classname="Test Cases/TASK_SSO/intentWithResponseCreation_Test" status="PASSED">
            <system-out>2020-10-30 16:45:28 - [TEST_CASE][PASSED] - Test Cases/TASK_SSO/intentWithResponseCreation_Test: Test Cases/TASK_SSO/intentWithResponseCreation_Test&#xD;
&#xD;
2020-10-30 16:45:29 - [TEST_STEP][PASSED] - platform.Method.clickOnElement(findTestObject("Generic/webObjectWithText", ["textValue":"Intents"])): platform.Method.clickOnElement is PASSED&#xD;
&#xD;
2020-10-30 16:45:31 - [MESSAGE][PASSED] - platform.Method.clickOnElement is PASSED&#xD;
&#xD;
2020-10-30 16:45:31 - [TEST_STEP][PASSED] - platform.Training.addMultipleUtterance(findTestData("Data Files/testData_Task"), "first_intent_utterance"): platform.Training.addMultipleUtterance is PASSED&#xD;
&#xD;
2020-10-30 16:45:36 - [MESSAGE][PASSED] - Keys 'Do you deliver?' sent to object: 'Object Repository/Input/utterance'&#xD;
&#xD;
2020-10-30 16:45:44 - [MESSAGE][PASSED] - Delayed 5 second(s)&#xD;
&#xD;
2020-10-30 16:45:46 - [MESSAGE][PASSED] - Keys 'Do you deliver in hyderabad?' sent to object: 'Object Repository/Input/utterance'&#xD;
&#xD;
2020-10-30 16:45:53 - [MESSAGE][PASSED] - Delayed 5 second(s)&#xD;
&#xD;
2020-10-30 16:45:56 - [MESSAGE][PASSED] - Keys 'Is your service available in mumbai?' sent to object: 'Object Repository/Input/utterance'&#xD;
&#xD;
2020-10-30 16:46:03 - [MESSAGE][PASSED] - Delayed 5 second(s)&#xD;
&#xD;
2020-10-30 16:46:03 - [MESSAGE][PASSED] - platform.Training.addMultipleUtterance is PASSED&#xD;
&#xD;
2020-10-30 16:46:03 - [TEST_STEP][PASSED] - sendKeys(findTestObject("Input/intentName"), findTestData("Data Files/testData_Task").getValue("intent_name", 1)): Keys 'delivery_info' sent to object: 'Object Repository/Input/intentName'&#xD;
&#xD;
2020-10-30 16:46:06 - [MESSAGE][PASSED] - Keys 'delivery_info' sent to object: 'Object Repository/Input/intentName'&#xD;
&#xD;
2020-10-30 16:46:06 - [TEST_STEP][PASSED] - check(findTestObject("Slots/checkbox", ["rowValue":1])): Object 'Object Repository/Slots/checkbox' is checked&#xD;
&#xD;
2020-10-30 16:46:10 - [MESSAGE][PASSED] - Object 'Object Repository/Slots/checkbox' is checked&#xD;
&#xD;
2020-10-30 16:46:10 - [TEST_STEP][PASSED] - setText(findTestObject("Slots/retries", ["rowValue":1]), "2"): Text '2' is set on object 'Object Repository/Slots/retries'&#xD;
&#xD;
2020-10-30 16:46:13 - [MESSAGE][PASSED] - Text '2' is set on object 'Object Repository/Slots/retries'&#xD;
&#xD;
2020-10-30 16:46:13 - [TEST_STEP][PASSED] - setText(findTestObject("Slots/templateKey", ["rowValue":1]), findTestData("Data Files/testData_Task").getValue("missing_entity", 1)): Text 'city_not_found' is set on object 'Object Repository/Slots/templateKey'&#xD;
&#xD;
2020-10-30 16:46:17 - [MESSAGE][PASSED] - Text 'city_not_found' is set on object 'Object Repository/Slots/templateKey'&#xD;
&#xD;
2020-10-30 16:46:17 - [TEST_STEP][PASSED] - platform.Training.createInstantResponse(findTestData("Data Files/testData_Task").getValue("missing_entity", 1), findTestData("Data Files/testData_Task").getValue("missing_entity_default_text", 1)): platform.Training.createInstantResponse is PASSED&#xD;
&#xD;
2020-10-30 16:46:23 - [MESSAGE][PASSED] - Keys 'city_not_found' sent to object: 'Object Repository/NewRepo2/templateKeyPopUp'&#xD;
&#xD;
2020-10-30 16:46:26 - [MESSAGE][PASSED] - Keys 'Oops! There is no delivery centre at your city. Please try again with a different city name.' sent to object: 'Object Repository/NewRepo2/templateResponsePopUp'&#xD;
&#xD;
2020-10-30 16:46:28 - [MESSAGE][PASSED] - platform.Training.createInstantResponse is PASSED&#xD;
&#xD;
2020-10-30 16:46:28 - [TEST_STEP][PASSED] - platform.Method.clickOnElement(findTestObject("Generic/webObjectWithText", ["textValue":"city_not_found"])): platform.Method.clickOnElement is PASSED&#xD;
&#xD;
2020-10-30 16:46:31 - [MESSAGE][PASSED] - platform.Method.clickOnElement is PASSED&#xD;
&#xD;
2020-10-30 16:46:31 - [TEST_STEP][PASSED] - sendKeys(findTestObject("Input/finalTempKey"), findTestData("Data Files/testData_Task").getValue("final_template", 1)): Keys 'delivery_template' sent to object: 'Object Repository/Input/finalTempKey'&#xD;
&#xD;
2020-10-30 16:46:34 - [MESSAGE][PASSED] - Keys 'delivery_template' sent to object: 'Object Repository/Input/finalTempKey'&#xD;
&#xD;
2020-10-30 16:46:34 - [TEST_STEP][PASSED] - platform.Method.clickOnElement(findTestObject("Button/save", ["value":" Save "])): platform.Method.clickOnElement is PASSED&#xD;
&#xD;
2020-10-30 16:46:36 - [MESSAGE][PASSED] - platform.Method.clickOnElement is PASSED&#xD;
&#xD;
2020-10-30 16:46:36 - [TEST_STEP][PASSED] - verifyElementText(findTestObject("Generic/header"), "delivery_info", STOP_ON_FAILURE): Actual text and expected text of test object 'Object Repository/Generic/header' are matched.&#xD;
&#xD;
2020-10-30 16:46:38 - [MESSAGE][PASSED] - Actual text and expected text of test object 'Object Repository/Generic/header' are matched.&#xD;
&#xD;
2020-10-30 16:46:38 - [TEST_STEP][PASSED] - platform.Method.clickOnElement(findTestObject("NewRepo/intentGoBack")): platform.Method.clickOnElement is PASSED&#xD;
&#xD;
2020-10-30 16:46:40 - [MESSAGE][PASSED] - platform.Method.clickOnElement is PASSED&#xD;
&#xD;
2020-10-30 16:46:40 - [TEST_STEP][PASSED] - platform.Method.trainAndComment(findTestData("Data Files/testData_Task").getValue("comment", 1)): platform.Method.trainAndComment is PASSED&#xD;
&#xD;
2020-10-30 16:46:48 - [MESSAGE][PASSED] - Keys 'delivery info intent added' sent to object: 'Object Repository/Input/comment'&#xD;
&#xD;
2020-10-30 16:46:50 - [MESSAGE][PASSED] - platform.Method.trainAndComment is PASSED&#xD;
&#xD;
2020-10-30 16:46:50 - [TEST_STEP][PASSED] - waitForElementPresent(findTestObject("ICONS/toastMsg"), 30, STOP_ON_FAILURE): Object 'Object Repository/ICONS/toastMsg' is present&#xD;
&#xD;
2020-10-30 16:46:52 - [MESSAGE][PASSED] - Object 'Object Repository/ICONS/toastMsg' is present&#xD;
&#xD;
2020-10-30 16:46:52 - [TEST_STEP][PASSED] - platform.Method.clickOnElement(findTestObject("Button/preview")): platform.Method.clickOnElement is PASSED&#xD;
&#xD;
2020-10-30 16:46:54 - [MESSAGE][PASSED] - platform.Method.clickOnElement is PASSED&#xD;
&#xD;
2020-10-30 16:46:54 - [TEST_STEP][PASSED] - count = &lt;not implemented yet for class: org.codehaus.groovy.ast.expr.EmptyExpression&gt;: null&#xD;
&#xD;
2020-10-30 16:46:54 - [TEST_STEP][PASSED] - for ([count = 1, count &lt;= 3, (count++)]): null&#xD;
&#xD;
2020-10-30 16:46:54 - [TEST_STEP][PASSED] - sendKeys(findTestObject("Input/chatInput"), Keys.chord(userQuery, ENTER)): Keys 'ENTER + Delivery service in chennai' sent to object: 'Object Repository/Input/chatInput'&#xD;
&#xD;
2020-10-30 16:46:57 - [MESSAGE][PASSED] - Keys 'ENTER + Delivery service in chennai' sent to object: 'Object Repository/Input/chatInput'&#xD;
&#xD;
2020-10-30 16:46:57 - [TEST_STEP][PASSED] - delay(1): Delayed 1 second(s)&#xD;
&#xD;
2020-10-30 16:46:58 - [MESSAGE][PASSED] - Delayed 1 second(s)&#xD;
&#xD;
2020-10-30 16:46:58 - [TEST_STEP][PASSED] - if (count == 3): null&#xD;
&#xD;
2020-10-30 16:46:58 - [TEST_STEP][PASSED] - verifyElementText(findTestObject("GenericII/getBotResponse", ["index":count + 1]), findTestData("Data Files/testData_Task").getValue("missing_entity_default_text", 1), STOP_ON_FAILURE): Actual text and expected text of test object 'Object Repository/GenericII/getBotResponse' are matched.&#xD;
&#xD;
2020-10-30 16:47:00 - [MESSAGE][PASSED] - Actual text and expected text of test object 'Object Repository/GenericII/getBotResponse' are matched.&#xD;
&#xD;
2020-10-30 16:47:00 - [TEST_STEP][PASSED] - sendKeys(findTestObject("Input/chatInput"), Keys.chord(userQuery, ENTER)): Keys 'ENTER + Delivery service in chennai' sent to object: 'Object Repository/Input/chatInput'&#xD;
&#xD;
2020-10-30 16:47:03 - [MESSAGE][PASSED] - Keys 'ENTER + Delivery service in chennai' sent to object: 'Object Repository/Input/chatInput'&#xD;
&#xD;
2020-10-30 16:47:03 - [TEST_STEP][PASSED] - delay(1): Delayed 1 second(s)&#xD;
&#xD;
2020-10-30 16:47:04 - [MESSAGE][PASSED] - Delayed 1 second(s)&#xD;
&#xD;
2020-10-30 16:47:04 - [TEST_STEP][PASSED] - if (count == 3): null&#xD;
&#xD;
2020-10-30 16:47:04 - [TEST_STEP][PASSED] - verifyElementText(findTestObject("GenericII/getBotResponse", ["index":count + 1]), findTestData("Data Files/testData_Task").getValue("missing_entity_default_text", 1), STOP_ON_FAILURE): Actual text and expected text of test object 'Object Repository/GenericII/getBotResponse' are matched.&#xD;
&#xD;
2020-10-30 16:47:06 - [MESSAGE][PASSED] - Actual text and expected text of test object 'Object Repository/GenericII/getBotResponse' are matched.&#xD;
&#xD;
2020-10-30 16:47:06 - [TEST_STEP][PASSED] - sendKeys(findTestObject("Input/chatInput"), Keys.chord(userQuery, ENTER)): Keys 'ENTER + Delivery service in chennai' sent to object: 'Object Repository/Input/chatInput'&#xD;
&#xD;
2020-10-30 16:47:09 - [MESSAGE][PASSED] - Keys 'ENTER + Delivery service in chennai' sent to object: 'Object Repository/Input/chatInput'&#xD;
&#xD;
2020-10-30 16:47:09 - [TEST_STEP][PASSED] - delay(1): Delayed 1 second(s)&#xD;
&#xD;
2020-10-30 16:47:10 - [MESSAGE][PASSED] - Delayed 1 second(s)&#xD;
&#xD;
2020-10-30 16:47:10 - [TEST_STEP][PASSED] - if (count == 3): null&#xD;
&#xD;
2020-10-30 16:47:10 - [TEST_STEP][PASSED] - break: null&#xD;
&#xD;
2020-10-30 16:47:10 - [TEST_STEP][PASSED] - platform.Method.clickOnElement(findTestObject("Button/upvote")): platform.Method.clickOnElement is PASSED&#xD;
&#xD;
2020-10-30 16:47:12 - [MESSAGE][PASSED] - platform.Method.clickOnElement is PASSED&#xD;
&#xD;
2020-10-30 16:47:12 - [TEST_STEP][PASSED] - platform.Method.clickOnElement(findTestObject("GenericII/minimize")): platform.Method.clickOnElement is PASSED&#xD;
&#xD;
2020-10-30 16:47:14 - [MESSAGE][PASSED] - platform.Method.clickOnElement is PASSED</system-out>
            <system-err></system-err>
        </testcase>
        <testcase name="Test Cases/TASK_SSO/updateResponse_Test" classname="Test Cases/TASK_SSO/updateResponse_Test" status="PASSED">
            <system-out>2020-10-30 16:47:14 - [TEST_CASE][PASSED] - Test Cases/TASK_SSO/updateResponse_Test: Test Cases/TASK_SSO/updateResponse_Test&#xD;
&#xD;
2020-10-30 16:47:15 - [TEST_STEP][PASSED] - platform.Method.clickOnElement(findTestObject("Generic/training")): platform.Method.clickOnElement is PASSED&#xD;
&#xD;
2020-10-30 16:47:17 - [MESSAGE][PASSED] - platform.Method.clickOnElement is PASSED&#xD;
&#xD;
2020-10-30 16:47:17 - [TEST_STEP][PASSED] - testData = findTestData("Data Files/testData_Task"): null&#xD;
&#xD;
2020-10-30 16:47:17 - [TEST_STEP][PASSED] - platform.Training.addMultipleUtterance(testData, "stock_check_utterance"): platform.Training.addMultipleUtterance is PASSED&#xD;
&#xD;
2020-10-30 16:47:23 - [MESSAGE][PASSED] - Keys 'Is chair available in Hyderbad store?' sent to object: 'Object Repository/Input/utterance'&#xD;
&#xD;
2020-10-30 16:47:30 - [MESSAGE][PASSED] - Delayed 5 second(s)&#xD;
&#xD;
2020-10-30 16:47:33 - [MESSAGE][PASSED] - Keys 'I want to order a sofa, is it available in Mumbai store?' sent to object: 'Object Repository/Input/utterance'&#xD;
&#xD;
2020-10-30 16:47:40 - [MESSAGE][PASSED] - Delayed 5 second(s)&#xD;
&#xD;
2020-10-30 16:47:40 - [MESSAGE][PASSED] - platform.Training.addMultipleUtterance is PASSED&#xD;
&#xD;
2020-10-30 16:47:40 - [TEST_STEP][PASSED] - sendKeys(findTestObject("Input/intentName"), testData.getValue("intent_name", 2)): Keys 'stock_check' sent to object: 'Object Repository/Input/intentName'&#xD;
&#xD;
2020-10-30 16:47:42 - [MESSAGE][PASSED] - Keys 'stock_check' sent to object: 'Object Repository/Input/intentName'&#xD;
&#xD;
2020-10-30 16:47:42 - [TEST_STEP][PASSED] - sendKeys(findTestObject("Input/finalTempKey"), testData.getValue("dynamic_template", 3)): Keys 'stock_check_template' sent to object: 'Object Repository/Input/finalTempKey'&#xD;
&#xD;
2020-10-30 16:47:45 - [MESSAGE][PASSED] - Keys 'stock_check_template' sent to object: 'Object Repository/Input/finalTempKey'&#xD;
&#xD;
2020-10-30 16:47:45 - [TEST_STEP][PASSED] - platform.Training.createInstantResponse(testData.getValue("dynamic_template", 3), "Setting default value. Will be converted to dynamic type"): platform.Training.createInstantResponse is PASSED&#xD;
&#xD;
2020-10-30 16:47:50 - [MESSAGE][PASSED] - Keys 'stock_check_template' sent to object: 'Object Repository/NewRepo2/templateKeyPopUp'&#xD;
&#xD;
2020-10-30 16:47:53 - [MESSAGE][PASSED] - Keys 'Setting default value. Will be converted to dynamic type' sent to object: 'Object Repository/NewRepo2/templateResponsePopUp'&#xD;
&#xD;
2020-10-30 16:47:56 - [MESSAGE][PASSED] - platform.Training.createInstantResponse is PASSED&#xD;
&#xD;
2020-10-30 16:47:56 - [TEST_STEP][PASSED] - platform.Method.clickOnElement(findTestObject("Button/save", ["value":" Save "])): platform.Method.clickOnElement is PASSED&#xD;
&#xD;
2020-10-30 16:47:58 - [MESSAGE][PASSED] - platform.Method.clickOnElement is PASSED&#xD;
&#xD;
2020-10-30 16:47:58 - [TEST_STEP][PASSED] - verifyElementText(findTestObject("Generic/header"), "stock_check", OPTIONAL): Actual text and expected text of test object 'Object Repository/Generic/header' are matched.&#xD;
&#xD;
2020-10-30 16:48:00 - [MESSAGE][PASSED] - Actual text and expected text of test object 'Object Repository/Generic/header' are matched.&#xD;
&#xD;
2020-10-30 16:48:00 - [TEST_STEP][PASSED] - platform.Method.clickOnElement(findTestObject("Generic/response")): platform.Method.clickOnElement is PASSED&#xD;
&#xD;
2020-10-30 16:48:02 - [MESSAGE][PASSED] - platform.Method.clickOnElement is PASSED&#xD;
&#xD;
2020-10-30 16:48:02 - [TEST_STEP][PASSED] - platform.Method.clickOnElement(findTestObject("Generic/webObjectWithText", ["textValue":"stock_check_template "])): platform.Method.clickOnElement is PASSED&#xD;
&#xD;
2020-10-30 16:48:05 - [MESSAGE][PASSED] - platform.Method.clickOnElement is PASSED&#xD;
&#xD;
2020-10-30 16:48:05 - [TEST_STEP][PASSED] - platform.Method.clickOnElement(findTestObject("Generic/webObjectWithText", ["textValue":"Rich"])): platform.Method.clickOnElement is PASSED&#xD;
&#xD;
2020-10-30 16:48:07 - [MESSAGE][PASSED] - platform.Method.clickOnElement is PASSED&#xD;
&#xD;
2020-10-30 16:48:07 - [TEST_STEP][PASSED] - platform.Method.clickOnElement(findTestObject("NewRepo2/dynamic")): platform.Method.clickOnElement is PASSED&#xD;
&#xD;
2020-10-30 16:48:10 - [MESSAGE][PASSED] - platform.Method.clickOnElement is PASSED&#xD;
&#xD;
2020-10-30 16:48:10 - [TEST_STEP][PASSED] - uploadFile(findTestObject("Input/uploadFile"), getProjectDir() + "/Collection/" + testData.getValue("dynamic_template_file", 3)): File 'D:/IMIbot.ai-Project/Collection/stock_check_template.py' sent to object: 'Object Repository/Input/uploadFile'&#xD;
&#xD;
2020-10-30 16:48:12 - [MESSAGE][PASSED] - File 'D:/IMIbot.ai-Project/Collection/stock_check_template.py' sent to object: 'Object Repository/Input/uploadFile'&#xD;
&#xD;
2020-10-30 16:48:12 - [TEST_STEP][PASSED] - platform.Method.clickOnElement(findTestObject("NewRepo/refresh")): platform.Method.clickOnElement is PASSED&#xD;
&#xD;
2020-10-30 16:48:15 - [MESSAGE][PASSED] - platform.Method.clickOnElement is PASSED&#xD;
&#xD;
2020-10-30 16:48:15 - [TEST_STEP][PASSED] - waitForElementPresent(findTestObject("ICONS/toastMsg"), 15, OPTIONAL): Object 'Object Repository/ICONS/toastMsg' is present&#xD;
&#xD;
2020-10-30 16:48:16 - [MESSAGE][PASSED] - Object 'Object Repository/ICONS/toastMsg' is present</system-out>
            <system-err></system-err>
        </testcase>
        <testcase name="Test Cases/TASK_SSO/downvoteWithComment_Test" classname="Test Cases/TASK_SSO/downvoteWithComment_Test" status="PASSED">
            <system-out>2020-10-30 16:48:16 - [TEST_CASE][PASSED] - Test Cases/TASK_SSO/downvoteWithComment_Test: Test Cases/TASK_SSO/downvoteWithComment_Test&#xD;
&#xD;
2020-10-30 16:48:17 - [TEST_STEP][PASSED] - platform.Method.clickOnElement(findTestObject("Generic/training")): platform.Method.clickOnElement is PASSED&#xD;
&#xD;
2020-10-30 16:48:19 - [MESSAGE][PASSED] - platform.Method.clickOnElement is PASSED&#xD;
&#xD;
2020-10-30 16:48:19 - [TEST_STEP][PASSED] - platform.Method.trainAndComment(comment): platform.Method.trainAndComment is PASSED&#xD;
&#xD;
2020-10-30 16:48:27 - [MESSAGE][PASSED] - Keys 'downvote test' sent to object: 'Object Repository/Input/comment'&#xD;
&#xD;
2020-10-30 16:48:29 - [MESSAGE][PASSED] - platform.Method.trainAndComment is PASSED&#xD;
&#xD;
2020-10-30 16:48:29 - [TEST_STEP][PASSED] - try: Object 'Object Repository/ICONS/toastMsg' is present&#xD;
&#xD;
2020-10-30 16:48:29 - [TEST_STEP][PASSED] - verifyElementPresent(findTestObject("ICONS/toastMsg"), 20, OPTIONAL): Object 'Object Repository/ICONS/toastMsg' is present&#xD;
&#xD;
2020-10-30 16:48:30 - [MESSAGE][PASSED] - Object 'Object Repository/ICONS/toastMsg' is present&#xD;
&#xD;
2020-10-30 16:48:30 - [TEST_STEP][PASSED] - platform.Method.clickOnElement(findTestObject("Button/preview")): platform.Method.clickOnElement is PASSED&#xD;
&#xD;
2020-10-30 16:48:32 - [MESSAGE][PASSED] - platform.Method.clickOnElement is PASSED&#xD;
&#xD;
2020-10-30 16:48:32 - [TEST_STEP][PASSED] - sendKeys(findTestObject("Input/chatInput"), Keys.chord(userQuery, ENTER)): Keys 'ENTER + I want to report for damaged product at delivery' sent to object: 'Object Repository/Input/chatInput'&#xD;
&#xD;
2020-10-30 16:48:35 - [MESSAGE][PASSED] - Keys 'ENTER + I want to report for damaged product at delivery' sent to object: 'Object Repository/Input/chatInput'&#xD;
&#xD;
2020-10-30 16:48:35 - [TEST_STEP][PASSED] - waitForElementPresent(findTestObject("Generic/botReponse", ["index":2]), 10, OPTIONAL): Object 'Object Repository/Generic/botReponse' is present&#xD;
&#xD;
2020-10-30 16:48:38 - [MESSAGE][PASSED] - Object 'Object Repository/Generic/botReponse' is present&#xD;
&#xD;
2020-10-30 16:48:38 - [TEST_STEP][PASSED] - verifyElementText(findTestObject("Generic/botReponse", ["index":2]), botResponse, OPTIONAL): Actual text 'Please enter a product name' and expected text 'Sorry, I am unable to understand your message. Could you please rephrase it?' of test object 'Object Repository/Generic/botReponse' are NOT matched. (Root cause: com.kms.katalon.core.exception.StepFailedException: Actual text 'Please enter a product name' and expected text 'Sorry, I am unable to understand your message. Could you please rephrase it?' of test object 'Object Repository/Generic/botReponse' are NOT matched.&#xD;
	at com.kms.katalon.core.webui.keyword.internal.WebUIKeywordMain.stepFailed(WebUIKeywordMain.groovy:64)&#xD;
	at com.kms.katalon.core.webui.keyword.builtin.VerifyElementTextKeyword$_verifyElementText_closure1.doCall(VerifyElementTextKeyword.groovy:57)&#xD;
	at com.kms.katalon.core.webui.keyword.builtin.VerifyElementTextKeyword$_verifyElementText_closure1.call(VerifyElementTextKeyword.groovy)&#xD;
	at com.kms.katalon.core.webui.keyword.internal.WebUIKeywordMain.runKeyword(WebUIKeywordMain.groovy:20)&#xD;
	at com.kms.katalon.core.webui.keyword.builtin.VerifyElementTextKeyword.verifyElementText(VerifyElementTextKeyword.groovy:72)&#xD;
	at com.kms.katalon.core.webui.keyword.builtin.VerifyElementTextKeyword.execute(VerifyElementTextKeyword.groovy:40)&#xD;
	at com.kms.katalon.core.keyword.internal.KeywordExecutor.executeKeywordForPlatform(KeywordExecutor.groovy:56)&#xD;
	at com.kms.katalon.core.webui.keyword.WebUiBuiltInKeywords.verifyElementText(WebUiBuiltInKeywords.groovy:3647)&#xD;
	at com.kms.katalon.core.webui.keyword.WebUiBuiltInKeywords$verifyElementText$5.call(Unknown Source)&#xD;
	at downvoteWithComment_Test.run(downvoteWithComment_Test:38)&#xD;
	at com.kms.katalon.core.main.ScriptEngine.run(ScriptEngine.java:194)&#xD;
	at com.kms.katalon.core.main.ScriptEngine.runScriptAsRawText(ScriptEngine.java:119)&#xD;
	at com.kms.katalon.core.main.TestCaseExecutor.runScript(TestCaseExecutor.java:337)&#xD;
	at com.kms.katalon.core.main.TestCaseExecutor.doExecute(TestCaseExecutor.java:328)&#xD;
	at com.kms.katalon.core.main.TestCaseExecutor.processExecutionPhase(TestCaseExecutor.java:307)&#xD;
	at com.kms.katalon.core.main.TestCaseExecutor.accessMainPhase(TestCaseExecutor.java:299)&#xD;
	at com.kms.katalon.core.main.TestCaseExecutor.execute(TestCaseExecutor.java:233)&#xD;
	at com.kms.katalon.core.main.TestSuiteExecutor.accessTestCaseMainPhase(TestSuiteExecutor.java:169)&#xD;
	at com.kms.katalon.core.main.TestSuiteExecutor.accessTestSuiteMainPhase(TestSuiteExecutor.java:142)&#xD;
	at com.kms.katalon.core.main.TestSuiteExecutor.execute(TestSuiteExecutor.java:91)&#xD;
	at com.kms.katalon.core.main.TestCaseMain.startTestSuite(TestCaseMain.java:157)&#xD;
	at com.kms.katalon.core.main.TestCaseMain$startTestSuite$0.call(Unknown Source)&#xD;
	at TempTestSuite1604055900896.run(TempTestSuite1604055900896.groovy:35)&#xD;
)&#xD;
&#xD;
2020-10-30 16:48:42 - [MESSAGE][WARNING] - Actual text 'Please enter a product name' and expected text 'Sorry, I am unable to understand your message. Could you please rephrase it?' of test object 'Object Repository/Generic/botReponse' are NOT matched. (Root cause: com.kms.katalon.core.exception.StepFailedException: Actual text 'Please enter a product name' and expected text 'Sorry, I am unable to understand your message. Could you please rephrase it?' of test object 'Object Repository/Generic/botReponse' are NOT matched.&#xD;
	at com.kms.katalon.core.webui.keyword.internal.WebUIKeywordMain.stepFailed(WebUIKeywordMain.groovy:64)&#xD;
	at com.kms.katalon.core.webui.keyword.builtin.VerifyElementTextKeyword$_verifyElementText_closure1.doCall(VerifyElementTextKeyword.groovy:57)&#xD;
	at com.kms.katalon.core.webui.keyword.builtin.VerifyElementTextKeyword$_verifyElementText_closure1.call(VerifyElementTextKeyword.groovy)&#xD;
	at com.kms.katalon.core.webui.keyword.internal.WebUIKeywordMain.runKeyword(WebUIKeywordMain.groovy:20)&#xD;
	at com.kms.katalon.core.webui.keyword.builtin.VerifyElementTextKeyword.verifyElementText(VerifyElementTextKeyword.groovy:72)&#xD;
	at com.kms.katalon.core.webui.keyword.builtin.VerifyElementTextKeyword.execute(VerifyElementTextKeyword.groovy:40)&#xD;
	at com.kms.katalon.core.keyword.internal.KeywordExecutor.executeKeywordForPlatform(KeywordExecutor.groovy:56)&#xD;
	at com.kms.katalon.core.webui.keyword.WebUiBuiltInKeywords.verifyElementText(WebUiBuiltInKeywords.groovy:3647)&#xD;
	at com.kms.katalon.core.webui.keyword.WebUiBuiltInKeywords$verifyElementText$5.call(Unknown Source)&#xD;
	at downvoteWithComment_Test.run(downvoteWithComment_Test:38)&#xD;
	at com.kms.katalon.core.main.ScriptEngine.run(ScriptEngine.java:194)&#xD;
	at com.kms.katalon.core.main.ScriptEngine.runScriptAsRawText(ScriptEngine.java:119)&#xD;
	at com.kms.katalon.core.main.TestCaseExecutor.runScript(TestCaseExecutor.java:337)&#xD;
	at com.kms.katalon.core.main.TestCaseExecutor.doExecute(TestCaseExecutor.java:328)&#xD;
	at com.kms.katalon.core.main.TestCaseExecutor.processExecutionPhase(TestCaseExecutor.java:307)&#xD;
	at com.kms.katalon.core.main.TestCaseExecutor.accessMainPhase(TestCaseExecutor.java:299)&#xD;
	at com.kms.katalon.core.main.TestCaseExecutor.execute(TestCaseExecutor.java:233)&#xD;
	at com.kms.katalon.core.main.TestSuiteExecutor.accessTestCaseMainPhase(TestSuiteExecutor.java:169)&#xD;
	at com.kms.katalon.core.main.TestSuiteExecutor.accessTestSuiteMainPhase(TestSuiteExecutor.java:142)&#xD;
	at com.kms.katalon.core.main.TestSuiteExecutor.execute(TestSuiteExecutor.java:91)&#xD;
	at com.kms.katalon.core.main.TestCaseMain.startTestSuite(TestCaseMain.java:157)&#xD;
	at com.kms.katalon.core.main.TestCaseMain$startTestSuite$0.call(Unknown Source)&#xD;
	at TempTestSuite1604055900896.run(TempTestSuite1604055900896.groovy:35)&#xD;
)&#xD;
[[ATTACHMENT|D:\\IMIbot.ai-Project\\Reports\\20201030_163500\\TASK_SSO\\20201030_163500\\1604056720874.png]]&#xD;
&#xD;
2020-10-30 16:48:42 - [TEST_STEP][PASSED] - platform.Preview.downvoteResponseWithComment(findTestData("Data Files/testData_Task").getValue("comment", 3)): platform.Preview.downvoteResponseWithComment is PASSED&#xD;
&#xD;
2020-10-30 16:48:45 - [MESSAGE][PASSED] - Object: 'Object Repository/Button/downvote' is clicked on&#xD;
&#xD;
2020-10-30 16:48:48 - [MESSAGE][PASSED] - Keys 'Bot response is not relevant to my query' sent to object: 'Object Repository/Input/downvoteComment'&#xD;
&#xD;
2020-10-30 16:48:50 - [MESSAGE][PASSED] - platform.Preview.downvoteResponseWithComment is PASSED&#xD;
&#xD;
2020-10-30 16:48:50 - [TEST_STEP][PASSED] - getRoomIdAt = new java.util.ArrayList(): null&#xD;
&#xD;
2020-10-30 16:48:50 - [TEST_STEP][PASSED] - getRoomIdAt = platform.Utility.getRoomID(): platform.Utility.getRoomID is PASSED&#xD;
&#xD;
2020-10-30 16:48:57 - [MESSAGE][PASSED] - platform.Utility.getRoomID is PASSED&#xD;
&#xD;
2020-10-30 16:48:57 - [TEST_STEP][PASSED] - roomID = get(0).toString(): null&#xD;
&#xD;
2020-10-30 16:48:57 - [TEST_STEP][PASSED] - platform.Utility.overWriteTestData("Task bot", 1, 0, roomID): platform.Utility.overWriteTestData is PASSED&#xD;
&#xD;
2020-10-30 16:48:58 - [MESSAGE][PASSED] - platform.Utility.overWriteTestData is PASSED&#xD;
&#xD;
2020-10-30 16:48:58 - [TEST_STEP][PASSED] - platform.Method.clickOnElement(findTestObject("Generic/session")): platform.Method.clickOnElement is PASSED&#xD;
&#xD;
2020-10-30 16:49:00 - [MESSAGE][PASSED] - platform.Method.clickOnElement is PASSED&#xD;
&#xD;
2020-10-30 16:49:00 - [TEST_STEP][PASSED] - platform.Method.clickOnElement(findTestObject("GenericII/minimize")): platform.Method.clickOnElement is PASSED&#xD;
&#xD;
2020-10-30 16:49:03 - [MESSAGE][PASSED] - platform.Method.clickOnElement is PASSED&#xD;
&#xD;
2020-10-30 16:49:03 - [TEST_STEP][PASSED] - setText(findTestObject("Input/roomID", ["value":"id"]), roomID): Text '1987070' is set on object 'Object Repository/Input/roomID'&#xD;
&#xD;
2020-10-30 16:49:07 - [MESSAGE][PASSED] - Text '1987070' is set on object 'Object Repository/Input/roomID'&#xD;
&#xD;
2020-10-30 16:49:07 - [TEST_STEP][PASSED] - platform.Method.clickOnElement(findTestObject("Button/submitSession")): platform.Method.clickOnElement is PASSED&#xD;
&#xD;
2020-10-30 16:49:09 - [MESSAGE][PASSED] - platform.Method.clickOnElement is PASSED&#xD;
&#xD;
2020-10-30 16:49:09 - [TEST_STEP][PASSED] - platform.Method.clickOnElement(findTestObject("Generic/webObjectWithText", ["textValue":roomID])): platform.Method.clickOnElement is PASSED&#xD;
&#xD;
2020-10-30 16:49:11 - [MESSAGE][PASSED] - platform.Method.clickOnElement is PASSED&#xD;
&#xD;
2020-10-30 16:49:11 - [TEST_STEP][PASSED] - mouseOver(findTestObject("Generic/webObjectWithText", ["textValue":"Downvoted with comment"])): Object: 'Object Repository/Generic/webObjectWithText' is hovered&#xD;
&#xD;
2020-10-30 16:49:14 - [MESSAGE][PASSED] - Object: 'Object Repository/Generic/webObjectWithText' is hovered&#xD;
&#xD;
2020-10-30 16:49:14 - [TEST_STEP][PASSED] - verifyElementPresent(findTestObject("Generic/webObjectWithText", ["textValue":"Downvoted with comment"]), 10, CONTINUE_ON_FAILURE): Object 'Object Repository/Generic/webObjectWithText' is present&#xD;
&#xD;
2020-10-30 16:49:15 - [MESSAGE][PASSED] - Object 'Object Repository/Generic/webObjectWithText' is present&#xD;
&#xD;
2020-10-30 16:49:15 - [TEST_STEP][PASSED] - platform.Method.clickOnElement(findTestObject("GenericII/closePopup")): platform.Method.clickOnElement is PASSED&#xD;
&#xD;
2020-10-30 16:49:17 - [MESSAGE][PASSED] - platform.Method.clickOnElement is PASSED</system-out>
            <system-err></system-err>
        </testcase>
        <testcase name="Test Cases/TASK_SSO/createNewIntentCuration_Test" classname="Test Cases/TASK_SSO/createNewIntentCuration_Test" status="ERROR">
            <error type="ERROR" message="Test Cases/TASK_SSO/createNewIntentCuration_Test FAILED.&#xA;Reason:&#xA;org.codehaus.groovy.runtime.InvokerInvocationException: com.kms.katalon.core.webui.exception.WebElementNotFoundException: Web element with id: 'Object Repository/Button/addToNewIntent' located by 'By.xpath: //button//span[contains(text(),' Add to a new intent ')]' not found&#xD;&#xA;&#x9;at platform.Method.invokeMethod(Method.groovy)&#xD;&#xA;&#x9;at com.kms.katalon.core.main.CustomKeywordDelegatingMetaClass.invokeStaticMethod(CustomKeywordDelegatingMetaClass.java:50)&#xD;&#xA;&#x9;at createNewIntentCuration_Test.run(createNewIntentCuration_Test:28)&#xD;&#xA;&#x9;at com.kms.katalon.core.main.ScriptEngine.run(ScriptEngine.java:194)&#xD;&#xA;&#x9;at com.kms.katalon.core.main.ScriptEngine.runScriptAsRawText(ScriptEngine.java:119)&#xD;&#xA;&#x9;at com.kms.katalon.core.main.TestCaseExecutor.runScript(TestCaseExecutor.java:337)&#xD;&#xA;&#x9;at com.kms.katalon.core.main.TestCaseExecutor.doExecute(TestCaseExecutor.java:328)&#xD;&#xA;&#x9;at com.kms.katalon.core.main.TestCaseExecutor.processExecutionPhase(TestCaseExecutor.java:307)&#xD;&#xA;&#x9;at com.kms.katalon.core.main.TestCaseExecutor.accessMainPhase(TestCaseExecutor.java:299)&#xD;&#xA;&#x9;at com.kms.katalon.core.main.TestCaseExecutor.execute(TestCaseExecutor.java:233)&#xD;&#xA;&#x9;at com.kms.katalon.core.main.TestSuiteExecutor.accessTestCaseMainPhase(TestSuiteExecutor.java:169)&#xD;&#xA;&#x9;at com.kms.katalon.core.main.TestSuiteExecutor.accessTestSuiteMainPhase(TestSuiteExecutor.java:142)&#xD;&#xA;&#x9;at com.kms.katalon.core.main.TestSuiteExecutor.execute(TestSuiteExecutor.java:91)&#xD;&#xA;&#x9;at com.kms.katalon.core.main.TestCaseMain.startTestSuite(TestCaseMain.java:157)&#xD;&#xA;&#x9;at com.kms.katalon.core.main.TestCaseMain$startTestSuite$0.call(Unknown Source)&#xD;&#xA;&#x9;at TempTestSuite1604055900896.run(TempTestSuite1604055900896.groovy:35)&#xD;&#xA;Caused by: com.kms.katalon.core.webui.exception.WebElementNotFoundException: Web element with id: 'Object Repository/Button/addToNewIntent' located by 'By.xpath: //button//span[contains(text(),' Add to a new intent ')]' not found&#xD;&#xA;&#x9;at com.kms.katalon.core.webui.common.WebUiCommonHelper.findWebElement(WebUiCommonHelper.java:1097)&#xD;&#xA;&#x9;at com.kms.katalon.core.webui.common.WebUiCommonHelper$findWebElement.call(Unknown Source)&#xD;&#xA;&#x9;at platform.Method.clickOnElement(Method.groovy:32)&#xD;&#xA;&#x9;... 16 more&#xD;&#xA;"/>
            <system-out>2020-10-30 16:49:17 - [TEST_CASE][ERROR] - Test Cases/TASK_SSO/createNewIntentCuration_Test: Test Cases/TASK_SSO/createNewIntentCuration_Test FAILED.
Reason:
org.codehaus.groovy.runtime.InvokerInvocationException: com.kms.katalon.core.webui.exception.WebElementNotFoundException: Web element with id: 'Object Repository/Button/addToNewIntent' located by 'By.xpath: //button//span[contains(text(),' Add to a new intent ')]' not found&#xD;
	at platform.Method.invokeMethod(Method.groovy)&#xD;
	at com.kms.katalon.core.main.CustomKeywordDelegatingMetaClass.invokeStaticMethod(CustomKeywordDelegatingMetaClass.java:50)&#xD;
	at createNewIntentCuration_Test.run(createNewIntentCuration_Test:28)&#xD;
	at com.kms.katalon.core.main.ScriptEngine.run(ScriptEngine.java:194)&#xD;
	at com.kms.katalon.core.main.ScriptEngine.runScriptAsRawText(ScriptEngine.java:119)&#xD;
	at com.kms.katalon.core.main.TestCaseExecutor.runScript(TestCaseExecutor.java:337)&#xD;
	at com.kms.katalon.core.main.TestCaseExecutor.doExecute(TestCaseExecutor.java:328)&#xD;
	at com.kms.katalon.core.main.TestCaseExecutor.processExecutionPhase(TestCaseExecutor.java:307)&#xD;
	at com.kms.katalon.core.main.TestCaseExecutor.accessMainPhase(TestCaseExecutor.java:299)&#xD;
	at com.kms.katalon.core.main.TestCaseExecutor.execute(TestCaseExecutor.java:233)&#xD;
	at com.kms.katalon.core.main.TestSuiteExecutor.accessTestCaseMainPhase(TestSuiteExecutor.java:169)&#xD;
	at com.kms.katalon.core.main.TestSuiteExecutor.accessTestSuiteMainPhase(TestSuiteExecutor.java:142)&#xD;
	at com.kms.katalon.core.main.TestSuiteExecutor.execute(TestSuiteExecutor.java:91)&#xD;
	at com.kms.katalon.core.main.TestCaseMain.startTestSuite(TestCaseMain.java:157)&#xD;
	at com.kms.katalon.core.main.TestCaseMain$startTestSuite$0.call(Unknown Source)&#xD;
	at TempTestSuite1604055900896.run(TempTestSuite1604055900896.groovy:35)&#xD;
Caused by: com.kms.katalon.core.webui.exception.WebElementNotFoundException: Web element with id: 'Object Repository/Button/addToNewIntent' located by 'By.xpath: //button//span[contains(text(),' Add to a new intent ')]' not found&#xD;
	at com.kms.katalon.core.webui.common.WebUiCommonHelper.findWebElement(WebUiCommonHelper.java:1097)&#xD;
	at com.kms.katalon.core.webui.common.WebUiCommonHelper$findWebElement.call(Unknown Source)&#xD;
	at platform.Method.clickOnElement(Method.groovy:32)&#xD;
	... 16 more&#xD;
&#xD;
&#xD;
2020-10-30 16:49:18 - [TEST_STEP][PASSED] - platform.Method.clickOnElement(findTestObject("Generic/curation")): platform.Method.clickOnElement is PASSED&#xD;
&#xD;
2020-10-30 16:49:21 - [MESSAGE][PASSED] - platform.Method.clickOnElement is PASSED&#xD;
&#xD;
2020-10-30 16:49:21 - [TEST_STEP][PASSED] - testData = findTestData("Data Files/testData_Task"): null&#xD;
&#xD;
2020-10-30 16:49:21 - [TEST_STEP][PASSED] - platform.Method.clickOnElement(findTestObject("Generic/webObjectWithText", ["textValue":"Issues"])): platform.Method.clickOnElement is PASSED&#xD;
&#xD;
2020-10-30 16:49:24 - [MESSAGE][PASSED] - platform.Method.clickOnElement is PASSED&#xD;
&#xD;
2020-10-30 16:49:24 - [TEST_STEP][PASSED] - sendKeys(findTestObject("Input/roomID", ["value":"room_id"]), testData.getValue("room_id", 1)): Keys '1987070' sent to object: 'Object Repository/Input/roomID'&#xD;
&#xD;
2020-10-30 16:49:26 - [MESSAGE][PASSED] - Keys '1987070' sent to object: 'Object Repository/Input/roomID'&#xD;
&#xD;
2020-10-30 16:49:26 - [TEST_STEP][PASSED] - platform.Method.clickOnElement(findTestObject("Button/filter")): platform.Method.clickOnElement is PASSED&#xD;
&#xD;
2020-10-30 16:49:29 - [MESSAGE][PASSED] - platform.Method.clickOnElement is PASSED&#xD;
&#xD;
2020-10-30 16:49:29 - [TEST_STEP][PASSED] - verifyElementPresent(findTestObject("ICONS/downvote"), 10, CONTINUE_ON_FAILURE): Object 'Object Repository/ICONS/downvote' is present&#xD;
&#xD;
2020-10-30 16:49:30 - [MESSAGE][PASSED] - Object 'Object Repository/ICONS/downvote' is present&#xD;
&#xD;
2020-10-30 16:49:30 - [TEST_STEP][ERROR] - platform.Method.clickOnElement(findTestObject("Button/addToNewIntent")): com.kms.katalon.core.webui.exception.WebElementNotFoundException: Web element with id: 'Object Repository/Button/addToNewIntent' located by 'By.xpath: //button//span[contains(text(),' Add to a new intent ')]' not found&#xD;
&#xD;
2020-10-30 16:49:36 - [MESSAGE][INFO] - Unable to find the element located by 'By.xpath: //button//span[contains(text(),' Add to a new intent ')]'. Please recheck the objects properties to make sure the desired element is located. &#xD;
&#xD;
2020-10-30 16:49:36 - [MESSAGE][ERROR] - com.kms.katalon.core.webui.exception.WebElementNotFoundException: Web element with id: 'Object Repository/Button/addToNewIntent' located by 'By.xpath: //button//span[contains(text(),' Add to a new intent ')]' not found</system-out>
            <system-err>2020-10-30 16:49:17 - [TEST_CASE][ERROR] - Test Cases/TASK_SSO/createNewIntentCuration_Test: Test Cases/TASK_SSO/createNewIntentCuration_Test FAILED.
Reason:
org.codehaus.groovy.runtime.InvokerInvocationException: com.kms.katalon.core.webui.exception.WebElementNotFoundException: Web element with id: 'Object Repository/Button/addToNewIntent' located by 'By.xpath: //button//span[contains(text(),' Add to a new intent ')]' not found&#xD;
	at platform.Method.invokeMethod(Method.groovy)&#xD;
	at com.kms.katalon.core.main.CustomKeywordDelegatingMetaClass.invokeStaticMethod(CustomKeywordDelegatingMetaClass.java:50)&#xD;
	at createNewIntentCuration_Test.run(createNewIntentCuration_Test:28)&#xD;
	at com.kms.katalon.core.main.ScriptEngine.run(ScriptEngine.java:194)&#xD;
	at com.kms.katalon.core.main.ScriptEngine.runScriptAsRawText(ScriptEngine.java:119)&#xD;
	at com.kms.katalon.core.main.TestCaseExecutor.runScript(TestCaseExecutor.java:337)&#xD;
	at com.kms.katalon.core.main.TestCaseExecutor.doExecute(TestCaseExecutor.java:328)&#xD;
	at com.kms.katalon.core.main.TestCaseExecutor.processExecutionPhase(TestCaseExecutor.java:307)&#xD;
	at com.kms.katalon.core.main.TestCaseExecutor.accessMainPhase(TestCaseExecutor.java:299)&#xD;
	at com.kms.katalon.core.main.TestCaseExecutor.execute(TestCaseExecutor.java:233)&#xD;
	at com.kms.katalon.core.main.TestSuiteExecutor.accessTestCaseMainPhase(TestSuiteExecutor.java:169)&#xD;
	at com.kms.katalon.core.main.TestSuiteExecutor.accessTestSuiteMainPhase(TestSuiteExecutor.java:142)&#xD;
	at com.kms.katalon.core.main.TestSuiteExecutor.execute(TestSuiteExecutor.java:91)&#xD;
	at com.kms.katalon.core.main.TestCaseMain.startTestSuite(TestCaseMain.java:157)&#xD;
	at com.kms.katalon.core.main.TestCaseMain$startTestSuite$0.call(Unknown Source)&#xD;
	at TempTestSuite1604055900896.run(TempTestSuite1604055900896.groovy:35)&#xD;
Caused by: com.kms.katalon.core.webui.exception.WebElementNotFoundException: Web element with id: 'Object Repository/Button/addToNewIntent' located by 'By.xpath: //button//span[contains(text(),' Add to a new intent ')]' not found&#xD;
	at com.kms.katalon.core.webui.common.WebUiCommonHelper.findWebElement(WebUiCommonHelper.java:1097)&#xD;
	at com.kms.katalon.core.webui.common.WebUiCommonHelper$findWebElement.call(Unknown Source)&#xD;
	at platform.Method.clickOnElement(Method.groovy:32)&#xD;
	... 16 more</system-err>
        </testcase>
        <testcase name="Test Cases/TASK_SSO/newIntentCreation_WO_TemplateKeyCreationInCuration" classname="Test Cases/TASK_SSO/newIntentCreation_WO_TemplateKeyCreationInCuration" status="ERROR">
[...]
&#xD;
2020-10-30 17:06:17 - [MESSAGE][PASSED] - platform.ResponseDesigner.deleteSecondaryTemplate is PASSED</system-out>
            <system-err></system-err>
        </testcase>
        <testcase name="Test Cases/Sprint/v4.3/appleBusinessChatFieldTestForTaskbot" classname="Test Cases/Sprint/v4.3/appleBusinessChatFieldTestForTaskbot" status="PASSED">
            <system-out>2020-10-30 17:06:17 - [TEST_CASE][PASSED] - Test Cases/Sprint/v4.3/appleBusinessChatFieldTestForTaskbot: Test Cases/Sprint/v4.3/appleBusinessChatFieldTestForTaskbot&#xD;
&#xD;
2020-10-30 17:06:19 - [TEST_STEP][PASSED] - platform.ResponseDesigner.addChannelToResponse(" Apple Business Chat"): platform.ResponseDesigner.addChannelToResponse is PASSED&#xD;
&#xD;
2020-10-30 17:06:24 - [MESSAGE][PASSED] - platform.ResponseDesigner.addChannelToResponse is PASSED&#xD;
&#xD;
2020-10-30 17:06:24 - [TEST_STEP][PASSED] - assert platform.AppleBusinessChat.verifyListpickerOnTemplate() == true: platform.AppleBusinessChat.verifyListpickerOnTemplate is PASSED&#xD;
&#xD;
2020-10-30 17:06:26 - [MESSAGE][PASSED] - Object 'Object Repository/ICONS/listPickerABC' is visible&#xD;
&#xD;
2020-10-30 17:06:26 - [MESSAGE][PASSED] - platform.AppleBusinessChat.verifyListpickerOnTemplate is PASSED&#xD;
&#xD;
2020-10-30 17:06:26 - [TEST_STEP][PASSED] - platform.ResponseDesigner.addListpickerResponse(): platform.ResponseDesigner.addListpickerResponse is PASSED&#xD;
&#xD;
2020-10-30 17:06:30 - [MESSAGE][PASSED] - platform.ResponseDesigner.addListpickerResponse is PASSED&#xD;
&#xD;
2020-10-30 17:06:30 - [TEST_STEP][PASSED] - assert platform.AppleBusinessChat.verifyListpickerOnAddition(findTestObject("WEB_OBJECTS/templateHeader", ["index":2])) == true: platform.AppleBusinessChat.verifyListpickerOnAddition is PASSED&#xD;
&#xD;
2020-10-30 17:06:32 - [MESSAGE][PASSED] - Actual text and expected text of test object 'Object Repository/WEB_OBJECTS/templateHeader' are matched.&#xD;
&#xD;
2020-10-30 17:06:32 - [MESSAGE][PASSED] - platform.AppleBusinessChat.verifyListpickerOnAddition is PASSED&#xD;
&#xD;
2020-10-30 17:06:32 - [TEST_STEP][PASSED] - platform.AppleBusinessChat.setListPickerTitle(""): platform.AppleBusinessChat.setListPickerTitle is PASSED&#xD;
&#xD;
2020-10-30 17:06:38 - [MESSAGE][PASSED] - Text '' is set on object 'Object Repository/AppleBusinessChat/title'&#xD;
&#xD;
2020-10-30 17:06:38 - [MESSAGE][PASSED] - platform.AppleBusinessChat.setListPickerTitle is PASSED&#xD;
&#xD;
2020-10-30 17:06:38 - [TEST_STEP][PASSED] - platform.Method.removeFocus(findTestObject("AppleBusinessChat/title")): platform.Method.removeFocus is PASSED&#xD;
&#xD;
2020-10-30 17:06:40 - [MESSAGE][PASSED] - platform.Method.removeFocus is PASSED&#xD;
&#xD;
2020-10-30 17:06:40 - [TEST_STEP][PASSED] - verifyElementPresent(findTestObject("WEB_OBJECTS/alertRequired"), 20, CONTINUE_ON_FAILURE): Object 'Object Repository/WEB_OBJECTS/alertRequired' is present&#xD;
&#xD;
2020-10-30 17:06:42 - [MESSAGE][PASSED] - Object 'Object Repository/WEB_OBJECTS/alertRequired' is present&#xD;
&#xD;
2020-10-30 17:06:42 - [TEST_STEP][PASSED] - platform.AppleBusinessChat.setListPickerTitle(" "): platform.AppleBusinessChat.setListPickerTitle is PASSED&#xD;
&#xD;
2020-10-30 17:06:47 - [MESSAGE][PASSED] - Text ' ' is set on object 'Object Repository/AppleBusinessChat/title'&#xD;
&#xD;
2020-10-30 17:06:47 - [MESSAGE][PASSED] - platform.AppleBusinessChat.setListPickerTitle is PASSED&#xD;
&#xD;
2020-10-30 17:06:47 - [TEST_STEP][PASSED] - platform.Method.removeFocus(findTestObject("AppleBusinessChat/title")): platform.Method.removeFocus is PASSED&#xD;
&#xD;
2020-10-30 17:06:50 - [MESSAGE][PASSED] - platform.Method.removeFocus is PASSED&#xD;
&#xD;
2020-10-30 17:06:50 - [TEST_STEP][PASSED] - verifyElementPresent(findTestObject("WEB_OBJECTS/alertInvalidData"), 20, CONTINUE_ON_FAILURE): Object 'Object Repository/WEB_OBJECTS/alertInvalidData' is present&#xD;
&#xD;
2020-10-30 17:06:51 - [MESSAGE][PASSED] - Object 'Object Repository/WEB_OBJECTS/alertInvalidData' is present&#xD;
&#xD;
2020-10-30 17:06:51 - [TEST_STEP][PASSED] - platform.AppleBusinessChat.setListPickerTitle(testData): platform.AppleBusinessChat.setListPickerTitle is PASSED&#xD;
&#xD;
2020-10-30 17:07:17 - [MESSAGE][PASSED] - Text 'I want to test that number of characters in this sentence so that a maximum of 512 character can be known. I want to test that number of characters in this sentence so that a maximum of 512 character can be known. I want to test that number of characters in this sentence so that a maximum of 512 character can be known. I want to test that number of characters in this sentence so that a maximum of 512 character can be known. I want to test that number of characters in this sentence so that a maximum of 512...' is set on object 'Object Repository/AppleBusinessChat/title'&#xD;
&#xD;
2020-10-30 17:07:17 - [MESSAGE][PASSED] - platform.AppleBusinessChat.setListPickerTitle is PASSED&#xD;
&#xD;
2020-10-30 17:07:17 - [TEST_STEP][PASSED] - verifyElementPresent(findTestObject("WEB_OBJECTS/alertMaxCharacter"), 20, CONTINUE_ON_FAILURE): Object 'Object Repository/WEB_OBJECTS/alertMaxCharacter' is present&#xD;
&#xD;
2020-10-30 17:07:18 - [MESSAGE][PASSED] - Object 'Object Repository/WEB_OBJECTS/alertMaxCharacter' is present&#xD;
&#xD;
2020-10-30 17:07:18 - [TEST_STEP][PASSED] - platform.AppleBusinessChat.setListPickerTitle("dummy data"): platform.AppleBusinessChat.setListPickerTitle is PASSED&#xD;
&#xD;
2020-10-30 17:07:24 - [MESSAGE][PASSED] - Text 'dummy data' is set on object 'Object Repository/AppleBusinessChat/title'&#xD;
&#xD;
2020-10-30 17:07:24 - [MESSAGE][PASSED] - platform.AppleBusinessChat.setListPickerTitle is PASSED&#xD;
&#xD;
2020-10-30 17:07:24 - [TEST_STEP][PASSED] - platform.AppleBusinessChat.setListPickerReplyTitle(""): platform.AppleBusinessChat.setListPickerReplyTitle is PASSED&#xD;
&#xD;
2020-10-30 17:07:30 - [MESSAGE][PASSED] - Text '' is set on object 'Object Repository/AppleBusinessChat/replyTitle'&#xD;
&#xD;
2020-10-30 17:07:30 - [MESSAGE][PASSED] - platform.AppleBusinessChat.setListPickerReplyTitle is PASSED&#xD;
&#xD;
2020-10-30 17:07:30 - [TEST_STEP][PASSED] - platform.Method.removeFocus(findTestObject("AppleBusinessChat/replyTitle")): platform.Method.removeFocus is PASSED&#xD;
&#xD;
2020-10-30 17:07:33 - [MESSAGE][PASSED] - platform.Method.removeFocus is PASSED&#xD;
&#xD;
2020-10-30 17:07:33 - [TEST_STEP][PASSED] - verifyElementPresent(findTestObject("WEB_OBJECTS/alertRequired"), 20, CONTINUE_ON_FAILURE): Object 'Object Repository/WEB_OBJECTS/alertRequired' is present&#xD;
&#xD;
2020-10-30 17:07:34 - [MESSAGE][PASSED] - Object 'Object Repository/WEB_OBJECTS/alertRequired' is present&#xD;
&#xD;
2020-10-30 17:07:34 - [TEST_STEP][PASSED] - platform.AppleBusinessChat.setListPickerReplyTitle(" "): platform.AppleBusinessChat.setListPickerReplyTitle is PASSED&#xD;
&#xD;
2020-10-30 17:07:40 - [MESSAGE][PASSED] - Text ' ' is set on object 'Object Repository/AppleBusinessChat/replyTitle'&#xD;
&#xD;
2020-10-30 17:07:40 - [MESSAGE][PASSED] - platform.AppleBusinessChat.setListPickerReplyTitle is PASSED&#xD;
&#xD;
2020-10-30 17:07:40 - [TEST_STEP][PASSED] - platform.Method.removeFocus(findTestObject("AppleBusinessChat/replyTitle")): platform.Method.removeFocus is PASSED&#xD;
&#xD;
2020-10-30 17:07:43 - [MESSAGE][PASSED] - platform.Method.removeFocus is PASSED&#xD;
&#xD;
2020-10-30 17:07:43 - [TEST_STEP][PASSED] - verifyElementPresent(findTestObject("WEB_OBJECTS/alertInvalidData"), 20, CONTINUE_ON_FAILURE): Object 'Object Repository/WEB_OBJECTS/alertInvalidData' is present&#xD;
&#xD;
2020-10-30 17:07:44 - [MESSAGE][PASSED] - Object 'Object Repository/WEB_OBJECTS/alertInvalidData' is present&#xD;
&#xD;
2020-10-30 17:07:44 - [TEST_STEP][PASSED] - platform.AppleBusinessChat.setListPickerReplyTitle(testData): platform.AppleBusinessChat.setListPickerReplyTitle is PASSED&#xD;
&#xD;
2020-10-30 17:08:08 - [MESSAGE][PASSED] - Text 'I want to test that number of characters in this sentence so that a maximum of 512 character can be known. I want to test that number of characters in this sentence so that a maximum of 512 character can be known. I want to test that number of characters in this sentence so that a maximum of 512 character can be known. I want to test that number of characters in this sentence so that a maximum of 512 character can be known. I want to test that number of characters in this sentence so that a maximum of 512...' is set on object 'Object Repository/AppleBusinessChat/replyTitle'&#xD;
&#xD;
2020-10-30 17:08:08 - [MESSAGE][PASSED] - platform.AppleBusinessChat.setListPickerReplyTitle is PASSED&#xD;
&#xD;
2020-10-30 17:08:08 - [TEST_STEP][PASSED] - verifyElementPresent(findTestObject("WEB_OBJECTS/alertMaxCharacter"), 20, CONTINUE_ON_FAILURE): Object 'Object Repository/WEB_OBJECTS/alertMaxCharacter' is present&#xD;
&#xD;
2020-10-30 17:08:10 - [MESSAGE][PASSED] - Object 'Object Repository/WEB_OBJECTS/alertMaxCharacter' is present&#xD;
&#xD;
2020-10-30 17:08:10 - [TEST_STEP][PASSED] - platform.AppleBusinessChat.setListPickerTitle("dummy reply title"): platform.AppleBusinessChat.setListPickerTitle is PASSED&#xD;
&#xD;
2020-10-30 17:08:16 - [MESSAGE][PASSED] - Text 'dummy reply title' is set on object 'Object Repository/AppleBusinessChat/title'&#xD;
&#xD;
2020-10-30 17:08:16 - [MESSAGE][PASSED] - platform.AppleBusinessChat.setListPickerTitle is PASSED&#xD;
&#xD;
2020-10-30 17:08:16 - [TEST_STEP][PASSED] - platform.Method.clickOnElement(findTestObject("AppleBusinessChat/listSection")): platform.Method.clickOnElement is PASSED&#xD;
&#xD;
2020-10-30 17:08:18 - [MESSAGE][PASSED] - platform.Method.clickOnElement is PASSED&#xD;
&#xD;
2020-10-30 17:08:18 - [TEST_STEP][PASSED] - platform.AppleBusinessChat.setListTitle("1", ""): platform.AppleBusinessChat.setListTitle is PASSED&#xD;
&#xD;
2020-10-30 17:08:26 - [MESSAGE][PASSED] - Text '' is set on object 'Object Repository/AppleBusinessChat/listTitle'&#xD;
&#xD;
2020-10-30 17:08:26 - [MESSAGE][PASSED] - platform.AppleBusinessChat.setListTitle is PASSED&#xD;
&#xD;
2020-10-30 17:08:26 - [TEST_STEP][PASSED] - platform.Method.removeFocus(findTestObject("AppleBusinessChat/listTitle", ["index":"1"])): platform.Method.removeFocus is PASSED&#xD;
&#xD;
2020-10-30 17:08:28 - [MESSAGE][PASSED] - platform.Method.removeFocus is PASSED&#xD;
&#xD;
2020-10-30 17:08:28 - [TEST_STEP][PASSED] - verifyElementPresent(findTestObject("WEB_OBJECTS/alertRequired"), 20, CONTINUE_ON_FAILURE): Object 'Object Repository/WEB_OBJECTS/alertRequired' is present&#xD;
&#xD;
2020-10-30 17:08:29 - [MESSAGE][PASSED] - Object 'Object Repository/WEB_OBJECTS/alertRequired' is present&#xD;
&#xD;
2020-10-30 17:08:29 - [TEST_STEP][PASSED] - platform.AppleBusinessChat.setListTitle("1", " "): platform.AppleBusinessChat.setListTitle is PASSED&#xD;
&#xD;
2020-10-30 17:08:35 - [MESSAGE][PASSED] - Text ' ' is set on object 'Object Repository/AppleBusinessChat/listTitle'&#xD;
&#xD;
2020-10-30 17:08:35 - [MESSAGE][PASSED] - platform.AppleBusinessChat.setListTitle is PASSED&#xD;
&#xD;
2020-10-30 17:08:35 - [TEST_STEP][PASSED] - platform.Method.removeFocus(findTestObject("AppleBusinessChat/listTitle", ["index":"1"])): platform.Method.removeFocus is PASSED&#xD;
&#xD;
2020-10-30 17:08:38 - [MESSAGE][PASSED] - platform.Method.removeFocus is PASSED&#xD;
&#xD;
2020-10-30 17:08:38 - [TEST_STEP][PASSED] - verifyElementPresent(findTestObject("WEB_OBJECTS/alertInvalidData"), 20, CONTINUE_ON_FAILURE): Object 'Object Repository/WEB_OBJECTS/alertInvalidData' is present&#xD;
&#xD;
2020-10-30 17:08:39 - [MESSAGE][PASSED] - Object 'Object Repository/WEB_OBJECTS/alertInvalidData' is present&#xD;
&#xD;
2020-10-30 17:08:39 - [TEST_STEP][PASSED] - platform.AppleBusinessChat.setListTitle("1", testData): platform.AppleBusinessChat.setListTitle is PASSED&#xD;
&#xD;
2020-10-30 17:09:07 - [MESSAGE][PASSED] - Text 'I want to test that number of characters in this sentence so that a maximum of 512 character can be known. I want to test that number of characters in this sentence so that a maximum of 512 character can be known. I want to test that number of characters in this sentence so that a maximum of 512 character can be known. I want to test that number of characters in this sentence so that a maximum of 512 character can be known. I want to test that number of characters in this sentence so that a maximum of 512...' is set on object 'Object Repository/AppleBusinessChat/listTitle'&#xD;
&#xD;
2020-10-30 17:09:07 - [MESSAGE][PASSED] - platform.AppleBusinessChat.setListTitle is PASSED&#xD;
&#xD;
2020-10-30 17:09:07 - [TEST_STEP][PASSED] - verifyElementPresent(findTestObject("WEB_OBJECTS/alertMaxCharacter"), 20, CONTINUE_ON_FAILURE): Object 'Object Repository/WEB_OBJECTS/alertMaxCharacter' is present&#xD;
&#xD;
2020-10-30 17:09:09 - [MESSAGE][PASSED] - Object 'Object Repository/WEB_OBJECTS/alertMaxCharacter' is present&#xD;
&#xD;
2020-10-30 17:09:09 - [TEST_STEP][PASSED] - platform.AppleBusinessChat.setListTitle("1", "dummy list title"): platform.AppleBusinessChat.setListTitle is PASSED&#xD;
&#xD;
2020-10-30 17:09:15 - [MESSAGE][PASSED] - Text 'dummy list title' is set on object 'Object Repository/AppleBusinessChat/listTitle'&#xD;
&#xD;
2020-10-30 17:09:15 - [MESSAGE][PASSED] - platform.AppleBusinessChat.setListTitle is PASSED&#xD;
&#xD;
2020-10-30 17:09:15 - [TEST_STEP][PASSED] - platform.AppleBusinessChat.setListItemTitle("1", ""): platform.AppleBusinessChat.setListItemTitle is PASSED&#xD;
&#xD;
2020-10-30 17:09:21 - [MESSAGE][PASSED] - Text '' is set on object 'Object Repository/AppleBusinessChat/itemTitle'&#xD;
&#xD;
2020-10-30 17:09:21 - [MESSAGE][PASSED] - platform.AppleBusinessChat.setListItemTitle is PASSED&#xD;
&#xD;
2020-10-30 17:09:21 - [TEST_STEP][PASSED] - platform.Method.removeFocus(findTestObject("AppleBusinessChat/itemTitle", ["index":"1"])): platform.Method.removeFocus is PASSED&#xD;
&#xD;
2020-10-30 17:09:24 - [MESSAGE][PASSED] - platform.Method.removeFocus is PASSED&#xD;
&#xD;
2020-10-30 17:09:24 - [TEST_STEP][PASSED] - verifyElementPresent(findTestObject("WEB_OBJECTS/alertRequired"), 20, CONTINUE_ON_FAILURE): Object 'Object Repository/WEB_OBJECTS/alertRequired' is present&#xD;
&#xD;
2020-10-30 17:09:25 - [MESSAGE][PASSED] - Object 'Object Repository/WEB_OBJECTS/alertRequired' is present&#xD;
&#xD;
2020-10-30 17:09:25 - [TEST_STEP][PASSED] - platform.AppleBusinessChat.setListItemTitle("1", " "): platform.AppleBusinessChat.setListItemTitle is PASSED&#xD;
&#xD;
2020-10-30 17:09:30 - [MESSAGE][PASSED] - Text ' ' is set on object 'Object Repository/AppleBusinessChat/itemTitle'&#xD;
&#xD;
2020-10-30 17:09:30 - [MESSAGE][PASSED] - platform.AppleBusinessChat.setListItemTitle is PASSED&#xD;
&#xD;
2020-10-30 17:09:30 - [TEST_STEP][PASSED] - platform.Method.removeFocus(findTestObject("AppleBusinessChat/itemTitle", ["index":"1"])): platform.Method.removeFocus is PASSED&#xD;
&#xD;
2020-10-30 17:09:33 - [MESSAGE][PASSED] - platform.Method.removeFocus is PASSED&#xD;
&#xD;
2020-10-30 17:09:33 - [TEST_STEP][PASSED] - verifyElementPresent(findTestObject("WEB_OBJECTS/alertInvalidData"), 20, CONTINUE_ON_FAILURE): Object 'Object Repository/WEB_OBJECTS/alertInvalidData' is present&#xD;
&#xD;
2020-10-30 17:09:34 - [MESSAGE][PASSED] - Object 'Object Repository/WEB_OBJECTS/alertInvalidData' is present&#xD;
&#xD;
2020-10-30 17:09:34 - [TEST_STEP][PASSED] - platform.AppleBusinessChat.setListItemTitle("1", testData): platform.AppleBusinessChat.setListItemTitle is PASSED&#xD;
&#xD;
2020-10-30 17:10:07 - [MESSAGE][PASSED] - Text 'I want to test that number of characters in this sentence so that a maximum of 512 character can be known. I want to test that number of characters in this sentence so that a maximum of 512 character can be known. I want to test that number of characters in this sentence so that a maximum of 512 character can be known. I want to test that number of characters in this sentence so that a maximum of 512 character can be known. I want to test that number of characters in this sentence so that a maximum of 512...' is set on object 'Object Repository/AppleBusinessChat/itemTitle'&#xD;
&#xD;
2020-10-30 17:10:07 - [MESSAGE][PASSED] - platform.AppleBusinessChat.setListItemTitle is PASSED&#xD;
&#xD;
2020-10-30 17:10:07 - [TEST_STEP][PASSED] - verifyElementPresent(findTestObject("WEB_OBJECTS/alertMaxCharacter"), 20, CONTINUE_ON_FAILURE): Object 'Object Repository/WEB_OBJECTS/alertMaxCharacter' is present&#xD;
&#xD;
2020-10-30 17:10:08 - [MESSAGE][PASSED] - Object 'Object Repository/WEB_OBJECTS/alertMaxCharacter' is present&#xD;
&#xD;
2020-10-30 17:10:08 - [TEST_STEP][PASSED] - platform.AppleBusinessChat.setListItemTitle("1", "dummy list item title"): platform.AppleBusinessChat.setListItemTitle is PASSED&#xD;
&#xD;
2020-10-30 17:10:15 - [MESSAGE][PASSED] - Text 'dummy list item title' is set on object 'Object Repository/AppleBusinessChat/itemTitle'&#xD;
&#xD;
2020-10-30 17:10:15 - [MESSAGE][PASSED] - platform.AppleBusinessChat.setListItemTitle is PASSED&#xD;
&#xD;
2020-10-30 17:10:15 - [TEST_STEP][PASSED] - assert getText().contains("dummy list item title") == true: null&#xD;
&#xD;
2020-10-30 17:10:18 - [TEST_STEP][PASSED] - platform.AppleBusinessChat.setItemIdentifier("1", ""): platform.AppleBusinessChat.setItemIdentifier is PASSED&#xD;
&#xD;
2020-10-30 17:10:24 - [MESSAGE][PASSED] - Text '' is set on object 'Object Repository/AppleBusinessChat/listItemIdentifier'&#xD;
&#xD;
2020-10-30 17:10:24 - [MESSAGE][PASSED] - platform.AppleBusinessChat.setItemIdentifier is PASSED&#xD;
&#xD;
2020-10-30 17:10:24 - [TEST_STEP][PASSED] - platform.Method.removeFocus(findTestObject("AppleBusinessChat/listItemIdentifier", ["index":"1"])): platform.Method.removeFocus is PASSED&#xD;
&#xD;
2020-10-30 17:10:26 - [MESSAGE][PASSED] - platform.Method.removeFocus is PASSED&#xD;
&#xD;
2020-10-30 17:10:26 - [TEST_STEP][PASSED] - verifyElementPresent(findTestObject("WEB_OBJECTS/alertRequired"), 20, CONTINUE_ON_FAILURE): Object 'Object Repository/WEB_OBJECTS/alertRequired' is present&#xD;
&#xD;
2020-10-30 17:10:27 - [MESSAGE][PASSED] - Object 'Object Repository/WEB_OBJECTS/alertRequired' is present&#xD;
&#xD;
2020-10-30 17:10:27 - [TEST_STEP][PASSED] - platform.AppleBusinessChat.setItemIdentifier("1", " "): platform.AppleBusinessChat.setItemIdentifier is PASSED&#xD;
&#xD;
2020-10-30 17:10:33 - [MESSAGE][PASSED] - Text ' ' is set on object 'Object Repository/AppleBusinessChat/listItemIdentifier'&#xD;
&#xD;
2020-10-30 17:10:33 - [MESSAGE][PASSED] - platform.AppleBusinessChat.setItemIdentifier is PASSED&#xD;
&#xD;
2020-10-30 17:10:33 - [TEST_STEP][PASSED] - platform.Method.removeFocus(findTestObject("AppleBusinessChat/listItemIdentifier", ["index":"1"])): platform.Method.removeFocus is PASSED&#xD;
&#xD;
2020-10-30 17:10:35 - [MESSAGE][PASSED] - platform.Method.removeFocus is PASSED&#xD;
&#xD;
2020-10-30 17:10:35 - [TEST_STEP][PASSED] - verifyElementPresent(findTestObject("WEB_OBJECTS/alertInvalidData"), 20, CONTINUE_ON_FAILURE): Object 'Object Repository/WEB_OBJECTS/alertInvalidData' is present&#xD;
&#xD;
2020-10-30 17:10:36 - [MESSAGE][PASSED] - Object 'Object Repository/WEB_OBJECTS/alertInvalidData' is present&#xD;
&#xD;
2020-10-30 17:10:36 - [TEST_STEP][PASSED] - platform.AppleBusinessChat.setItemIdentifier("1", "dummy list item title"): platform.AppleBusinessChat.setItemIdentifier is PASSED&#xD;
&#xD;
2020-10-30 17:10:43 - [MESSAGE][PASSED] - Text 'dummy list item title' is set on object 'Object Repository/AppleBusinessChat/listItemIdentifier'&#xD;
&#xD;
2020-10-30 17:10:43 - [MESSAGE][PASSED] - platform.AppleBusinessChat.setItemIdentifier is PASSED</system-out>
            <system-err></system-err>
        </testcase>
        <system-out>2020-10-30 16:35:16 - [TEST_SUITE][INCOMPLETE] - TASK_SSO: null</system-out>
        <system-err>2020-10-30 16:35:16 - [TEST_SUITE][INCOMPLETE] - TASK_SSO: null</system-err>
    </testsuite>
</testsuites>
