<?xml version="1.0" encoding="UTF-8" standalone="yes"?>
<testsuites name="FAQ_SSO" time="2124" tests="24" failures="0" errors="1">
    <testsuite name="FAQ_SSO" tests="24" failures="0" errors="1" time="2124" timestamp="2020-10-01 12:39:49" hostname="narendra.n - WLPT580.imidomain.com" id="Test Suites/FAQ_SSO">
        <properties>
            <property name="deviceName" value=""/>
            <property name="devicePlatform" value=""/>
            <property name="logFolder" value="D:\\IMIbot.ai-Project\\Reports\\20201001_123931\\FAQ_SSO\\20201001_123931"/>
            <property name="logFiles" value="D:\\IMIbot.ai-Project\\Reports\\20201001_123931\\FAQ_SSO\\20201001_123931\\execution0.log"/>
            <property name="attachments" value="D:\\IMIbot.ai-Project\\Reports\\20201001_123931\\FAQ_SSO\\20201001_123931\\1601536651891.png, D:\\IMIbot.ai-Project\\Reports\\20201001_123931\\FAQ_SSO\\20201001_123931\\1601537070411.png"/>
            <property name="hostName" value="narendra.n - WLPT580.imidomain.com"/>
            <property name="os" value="Windows 8.1 64bit"/>
            <property name="katalonVersion" value="6.3.3.11"/>
            <property name="browser" value="Chrome 85.0.4183.121"/>
            <property name="hostAddress" value="192.168.29.195"/>
            <property name="sessionId" value="1272d4956270524c2f859ed6907373ad"/>
            <property name="seleniumVersion" value="3.141.59"/>
            <property name="proxyInformation" value="ProxyInformation{proxyOption=NO_PROXY, proxyServerType=HTTP, password=, proxyServerAddress=, proxyServerPort=0}"/>
            <property name="platform" value="Windows 8.1"/>
        </properties>
        <testcase name="Test Cases/FAQ_SSO/botCreation_Test" classname="Test Cases/FAQ_SSO/botCreation_Test" status="PASSED">
            <system-out>2020-10-01 12:40:50 - [TEST_CASE][PASSED] - Test Cases/FAQ_SSO/botCreation_Test: Test Cases/FAQ_SSO/botCreation_Test&#xD;
&#xD;
2020-10-01 12:40:51 - [TEST_STEP][PASSED] - platform.Method.clickOnElement(findTestObject("Button/createBot")): platform.Method.clickOnElement is PASSED&#xD;
&#xD;
2020-10-01 12:40:57 - [MESSAGE][PASSED] - platform.Method.clickOnElement is PASSED&#xD;
&#xD;
2020-10-01 12:40:57 - [TEST_STEP][PASSED] - sendKeys(findTestObject("Input/botName"), nameOfTheBot): Keys 'Rollback FAQ' sent to object: 'Object Repository/Input/botName'&#xD;
&#xD;
2020-10-01 12:41:00 - [MESSAGE][PASSED] - Keys 'Rollback FAQ' sent to object: 'Object Repository/Input/botName'&#xD;
&#xD;
2020-10-01 12:41:00 - [TEST_STEP][PASSED] - platform.Method.clickOnElement(findTestObject("Toggle/feedback")): platform.Method.clickOnElement is PASSED&#xD;
&#xD;
2020-10-01 12:41:02 - [MESSAGE][PASSED] - platform.Method.clickOnElement is PASSED&#xD;
&#xD;
2020-10-01 12:41:02 - [TEST_STEP][PASSED] - platform.Method.clickOnElement(findTestObject("Button/done")): platform.Method.clickOnElement is PASSED&#xD;
&#xD;
2020-10-01 12:41:05 - [MESSAGE][PASSED] - platform.Method.clickOnElement is PASSED&#xD;
&#xD;
2020-10-01 12:41:05 - [TEST_STEP][PASSED] - waitForElementVisible(findTestObject("Generic/articleState"), 60, OPTIONAL): Object 'Object Repository/Generic/articleState' is visible&#xD;
&#xD;
2020-10-01 12:41:15 - [MESSAGE][PASSED] - Object 'Object Repository/Generic/articleState' is visible&#xD;
&#xD;
2020-10-01 12:41:15 - [TEST_STEP][PASSED] - if (!(verifyElementText(findTestObject("Generic/articleState"), "Trained", OPTIONAL))): Actual text and expected text of test object 'Object Repository/Generic/articleState' are matched.&#xD;
&#xD;
2020-10-01 12:41:18 - [MESSAGE][PASSED] - Actual text and expected text of test object 'Object Repository/Generic/articleState' are matched.&#xD;
&#xD;
2020-10-01 12:41:18 - [TEST_STEP][PASSED] - platform.Method.clickOnElement(findTestObject("GenericII/minimize")): platform.Method.clickOnElement is PASSED&#xD;
&#xD;
2020-10-01 12:41:21 - [MESSAGE][PASSED] - platform.Method.clickOnElement is PASSED</system-out>
            <system-err></system-err>
        </testcase>
        <testcase name="Test Cases/FAQ_SSO/botSideOptionsNavigation_Test" classname="Test Cases/FAQ_SSO/botSideOptionsNavigation_Test" status="PASSED">
            <system-out>2020-10-01 12:41:21 - [TEST_CASE][PASSED] - Test Cases/FAQ_SSO/botSideOptionsNavigation_Test: Test Cases/FAQ_SSO/botSideOptionsNavigation_Test&#xD;
&#xD;
2020-10-01 12:41:22 - [TEST_STEP][PASSED] - platform.Method.clickOnElement(findTestObject("ICONS/sidebarSettings")): platform.Method.clickOnElement is PASSED&#xD;
&#xD;
2020-10-01 12:41:26 - [MESSAGE][PASSED] - platform.Method.clickOnElement is PASSED&#xD;
&#xD;
2020-10-01 12:41:26 - [TEST_STEP][PASSED] - waitForElementPresent(findTestObject("Generic/webObjectWithText", ["textValue":"Bot configuration"]), 10, STOP_ON_FAILURE): Object 'Object Repository/Generic/webObjectWithText' is present&#xD;
&#xD;
2020-10-01 12:41:28 - [MESSAGE][PASSED] - Object 'Object Repository/Generic/webObjectWithText' is present&#xD;
&#xD;
2020-10-01 12:41:28 - [TEST_STEP][PASSED] - platform.Method.clickOnElement(findTestObject("Generic/webObjectWithText", ["textValue":"Management"])): platform.Method.clickOnElement is PASSED&#xD;
&#xD;
2020-10-01 12:41:30 - [MESSAGE][PASSED] - platform.Method.clickOnElement is PASSED&#xD;
&#xD;
2020-10-01 12:41:30 - [TEST_STEP][PASSED] - waitForElementPresent(findTestObject("Generic/webObjectWithText", ["textValue":"Bot status"]), 10, STOP_ON_FAILURE): Object 'Object Repository/Generic/webObjectWithText' is present&#xD;
&#xD;
2020-10-01 12:41:32 - [MESSAGE][PASSED] - Object 'Object Repository/Generic/webObjectWithText' is present&#xD;
&#xD;
2020-10-01 12:41:32 - [TEST_STEP][PASSED] - platform.Method.clickOnElement(findTestObject("Generic/webObjectWithText", ["textValue":"Security"])): platform.Method.clickOnElement is PASSED&#xD;
&#xD;
2020-10-01 12:41:36 - [MESSAGE][PASSED] - platform.Method.clickOnElement is PASSED&#xD;
&#xD;
2020-10-01 12:41:36 - [TEST_STEP][PASSED] - verifyElementPresent(findTestObject("NewRepo/inputConsentDisclaimer"), 10, STOP_ON_FAILURE): Object 'Object Repository/NewRepo/inputConsentDisclaimer' is present&#xD;
&#xD;
2020-10-01 12:41:37 - [MESSAGE][PASSED] - Object 'Object Repository/NewRepo/inputConsentDisclaimer' is present&#xD;
&#xD;
2020-10-01 12:41:37 - [TEST_STEP][PASSED] - platform.Method.clickOnElement(findTestObject("Generic/webObjectWithText", ["textValue":"Handover and Inference"])): platform.Method.clickOnElement is PASSED&#xD;
&#xD;
2020-10-01 12:41:41 - [MESSAGE][PASSED] - platform.Method.clickOnElement is PASSED&#xD;
&#xD;
2020-10-01 12:41:41 - [TEST_STEP][PASSED] - waitForElementPresent(findTestObject("Generic/webObjectWithText", ["textValue":"Inference"]), 10, STOP_ON_FAILURE): Object 'Object Repository/Generic/webObjectWithText' is present&#xD;
&#xD;
2020-10-01 12:41:42 - [MESSAGE][PASSED] - Object 'Object Repository/Generic/webObjectWithText' is present&#xD;
&#xD;
2020-10-01 12:41:42 - [TEST_STEP][PASSED] - platform.Method.clickOnElement(findTestObject("Generic/webObjectWithText", ["textValue":"Integrations"])): platform.Method.clickOnElement is PASSED&#xD;
&#xD;
2020-10-01 12:41:45 - [MESSAGE][PASSED] - platform.Method.clickOnElement is PASSED&#xD;
&#xD;
2020-10-01 12:41:45 - [TEST_STEP][PASSED] - waitForElementPresent(findTestObject("Generic/webObjectWithText", ["textValue":"Chat Agent Platforms"]), 10, STOP_ON_FAILURE): Object 'Object Repository/Generic/webObjectWithText' is present&#xD;
&#xD;
2020-10-01 12:41:46 - [MESSAGE][PASSED] - Object 'Object Repository/Generic/webObjectWithText' is present&#xD;
&#xD;
2020-10-01 12:41:46 - [TEST_STEP][PASSED] - platform.Method.clickOnElement(findTestObject("Generic/nlp")): platform.Method.clickOnElement is PASSED&#xD;
&#xD;
2020-10-01 12:41:49 - [MESSAGE][PASSED] - platform.Method.clickOnElement is PASSED&#xD;
&#xD;
2020-10-01 12:41:49 - [TEST_STEP][PASSED] - waitForElementPresent(findTestObject("Generic/webObjectWithText", ["textValue":"Input recognition"]), 10, STOP_ON_FAILURE): Object 'Object Repository/Generic/webObjectWithText' is present&#xD;
&#xD;
2020-10-01 12:41:51 - [MESSAGE][PASSED] - Object 'Object Repository/Generic/webObjectWithText' is present&#xD;
&#xD;
2020-10-01 12:41:51 - [TEST_STEP][PASSED] - platform.Method.clickOnElement(findTestObject("Generic/webObjectWithText", ["textValue":"Knowledge base"])): platform.Method.clickOnElement is PASSED&#xD;
&#xD;
2020-10-01 12:41:53 - [MESSAGE][PASSED] - platform.Method.clickOnElement is PASSED&#xD;
&#xD;
2020-10-01 12:41:53 - [TEST_STEP][PASSED] - verifyElementPresent(findTestObject("NewRepo/newConceptBtn"), 10, STOP_ON_FAILURE): Object 'Object Repository/NewRepo/newConceptBtn' is present&#xD;
&#xD;
2020-10-01 12:41:54 - [MESSAGE][PASSED] - Object 'Object Repository/NewRepo/newConceptBtn' is present&#xD;
&#xD;
2020-10-01 12:41:54 - [TEST_STEP][PASSED] - platform.Method.clickOnElement(findTestObject("Generic/articles")): platform.Method.clickOnElement is PASSED&#xD;
&#xD;
2020-10-01 12:41:57 - [MESSAGE][PASSED] - platform.Method.clickOnElement is PASSED&#xD;
&#xD;
2020-10-01 12:41:57 - [TEST_STEP][PASSED] - waitForElementPresent(findTestObject("Generic/webObjectWithText", ["textValue":"Knowledge base"]), 10, STOP_ON_FAILURE): Object 'Object Repository/Generic/webObjectWithText' is present&#xD;
&#xD;
2020-10-01 12:41:59 - [MESSAGE][PASSED] - Object 'Object Repository/Generic/webObjectWithText' is present&#xD;
&#xD;
2020-10-01 12:41:59 - [TEST_STEP][PASSED] - platform.Method.clickOnElement(findTestObject("Generic/webObjectWithText", ["textValue":"Curation"])): platform.Method.clickOnElement is PASSED&#xD;
&#xD;
2020-10-01 12:42:02 - [MESSAGE][PASSED] - platform.Method.clickOnElement is PASSED&#xD;
&#xD;
2020-10-01 12:42:02 - [TEST_STEP][PASSED] - waitForElementPresent(findTestObject("Generic/webObjectWithText", ["textValue":"Unresolved issues"]), 10, STOP_ON_FAILURE): Object 'Object Repository/Generic/webObjectWithText' is present&#xD;
&#xD;
2020-10-01 12:42:04 - [MESSAGE][PASSED] - Object 'Object Repository/Generic/webObjectWithText' is present&#xD;
&#xD;
2020-10-01 12:42:04 - [TEST_STEP][PASSED] - platform.Method.clickOnElement(findTestObject("Generic/session")): platform.Method.clickOnElement is PASSED&#xD;
&#xD;
2020-10-01 12:42:07 - [MESSAGE][PASSED] - platform.Method.clickOnElement is PASSED&#xD;
&#xD;
2020-10-01 12:42:07 - [TEST_STEP][PASSED] - waitForElementPresent(findTestObject("Generic/webObjectWithText", ["textValue":"Conversations"]), 10, STOP_ON_FAILURE): Object 'Object Repository/Generic/webObjectWithText' is present&#xD;
&#xD;
2020-10-01 12:42:08 - [MESSAGE][PASSED] - Object 'Object Repository/Generic/webObjectWithText' is present&#xD;
&#xD;
2020-10-01 12:42:08 - [TEST_STEP][PASSED] - platform.Method.clickOnElement(findTestObject("Generic/webObjectWithText", ["textValue":"History"])): platform.Method.clickOnElement is PASSED&#xD;
&#xD;
2020-10-01 12:42:11 - [MESSAGE][PASSED] - platform.Method.clickOnElement is PASSED&#xD;
&#xD;
2020-10-01 12:42:11 - [TEST_STEP][PASSED] - waitForElementPresent(findTestObject("Generic/webObjectWithText", ["textValue":"History"]), 10, STOP_ON_FAILURE): Object 'Object Repository/Generic/webObjectWithText' is present&#xD;
&#xD;
2020-10-01 12:42:12 - [MESSAGE][PASSED] - Object 'Object Repository/Generic/webObjectWithText' is present</system-out>
            <system-err></system-err>
        </testcase>
        <testcase name="Test Cases/FAQ_SSO/botUrlAndDefaultArticleConfiguration_Test" classname="Test Cases/FAQ_SSO/botUrlAndDefaultArticleConfiguration_Test" status="PASSED">
            <system-out>2020-10-01 12:42:12 - [TEST_CASE][PASSED] - Test Cases/FAQ_SSO/botUrlAndDefaultArticleConfiguration_Test: Test Cases/FAQ_SSO/botUrlAndDefaultArticleConfiguration_Test&#xD;
&#xD;
2020-10-01 12:42:17 - [TEST_STEP][PASSED] - platform.Method.clickOnElement(findTestObject("ICONS/sidebarSettings")): platform.Method.clickOnElement is PASSED&#xD;
&#xD;
2020-10-01 12:42:21 - [MESSAGE][PASSED] - platform.Method.clickOnElement is PASSED&#xD;
&#xD;
2020-10-01 12:42:21 - [TEST_STEP][PASSED] - waitForElementPresent(findTestObject("Input/botLogo"), 20, OPTIONAL): Object 'Object Repository/Input/botLogo' is present&#xD;
&#xD;
2020-10-01 12:42:23 - [MESSAGE][PASSED] - Object 'Object Repository/Input/botLogo' is present&#xD;
&#xD;
2020-10-01 12:42:23 - [TEST_STEP][PASSED] - setText(findTestObject("Input/botLogo"), botLogo): Text 'https://avaamo.ai/wp-content/uploads/2017/01/chatbotsfuterpswm-300x225.jpg' is set on object 'Object Repository/Input/botLogo'&#xD;
&#xD;
2020-10-01 12:42:31 - [MESSAGE][PASSED] - Text 'https://avaamo.ai/wp-content/uploads/2017/01/chatbotsfuterpswm-300x225.jpg' is set on object 'Object Repository/Input/botLogo'&#xD;
&#xD;
2020-10-01 12:42:31 - [TEST_STEP][PASSED] - platform.Method.clickOnElement(findTestObject("Button/updateBot")): platform.Method.clickOnElement is PASSED&#xD;
&#xD;
2020-10-01 12:42:34 - [MESSAGE][PASSED] - platform.Method.clickOnElement is PASSED&#xD;
&#xD;
2020-10-01 12:42:34 - [TEST_STEP][PASSED] - verifyElementPresent(findTestObject("ICONS/toastMsg"), 15, STOP_ON_FAILURE): Object 'Object Repository/ICONS/toastMsg' is present&#xD;
&#xD;
2020-10-01 12:42:36 - [MESSAGE][PASSED] - Object 'Object Repository/ICONS/toastMsg' is present&#xD;
&#xD;
2020-10-01 12:42:36 - [TEST_STEP][PASSED] - platform.Method.clickOnElement(findTestObject("Generic/articles")): platform.Method.clickOnElement is PASSED&#xD;
&#xD;
2020-10-01 12:42:39 - [MESSAGE][PASSED] - platform.Method.clickOnElement is PASSED&#xD;
&#xD;
2020-10-01 12:42:39 - [TEST_STEP][PASSED] - platform.Method.clickOnElement(findTestObject("Generic/webObjectWithText", ["textValue":"Welcome Message"])): platform.Method.clickOnElement is PASSED&#xD;
&#xD;
2020-10-01 12:42:42 - [MESSAGE][PASSED] - platform.Method.clickOnElement is PASSED&#xD;
&#xD;
2020-10-01 12:42:42 - [TEST_STEP][PASSED] - setText(findTestObject("Input/textResponse"), welcomeMessage): Text 'Hi! I'm your bank bot designed to help you with your basic queries on bank related areas.' is set on object 'Object Repository/Input/textResponse'&#xD;
&#xD;
2020-10-01 12:42:51 - [MESSAGE][PASSED] - Text 'Hi! I'm your bank bot designed to help you with your basic queries on bank related areas.' is set on object 'Object Repository/Input/textResponse'&#xD;
&#xD;
2020-10-01 12:42:51 - [TEST_STEP][PASSED] - platform.Method.clickOnElement(findTestObject("Button/save", ["value":"Save"])): platform.Method.clickOnElement is PASSED&#xD;
&#xD;
2020-10-01 12:42:53 - [MESSAGE][PASSED] - platform.Method.clickOnElement is PASSED&#xD;
&#xD;
2020-10-01 12:42:53 - [TEST_STEP][PASSED] - platform.Method.trainAndComment(comment): platform.Method.trainAndComment is PASSED&#xD;
&#xD;
2020-10-01 12:43:00 - [MESSAGE][INFO] - Unable to find the element located by 'By.xpath: //mat-icon[text()='sync' or text()='autorenew']'. Please recheck the objects properties to make sure the desired element is located. &#xD;
&#xD;
2020-10-01 12:43:00 - [MESSAGE][INFO] - BOT STATE IS TRAINED&#xD;
&#xD;
2020-10-01 12:43:00 - [MESSAGE][PASSED] - platform.Method.trainAndComment is PASSED&#xD;
&#xD;
2020-10-01 12:43:00 - [TEST_STEP][PASSED] - platform.Method.clickOnElement(findTestObject("Generic/webObjectWithText", ["textValue":"Partial match"])): platform.Method.clickOnElement is PASSED&#xD;
&#xD;
2020-10-01 12:43:04 - [MESSAGE][PASSED] - platform.Method.clickOnElement is PASSED&#xD;
&#xD;
2020-10-01 12:43:04 - [TEST_STEP][PASSED] - setText(findTestObject("Input/textResponse"), customMessage): Text 'Sorry, I was unable to comprehend your intentions. I've displayed suggestion that might to relatable to your query' is set on object 'Object Repository/Input/textResponse'&#xD;
&#xD;
2020-10-01 12:43:11 - [MESSAGE][PASSED] - Text 'Sorry, I was unable to comprehend your intentions. I've displayed suggestion that might to relatable to your query' is set on object 'Object Repository/Input/textResponse'&#xD;
&#xD;
2020-10-01 12:43:11 - [TEST_STEP][PASSED] - platform.Method.clickOnElement(findTestObject("Button/save", ["value":"Save"])): platform.Method.clickOnElement is PASSED&#xD;
&#xD;
2020-10-01 12:43:13 - [MESSAGE][PASSED] - platform.Method.clickOnElement is PASSED&#xD;
&#xD;
2020-10-01 12:43:13 - [TEST_STEP][PASSED] - verifyElementNotPresent(findTestObject("Button/train"), 5, STOP_ON_FAILURE): Web element with id: 'Object Repository/Button/train' located by 'By.xpath: //mat-icon[text()='sync' or text()='autorenew']' is not present after '5' second(s)&#xD;
&#xD;
2020-10-01 12:43:17 - [MESSAGE][PASSED] - Web element with id: 'Object Repository/Button/train' located by 'By.xpath: //mat-icon[text()='sync' or text()='autorenew']' is not present after '5' second(s)&#xD;
&#xD;
2020-10-01 12:43:17 - [TEST_STEP][PASSED] - platform.Method.clickOnElement(findTestObject("Button/preview")): platform.Method.clickOnElement is PASSED&#xD;
&#xD;
2020-10-01 12:43:19 - [MESSAGE][PASSED] - platform.Method.clickOnElement is PASSED&#xD;
&#xD;
2020-10-01 12:43:19 - [TEST_STEP][PASSED] - verifyElementText(findTestObject("Generic/botReponse", ["index":1]), welcomeMessage, STOP_ON_FAILURE): Actual text and expected text of test object 'Object Repository/Generic/botReponse' are matched.&#xD;
&#xD;
2020-10-01 12:43:21 - [MESSAGE][PASSED] - Actual text and expected text of test object 'Object Repository/Generic/botReponse' are matched.&#xD;
&#xD;
2020-10-01 12:43:21 - [TEST_STEP][PASSED] - platform.Method.clickOnElement(findTestObject("GenericII/minimize")): platform.Method.clickOnElement is PASSED&#xD;
&#xD;
2020-10-01 12:43:24 - [MESSAGE][PASSED] - platform.Method.clickOnElement is PASSED&#xD;
&#xD;
2020-10-01 12:43:24 - [TEST_STEP][PASSED] - platform.Method.clickOnElement(findTestObject("Generic/imiLogo")): platform.Method.clickOnElement is PASSED&#xD;
&#xD;
2020-10-01 12:43:30 - [MESSAGE][PASSED] - platform.Method.clickOnElement is PASSED&#xD;
&#xD;
2020-10-01 12:43:30 - [TEST_STEP][PASSED] - comment("################"): ################&#xD;
&#xD;
2020-10-01 12:43:30 - [MESSAGE][INFO] - ################</system-out>
            <system-err></system-err>
        </testcase>
        <testcase name="Test Cases/FAQ_SSO/botCardMenuWithFallbackMessage_Test" classname="Test Cases/FAQ_SSO/botCardMenuWithFallbackMessage_Test" status="PASSED">
            <system-out>2020-10-01 12:43:30 - [TEST_CASE][PASSED] - Test Cases/FAQ_SSO/botCardMenuWithFallbackMessage_Test: Test Cases/FAQ_SSO/botCardMenuWithFallbackMessage_Test&#xD;
&#xD;
2020-10-01 12:43:32 - [TEST_STEP][PASSED] - waitForElementVisible(findTestObject("Button/createBot"), 20, OPTIONAL): Object 'Object Repository/Button/createBot' is visible&#xD;
&#xD;
2020-10-01 12:43:34 - [MESSAGE][PASSED] - Object 'Object Repository/Button/createBot' is visible&#xD;
&#xD;
2020-10-01 12:43:34 - [TEST_STEP][PASSED] - botCardOptions = platform.Method.verifyBotCardMenu("Q&amp;A bots", FAQ_BOT): platform.Method.verifyBotCardMenu is PASSED&#xD;
&#xD;
2020-10-01 12:43:41 - [MESSAGE][PASSED] - Object 'Object Repository/Button/botCardPreview' is present&#xD;
&#xD;
2020-10-01 12:43:44 - [MESSAGE][PASSED] - Object: 'Object Repository/Button/botCardMenu' is hovered&#xD;
&#xD;
2020-10-01 12:43:52 - [MESSAGE][PASSED] - platform.Method.verifyBotCardMenu is PASSED&#xD;
&#xD;
2020-10-01 12:43:52 - [TEST_STEP][PASSED] - verifyElementPresent(findTestObject("Generic/webObjectWithText", ["textValue":"Copy Preview Link"]), 5, STOP_ON_FAILURE): Object 'Object Repository/Generic/webObjectWithText' is present&#xD;
&#xD;
2020-10-01 12:43:54 - [MESSAGE][PASSED] - Object 'Object Repository/Generic/webObjectWithText' is present&#xD;
&#xD;
2020-10-01 12:43:54 - [TEST_STEP][PASSED] - assert botCardOptions.containsAll(BOT_CARD_OPTION) == true: null&#xD;
&#xD;
2020-10-01 12:43:54 - [TEST_STEP][PASSED] - platform.Response.clickOnElement(findTestObject("Generic/webObjectWithText", ["textValue":FAQ_BOT])): platform.Response.clickOnElement is PASSED&#xD;
&#xD;
2020-10-01 12:43:56 - [MESSAGE][PASSED] - platform.Response.clickOnElement is PASSED&#xD;
&#xD;
2020-10-01 12:43:56 - [TEST_STEP][PASSED] - platform.Response.clickOnElement(findTestObject("Button/preview")): platform.Response.clickOnElement is PASSED&#xD;
&#xD;
2020-10-01 12:44:01 - [MESSAGE][PASSED] - platform.Response.clickOnElement is PASSED&#xD;
&#xD;
2020-10-01 12:44:01 - [TEST_STEP][PASSED] - sendKeys(findTestObject("Input/chatInput"), Keys.chord(userQuery, ENTER)): Keys 'ENTER + show last transaction receipt' sent to object: 'Object Repository/Input/chatInput'&#xD;
&#xD;
2020-10-01 12:44:04 - [MESSAGE][PASSED] - Keys 'ENTER + show last transaction receipt' sent to object: 'Object Repository/Input/chatInput'&#xD;
&#xD;
2020-10-01 12:44:04 - [TEST_STEP][PASSED] - waitForElementPresent(findTestObject("Generic/botReponse", ["index":2]), 20, OPTIONAL): Object 'Object Repository/Generic/botReponse' is present&#xD;
&#xD;
2020-10-01 12:44:06 - [MESSAGE][PASSED] - Object 'Object Repository/Generic/botReponse' is present&#xD;
&#xD;
2020-10-01 12:44:06 - [TEST_STEP][PASSED] - verifyElementText(findTestObject("Generic/botReponse", ["index":2]), botResponse, OPTIONAL): Actual text and expected text of test object 'Object Repository/Generic/botReponse' are matched.&#xD;
&#xD;
2020-10-01 12:44:09 - [MESSAGE][PASSED] - Actual text and expected text of test object 'Object Repository/Generic/botReponse' are matched.&#xD;
&#xD;
2020-10-01 12:44:09 - [TEST_STEP][PASSED] - getRoomIdAt = new java.util.ArrayList(): null&#xD;
&#xD;
2020-10-01 12:44:09 - [TEST_STEP][PASSED] - getRoomIdAt = platform.Utility.getRoomID(): platform.Utility.getRoomID is PASSED&#xD;
&#xD;
2020-10-01 12:44:16 - [MESSAGE][PASSED] - platform.Utility.getRoomID is PASSED&#xD;
&#xD;
2020-10-01 12:44:16 - [TEST_STEP][PASSED] - platform.Utility.overWriteTestData(sheetName, rowNumber, cellNumber, get(0).toString()): platform.Utility.overWriteTestData is PASSED&#xD;
&#xD;
2020-10-01 12:44:19 - [MESSAGE][PASSED] - platform.Utility.overWriteTestData is PASSED&#xD;
&#xD;
2020-10-01 12:44:19 - [TEST_STEP][PASSED] - platform.Response.clickOnElement(findTestObject("GenericII/minimize")): platform.Response.clickOnElement is PASSED&#xD;
&#xD;
2020-10-01 12:44:22 - [MESSAGE][PASSED] - platform.Response.clickOnElement is PASSED</system-out>
            <system-err></system-err>
        </testcase>
        <testcase name="Test Cases/FAQ_SSO/importArticlesFromCsv_Test" classname="Test Cases/FAQ_SSO/importArticlesFromCsv_Test" status="PASSED">
            <system-out>2020-10-01 12:44:22 - [TEST_CASE][PASSED] - Test Cases/FAQ_SSO/importArticlesFromCsv_Test: Test Cases/FAQ_SSO/importArticlesFromCsv_Test&#xD;
&#xD;
2020-10-01 12:44:24 - [TEST_STEP][PASSED] - platform.Method.clickOnElement(findTestObject("Generic/articles")): platform.Method.clickOnElement is PASSED&#xD;
&#xD;
2020-10-01 12:44:27 - [MESSAGE][PASSED] - platform.Method.clickOnElement is PASSED&#xD;
&#xD;
2020-10-01 12:44:27 - [TEST_STEP][PASSED] - platform.Articles.selectFromKebabMenu(findTestObject("Button/importIcon"), "Import From CSV"): platform.Articles.selectFromKebabMenu is PASSED&#xD;
&#xD;
2020-10-01 12:44:30 - [MESSAGE][PASSED] - Object 'Object Repository/Button/kebabMenu' is clickable&#xD;
&#xD;
2020-10-01 12:44:33 - [MESSAGE][INFO] - Selected value: Import From CSV&#xD;
&#xD;
2020-10-01 12:44:35 - [MESSAGE][PASSED] - platform.Articles.selectFromKebabMenu is PASSED&#xD;
&#xD;
2020-10-01 12:44:35 - [TEST_STEP][PASSED] - platform.Method.uploadCsvFile(false, fileName): platform.Method.uploadCsvFile is PASSED&#xD;
&#xD;
2020-10-01 12:44:35 - [MESSAGE][INFO] - PREVIOUS DATA NOT BE OVERRIDDEN&#xD;
&#xD;
2020-10-01 12:44:38 - [MESSAGE][PASSED] - File 'D:/IMIbot.ai-Project/Collection/DefaultBankFAQ.csv' sent to object: 'Object Repository/Input/uploadFile'&#xD;
&#xD;
2020-10-01 12:44:40 - [MESSAGE][PASSED] - platform.Method.uploadCsvFile is PASSED&#xD;
&#xD;
2020-10-01 12:44:40 - [TEST_STEP][PASSED] - platform.Method.trainAndComment(comment): platform.Method.trainAndComment is PASSED&#xD;
&#xD;
2020-10-01 12:44:51 - [MESSAGE][PASSED] - Keys 'Post upload train' sent to object: 'Object Repository/Input/comment'&#xD;
&#xD;
2020-10-01 12:44:53 - [MESSAGE][PASSED] - platform.Method.trainAndComment is PASSED&#xD;
&#xD;
2020-10-01 12:44:53 - [TEST_STEP][PASSED] - waitForElementPresent(findTestObject("ICONS/toastMsg"), 20, STOP_ON_FAILURE): Object 'Object Repository/ICONS/toastMsg' is present&#xD;
&#xD;
2020-10-01 12:45:00 - [MESSAGE][PASSED] - Object 'Object Repository/ICONS/toastMsg' is present&#xD;
&#xD;
2020-10-01 12:45:00 - [TEST_STEP][PASSED] - platform.Response.clickOnElement(findTestObject("Button/preview")): platform.Response.clickOnElement is PASSED&#xD;
&#xD;
2020-10-01 12:45:03 - [MESSAGE][PASSED] - platform.Response.clickOnElement is PASSED&#xD;
&#xD;
2020-10-01 12:45:03 - [TEST_STEP][PASSED] - waitForElementPresent(findTestObject("Input/chatInput"), 5, OPTIONAL): Object 'Object Repository/Input/chatInput' is present&#xD;
&#xD;
2020-10-01 12:45:04 - [MESSAGE][PASSED] - Object 'Object Repository/Input/chatInput' is present&#xD;
&#xD;
2020-10-01 12:45:04 - [TEST_STEP][PASSED] - sendKeys(findTestObject("Input/chatInput"), Keys.chord(userQuery, ENTER)): Keys 'ENTER + How do I report fraud?' sent to object: 'Object Repository/Input/chatInput'&#xD;
&#xD;
2020-10-01 12:45:07 - [MESSAGE][PASSED] - Keys 'ENTER + How do I report fraud?' sent to object: 'Object Repository/Input/chatInput'&#xD;
&#xD;
2020-10-01 12:45:07 - [TEST_STEP][PASSED] - delay(1): Delayed 1 second(s)&#xD;
&#xD;
2020-10-01 12:45:08 - [MESSAGE][PASSED] - Delayed 1 second(s)&#xD;
&#xD;
2020-10-01 12:45:08 - [TEST_STEP][PASSED] - platform.Preview.verifyBotResponse(stringToCheck): YOUR TEXT HAS A MATCH&#xD;
&#xD;
2020-10-01 12:45:11 - [MESSAGE][PASSED] - Delayed 3 second(s)&#xD;
&#xD;
2020-10-01 12:45:15 - [MESSAGE][PASSED] - YOUR TEXT HAS A MATCH&#xD;
&#xD;
2020-10-01 12:45:15 - [TEST_STEP][PASSED] - platform.Response.clickOnElement(findTestObject("GenericII/minimize")): platform.Response.clickOnElement is PASSED&#xD;
&#xD;
2020-10-01 12:45:17 - [MESSAGE][PASSED] - platform.Response.clickOnElement is PASSED</system-out>
            <system-err></system-err>
        </testcase>
        <testcase name="Test Cases/FAQ_SSO/extractArticleFromExternalLink_Test" classname="Test Cases/FAQ_SSO/extractArticleFromExternalLink_Test" status="PASSED">
            <system-out>2020-10-01 12:45:18 - [TEST_CASE][PASSED] - Test Cases/FAQ_SSO/extractArticleFromExternalLink_Test: Test Cases/FAQ_SSO/extractArticleFromExternalLink_Test&#xD;
&#xD;
2020-10-01 12:45:20 - [TEST_STEP][PASSED] - platform.Method.clickOnElement(findTestObject("Generic/articles")): platform.Method.clickOnElement is PASSED&#xD;
&#xD;
2020-10-01 12:45:22 - [MESSAGE][PASSED] - platform.Method.clickOnElement is PASSED&#xD;
&#xD;
2020-10-01 12:45:22 - [TEST_STEP][PASSED] - platform.Articles.selectFromKebabMenu(findTestObject("Button/extractExtLink"), "Extract from external link"): platform.Articles.selectFromKebabMenu is PASSED&#xD;
&#xD;
2020-10-01 12:45:24 - [MESSAGE][PASSED] - Object 'Object Repository/Button/kebabMenu' is clickable&#xD;
&#xD;
2020-10-01 12:45:27 - [MESSAGE][INFO] - Selected value: Extract from external link&#xD;
&#xD;
2020-10-01 12:45:29 - [MESSAGE][PASSED] - platform.Articles.selectFromKebabMenu is PASSED&#xD;
&#xD;
2020-10-01 12:45:29 - [TEST_STEP][PASSED] - verifyElementHasAttribute(findTestObject("Button/extract"), "disabled", 10, STOP_ON_FAILURE): Object 'Object Repository/Button/extract' has attribute 'disabled'&#xD;
&#xD;
2020-10-01 12:45:32 - [MESSAGE][PASSED] - Object 'Object Repository/Button/extract' has attribute 'disabled'&#xD;
&#xD;
2020-10-01 12:45:32 - [TEST_STEP][PASSED] - sendKeys(findTestObject("Input/extractLink"), EXTERNAL_LINK): Keys 'https://experience.imiconnect.io/faqs/' sent to object: 'Object Repository/Input/extractLink'&#xD;
&#xD;
2020-10-01 12:45:34 - [MESSAGE][PASSED] - Keys 'https://experience.imiconnect.io/faqs/' sent to object: 'Object Repository/Input/extractLink'&#xD;
&#xD;
2020-10-01 12:45:34 - [TEST_STEP][PASSED] - platform.Method.clickOnElement(findTestObject("Button/extract")): platform.Method.clickOnElement is PASSED&#xD;
&#xD;
2020-10-01 12:45:37 - [MESSAGE][PASSED] - platform.Method.clickOnElement is PASSED&#xD;
&#xD;
2020-10-01 12:45:37 - [TEST_STEP][PASSED] - check(findTestObject("Generic/articleCheckbox", ["index":1])): Object 'Object Repository/Generic/articleCheckbox' is checked&#xD;
&#xD;
2020-10-01 12:45:43 - [MESSAGE][PASSED] - Object 'Object Repository/Generic/articleCheckbox' is checked&#xD;
&#xD;
2020-10-01 12:45:43 - [TEST_STEP][PASSED] - check(findTestObject("Generic/articleCheckbox", ["index":3])): Object 'Object Repository/Generic/articleCheckbox' is checked&#xD;
&#xD;
2020-10-01 12:45:46 - [MESSAGE][PASSED] - Object 'Object Repository/Generic/articleCheckbox' is checked&#xD;
&#xD;
2020-10-01 12:45:46 - [TEST_STEP][PASSED] - check(findTestObject("Generic/articleCheckbox", ["index":5])): Object 'Object Repository/Generic/articleCheckbox' is checked&#xD;
&#xD;
2020-10-01 12:45:50 - [MESSAGE][PASSED] - Object 'Object Repository/Generic/articleCheckbox' is checked&#xD;
&#xD;
2020-10-01 12:45:50 - [TEST_STEP][PASSED] - testObject = modifyObjectProperty(findTestObject("Generic/header"), "xpath", "not equals", "//div[@class='heading' and contains(text(),'Detected FAQs')]", true): Modify property of object successfully&#xD;
&#xD;
2020-10-01 12:45:51 - [MESSAGE][PASSED] - Modify property of object successfully&#xD;
&#xD;
2020-10-01 12:45:51 - [TEST_STEP][PASSED] - getText().contains("3"): null&#xD;
&#xD;
2020-10-01 12:45:53 - [TEST_STEP][PASSED] - scrollToElement(findTestObject("Generic/webObjectWithText", ["textValue":"Import FAQs from link"]), 10): Scroll to object 'Object Repository/Generic/webObjectWithText' successfully&#xD;
&#xD;
2020-10-01 12:45:56 - [MESSAGE][PASSED] - Scroll to object 'Object Repository/Generic/webObjectWithText' successfully&#xD;
&#xD;
2020-10-01 12:45:56 - [TEST_STEP][PASSED] - check(findTestObject("Generic/allFaqCheckbox")): Object 'Object Repository/Generic/allFaqCheckbox' is checked&#xD;
&#xD;
2020-10-01 12:46:00 - [MESSAGE][PASSED] - Object 'Object Repository/Generic/allFaqCheckbox' is checked&#xD;
&#xD;
2020-10-01 12:46:00 - [TEST_STEP][PASSED] - getText().contains("10"): null&#xD;
&#xD;
2020-10-01 12:46:02 - [TEST_STEP][PASSED] - scrollToElement(findTestObject("Generic/faqImportBtn"), 10): Scroll to object 'Object Repository/Generic/faqImportBtn' successfully&#xD;
&#xD;
2020-10-01 12:46:05 - [MESSAGE][PASSED] - Scroll to object 'Object Repository/Generic/faqImportBtn' successfully&#xD;
&#xD;
2020-10-01 12:46:05 - [TEST_STEP][PASSED] - override = modifyObjectProperty(findTestObject("Toggle/override"), "xpath", "not equals", "//mat-slide-toggle[@formcontrolname='Override']//label/div", true, STOP_ON_FAILURE): Modify property of object successfully&#xD;
&#xD;
2020-10-01 12:46:05 - [MESSAGE][PASSED] - Modify property of object successfully&#xD;
&#xD;
2020-10-01 12:46:05 - [TEST_STEP][PASSED] - platform.Method.clickOnElement(override): platform.Method.clickOnElement is PASSED&#xD;
&#xD;
2020-10-01 12:46:07 - [MESSAGE][PASSED] - platform.Method.clickOnElement is PASSED&#xD;
&#xD;
2020-10-01 12:46:07 - [TEST_STEP][PASSED] - platform.Method.clickOnElement(findTestObject("Generic/faqImportBtn")): platform.Method.clickOnElement is PASSED&#xD;
&#xD;
2020-10-01 12:46:10 - [MESSAGE][PASSED] - platform.Method.clickOnElement is PASSED&#xD;
&#xD;
2020-10-01 12:46:10 - [TEST_STEP][PASSED] - verifyElementText(findTestObject("Generic/articleState"), "Saved", STOP_ON_FAILURE): Actual text and expected text of test object 'Object Repository/Generic/articleState' are matched.&#xD;
&#xD;
2020-10-01 12:46:13 - [MESSAGE][PASSED] - Actual text and expected text of test object 'Object Repository/Generic/articleState' are matched.&#xD;
&#xD;
2020-10-01 12:46:13 - [TEST_STEP][PASSED] - verifyElementPresent(findTestObject("Generic/nextPage"), 5, STOP_ON_FAILURE): Object 'Object Repository/Generic/nextPage' is present&#xD;
&#xD;
2020-10-01 12:46:14 - [MESSAGE][PASSED] - Object 'Object Repository/Generic/nextPage' is present&#xD;
&#xD;
2020-10-01 12:46:14 - [TEST_STEP][PASSED] - platform.Method.trainAndComment(comment): platform.Method.trainAndComment is PASSED&#xD;
&#xD;
2020-10-01 12:46:22 - [MESSAGE][PASSED] - Keys 'Post extraction train' sent to object: 'Object Repository/Input/comment'&#xD;
&#xD;
2020-10-01 12:46:25 - [MESSAGE][PASSED] - platform.Method.trainAndComment is PASSED&#xD;
&#xD;
2020-10-01 12:46:25 - [TEST_STEP][PASSED] - waitForElementPresent(findTestObject("ICONS/toastMsg"), 20, STOP_ON_FAILURE): Object 'Object Repository/ICONS/toastMsg' is present&#xD;
&#xD;
2020-10-01 12:46:32 - [MESSAGE][PASSED] - Object 'Object Repository/ICONS/toastMsg' is present&#xD;
&#xD;
2020-10-01 12:46:32 - [TEST_STEP][PASSED] - platform.Method.clickOnElement(findTestObject("Button/preview")): platform.Method.clickOnElement is PASSED&#xD;
&#xD;
2020-10-01 12:46:35 - [MESSAGE][PASSED] - platform.Method.clickOnElement is PASSED&#xD;
&#xD;
2020-10-01 12:46:35 - [TEST_STEP][PASSED] - waitForElementPresent(findTestObject("Input/chatInput"), 10, STOP_ON_FAILURE): Object 'Object Repository/Input/chatInput' is present&#xD;
&#xD;
2020-10-01 12:46:37 - [MESSAGE][PASSED] - Object 'Object Repository/Input/chatInput' is present&#xD;
&#xD;
2020-10-01 12:46:37 - [TEST_STEP][PASSED] - platform.Preview.verifyBotTextResponse(userQuery, 2, strCheck): platform.Preview.verifyBotTextResponse is PASSED&#xD;
&#xD;
2020-10-01 12:46:40 - [MESSAGE][PASSED] - Keys 'ENTER + How can I view my transactions?' sent to object: 'Object Repository/Input/chatInput'&#xD;
&#xD;
2020-10-01 12:46:41 - [MESSAGE][PASSED] - Object 'Object Repository/GenericII/getBotResponse' is present&#xD;
&#xD;
2020-10-01 12:46:44 - [MESSAGE][PASSED] - Actual text and expected text of test object 'Object Repository/GenericII/getBotResponse' are matched.&#xD;
&#xD;
2020-10-01 12:46:44 - [MESSAGE][PASSED] - platform.Preview.verifyBotTextResponse is PASSED&#xD;
&#xD;
2020-10-01 12:46:44 - [TEST_STEP][PASSED] - platform.Response.clickOnElement(findTestObject("GenericII/minimize")): platform.Response.clickOnElement is PASSED&#xD;
&#xD;
2020-10-01 12:46:46 - [MESSAGE][PASSED] - platform.Response.clickOnElement is PASSED</system-out>
            <system-err></system-err>
        </testcase>
        <testcase name="Test Cases/FAQ_SSO/searchArticle_Test" classname="Test Cases/FAQ_SSO/searchArticle_Test" status="PASSED">
            <system-out>2020-10-01 12:46:46 - [TEST_CASE][PASSED] - Test Cases/FAQ_SSO/searchArticle_Test: Test Cases/FAQ_SSO/searchArticle_Test&#xD;
&#xD;
2020-10-01 12:46:48 - [TEST_STEP][PASSED] - sendKeys(findTestObject("Input/searchForQuestion"), searchQuestion): Keys 'how can you help?' sent to object: 'Object Repository/Input/searchForQuestion'&#xD;
&#xD;
2020-10-01 12:46:50 - [MESSAGE][PASSED] - Keys 'how can you help?' sent to object: 'Object Repository/Input/searchForQuestion'&#xD;
&#xD;
2020-10-01 12:46:50 - [TEST_STEP][PASSED] - platform.Method.clickOnElement(findTestObject("Generic/searchResult")): platform.Method.clickOnElement is PASSED&#xD;
&#xD;
2020-10-01 12:46:54 - [MESSAGE][PASSED] - platform.Method.clickOnElement is PASSED&#xD;
&#xD;
2020-10-01 12:46:54 - [TEST_STEP][PASSED] - firstQuestion = findWebElement(findTestObject("Generic/header"), 10).getText(): null&#xD;
&#xD;
2020-10-01 12:46:56 - [TEST_STEP][PASSED] - setText(findTestObject("Input/searchForQuestion"), newSearchQuestion): Text 'suspected fraud' is set on object 'Object Repository/Input/searchForQuestion'&#xD;
&#xD;
2020-10-01 12:47:01 - [MESSAGE][PASSED] - Text 'suspected fraud' is set on object 'Object Repository/Input/searchForQuestion'&#xD;
&#xD;
2020-10-01 12:47:01 - [TEST_STEP][PASSED] - platform.Method.clickOnElement(findTestObject("Generic/searchResult")): platform.Method.clickOnElement is PASSED&#xD;
&#xD;
2020-10-01 12:47:04 - [MESSAGE][PASSED] - platform.Method.clickOnElement is PASSED&#xD;
&#xD;
2020-10-01 12:47:04 - [TEST_STEP][PASSED] - newFirstQuestion = findWebElement(findTestObject("Generic/header"), 10).getText(): null&#xD;
&#xD;
2020-10-01 12:47:06 - [TEST_STEP][PASSED] - assert firstQuestion.equalsIgnoreCase(newFirstQuestion) == false: null&#xD;
&#xD;
2020-10-01 12:47:06 - [TEST_STEP][PASSED] - clearText(findTestObject("Input/searchForQuestion")): Text of object 'Object Repository/Input/searchForQuestion' is cleared&#xD;
&#xD;
2020-10-01 12:47:09 - [MESSAGE][PASSED] - Text of object 'Object Repository/Input/searchForQuestion' is cleared</system-out>
            <system-err></system-err>
        </testcase>
        <testcase name="Test Cases/FAQ_SSO/downvoteWithComment_Test" classname="Test Cases/FAQ_SSO/downvoteWithComment_Test" status="PASSED">
            <system-out>2020-10-01 12:47:09 - [TEST_CASE][PASSED] - Test Cases/FAQ_SSO/downvoteWithComment_Test: Test Cases/FAQ_SSO/downvoteWithComment_Test&#xD;
&#xD;
2020-10-01 12:47:12 - [TEST_STEP][PASSED] - platform.Method.clickOnElement(findTestObject("Generic/articles")): platform.Method.clickOnElement is PASSED&#xD;
&#xD;
2020-10-01 12:47:15 - [MESSAGE][PASSED] - platform.Method.clickOnElement is PASSED&#xD;
&#xD;
2020-10-01 12:47:15 - [TEST_STEP][PASSED] - platform.Method.trainAndComment(comment): platform.Method.trainAndComment is PASSED&#xD;
&#xD;
2020-10-01 12:47:31 - [MESSAGE][INFO] - Unable to find the element located by 'By.xpath: //*[@formcontrolname = 'inputData']'. Please recheck the objects properties to make sure the desired element is located. &#xD;
&#xD;
2020-10-01 12:47:34 - [MESSAGE][FAILED] - Unable to send keys 'post faq extraction test' to object 'Object Repository/Input/comment' (Root cause: com.kms.katalon.core.exception.StepFailedException: Unable to send keys 'post faq extraction test' to object 'Object Repository/Input/comment'&#xD;
	at com.kms.katalon.core.webui.keyword.internal.WebUIKeywordMain.stepFailed(WebUIKeywordMain.groovy:64)&#xD;
	at com.kms.katalon.core.webui.keyword.internal.WebUIKeywordMain.runKeyword(WebUIKeywordMain.groovy:26)&#xD;
	at com.kms.katalon.core.webui.keyword.builtin.SendKeysKeyword.sendKeys(SendKeysKeyword.groovy:60)&#xD;
	at com.kms.katalon.core.webui.keyword.builtin.SendKeysKeyword.execute(SendKeysKeyword.groovy:38)&#xD;
	at com.kms.katalon.core.keyword.internal.KeywordExecutor.executeKeywordForPlatform(KeywordExecutor.groovy:56)&#xD;
	at com.kms.katalon.core.webui.keyword.WebUiBuiltInKeywords.sendKeys(WebUiBuiltInKeywords.groovy:834)&#xD;
	at com.kms.katalon.core.webui.keyword.WebUiBuiltInKeywords$sendKeys$1.call(Unknown Source)&#xD;
	at platform.Method.trainAndComment(Method.groovy:101)&#xD;
	at platform.Method.invokeMethod(Method.groovy)&#xD;
	at com.kms.katalon.core.main.CustomKeywordDelegatingMetaClass.invokeStaticMethod(CustomKeywordDelegatingMetaClass.java:50)&#xD;
	at downvoteWithComment_Test.run(downvoteWithComment_Test:26)&#xD;
	at com.kms.katalon.core.main.ScriptEngine.run(ScriptEngine.java:194)&#xD;
	at com.kms.katalon.core.main.ScriptEngine.runScriptAsRawText(ScriptEngine.java:119)&#xD;
	at com.kms.katalon.core.main.TestCaseExecutor.runScript(TestCaseExecutor.java:337)&#xD;
	at com.kms.katalon.core.main.TestCaseExecutor.doExecute(TestCaseExecutor.java:328)&#xD;
	at com.kms.katalon.core.main.TestCaseExecutor.processExecutionPhase(TestCaseExecutor.java:307)&#xD;
	at com.kms.katalon.core.main.TestCaseExecutor.accessMainPhase(TestCaseExecutor.java:299)&#xD;
	at com.kms.katalon.core.main.TestCaseExecutor.execute(TestCaseExecutor.java:233)&#xD;
	at com.kms.katalon.core.main.TestSuiteExecutor.accessTestCaseMainPhase(TestSuiteExecutor.java:169)&#xD;
	at com.kms.katalon.core.main.TestSuiteExecutor.accessTestSuiteMainPhase(TestSuiteExecutor.java:142)&#xD;
	at com.kms.katalon.core.main.TestSuiteExecutor.execute(TestSuiteExecutor.java:91)&#xD;
	at com.kms.katalon.core.main.TestCaseMain.startTestSuite(TestCaseMain.java:157)&#xD;
	at com.kms.katalon.core.main.TestCaseMain$startTestSuite$0.call(Unknown Source)&#xD;
	at TempTestSuite1601536172058.run(TempTestSuite1601536172058.groovy:35)&#xD;
Caused by: com.kms.katalon.core.webui.exception.WebElementNotFoundException: Web element with id: 'Object Repository/Input/comment' located by 'By.xpath: //*[@formcontrolname = 'inputData']' not found&#xD;
	at com.kms.katalon.core.webui.common.WebUiCommonHelper.findWebElement(WebUiCommonHelper.java:1097)&#xD;
	at com.kms.katalon.core.webui.keyword.internal.WebUIAbstractKeyword.findWebElement(WebUIAbstractKeyword.groovy:27)&#xD;
	at com.kms.katalon.core.webui.keyword.internal.WebUIAbstractKeyword.findWebElement(WebUIAbstractKeyword.groovy:26)&#xD;
	at com.kms.katalon.core.webui.keyword.builtin.SendKeysKeyword$_sendKeys_closure1.doCall(SendKeysKeyword.groovy:52)&#xD;
	at com.kms.katalon.core.webui.keyword.builtin.SendKeysKeyword$_sendKeys_closure1.call(SendKeysKeyword.groovy)&#xD;
	at com.kms.katalon.core.webui.keyword.internal.WebUIKeywordMain.runKeyword(WebUIKeywordMain.groovy:20)&#xD;
	at com.kms.katalon.core.webui.keyword.builtin.SendKeysKeyword.sendKeys(SendKeysKeyword.groovy:60)&#xD;
	at com.kms.katalon.core.webui.keyword.builtin.SendKeysKeyword.execute(SendKeysKeyword.groovy:38)&#xD;
	at com.kms.katalon.core.keyword.internal.KeywordExecutor.executeKeywordForPlatform(KeywordExecutor.groovy:56)&#xD;
	at com.kms.katalon.core.webui.keyword.WebUiBuiltInKeywords.sendKeys(WebUiBuiltInKeywords.groovy:834)&#xD;
	at com.kms.katalon.core.webui.keyword.WebUiBuiltInKeywords$sendKeys$1.call(Unknown Source)&#xD;
	at platform.Method.trainAndComment(Method.groovy:101)&#xD;
	at platform.Method.invokeMethod(Method.groovy)&#xD;
	at com.kms.katalon.core.main.CustomKeywordDelegatingMetaClass.invokeStaticMethod(CustomKeywordDelegatingMetaClass.java:50)&#xD;
	at Script1598428429858.run(Script1598428429858.groovy:26)&#xD;
	... 13 more&#xD;
)&#xD;
[[ATTACHMENT|D:\\IMIbot.ai-Project\\Reports\\20201001_123931\\FAQ_SSO\\20201001_123931\\1601536651891.png]]&#xD;
&#xD;
2020-10-01 12:47:34 - [MESSAGE][INFO] - BOT STATE IS TRAINED&#xD;
&#xD;
2020-10-01 12:47:34 - [MESSAGE][PASSED] - platform.Method.trainAndComment is PASSED&#xD;
&#xD;
2020-10-01 12:47:34 - [TEST_STEP][PASSED] - try: Object 'Object Repository/ICONS/toastMsg' is not present after 10 second(s)&#xD;
&#xD;
2020-10-01 12:47:34 - [TEST_STEP][PASSED] - waitForElementPresent(findTestObject("ICONS/toastMsg"), 10): Object 'Object Repository/ICONS/toastMsg' is not present after 10 second(s)&#xD;
&#xD;
2020-10-01 12:47:45 - [MESSAGE][INFO] - Unable to find the element located by 'By.xpath: //simple-snack-bar'. Please recheck the objects properties to make sure the desired element is located. &#xD;
&#xD;
2020-10-01 12:47:45 - [MESSAGE][WARNING] - Object 'Object Repository/ICONS/toastMsg' is not present after 10 second(s)&#xD;
&#xD;
2020-10-01 12:47:45 - [TEST_STEP][PASSED] - platform.Method.clickOnElement(findTestObject("Button/preview")): platform.Method.clickOnElement is PASSED&#xD;
&#xD;
2020-10-01 12:47:47 - [MESSAGE][PASSED] - platform.Method.clickOnElement is PASSED&#xD;
&#xD;
2020-10-01 12:47:47 - [TEST_STEP][PASSED] - waitForElementPresent(findTestObject("Input/chatInput"), 20, STOP_ON_FAILURE): Object 'Object Repository/Input/chatInput' is present&#xD;
&#xD;
2020-10-01 12:47:49 - [MESSAGE][PASSED] - Object 'Object Repository/Input/chatInput' is present&#xD;
&#xD;
2020-10-01 12:47:49 - [TEST_STEP][PASSED] - sendKeys(findTestObject("Input/chatInput"), Keys.chord(userQuery, ENTER)): Keys 'ENTER + what is loyalty program?' sent to object: 'Object Repository/Input/chatInput'&#xD;
&#xD;
2020-10-01 12:47:53 - [MESSAGE][PASSED] - Keys 'ENTER + what is loyalty program?' sent to object: 'Object Repository/Input/chatInput'&#xD;
&#xD;
2020-10-01 12:47:53 - [TEST_STEP][PASSED] - verifyElementText(findTestObject("Generic/botReponse", ["index":2]), botResponse, OPTIONAL): Actual text and expected text of test object 'Object Repository/Generic/botReponse' are matched.&#xD;
&#xD;
2020-10-01 12:47:57 - [MESSAGE][PASSED] - Actual text and expected text of test object 'Object Repository/Generic/botReponse' are matched.&#xD;
&#xD;
2020-10-01 12:47:57 - [TEST_STEP][PASSED] - platform.Preview.downvoteResponseWithComment(downvoteComment): platform.Preview.downvoteResponseWithComment is PASSED&#xD;
&#xD;
2020-10-01 12:48:00 - [MESSAGE][PASSED] - Object: 'Object Repository/Button/downvote' is clicked on&#xD;
&#xD;
2020-10-01 12:48:03 - [MESSAGE][PASSED] - Keys 'Bot response doesn't answer my query' sent to object: 'Object Repository/Input/downvoteComment'&#xD;
&#xD;
2020-10-01 12:48:05 - [MESSAGE][PASSED] - platform.Preview.downvoteResponseWithComment is PASSED&#xD;
&#xD;
2020-10-01 12:48:05 - [TEST_STEP][PASSED] - getRoomIdAt = new java.util.ArrayList(): null&#xD;
&#xD;
2020-10-01 12:48:05 - [TEST_STEP][PASSED] - getRoomIdAt = platform.Utility.getRoomID(): platform.Utility.getRoomID is PASSED&#xD;
&#xD;
2020-10-01 12:48:15 - [MESSAGE][PASSED] - platform.Utility.getRoomID is PASSED&#xD;
&#xD;
2020-10-01 12:48:15 - [TEST_STEP][PASSED] - roomID = get(0).toString(): null&#xD;
&#xD;
2020-10-01 12:48:15 - [TEST_STEP][PASSED] - platform.Utility.overWriteTestData(sheetName, rowNumber, cellNumber, roomID): platform.Utility.overWriteTestData is PASSED&#xD;
&#xD;
2020-10-01 12:48:16 - [MESSAGE][PASSED] - platform.Utility.overWriteTestData is PASSED&#xD;
&#xD;
2020-10-01 12:48:16 - [TEST_STEP][PASSED] - platform.Method.clickOnElement(findTestObject("Generic/session")): platform.Method.clickOnElement is PASSED&#xD;
&#xD;
2020-10-01 12:48:19 - [MESSAGE][PASSED] - platform.Method.clickOnElement is PASSED&#xD;
&#xD;
2020-10-01 12:48:19 - [TEST_STEP][PASSED] - platform.Method.clickOnElement(findTestObject("GenericII/minimize")): platform.Method.clickOnElement is PASSED&#xD;
&#xD;
2020-10-01 12:48:22 - [MESSAGE][PASSED] - platform.Method.clickOnElement is PASSED&#xD;
&#xD;
2020-10-01 12:48:22 - [TEST_STEP][PASSED] - setText(findTestObject("Input/roomID", ["value":"id"]), roomID): Text '2470' is set on object 'Object Repository/Input/roomID'&#xD;
&#xD;
2020-10-01 12:48:26 - [MESSAGE][PASSED] - Text '2470' is set on object 'Object Repository/Input/roomID'&#xD;
&#xD;
2020-10-01 12:48:26 - [TEST_STEP][PASSED] - platform.Method.clickOnElement(findTestObject("Button/submitSession")): platform.Method.clickOnElement is PASSED&#xD;
&#xD;
2020-10-01 12:48:28 - [MESSAGE][PASSED] - platform.Method.clickOnElement is PASSED&#xD;
&#xD;
2020-10-01 12:48:28 - [TEST_STEP][PASSED] - waitForElementPresent(findTestObject("Generic/webObjectWithText", ["textValue":roomID]), 10): Object 'Object Repository/Generic/webObjectWithText' is present&#xD;
&#xD;
2020-10-01 12:48:29 - [MESSAGE][PASSED] - Object 'Object Repository/Generic/webObjectWithText' is present&#xD;
&#xD;
2020-10-01 12:48:29 - [TEST_STEP][PASSED] - platform.Method.clickOnElement(findTestObject("Generic/webObjectWithText", ["textValue":roomID])): platform.Method.clickOnElement is PASSED&#xD;
&#xD;
2020-10-01 12:48:32 - [MESSAGE][PASSED] - platform.Method.clickOnElement is PASSED&#xD;
&#xD;
2020-10-01 12:48:32 - [TEST_STEP][PASSED] - mouseOver(findTestObject("Generic/webObjectWithText", ["textValue":"Downvoted with comment"])): Object: 'Object Repository/Generic/webObjectWithText' is hovered&#xD;
&#xD;
2020-10-01 12:48:37 - [MESSAGE][PASSED] - Object: 'Object Repository/Generic/webObjectWithText' is hovered&#xD;
&#xD;
2020-10-01 12:48:37 - [TEST_STEP][PASSED] - platform.Method.clickOnElement(findTestObject("Generic/webObjectWithText", ["textValue":"Downvoted with comment"])): platform.Method.clickOnElement is PASSED&#xD;
&#xD;
2020-10-01 12:48:40 - [MESSAGE][PASSED] - platform.Method.clickOnElement is PASSED&#xD;
&#xD;
2020-10-01 12:48:40 - [TEST_STEP][PASSED] - platform.Method.clickOnElement(findTestObject("GenericII/closePopup")): platform.Method.clickOnElement is PASSED&#xD;
&#xD;
2020-10-01 12:48:43 - [MESSAGE][PASSED] - platform.Method.clickOnElement is PASSED</system-out>
            <system-err></system-err>
        </testcase>
        <testcase name="Test Cases/FAQ_SSO/addToCurationFromSessions_Test" classname="Test Cases/FAQ_SSO/addToCurationFromSessions_Test" status="PASSED">
            <system-out>2020-10-01 12:48:43 - [TEST_CASE][PASSED] - Test Cases/FAQ_SSO/addToCurationFromSessions_Test: Test Cases/FAQ_SSO/addToCurationFromSessions_Test&#xD;
&#xD;
2020-10-01 12:48:44 - [TEST_STEP][PASSED] - platform.Method.clickOnElement(findTestObject("Generic/articles")): platform.Method.clickOnElement is PASSED&#xD;
&#xD;
2020-10-01 12:48:47 - [MESSAGE][PASSED] - platform.Method.clickOnElement is PASSED&#xD;
&#xD;
2020-10-01 12:48:47 - [TEST_STEP][PASSED] - platform.Method.trainAndComment(comment): platform.Method.trainAndComment is PASSED&#xD;
&#xD;
2020-10-01 12:48:54 - [MESSAGE][INFO] - Unable to find the element located by 'By.xpath: //mat-icon[text()='sync' or text()='autorenew']'. Please recheck the objects properties to make sure the desired element is located. &#xD;
&#xD;
2020-10-01 12:48:54 - [MESSAGE][INFO] - BOT STATE IS TRAINED&#xD;
&#xD;
2020-10-01 12:48:54 - [MESSAGE][PASSED] - platform.Method.trainAndComment is PASSED&#xD;
&#xD;
2020-10-01 12:48:54 - [TEST_STEP][PASSED] - platform.Method.clickOnElement(findTestObject("Generic/session")): platform.Method.clickOnElement is PASSED&#xD;
&#xD;
2020-10-01 12:48:56 - [MESSAGE][PASSED] - platform.Method.clickOnElement is PASSED&#xD;
&#xD;
2020-10-01 12:48:56 - [TEST_STEP][PASSED] - platform.Method.clickOnElement(findTestObject("Button/preview")): platform.Method.clickOnElement is PASSED&#xD;
&#xD;
2020-10-01 12:48:59 - [MESSAGE][PASSED] - platform.Method.clickOnElement is PASSED&#xD;
&#xD;
2020-10-01 12:48:59 - [TEST_STEP][PASSED] - sendKeys(findTestObject("Input/chatInput"), Keys.chord(userQuery, ENTER)): Keys 'ENTER + How balance transfer works in credit card?' sent to object: 'Object Repository/Input/chatInput'&#xD;
&#xD;
2020-10-01 12:49:02 - [MESSAGE][PASSED] - Keys 'ENTER + How balance transfer works in credit card?' sent to object: 'Object Repository/Input/chatInput'&#xD;
&#xD;
2020-10-01 12:49:02 - [TEST_STEP][PASSED] - getRoomIdAt = new java.util.ArrayList(): null&#xD;
&#xD;
2020-10-01 12:49:02 - [TEST_STEP][PASSED] - getRoomIdAt = platform.Utility.getRoomID(): platform.Utility.getRoomID is PASSED&#xD;
&#xD;
2020-10-01 12:49:14 - [MESSAGE][PASSED] - platform.Utility.getRoomID is PASSED&#xD;
&#xD;
2020-10-01 12:49:14 - [TEST_STEP][PASSED] - platform.Method.clickOnElement(findTestObject("GenericII/minimize")): platform.Method.clickOnElement is PASSED&#xD;
&#xD;
2020-10-01 12:49:16 - [MESSAGE][PASSED] - platform.Method.clickOnElement is PASSED&#xD;
&#xD;
2020-10-01 12:49:16 - [TEST_STEP][PASSED] - roomID = get(0).toString(): null&#xD;
&#xD;
2020-10-01 12:49:16 - [TEST_STEP][PASSED] - platform.Utility.overWriteTestData(sheetName, rowNumber, cellNumber, roomID): platform.Utility.overWriteTestData is PASSED&#xD;
&#xD;
2020-10-01 12:49:16 - [MESSAGE][PASSED] - platform.Utility.overWriteTestData is PASSED&#xD;
&#xD;
2020-10-01 12:49:16 - [TEST_STEP][PASSED] - setText(findTestObject("Input/roomID", ["value":"id"]), roomID): Text '2472' is set on object 'Object Repository/Input/roomID'&#xD;
&#xD;
2020-10-01 12:49:20 - [MESSAGE][PASSED] - Text '2472' is set on object 'Object Repository/Input/roomID'&#xD;
&#xD;
2020-10-01 12:49:20 - [TEST_STEP][PASSED] - platform.Method.clickOnElement(findTestObject("Button/submitSession")): platform.Method.clickOnElement is PASSED&#xD;
&#xD;
2020-10-01 12:49:23 - [MESSAGE][PASSED] - platform.Method.clickOnElement is PASSED&#xD;
&#xD;
2020-10-01 12:49:23 - [TEST_STEP][PASSED] - platform.Method.clickOnElement(findTestObject("Generic/webObjectWithText", ["textValue":roomID])): platform.Method.clickOnElement is PASSED&#xD;
&#xD;
2020-10-01 12:49:25 - [MESSAGE][PASSED] - platform.Method.clickOnElement is PASSED&#xD;
&#xD;
2020-10-01 12:49:25 - [TEST_STEP][PASSED] - platform.Method.clickOnElement(findTestObject("NewRepo/addToCurationFlag", ["index":1])): platform.Method.clickOnElement is PASSED&#xD;
&#xD;
2020-10-01 12:49:28 - [MESSAGE][PASSED] - platform.Method.clickOnElement is PASSED&#xD;
&#xD;
2020-10-01 12:49:28 - [TEST_STEP][PASSED] - verifyElementPresent(findTestObject("NewRepo/messageInCuration"), 10, STOP_ON_FAILURE): Object 'Object Repository/NewRepo/messageInCuration' is present&#xD;
&#xD;
2020-10-01 12:49:29 - [MESSAGE][PASSED] - Object 'Object Repository/NewRepo/messageInCuration' is present&#xD;
&#xD;
2020-10-01 12:49:29 - [TEST_STEP][PASSED] - platform.Method.clickOnElement(findTestObject("GenericII/closePopup")): platform.Method.clickOnElement is PASSED&#xD;
&#xD;
2020-10-01 12:49:32 - [MESSAGE][PASSED] - platform.Method.clickOnElement is PASSED&#xD;
&#xD;
2020-10-01 12:49:32 - [TEST_STEP][PASSED] - platform.Method.clickOnElement(findTestObject("Generic/curation")): platform.Method.clickOnElement is PASSED&#xD;
&#xD;
2020-10-01 12:49:34 - [MESSAGE][PASSED] - platform.Method.clickOnElement is PASSED&#xD;
&#xD;
2020-10-01 12:49:34 - [TEST_STEP][PASSED] - platform.Method.clickOnElement(findTestObject("Generic/webObjectWithText", ["textValue":" From sessions "])): platform.Method.clickOnElement is PASSED&#xD;
&#xD;
2020-10-01 12:49:37 - [MESSAGE][PASSED] - platform.Method.clickOnElement is PASSED&#xD;
&#xD;
2020-10-01 12:49:37 - [TEST_STEP][PASSED] - sendKeys(findTestObject("Input/roomID", ["value":"room_id"]), roomID): Keys '2472' sent to object: 'Object Repository/Input/roomID'&#xD;
&#xD;
2020-10-01 12:49:40 - [MESSAGE][PASSED] - Keys '2472' sent to object: 'Object Repository/Input/roomID'&#xD;
&#xD;
2020-10-01 12:49:40 - [TEST_STEP][PASSED] - platform.Method.clickOnElement(findTestObject("Button/filter")): platform.Method.clickOnElement is PASSED&#xD;
&#xD;
2020-10-01 12:49:43 - [MESSAGE][PASSED] - platform.Method.clickOnElement is PASSED&#xD;
&#xD;
2020-10-01 12:49:43 - [TEST_STEP][PASSED] - verifyTextPresent(roomID, false, STOP_ON_FAILURE): Text '2472' is present on page &#xD;
&#xD;
2020-10-01 12:49:48 - [MESSAGE][PASSED] - Text '2472' is present on page</system-out>
            <system-err></system-err>
        </testcase>
        <testcase name="Test Cases/FAQ_SSO/createArticleWithRichResponseInCategory_Test" classname="Test Cases/FAQ_SSO/createArticleWithRichResponseInCategory_Test" status="PASSED">
            <system-out>2020-10-01 12:49:48 - [TEST_CASE][PASSED] - Test Cases/FAQ_SSO/createArticleWithRichResponseInCategory_Test: Test Cases/FAQ_SSO/createArticleWithRichResponseInCategory_Test&#xD;
&#xD;
2020-10-01 12:49:49 - [TEST_STEP][PASSED] - platform.Method.clickOnElement(findTestObject("Generic/articles")): platform.Method.clickOnElement is PASSED&#xD;
&#xD;
2020-10-01 12:49:52 - [MESSAGE][PASSED] - platform.Method.clickOnElement is PASSED&#xD;
&#xD;
2020-10-01 12:49:52 - [TEST_STEP][PASSED] - testData = findTestData("Data Files/testData_FAQ"): null&#xD;
&#xD;
2020-10-01 12:49:52 - [TEST_STEP][PASSED] - platform.Articles.createNewArticle(testData, testData.getValue("default_question", 1)): platform.Articles.createNewArticle is PASSED&#xD;
&#xD;
2020-10-01 12:49:59 - [MESSAGE][PASSED] - Keys 'What are the benefits of MyBank credit card?' sent to object: 'Object Repository/Input/defaultQuestion'&#xD;
&#xD;
2020-10-01 12:49:59 - [MESSAGE][PASSED] - platform.Articles.createNewArticle is PASSED&#xD;
&#xD;
2020-10-01 12:49:59 - [TEST_STEP][PASSED] - platform.Method.clickOnElement(findTestObject("NewRepo/carousel")): platform.Method.clickOnElement is PASSED&#xD;
&#xD;
2020-10-01 12:50:02 - [MESSAGE][PASSED] - platform.Method.clickOnElement is PASSED&#xD;
&#xD;
2020-10-01 12:50:02 - [TEST_STEP][PASSED] - platform.ResponseDesigner.deleteDefaultTextTemplate(): platform.ResponseDesigner.deleteDefaultTextTemplate is PASSED&#xD;
&#xD;
2020-10-01 12:50:05 - [MESSAGE][PASSED] - Scroll to object 'Object Repository/WEB_OBJECTS/trashIcon' successfully&#xD;
&#xD;
2020-10-01 12:50:08 - [MESSAGE][PASSED] - Object 'Object Repository/WEB_OBJECTS/trashIcon' is visible&#xD;
&#xD;
2020-10-01 12:50:10 - [MESSAGE][PASSED] - platform.ResponseDesigner.deleteDefaultTextTemplate is PASSED&#xD;
&#xD;
2020-10-01 12:50:10 - [TEST_STEP][PASSED] - platform.ResponseDesigner.configureCarouselResponse(1, null, testData.getValue("carousel_url", 1), testData.getValue("label_value", 1), "default", "how can you help"): platform.ResponseDesigner.configureCarouselResponse is PASSED&#xD;
&#xD;
2020-10-01 12:50:13 - [MESSAGE][PASSED] - Modify property of object successfully&#xD;
&#xD;
2020-10-01 12:50:20 - [MESSAGE][PASSED] - Text 'https://www.pinclipart.com/picdir/middle/59-595896_balance-transfer-credit-cards-icon-credit-card-icon.png' is set on object 'Object Repository/WEB_OBJECTS/mediaURL'&#xD;
&#xD;
2020-10-01 12:50:27 - [MESSAGE][PASSED] - Text 'Balance Transfer' is set on object 'Object Repository/WEB_OBJECTS/input'&#xD;
&#xD;
2020-10-01 12:50:29 - [MESSAGE][PASSED] - Object 'Object Repository/WEB_OBJECTS/button' is present&#xD;
&#xD;
2020-10-01 12:50:34 - [MESSAGE][PASSED] - Object 'Object Repository/WEB_OBJECTS/popUp' is present&#xD;
&#xD;
2020-10-01 12:50:34 - [MESSAGE][PASSED] - Modify property of object successfully&#xD;
&#xD;
2020-10-01 12:50:37 - [MESSAGE][PASSED] - Text 'default' is set on object 'Object Repository/WEB_OBJECTS/input'&#xD;
&#xD;
2020-10-01 12:50:41 - [MESSAGE][PASSED] - Text 'how can you help' is set on object 'Object Repository/WEB_OBJECTS/payload'&#xD;
&#xD;
2020-10-01 12:50:44 - [MESSAGE][PASSED] - platform.ResponseDesigner.configureCarouselResponse is PASSED&#xD;
&#xD;
2020-10-01 12:50:44 - [TEST_STEP][PASSED] - platform.Articles.saveAndTrainArticleToNewCategory(categoryName): platform.Articles.saveAndTrainArticleToNewCategory is PASSED&#xD;
&#xD;
2020-10-01 12:50:51 - [MESSAGE][PASSED] - Keys 'Benefits' sent to object: 'Object Repository/Input/newCategoryName'&#xD;
&#xD;
2020-10-01 12:50:53 - [MESSAGE][PASSED] - platform.Articles.saveAndTrainArticleToNewCategory is PASSED&#xD;
&#xD;
2020-10-01 12:50:53 - [TEST_STEP][PASSED] - verifyElementPresent(findTestObject("ICONS/toastMsg"), 15, STOP_ON_FAILURE): Object 'Object Repository/ICONS/toastMsg' is present&#xD;
&#xD;
2020-10-01 12:51:03 - [MESSAGE][PASSED] - Object 'Object Repository/ICONS/toastMsg' is present&#xD;
&#xD;
2020-10-01 12:51:03 - [TEST_STEP][PASSED] - platform.Method.clickOnElement(findTestObject("Button/preview")): platform.Method.clickOnElement is PASSED&#xD;
&#xD;
2020-10-01 12:51:05 - [MESSAGE][PASSED] - platform.Method.clickOnElement is PASSED&#xD;
&#xD;
2020-10-01 12:51:05 - [TEST_STEP][PASSED] - sendKeys(findTestObject("Input/chatInput"), Keys.chord(userQuery, ENTER)): Keys 'ENTER + benefits of credit card?' sent to object: 'Object Repository/Input/chatInput'&#xD;
&#xD;
2020-10-01 12:51:09 - [MESSAGE][PASSED] - Keys 'ENTER + benefits of credit card?' sent to object: 'Object Repository/Input/chatInput'&#xD;
&#xD;
2020-10-01 12:51:09 - [TEST_STEP][PASSED] - delay(1): Delayed 1 second(s)&#xD;
&#xD;
2020-10-01 12:51:10 - [MESSAGE][PASSED] - Delayed 1 second(s)&#xD;
&#xD;
2020-10-01 12:51:10 - [TEST_STEP][PASSED] - verifyElementText(findTestObject("NewRepo/bannerTitle", ["index":1]), expectedValue, STOP_ON_FAILURE): Actual text and expected text of test object 'Object Repository/NewRepo/bannerTitle' are matched.&#xD;
&#xD;
2020-10-01 12:51:12 - [MESSAGE][PASSED] - Actual text and expected text of test object 'Object Repository/NewRepo/bannerTitle' are matched.&#xD;
&#xD;
2020-10-01 12:51:12 - [TEST_STEP][PASSED] - platform.Method.clickOnElement(findTestObject("GenericII/minimize")): platform.Method.clickOnElement is PASSED&#xD;
&#xD;
2020-10-01 12:51:15 - [MESSAGE][PASSED] - platform.Method.clickOnElement is PASSED</system-out>
            <system-err></system-err>
        </testcase>
        <testcase name="Test Cases/FAQ_SSO/modifyCategory_Test" classname="Test Cases/FAQ_SSO/modifyCategory_Test" status="PASSED">
            <system-out>2020-10-01 12:51:15 - [TEST_CASE][PASSED] - Test Cases/FAQ_SSO/modifyCategory_Test: Test Cases/FAQ_SSO/modifyCategory_Test&#xD;
&#xD;
2020-10-01 12:51:15 - [TEST_STEP][PASSED] - platform.Method.clickOnElement(findTestObject("Generic/articles")): platform.Method.clickOnElement is PASSED&#xD;
&#xD;
2020-10-01 12:51:18 - [MESSAGE][PASSED] - platform.Method.clickOnElement is PASSED&#xD;
&#xD;
2020-10-01 12:51:18 - [TEST_STEP][PASSED] - platform.Method.clickOnElement(findTestObject("Generic/webObjectWithText", ["textValue":"Modify"])): platform.Method.clickOnElement is PASSED&#xD;
&#xD;
2020-10-01 12:51:20 - [MESSAGE][PASSED] - platform.Method.clickOnElement is PASSED&#xD;
&#xD;
2020-10-01 12:51:20 - [TEST_STEP][PASSED] - categories = findWebElements(findTestObject("GenericII/listOfCategory"), 10): null&#xD;
&#xD;
2020-10-01 12:51:22 - [TEST_STEP][PASSED] - index = &lt;not implemented yet for class: org.codehaus.groovy.ast.expr.EmptyExpression&gt;: null&#xD;
&#xD;
2020-10-01 12:51:22 - [TEST_STEP][PASSED] - for ([i = 2, i &lt; categories.size(), (i++)]): null&#xD;
&#xD;
2020-10-01 12:51:22 - [TEST_STEP][PASSED] - if (getAttribute("value").contains("Benefits")): null&#xD;
&#xD;
2020-10-01 12:51:23 - [TEST_STEP][PASSED] - index = i - 1: null&#xD;
&#xD;
2020-10-01 12:51:23 - [TEST_STEP][PASSED] - break: null&#xD;
&#xD;
2020-10-01 12:51:23 - [TEST_STEP][PASSED] - platform.Method.clickOnElement(findTestObject("GenericII/editCategory", ["index":index])): platform.Method.clickOnElement is PASSED&#xD;
&#xD;
2020-10-01 12:51:25 - [MESSAGE][PASSED] - platform.Method.clickOnElement is PASSED&#xD;
&#xD;
2020-10-01 12:51:25 - [TEST_STEP][PASSED] - setText(findTestObject("Input/nameOfTheCategory"), newCategoryName, STOP_ON_FAILURE): Text 'Product Info' is set on object 'Object Repository/Input/nameOfTheCategory'&#xD;
&#xD;
2020-10-01 12:51:29 - [MESSAGE][PASSED] - Text 'Product Info' is set on object 'Object Repository/Input/nameOfTheCategory'&#xD;
&#xD;
2020-10-01 12:51:29 - [TEST_STEP][PASSED] - platform.Method.clickOnElement(findTestObject("Button/save", ["value":" Save "])): platform.Method.clickOnElement is PASSED&#xD;
&#xD;
2020-10-01 12:51:31 - [MESSAGE][PASSED] - platform.Method.clickOnElement is PASSED&#xD;
&#xD;
2020-10-01 12:51:31 - [TEST_STEP][PASSED] - delay(1): Delayed 1 second(s)&#xD;
&#xD;
2020-10-01 12:51:32 - [MESSAGE][PASSED] - Delayed 1 second(s)&#xD;
&#xD;
2020-10-01 12:51:32 - [TEST_STEP][PASSED] - verifyTextPresent(newCategoryName, false, STOP_ON_FAILURE): Text 'Product Info' is present on page &#xD;
&#xD;
2020-10-01 12:51:37 - [MESSAGE][PASSED] - Text 'Product Info' is present on page &#xD;
&#xD;
2020-10-01 12:51:37 - [TEST_STEP][PASSED] - closePopUp = modifyObjectProperty(findTestObject("GenericII/closePopup"), "xpath", "not equals", "//span[text()='×']", true, OPTIONAL): Modify property of object successfully&#xD;
&#xD;
2020-10-01 12:51:37 - [MESSAGE][PASSED] - Modify property of object successfully&#xD;
&#xD;
2020-10-01 12:51:37 - [TEST_STEP][PASSED] - platform.Method.clickOnElement(closePopUp): platform.Method.clickOnElement is PASSED&#xD;
&#xD;
2020-10-01 12:51:39 - [MESSAGE][PASSED] - platform.Method.clickOnElement is PASSED</system-out>
            <system-err></system-err>
        </testcase>
        <testcase name="Test Cases/FAQ_SSO/fallbackCurationByAddToExistingArticle_Test" classname="Test Cases/FAQ_SSO/fallbackCurationByAddToExistingArticle_Test" status="PASSED">
            <system-out>2020-10-01 12:51:39 - [TEST_CASE][PASSED] - Test Cases/FAQ_SSO/fallbackCurationByAddToExistingArticle_Test: Test Cases/FAQ_SSO/fallbackCurationByAddToExistingArticle_Test&#xD;
&#xD;
2020-10-01 12:51:40 - [TEST_STEP][PASSED] - platform.Method.clickOnElement(findTestObject("Generic/curation")): platform.Method.clickOnElement is PASSED&#xD;
&#xD;
2020-10-01 12:51:43 - [MESSAGE][PASSED] - platform.Method.clickOnElement is PASSED&#xD;
&#xD;
2020-10-01 12:51:43 - [TEST_STEP][PASSED] - platform.Method.clickOnElement(findTestObject("Generic/webObjectWithText", ["textValue":" Fallback "])): platform.Method.clickOnElement is PASSED&#xD;
&#xD;
2020-10-01 12:51:46 - [MESSAGE][PASSED] - platform.Method.clickOnElement is PASSED&#xD;
&#xD;
2020-10-01 12:51:46 - [TEST_STEP][PASSED] - sendKeys(findTestObject("Input/roomID", ["value":"room_id"]), roomID): Keys '2456' sent to object: 'Object Repository/Input/roomID'&#xD;
&#xD;
2020-10-01 12:51:49 - [MESSAGE][PASSED] - Keys '2456' sent to object: 'Object Repository/Input/roomID'&#xD;
&#xD;
2020-10-01 12:51:49 - [TEST_STEP][PASSED] - platform.Method.clickOnElement(findTestObject("Button/filter")): platform.Method.clickOnElement is PASSED&#xD;
&#xD;
2020-10-01 12:51:52 - [MESSAGE][PASSED] - platform.Method.clickOnElement is PASSED&#xD;
&#xD;
2020-10-01 12:51:52 - [TEST_STEP][PASSED] - try: platform.Method.clickOnElement is PASSED&#xD;
&#xD;
2020-10-01 12:51:52 - [TEST_STEP][PASSED] - verifyElementPresent(findTestObject("Button/addToExistingArticle"), 20, STOP_ON_FAILURE): Object 'Object Repository/Button/addToExistingArticle' is present&#xD;
&#xD;
2020-10-01 12:51:53 - [MESSAGE][PASSED] - Object 'Object Repository/Button/addToExistingArticle' is present&#xD;
&#xD;
2020-10-01 12:51:53 - [TEST_STEP][PASSED] - platform.Method.clickOnElement(findTestObject("Button/addToExistingArticle")): platform.Method.clickOnElement is PASSED&#xD;
&#xD;
2020-10-01 12:51:56 - [MESSAGE][PASSED] - platform.Method.clickOnElement is PASSED&#xD;
&#xD;
2020-10-01 12:51:56 - [TEST_STEP][PASSED] - sendKeys(findTestObject("Input/searchQuestion"), searchQuestion): Keys 'How can I view my transactions?' sent to object: 'Object Repository/Input/searchQuestion'&#xD;
&#xD;
2020-10-01 12:51:59 - [MESSAGE][PASSED] - Keys 'How can I view my transactions?' sent to object: 'Object Repository/Input/searchQuestion'&#xD;
&#xD;
2020-10-01 12:51:59 - [TEST_STEP][PASSED] - platform.Method.clickOnElement(findTestObject("Generic/searchResult")): platform.Method.clickOnElement is PASSED&#xD;
&#xD;
2020-10-01 12:52:01 - [MESSAGE][PASSED] - platform.Method.clickOnElement is PASSED&#xD;
&#xD;
2020-10-01 12:52:01 - [TEST_STEP][PASSED] - platform.Method.clickOnElement(findTestObject("Button/linkAndSave")): platform.Method.clickOnElement is PASSED&#xD;
&#xD;
2020-10-01 12:52:03 - [MESSAGE][PASSED] - platform.Method.clickOnElement is PASSED&#xD;
&#xD;
2020-10-01 12:52:03 - [TEST_STEP][PASSED] - platform.Method.clickOnElement(findTestObject("NewRepo/refresh")): platform.Method.clickOnElement is PASSED&#xD;
&#xD;
2020-10-01 12:52:06 - [MESSAGE][PASSED] - platform.Method.clickOnElement is PASSED&#xD;
&#xD;
2020-10-01 12:52:06 - [TEST_STEP][PASSED] - platform.Method.clickOnElement(findTestObject("Button/trainCuration")): platform.Method.clickOnElement is PASSED&#xD;
&#xD;
2020-10-01 12:52:08 - [MESSAGE][PASSED] - platform.Method.clickOnElement is PASSED&#xD;
&#xD;
2020-10-01 12:52:08 - [TEST_STEP][PASSED] - sendKeys(findTestObject("Input/comment"), comment): Keys 'link to curation test' sent to object: 'Object Repository/Input/comment'&#xD;
&#xD;
2020-10-01 12:52:11 - [MESSAGE][PASSED] - Keys 'link to curation test' sent to object: 'Object Repository/Input/comment'&#xD;
&#xD;
2020-10-01 12:52:11 - [TEST_STEP][PASSED] - platform.Method.clickOnElement(findTestObject("Button/continue")): platform.Method.clickOnElement is PASSED&#xD;
&#xD;
2020-10-01 12:52:14 - [MESSAGE][PASSED] - platform.Method.clickOnElement is PASSED&#xD;
&#xD;
2020-10-01 12:52:14 - [TEST_STEP][PASSED] - waitForElementVisible(findTestObject("Generic/webObjectWithText", ["textValue":"Trained corpus"]), 20, STOP_ON_FAILURE): Web element with id: 'Object Repository/Generic/webObjectWithText' located by 'By.xpath: //*[contains(text(),'Trained corpus')]' not found&#xD;
&#xD;
2020-10-01 12:52:37 - [MESSAGE][INFO] - Unable to find the element located by 'By.xpath: //*[contains(text(),'Trained corpus')]'. Please recheck the objects properties to make sure the desired element is located. &#xD;
&#xD;
2020-10-01 12:52:37 - [MESSAGE][WARNING] - Web element with id: 'Object Repository/Generic/webObjectWithText' located by 'By.xpath: //*[contains(text(),'Trained corpus')]' not found&#xD;
&#xD;
2020-10-01 12:52:37 - [TEST_STEP][PASSED] - platform.Method.clickOnElement(findTestObject("NewRepo/refresh")): platform.Method.clickOnElement is PASSED&#xD;
&#xD;
2020-10-01 12:52:39 - [MESSAGE][PASSED] - platform.Method.clickOnElement is PASSED&#xD;
&#xD;
2020-10-01 12:52:39 - [TEST_STEP][PASSED] - verifyTextPresent("Trained corpus", false, OPTIONAL): Text 'Trained corpus' is present on page &#xD;
&#xD;
2020-10-01 12:52:44 - [MESSAGE][PASSED] - Text 'Trained corpus' is present on page &#xD;
&#xD;
2020-10-01 12:52:44 - [TEST_STEP][PASSED] - platform.Method.clickOnElement(findTestObject("Button/preview")): platform.Method.clickOnElement is PASSED&#xD;
&#xD;
2020-10-01 12:52:47 - [MESSAGE][PASSED] - platform.Method.clickOnElement is PASSED&#xD;
&#xD;
2020-10-01 12:52:47 - [TEST_STEP][PASSED] - sendKeys(findTestObject("Input/chatInput"), Keys.chord(userQuery, ENTER)): Keys 'ENTER + show last transaction receipt' sent to object: 'Object Repository/Input/chatInput'&#xD;
&#xD;
2020-10-01 12:52:50 - [MESSAGE][PASSED] - Keys 'ENTER + show last transaction receipt' sent to object: 'Object Repository/Input/chatInput'&#xD;
&#xD;
2020-10-01 12:52:50 - [TEST_STEP][PASSED] - delay(1): Delayed 1 second(s)&#xD;
&#xD;
2020-10-01 12:52:51 - [MESSAGE][PASSED] - Delayed 1 second(s)&#xD;
&#xD;
2020-10-01 12:52:51 - [TEST_STEP][PASSED] - platform.Preview.verifyBotResponse(botResponse): YOUR TEXT HAS A MATCH&#xD;
&#xD;
2020-10-01 12:52:54 - [MESSAGE][PASSED] - Delayed 3 second(s)&#xD;
&#xD;
2020-10-01 12:52:58 - [MESSAGE][PASSED] - YOUR TEXT HAS A MATCH&#xD;
&#xD;
2020-10-01 12:52:58 - [TEST_STEP][PASSED] - platform.Method.clickOnElement(findTestObject("Generic/curation")): platform.Method.clickOnElement is PASSED&#xD;
&#xD;
2020-10-01 12:53:00 - [MESSAGE][PASSED] - platform.Method.clickOnElement is PASSED&#xD;
&#xD;
2020-10-01 12:53:00 - [TEST_STEP][PASSED] - waitForElementVisible(findTestObject("Generic/webObjectWithText", ["textValue":"Resolved"]), 20, OPTIONAL): Object 'Object Repository/Generic/webObjectWithText' is visible&#xD;
&#xD;
2020-10-01 12:53:02 - [MESSAGE][PASSED] - Object 'Object Repository/Generic/webObjectWithText' is visible&#xD;
&#xD;
2020-10-01 12:53:02 - [TEST_STEP][PASSED] - platform.Method.clickOnElement(findTestObject("Generic/webObjectWithText", ["textValue":"Resolved"])): platform.Method.clickOnElement is PASSED&#xD;
&#xD;
2020-10-01 12:53:05 - [MESSAGE][PASSED] - platform.Method.clickOnElement is PASSED&#xD;
&#xD;
2020-10-01 12:53:05 - [TEST_STEP][PASSED] - sendKeys(findTestObject("Input/roomID", ["value":"room_id"]), roomID): Keys '2456' sent to object: 'Object Repository/Input/roomID'&#xD;
&#xD;
2020-10-01 12:53:08 - [MESSAGE][PASSED] - Keys '2456' sent to object: 'Object Repository/Input/roomID'&#xD;
&#xD;
2020-10-01 12:53:08 - [TEST_STEP][PASSED] - platform.Method.clickOnElement(findTestObject("Button/filter")): platform.Method.clickOnElement is PASSED&#xD;
&#xD;
2020-10-01 12:53:11 - [MESSAGE][PASSED] - platform.Method.clickOnElement is PASSED&#xD;
&#xD;
2020-10-01 12:53:11 - [TEST_STEP][PASSED] - verifyTextPresent(roomID, false, STOP_ON_FAILURE): Text '2456' is present on page &#xD;
&#xD;
2020-10-01 12:53:14 - [MESSAGE][PASSED] - Text '2456' is present on page</system-out>
            <system-err></system-err>
        </testcase>
        <testcase name="Test Cases/FAQ_SSO/partialMatchCurationByCreateNewArticle_Test" classname="Test Cases/FAQ_SSO/partialMatchCurationByCreateNewArticle_Test" status="ERROR">
            <error type="ERROR" message="Test Cases/FAQ_SSO/partialMatchCurationByCreateNewArticle_Test FAILED.&#xA;Reason:&#xA;org.openqa.selenium.StaleElementReferenceException: stale element reference: element is not attached to the page document&#xA;  (Session info: chrome=85.0.4183.121)&#xA;For documentation on this error, please visit: https://www.seleniumhq.org/exceptions/stale_element_reference.html&#xA;Build info: version: '3.141.59', revision: 'e82be7d358', time: '2018-11-14T08:25:53'&#xA;System info: host: 'WLPT580', ip: '192.168.29.195', os.name: 'Windows 8.1', os.arch: 'amd64', os.version: '6.3', java.version: '1.8.0_181'&#xA;Driver info: com.kms.katalon.selenium.driver.CChromeDriver&#xA;Capabilities {acceptInsecureCerts: false, browserName: chrome, browserVersion: 85.0.4183.121, chrome: {chromedriverVersion: 84.0.4147.30 (48b3e868b4cc0..., userDataDir: C:\Users\narendra.n\AppData...}, goog:chromeOptions: {debuggerAddress: localhost:50303}, javascriptEnabled: true, networkConnectionEnabled: false, pageLoadStrategy: normal, platform: WINDOWS, platformName: WINDOWS, proxy: Proxy(), setWindowRect: true, strictFileInteractability: false, timeouts: {implicit: 0, pageLoad: 300000, script: 30000}, unhandledPromptBehavior: dismiss and notify, webauthn:virtualAuthenticators: true}&#xA;Session ID: 1272d4956270524c2f859ed6907373ad&#xD;&#xA;&#x9;at org.openqa.selenium.remote.http.W3CHttpResponseCodec.createException(W3CHttpResponseCodec.java:187)&#xD;&#xA;&#x9;at org.openqa.selenium.remote.http.W3CHttpResponseCodec.decode(W3CHttpResponseCodec.java:122)&#xD;&#xA;&#x9;at org.openqa.selenium.remote.http.W3CHttpResponseCodec.decode(W3CHttpResponseCodec.java:49)&#xD;&#xA;&#x9;at org.openqa.selenium.remote.HttpCommandExecutor.execute(HttpCommandExecutor.java:158)&#xD;&#xA;&#x9;at org.openqa.selenium.remote.service.DriverCommandExecutor.execute(DriverCommandExecutor.java:83)&#xD;&#xA;&#x9;at org.openqa.selenium.remote.RemoteWebDriver.execute(RemoteWebDriver.java:552)&#xD;&#xA;&#x9;at com.kms.katalon.selenium.driver.CChromeDriver.execute(CChromeDriver.java:20)&#xD;&#xA;&#x9;at org.openqa.selenium.remote.RemoteWebElement.execute(RemoteWebElement.java:285)&#xD;&#xA;&#x9;at org.openqa.selenium.remote.RemoteWebElement.getText(RemoteWebElement.java:166)&#xD;&#xA;&#x9;at org.openqa.selenium.WebElement$getText.call(Unknown Source)&#xD;&#xA;&#x9;at platform.Utility.extractRoomIdNumber(Utility.groovy:59)&#xD;&#xA;&#x9;at platform.Utility.getRoomID(Utility.groovy:48)&#xD;&#xA;&#x9;at platform.Method.invokeMethod(Method.groovy)&#xD;&#xA;&#x9;at com.kms.katalon.core.main.CustomKeywordDelegatingMetaClass.invokeStaticMethod(CustomKeywordDelegatingMetaClass.java:50)&#xD;&#xA;&#x9;at partialMatchCurationByCreateNewArticle_Test.run(partialMatchCurationByCreateNewArticle_Test:31)&#xD;&#xA;&#x9;at com.kms.katalon.core.main.ScriptEngine.run(ScriptEngine.java:194)&#xD;&#xA;&#x9;at com.kms.katalon.core.main.ScriptEngine.runScriptAsRawText(ScriptEngine.java:119)&#xD;&#xA;&#x9;at com.kms.katalon.core.main.TestCaseExecutor.runScript(TestCaseExecutor.java:337)&#xD;&#xA;&#x9;at com.kms.katalon.core.main.TestCaseExecutor.doExecute(TestCaseExecutor.java:328)&#xD;&#xA;&#x9;at com.kms.katalon.core.main.TestCaseExecutor.processExecutionPhase(TestCaseExecutor.java:307)&#xD;&#xA;&#x9;at com.kms.katalon.core.main.TestCaseExecutor.accessMainPhase(TestCaseExecutor.java:299)&#xD;&#xA;&#x9;at com.kms.katalon.core.main.TestCaseExecutor.execute(TestCaseExecutor.java:233)&#xD;&#xA;&#x9;at com.kms.katalon.core.main.TestSuiteExecutor.accessTestCaseMainPhase(TestSuiteExecutor.java:169)&#xD;&#xA;&#x9;at com.kms.katalon.core.main.TestSuiteExecutor.accessTestSuiteMainPhase(TestSuiteExecutor.java:142)&#xD;&#xA;&#x9;at com.kms.katalon.core.main.TestSuiteExecutor.execute(TestSuiteExecutor.java:91)&#xD;&#xA;&#x9;at com.kms.katalon.core.main.TestCaseMain.startTestSuite(TestCaseMain.java:157)&#xD;&#xA;&#x9;at com.kms.katalon.core.main.TestCaseMain$startTestSuite$0.call(Unknown Source)&#xD;&#xA;&#x9;at TempTestSuite1601536172058.run(TempTestSuite1601536172058.groovy:35)&#xD;&#xA;"/>
            <system-out>2020-10-01 12:53:14 - [TEST_CASE][ERROR] - Test Cases/FAQ_SSO/partialMatchCurationByCreateNewArticle_Test: Test Cases/FAQ_SSO/partialMatchCurationByCreateNewArticle_Test FAILED.
Reason:
org.openqa.selenium.StaleElementReferenceException: stale element reference: element is not attached to the page document
  (Session info: chrome=85.0.4183.121)
For documentation on this error, please visit: https://www.seleniumhq.org/exceptions/stale_element_reference.html
Build info: version: '3.141.59', revision: 'e82be7d358', time: '2018-11-14T08:25:53'
System info: host: 'WLPT580', ip: '192.168.29.195', os.name: 'Windows 8.1', os.arch: 'amd64', os.version: '6.3', java.version: '1.8.0_181'
Driver info: com.kms.katalon.selenium.driver.CChromeDriver
Capabilities {acceptInsecureCerts: false, browserName: chrome, browserVersion: 85.0.4183.121, chrome: {chromedriverVersion: 84.0.4147.30 (48b3e868b4cc0..., userDataDir: C:\Users\narendra.n\AppData...}, goog:chromeOptions: {debuggerAddress: localhost:50303}, javascriptEnabled: true, networkConnectionEnabled: false, pageLoadStrategy: normal, platform: WINDOWS, platformName: WINDOWS, proxy: Proxy(), setWindowRect: true, strictFileInteractability: false, timeouts: {implicit: 0, pageLoad: 300000, script: 30000}, unhandledPromptBehavior: dismiss and notify, webauthn:virtualAuthenticators: true}
Session ID: 1272d4956270524c2f859ed6907373ad&#xD;
	at org.openqa.selenium.remote.http.W3CHttpResponseCodec.createException(W3CHttpResponseCodec.java:187)&#xD;
	at org.openqa.selenium.remote.http.W3CHttpResponseCodec.decode(W3CHttpResponseCodec.java:122)&#xD;
	at org.openqa.selenium.remote.http.W3CHttpResponseCodec.decode(W3CHttpResponseCodec.java:49)&#xD;
	at org.openqa.selenium.remote.HttpCommandExecutor.execute(HttpCommandExecutor.java:158)&#xD;
	at org.openqa.selenium.remote.service.DriverCommandExecutor.execute(DriverCommandExecutor.java:83)&#xD;
	at org.openqa.selenium.remote.RemoteWebDriver.execute(RemoteWebDriver.java:552)&#xD;
	at com.kms.katalon.selenium.driver.CChromeDriver.execute(CChromeDriver.java:20)&#xD;
	at org.openqa.selenium.remote.RemoteWebElement.execute(RemoteWebElement.java:285)&#xD;
	at org.openqa.selenium.remote.RemoteWebElement.getText(RemoteWebElement.java:166)&#xD;
	at org.openqa.selenium.WebElement$getText.call(Unknown Source)&#xD;
	at platform.Utility.extractRoomIdNumber(Utility.groovy:59)&#xD;
	at platform.Utility.getRoomID(Utility.groovy:48)&#xD;
	at platform.Method.invokeMethod(Method.groovy)&#xD;
	at com.kms.katalon.core.main.CustomKeywordDelegatingMetaClass.invokeStaticMethod(CustomKeywordDelegatingMetaClass.java:50)&#xD;
	at partialMatchCurationByCreateNewArticle_Test.run(partialMatchCurationByCreateNewArticle_Test:31)&#xD;
	at com.kms.katalon.core.main.ScriptEngine.run(ScriptEngine.java:194)&#xD;
	at com.kms.katalon.core.main.ScriptEngine.runScriptAsRawText(ScriptEngine.java:119)&#xD;
	at com.kms.katalon.core.main.TestCaseExecutor.runScript(TestCaseExecutor.java:337)&#xD;
	at com.kms.katalon.core.main.TestCaseExecutor.doExecute(TestCaseExecutor.java:328)&#xD;
	at com.kms.katalon.core.main.TestCaseExecutor.processExecutionPhase(TestCaseExecutor.java:307)&#xD;
	at com.kms.katalon.core.main.TestCaseExecutor.accessMainPhase(TestCaseExecutor.java:299)&#xD;
	at com.kms.katalon.core.main.TestCaseExecutor.execute(TestCaseExecutor.java:233)&#xD;
	at com.kms.katalon.core.main.TestSuiteExecutor.accessTestCaseMainPhase(TestSuiteExecutor.java:169)&#xD;
	at com.kms.katalon.core.main.TestSuiteExecutor.accessTestSuiteMainPhase(TestSuiteExecutor.java:142)&#xD;
	at com.kms.katalon.core.main.TestSuiteExecutor.execute(TestSuiteExecutor.java:91)&#xD;
	at com.kms.katalon.core.main.TestCaseMain.startTestSuite(TestCaseMain.java:157)&#xD;
	at com.kms.katalon.core.main.TestCaseMain$startTestSuite$0.call(Unknown Source)&#xD;
	at TempTestSuite1601536172058.run(TempTestSuite1601536172058.groovy:35)&#xD;
&#xD;
&#xD;
2020-10-01 12:53:16 - [TEST_STEP][PASSED] - platform.Method.clickOnElement(findTestObject("Generic/articles")): platform.Method.clickOnElement is PASSED&#xD;
&#xD;
2020-10-01 12:53:18 - [MESSAGE][PASSED] - platform.Method.clickOnElement is PASSED&#xD;
&#xD;
[...]
&#xD;
2020-10-01 13:11:10 - [MESSAGE][PASSED] - platform.ResponseDesigner.deleteSecondaryTemplate is PASSED</system-out>
            <system-err></system-err>
        </testcase>
        <testcase name="Test Cases/Sprint/v4.3/appleBusinessChatFieldTestForFAQbot" classname="Test Cases/Sprint/v4.3/appleBusinessChatFieldTestForFAQbot" status="PASSED">
            <system-out>2020-10-01 13:11:10 - [TEST_CASE][PASSED] - Test Cases/Sprint/v4.3/appleBusinessChatFieldTestForFAQbot: Test Cases/Sprint/v4.3/appleBusinessChatFieldTestForFAQbot&#xD;
&#xD;
2020-10-01 13:11:11 - [TEST_STEP][PASSED] - platform.ResponseDesigner.addChannelToResponse(" Apple Business Chat"): platform.ResponseDesigner.addChannelToResponse is PASSED&#xD;
&#xD;
2020-10-01 13:11:16 - [MESSAGE][PASSED] - platform.ResponseDesigner.addChannelToResponse is PASSED&#xD;
&#xD;
2020-10-01 13:11:16 - [TEST_STEP][PASSED] - assert platform.AppleBusinessChat.verifyListpickerOnTemplate() == true: platform.AppleBusinessChat.verifyListpickerOnTemplate is PASSED&#xD;
&#xD;
2020-10-01 13:11:18 - [MESSAGE][PASSED] - Object 'Object Repository/ICONS/listPickerABC' is visible&#xD;
&#xD;
2020-10-01 13:11:19 - [MESSAGE][PASSED] - platform.AppleBusinessChat.verifyListpickerOnTemplate is PASSED&#xD;
&#xD;
2020-10-01 13:11:19 - [TEST_STEP][PASSED] - platform.ResponseDesigner.addListpickerResponse(): platform.ResponseDesigner.addListpickerResponse is PASSED&#xD;
&#xD;
2020-10-01 13:11:21 - [MESSAGE][PASSED] - platform.ResponseDesigner.addListpickerResponse is PASSED&#xD;
&#xD;
2020-10-01 13:11:21 - [TEST_STEP][PASSED] - assert platform.AppleBusinessChat.verifyListpickerOnAddition(findTestObject("WEB_OBJECTS/templateHeader", ["index":2])) == true: platform.AppleBusinessChat.verifyListpickerOnAddition is PASSED&#xD;
&#xD;
2020-10-01 13:11:23 - [MESSAGE][PASSED] - Actual text and expected text of test object 'Object Repository/WEB_OBJECTS/templateHeader' are matched.&#xD;
&#xD;
2020-10-01 13:11:23 - [MESSAGE][PASSED] - platform.AppleBusinessChat.verifyListpickerOnAddition is PASSED&#xD;
&#xD;
2020-10-01 13:11:23 - [TEST_STEP][PASSED] - platform.AppleBusinessChat.setListPickerTitle(""): platform.AppleBusinessChat.setListPickerTitle is PASSED&#xD;
&#xD;
2020-10-01 13:11:29 - [MESSAGE][PASSED] - Text '' is set on object 'Object Repository/AppleBusinessChat/title'&#xD;
&#xD;
2020-10-01 13:11:29 - [MESSAGE][PASSED] - platform.AppleBusinessChat.setListPickerTitle is PASSED&#xD;
&#xD;
2020-10-01 13:11:29 - [TEST_STEP][PASSED] - platform.Method.removeFocus(findTestObject("AppleBusinessChat/title")): platform.Method.removeFocus is PASSED&#xD;
&#xD;
2020-10-01 13:11:32 - [MESSAGE][PASSED] - platform.Method.removeFocus is PASSED&#xD;
&#xD;
2020-10-01 13:11:32 - [TEST_STEP][PASSED] - verifyElementPresent(findTestObject("WEB_OBJECTS/alertRequired"), 20, CONTINUE_ON_FAILURE): Object 'Object Repository/WEB_OBJECTS/alertRequired' is present&#xD;
&#xD;
2020-10-01 13:11:33 - [MESSAGE][PASSED] - Object 'Object Repository/WEB_OBJECTS/alertRequired' is present&#xD;
&#xD;
2020-10-01 13:11:33 - [TEST_STEP][PASSED] - platform.AppleBusinessChat.setListPickerTitle(" "): platform.AppleBusinessChat.setListPickerTitle is PASSED&#xD;
&#xD;
2020-10-01 13:11:38 - [MESSAGE][PASSED] - Text ' ' is set on object 'Object Repository/AppleBusinessChat/title'&#xD;
&#xD;
2020-10-01 13:11:38 - [MESSAGE][PASSED] - platform.AppleBusinessChat.setListPickerTitle is PASSED&#xD;
&#xD;
2020-10-01 13:11:38 - [TEST_STEP][PASSED] - platform.Method.removeFocus(findTestObject("AppleBusinessChat/title")): platform.Method.removeFocus is PASSED&#xD;
&#xD;
2020-10-01 13:11:41 - [MESSAGE][PASSED] - platform.Method.removeFocus is PASSED&#xD;
&#xD;
2020-10-01 13:11:41 - [TEST_STEP][PASSED] - verifyElementPresent(findTestObject("WEB_OBJECTS/alertInvalidData"), 20, CONTINUE_ON_FAILURE): Object 'Object Repository/WEB_OBJECTS/alertInvalidData' is present&#xD;
&#xD;
2020-10-01 13:11:42 - [MESSAGE][PASSED] - Object 'Object Repository/WEB_OBJECTS/alertInvalidData' is present&#xD;
&#xD;
2020-10-01 13:11:42 - [TEST_STEP][PASSED] - platform.AppleBusinessChat.setListPickerTitle(testData): platform.AppleBusinessChat.setListPickerTitle is PASSED&#xD;
&#xD;
2020-10-01 13:12:07 - [MESSAGE][PASSED] - Text 'I want to test that number of characters in this sentence so that a maximum of 512 character can be known. I want to test that number of characters in this sentence so that a maximum of 512 character can be known. I want to test that number of characters in this sentence so that a maximum of 512 character can be known. I want to test that number of characters in this sentence so that a maximum of 512 character can be known. I want to test that number of characters in this sentence so that a maximum of 512...' is set on object 'Object Repository/AppleBusinessChat/title'&#xD;
&#xD;
2020-10-01 13:12:07 - [MESSAGE][PASSED] - platform.AppleBusinessChat.setListPickerTitle is PASSED&#xD;
&#xD;
2020-10-01 13:12:07 - [TEST_STEP][PASSED] - verifyElementPresent(findTestObject("WEB_OBJECTS/alertMaxCharacter"), 20, CONTINUE_ON_FAILURE): Object 'Object Repository/WEB_OBJECTS/alertMaxCharacter' is present&#xD;
&#xD;
2020-10-01 13:12:08 - [MESSAGE][PASSED] - Object 'Object Repository/WEB_OBJECTS/alertMaxCharacter' is present&#xD;
&#xD;
2020-10-01 13:12:08 - [TEST_STEP][PASSED] - platform.AppleBusinessChat.setListPickerTitle("dummy data"): platform.AppleBusinessChat.setListPickerTitle is PASSED&#xD;
&#xD;
2020-10-01 13:12:14 - [MESSAGE][PASSED] - Text 'dummy data' is set on object 'Object Repository/AppleBusinessChat/title'&#xD;
&#xD;
2020-10-01 13:12:14 - [MESSAGE][PASSED] - platform.AppleBusinessChat.setListPickerTitle is PASSED&#xD;
&#xD;
2020-10-01 13:12:14 - [TEST_STEP][PASSED] - platform.AppleBusinessChat.setListPickerReplyTitle(""): platform.AppleBusinessChat.setListPickerReplyTitle is PASSED&#xD;
&#xD;
2020-10-01 13:12:20 - [MESSAGE][PASSED] - Text '' is set on object 'Object Repository/AppleBusinessChat/replyTitle'&#xD;
&#xD;
2020-10-01 13:12:20 - [MESSAGE][PASSED] - platform.AppleBusinessChat.setListPickerReplyTitle is PASSED&#xD;
&#xD;
2020-10-01 13:12:20 - [TEST_STEP][PASSED] - platform.Method.removeFocus(findTestObject("AppleBusinessChat/replyTitle")): platform.Method.removeFocus is PASSED&#xD;
&#xD;
2020-10-01 13:12:22 - [MESSAGE][PASSED] - platform.Method.removeFocus is PASSED&#xD;
&#xD;
2020-10-01 13:12:22 - [TEST_STEP][PASSED] - verifyElementPresent(findTestObject("WEB_OBJECTS/alertRequired"), 20, CONTINUE_ON_FAILURE): Object 'Object Repository/WEB_OBJECTS/alertRequired' is present&#xD;
&#xD;
2020-10-01 13:12:23 - [MESSAGE][PASSED] - Object 'Object Repository/WEB_OBJECTS/alertRequired' is present&#xD;
&#xD;
2020-10-01 13:12:23 - [TEST_STEP][PASSED] - platform.AppleBusinessChat.setListPickerReplyTitle(" "): platform.AppleBusinessChat.setListPickerReplyTitle is PASSED&#xD;
&#xD;
2020-10-01 13:12:29 - [MESSAGE][PASSED] - Text ' ' is set on object 'Object Repository/AppleBusinessChat/replyTitle'&#xD;
&#xD;
2020-10-01 13:12:29 - [MESSAGE][PASSED] - platform.AppleBusinessChat.setListPickerReplyTitle is PASSED&#xD;
&#xD;
2020-10-01 13:12:29 - [TEST_STEP][PASSED] - platform.Method.removeFocus(findTestObject("AppleBusinessChat/replyTitle")): platform.Method.removeFocus is PASSED&#xD;
&#xD;
2020-10-01 13:12:31 - [MESSAGE][PASSED] - platform.Method.removeFocus is PASSED&#xD;
&#xD;
2020-10-01 13:12:31 - [TEST_STEP][PASSED] - verifyElementPresent(findTestObject("WEB_OBJECTS/alertInvalidData"), 20, CONTINUE_ON_FAILURE): Object 'Object Repository/WEB_OBJECTS/alertInvalidData' is present&#xD;
&#xD;
2020-10-01 13:12:33 - [MESSAGE][PASSED] - Object 'Object Repository/WEB_OBJECTS/alertInvalidData' is present&#xD;
&#xD;
2020-10-01 13:12:33 - [TEST_STEP][PASSED] - platform.AppleBusinessChat.setListPickerReplyTitle(testData): platform.AppleBusinessChat.setListPickerReplyTitle is PASSED&#xD;
&#xD;
2020-10-01 13:12:55 - [MESSAGE][PASSED] - Text 'I want to test that number of characters in this sentence so that a maximum of 512 character can be known. I want to test that number of characters in this sentence so that a maximum of 512 character can be known. I want to test that number of characters in this sentence so that a maximum of 512 character can be known. I want to test that number of characters in this sentence so that a maximum of 512 character can be known. I want to test that number of characters in this sentence so that a maximum of 512...' is set on object 'Object Repository/AppleBusinessChat/replyTitle'&#xD;
&#xD;
2020-10-01 13:12:55 - [MESSAGE][PASSED] - platform.AppleBusinessChat.setListPickerReplyTitle is PASSED&#xD;
&#xD;
2020-10-01 13:12:55 - [TEST_STEP][PASSED] - verifyElementPresent(findTestObject("WEB_OBJECTS/alertMaxCharacter"), 20, CONTINUE_ON_FAILURE): Object 'Object Repository/WEB_OBJECTS/alertMaxCharacter' is present&#xD;
&#xD;
2020-10-01 13:12:56 - [MESSAGE][PASSED] - Object 'Object Repository/WEB_OBJECTS/alertMaxCharacter' is present&#xD;
&#xD;
2020-10-01 13:12:56 - [TEST_STEP][PASSED] - platform.AppleBusinessChat.setListPickerTitle("dummy reply title"): platform.AppleBusinessChat.setListPickerTitle is PASSED&#xD;
&#xD;
2020-10-01 13:13:02 - [MESSAGE][PASSED] - Text 'dummy reply title' is set on object 'Object Repository/AppleBusinessChat/title'&#xD;
&#xD;
2020-10-01 13:13:02 - [MESSAGE][PASSED] - platform.AppleBusinessChat.setListPickerTitle is PASSED&#xD;
&#xD;
2020-10-01 13:13:02 - [TEST_STEP][PASSED] - platform.Method.clickOnElement(findTestObject("AppleBusinessChat/listSection")): platform.Method.clickOnElement is PASSED&#xD;
&#xD;
2020-10-01 13:13:05 - [MESSAGE][PASSED] - platform.Method.clickOnElement is PASSED&#xD;
&#xD;
2020-10-01 13:13:05 - [TEST_STEP][PASSED] - platform.AppleBusinessChat.setListTitle("1", ""): platform.AppleBusinessChat.setListTitle is PASSED&#xD;
&#xD;
2020-10-01 13:13:10 - [MESSAGE][PASSED] - Text '' is set on object 'Object Repository/AppleBusinessChat/listTitle'&#xD;
&#xD;
2020-10-01 13:13:10 - [MESSAGE][PASSED] - platform.AppleBusinessChat.setListTitle is PASSED&#xD;
&#xD;
2020-10-01 13:13:10 - [TEST_STEP][PASSED] - platform.Method.removeFocus(findTestObject("AppleBusinessChat/listTitle", ["index":"1"])): platform.Method.removeFocus is PASSED&#xD;
&#xD;
2020-10-01 13:13:13 - [MESSAGE][PASSED] - platform.Method.removeFocus is PASSED&#xD;
&#xD;
2020-10-01 13:13:13 - [TEST_STEP][PASSED] - verifyElementPresent(findTestObject("WEB_OBJECTS/alertRequired"), 20, CONTINUE_ON_FAILURE): Object 'Object Repository/WEB_OBJECTS/alertRequired' is present&#xD;
&#xD;
2020-10-01 13:13:14 - [MESSAGE][PASSED] - Object 'Object Repository/WEB_OBJECTS/alertRequired' is present&#xD;
&#xD;
2020-10-01 13:13:14 - [TEST_STEP][PASSED] - platform.AppleBusinessChat.setListTitle("1", " "): platform.AppleBusinessChat.setListTitle is PASSED&#xD;
&#xD;
2020-10-01 13:13:20 - [MESSAGE][PASSED] - Text ' ' is set on object 'Object Repository/AppleBusinessChat/listTitle'&#xD;
&#xD;
2020-10-01 13:13:20 - [MESSAGE][PASSED] - platform.AppleBusinessChat.setListTitle is PASSED&#xD;
&#xD;
2020-10-01 13:13:20 - [TEST_STEP][PASSED] - platform.Method.removeFocus(findTestObject("AppleBusinessChat/listTitle", ["index":"1"])): platform.Method.removeFocus is PASSED&#xD;
&#xD;
2020-10-01 13:13:22 - [MESSAGE][PASSED] - platform.Method.removeFocus is PASSED&#xD;
&#xD;
2020-10-01 13:13:22 - [TEST_STEP][PASSED] - verifyElementPresent(findTestObject("WEB_OBJECTS/alertInvalidData"), 20, CONTINUE_ON_FAILURE): Object 'Object Repository/WEB_OBJECTS/alertInvalidData' is present&#xD;
&#xD;
2020-10-01 13:13:23 - [MESSAGE][PASSED] - Object 'Object Repository/WEB_OBJECTS/alertInvalidData' is present&#xD;
&#xD;
2020-10-01 13:13:23 - [TEST_STEP][PASSED] - platform.AppleBusinessChat.setListTitle("1", testData): platform.AppleBusinessChat.setListTitle is PASSED&#xD;
&#xD;
2020-10-01 13:13:45 - [MESSAGE][PASSED] - Text 'I want to test that number of characters in this sentence so that a maximum of 512 character can be known. I want to test that number of characters in this sentence so that a maximum of 512 character can be known. I want to test that number of characters in this sentence so that a maximum of 512 character can be known. I want to test that number of characters in this sentence so that a maximum of 512 character can be known. I want to test that number of characters in this sentence so that a maximum of 512...' is set on object 'Object Repository/AppleBusinessChat/listTitle'&#xD;
&#xD;
2020-10-01 13:13:45 - [MESSAGE][PASSED] - platform.AppleBusinessChat.setListTitle is PASSED&#xD;
&#xD;
2020-10-01 13:13:45 - [TEST_STEP][PASSED] - verifyElementPresent(findTestObject("WEB_OBJECTS/alertMaxCharacter"), 20, CONTINUE_ON_FAILURE): Object 'Object Repository/WEB_OBJECTS/alertMaxCharacter' is present&#xD;
&#xD;
2020-10-01 13:13:46 - [MESSAGE][PASSED] - Object 'Object Repository/WEB_OBJECTS/alertMaxCharacter' is present&#xD;
&#xD;
2020-10-01 13:13:46 - [TEST_STEP][PASSED] - platform.AppleBusinessChat.setListTitle("1", "dummy list title"): platform.AppleBusinessChat.setListTitle is PASSED&#xD;
&#xD;
2020-10-01 13:13:53 - [MESSAGE][PASSED] - Text 'dummy list title' is set on object 'Object Repository/AppleBusinessChat/listTitle'&#xD;
&#xD;
2020-10-01 13:13:53 - [MESSAGE][PASSED] - platform.AppleBusinessChat.setListTitle is PASSED&#xD;
&#xD;
2020-10-01 13:13:53 - [TEST_STEP][PASSED] - platform.AppleBusinessChat.setListItemTitle("1", ""): platform.AppleBusinessChat.setListItemTitle is PASSED&#xD;
&#xD;
2020-10-01 13:13:58 - [MESSAGE][PASSED] - Text '' is set on object 'Object Repository/AppleBusinessChat/itemTitle'&#xD;
&#xD;
2020-10-01 13:13:58 - [MESSAGE][PASSED] - platform.AppleBusinessChat.setListItemTitle is PASSED&#xD;
&#xD;
2020-10-01 13:13:58 - [TEST_STEP][PASSED] - platform.Method.removeFocus(findTestObject("AppleBusinessChat/itemTitle", ["index":"1"])): platform.Method.removeFocus is PASSED&#xD;
&#xD;
2020-10-01 13:14:00 - [MESSAGE][PASSED] - platform.Method.removeFocus is PASSED&#xD;
&#xD;
2020-10-01 13:14:00 - [TEST_STEP][PASSED] - verifyElementPresent(findTestObject("WEB_OBJECTS/alertRequired"), 20, CONTINUE_ON_FAILURE): Object 'Object Repository/WEB_OBJECTS/alertRequired' is present&#xD;
&#xD;
2020-10-01 13:14:02 - [MESSAGE][PASSED] - Object 'Object Repository/WEB_OBJECTS/alertRequired' is present&#xD;
&#xD;
2020-10-01 13:14:02 - [TEST_STEP][PASSED] - platform.AppleBusinessChat.setListItemTitle("1", " "): platform.AppleBusinessChat.setListItemTitle is PASSED&#xD;
&#xD;
2020-10-01 13:14:07 - [MESSAGE][PASSED] - Text ' ' is set on object 'Object Repository/AppleBusinessChat/itemTitle'&#xD;
&#xD;
2020-10-01 13:14:07 - [MESSAGE][PASSED] - platform.AppleBusinessChat.setListItemTitle is PASSED&#xD;
&#xD;
2020-10-01 13:14:07 - [TEST_STEP][PASSED] - platform.Method.removeFocus(findTestObject("AppleBusinessChat/itemTitle", ["index":"1"])): platform.Method.removeFocus is PASSED&#xD;
&#xD;
2020-10-01 13:14:10 - [MESSAGE][PASSED] - platform.Method.removeFocus is PASSED&#xD;
&#xD;
2020-10-01 13:14:10 - [TEST_STEP][PASSED] - verifyElementPresent(findTestObject("WEB_OBJECTS/alertInvalidData"), 20, CONTINUE_ON_FAILURE): Object 'Object Repository/WEB_OBJECTS/alertInvalidData' is present&#xD;
&#xD;
2020-10-01 13:14:11 - [MESSAGE][PASSED] - Object 'Object Repository/WEB_OBJECTS/alertInvalidData' is present&#xD;
&#xD;
2020-10-01 13:14:11 - [TEST_STEP][PASSED] - platform.AppleBusinessChat.setListItemTitle("1", testData): platform.AppleBusinessChat.setListItemTitle is PASSED&#xD;
&#xD;
2020-10-01 13:14:38 - [MESSAGE][PASSED] - Text 'I want to test that number of characters in this sentence so that a maximum of 512 character can be known. I want to test that number of characters in this sentence so that a maximum of 512 character can be known. I want to test that number of characters in this sentence so that a maximum of 512 character can be known. I want to test that number of characters in this sentence so that a maximum of 512 character can be known. I want to test that number of characters in this sentence so that a maximum of 512...' is set on object 'Object Repository/AppleBusinessChat/itemTitle'&#xD;
&#xD;
2020-10-01 13:14:38 - [MESSAGE][PASSED] - platform.AppleBusinessChat.setListItemTitle is PASSED&#xD;
&#xD;
2020-10-01 13:14:38 - [TEST_STEP][PASSED] - verifyElementPresent(findTestObject("WEB_OBJECTS/alertMaxCharacter"), 20, CONTINUE_ON_FAILURE): Object 'Object Repository/WEB_OBJECTS/alertMaxCharacter' is present&#xD;
&#xD;
2020-10-01 13:14:39 - [MESSAGE][PASSED] - Object 'Object Repository/WEB_OBJECTS/alertMaxCharacter' is present&#xD;
&#xD;
2020-10-01 13:14:39 - [TEST_STEP][PASSED] - platform.AppleBusinessChat.setListItemTitle("1", "dummy list item title"): platform.AppleBusinessChat.setListItemTitle is PASSED&#xD;
&#xD;
2020-10-01 13:14:45 - [MESSAGE][PASSED] - Text 'dummy list item title' is set on object 'Object Repository/AppleBusinessChat/itemTitle'&#xD;
&#xD;
2020-10-01 13:14:45 - [MESSAGE][PASSED] - platform.AppleBusinessChat.setListItemTitle is PASSED&#xD;
&#xD;
2020-10-01 13:14:45 - [TEST_STEP][PASSED] - assert getText().contains("dummy list item title") == true: null&#xD;
&#xD;
2020-10-01 13:14:48 - [TEST_STEP][PASSED] - platform.AppleBusinessChat.setItemIdentifier("1", ""): platform.AppleBusinessChat.setItemIdentifier is PASSED&#xD;
&#xD;
2020-10-01 13:14:54 - [MESSAGE][PASSED] - Text '' is set on object 'Object Repository/AppleBusinessChat/listItemIdentifier'&#xD;
&#xD;
2020-10-01 13:14:54 - [MESSAGE][PASSED] - platform.AppleBusinessChat.setItemIdentifier is PASSED&#xD;
&#xD;
2020-10-01 13:14:54 - [TEST_STEP][PASSED] - platform.Method.removeFocus(findTestObject("AppleBusinessChat/listItemIdentifier", ["index":"1"])): platform.Method.removeFocus is PASSED&#xD;
&#xD;
2020-10-01 13:14:56 - [MESSAGE][PASSED] - platform.Method.removeFocus is PASSED&#xD;
&#xD;
2020-10-01 13:14:56 - [TEST_STEP][PASSED] - verifyElementPresent(findTestObject("WEB_OBJECTS/alertRequired"), 20, CONTINUE_ON_FAILURE): Object 'Object Repository/WEB_OBJECTS/alertRequired' is present&#xD;
&#xD;
2020-10-01 13:14:57 - [MESSAGE][PASSED] - Object 'Object Repository/WEB_OBJECTS/alertRequired' is present&#xD;
&#xD;
2020-10-01 13:14:57 - [TEST_STEP][PASSED] - platform.AppleBusinessChat.setItemIdentifier("1", " "): platform.AppleBusinessChat.setItemIdentifier is PASSED&#xD;
&#xD;
2020-10-01 13:15:03 - [MESSAGE][PASSED] - Text ' ' is set on object 'Object Repository/AppleBusinessChat/listItemIdentifier'&#xD;
&#xD;
2020-10-01 13:15:03 - [MESSAGE][PASSED] - platform.AppleBusinessChat.setItemIdentifier is PASSED&#xD;
&#xD;
2020-10-01 13:15:03 - [TEST_STEP][PASSED] - platform.Method.removeFocus(findTestObject("AppleBusinessChat/listItemIdentifier", ["index":"1"])): platform.Method.removeFocus is PASSED&#xD;
&#xD;
2020-10-01 13:15:05 - [MESSAGE][PASSED] - platform.Method.removeFocus is PASSED&#xD;
&#xD;
2020-10-01 13:15:05 - [TEST_STEP][PASSED] - verifyElementPresent(findTestObject("WEB_OBJECTS/alertInvalidData"), 20, CONTINUE_ON_FAILURE): Object 'Object Repository/WEB_OBJECTS/alertInvalidData' is present&#xD;
&#xD;
2020-10-01 13:15:07 - [MESSAGE][PASSED] - Object 'Object Repository/WEB_OBJECTS/alertInvalidData' is present&#xD;
&#xD;
2020-10-01 13:15:07 - [TEST_STEP][PASSED] - platform.AppleBusinessChat.setItemIdentifier("1", "dummy list item title"): platform.AppleBusinessChat.setItemIdentifier is PASSED&#xD;
&#xD;
2020-10-01 13:15:14 - [MESSAGE][PASSED] - Text 'dummy list item title' is set on object 'Object Repository/AppleBusinessChat/listItemIdentifier'&#xD;
&#xD;
2020-10-01 13:15:14 - [MESSAGE][PASSED] - platform.AppleBusinessChat.setItemIdentifier is PASSED</system-out>
            <system-err></system-err>
        </testcase>
        <system-out>2020-10-01 12:39:49 - [TEST_SUITE][INCOMPLETE] - FAQ_SSO: null</system-out>
        <system-err>2020-10-01 12:39:49 - [TEST_SUITE][INCOMPLETE] - FAQ_SSO: null</system-err>
    </testsuite>
</testsuites>
