<?xml version="1.0" encoding="UTF-8" standalone="yes"?>
<testsuites name="faqSuiteE2E" time="2662" tests="22" failures="0" errors="1">
    <testsuite name="faqSuiteE2E" tests="22" failures="0" errors="1" time="2662" timestamp="2020-06-30 09:08:06" hostname="narendra.n - WLPT580.imidomain.com" id="Test Suites/faqSuiteE2E">
        <properties>
            <property name="deviceName" value=""/>
            <property name="devicePlatform" value=""/>
            <property name="logFolder" value="D:\\IMIbot.ai-Project\\Reports\\20200630_090743\\faqSuiteE2E\\20200630_090745"/>
            <property name="logFiles" value="D:\\IMIbot.ai-Project\\Reports\\20200630_090743\\faqSuiteE2E\\20200630_090745\\execution0.log"/>
            <property name="attachments" value="D:\\IMIbot.ai-Project\\Reports\\20200630_090743\\faqSuiteE2E\\20200630_090745\\1593488691864.png, D:\\IMIbot.ai-Project\\Reports\\20200630_090743\\faqSuiteE2E\\20200630_090745\\1593490822764.png"/>
            <property name="hostName" value="narendra.n - WLPT580.imidomain.com"/>
            <property name="os" value="Windows 8.1 64bit"/>
            <property name="katalonVersion" value="6.3.3.11"/>
            <property name="browser" value="Chrome 83.0.4103.116"/>
            <property name="hostAddress" value="192.168.1.4"/>
            <property name="sessionId" value="2db5dfe0f84e5814e4a49055ea0318f3"/>
            <property name="seleniumVersion" value="3.141.59"/>
            <property name="proxyInformation" value="ProxyInformation{proxyOption=NO_PROXY, proxyServerType=HTTP, password=, proxyServerAddress=, proxyServerPort=0}"/>
            <property name="platform" value="Windows 8.1"/>
        </properties>
        <testcase name="Test Cases/Faqbot/botCreation_Test" classname="Test Cases/Faqbot/botCreation_Test" status="PASSED">
            <system-out>2020-06-30 09:08:11 - [TEST_CASE][PASSED] - Test Cases/Faqbot/botCreation_Test: Test Cases/Faqbot/botCreation_Test&#xD;
&#xD;
2020-06-30 09:08:17 - [TEST_STEP][PASSED] - Start listener action : setUp: Current window maximized&#xD;
&#xD;
2020-06-30 09:08:17 - [TEST_STEP][PASSED] - openBrowser(URL): Browser is opened with url: 'imibot.ai'&#xD;
&#xD;
2020-06-30 09:08:20 - [MESSAGE][INFO] - Starting 'Chrome' driver&#xD;
&#xD;
2020-06-30 09:08:20 - [MESSAGE][INFO] - User set preference: ['args', '[--start-maximized]']&#xD;
&#xD;
2020-06-30 09:08:21 - [MESSAGE][INFO] - Action delay is set to 1 seconds&#xD;
&#xD;
2020-06-30 09:08:47 - [MESSAGE][PASSED] - Browser is opened with url: 'imibot.ai'&#xD;
&#xD;
2020-06-30 09:08:47 - [TEST_STEP][PASSED] - maximizeWindow(): Current window maximized&#xD;
&#xD;
2020-06-30 09:08:49 - [MESSAGE][PASSED] - Current window maximized&#xD;
&#xD;
2020-06-30 09:08:51 - [TEST_STEP][PASSED] - callTestCase(findTestCase("Generic/successfulLogin_Test"), [:], STOP_ON_FAILURE): Call Test Case 'Test Cases/Generic/successfulLogin_Test' successfully&#xD;
&#xD;
2020-06-30 09:08:51 - [TEST_CASE][PASSED] - Test Cases/Generic/successfulLogin_Test: Test Cases/Generic/successfulLogin_Test&#xD;
&#xD;
2020-06-30 09:08:52 - [TEST_STEP][PASSED] - sendKeys(findTestObject("Input/username"), username): Keys 'narendra.n@imimobile.com' sent to object: 'Object Repository/Input/username'&#xD;
&#xD;
2020-06-30 09:08:57 - [MESSAGE][PASSED] - Keys 'narendra.n@imimobile.com' sent to object: 'Object Repository/Input/username'&#xD;
&#xD;
2020-06-30 09:08:57 - [TEST_STEP][PASSED] - sendKeys(findTestObject("Input/password"), password): Keys 'Test@2020' sent to object: 'Object Repository/Input/password'&#xD;
&#xD;
2020-06-30 09:09:02 - [MESSAGE][PASSED] - Keys 'Test@2020' sent to object: 'Object Repository/Input/password'&#xD;
&#xD;
2020-06-30 09:09:02 - [TEST_STEP][PASSED] - click(findTestObject("Button/signIn")): Object: 'Object Repository/Button/signIn' is clicked on&#xD;
&#xD;
2020-06-30 09:09:06 - [MESSAGE][PASSED] - Object: 'Object Repository/Button/signIn' is clicked on&#xD;
&#xD;
2020-06-30 09:09:06 - [TEST_STEP][PASSED] - if (!(waitForElementPresent(findTestObject("Button/createBot"), 30, OPTIONAL))): Object 'Object Repository/Button/createBot' is present&#xD;
&#xD;
2020-06-30 09:09:25 - [MESSAGE][PASSED] - Object 'Object Repository/Button/createBot' is present&#xD;
&#xD;
2020-06-30 09:09:25 - [MESSAGE][PASSED] - Call Test Case 'Test Cases/Generic/successfulLogin_Test' successfully&#xD;
&#xD;
2020-06-30 09:09:25 - [TEST_STEP][PASSED] - platform.Method.clickOnElement(findTestObject("Button/createBot")): platform.Method.clickOnElement is PASSED&#xD;
&#xD;
2020-06-30 09:09:29 - [MESSAGE][PASSED] - platform.Method.clickOnElement is PASSED&#xD;
&#xD;
2020-06-30 09:09:29 - [TEST_STEP][PASSED] - sendKeys(findTestObject("Input/botName"), nameOfTheBot): Keys 'PROD BankBot 2020' sent to object: 'Object Repository/Input/botName'&#xD;
&#xD;
2020-06-30 09:09:35 - [MESSAGE][PASSED] - Keys 'PROD BankBot 2020' sent to object: 'Object Repository/Input/botName'&#xD;
&#xD;
2020-06-30 09:09:35 - [TEST_STEP][PASSED] - platform.Method.clickOnElement(findTestObject("Toggle/feedback")): platform.Method.clickOnElement is PASSED&#xD;
&#xD;
2020-06-30 09:09:37 - [MESSAGE][PASSED] - platform.Method.clickOnElement is PASSED&#xD;
&#xD;
2020-06-30 09:09:37 - [TEST_STEP][PASSED] - platform.Method.clickOnElement(findTestObject("Button/done")): platform.Method.clickOnElement is PASSED&#xD;
&#xD;
2020-06-30 09:09:40 - [MESSAGE][PASSED] - platform.Method.clickOnElement is PASSED&#xD;
&#xD;
2020-06-30 09:09:40 - [TEST_STEP][PASSED] - waitForElementVisible(findTestObject("Generic/articleState"), 45, OPTIONAL): Object 'Object Repository/Generic/articleState' is visible&#xD;
&#xD;
2020-06-30 09:09:50 - [MESSAGE][PASSED] - Object 'Object Repository/Generic/articleState' is visible&#xD;
&#xD;
2020-06-30 09:09:50 - [TEST_STEP][PASSED] - verifyElementText(findTestObject("Generic/articleState"), "Trained", STOP_ON_FAILURE): Actual text and expected text of test object 'Object Repository/Generic/articleState' are matched.&#xD;
&#xD;
2020-06-30 09:09:53 - [MESSAGE][PASSED] - Actual text and expected text of test object 'Object Repository/Generic/articleState' are matched.</system-out>
            <system-err></system-err>
        </testcase>
        <testcase name="Test Cases/Faqbot/botSideOptionsNavigation_Test" classname="Test Cases/Faqbot/botSideOptionsNavigation_Test" status="PASSED">
            <system-out>2020-06-30 09:09:53 - [TEST_CASE][PASSED] - Test Cases/Faqbot/botSideOptionsNavigation_Test: Test Cases/Faqbot/botSideOptionsNavigation_Test&#xD;
&#xD;
2020-06-30 09:09:53 - [TEST_STEP][PASSED] - Start listener action : setUp: Current window maximized&#xD;
&#xD;
2020-06-30 09:09:53 - [TEST_STEP][PASSED] - openBrowser(URL): Browser is opened with url: 'imibot.ai'&#xD;
&#xD;
2020-06-30 09:09:53 - [MESSAGE][WARNING] - A browser is already opened. Closing browser and opening a new one&#xD;
&#xD;
2020-06-30 09:10:00 - [MESSAGE][INFO] - Starting 'Chrome' driver&#xD;
&#xD;
2020-06-30 09:10:00 - [MESSAGE][INFO] - User set preference: ['args', '[--start-maximized]']&#xD;
&#xD;
2020-06-30 09:10:14 - [MESSAGE][PASSED] - Browser is opened with url: 'imibot.ai'&#xD;
&#xD;
2020-06-30 09:10:14 - [TEST_STEP][PASSED] - maximizeWindow(): Current window maximized&#xD;
&#xD;
2020-06-30 09:10:16 - [MESSAGE][PASSED] - Current window maximized&#xD;
&#xD;
2020-06-30 09:10:18 - [TEST_STEP][PASSED] - callTestCase(findTestCase("Generic/successfulLogin_Test"), [:], STOP_ON_FAILURE): Call Test Case 'Test Cases/Generic/successfulLogin_Test' successfully&#xD;
&#xD;
2020-06-30 09:10:18 - [TEST_CASE][PASSED] - Test Cases/Generic/successfulLogin_Test: Test Cases/Generic/successfulLogin_Test&#xD;
&#xD;
2020-06-30 09:10:18 - [TEST_STEP][PASSED] - sendKeys(findTestObject("Input/username"), username): Keys 'narendra.n@imimobile.com' sent to object: 'Object Repository/Input/username'&#xD;
&#xD;
2020-06-30 09:10:25 - [MESSAGE][PASSED] - Keys 'narendra.n@imimobile.com' sent to object: 'Object Repository/Input/username'&#xD;
&#xD;
2020-06-30 09:10:25 - [TEST_STEP][PASSED] - sendKeys(findTestObject("Input/password"), password): Keys 'Test@2020' sent to object: 'Object Repository/Input/password'&#xD;
&#xD;
2020-06-30 09:10:28 - [MESSAGE][PASSED] - Keys 'Test@2020' sent to object: 'Object Repository/Input/password'&#xD;
&#xD;
2020-06-30 09:10:28 - [TEST_STEP][PASSED] - click(findTestObject("Button/signIn")): Object: 'Object Repository/Button/signIn' is clicked on&#xD;
&#xD;
2020-06-30 09:10:30 - [MESSAGE][PASSED] - Object: 'Object Repository/Button/signIn' is clicked on&#xD;
&#xD;
2020-06-30 09:10:30 - [TEST_STEP][PASSED] - if (!(waitForElementPresent(findTestObject("Button/createBot"), 30, OPTIONAL))): Object 'Object Repository/Button/createBot' is present&#xD;
&#xD;
2020-06-30 09:10:44 - [MESSAGE][PASSED] - Object 'Object Repository/Button/createBot' is present&#xD;
&#xD;
2020-06-30 09:10:44 - [MESSAGE][PASSED] - Call Test Case 'Test Cases/Generic/successfulLogin_Test' successfully&#xD;
&#xD;
2020-06-30 09:10:44 - [TEST_STEP][PASSED] - platform.Method.navigateToBot("Q&amp;A bots", FAQ_BOT): platform.Method.navigateToBot is PASSED&#xD;
&#xD;
2020-06-30 09:10:46 - [MESSAGE][PASSED] - Object 'Object Repository/Button/createBot' is present&#xD;
&#xD;
2020-06-30 09:10:49 - [MESSAGE][INFO] - Performing click action on bot&#xD;
&#xD;
2020-06-30 09:10:51 - [MESSAGE][PASSED] - platform.Method.navigateToBot is PASSED&#xD;
&#xD;
2020-06-30 09:10:51 - [TEST_STEP][PASSED] - waitForElementPresent(findTestObject("Generic/webObjectWithText", ["textValue":"Bot configuration"]), 10, STOP_ON_FAILURE): Object 'Object Repository/Generic/webObjectWithText' is present&#xD;
&#xD;
2020-06-30 09:10:56 - [MESSAGE][PASSED] - Object 'Object Repository/Generic/webObjectWithText' is present&#xD;
&#xD;
2020-06-30 09:10:56 - [TEST_STEP][PASSED] - platform.Method.clickOnElement(findTestObject("Generic/webObjectWithText", ["textValue":"Management"])): platform.Method.clickOnElement is PASSED&#xD;
&#xD;
2020-06-30 09:10:58 - [MESSAGE][PASSED] - platform.Method.clickOnElement is PASSED&#xD;
&#xD;
2020-06-30 09:10:58 - [TEST_STEP][PASSED] - waitForElementPresent(findTestObject("Generic/webObjectWithText", ["textValue":"Bot status"]), 10, STOP_ON_FAILURE): Object 'Object Repository/Generic/webObjectWithText' is present&#xD;
&#xD;
2020-06-30 09:10:59 - [MESSAGE][PASSED] - Object 'Object Repository/Generic/webObjectWithText' is present&#xD;
&#xD;
2020-06-30 09:10:59 - [TEST_STEP][PASSED] - platform.Method.clickOnElement(findTestObject("Generic/webObjectWithText", ["textValue":"Security"])): platform.Method.clickOnElement is PASSED&#xD;
&#xD;
2020-06-30 09:11:02 - [MESSAGE][PASSED] - platform.Method.clickOnElement is PASSED&#xD;
&#xD;
2020-06-30 09:11:02 - [TEST_STEP][PASSED] - verifyElementPresent(findTestObject("NewRepo/inputConsentDisclaimer"), 10, STOP_ON_FAILURE): Object 'Object Repository/NewRepo/inputConsentDisclaimer' is present&#xD;
&#xD;
2020-06-30 09:11:04 - [MESSAGE][PASSED] - Object 'Object Repository/NewRepo/inputConsentDisclaimer' is present&#xD;
&#xD;
2020-06-30 09:11:04 - [TEST_STEP][PASSED] - platform.Method.clickOnElement(findTestObject("Generic/webObjectWithText", ["textValue":"Handover and Inference"])): platform.Method.clickOnElement is PASSED&#xD;
&#xD;
2020-06-30 09:11:07 - [MESSAGE][PASSED] - platform.Method.clickOnElement is PASSED&#xD;
&#xD;
2020-06-30 09:11:07 - [TEST_STEP][PASSED] - waitForElementPresent(findTestObject("Generic/webObjectWithText", ["textValue":"Inference"]), 10, STOP_ON_FAILURE): Object 'Object Repository/Generic/webObjectWithText' is present&#xD;
&#xD;
2020-06-30 09:11:09 - [MESSAGE][PASSED] - Object 'Object Repository/Generic/webObjectWithText' is present&#xD;
&#xD;
2020-06-30 09:11:09 - [TEST_STEP][PASSED] - platform.Method.clickOnElement(findTestObject("Generic/webObjectWithText", ["textValue":"Integrations"])): platform.Method.clickOnElement is PASSED&#xD;
&#xD;
2020-06-30 09:11:12 - [MESSAGE][PASSED] - platform.Method.clickOnElement is PASSED&#xD;
&#xD;
2020-06-30 09:11:12 - [TEST_STEP][PASSED] - waitForElementPresent(findTestObject("Generic/webObjectWithText", ["textValue":"Chat Agent Platforms"]), 10, STOP_ON_FAILURE): Object 'Object Repository/Generic/webObjectWithText' is present&#xD;
&#xD;
2020-06-30 09:11:14 - [MESSAGE][PASSED] - Object 'Object Repository/Generic/webObjectWithText' is present&#xD;
&#xD;
2020-06-30 09:11:14 - [TEST_STEP][PASSED] - platform.Method.clickOnElement(findTestObject("Generic/nlp")): platform.Method.clickOnElement is PASSED&#xD;
&#xD;
2020-06-30 09:11:18 - [MESSAGE][PASSED] - platform.Method.clickOnElement is PASSED&#xD;
&#xD;
2020-06-30 09:11:18 - [TEST_STEP][PASSED] - waitForElementPresent(findTestObject("Generic/webObjectWithText", ["textValue":"Input recognition"]), 10, STOP_ON_FAILURE): Object 'Object Repository/Generic/webObjectWithText' is present&#xD;
&#xD;
2020-06-30 09:11:19 - [MESSAGE][PASSED] - Object 'Object Repository/Generic/webObjectWithText' is present&#xD;
&#xD;
2020-06-30 09:11:19 - [TEST_STEP][PASSED] - platform.Method.clickOnElement(findTestObject("Generic/webObjectWithText", ["textValue":"Knowledge base"])): platform.Method.clickOnElement is PASSED&#xD;
&#xD;
2020-06-30 09:11:21 - [MESSAGE][PASSED] - platform.Method.clickOnElement is PASSED&#xD;
&#xD;
2020-06-30 09:11:21 - [TEST_STEP][PASSED] - verifyElementPresent(findTestObject("NewRepo/newConceptBtn"), 10, STOP_ON_FAILURE): Object 'Object Repository/NewRepo/newConceptBtn' is present&#xD;
&#xD;
2020-06-30 09:11:23 - [MESSAGE][PASSED] - Object 'Object Repository/NewRepo/newConceptBtn' is present&#xD;
&#xD;
2020-06-30 09:11:23 - [TEST_STEP][PASSED] - platform.Method.clickOnElement(findTestObject("Generic/articles")): platform.Method.clickOnElement is PASSED&#xD;
&#xD;
2020-06-30 09:11:25 - [MESSAGE][PASSED] - platform.Method.clickOnElement is PASSED&#xD;
&#xD;
2020-06-30 09:11:25 - [TEST_STEP][PASSED] - waitForElementPresent(findTestObject("Generic/webObjectWithText", ["textValue":"Knowledge base"]), 10, STOP_ON_FAILURE): Object 'Object Repository/Generic/webObjectWithText' is present&#xD;
&#xD;
2020-06-30 09:11:27 - [MESSAGE][PASSED] - Object 'Object Repository/Generic/webObjectWithText' is present&#xD;
&#xD;
2020-06-30 09:11:27 - [TEST_STEP][PASSED] - platform.Method.clickOnElement(findTestObject("Generic/webObjectWithText", ["textValue":"Curation"])): platform.Method.clickOnElement is PASSED&#xD;
&#xD;
2020-06-30 09:11:30 - [MESSAGE][PASSED] - platform.Method.clickOnElement is PASSED&#xD;
&#xD;
2020-06-30 09:11:30 - [TEST_STEP][PASSED] - waitForElementPresent(findTestObject("Generic/webObjectWithText", ["textValue":"Unresolved issues"]), 10, STOP_ON_FAILURE): Object 'Object Repository/Generic/webObjectWithText' is present&#xD;
&#xD;
2020-06-30 09:11:32 - [MESSAGE][PASSED] - Object 'Object Repository/Generic/webObjectWithText' is present&#xD;
&#xD;
2020-06-30 09:11:32 - [TEST_STEP][PASSED] - platform.Method.clickOnElement(findTestObject("Generic/session")): platform.Method.clickOnElement is PASSED&#xD;
&#xD;
2020-06-30 09:11:36 - [MESSAGE][PASSED] - platform.Method.clickOnElement is PASSED&#xD;
&#xD;
2020-06-30 09:11:36 - [TEST_STEP][PASSED] - waitForElementPresent(findTestObject("Generic/webObjectWithText", ["textValue":"Conversations"]), 10, STOP_ON_FAILURE): Object 'Object Repository/Generic/webObjectWithText' is present&#xD;
&#xD;
2020-06-30 09:11:38 - [MESSAGE][PASSED] - Object 'Object Repository/Generic/webObjectWithText' is present&#xD;
&#xD;
2020-06-30 09:11:38 - [TEST_STEP][PASSED] - platform.Method.clickOnElement(findTestObject("Generic/webObjectWithText", ["textValue":"History"])): platform.Method.clickOnElement is PASSED&#xD;
&#xD;
2020-06-30 09:11:41 - [MESSAGE][PASSED] - platform.Method.clickOnElement is PASSED&#xD;
&#xD;
2020-06-30 09:11:41 - [TEST_STEP][PASSED] - waitForElementPresent(findTestObject("Generic/webObjectWithText", ["textValue":"History"]), 10, STOP_ON_FAILURE): Object 'Object Repository/Generic/webObjectWithText' is present&#xD;
&#xD;
2020-06-30 09:11:43 - [MESSAGE][PASSED] - Object 'Object Repository/Generic/webObjectWithText' is present</system-out>
            <system-err></system-err>
        </testcase>
        <testcase name="Test Cases/Faqbot/updateBotConfig_Test" classname="Test Cases/Faqbot/updateBotConfig_Test" status="PASSED">
            <system-out>2020-06-30 09:11:43 - [TEST_CASE][PASSED] - Test Cases/Faqbot/updateBotConfig_Test: Test Cases/Faqbot/updateBotConfig_Test&#xD;
&#xD;
2020-06-30 09:11:47 - [TEST_STEP][PASSED] - Start listener action : setUp: Current window maximized&#xD;
&#xD;
2020-06-30 09:11:47 - [TEST_STEP][PASSED] - openBrowser(URL): Browser is opened with url: 'imibot.ai'&#xD;
&#xD;
2020-06-30 09:11:47 - [MESSAGE][WARNING] - A browser is already opened. Closing browser and opening a new one&#xD;
&#xD;
2020-06-30 09:11:52 - [MESSAGE][INFO] - Starting 'Chrome' driver&#xD;
&#xD;
2020-06-30 09:11:52 - [MESSAGE][INFO] - User set preference: ['args', '[--start-maximized]']&#xD;
&#xD;
2020-06-30 09:12:14 - [MESSAGE][PASSED] - Browser is opened with url: 'imibot.ai'&#xD;
&#xD;
2020-06-30 09:12:14 - [TEST_STEP][PASSED] - maximizeWindow(): Current window maximized&#xD;
&#xD;
2020-06-30 09:12:16 - [MESSAGE][PASSED] - Current window maximized&#xD;
&#xD;
2020-06-30 09:12:18 - [TEST_STEP][PASSED] - callTestCase(findTestCase("Generic/successfulLogin_Test"), [:], STOP_ON_FAILURE): Call Test Case 'Test Cases/Generic/successfulLogin_Test' successfully&#xD;
&#xD;
2020-06-30 09:12:18 - [TEST_CASE][PASSED] - Test Cases/Generic/successfulLogin_Test: Test Cases/Generic/successfulLogin_Test&#xD;
&#xD;
2020-06-30 09:12:18 - [TEST_STEP][PASSED] - sendKeys(findTestObject("Input/username"), username): Keys 'narendra.n@imimobile.com' sent to object: 'Object Repository/Input/username'&#xD;
&#xD;
2020-06-30 09:12:24 - [MESSAGE][PASSED] - Keys 'narendra.n@imimobile.com' sent to object: 'Object Repository/Input/username'&#xD;
&#xD;
2020-06-30 09:12:24 - [TEST_STEP][PASSED] - sendKeys(findTestObject("Input/password"), password): Keys 'Test@2020' sent to object: 'Object Repository/Input/password'&#xD;
&#xD;
2020-06-30 09:12:28 - [MESSAGE][PASSED] - Keys 'Test@2020' sent to object: 'Object Repository/Input/password'&#xD;
&#xD;
2020-06-30 09:12:28 - [TEST_STEP][PASSED] - click(findTestObject("Button/signIn")): Object: 'Object Repository/Button/signIn' is clicked on&#xD;
&#xD;
2020-06-30 09:12:32 - [MESSAGE][PASSED] - Object: 'Object Repository/Button/signIn' is clicked on&#xD;
&#xD;
2020-06-30 09:12:32 - [TEST_STEP][PASSED] - if (!(waitForElementPresent(findTestObject("Button/createBot"), 30, OPTIONAL))): Object 'Object Repository/Button/createBot' is present&#xD;
&#xD;
2020-06-30 09:12:42 - [MESSAGE][PASSED] - Object 'Object Repository/Button/createBot' is present&#xD;
&#xD;
2020-06-30 09:12:42 - [MESSAGE][PASSED] - Call Test Case 'Test Cases/Generic/successfulLogin_Test' successfully&#xD;
&#xD;
2020-06-30 09:12:42 - [TEST_STEP][PASSED] - platform.Method.navigateToBot("Q&amp;A bots", FAQ_BOT): platform.Method.navigateToBot is PASSED&#xD;
&#xD;
2020-06-30 09:12:46 - [MESSAGE][PASSED] - Object 'Object Repository/Button/createBot' is present&#xD;
&#xD;
2020-06-30 09:12:50 - [MESSAGE][INFO] - Performing click action on bot&#xD;
&#xD;
2020-06-30 09:12:53 - [MESSAGE][PASSED] - platform.Method.navigateToBot is PASSED&#xD;
&#xD;
2020-06-30 09:12:53 - [TEST_STEP][PASSED] - setText(findTestObject("Input/botLogo"), botLogo): Text 'https://avaamo.ai/wp-content/uploads/2017/01/chatbotsfuterpswm-300x225.jpg' is set on object 'Object Repository/Input/botLogo'&#xD;
&#xD;
2020-06-30 09:13:05 - [MESSAGE][PASSED] - Text 'https://avaamo.ai/wp-content/uploads/2017/01/chatbotsfuterpswm-300x225.jpg' is set on object 'Object Repository/Input/botLogo'&#xD;
&#xD;
2020-06-30 09:13:05 - [TEST_STEP][PASSED] - platform.Method.clickOnElement(findTestObject("Button/updateBot")): platform.Method.clickOnElement is PASSED&#xD;
&#xD;
2020-06-30 09:13:08 - [MESSAGE][PASSED] - platform.Method.clickOnElement is PASSED&#xD;
&#xD;
2020-06-30 09:13:08 - [TEST_STEP][PASSED] - verifyElementPresent(findTestObject("ICONS/toastMsg"), 15, STOP_ON_FAILURE): Object 'Object Repository/ICONS/toastMsg' is present&#xD;
&#xD;
2020-06-30 09:13:11 - [MESSAGE][PASSED] - Object 'Object Repository/ICONS/toastMsg' is present&#xD;
&#xD;
2020-06-30 09:13:11 - [TEST_STEP][PASSED] - platform.Method.clickOnElement(findTestObject("Generic/articles")): platform.Method.clickOnElement is PASSED&#xD;
&#xD;
2020-06-30 09:13:14 - [MESSAGE][PASSED] - platform.Method.clickOnElement is PASSED&#xD;
&#xD;
2020-06-30 09:13:14 - [TEST_STEP][PASSED] - platform.Method.clickOnElement(findTestObject("Generic/webObjectWithText", ["textValue":"Welcome Message"])): platform.Method.clickOnElement is PASSED&#xD;
&#xD;
2020-06-30 09:13:18 - [MESSAGE][PASSED] - platform.Method.clickOnElement is PASSED&#xD;
&#xD;
2020-06-30 09:13:18 - [TEST_STEP][PASSED] - setText(findTestObject("Input/textResponse"), welcomeMessage): Text 'Hi! I'm your bank bot designed to help you with your basic queries on bank related areas.' is set on object 'Object Repository/Input/textResponse'&#xD;
&#xD;
2020-06-30 09:13:26 - [MESSAGE][PASSED] - Text 'Hi! I'm your bank bot designed to help you with your basic queries on bank related areas.' is set on object 'Object Repository/Input/textResponse'&#xD;
&#xD;
2020-06-30 09:13:26 - [TEST_STEP][PASSED] - platform.Method.clickOnElement(findTestObject("Button/save", ["value":" Save "])): platform.Method.clickOnElement is PASSED&#xD;
&#xD;
2020-06-30 09:13:29 - [MESSAGE][PASSED] - platform.Method.clickOnElement is PASSED&#xD;
&#xD;
2020-06-30 09:13:29 - [TEST_STEP][PASSED] - platform.Method.trainAndComment(comment): platform.Method.trainAndComment is PASSED&#xD;
&#xD;
2020-06-30 09:13:36 - [MESSAGE][INFO] - Unable to find the element located by 'By.xpath: //button[contains(text(),'Train')]'. Please recheck the objects properties to make sure the desired element is located. &#xD;
&#xD;
2020-06-30 09:13:36 - [MESSAGE][INFO] - BOT STATE IS TRAINED&#xD;
&#xD;
2020-06-30 09:13:36 - [MESSAGE][PASSED] - platform.Method.trainAndComment is PASSED&#xD;
&#xD;
2020-06-30 09:13:36 - [TEST_STEP][PASSED] - platform.Method.clickOnElement(findTestObject("Button/preview")): platform.Method.clickOnElement is PASSED&#xD;
&#xD;
2020-06-30 09:13:39 - [MESSAGE][PASSED] - platform.Method.clickOnElement is PASSED&#xD;
&#xD;
2020-06-30 09:13:39 - [TEST_STEP][PASSED] - verifyElementText(findTestObject("Generic/botReponse", ["index":1]), welcomeMessage, STOP_ON_FAILURE): Actual text and expected text of test object 'Object Repository/Generic/botReponse' are matched.&#xD;
&#xD;
2020-06-30 09:13:42 - [MESSAGE][PASSED] - Actual text and expected text of test object 'Object Repository/Generic/botReponse' are matched.</system-out>
            <system-err></system-err>
        </testcase>
        <testcase name="Test Cases/Faqbot/updatePartialMatch_Test" classname="Test Cases/Faqbot/updatePartialMatch_Test" status="PASSED">
            <system-out>2020-06-30 09:13:42 - [TEST_CASE][PASSED] - Test Cases/Faqbot/updatePartialMatch_Test: Test Cases/Faqbot/updatePartialMatch_Test&#xD;
&#xD;
2020-06-30 09:13:42 - [TEST_STEP][PASSED] - Start listener action : setUp: Current window maximized&#xD;
&#xD;
2020-06-30 09:13:43 - [TEST_STEP][PASSED] - openBrowser(URL): Browser is opened with url: 'imibot.ai'&#xD;
&#xD;
2020-06-30 09:13:43 - [MESSAGE][WARNING] - A browser is already opened. Closing browser and opening a new one&#xD;
&#xD;
2020-06-30 09:13:48 - [MESSAGE][INFO] - Starting 'Chrome' driver&#xD;
&#xD;
2020-06-30 09:13:48 - [MESSAGE][INFO] - User set preference: ['args', '[--start-maximized]']&#xD;
&#xD;
2020-06-30 09:14:02 - [MESSAGE][PASSED] - Browser is opened with url: 'imibot.ai'&#xD;
&#xD;
2020-06-30 09:14:02 - [TEST_STEP][PASSED] - maximizeWindow(): Current window maximized&#xD;
&#xD;
2020-06-30 09:14:05 - [MESSAGE][PASSED] - Current window maximized&#xD;
&#xD;
2020-06-30 09:14:05 - [TEST_STEP][PASSED] - callTestCase(findTestCase("Generic/successfulLogin_Test"), [:], STOP_ON_FAILURE): Call Test Case 'Test Cases/Generic/successfulLogin_Test' successfully&#xD;
&#xD;
2020-06-30 09:14:05 - [TEST_CASE][PASSED] - Test Cases/Generic/successfulLogin_Test: Test Cases/Generic/successfulLogin_Test&#xD;
&#xD;
2020-06-30 09:14:05 - [TEST_STEP][PASSED] - sendKeys(findTestObject("Input/username"), username): Keys 'narendra.n@imimobile.com' sent to object: 'Object Repository/Input/username'&#xD;
&#xD;
2020-06-30 09:14:10 - [MESSAGE][PASSED] - Keys 'narendra.n@imimobile.com' sent to object: 'Object Repository/Input/username'&#xD;
&#xD;
2020-06-30 09:14:10 - [TEST_STEP][PASSED] - sendKeys(findTestObject("Input/password"), password): Keys 'Test@2020' sent to object: 'Object Repository/Input/password'&#xD;
&#xD;
2020-06-30 09:14:14 - [MESSAGE][PASSED] - Keys 'Test@2020' sent to object: 'Object Repository/Input/password'&#xD;
&#xD;
2020-06-30 09:14:14 - [TEST_STEP][PASSED] - click(findTestObject("Button/signIn")): Object: 'Object Repository/Button/signIn' is clicked on&#xD;
&#xD;
2020-06-30 09:14:18 - [MESSAGE][PASSED] - Object: 'Object Repository/Button/signIn' is clicked on&#xD;
&#xD;
2020-06-30 09:14:18 - [TEST_STEP][PASSED] - if (!(waitForElementPresent(findTestObject("Button/createBot"), 30, OPTIONAL))): Object 'Object Repository/Button/createBot' is present&#xD;
&#xD;
2020-06-30 09:14:33 - [MESSAGE][PASSED] - Object 'Object Repository/Button/createBot' is present&#xD;
&#xD;
2020-06-30 09:14:33 - [MESSAGE][PASSED] - Call Test Case 'Test Cases/Generic/successfulLogin_Test' successfully&#xD;
&#xD;
2020-06-30 09:14:33 - [TEST_STEP][PASSED] - platform.Method.navigateToBot("Q&amp;A bots", FAQ_BOT): platform.Method.navigateToBot is PASSED&#xD;
&#xD;
2020-06-30 09:14:35 - [MESSAGE][PASSED] - Object 'Object Repository/Button/createBot' is present&#xD;
&#xD;
2020-06-30 09:14:37 - [MESSAGE][INFO] - Performing click action on bot&#xD;
&#xD;
2020-06-30 09:14:39 - [MESSAGE][PASSED] - platform.Method.navigateToBot is PASSED&#xD;
&#xD;
2020-06-30 09:14:39 - [TEST_STEP][PASSED] - platform.Method.clickOnElement(findTestObject("Generic/articles")): platform.Method.clickOnElement is PASSED&#xD;
&#xD;
2020-06-30 09:14:45 - [MESSAGE][PASSED] - platform.Method.clickOnElement is PASSED&#xD;
&#xD;
2020-06-30 09:14:45 - [TEST_STEP][PASSED] - if (verifyElementPresent(findTestObject("Generic/nextPage"), 5, OPTIONAL)): com.kms.katalon.core.webui.exception.WebElementNotFoundException: Web element with id: 'Object Repository/Generic/nextPage' located by 'By.xpath: //button[@aria-label='Next page']' not found (Root cause: com.kms.katalon.core.exception.StepFailedException: com.kms.katalon.core.webui.exception.WebElementNotFoundException: Web element with id: 'Object Repository/Generic/nextPage' located by 'By.xpath: //button[@aria-label='Next page']' not found&#xD;
	at com.kms.katalon.core.webui.keyword.internal.WebUIKeywordMain.stepFailed(WebUIKeywordMain.groovy:64)&#xD;
	at com.kms.katalon.core.webui.keyword.builtin.VerifyElementPresentKeyword$_verifyElementPresent_closure1.doCall(VerifyElementPresentKeyword.groovy:85)&#xD;
	at com.kms.katalon.core.webui.keyword.builtin.VerifyElementPresentKeyword$_verifyElementPresent_closure1.call(VerifyElementPresentKeyword.groovy)&#xD;
	at com.kms.katalon.core.webui.keyword.internal.WebUIKeywordMain.runKeyword(WebUIKeywordMain.groovy:20)&#xD;
	at com.kms.katalon.core.webui.keyword.builtin.VerifyElementPresentKeyword.verifyElementPresent(VerifyElementPresentKeyword.groovy:92)&#xD;
	at com.kms.katalon.core.webui.keyword.builtin.VerifyElementPresentKeyword.execute(VerifyElementPresentKeyword.groovy:68)&#xD;
	at com.kms.katalon.core.keyword.internal.KeywordExecutor.executeKeywordForPlatform(KeywordExecutor.groovy:56)&#xD;
	at com.kms.katalon.core.webui.keyword.WebUiBuiltInKeywords.verifyElementPresent(WebUiBuiltInKeywords.groovy:1418)&#xD;
	at com.kms.katalon.core.webui.keyword.WebUiBuiltInKeywords$verifyElementPresent$6.call(Unknown Source)&#xD;
	at updatePartialMatch_Test.run(updatePartialMatch_Test:24)&#xD;
	at com.kms.katalon.core.main.ScriptEngine.run(ScriptEngine.java:194)&#xD;
	at com.kms.katalon.core.main.ScriptEngine.runScriptAsRawText(ScriptEngine.java:119)&#xD;
	at com.kms.katalon.core.main.TestCaseExecutor.runScript(TestCaseExecutor.java:337)&#xD;
	at com.kms.katalon.core.main.TestCaseExecutor.doExecute(TestCaseExecutor.java:328)&#xD;
	at com.kms.katalon.core.main.TestCaseExecutor.processExecutionPhase(TestCaseExecutor.java:307)&#xD;
	at com.kms.katalon.core.main.TestCaseExecutor.accessMainPhase(TestCaseExecutor.java:299)&#xD;
	at com.kms.katalon.core.main.TestCaseExecutor.execute(TestCaseExecutor.java:233)&#xD;
	at com.kms.katalon.core.main.TestSuiteExecutor.accessTestCaseMainPhase(TestSuiteExecutor.java:169)&#xD;
	at com.kms.katalon.core.main.TestSuiteExecutor.accessTestSuiteMainPhase(TestSuiteExecutor.java:142)&#xD;
	at com.kms.katalon.core.main.TestSuiteExecutor.execute(TestSuiteExecutor.java:91)&#xD;
	at com.kms.katalon.core.main.TestCaseMain.startTestSuite(TestCaseMain.java:157)&#xD;
	at com.kms.katalon.core.main.TestCaseMain$startTestSuite$0.call(Unknown Source)&#xD;
	at TempTestSuite1593488265528.run(TempTestSuite1593488265528.groovy:35)&#xD;
)&#xD;
&#xD;
2020-06-30 09:14:51 - [MESSAGE][INFO] - Unable to find the element located by 'By.xpath: //button[@aria-label='Next page']'. Please recheck the objects properties to make sure the desired element is located. &#xD;
&#xD;
2020-06-30 09:14:54 - [MESSAGE][WARNING] - com.kms.katalon.core.webui.exception.WebElementNotFoundException: Web element with id: 'Object Repository/Generic/nextPage' located by 'By.xpath: //button[@aria-label='Next page']' not found (Root cause: com.kms.katalon.core.exception.StepFailedException: com.kms.katalon.core.webui.exception.WebElementNotFoundException: Web element with id: 'Object Repository/Generic/nextPage' located by 'By.xpath: //button[@aria-label='Next page']' not found&#xD;
	at com.kms.katalon.core.webui.keyword.internal.WebUIKeywordMain.stepFailed(WebUIKeywordMain.groovy:64)&#xD;
	at com.kms.katalon.core.webui.keyword.builtin.VerifyElementPresentKeyword$_verifyElementPresent_closure1.doCall(VerifyElementPresentKeyword.groovy:85)&#xD;
	at com.kms.katalon.core.webui.keyword.builtin.VerifyElementPresentKeyword$_verifyElementPresent_closure1.call(VerifyElementPresentKeyword.groovy)&#xD;
	at com.kms.katalon.core.webui.keyword.internal.WebUIKeywordMain.runKeyword(WebUIKeywordMain.groovy:20)&#xD;
	at com.kms.katalon.core.webui.keyword.builtin.VerifyElementPresentKeyword.verifyElementPresent(VerifyElementPresentKeyword.groovy:92)&#xD;
	at com.kms.katalon.core.webui.keyword.builtin.VerifyElementPresentKeyword.execute(VerifyElementPresentKeyword.groovy:68)&#xD;
	at com.kms.katalon.core.keyword.internal.KeywordExecutor.executeKeywordForPlatform(KeywordExecutor.groovy:56)&#xD;
	at com.kms.katalon.core.webui.keyword.WebUiBuiltInKeywords.verifyElementPresent(WebUiBuiltInKeywords.groovy:1418)&#xD;
	at com.kms.katalon.core.webui.keyword.WebUiBuiltInKeywords$verifyElementPresent$6.call(Unknown Source)&#xD;
	at updatePartialMatch_Test.run(updatePartialMatch_Test:24)&#xD;
	at com.kms.katalon.core.main.ScriptEngine.run(ScriptEngine.java:194)&#xD;
	at com.kms.katalon.core.main.ScriptEngine.runScriptAsRawText(ScriptEngine.java:119)&#xD;
	at com.kms.katalon.core.main.TestCaseExecutor.runScript(TestCaseExecutor.java:337)&#xD;
	at com.kms.katalon.core.main.TestCaseExecutor.doExecute(TestCaseExecutor.java:328)&#xD;
	at com.kms.katalon.core.main.TestCaseExecutor.processExecutionPhase(TestCaseExecutor.java:307)&#xD;
	at com.kms.katalon.core.main.TestCaseExecutor.accessMainPhase(TestCaseExecutor.java:299)&#xD;
	at com.kms.katalon.core.main.TestCaseExecutor.execute(TestCaseExecutor.java:233)&#xD;
	at com.kms.katalon.core.main.TestSuiteExecutor.accessTestCaseMainPhase(TestSuiteExecutor.java:169)&#xD;
	at com.kms.katalon.core.main.TestSuiteExecutor.accessTestSuiteMainPhase(TestSuiteExecutor.java:142)&#xD;
	at com.kms.katalon.core.main.TestSuiteExecutor.execute(TestSuiteExecutor.java:91)&#xD;
	at com.kms.katalon.core.main.TestCaseMain.startTestSuite(TestCaseMain.java:157)&#xD;
	at com.kms.katalon.core.main.TestCaseMain$startTestSuite$0.call(Unknown Source)&#xD;
	at TempTestSuite1593488265528.run(TempTestSuite1593488265528.groovy:35)&#xD;
)&#xD;
[[ATTACHMENT|D:\\IMIbot.ai-Project\\Reports\\20200630_090743\\faqSuiteE2E\\20200630_090745\\1593488691864.png]]&#xD;
&#xD;
2020-06-30 09:14:54 - [TEST_STEP][PASSED] - platform.Method.clickOnElement(findTestObject("Generic/webObjectWithText", ["textValue":"Partial match"])): platform.Method.clickOnElement is PASSED&#xD;
&#xD;
2020-06-30 09:14:57 - [MESSAGE][PASSED] - platform.Method.clickOnElement is PASSED&#xD;
&#xD;
2020-06-30 09:14:57 - [TEST_STEP][PASSED] - setText(findTestObject("Input/partialMatchMsgInput"), customMessage): Text 'Sorry, I was unable to comprehend your intentions. I've displayed suggestion that might to relatable to your query' is set on object 'Object Repository/Input/partialMatchMsgInput'&#xD;
&#xD;
2020-06-30 09:15:04 - [MESSAGE][PASSED] - Text 'Sorry, I was unable to comprehend your intentions. I've displayed suggestion that might to relatable to your query' is set on object 'Object Repository/Input/partialMatchMsgInput'&#xD;
&#xD;
2020-06-30 09:15:04 - [TEST_STEP][PASSED] - platform.Method.clickOnElement(findTestObject("Button/save", ["value":" Save "])): platform.Method.clickOnElement is PASSED&#xD;
&#xD;
2020-06-30 09:15:06 - [MESSAGE][PASSED] - platform.Method.clickOnElement is PASSED&#xD;
&#xD;
2020-06-30 09:15:06 - [TEST_STEP][PASSED] - verifyElementNotPresent(findTestObject("Button/train"), 5, STOP_ON_FAILURE): Web element with id: 'Object Repository/Button/train' located by 'By.xpath: //button[contains(text(),'Train')]' is not present after '5' second(s)&#xD;
&#xD;
2020-06-30 09:15:09 - [MESSAGE][PASSED] - Web element with id: 'Object Repository/Button/train' located by 'By.xpath: //button[contains(text(),'Train')]' is not present after '5' second(s)</system-out>
            <system-err></system-err>
        </testcase>
        <testcase name="Test Cases/Faqbot/botCardMenuWithFallbackMessage_Test" classname="Test Cases/Faqbot/botCardMenuWithFallbackMessage_Test" status="PASSED">
            <system-out>2020-06-30 09:15:10 - [TEST_CASE][PASSED] - Test Cases/Faqbot/botCardMenuWithFallbackMessage_Test: Test Cases/Faqbot/botCardMenuWithFallbackMessage_Test&#xD;
&#xD;
2020-06-30 09:15:10 - [TEST_STEP][PASSED] - Start listener action : setUp: Current window maximized&#xD;
&#xD;
2020-06-30 09:15:10 - [TEST_STEP][PASSED] - openBrowser(URL): Browser is opened with url: 'imibot.ai'&#xD;
&#xD;
2020-06-30 09:15:10 - [MESSAGE][WARNING] - A browser is already opened. Closing browser and opening a new one&#xD;
&#xD;
2020-06-30 09:15:23 - [MESSAGE][INFO] - Starting 'Chrome' driver&#xD;
&#xD;
2020-06-30 09:15:23 - [MESSAGE][INFO] - User set preference: ['args', '[--start-maximized]']&#xD;
&#xD;
2020-06-30 09:15:40 - [MESSAGE][PASSED] - Browser is opened with url: 'imibot.ai'&#xD;
&#xD;
2020-06-30 09:15:40 - [TEST_STEP][PASSED] - maximizeWindow(): Current window maximized&#xD;
&#xD;
2020-06-30 09:15:43 - [MESSAGE][PASSED] - Current window maximized&#xD;
&#xD;
2020-06-30 09:15:44 - [TEST_STEP][PASSED] - callTestCase(findTestCase("Generic/successfulLogin_Test"), [:], STOP_ON_FAILURE): Call Test Case 'Test Cases/Generic/successfulLogin_Test' successfully&#xD;
&#xD;
2020-06-30 09:15:44 - [TEST_CASE][PASSED] - Test Cases/Generic/successfulLogin_Test: Test Cases/Generic/successfulLogin_Test&#xD;
&#xD;
2020-06-30 09:15:44 - [TEST_STEP][PASSED] - sendKeys(findTestObject("Input/username"), username): Keys 'narendra.n@imimobile.com' sent to object: 'Object Repository/Input/username'&#xD;
&#xD;
2020-06-30 09:15:48 - [MESSAGE][PASSED] - Keys 'narendra.n@imimobile.com' sent to object: 'Object Repository/Input/username'&#xD;
&#xD;
2020-06-30 09:15:48 - [TEST_STEP][PASSED] - sendKeys(findTestObject("Input/password"), password): Keys 'Test@2020' sent to object: 'Object Repository/Input/password'&#xD;
&#xD;
2020-06-30 09:15:50 - [MESSAGE][PASSED] - Keys 'Test@2020' sent to object: 'Object Repository/Input/password'&#xD;
&#xD;
2020-06-30 09:15:50 - [TEST_STEP][PASSED] - click(findTestObject("Button/signIn")): Object: 'Object Repository/Button/signIn' is clicked on&#xD;
&#xD;
2020-06-30 09:15:54 - [MESSAGE][PASSED] - Object: 'Object Repository/Button/signIn' is clicked on&#xD;
&#xD;
2020-06-30 09:15:54 - [TEST_STEP][PASSED] - if (!(waitForElementPresent(findTestObject("Button/createBot"), 30, OPTIONAL))): Object 'Object Repository/Button/createBot' is present&#xD;
&#xD;
2020-06-30 09:16:10 - [MESSAGE][PASSED] - Object 'Object Repository/Button/createBot' is present&#xD;
&#xD;
2020-06-30 09:16:10 - [MESSAGE][PASSED] - Call Test Case 'Test Cases/Generic/successfulLogin_Test' successfully&#xD;
&#xD;
2020-06-30 09:16:10 - [TEST_STEP][PASSED] - botCardOptions = platform.Method.verifyBotCardMenu("Q&amp;A bots", FAQ_BOT): platform.Method.verifyBotCardMenu is PASSED&#xD;
&#xD;
2020-06-30 09:16:19 - [MESSAGE][PASSED] - Object 'Object Repository/Button/botCardPreview' is present&#xD;
&#xD;
2020-06-30 09:16:23 - [MESSAGE][PASSED] - Object: 'Object Repository/Button/botCardMenu' is hovered&#xD;
&#xD;
2020-06-30 09:16:31 - [MESSAGE][PASSED] - platform.Method.verifyBotCardMenu is PASSED&#xD;
&#xD;
2020-06-30 09:16:31 - [TEST_STEP][PASSED] - verifyElementPresent(findTestObject("Generic/webObjectWithText", ["textValue":"Copy Preview Link"]), 5, STOP_ON_FAILURE): Object 'Object Repository/Generic/webObjectWithText' is present&#xD;
&#xD;
2020-06-30 09:16:32 - [MESSAGE][PASSED] - Object 'Object Repository/Generic/webObjectWithText' is present&#xD;
&#xD;
2020-06-30 09:16:32 - [TEST_STEP][PASSED] - assert botCardOptions.containsAll(BOT_CARD_OPTION) == true: null&#xD;
&#xD;
2020-06-30 09:16:32 - [TEST_STEP][PASSED] - platform.Response.clickOnElement(findTestObject("Generic/webObjectWithText", ["textValue":FAQ_BOT])): platform.Response.clickOnElement is PASSED&#xD;
&#xD;
2020-06-30 09:16:35 - [MESSAGE][PASSED] - platform.Response.clickOnElement is PASSED&#xD;
&#xD;
2020-06-30 09:16:35 - [TEST_STEP][PASSED] - platform.Response.clickOnElement(findTestObject("Button/preview")): platform.Response.clickOnElement is PASSED&#xD;
&#xD;
2020-06-30 09:16:41 - [MESSAGE][PASSED] - platform.Response.clickOnElement is PASSED&#xD;
&#xD;
2020-06-30 09:16:41 - [TEST_STEP][PASSED] - sendKeys(findTestObject("Input/chatInput"), Keys.chord(userQuery, ENTER)): Keys 'ENTER + show last transaction receipt' sent to object: 'Object Repository/Input/chatInput'&#xD;
&#xD;
2020-06-30 09:16:44 - [MESSAGE][PASSED] - Keys 'ENTER + show last transaction receipt' sent to object: 'Object Repository/Input/chatInput'&#xD;
&#xD;
2020-06-30 09:16:44 - [TEST_STEP][PASSED] - delay(3): Delayed 3 second(s)&#xD;
&#xD;
2020-06-30 09:16:47 - [MESSAGE][PASSED] - Delayed 3 second(s)&#xD;
&#xD;
2020-06-30 09:16:47 - [TEST_STEP][PASSED] - verifyElementText(findTestObject("Generic/botReponse", ["index":2]), botResponse, OPTIONAL): Actual text and expected text of test object 'Object Repository/Generic/botReponse' are matched.&#xD;
&#xD;
2020-06-30 09:16:49 - [MESSAGE][PASSED] - Actual text and expected text of test object 'Object Repository/Generic/botReponse' are matched.&#xD;
&#xD;
2020-06-30 09:16:49 - [TEST_STEP][PASSED] - getRoomIdAt = platform.Utility.getRoomID(): platform.Utility.getRoomID is PASSED&#xD;
&#xD;
2020-06-30 09:16:55 - [MESSAGE][PASSED] - platform.Utility.getRoomID is PASSED&#xD;
&#xD;
2020-06-30 09:16:55 - [TEST_STEP][PASSED] - platform.Utility.overWriteTestData(sheetName, rowNumber, cellNumber, get(0).toString()): platform.Utility.overWriteTestData is PASSED&#xD;
&#xD;
2020-06-30 09:16:59 - [MESSAGE][PASSED] - platform.Utility.overWriteTestData is PASSED</system-out>
            <system-err></system-err>
        </testcase>
        <testcase name="Test Cases/Faqbot/importArticlesFromCsv_Test" classname="Test Cases/Faqbot/importArticlesFromCsv_Test" status="PASSED">
            <system-out>2020-06-30 09:16:59 - [TEST_CASE][PASSED] - Test Cases/Faqbot/importArticlesFromCsv_Test: Test Cases/Faqbot/importArticlesFromCsv_Test&#xD;
&#xD;
2020-06-30 09:16:59 - [TEST_STEP][PASSED] - Start listener action : setUp: Current window maximized&#xD;
&#xD;
2020-06-30 09:16:59 - [TEST_STEP][PASSED] - openBrowser(URL): Browser is opened with url: 'imibot.ai'&#xD;
&#xD;
2020-06-30 09:16:59 - [MESSAGE][WARNING] - A browser is already opened. Closing browser and opening a new one&#xD;
&#xD;
2020-06-30 09:17:04 - [MESSAGE][INFO] - Starting 'Chrome' driver&#xD;
&#xD;
2020-06-30 09:17:04 - [MESSAGE][INFO] - User set preference: ['args', '[--start-maximized]']&#xD;
&#xD;
2020-06-30 09:17:17 - [MESSAGE][PASSED] - Browser is opened with url: 'imibot.ai'&#xD;
&#xD;
2020-06-30 09:17:17 - [TEST_STEP][PASSED] - maximizeWindow(): Current window maximized&#xD;
&#xD;
2020-06-30 09:17:20 - [MESSAGE][PASSED] - Current window maximized&#xD;
&#xD;
2020-06-30 09:17:20 - [TEST_STEP][PASSED] - callTestCase(findTestCase("Generic/successfulLogin_Test"), [:], STOP_ON_FAILURE): Call Test Case 'Test Cases/Generic/successfulLogin_Test' successfully&#xD;
&#xD;
2020-06-30 09:17:20 - [TEST_CASE][PASSED] - Test Cases/Generic/successfulLogin_Test: Test Cases/Generic/successfulLogin_Test&#xD;
&#xD;
2020-06-30 09:17:20 - [TEST_STEP][PASSED] - sendKeys(findTestObject("Input/username"), username): Keys 'narendra.n@imimobile.com' sent to object: 'Object Repository/Input/username'&#xD;
&#xD;
2020-06-30 09:17:24 - [MESSAGE][PASSED] - Keys 'narendra.n@imimobile.com' sent to object: 'Object Repository/Input/username'&#xD;
&#xD;
2020-06-30 09:17:24 - [TEST_STEP][PASSED] - sendKeys(findTestObject("Input/password"), password): Keys 'Test@2020' sent to object: 'Object Repository/Input/password'&#xD;
&#xD;
2020-06-30 09:17:27 - [MESSAGE][PASSED] - Keys 'Test@2020' sent to object: 'Object Repository/Input/password'&#xD;
&#xD;
2020-06-30 09:17:27 - [TEST_STEP][PASSED] - click(findTestObject("Button/signIn")): Object: 'Object Repository/Button/signIn' is clicked on&#xD;
&#xD;
2020-06-30 09:17:30 - [MESSAGE][PASSED] - Object: 'Object Repository/Button/signIn' is clicked on&#xD;
&#xD;
2020-06-30 09:17:30 - [TEST_STEP][PASSED] - if (!(waitForElementPresent(findTestObject("Button/createBot"), 30, OPTIONAL))): Object 'Object Repository/Button/createBot' is present&#xD;
&#xD;
2020-06-30 09:17:44 - [MESSAGE][PASSED] - Object 'Object Repository/Button/createBot' is present&#xD;
&#xD;
2020-06-30 09:17:44 - [MESSAGE][PASSED] - Call Test Case 'Test Cases/Generic/successfulLogin_Test' successfully&#xD;
&#xD;
2020-06-30 09:17:44 - [TEST_STEP][PASSED] - platform.Method.navigateToBot("Q&amp;A bots", FAQ_BOT): platform.Method.navigateToBot is PASSED&#xD;
&#xD;
2020-06-30 09:17:46 - [MESSAGE][PASSED] - Object 'Object Repository/Button/createBot' is present&#xD;
&#xD;
2020-06-30 09:17:48 - [MESSAGE][INFO] - Performing click action on bot&#xD;
&#xD;
2020-06-30 09:17:51 - [MESSAGE][PASSED] - platform.Method.navigateToBot is PASSED&#xD;
&#xD;
2020-06-30 09:17:51 - [TEST_STEP][PASSED] - platform.Method.toClickOnWebElement(findTestObject("Generic/articles")): platform.Method.toClickOnWebElement is PASSED&#xD;
&#xD;
2020-06-30 09:17:57 - [MESSAGE][PASSED] - Object: 'Object Repository/Generic/articles' is clicked on&#xD;
&#xD;
2020-06-30 09:17:57 - [MESSAGE][PASSED] - platform.Method.toClickOnWebElement is PASSED&#xD;
&#xD;
2020-06-30 09:17:57 - [TEST_STEP][PASSED] - platform.Articles.selectFromKebabMenu(findTestObject("Button/importIcon"), "Import From CSV"): platform.Articles.selectFromKebabMenu is PASSED&#xD;
&#xD;
2020-06-30 09:18:00 - [MESSAGE][INFO] - Selected value: Import From CSV&#xD;
&#xD;
2020-06-30 09:18:02 - [MESSAGE][PASSED] - platform.Articles.selectFromKebabMenu is PASSED&#xD;
&#xD;
2020-06-30 09:18:02 - [TEST_STEP][PASSED] - platform.Method.uploadCsvFile(false, fileName): platform.Method.uploadCsvFile is PASSED&#xD;
&#xD;
2020-06-30 09:18:02 - [MESSAGE][INFO] - PREVIOUS DATA NOT BE OVERRIDDEN&#xD;
&#xD;
2020-06-30 09:18:06 - [MESSAGE][PASSED] - File 'D:/IMIbot.ai-Project/Collection/DefaultBankFAQ.csv' sent to object: 'Object Repository/Input/uploadFile'&#xD;
&#xD;
2020-06-30 09:18:09 - [MESSAGE][PASSED] - platform.Method.uploadCsvFile is PASSED&#xD;
&#xD;
2020-06-30 09:18:09 - [TEST_STEP][PASSED] - platform.Method.trainAndComment(comment): platform.Method.trainAndComment is PASSED&#xD;
&#xD;
2020-06-30 09:18:17 - [MESSAGE][PASSED] - Keys 'Post upload train' sent to object: 'Object Repository/Input/comment'&#xD;
&#xD;
2020-06-30 09:18:20 - [MESSAGE][PASSED] - platform.Method.trainAndComment is PASSED&#xD;
&#xD;
2020-06-30 09:18:20 - [TEST_STEP][PASSED] - waitForElementPresent(findTestObject("ICONS/toastMsg"), 20, STOP_ON_FAILURE): Object 'Object Repository/ICONS/toastMsg' is present&#xD;
&#xD;
2020-06-30 09:18:28 - [MESSAGE][PASSED] - Object 'Object Repository/ICONS/toastMsg' is present&#xD;
&#xD;
2020-06-30 09:18:28 - [TEST_STEP][PASSED] - platform.Response.clickOnElement(findTestObject("Button/preview")): platform.Response.clickOnElement is PASSED&#xD;
&#xD;
2020-06-30 09:18:31 - [MESSAGE][PASSED] - platform.Response.clickOnElement is PASSED&#xD;
&#xD;
2020-06-30 09:18:31 - [TEST_STEP][PASSED] - waitForElementPresent(findTestObject("Input/chatInput"), 5, OPTIONAL): Object 'Object Repository/Input/chatInput' is present&#xD;
&#xD;
2020-06-30 09:18:33 - [MESSAGE][PASSED] - Object 'Object Repository/Input/chatInput' is present&#xD;
&#xD;
2020-06-30 09:18:33 - [TEST_STEP][PASSED] - sendKeys(findTestObject("Input/chatInput"), Keys.chord(userQuery, ENTER)): Keys 'ENTER + How do I report fraud?' sent to object: 'Object Repository/Input/chatInput'&#xD;
&#xD;
2020-06-30 09:18:36 - [MESSAGE][PASSED] - Keys 'ENTER + How do I report fraud?' sent to object: 'Object Repository/Input/chatInput'&#xD;
&#xD;
2020-06-30 09:18:36 - [TEST_STEP][PASSED] - delay(1): Delayed 1 second(s)&#xD;
&#xD;
2020-06-30 09:18:37 - [MESSAGE][PASSED] - Delayed 1 second(s)&#xD;
&#xD;
2020-06-30 09:18:37 - [TEST_STEP][PASSED] - platform.Preview.verifyBotResponse(stringToCheck): YOUR TEXT HAS A MATCH&#xD;
&#xD;
2020-06-30 09:18:40 - [MESSAGE][PASSED] - Delayed 3 second(s)&#xD;
&#xD;
2020-06-30 09:18:44 - [MESSAGE][PASSED] - YOUR TEXT HAS A MATCH</system-out>
            <system-err></system-err>
        </testcase>
        <testcase name="Test Cases/Faqbot/extractArticleFromExternalLink_Test" classname="Test Cases/Faqbot/extractArticleFromExternalLink_Test" status="PASSED">
            <system-out>2020-06-30 09:18:44 - [TEST_CASE][PASSED] - Test Cases/Faqbot/extractArticleFromExternalLink_Test: Test Cases/Faqbot/extractArticleFromExternalLink_Test&#xD;
&#xD;
2020-06-30 09:18:45 - [TEST_STEP][PASSED] - Start listener action : setUp: Current window maximized&#xD;
&#xD;
2020-06-30 09:18:45 - [TEST_STEP][PASSED] - openBrowser(URL): Browser is opened with url: 'imibot.ai'&#xD;
&#xD;
2020-06-30 09:18:45 - [MESSAGE][WARNING] - A browser is already opened. Closing browser and opening a new one&#xD;
&#xD;
2020-06-30 09:18:49 - [MESSAGE][INFO] - Starting 'Chrome' driver&#xD;
&#xD;
2020-06-30 09:18:49 - [MESSAGE][INFO] - User set preference: ['args', '[--start-maximized]']&#xD;
&#xD;
2020-06-30 09:19:11 - [MESSAGE][PASSED] - Browser is opened with url: 'imibot.ai'&#xD;
&#xD;
2020-06-30 09:19:11 - [TEST_STEP][PASSED] - maximizeWindow(): Current window maximized&#xD;
&#xD;
2020-06-30 09:19:16 - [MESSAGE][PASSED] - Current window maximized&#xD;
&#xD;
2020-06-30 09:19:19 - [TEST_STEP][PASSED] - callTestCase(findTestCase("Generic/successfulLogin_Test"), [:], STOP_ON_FAILURE): Call Test Case 'Test Cases/Generic/successfulLogin_Test' successfully&#xD;
&#xD;
2020-06-30 09:19:19 - [TEST_CASE][PASSED] - Test Cases/Generic/successfulLogin_Test: Test Cases/Generic/successfulLogin_Test&#xD;
&#xD;
2020-06-30 09:19:19 - [TEST_STEP][PASSED] - sendKeys(findTestObject("Input/username"), username): Keys 'narendra.n@imimobile.com' sent to object: 'Object Repository/Input/username'&#xD;
&#xD;
2020-06-30 09:19:23 - [MESSAGE][PASSED] - Keys 'narendra.n@imimobile.com' sent to object: 'Object Repository/Input/username'&#xD;
&#xD;
2020-06-30 09:19:23 - [TEST_STEP][PASSED] - sendKeys(findTestObject("Input/password"), password): Keys 'Test@2020' sent to object: 'Object Repository/Input/password'&#xD;
&#xD;
2020-06-30 09:19:26 - [MESSAGE][PASSED] - Keys 'Test@2020' sent to object: 'Object Repository/Input/password'&#xD;
&#xD;
2020-06-30 09:19:26 - [TEST_STEP][PASSED] - click(findTestObject("Button/signIn")): Object: 'Object Repository/Button/signIn' is clicked on&#xD;
&#xD;
2020-06-30 09:19:28 - [MESSAGE][PASSED] - Object: 'Object Repository/Button/signIn' is clicked on&#xD;
&#xD;
2020-06-30 09:19:28 - [TEST_STEP][PASSED] - if (!(waitForElementPresent(findTestObject("Button/createBot"), 30, OPTIONAL))): Object 'Object Repository/Button/createBot' is present&#xD;
&#xD;
2020-06-30 09:19:47 - [MESSAGE][PASSED] - Object 'Object Repository/Button/createBot' is present&#xD;
&#xD;
2020-06-30 09:19:47 - [MESSAGE][PASSED] - Call Test Case 'Test Cases/Generic/successfulLogin_Test' successfully&#xD;
&#xD;
2020-06-30 09:19:47 - [TEST_STEP][PASSED] - platform.Method.navigateToBot("Q&amp;A bots", FAQ_BOT): platform.Method.navigateToBot is PASSED&#xD;
&#xD;
2020-06-30 09:19:48 - [MESSAGE][PASSED] - Object 'Object Repository/Button/createBot' is present&#xD;
&#xD;
2020-06-30 09:19:51 - [MESSAGE][INFO] - Performing click action on bot&#xD;
&#xD;
2020-06-30 09:19:54 - [MESSAGE][PASSED] - platform.Method.navigateToBot is PASSED&#xD;
&#xD;
2020-06-30 09:19:54 - [TEST_STEP][PASSED] - platform.Method.clickOnElement(findTestObject("Generic/articles")): platform.Method.clickOnElement is PASSED&#xD;
&#xD;
2020-06-30 09:20:00 - [MESSAGE][PASSED] - platform.Method.clickOnElement is PASSED&#xD;
&#xD;
2020-06-30 09:20:00 - [TEST_STEP][PASSED] - platform.Articles.selectFromKebabMenu(findTestObject("Button/extractExtLink"), "Extract from external link"): platform.Articles.selectFromKebabMenu is PASSED&#xD;
&#xD;
2020-06-30 09:20:03 - [MESSAGE][INFO] - Selected value: Extract from external link&#xD;
&#xD;
2020-06-30 09:20:05 - [MESSAGE][PASSED] - platform.Articles.selectFromKebabMenu is PASSED&#xD;
&#xD;
2020-06-30 09:20:05 - [TEST_STEP][PASSED] - verifyElementHasAttribute(findTestObject("Button/extract"), "disabled", 10, STOP_ON_FAILURE): Object 'Object Repository/Button/extract' has attribute 'disabled'&#xD;
&#xD;
2020-06-30 09:20:08 - [MESSAGE][PASSED] - Object 'Object Repository/Button/extract' has attribute 'disabled'&#xD;
&#xD;
2020-06-30 09:20:08 - [TEST_STEP][PASSED] - sendKeys(findTestObject("Input/extractLink"), EXTERNAL_LINK): Keys 'https://experience.imiconnect.io/faqs/' sent to object: 'Object Repository/Input/extractLink'&#xD;
&#xD;
2020-06-30 09:20:12 - [MESSAGE][PASSED] - Keys 'https://experience.imiconnect.io/faqs/' sent to object: 'Object Repository/Input/extractLink'&#xD;
&#xD;
2020-06-30 09:20:12 - [TEST_STEP][PASSED] - platform.Method.toClickOnWebElement(findTestObject("Button/extract")): platform.Method.toClickOnWebElement is PASSED&#xD;
&#xD;
2020-06-30 09:20:14 - [MESSAGE][PASSED] - Object: 'Object Repository/Button/extract' is clicked on&#xD;
&#xD;
2020-06-30 09:20:14 - [MESSAGE][PASSED] - platform.Method.toClickOnWebElement is PASSED&#xD;
&#xD;
2020-06-30 09:20:14 - [TEST_STEP][PASSED] - check(findTestObject("Generic/articleCheckbox", ["index":1])): Object 'Object Repository/Generic/articleCheckbox' is checked&#xD;
&#xD;
2020-06-30 09:20:23 - [MESSAGE][PASSED] - Object 'Object Repository/Generic/articleCheckbox' is checked&#xD;
&#xD;
2020-06-30 09:20:23 - [TEST_STEP][PASSED] - check(findTestObject("Generic/articleCheckbox", ["index":3])): Object 'Object Repository/Generic/articleCheckbox' is checked&#xD;
&#xD;
2020-06-30 09:20:27 - [MESSAGE][PASSED] - Object 'Object Repository/Generic/articleCheckbox' is checked&#xD;
&#xD;
2020-06-30 09:20:27 - [TEST_STEP][PASSED] - check(findTestObject("Generic/articleCheckbox", ["index":5])): Object 'Object Repository/Generic/articleCheckbox' is checked&#xD;
&#xD;
2020-06-30 09:20:31 - [MESSAGE][PASSED] - Object 'Object Repository/Generic/articleCheckbox' is checked&#xD;
&#xD;
2020-06-30 09:20:31 - [TEST_STEP][PASSED] - testObject = modifyObjectProperty(findTestObject("Generic/header"), "class", "not equals", "heading", true): Modify property of object successfully&#xD;
&#xD;
2020-06-30 09:20:31 - [MESSAGE][PASSED] - Modify property of object successfully&#xD;
&#xD;
2020-06-30 09:20:31 - [TEST_STEP][PASSED] - getText().contains("3"): null&#xD;
&#xD;
2020-06-30 09:20:34 - [TEST_STEP][PASSED] - scrollToElement(findTestObject("Generic/webObjectWithText", ["textValue":"Import FAQs from link"]), 10): Scroll to object 'Object Repository/Generic/webObjectWithText' successfully&#xD;
&#xD;
2020-06-30 09:20:36 - [MESSAGE][PASSED] - Scroll to object 'Object Repository/Generic/webObjectWithText' successfully&#xD;
&#xD;
2020-06-30 09:20:36 - [TEST_STEP][PASSED] - check(findTestObject("Generic/allFaqCheckbox")): Object 'Object Repository/Generic/allFaqCheckbox' is checked&#xD;
&#xD;
2020-06-30 09:20:40 - [MESSAGE][PASSED] - Object 'Object Repository/Generic/allFaqCheckbox' is checked&#xD;
&#xD;
2020-06-30 09:20:40 - [TEST_STEP][PASSED] - getText().contains("10"): null&#xD;
&#xD;
2020-06-30 09:20:42 - [TEST_STEP][PASSED] - scrollToElement(findTestObject("Generic/faqImportBtn"), 10): Scroll to object 'Object Repository/Generic/faqImportBtn' successfully&#xD;
&#xD;
2020-06-30 09:20:44 - [MESSAGE][PASSED] - Scroll to object 'Object Repository/Generic/faqImportBtn' successfully&#xD;
&#xD;
2020-06-30 09:20:44 - [TEST_STEP][PASSED] - override = modifyObjectProperty(findTestObject("Toggle/override"), "xpath", "not equals", "//mat-slide-toggle[@formcontrolname='Override']//label/div", true, STOP_ON_FAILURE): Modify property of object successfully&#xD;
&#xD;
2020-06-30 09:20:44 - [MESSAGE][PASSED] - Modify property of object successfully&#xD;
&#xD;
2020-06-30 09:20:44 - [TEST_STEP][PASSED] - platform.Method.clickOnElement(override): platform.Method.clickOnElement is PASSED&#xD;
&#xD;
2020-06-30 09:20:47 - [MESSAGE][PASSED] - platform.Method.clickOnElement is PASSED&#xD;
&#xD;
2020-06-30 09:20:47 - [TEST_STEP][PASSED] - platform.Method.clickOnElement(findTestObject("Generic/faqImportBtn")): platform.Method.clickOnElement is PASSED&#xD;
&#xD;
2020-06-30 09:20:49 - [MESSAGE][PASSED] - platform.Method.clickOnElement is PASSED&#xD;
&#xD;
2020-06-30 09:20:49 - [TEST_STEP][PASSED] - verifyElementText(findTestObject("Generic/articleState"), "Saved", STOP_ON_FAILURE): Actual text and expected text of test object 'Object Repository/Generic/articleState' are matched.&#xD;
&#xD;
2020-06-30 09:20:52 - [MESSAGE][PASSED] - Actual text and expected text of test object 'Object Repository/Generic/articleState' are matched.&#xD;
&#xD;
2020-06-30 09:20:52 - [TEST_STEP][PASSED] - verifyElementPresent(findTestObject("Generic/nextPage"), 5, STOP_ON_FAILURE): Object 'Object Repository/Generic/nextPage' is present&#xD;
&#xD;
2020-06-30 09:20:53 - [MESSAGE][PASSED] - Object 'Object Repository/Generic/nextPage' is present&#xD;
&#xD;
2020-06-30 09:20:53 - [TEST_STEP][PASSED] - platform.Method.trainAndComment(comment): platform.Method.trainAndComment is PASSED&#xD;
&#xD;
2020-06-30 09:21:04 - [MESSAGE][PASSED] - Keys 'Post extraction train' sent to object: 'Object Repository/Input/comment'&#xD;
&#xD;
2020-06-30 09:21:06 - [MESSAGE][PASSED] - platform.Method.trainAndComment is PASSED&#xD;
&#xD;
2020-06-30 09:21:06 - [TEST_STEP][PASSED] - waitForElementPresent(findTestObject("ICONS/toastMsg"), 20, STOP_ON_FAILURE): Object 'Object Repository/ICONS/toastMsg' is present&#xD;
&#xD;
2020-06-30 09:21:16 - [MESSAGE][PASSED] - Object 'Object Repository/ICONS/toastMsg' is present&#xD;
&#xD;
2020-06-30 09:21:16 - [TEST_STEP][PASSED] - platform.Method.clickOnElement(findTestObject("Button/preview")): platform.Method.clickOnElement is PASSED&#xD;
&#xD;
2020-06-30 09:21:18 - [MESSAGE][PASSED] - platform.Method.clickOnElement is PASSED&#xD;
&#xD;
2020-06-30 09:21:18 - [TEST_STEP][PASSED] - waitForElementPresent(findTestObject("Input/chatInput"), 10, STOP_ON_FAILURE): Object 'Object Repository/Input/chatInput' is present&#xD;
&#xD;
2020-06-30 09:21:20 - [MESSAGE][PASSED] - Object 'Object Repository/Input/chatInput' is present&#xD;
&#xD;
2020-06-30 09:21:20 - [TEST_STEP][PASSED] - platform.Preview.verifyBotTextResponse(userQuery, 2, strCheck): platform.Preview.verifyBotTextResponse is PASSED&#xD;
&#xD;
2020-06-30 09:21:23 - [MESSAGE][PASSED] - Keys 'ENTER + How can I view my transactions?' sent to object: 'Object Repository/Input/chatInput'&#xD;
&#xD;
2020-06-30 09:21:25 - [MESSAGE][PASSED] - Object 'Object Repository/GenericII/getBotResponse' is present&#xD;
&#xD;
2020-06-30 09:21:27 - [MESSAGE][PASSED] - Actual text and expected text of test object 'Object Repository/GenericII/getBotResponse' are matched.&#xD;
&#xD;
2020-06-30 09:21:27 - [MESSAGE][PASSED] - platform.Preview.verifyBotTextResponse is PASSED</system-out>
            <system-err></system-err>
        </testcase>
        <testcase name="Test Cases/Faqbot/searchArticle_Test" classname="Test Cases/Faqbot/searchArticle_Test" status="PASSED">
            <system-out>2020-06-30 09:21:27 - [TEST_CASE][PASSED] - Test Cases/Faqbot/searchArticle_Test: Test Cases/Faqbot/searchArticle_Test&#xD;
&#xD;
2020-06-30 09:21:27 - [TEST_STEP][PASSED] - Start listener action : setUp: Current window maximized&#xD;
&#xD;
2020-06-30 09:21:27 - [TEST_STEP][PASSED] - openBrowser(URL): Browser is opened with url: 'imibot.ai'&#xD;
&#xD;
2020-06-30 09:21:27 - [MESSAGE][WARNING] - A browser is already opened. Closing browser and opening a new one&#xD;
&#xD;
2020-06-30 09:21:29 - [MESSAGE][INFO] - Starting 'Chrome' driver&#xD;
&#xD;
2020-06-30 09:21:29 - [MESSAGE][INFO] - User set preference: ['args', '[--start-maximized]']&#xD;
&#xD;
2020-06-30 09:21:44 - [MESSAGE][PASSED] - Browser is opened with url: 'imibot.ai'&#xD;
&#xD;
2020-06-30 09:21:44 - [TEST_STEP][PASSED] - maximizeWindow(): Current window maximized&#xD;
&#xD;
2020-06-30 09:21:46 - [MESSAGE][PASSED] - Current window maximized&#xD;
&#xD;
2020-06-30 09:21:47 - [TEST_STEP][PASSED] - callTestCase(findTestCase("Generic/successfulLogin_Test"), [:], STOP_ON_FAILURE): Call Test Case 'Test Cases/Generic/successfulLogin_Test' successfully&#xD;
&#xD;
2020-06-30 09:21:47 - [TEST_CASE][PASSED] - Test Cases/Generic/successfulLogin_Test: Test Cases/Generic/successfulLogin_Test&#xD;
&#xD;
2020-06-30 09:21:47 - [TEST_STEP][PASSED] - sendKeys(findTestObject("Input/username"), username): Keys 'narendra.n@imimobile.com' sent to object: 'Object Repository/Input/username'&#xD;
&#xD;
2020-06-30 09:21:50 - [MESSAGE][PASSED] - Keys 'narendra.n@imimobile.com' sent to object: 'Object Repository/Input/username'&#xD;
&#xD;
2020-06-30 09:21:50 - [TEST_STEP][PASSED] - sendKeys(findTestObject("Input/password"), password): Keys 'Test@2020' sent to object: 'Object Repository/Input/password'&#xD;
&#xD;
2020-06-30 09:21:52 - [MESSAGE][PASSED] - Keys 'Test@2020' sent to object: 'Object Repository/Input/password'&#xD;
&#xD;
2020-06-30 09:21:52 - [TEST_STEP][PASSED] - click(findTestObject("Button/signIn")): Object: 'Object Repository/Button/signIn' is clicked on&#xD;
&#xD;
2020-06-30 09:21:56 - [MESSAGE][PASSED] - Object: 'Object Repository/Button/signIn' is clicked on&#xD;
&#xD;
2020-06-30 09:21:56 - [TEST_STEP][PASSED] - if (!(waitForElementPresent(findTestObject("Button/createBot"), 30, OPTIONAL))): Object 'Object Repository/Button/createBot' is present&#xD;
&#xD;
2020-06-30 09:22:06 - [MESSAGE][PASSED] - Object 'Object Repository/Button/createBot' is present&#xD;
&#xD;
2020-06-30 09:22:06 - [MESSAGE][PASSED] - Call Test Case 'Test Cases/Generic/successfulLogin_Test' successfully&#xD;
&#xD;
2020-06-30 09:22:06 - [TEST_STEP][PASSED] - platform.Method.navigateToBot("Q&amp;A bots", FAQ_BOT): platform.Method.navigateToBot is PASSED&#xD;
&#xD;
2020-06-30 09:22:07 - [MESSAGE][PASSED] - Object 'Object Repository/Button/createBot' is present&#xD;
&#xD;
2020-06-30 09:22:09 - [MESSAGE][INFO] - Performing click action on bot&#xD;
&#xD;
2020-06-30 09:22:12 - [MESSAGE][PASSED] - platform.Method.navigateToBot is PASSED&#xD;
&#xD;
2020-06-30 09:22:12 - [TEST_STEP][PASSED] - sendKeys(findTestObject("Input/searchForQuestion"), searchQuestion): Keys 'how can you help?' sent to object: 'Object Repository/Input/searchForQuestion'&#xD;
&#xD;
2020-06-30 09:22:18 - [MESSAGE][PASSED] - Keys 'how can you help?' sent to object: 'Object Repository/Input/searchForQuestion'&#xD;
&#xD;
2020-06-30 09:22:18 - [TEST_STEP][PASSED] - platform.Method.toClickOnWebElement(findTestObject("Generic/searchResult")): platform.Method.toClickOnWebElement is PASSED&#xD;
&#xD;
2020-06-30 09:22:21 - [MESSAGE][PASSED] - Object: 'Object Repository/Generic/searchResult' is clicked on&#xD;
&#xD;
2020-06-30 09:22:21 - [MESSAGE][PASSED] - platform.Method.toClickOnWebElement is PASSED&#xD;
&#xD;
2020-06-30 09:22:21 - [TEST_STEP][PASSED] - firstQuestion = findWebElement(findTestObject("Generic/header"), 10).getText(): null&#xD;
&#xD;
2020-06-30 09:22:24 - [TEST_STEP][PASSED] - setText(findTestObject("Input/searchForQuestion"), newSearchQuestion): Text 'suspected fraud' is set on object 'Object Repository/Input/searchForQuestion'&#xD;
&#xD;
2020-06-30 09:22:28 - [MESSAGE][PASSED] - Text 'suspected fraud' is set on object 'Object Repository/Input/searchForQuestion'&#xD;
&#xD;
2020-06-30 09:22:28 - [TEST_STEP][PASSED] - platform.Method.toClickOnWebElement(findTestObject("Generic/searchResult")): platform.Method.toClickOnWebElement is PASSED&#xD;
&#xD;
2020-06-30 09:22:31 - [MESSAGE][PASSED] - Object: 'Object Repository/Generic/searchResult' is clicked on&#xD;
&#xD;
2020-06-30 09:22:31 - [MESSAGE][PASSED] - platform.Method.toClickOnWebElement is PASSED&#xD;
&#xD;
2020-06-30 09:22:31 - [TEST_STEP][PASSED] - newFirstQuestion = findWebElement(findTestObject("Generic/header"), 10).getText(): null&#xD;
&#xD;
2020-06-30 09:22:33 - [TEST_STEP][PASSED] - assert firstQuestion.equalsIgnoreCase(newFirstQuestion) == false: null</system-out>
            <system-err></system-err>
        </testcase>
        <testcase name="Test Cases/Faqbot/downvoteWithComment_Test" classname="Test Cases/Faqbot/downvoteWithComment_Test" status="PASSED">
            <system-out>2020-06-30 09:22:33 - [TEST_CASE][PASSED] - Test Cases/Faqbot/downvoteWithComment_Test: Test Cases/Faqbot/downvoteWithComment_Test&#xD;
&#xD;
2020-06-30 09:22:34 - [TEST_STEP][PASSED] - Start listener action : setUp: Current window maximized&#xD;
&#xD;
2020-06-30 09:22:34 - [TEST_STEP][PASSED] - openBrowser(URL): Browser is opened with url: 'imibot.ai'&#xD;
&#xD;
2020-06-30 09:22:34 - [MESSAGE][WARNING] - A browser is already opened. Closing browser and opening a new one&#xD;
&#xD;
2020-06-30 09:22:37 - [MESSAGE][INFO] - Starting 'Chrome' driver&#xD;
&#xD;
2020-06-30 09:22:37 - [MESSAGE][INFO] - User set preference: ['args', '[--start-maximized]']&#xD;
&#xD;
2020-06-30 09:22:49 - [MESSAGE][PASSED] - Browser is opened with url: 'imibot.ai'&#xD;
&#xD;
2020-06-30 09:22:49 - [TEST_STEP][PASSED] - maximizeWindow(): Current window maximized&#xD;
&#xD;
2020-06-30 09:22:51 - [MESSAGE][PASSED] - Current window maximized&#xD;
&#xD;
2020-06-30 09:22:53 - [TEST_STEP][PASSED] - callTestCase(findTestCase("Generic/successfulLogin_Test"), [:], STOP_ON_FAILURE): Call Test Case 'Test Cases/Generic/successfulLogin_Test' successfully&#xD;
&#xD;
2020-06-30 09:22:53 - [TEST_CASE][PASSED] - Test Cases/Generic/successfulLogin_Test: Test Cases/Generic/successfulLogin_Test&#xD;
&#xD;
2020-06-30 09:22:53 - [TEST_STEP][PASSED] - sendKeys(findTestObject("Input/username"), username): Keys 'narendra.n@imimobile.com' sent to object: 'Object Repository/Input/username'&#xD;
&#xD;
2020-06-30 09:22:56 - [MESSAGE][PASSED] - Keys 'narendra.n@imimobile.com' sent to object: 'Object Repository/Input/username'&#xD;
&#xD;
2020-06-30 09:22:56 - [TEST_STEP][PASSED] - sendKeys(findTestObject("Input/password"), password): Keys 'Test@2020' sent to object: 'Object Repository/Input/password'&#xD;
&#xD;
2020-06-30 09:22:59 - [MESSAGE][PASSED] - Keys 'Test@2020' sent to object: 'Object Repository/Input/password'&#xD;
&#xD;
2020-06-30 09:22:59 - [TEST_STEP][PASSED] - click(findTestObject("Button/signIn")): Object: 'Object Repository/Button/signIn' is clicked on&#xD;
&#xD;
2020-06-30 09:23:02 - [MESSAGE][PASSED] - Object: 'Object Repository/Button/signIn' is clicked on&#xD;
&#xD;
2020-06-30 09:23:02 - [TEST_STEP][PASSED] - if (!(waitForElementPresent(findTestObject("Button/createBot"), 30, OPTIONAL))): Object 'Object Repository/Button/createBot' is present&#xD;
&#xD;
2020-06-30 09:23:14 - [MESSAGE][PASSED] - Object 'Object Repository/Button/createBot' is present&#xD;
&#xD;
2020-06-30 09:23:14 - [MESSAGE][PASSED] - Call Test Case 'Test Cases/Generic/successfulLogin_Test' successfully&#xD;
&#xD;
2020-06-30 09:23:14 - [TEST_STEP][PASSED] - platform.Method.navigateToBot("Q&amp;A bots", FAQ_BOT): platform.Method.navigateToBot is PASSED&#xD;
&#xD;
2020-06-30 09:23:16 - [MESSAGE][PASSED] - Object 'Object Repository/Button/createBot' is present&#xD;
&#xD;
2020-06-30 09:23:18 - [MESSAGE][INFO] - Performing click action on bot&#xD;
&#xD;
2020-06-30 09:23:21 - [MESSAGE][PASSED] - platform.Method.navigateToBot is PASSED&#xD;
&#xD;
2020-06-30 09:23:21 - [TEST_STEP][PASSED] - platform.Method.clickOnElement(findTestObject("Generic/articles")): platform.Method.clickOnElement is PASSED&#xD;
&#xD;
2020-06-30 09:23:27 - [MESSAGE][PASSED] - platform.Method.clickOnElement is PASSED&#xD;
&#xD;
2020-06-30 09:23:27 - [TEST_STEP][PASSED] - platform.Method.trainAndComment(comment): platform.Method.trainAndComment is PASSED&#xD;
&#xD;
2020-06-30 09:23:35 - [MESSAGE][INFO] - Unable to find the element located by 'By.xpath: //button[contains(text(),'Train')]'. Please recheck the objects properties to make sure the desired element is located. &#xD;
&#xD;
2020-06-30 09:23:35 - [MESSAGE][INFO] - BOT STATE IS TRAINED&#xD;
&#xD;
2020-06-30 09:23:35 - [MESSAGE][PASSED] - platform.Method.trainAndComment is PASSED&#xD;
&#xD;
2020-06-30 09:23:35 - [TEST_STEP][PASSED] - try: Object 'Object Repository/ICONS/toastMsg' is present&#xD;
&#xD;
2020-06-30 09:23:35 - [TEST_STEP][PASSED] - waitForElementPresent(findTestObject("ICONS/toastMsg"), 10): Object 'Object Repository/ICONS/toastMsg' is present&#xD;
&#xD;
2020-06-30 09:23:36 - [MESSAGE][PASSED] - Object 'Object Repository/ICONS/toastMsg' is present&#xD;
&#xD;
2020-06-30 09:23:36 - [TEST_STEP][PASSED] - platform.Method.clickOnElement(findTestObject("Button/preview")): platform.Method.clickOnElement is PASSED&#xD;
&#xD;
2020-06-30 09:23:39 - [MESSAGE][PASSED] - platform.Method.clickOnElement is PASSED&#xD;
&#xD;
2020-06-30 09:23:39 - [TEST_STEP][PASSED] - waitForElementPresent(findTestObject("Input/chatInput"), 20, STOP_ON_FAILURE): Object 'Object Repository/Input/chatInput' is present&#xD;
&#xD;
2020-06-30 09:23:40 - [MESSAGE][PASSED] - Object 'Object Repository/Input/chatInput' is present&#xD;
&#xD;
2020-06-30 09:23:40 - [TEST_STEP][PASSED] - sendKeys(findTestObject("Input/chatInput"), Keys.chord(userQuery, ENTER)): Keys 'ENTER + what is loyalty program?' sent to object: 'Object Repository/Input/chatInput'&#xD;
&#xD;
2020-06-30 09:23:43 - [MESSAGE][PASSED] - Keys 'ENTER + what is loyalty program?' sent to object: 'Object Repository/Input/chatInput'&#xD;
&#xD;
2020-06-30 09:23:43 - [TEST_STEP][PASSED] - verifyElementText(findTestObject("Generic/botReponse", ["index":2]), botResponse, OPTIONAL): Actual text and expected text of test object 'Object Repository/Generic/botReponse' are matched.&#xD;
&#xD;
2020-06-30 09:23:45 - [MESSAGE][PASSED] - Actual text and expected text of test object 'Object Repository/Generic/botReponse' are matched.&#xD;
&#xD;
2020-06-30 09:23:45 - [TEST_STEP][PASSED] - platform.Preview.downvoteResponseWithComment(downvoteComment): platform.Preview.downvoteResponseWithComment is PASSED&#xD;
&#xD;
2020-06-30 09:23:48 - [MESSAGE][PASSED] - Object: 'Object Repository/Button/downvote' is clicked on&#xD;
&#xD;
2020-06-30 09:23:51 - [MESSAGE][PASSED] - Keys 'Bot response doesn't answer my query' sent to object: 'Object Repository/Input/downvoteComment'&#xD;
&#xD;
2020-06-30 09:23:54 - [MESSAGE][PASSED] - platform.Preview.downvoteResponseWithComment is PASSED&#xD;
&#xD;
2020-06-30 09:23:54 - [TEST_STEP][PASSED] - getRoomIdAt = new java.util.ArrayList(): null&#xD;
&#xD;
2020-06-30 09:23:54 - [TEST_STEP][PASSED] - getRoomIdAt = platform.Utility.getRoomID(): platform.Utility.getRoomID is PASSED&#xD;
&#xD;
2020-06-30 09:23:58 - [MESSAGE][PASSED] - platform.Utility.getRoomID is PASSED&#xD;
&#xD;
2020-06-30 09:23:58 - [TEST_STEP][PASSED] - roomID = get(0).toString(): null&#xD;
&#xD;
2020-06-30 09:23:58 - [TEST_STEP][PASSED] - platform.Utility.overWriteTestData(sheetName, rowNumber, cellNumber, roomID): platform.Utility.overWriteTestData is PASSED&#xD;
&#xD;
2020-06-30 09:23:59 - [MESSAGE][PASSED] - platform.Utility.overWriteTestData is PASSED&#xD;
&#xD;
2020-06-30 09:23:59 - [TEST_STEP][PASSED] - platform.Method.clickOnElement(findTestObject("Generic/session")): platform.Method.clickOnElement is PASSED&#xD;
&#xD;
2020-06-30 09:24:02 - [MESSAGE][PASSED] - platform.Method.clickOnElement is PASSED&#xD;
&#xD;
2020-06-30 09:24:02 - [TEST_STEP][PASSED] - platform.Method.clickOnElement(findTestObject("GenericII/minimize")): platform.Method.clickOnElement is PASSED&#xD;
&#xD;
2020-06-30 09:24:04 - [MESSAGE][PASSED] - platform.Method.clickOnElement is PASSED&#xD;
&#xD;
2020-06-30 09:24:04 - [TEST_STEP][PASSED] - setText(findTestObject("Input/roomID", ["value":"id"]), roomID): Text '3813603' is set on object 'Object Repository/Input/roomID'&#xD;
&#xD;
2020-06-30 09:24:09 - [MESSAGE][PASSED] - Text '3813603' is set on object 'Object Repository/Input/roomID'&#xD;
&#xD;
2020-06-30 09:24:09 - [TEST_STEP][PASSED] - platform.Method.clickOnElement(findTestObject("Button/submitSession")): platform.Method.clickOnElement is PASSED&#xD;
&#xD;
2020-06-30 09:24:11 - [MESSAGE][PASSED] - platform.Method.clickOnElement is PASSED&#xD;
&#xD;
2020-06-30 09:24:11 - [TEST_STEP][PASSED] - waitForElementPresent(findTestObject("Generic/webObjectWithText", ["textValue":roomID]), 10): Object 'Object Repository/Generic/webObjectWithText' is present&#xD;
&#xD;
2020-06-30 09:24:12 - [MESSAGE][PASSED] - Object 'Object Repository/Generic/webObjectWithText' is present&#xD;
&#xD;
2020-06-30 09:24:12 - [TEST_STEP][PASSED] - platform.Method.clickOnElement(findTestObject("Generic/webObjectWithText", ["textValue":roomID])): platform.Method.clickOnElement is PASSED&#xD;
&#xD;
2020-06-30 09:24:15 - [MESSAGE][PASSED] - platform.Method.clickOnElement is PASSED&#xD;
&#xD;
2020-06-30 09:24:15 - [TEST_STEP][PASSED] - mouseOver(findTestObject("Generic/webObjectWithText", ["textValue":"Downvoted with comment"])): Object: 'Object Repository/Generic/webObjectWithText' is hovered&#xD;
&#xD;
2020-06-30 09:24:17 - [MESSAGE][PASSED] - Object: 'Object Repository/Generic/webObjectWithText' is hovered&#xD;
&#xD;
2020-06-30 09:24:17 - [TEST_STEP][PASSED] - platform.Method.clickOnElement(findTestObject("Generic/webObjectWithText", ["textValue":"Downvoted with comment"])): platform.Method.clickOnElement is PASSED&#xD;
&#xD;
2020-06-30 09:24:20 - [MESSAGE][PASSED] - platform.Method.clickOnElement is PASSED</system-out>
            <system-err></system-err>
        </testcase>
        <testcase name="Test Cases/Faqbot/addToCurationFromSessions_Test" classname="Test Cases/Faqbot/addToCurationFromSessions_Test" status="PASSED">
            <system-out>2020-06-30 09:24:20 - [TEST_CASE][PASSED] - Test Cases/Faqbot/addToCurationFromSessions_Test: Test Cases/Faqbot/addToCurationFromSessions_Test&#xD;
&#xD;
2020-06-30 09:24:20 - [TEST_STEP][PASSED] - Start listener action : setUp: Current window maximized&#xD;
&#xD;
2020-06-30 09:24:20 - [TEST_STEP][PASSED] - openBrowser(URL): Browser is opened with url: 'imibot.ai'&#xD;
&#xD;
2020-06-30 09:24:20 - [MESSAGE][WARNING] - A browser is already opened. Closing browser and opening a new one&#xD;
&#xD;
2020-06-30 09:24:23 - [MESSAGE][INFO] - Starting 'Chrome' driver&#xD;
&#xD;
2020-06-30 09:24:23 - [MESSAGE][INFO] - User set preference: ['args', '[--start-maximized]']&#xD;
&#xD;
2020-06-30 09:24:40 - [MESSAGE][PASSED] - Browser is opened with url: 'imibot.ai'&#xD;
&#xD;
2020-06-30 09:24:40 - [TEST_STEP][PASSED] - maximizeWindow(): Current window maximized&#xD;
&#xD;
2020-06-30 09:24:42 - [MESSAGE][PASSED] - Current window maximized&#xD;
&#xD;
2020-06-30 09:24:42 - [TEST_STEP][PASSED] - callTestCase(findTestCase("Generic/successfulLogin_Test"), [:], STOP_ON_FAILURE): Call Test Case 'Test Cases/Generic/successfulLogin_Test' successfully&#xD;
&#xD;
2020-06-30 09:24:42 - [TEST_CASE][PASSED] - Test Cases/Generic/successfulLogin_Test: Test Cases/Generic/successfulLogin_Test&#xD;
&#xD;
2020-06-30 09:24:42 - [TEST_STEP][PASSED] - sendKeys(findTestObject("Input/username"), username): Keys 'narendra.n@imimobile.com' sent to object: 'Object Repository/Input/username'&#xD;
&#xD;
2020-06-30 09:24:45 - [MESSAGE][PASSED] - Keys 'narendra.n@imimobile.com' sent to object: 'Object Repository/Input/username'&#xD;
&#xD;
2020-06-30 09:24:45 - [TEST_STEP][PASSED] - sendKeys(findTestObject("Input/password"), password): Keys 'Test@2020' sent to object: 'Object Repository/Input/password'&#xD;
&#xD;
2020-06-30 09:24:48 - [MESSAGE][PASSED] - Keys 'Test@2020' sent to object: 'Object Repository/Input/password'&#xD;
&#xD;
2020-06-30 09:24:48 - [TEST_STEP][PASSED] - click(findTestObject("Button/signIn")): Object: 'Object Repository/Button/signIn' is clicked on&#xD;
&#xD;
2020-06-30 09:24:51 - [MESSAGE][PASSED] - Object: 'Object Repository/Button/signIn' is clicked on&#xD;
&#xD;
2020-06-30 09:24:51 - [TEST_STEP][PASSED] - if (!(waitForElementPresent(findTestObject("Button/createBot"), 30, OPTIONAL))): Object 'Object Repository/Button/createBot' is present&#xD;
&#xD;
2020-06-30 09:25:05 - [MESSAGE][PASSED] - Object 'Object Repository/Button/createBot' is present&#xD;
&#xD;
2020-06-30 09:25:05 - [MESSAGE][PASSED] - Call Test Case 'Test Cases/Generic/successfulLogin_Test' successfully&#xD;
&#xD;
2020-06-30 09:25:05 - [TEST_STEP][PASSED] - platform.Method.navigateToBot("Q&amp;A bots", FAQ_BOT): platform.Method.navigateToBot is PASSED&#xD;
&#xD;
2020-06-30 09:25:06 - [MESSAGE][PASSED] - Object 'Object Repository/Button/createBot' is present&#xD;
&#xD;
2020-06-30 09:25:08 - [MESSAGE][INFO] - Performing click action on bot&#xD;
&#xD;
2020-06-30 09:25:11 - [MESSAGE][PASSED] - platform.Method.navigateToBot is PASSED&#xD;
&#xD;
2020-06-30 09:25:11 - [TEST_STEP][PASSED] - platform.Method.clickOnElement(findTestObject("Generic/articles")): platform.Method.clickOnElement is PASSED&#xD;
&#xD;
2020-06-30 09:25:16 - [MESSAGE][PASSED] - platform.Method.clickOnElement is PASSED&#xD;
&#xD;
2020-06-30 09:25:16 - [TEST_STEP][PASSED] - platform.Method.trainAndComment(comment): platform.Method.trainAndComment is PASSED&#xD;
&#xD;
2020-06-30 09:25:22 - [MESSAGE][INFO] - Unable to find the element located by 'By.xpath: //button[contains(text(),'Train')]'. Please recheck the objects properties to make sure the desired element is located. &#xD;
&#xD;
2020-06-30 09:25:22 - [MESSAGE][INFO] - BOT STATE IS TRAINED&#xD;
&#xD;
2020-06-30 09:25:22 - [MESSAGE][PASSED] - platform.Method.trainAndComment is PASSED&#xD;
&#xD;
2020-06-30 09:25:22 - [TEST_STEP][PASSED] - platform.Method.clickOnElement(findTestObject("Generic/session")): platform.Method.clickOnElement is PASSED&#xD;
&#xD;
2020-06-30 09:25:25 - [MESSAGE][PASSED] - platform.Method.clickOnElement is PASSED&#xD;
&#xD;
2020-06-30 09:25:25 - [TEST_STEP][PASSED] - platform.Method.clickOnElement(findTestObject("Button/preview")): platform.Method.clickOnElement is PASSED&#xD;
&#xD;
2020-06-30 09:25:28 - [MESSAGE][PASSED] - platform.Method.clickOnElement is PASSED&#xD;
&#xD;
2020-06-30 09:25:28 - [TEST_STEP][PASSED] - sendKeys(findTestObject("Input/chatInput"), Keys.chord(userQuery, ENTER)): Keys 'ENTER + How balance transfer works in credit card?' sent to object: 'Object Repository/Input/chatInput'&#xD;
&#xD;
2020-06-30 09:25:32 - [MESSAGE][PASSED] - Keys 'ENTER + How balance transfer works in credit card?' sent to object: 'Object Repository/Input/chatInput'&#xD;
&#xD;
2020-06-30 09:25:32 - [TEST_STEP][PASSED] - getRoomIdAt = new java.util.ArrayList(): null&#xD;
&#xD;
2020-06-30 09:25:32 - [TEST_STEP][PASSED] - getRoomIdAt = platform.Utility.getRoomID(): platform.Utility.getRoomID is PASSED&#xD;
&#xD;
2020-06-30 09:25:37 - [MESSAGE][PASSED] - platform.Utility.getRoomID is PASSED&#xD;
&#xD;
2020-06-30 09:25:37 - [TEST_STEP][PASSED] - platform.Method.clickOnElement(findTestObject("GenericII/minimize")): platform.Method.clickOnElement is PASSED&#xD;
&#xD;
2020-06-30 09:25:39 - [MESSAGE][PASSED] - platform.Method.clickOnElement is PASSED&#xD;
&#xD;
2020-06-30 09:25:39 - [TEST_STEP][PASSED] - roomID = get(0).toString(): null&#xD;
&#xD;
2020-06-30 09:25:39 - [TEST_STEP][PASSED] - platform.Utility.overWriteTestData(sheetName, rowNumber, cellNumber, roomID): platform.Utility.overWriteTestData is PASSED&#xD;
&#xD;
2020-06-30 09:25:40 - [MESSAGE][PASSED] - platform.Utility.overWriteTestData is PASSED&#xD;
&#xD;
2020-06-30 09:25:40 - [TEST_STEP][PASSED] - setText(findTestObject("Input/roomID", ["value":"id"]), roomID): Text '3813616' is set on object 'Object Repository/Input/roomID'&#xD;
&#xD;
2020-06-30 09:25:44 - [MESSAGE][PASSED] - Text '3813616' is set on object 'Object Repository/Input/roomID'&#xD;
&#xD;
2020-06-30 09:25:44 - [TEST_STEP][PASSED] - platform.Method.clickOnElement(findTestObject("Button/submitSession")): platform.Method.clickOnElement is PASSED&#xD;
&#xD;
2020-06-30 09:25:47 - [MESSAGE][PASSED] - platform.Method.clickOnElement is PASSED&#xD;
&#xD;
2020-06-30 09:25:47 - [TEST_STEP][PASSED] - platform.Method.clickOnElement(findTestObject("Generic/webObjectWithText", ["textValue":roomID])): platform.Method.clickOnElement is PASSED&#xD;
&#xD;
2020-06-30 09:25:49 - [MESSAGE][PASSED] - platform.Method.clickOnElement is PASSED&#xD;
&#xD;
2020-06-30 09:25:49 - [TEST_STEP][PASSED] - platform.Method.clickOnElement(findTestObject("NewRepo/addToCurationFlag", ["index":1])): platform.Method.clickOnElement is PASSED&#xD;
&#xD;
2020-06-30 09:25:54 - [MESSAGE][PASSED] - platform.Method.clickOnElement is PASSED&#xD;
&#xD;
2020-06-30 09:25:54 - [TEST_STEP][PASSED] - verifyElementPresent(findTestObject("NewRepo/messageInCuration"), 10, STOP_ON_FAILURE): Object 'Object Repository/NewRepo/messageInCuration' is present&#xD;
&#xD;
2020-06-30 09:25:55 - [MESSAGE][PASSED] - Object 'Object Repository/NewRepo/messageInCuration' is present&#xD;
&#xD;
2020-06-30 09:25:55 - [TEST_STEP][PASSED] - platform.Method.toClickOnWebElement(findTestObject("GenericII/closePopup")): platform.Method.toClickOnWebElement is PASSED&#xD;
&#xD;
2020-06-30 09:25:58 - [MESSAGE][PASSED] - Object: 'Object Repository/GenericII/closePopup' is clicked on&#xD;
&#xD;
2020-06-30 09:25:58 - [MESSAGE][PASSED] - platform.Method.toClickOnWebElement is PASSED&#xD;
&#xD;
2020-06-30 09:25:58 - [TEST_STEP][PASSED] - platform.Method.clickOnElement(findTestObject("Generic/curation")): platform.Method.clickOnElement is PASSED&#xD;
&#xD;
2020-06-30 09:26:01 - [MESSAGE][PASSED] - platform.Method.clickOnElement is PASSED&#xD;
&#xD;
2020-06-30 09:26:01 - [TEST_STEP][PASSED] - platform.Method.clickOnElement(findTestObject("Generic/webObjectWithText", ["textValue":" From sessions "])): platform.Method.clickOnElement is PASSED&#xD;
&#xD;
2020-06-30 09:26:03 - [MESSAGE][PASSED] - platform.Method.clickOnElement is PASSED&#xD;
&#xD;
[...]
	at com.kms.katalon.core.main.TestSuiteExecutor.accessTestSuiteMainPhase(TestSuiteExecutor.java:142)&#xD;
	at com.kms.katalon.core.main.TestSuiteExecutor.execute(TestSuiteExecutor.java:91)&#xD;
	at com.kms.katalon.core.main.TestCaseMain.startTestSuite(TestCaseMain.java:157)&#xD;
	at com.kms.katalon.core.main.TestCaseMain$startTestSuite$0.call(Unknown Source)&#xD;
	at TempTestSuite1593488265528.run(TempTestSuite1593488265528.groovy:35)&#xD;
)&#xD;
&#xD;
2020-06-30 09:50:28 - [MESSAGE][WARNING] - Actual text '' and expected text 'Sorry, I could not understand your message. Could you please rephrase that?' of test object 'Object Repository/GenericII/getBotResponse' are NOT matched. (Root cause: com.kms.katalon.core.exception.StepFailedException: Actual text '' and expected text 'Sorry, I could not understand your message. Could you please rephrase that?' of test object 'Object Repository/GenericII/getBotResponse' are NOT matched.&#xD;
	at com.kms.katalon.core.webui.keyword.internal.WebUIKeywordMain.stepFailed(WebUIKeywordMain.groovy:64)&#xD;
	at com.kms.katalon.core.webui.keyword.builtin.VerifyElementTextKeyword$_verifyElementText_closure1.doCall(VerifyElementTextKeyword.groovy:57)&#xD;
	at com.kms.katalon.core.webui.keyword.builtin.VerifyElementTextKeyword$_verifyElementText_closure1.call(VerifyElementTextKeyword.groovy)&#xD;
	at com.kms.katalon.core.webui.keyword.internal.WebUIKeywordMain.runKeyword(WebUIKeywordMain.groovy:20)&#xD;
	at com.kms.katalon.core.webui.keyword.builtin.VerifyElementTextKeyword.verifyElementText(VerifyElementTextKeyword.groovy:72)&#xD;
	at com.kms.katalon.core.webui.keyword.builtin.VerifyElementTextKeyword.execute(VerifyElementTextKeyword.groovy:40)&#xD;
	at com.kms.katalon.core.keyword.internal.KeywordExecutor.executeKeywordForPlatform(KeywordExecutor.groovy:56)&#xD;
	at com.kms.katalon.core.webui.keyword.WebUiBuiltInKeywords.verifyElementText(WebUiBuiltInKeywords.groovy:3647)&#xD;
	at com.kms.katalon.core.webui.keyword.WebUiBuiltInKeywords$verifyElementText$5.call(Unknown Source)&#xD;
	at customSynonymsE2E_Test.run(customSynonymsE2E_Test:50)&#xD;
	at com.kms.katalon.core.main.ScriptEngine.run(ScriptEngine.java:194)&#xD;
	at com.kms.katalon.core.main.ScriptEngine.runScriptAsRawText(ScriptEngine.java:119)&#xD;
	at com.kms.katalon.core.main.TestCaseExecutor.runScript(TestCaseExecutor.java:337)&#xD;
	at com.kms.katalon.core.main.TestCaseExecutor.doExecute(TestCaseExecutor.java:328)&#xD;
	at com.kms.katalon.core.main.TestCaseExecutor.processExecutionPhase(TestCaseExecutor.java:307)&#xD;
	at com.kms.katalon.core.main.TestCaseExecutor.accessMainPhase(TestCaseExecutor.java:299)&#xD;
	at com.kms.katalon.core.main.TestCaseExecutor.execute(TestCaseExecutor.java:233)&#xD;
	at com.kms.katalon.core.main.TestSuiteExecutor.accessTestCaseMainPhase(TestSuiteExecutor.java:169)&#xD;
	at com.kms.katalon.core.main.TestSuiteExecutor.accessTestSuiteMainPhase(TestSuiteExecutor.java:142)&#xD;
	at com.kms.katalon.core.main.TestSuiteExecutor.execute(TestSuiteExecutor.java:91)&#xD;
	at com.kms.katalon.core.main.TestCaseMain.startTestSuite(TestCaseMain.java:157)&#xD;
	at com.kms.katalon.core.main.TestCaseMain$startTestSuite$0.call(Unknown Source)&#xD;
	at TempTestSuite1593488265528.run(TempTestSuite1593488265528.groovy:35)&#xD;
)&#xD;
[[ATTACHMENT|D:\\IMIbot.ai-Project\\Reports\\20200630_090743\\faqSuiteE2E\\20200630_090745\\1593490822764.png]]&#xD;
&#xD;
2020-06-30 09:50:28 - [TEST_STEP][PASSED] - platform.Method.clickOnElement(findTestObject("GenericII/minimize")): platform.Method.clickOnElement is PASSED&#xD;
&#xD;
2020-06-30 09:50:31 - [MESSAGE][PASSED] - platform.Method.clickOnElement is PASSED&#xD;
&#xD;
2020-06-30 09:50:31 - [TEST_STEP][PASSED] - platform.Method.clickOnElement(findTestObject("Generic/webObjectWithText", ["textValue":"Custom synonyms"])): platform.Method.clickOnElement is PASSED&#xD;
&#xD;
2020-06-30 09:50:33 - [MESSAGE][PASSED] - platform.Method.clickOnElement is PASSED&#xD;
&#xD;
2020-06-30 09:50:33 - [TEST_STEP][PASSED] - platform.Method.clickOnElement(findTestObject("Button/rootword")): platform.Method.clickOnElement is PASSED&#xD;
&#xD;
2020-06-30 09:50:36 - [MESSAGE][PASSED] - platform.Method.clickOnElement is PASSED&#xD;
&#xD;
2020-06-30 09:50:36 - [TEST_STEP][PASSED] - saveBtn = modifyObjectProperty(findTestObject("Button/save", ["value":" Save "]), "xpath", "equals", "//span[text()=' Save ']//ancestor::button", true, STOP_ON_FAILURE): Modify property of object successfully&#xD;
&#xD;
2020-06-30 09:50:36 - [MESSAGE][PASSED] - Modify property of object successfully&#xD;
&#xD;
2020-06-30 09:50:36 - [TEST_STEP][PASSED] - verifyElementHasAttribute(saveBtn, "disabled", 10, STOP_ON_FAILURE): Object 'Object Repository/Button/save' has attribute 'disabled'&#xD;
&#xD;
2020-06-30 09:50:38 - [MESSAGE][PASSED] - Object 'Object Repository/Button/save' has attribute 'disabled'&#xD;
&#xD;
2020-06-30 09:50:38 - [TEST_STEP][PASSED] - testData = findTestData("Data Files/testData_FAQ"): null&#xD;
&#xD;
2020-06-30 09:50:39 - [TEST_STEP][PASSED] - setText(findTestObject("Input/valueOfSynonym"), Keys.chord(testData.getValue("custom_syn_value", 1), ENTER)): Text 'ENTER + Hello' is set on object 'Object Repository/Input/valueOfSynonym'&#xD;
&#xD;
2020-06-30 09:50:42 - [MESSAGE][PASSED] - Text 'ENTER + Hello' is set on object 'Object Repository/Input/valueOfSynonym'&#xD;
&#xD;
2020-06-30 09:50:42 - [TEST_STEP][PASSED] - for ([count = 1, count &lt;= testData.getRowNumbers(), (count++)]): null&#xD;
&#xD;
2020-06-30 09:50:42 - [TEST_STEP][PASSED] - if (testData.getValue("synonyms", count) != ""): Text 'ENTER + Bonjour.' is set on object 'Object Repository/Input/synonyms'&#xD;
&#xD;
2020-06-30 09:50:42 - [TEST_STEP][PASSED] - setText(findTestObject("Input/synonyms", ["index":1]), Keys.chord(testData.getValue("synonyms", count), ENTER)): Text 'ENTER + Bonjour.' is set on object 'Object Repository/Input/synonyms'&#xD;
&#xD;
2020-06-30 09:50:47 - [MESSAGE][PASSED] - Text 'ENTER + Bonjour.' is set on object 'Object Repository/Input/synonyms'&#xD;
&#xD;
2020-06-30 09:50:47 - [TEST_STEP][PASSED] - if (testData.getValue("synonyms", count) != ""): Text 'ENTER + Hoi.H@llo' is set on object 'Object Repository/Input/synonyms'&#xD;
&#xD;
2020-06-30 09:50:47 - [TEST_STEP][PASSED] - setText(findTestObject("Input/synonyms", ["index":1]), Keys.chord(testData.getValue("synonyms", count), ENTER)): Text 'ENTER + Hoi.H@llo' is set on object 'Object Repository/Input/synonyms'&#xD;
&#xD;
2020-06-30 09:50:51 - [MESSAGE][PASSED] - Text 'ENTER + Hoi.H@llo' is set on object 'Object Repository/Input/synonyms'&#xD;
&#xD;
2020-06-30 09:50:51 - [TEST_STEP][PASSED] - if (testData.getValue("synonyms", count) != ""): Text 'ENTER + ¿Qué tal?' is set on object 'Object Repository/Input/synonyms'&#xD;
&#xD;
2020-06-30 09:50:51 - [TEST_STEP][PASSED] - setText(findTestObject("Input/synonyms", ["index":1]), Keys.chord(testData.getValue("synonyms", count), ENTER)): Text 'ENTER + ¿Qué tal?' is set on object 'Object Repository/Input/synonyms'&#xD;
&#xD;
2020-06-30 09:50:55 - [MESSAGE][PASSED] - Text 'ENTER + ¿Qué tal?' is set on object 'Object Repository/Input/synonyms'&#xD;
&#xD;
2020-06-30 09:50:55 - [TEST_STEP][PASSED] - if (testData.getValue("synonyms", count) != ""): Text 'ENTER + नमस्ते,' is set on object 'Object Repository/Input/synonyms'&#xD;
&#xD;
2020-06-30 09:50:55 - [TEST_STEP][PASSED] - setText(findTestObject("Input/synonyms", ["index":1]), Keys.chord(testData.getValue("synonyms", count), ENTER)): Text 'ENTER + नमस्ते,' is set on object 'Object Repository/Input/synonyms'&#xD;
&#xD;
2020-06-30 09:50:59 - [MESSAGE][PASSED] - Text 'ENTER + नमस्ते,' is set on object 'Object Repository/Input/synonyms'&#xD;
&#xD;
2020-06-30 09:50:59 - [TEST_STEP][PASSED] - if (testData.getValue("synonyms", count) != ""): null&#xD;
&#xD;
2020-06-30 09:50:59 - [TEST_STEP][PASSED] - else: null&#xD;
&#xD;
2020-06-30 09:50:59 - [TEST_STEP][PASSED] - break: null&#xD;
&#xD;
2020-06-30 09:50:59 - [TEST_STEP][PASSED] - platform.Method.clickOnElement(findTestObject("Button/importIcon")): platform.Method.clickOnElement is PASSED&#xD;
&#xD;
2020-06-30 09:51:01 - [MESSAGE][PASSED] - platform.Method.clickOnElement is PASSED&#xD;
&#xD;
2020-06-30 09:51:01 - [TEST_STEP][PASSED] - platform.Method.uploadCsvFile(false, "faqSynonyms.csv"): platform.Method.uploadCsvFile is PASSED&#xD;
&#xD;
2020-06-30 09:51:01 - [MESSAGE][INFO] - PREVIOUS DATA NOT BE OVERRIDDEN&#xD;
&#xD;
2020-06-30 09:51:04 - [MESSAGE][PASSED] - File 'D:/IMIbot.ai-Project/Collection/faqSynonyms.csv' sent to object: 'Object Repository/Input/uploadFile'&#xD;
&#xD;
2020-06-30 09:51:06 - [MESSAGE][PASSED] - platform.Method.uploadCsvFile is PASSED&#xD;
&#xD;
2020-06-30 09:51:06 - [TEST_STEP][PASSED] - delay(2): Delayed 2 second(s)&#xD;
&#xD;
2020-06-30 09:51:08 - [MESSAGE][PASSED] - Delayed 2 second(s)&#xD;
&#xD;
2020-06-30 09:51:08 - [TEST_STEP][PASSED] - platform.Method.clickOnElement(findTestObject("Button/btnDeleteChipOrRow", ["chipValue":" \@unwell ", "option":"cancel "])): platform.Method.clickOnElement is PASSED&#xD;
&#xD;
2020-06-30 09:51:10 - [MESSAGE][PASSED] - platform.Method.clickOnElement is PASSED&#xD;
&#xD;
2020-06-30 09:51:10 - [TEST_STEP][PASSED] - setText(findTestObject("Input/searchCustomSyn"), "FEELING GOOD"): Text 'FEELING GOOD' is set on object 'Object Repository/Input/searchCustomSyn'&#xD;
&#xD;
2020-06-30 09:51:14 - [MESSAGE][PASSED] - Text 'FEELING GOOD' is set on object 'Object Repository/Input/searchCustomSyn'&#xD;
&#xD;
2020-06-30 09:51:14 - [TEST_STEP][PASSED] - verifyElementPresent(findTestObject("ICONS/matChip", ["chipValue":" un-happy "]), 10, STOP_ON_FAILURE): Object 'Object Repository/ICONS/matChip' is present&#xD;
&#xD;
2020-06-30 09:51:16 - [MESSAGE][PASSED] - Object 'Object Repository/ICONS/matChip' is present&#xD;
&#xD;
2020-06-30 09:51:16 - [TEST_STEP][PASSED] - platform.Method.clickOnElement(saveBtn): platform.Method.clickOnElement is PASSED&#xD;
&#xD;
2020-06-30 09:51:18 - [MESSAGE][PASSED] - platform.Method.clickOnElement is PASSED&#xD;
&#xD;
2020-06-30 09:51:18 - [TEST_STEP][PASSED] - verifyElementText(findTestObject("Generic/articleState"), "Saved", STOP_ON_FAILURE): Actual text and expected text of test object 'Object Repository/Generic/articleState' are matched.&#xD;
&#xD;
2020-06-30 09:51:20 - [MESSAGE][PASSED] - Actual text and expected text of test object 'Object Repository/Generic/articleState' are matched.&#xD;
&#xD;
2020-06-30 09:51:20 - [TEST_STEP][PASSED] - platform.Method.trainAndComment(testData.getValue("comment", 8)): platform.Method.trainAndComment is PASSED&#xD;
&#xD;
2020-06-30 09:51:29 - [MESSAGE][PASSED] - Keys 'added custom synonym' sent to object: 'Object Repository/Input/comment'&#xD;
&#xD;
2020-06-30 09:51:31 - [MESSAGE][PASSED] - platform.Method.trainAndComment is PASSED&#xD;
&#xD;
2020-06-30 09:51:31 - [TEST_STEP][PASSED] - platform.Method.clickOnElement(findTestObject("Button/preview")): platform.Method.clickOnElement is PASSED&#xD;
&#xD;
2020-06-30 09:51:34 - [MESSAGE][PASSED] - platform.Method.clickOnElement is PASSED&#xD;
&#xD;
2020-06-30 09:51:34 - [TEST_STEP][PASSED] - sendKeys(findTestObject("Input/chatInput"), Keys.chord("आत्मावलम्बी भारतवर्ष अभियान से जुड़े लाभ क्या हैं", ENTER)): Keys 'ENTER + आत्मावलम्बी भारतवर्ष अभियान से जुड़े लाभ क्या हैं' sent to object: 'Object Repository/Input/chatInput'&#xD;
&#xD;
2020-06-30 09:51:38 - [MESSAGE][PASSED] - Keys 'ENTER + आत्मावलम्बी भारतवर्ष अभियान से जुड़े लाभ क्या हैं' sent to object: 'Object Repository/Input/chatInput'&#xD;
&#xD;
2020-06-30 09:51:38 - [TEST_STEP][PASSED] - delay(3): Delayed 3 second(s)&#xD;
&#xD;
2020-06-30 09:51:41 - [MESSAGE][PASSED] - Delayed 3 second(s)&#xD;
&#xD;
2020-06-30 09:51:41 - [TEST_STEP][PASSED] - verifyElementText(findTestObject("GenericII/getBotResponse", ["index":2]), testData.getValue("bot_answer", 1), STOP_ON_FAILURE): Actual text and expected text of test object 'Object Repository/GenericII/getBotResponse' are matched.&#xD;
&#xD;
2020-06-30 09:51:43 - [MESSAGE][PASSED] - Actual text and expected text of test object 'Object Repository/GenericII/getBotResponse' are matched.&#xD;
&#xD;
2020-06-30 09:51:43 - [TEST_STEP][PASSED] - platform.Method.clickOnElement(findTestObject("Button/upvote")): platform.Method.clickOnElement is PASSED&#xD;
&#xD;
2020-06-30 09:51:45 - [MESSAGE][PASSED] - platform.Method.clickOnElement is PASSED&#xD;
&#xD;
2020-06-30 09:51:45 - [TEST_STEP][PASSED] - sendKeys(findTestObject("Input/chatInput"), Keys.chord("سحب خدمة الإخطار", ENTER)): Keys 'ENTER + سحب خدمة الإخطار' sent to object: 'Object Repository/Input/chatInput'&#xD;
&#xD;
2020-06-30 09:51:48 - [MESSAGE][PASSED] - Keys 'ENTER + سحب خدمة الإخطار' sent to object: 'Object Repository/Input/chatInput'&#xD;
&#xD;
2020-06-30 09:51:48 - [TEST_STEP][PASSED] - delay(3): Delayed 3 second(s)&#xD;
&#xD;
2020-06-30 09:51:51 - [MESSAGE][PASSED] - Delayed 3 second(s)&#xD;
&#xD;
2020-06-30 09:51:51 - [TEST_STEP][PASSED] - verifyElementText(findTestObject("GenericII/getBotResponse", ["index":3]), testData.getValue("bot_answer", 2), STOP_ON_FAILURE): Actual text and expected text of test object 'Object Repository/GenericII/getBotResponse' are matched.&#xD;
&#xD;
2020-06-30 09:51:53 - [MESSAGE][PASSED] - Actual text and expected text of test object 'Object Repository/GenericII/getBotResponse' are matched.&#xD;
&#xD;
2020-06-30 09:51:53 - [TEST_STEP][PASSED] - sendKeys(findTestObject("Input/chatInput"), Keys.chord("नमस्ते,", ENTER)): Keys 'ENTER + नमस्ते,' sent to object: 'Object Repository/Input/chatInput'&#xD;
&#xD;
2020-06-30 09:51:56 - [MESSAGE][PASSED] - Keys 'ENTER + नमस्ते,' sent to object: 'Object Repository/Input/chatInput'&#xD;
&#xD;
2020-06-30 09:51:56 - [TEST_STEP][PASSED] - delay(3): Delayed 3 second(s)&#xD;
&#xD;
2020-06-30 09:51:59 - [MESSAGE][PASSED] - Delayed 3 second(s)&#xD;
&#xD;
2020-06-30 09:51:59 - [TEST_STEP][PASSED] - verifyElementText(findTestObject("GenericII/getBotResponse", ["index":4]), testData.getValue("bot_answer", 3), STOP_ON_FAILURE): Actual text and expected text of test object 'Object Repository/GenericII/getBotResponse' are matched.&#xD;
&#xD;
2020-06-30 09:52:01 - [MESSAGE][PASSED] - Actual text and expected text of test object 'Object Repository/GenericII/getBotResponse' are matched.&#xD;
&#xD;
2020-06-30 09:52:01 - [TEST_STEP][PASSED] - sendKeys(findTestObject("Input/chatInput"), Keys.chord("show me some re@l-est@ate", ENTER)): Keys 'ENTER + show me some re@l-est@ate' sent to object: 'Object Repository/Input/chatInput'&#xD;
&#xD;
2020-06-30 09:52:04 - [MESSAGE][PASSED] - Keys 'ENTER + show me some re@l-est@ate' sent to object: 'Object Repository/Input/chatInput'&#xD;
&#xD;
2020-06-30 09:52:04 - [TEST_STEP][PASSED] - delay(3): Delayed 3 second(s)&#xD;
&#xD;
2020-06-30 09:52:07 - [MESSAGE][PASSED] - Delayed 3 second(s)&#xD;
&#xD;
2020-06-30 09:52:07 - [TEST_STEP][PASSED] - verifyElementText(findTestObject("NewRepo/bannerTitle", ["index":2]), "Residential serviced apartment", STOP_ON_FAILURE): Actual text and expected text of test object 'Object Repository/NewRepo/bannerTitle' are matched.&#xD;
&#xD;
2020-06-30 09:52:09 - [MESSAGE][PASSED] - Actual text and expected text of test object 'Object Repository/NewRepo/bannerTitle' are matched.&#xD;
&#xD;
2020-06-30 09:52:09 - [TEST_STEP][PASSED] - platform.Method.clickOnElement(findTestObject("GenericII/minimize")): platform.Method.clickOnElement is PASSED&#xD;
&#xD;
2020-06-30 09:52:12 - [MESSAGE][PASSED] - platform.Method.clickOnElement is PASSED&#xD;
&#xD;
2020-06-30 09:52:12 - [TEST_STEP][PASSED] - platform.Method.clickOnElement(findTestObject("ICONS/clearSearch")): platform.Method.clickOnElement is PASSED&#xD;
&#xD;
2020-06-30 09:52:14 - [MESSAGE][PASSED] - platform.Method.clickOnElement is PASSED&#xD;
&#xD;
2020-06-30 09:52:14 - [TEST_STEP][PASSED] - platform.Method.clickOnElement(findTestObject("Button/btnDeleteChipOrRow", ["chipValue":" आन्दोलन ", "option":" close "])): platform.Method.clickOnElement is PASSED&#xD;
&#xD;
2020-06-30 09:52:17 - [MESSAGE][PASSED] - platform.Method.clickOnElement is PASSED&#xD;
&#xD;
2020-06-30 09:52:17 - [TEST_STEP][PASSED] - setText(findTestObject("Input/synonyms", ["index":2]), Keys.chord("help7less", ENTER)): Text 'ENTER + help7less' is set on object 'Object Repository/Input/synonyms'&#xD;
&#xD;
2020-06-30 09:52:21 - [MESSAGE][PASSED] - Text 'ENTER + help7less' is set on object 'Object Repository/Input/synonyms'&#xD;
&#xD;
2020-06-30 09:52:21 - [TEST_STEP][PASSED] - setText(findTestObject("Input/searchCustomSyn"), "7LeSS"): Text '7LeSS' is set on object 'Object Repository/Input/searchCustomSyn'&#xD;
&#xD;
2020-06-30 09:52:25 - [MESSAGE][PASSED] - Text '7LeSS' is set on object 'Object Repository/Input/searchCustomSyn'&#xD;
&#xD;
2020-06-30 09:52:25 - [TEST_STEP][PASSED] - verifyElementPresent(findTestObject("ICONS/matChip", ["chipValue":" help7less "]), 10, STOP_ON_FAILURE): Object 'Object Repository/ICONS/matChip' is present&#xD;
&#xD;
2020-06-30 09:52:26 - [MESSAGE][PASSED] - Object 'Object Repository/ICONS/matChip' is present&#xD;
&#xD;
2020-06-30 09:52:26 - [TEST_STEP][PASSED] - platform.Method.clickOnElement(saveBtn): platform.Method.clickOnElement is PASSED&#xD;
&#xD;
2020-06-30 09:52:28 - [MESSAGE][PASSED] - platform.Method.clickOnElement is PASSED</system-out>
            <system-err>2020-06-30 09:49:14 - [TEST_CASE][ERROR] - Test Cases/Faqbot/customSynonymsE2E_Test: Test Cases/Faqbot/customSynonymsE2E_Test FAILED.
Reason:
org.codehaus.groovy.runtime.InvokerInvocationException: com.kms.katalon.core.webui.exception.WebElementNotFoundException: Web element with id: 'Object Repository/Generic/searchResult' located by 'By.xpath: //*[@data-cy = 'article-search-results']' not found&#xD;
	at platform.Method.invokeMethod(Method.groovy)&#xD;
	at com.kms.katalon.core.main.CustomKeywordDelegatingMetaClass.invokeStaticMethod(CustomKeywordDelegatingMetaClass.java:50)&#xD;
	at customSynonymsE2E_Test.run(customSynonymsE2E_Test:28)&#xD;
	at com.kms.katalon.core.main.ScriptEngine.run(ScriptEngine.java:194)&#xD;
	at com.kms.katalon.core.main.ScriptEngine.runScriptAsRawText(ScriptEngine.java:119)&#xD;
	at com.kms.katalon.core.main.TestCaseExecutor.runScript(TestCaseExecutor.java:337)&#xD;
	at com.kms.katalon.core.main.TestCaseExecutor.doExecute(TestCaseExecutor.java:328)&#xD;
	at com.kms.katalon.core.main.TestCaseExecutor.processExecutionPhase(TestCaseExecutor.java:307)&#xD;
	at com.kms.katalon.core.main.TestCaseExecutor.accessMainPhase(TestCaseExecutor.java:299)&#xD;
	at com.kms.katalon.core.main.TestCaseExecutor.execute(TestCaseExecutor.java:233)&#xD;
	at com.kms.katalon.core.main.TestSuiteExecutor.accessTestCaseMainPhase(TestSuiteExecutor.java:169)&#xD;
	at com.kms.katalon.core.main.TestSuiteExecutor.accessTestSuiteMainPhase(TestSuiteExecutor.java:142)&#xD;
	at com.kms.katalon.core.main.TestSuiteExecutor.execute(TestSuiteExecutor.java:91)&#xD;
	at com.kms.katalon.core.main.TestCaseMain.startTestSuite(TestCaseMain.java:157)&#xD;
	at com.kms.katalon.core.main.TestCaseMain$startTestSuite$0.call(Unknown Source)&#xD;
	at TempTestSuite1593488265528.run(TempTestSuite1593488265528.groovy:35)&#xD;
Caused by: com.kms.katalon.core.webui.exception.WebElementNotFoundException: Web element with id: 'Object Repository/Generic/searchResult' located by 'By.xpath: //*[@data-cy = 'article-search-results']' not found&#xD;
	at com.kms.katalon.core.webui.common.WebUiCommonHelper.findWebElement(WebUiCommonHelper.java:1097)&#xD;
	at com.kms.katalon.core.webui.common.WebUiCommonHelper$findWebElement.call(Unknown Source)&#xD;
	at platform.Method.clickOnElement(Method.groovy:31)&#xD;
	... 16 more</system-err>
        </testcase>
        <system-out>2020-06-30 09:08:06 - [TEST_SUITE][INCOMPLETE] - faqSuiteE2E: null</system-out>
        <system-err>2020-06-30 09:08:06 - [TEST_SUITE][INCOMPLETE] - faqSuiteE2E: null</system-err>
    </testsuite>
</testsuites>
