<?xml version="1.0" encoding="UTF-8" standalone="yes"?>
<testsuites name="v4.x_TaskSuite" time="732" tests="7" failures="1" errors="1">
    <testsuite name="v4.x_TaskSuite" tests="7" failures="1" errors="1" time="732" timestamp="2021-02-17 17:14:20" hostname="narendra.n - WLPT580.imidomain.com" id="Test Suites/v4.x_TaskSuite">
        <properties>
            <property name="deviceName" value=""/>
            <property name="devicePlatform" value=""/>
            <property name="logFolder" value="D:\\2021\\IMIbot.ai-Project\\Reports\\20210217_171409\\v4.x_TaskSuite\\20210217_171410"/>
            <property name="logFiles" value="D:\\2021\\IMIbot.ai-Project\\Reports\\20210217_171409\\v4.x_TaskSuite\\20210217_171410\\execution0.log"/>
            <property name="attachments" value="D:\\2021\\IMIbot.ai-Project\\Reports\\20210217_171409\\v4.x_TaskSuite\\20210217_171410\\1613562433070.png, D:\\2021\\IMIbot.ai-Project\\Reports\\20210217_171409\\v4.x_TaskSuite\\20210217_171410\\D:/2021/IMIbot.ai-Project/Screenshot/freeform_loc.jpg, D:\\2021\\IMIbot.ai-Project\\Reports\\20210217_171409\\v4.x_TaskSuite\\20210217_171410\\1613562763591.png, D:\\2021\\IMIbot.ai-Project\\Reports\\20210217_171409\\v4.x_TaskSuite\\20210217_171410\\1613562783325.png"/>
            <property name="hostName" value="narendra.n - WLPT580.imidomain.com"/>
            <property name="os" value="Windows 8.1 64bit"/>
            <property name="katalonVersion" value="6.3.3.11"/>
            <property name="browser" value="Chrome 88.0.4324.150"/>
            <property name="hostAddress" value="192.168.29.195"/>
            <property name="sessionId" value="3c7f70cd59d9743463e0dce7a5773fb3"/>
            <property name="seleniumVersion" value="3.141.59"/>
            <property name="proxyInformation" value="ProxyInformation{proxyOption=NO_PROXY, proxyServerType=HTTP, password=, proxyServerAddress=, proxyServerPort=0}"/>
            <property name="platform" value="Windows 8.1"/>
        </properties>
        <testcase name="Test Cases/TASK_SSO/botCreation_Test" classname="Test Cases/TASK_SSO/botCreation_Test" status="PASSED">
            <system-out>2021-02-17 17:15:05 - [TEST_CASE][PASSED] - Test Cases/TASK_SSO/botCreation_Test: Test Cases/TASK_SSO/botCreation_Test&#xD;
&#xD;
2021-02-17 17:15:05 - [TEST_STEP][PASSED] - platform.Method.clickOnElement(findTestObject("Generic/webObjectWithText", ["textValue":"Task bots"])): platform.Method.clickOnElement is PASSED&#xD;
&#xD;
2021-02-17 17:15:11 - [MESSAGE][PASSED] - platform.Method.clickOnElement is PASSED&#xD;
&#xD;
2021-02-17 17:15:11 - [TEST_STEP][PASSED] - platform.Method.clickOnElement(findTestObject("Button/createBot")): platform.Method.clickOnElement is PASSED&#xD;
&#xD;
2021-02-17 17:15:14 - [MESSAGE][PASSED] - platform.Method.clickOnElement is PASSED&#xD;
&#xD;
2021-02-17 17:15:14 - [TEST_STEP][PASSED] - sendKeys(findTestObject("Input/botName"), nameOfTheBot): Keys 'v4.6 Task-Chrome' sent to object: 'Object Repository/Input/botName'&#xD;
&#xD;
2021-02-17 17:15:17 - [MESSAGE][PASSED] - Keys 'v4.6 Task-Chrome' sent to object: 'Object Repository/Input/botName'&#xD;
&#xD;
2021-02-17 17:15:17 - [TEST_STEP][PASSED] - platform.Method.clickOnElement(findTestObject("Toggle/feedback")): platform.Method.clickOnElement is PASSED&#xD;
&#xD;
2021-02-17 17:15:19 - [MESSAGE][PASSED] - platform.Method.clickOnElement is PASSED&#xD;
&#xD;
2021-02-17 17:15:19 - [TEST_STEP][PASSED] - platform.Method.clickOnElement(findTestObject("Button/done")): platform.Method.clickOnElement is PASSED&#xD;
&#xD;
2021-02-17 17:15:21 - [MESSAGE][PASSED] - platform.Method.clickOnElement is PASSED&#xD;
&#xD;
2021-02-17 17:15:21 - [TEST_STEP][PASSED] - waitForElementVisible(findTestObject("Generic/modelState"), 60, OPTIONAL): Object 'Object Repository/Generic/modelState' is visible&#xD;
&#xD;
2021-02-17 17:15:33 - [MESSAGE][PASSED] - Object 'Object Repository/Generic/modelState' is visible&#xD;
&#xD;
2021-02-17 17:15:33 - [TEST_STEP][PASSED] - if (!(verifyElementText(findTestObject("Generic/modelState"), "Trained", OPTIONAL))): Actual text and expected text of test object 'Object Repository/Generic/modelState' are matched.&#xD;
&#xD;
2021-02-17 17:15:35 - [MESSAGE][PASSED] - Actual text and expected text of test object 'Object Repository/Generic/modelState' are matched.</system-out>
            <system-err></system-err>
        </testcase>
        <testcase name="Test Cases/Sprint/v4.4/mapLocationEntityCreation_Test" classname="Test Cases/Sprint/v4.4/mapLocationEntityCreation_Test" status="PASSED">
            <system-out>2021-02-17 17:15:35 - [TEST_CASE][PASSED] - Test Cases/Sprint/v4.4/mapLocationEntityCreation_Test: Test Cases/Sprint/v4.4/mapLocationEntityCreation_Test&#xD;
&#xD;
2021-02-17 17:15:36 - [TEST_STEP][PASSED] - platform.Method.clickOnElement(findTestObject("Generic/training")): platform.Method.clickOnElement is PASSED&#xD;
&#xD;
2021-02-17 17:15:38 - [MESSAGE][PASSED] - platform.Method.clickOnElement is PASSED&#xD;
&#xD;
2021-02-17 17:15:38 - [TEST_STEP][PASSED] - testData = findTestData("Data Files/testData_Task"): null&#xD;
&#xD;
2021-02-17 17:15:40 - [TEST_STEP][PASSED] - platform.Method.clickOnElement(findTestObject("Generic/webObjectWithText", ["textValue":"Entities"])): platform.Method.clickOnElement is PASSED&#xD;
&#xD;
2021-02-17 17:15:42 - [MESSAGE][PASSED] - platform.Method.clickOnElement is PASSED&#xD;
&#xD;
2021-02-17 17:15:42 - [TEST_STEP][PASSED] - comment(" *** SCENARIO 1 STARTED ***"):  *** SCENARIO 1 STARTED ***&#xD;
&#xD;
2021-02-17 17:15:42 - [MESSAGE][INFO] -  *** SCENARIO 1 STARTED ***&#xD;
&#xD;
2021-02-17 17:15:42 - [TEST_STEP][PASSED] - platform.Method.clickOnElement(findTestObject("Button/createEntity")): platform.Method.clickOnElement is PASSED&#xD;
&#xD;
2021-02-17 17:15:45 - [MESSAGE][PASSED] - platform.Method.clickOnElement is PASSED&#xD;
&#xD;
2021-02-17 17:15:45 - [TEST_STEP][PASSED] - platform.Training.createEntity(testData.getValue("map_entity", 1), " Map location (whatsapp) ", null): platform.Training.createEntity is PASSED&#xD;
&#xD;
2021-02-17 17:15:48 - [MESSAGE][PASSED] - Keys 'map' sent to object: 'Object Repository/Input/entityName'&#xD;
&#xD;
2021-02-17 17:15:50 - [MESSAGE][INFO] - Entity Type:  Map location (whatsapp) &#xD;
&#xD;
2021-02-17 17:15:55 - [MESSAGE][PASSED] - platform.Training.createEntity is PASSED&#xD;
&#xD;
2021-02-17 17:15:55 - [TEST_STEP][PASSED] - waitForElementPresent(findTestObject("ICONS/toastMsg"), 20, CONTINUE_ON_FAILURE): Object 'Object Repository/ICONS/toastMsg' is present&#xD;
&#xD;
2021-02-17 17:15:57 - [MESSAGE][PASSED] - Object 'Object Repository/ICONS/toastMsg' is present&#xD;
&#xD;
2021-02-17 17:15:57 - [TEST_STEP][PASSED] - comment(" *** VALIDATION --&gt; ENTITY CREATION CHECK ***"):  *** VALIDATION --&gt; ENTITY CREATION CHECK ***&#xD;
&#xD;
2021-02-17 17:15:57 - [MESSAGE][INFO] -  *** VALIDATION --&gt; ENTITY CREATION CHECK ***&#xD;
&#xD;
2021-02-17 17:15:57 - [TEST_STEP][PASSED] - mapElement = findWebElements(findTestObject("GenericII/listOfEntityNames"), 5).get(0): null&#xD;
&#xD;
2021-02-17 17:15:58 - [TEST_STEP][PASSED] - assert getText().contentEquals("map") == true: null&#xD;
&#xD;
2021-02-17 17:15:59 - [TEST_STEP][PASSED] - comment(" *** SCENARIO 2 STARTED ***"):  *** SCENARIO 2 STARTED ***&#xD;
&#xD;
2021-02-17 17:15:59 - [MESSAGE][INFO] -  *** SCENARIO 2 STARTED ***&#xD;
&#xD;
2021-02-17 17:15:59 - [TEST_STEP][PASSED] - mapElement.click(): null&#xD;
&#xD;
2021-02-17 17:16:01 - [TEST_STEP][PASSED] - setText(findTestObject("Input/entityName"), testData.getValue("map_entity", 2)): Text 'new map' is set on object 'Object Repository/Input/entityName'&#xD;
&#xD;
2021-02-17 17:16:05 - [MESSAGE][PASSED] - Text 'new map' is set on object 'Object Repository/Input/entityName'&#xD;
&#xD;
2021-02-17 17:16:05 - [TEST_STEP][PASSED] - platform.Method.clickOnElement(findTestObject("Button/entityPageSaveButton")): platform.Method.clickOnElement is PASSED&#xD;
&#xD;
2021-02-17 17:16:07 - [MESSAGE][PASSED] - platform.Method.clickOnElement is PASSED&#xD;
&#xD;
2021-02-17 17:16:07 - [TEST_STEP][PASSED] - waitForElementPresent(findTestObject("ICONS/toastMsg"), 20, CONTINUE_ON_FAILURE): Object 'Object Repository/ICONS/toastMsg' is present&#xD;
&#xD;
2021-02-17 17:16:08 - [MESSAGE][PASSED] - Object 'Object Repository/ICONS/toastMsg' is present&#xD;
&#xD;
2021-02-17 17:16:08 - [TEST_STEP][PASSED] - comment(" *** VALIDATION --&gt; ENTITY NAME UPDATE CHECK ***"):  *** VALIDATION --&gt; ENTITY NAME UPDATE CHECK ***&#xD;
&#xD;
2021-02-17 17:16:08 - [MESSAGE][INFO] -  *** VALIDATION --&gt; ENTITY NAME UPDATE CHECK ***&#xD;
&#xD;
2021-02-17 17:16:08 - [TEST_STEP][PASSED] - mapElement = findWebElements(findTestObject("GenericII/listOfEntityNames"), 5).get(0): null&#xD;
&#xD;
2021-02-17 17:16:10 - [TEST_STEP][PASSED] - assert getText().contentEquals("new map") == true: null&#xD;
&#xD;
2021-02-17 17:16:11 - [TEST_STEP][PASSED] - platform.Method.clickOnElement(findTestObject("Generic/response")): platform.Method.clickOnElement is PASSED&#xD;
&#xD;
2021-02-17 17:16:13 - [MESSAGE][PASSED] - platform.Method.clickOnElement is PASSED&#xD;
&#xD;
2021-02-17 17:16:13 - [TEST_STEP][PASSED] - platform.Response.createRichResponse(testData.getValue("rich_template", 6), testData.getValue("rich_template_value", 6)): platform.Response.createRichResponse is PASSED&#xD;
&#xD;
2021-02-17 17:16:20 - [MESSAGE][PASSED] - Text 'map_response' is set on object 'Object Repository/NewRepo2/templateKeyName'&#xD;
&#xD;
2021-02-17 17:16:25 - [MESSAGE][PASSED] - Delayed 2 second(s)&#xD;
&#xD;
2021-02-17 17:16:30 - [MESSAGE][PASSED] - Text 'Your map response is stored in here' is set on object 'Object Repository/Input/textResponse'&#xD;
&#xD;
2021-02-17 17:16:33 - [MESSAGE][PASSED] - Object 'Object Repository/ICONS/toastMsg' is present&#xD;
&#xD;
2021-02-17 17:16:33 - [MESSAGE][PASSED] - platform.Response.createRichResponse is PASSED&#xD;
&#xD;
2021-02-17 17:16:33 - [TEST_STEP][PASSED] - waitForElementPresent(findTestObject("ICONS/toastMsg"), 20, CONTINUE_ON_FAILURE): Object 'Object Repository/ICONS/toastMsg' is present&#xD;
&#xD;
2021-02-17 17:16:34 - [MESSAGE][PASSED] - Object 'Object Repository/ICONS/toastMsg' is present</system-out>
            <system-err></system-err>
        </testcase>
        <testcase name="Test Cases/Sprint/v4.4/mapLocationEntityTaggingInIntent_Test" classname="Test Cases/Sprint/v4.4/mapLocationEntityTaggingInIntent_Test" status="PASSED">
            <system-out>2021-02-17 17:16:34 - [TEST_CASE][PASSED] - Test Cases/Sprint/v4.4/mapLocationEntityTaggingInIntent_Test: Test Cases/Sprint/v4.4/mapLocationEntityTaggingInIntent_Test&#xD;
&#xD;
2021-02-17 17:16:36 - [TEST_STEP][PASSED] - platform.Method.clickOnElement(findTestObject("Generic/training")): platform.Method.clickOnElement is PASSED&#xD;
&#xD;
2021-02-17 17:16:38 - [MESSAGE][PASSED] - platform.Method.clickOnElement is PASSED&#xD;
&#xD;
2021-02-17 17:16:38 - [TEST_STEP][PASSED] - testData = findTestData("Data Files/testData_Task"): null&#xD;
&#xD;
2021-02-17 17:16:39 - [TEST_STEP][PASSED] - platform.Training.addSingleUtterance(testData.getValue("map_utterance", 1)): platform.Training.addSingleUtterance is PASSED&#xD;
&#xD;
2021-02-17 17:16:44 - [MESSAGE][PASSED] - Keys 'map location test' sent to object: 'Object Repository/Input/utterance'&#xD;
&#xD;
2021-02-17 17:16:46 - [MESSAGE][PASSED] - platform.Training.addSingleUtterance is PASSED&#xD;
&#xD;
2021-02-17 17:16:46 - [TEST_STEP][PASSED] - element = findWebElement(findTestObject("Slots/listOfUtterance"), 5): null&#xD;
&#xD;
2021-02-17 17:16:47 - [TEST_STEP][PASSED] - element.click(): null&#xD;
&#xD;
2021-02-17 17:16:48 - [TEST_STEP][PASSED] - element.sendKeys(Keys.chord(CONTROL, "a")): null&#xD;
&#xD;
2021-02-17 17:16:49 - [TEST_STEP][PASSED] - element.click(): null&#xD;
&#xD;
2021-02-17 17:16:51 - [TEST_STEP][PASSED] - if (verifyElementPresent(findTestObject("Generic/entitySelection"), 20, OPTIONAL) == false): Text 'No entities found' is present on page &#xD;
&#xD;
2021-02-17 17:17:13 - [MESSAGE][INFO] - Unable to find the element located by 'By.xpath: //mat-select[@formcontrolname='entity_id']'. Please recheck the objects properties to make sure the desired element is located. &#xD;
&#xD;
2021-02-17 17:17:14 - [MESSAGE][WARNING] - com.kms.katalon.core.webui.exception.WebElementNotFoundException: Web element with id: 'Object Repository/Generic/entitySelection' located by 'By.xpath: //mat-select[@formcontrolname='entity_id']' not found (Root cause: com.kms.katalon.core.exception.StepFailedException: com.kms.katalon.core.webui.exception.WebElementNotFoundException: Web element with id: 'Object Repository/Generic/entitySelection' located by 'By.xpath: //mat-select[@formcontrolname='entity_id']' not found&#xD;
	at com.kms.katalon.core.webui.keyword.internal.WebUIKeywordMain.stepFailed(WebUIKeywordMain.groovy:64)&#xD;
	at com.kms.katalon.core.webui.keyword.builtin.VerifyElementPresentKeyword$_verifyElementPresent_closure1.doCall(VerifyElementPresentKeyword.groovy:85)&#xD;
	at com.kms.katalon.core.webui.keyword.builtin.VerifyElementPresentKeyword$_verifyElementPresent_closure1.call(VerifyElementPresentKeyword.groovy)&#xD;
	at com.kms.katalon.core.webui.keyword.internal.WebUIKeywordMain.runKeyword(WebUIKeywordMain.groovy:20)&#xD;
	at com.kms.katalon.core.webui.keyword.builtin.VerifyElementPresentKeyword.verifyElementPresent(VerifyElementPresentKeyword.groovy:92)&#xD;
	at com.kms.katalon.core.webui.keyword.builtin.VerifyElementPresentKeyword.execute(VerifyElementPresentKeyword.groovy:68)&#xD;
	at com.kms.katalon.core.keyword.internal.KeywordExecutor.executeKeywordForPlatform(KeywordExecutor.groovy:56)&#xD;
	at com.kms.katalon.core.webui.keyword.WebUiBuiltInKeywords.verifyElementPresent(WebUiBuiltInKeywords.groovy:1418)&#xD;
	at com.kms.katalon.core.webui.keyword.WebUiBuiltInKeywords$verifyElementPresent$7.call(Unknown Source)&#xD;
	at mapLocationEntityTaggingInIntent_Test.run(mapLocationEntityTaggingInIntent_Test:28)&#xD;
	at com.kms.katalon.core.main.ScriptEngine.run(ScriptEngine.java:194)&#xD;
	at com.kms.katalon.core.main.ScriptEngine.runScriptAsRawText(ScriptEngine.java:119)&#xD;
	at com.kms.katalon.core.main.TestCaseExecutor.runScript(TestCaseExecutor.java:337)&#xD;
	at com.kms.katalon.core.main.TestCaseExecutor.doExecute(TestCaseExecutor.java:328)&#xD;
	at com.kms.katalon.core.main.TestCaseExecutor.processExecutionPhase(TestCaseExecutor.java:307)&#xD;
	at com.kms.katalon.core.main.TestCaseExecutor.accessMainPhase(TestCaseExecutor.java:299)&#xD;
	at com.kms.katalon.core.main.TestCaseExecutor.execute(TestCaseExecutor.java:233)&#xD;
	at com.kms.katalon.core.main.TestSuiteExecutor.accessTestCaseMainPhase(TestSuiteExecutor.java:169)&#xD;
	at com.kms.katalon.core.main.TestSuiteExecutor.accessTestSuiteMainPhase(TestSuiteExecutor.java:142)&#xD;
	at com.kms.katalon.core.main.TestSuiteExecutor.execute(TestSuiteExecutor.java:91)&#xD;
	at com.kms.katalon.core.main.TestCaseMain.startTestSuite(TestCaseMain.java:157)&#xD;
	at com.kms.katalon.core.main.TestCaseMain$startTestSuite$0.call(Unknown Source)&#xD;
	at TempTestSuite1613562250176.run(TempTestSuite1613562250176.groovy:35)&#xD;
)&#xD;
[[ATTACHMENT|D:\\2021\\IMIbot.ai-Project\\Reports\\20210217_171409\\v4.x_TaskSuite\\20210217_171410\\1613562433070.png]]&#xD;
&#xD;
2021-02-17 17:17:14 - [TEST_STEP][PASSED] - verifyTextPresent("No entities found", false, CONTINUE_ON_FAILURE): Text 'No entities found' is present on page &#xD;
&#xD;
2021-02-17 17:17:17 - [MESSAGE][PASSED] - Text 'No entities found' is present on page &#xD;
&#xD;
2021-02-17 17:17:17 - [TEST_STEP][PASSED] - platform.Training.createNewEntityManually(testData.getValue("map_entity", 3), " Map location (whatsapp) ", null): platform.Training.createNewEntityManually is PASSED&#xD;
&#xD;
2021-02-17 17:17:22 - [MESSAGE][PASSED] - Keys 'demo map test' sent to object: 'Object Repository/Input/entityName'&#xD;
&#xD;
2021-02-17 17:17:24 - [MESSAGE][INFO] - Entity Type:  Map location (whatsapp) &#xD;
&#xD;
2021-02-17 17:17:29 - [MESSAGE][PASSED] - platform.Training.createNewEntityManually is PASSED&#xD;
&#xD;
2021-02-17 17:17:29 - [TEST_STEP][PASSED] - waitForElementPresent(findTestObject("ICONS/toastMsg"), 30, CONTINUE_ON_FAILURE): Object 'Object Repository/ICONS/toastMsg' is present&#xD;
&#xD;
2021-02-17 17:17:31 - [MESSAGE][PASSED] - Object 'Object Repository/ICONS/toastMsg' is present&#xD;
&#xD;
2021-02-17 17:17:31 - [TEST_STEP][PASSED] - verifyElementNotPresent(findTestObject("Slots/entityValue", ["rowValue":1]), 30, STOP_ON_FAILURE): Web element with id: 'Object Repository/Slots/entityValue' located by 'By.xpath: //tbody[2]/tr[1]/td[2]' is not present after '30' second(s)&#xD;
&#xD;
2021-02-17 17:17:32 - [MESSAGE][PASSED] - Web element with id: 'Object Repository/Slots/entityValue' located by 'By.xpath: //tbody[2]/tr[1]/td[2]' is not present after '30' second(s)&#xD;
&#xD;
2021-02-17 17:17:32 - [TEST_STEP][PASSED] - sendKeys(findTestObject("Input/intentName"), testData.getValue("intent_name", 7)): Keys 'map_intent' sent to object: 'Object Repository/Input/intentName'&#xD;
&#xD;
2021-02-17 17:17:34 - [MESSAGE][PASSED] - Keys 'map_intent' sent to object: 'Object Repository/Input/intentName'&#xD;
&#xD;
2021-02-17 17:17:34 - [TEST_STEP][PASSED] - sendKeys(findTestObject("Input/finalTempKey"), findTestData("Data Files/testData_Task").getValue("rich_template", 6)): Keys 'map_response' sent to object: 'Object Repository/Input/finalTempKey'&#xD;
&#xD;
2021-02-17 17:17:38 - [MESSAGE][PASSED] - Keys 'map_response' sent to object: 'Object Repository/Input/finalTempKey'&#xD;
&#xD;
2021-02-17 17:17:38 - [TEST_STEP][PASSED] - executeJavaScript("document.getElementsByClassName('bg-red')[0].classList.remove('bg-red');", null): Execute JavaScript 'document.getElementsByClassName('bg-red')[0].classList.remove('bg-red');' successfully&#xD;
&#xD;
2021-02-17 17:17:39 - [MESSAGE][PASSED] - Execute JavaScript 'document.getElementsByClassName('bg-red')[0].classList.remove('bg-red');' successfully&#xD;
&#xD;
2021-02-17 17:17:39 - [TEST_STEP][PASSED] - platform.Method.clickOnElement(findTestObject("Button/save", ["value":" Save "])): platform.Method.clickOnElement is PASSED&#xD;
&#xD;
2021-02-17 17:17:41 - [MESSAGE][PASSED] - platform.Method.clickOnElement is PASSED&#xD;
&#xD;
2021-02-17 17:17:41 - [TEST_STEP][PASSED] - verifyElementText(findTestObject("Generic/header"), "map_intent", STOP_ON_FAILURE): Actual text and expected text of test object 'Object Repository/Generic/header' are matched.&#xD;
&#xD;
2021-02-17 17:17:44 - [MESSAGE][PASSED] - Actual text and expected text of test object 'Object Repository/Generic/header' are matched.&#xD;
&#xD;
2021-02-17 17:17:44 - [TEST_STEP][PASSED] - platform.Method.clickOnElement(findTestObject("NewRepo/intentGoBack")): platform.Method.clickOnElement is PASSED&#xD;
&#xD;
2021-02-17 17:17:46 - [MESSAGE][PASSED] - platform.Method.clickOnElement is PASSED&#xD;
&#xD;
2021-02-17 17:17:46 - [TEST_STEP][PASSED] - platform.Method.clickOnElement(findTestObject("Generic/webObjectWithText", ["textValue":testData.getValue("intent_name", 7)])): platform.Method.clickOnElement is PASSED&#xD;
&#xD;
2021-02-17 17:17:49 - [MESSAGE][PASSED] - platform.Method.clickOnElement is PASSED&#xD;
&#xD;
2021-02-17 17:17:49 - [TEST_STEP][PASSED] - verifyElementNotPresent(findTestObject("Slots/markedUpEntity"), 20, STOP_ON_FAILURE): Web element with id: 'Object Repository/Slots/markedUpEntity' located by 'By.xpath: //span[@class='bg-red']' is not present after '20' second(s)&#xD;
&#xD;
2021-02-17 17:17:50 - [MESSAGE][PASSED] - Web element with id: 'Object Repository/Slots/markedUpEntity' located by 'By.xpath: //span[@class='bg-red']' is not present after '20' second(s)&#xD;
&#xD;
2021-02-17 17:17:50 - [TEST_STEP][PASSED] - platform.Method.clickOnElement(findTestObject("NewRepo/intentGoBack")): platform.Method.clickOnElement is PASSED&#xD;
&#xD;
2021-02-17 17:17:52 - [MESSAGE][PASSED] - platform.Method.clickOnElement is PASSED&#xD;
&#xD;
2021-02-17 17:17:52 - [TEST_STEP][PASSED] - verifyTextPresent("Training data", false, CONTINUE_ON_FAILURE): Text 'Training data' is present on page &#xD;
&#xD;
2021-02-17 17:17:56 - [MESSAGE][PASSED] - Text 'Training data' is present on page</system-out>
            <system-err></system-err>
        </testcase>
        <testcase name="Test Cases/Sprint/v4.4/mapLocationLinkToSlots_Test" classname="Test Cases/Sprint/v4.4/mapLocationLinkToSlots_Test" status="PASSED">
            <system-out>2021-02-17 17:17:56 - [TEST_CASE][PASSED] - Test Cases/Sprint/v4.4/mapLocationLinkToSlots_Test: Test Cases/Sprint/v4.4/mapLocationLinkToSlots_Test&#xD;
&#xD;
2021-02-17 17:17:56 - [TEST_STEP][PASSED] - platform.Method.clickOnElement(findTestObject("Generic/webObjectWithText", ["textValue":"map_intent"])): platform.Method.clickOnElement is PASSED&#xD;
&#xD;
2021-02-17 17:17:59 - [MESSAGE][PASSED] - platform.Method.clickOnElement is PASSED&#xD;
&#xD;
2021-02-17 17:17:59 - [TEST_STEP][PASSED] - comment(" *** SCENARIO 1 STARTED ***"):  *** SCENARIO 1 STARTED ***&#xD;
&#xD;
2021-02-17 17:17:59 - [MESSAGE][INFO] -  *** SCENARIO 1 STARTED ***&#xD;
&#xD;
2021-02-17 17:17:59 - [TEST_STEP][PASSED] - verifyElementPresent(findTestObject("Slots/linkEntity"), 10, CONTINUE_ON_FAILURE): Object 'Object Repository/Slots/linkEntity' is present&#xD;
&#xD;
2021-02-17 17:18:00 - [MESSAGE][PASSED] - Object 'Object Repository/Slots/linkEntity' is present&#xD;
&#xD;
2021-02-17 17:18:00 - [TEST_STEP][PASSED] - platform.Method.clickOnElement(findTestObject("Slots/linkEntity")): platform.Method.clickOnElement is PASSED&#xD;
&#xD;
2021-02-17 17:18:03 - [MESSAGE][PASSED] - platform.Method.clickOnElement is PASSED&#xD;
&#xD;
2021-02-17 17:18:03 - [TEST_STEP][PASSED] - listOfEntities = findWebElements(findTestObject("WEB_OBJECTS/entityList"), 20): null&#xD;
&#xD;
2021-02-17 17:18:04 - [TEST_STEP][PASSED] - flag = false: null&#xD;
&#xD;
2021-02-17 17:18:04 - [TEST_STEP][PASSED] - listOfElement = listOfEntities.iterator(): null&#xD;
&#xD;
2021-02-17 17:18:04 - [TEST_STEP][PASSED] - while (listOfElement.hasNext()): null&#xD;
&#xD;
2021-02-17 17:18:04 - [TEST_STEP][PASSED] - object = listOfElement.next(): null&#xD;
&#xD;
2021-02-17 17:18:04 - [TEST_STEP][PASSED] - if (getText().contentEquals("demo map test")): null&#xD;
&#xD;
2021-02-17 17:18:06 - [TEST_STEP][PASSED] - flag = true: null&#xD;
&#xD;
2021-02-17 17:18:06 - [TEST_STEP][PASSED] - if (flag == true): null&#xD;
&#xD;
2021-02-17 17:18:06 - [TEST_STEP][PASSED] - markPassed(" *** Map Location entity found *** "):  *** Map Location entity found *** &#xD;
&#xD;
2021-02-17 17:18:06 - [MESSAGE][PASSED] -  *** Map Location entity found *** &#xD;
&#xD;
2021-02-17 17:18:06 - [TEST_STEP][PASSED] - object.click(): null&#xD;
&#xD;
2021-02-17 17:18:07 - [TEST_STEP][PASSED] - break: null&#xD;
&#xD;
2021-02-17 17:18:07 - [TEST_STEP][PASSED] - if (flag == false): null&#xD;
&#xD;
2021-02-17 17:18:07 - [TEST_STEP][PASSED] - comment(" *** VALIDATION --&gt; ENTITY NAME IS PRESENT ON SLOTS ***"):  *** VALIDATION --&gt; ENTITY NAME IS PRESENT ON SLOTS ***&#xD;
&#xD;
2021-02-17 17:18:07 - [MESSAGE][INFO] -  *** VALIDATION --&gt; ENTITY NAME IS PRESENT ON SLOTS ***&#xD;
&#xD;
2021-02-17 17:18:07 - [TEST_STEP][PASSED] - verifyElementText(findTestObject("Slots/entityValue", ["rowValue":1]), "demo map test", CONTINUE_ON_FAILURE): Actual text and expected text of test object 'Object Repository/Slots/entityValue' are matched.&#xD;
&#xD;
2021-02-17 17:18:09 - [MESSAGE][PASSED] - Actual text and expected text of test object 'Object Repository/Slots/entityValue' are matched.&#xD;
&#xD;
2021-02-17 17:18:09 - [TEST_STEP][PASSED] - comment(" *** SCENARIO 2 STARTED ***"):  *** SCENARIO 2 STARTED ***&#xD;
&#xD;
2021-02-17 17:18:09 - [MESSAGE][INFO] -  *** SCENARIO 2 STARTED ***&#xD;
&#xD;
2021-02-17 17:18:09 - [TEST_STEP][PASSED] - testObject = modifyObjectProperty(findTestObject("Slots/checkbox"), "xpath", "not equals", newXpath, true, STOP_ON_FAILURE): Modify property of object successfully&#xD;
&#xD;
2021-02-17 17:18:09 - [MESSAGE][PASSED] - Modify property of object successfully&#xD;
&#xD;
2021-02-17 17:18:09 - [TEST_STEP][PASSED] - comment(" *** VALIDATION --&gt; CHECKBOX FIELD SHOULD HAVE ATTRIBUTE *DISABLED* ***"):  *** VALIDATION --&gt; CHECKBOX FIELD SHOULD HAVE ATTRIBUTE *DISABLED* ***&#xD;
&#xD;
2021-02-17 17:18:09 - [MESSAGE][INFO] -  *** VALIDATION --&gt; CHECKBOX FIELD SHOULD HAVE ATTRIBUTE *DISABLED* ***&#xD;
&#xD;
2021-02-17 17:18:09 - [TEST_STEP][PASSED] - verifyElementHasAttribute(testObject, "disabled", 20, CONTINUE_ON_FAILURE): Object 'Object Repository/Slots/checkbox' has attribute 'disabled'&#xD;
&#xD;
2021-02-17 17:18:12 - [MESSAGE][PASSED] - Object 'Object Repository/Slots/checkbox' has attribute 'disabled'&#xD;
&#xD;
2021-02-17 17:18:12 - [TEST_STEP][PASSED] - comment(" *** SCENARIO 3 STARTED ***"):  *** SCENARIO 3 STARTED ***&#xD;
&#xD;
2021-02-17 17:18:12 - [MESSAGE][INFO] -  *** SCENARIO 3 STARTED ***&#xD;
&#xD;
2021-02-17 17:18:12 - [TEST_STEP][PASSED] - setText(findTestObject("Slots/retries", ["rowValue":"1"]), "6", OPTIONAL): Text '6' is set on object 'Object Repository/Slots/retries'&#xD;
&#xD;
2021-02-17 17:18:15 - [MESSAGE][PASSED] - Text '6' is set on object 'Object Repository/Slots/retries'&#xD;
&#xD;
2021-02-17 17:18:15 - [TEST_STEP][PASSED] - platform.Method.clickOnElement(findTestObject("Button/save", ["value":" Save "])): platform.Method.clickOnElement is PASSED&#xD;
&#xD;
2021-02-17 17:18:17 - [MESSAGE][PASSED] - platform.Method.clickOnElement is PASSED&#xD;
&#xD;
2021-02-17 17:18:17 - [TEST_STEP][PASSED] - platform.Method.clickOnElement(findTestObject("NewRepo/intentGoBack")): platform.Method.clickOnElement is PASSED&#xD;
&#xD;
2021-02-17 17:18:20 - [MESSAGE][PASSED] - platform.Method.clickOnElement is PASSED&#xD;
&#xD;
2021-02-17 17:18:20 - [TEST_STEP][PASSED] - verifyTextPresent("Training data", false, CONTINUE_ON_FAILURE): Text 'Training data' is present on page &#xD;
&#xD;
2021-02-17 17:18:23 - [MESSAGE][PASSED] - Text 'Training data' is present on page &#xD;
&#xD;
2021-02-17 17:18:23 - [TEST_STEP][PASSED] - platform.Method.clickOnElement(findTestObject("Generic/webObjectWithText", ["textValue":"map_intent"])): platform.Method.clickOnElement is PASSED&#xD;
&#xD;
2021-02-17 17:18:25 - [MESSAGE][PASSED] - platform.Method.clickOnElement is PASSED&#xD;
&#xD;
2021-02-17 17:18:25 - [TEST_STEP][PASSED] - retryValue = executeJavaScript(getValue, null): Execute JavaScript 'return document.querySelector('[type="number"]').value;' successfully&#xD;
&#xD;
2021-02-17 17:18:26 - [MESSAGE][PASSED] - Execute JavaScript 'return document.querySelector('[type="number"]').value;' successfully&#xD;
&#xD;
2021-02-17 17:18:26 - [TEST_STEP][PASSED] - assert toString().contentEquals("6") == true: null&#xD;
&#xD;
2021-02-17 17:18:26 - [TEST_STEP][PASSED] - comment(" *** Navigate out of intent ***"):  *** Navigate out of intent ***&#xD;
&#xD;
2021-02-17 17:18:26 - [MESSAGE][INFO] -  *** Navigate out of intent ***&#xD;
&#xD;
2021-02-17 17:18:26 - [TEST_STEP][PASSED] - platform.Method.clickOnElement(findTestObject("NewRepo/intentGoBack")): platform.Method.clickOnElement is PASSED&#xD;
&#xD;
2021-02-17 17:18:29 - [MESSAGE][PASSED] - platform.Method.clickOnElement is PASSED</system-out>
            <system-err></system-err>
        </testcase>
        <testcase name="Test Cases/Sprint/v4.4/freeformEntityCreation_Test" classname="Test Cases/Sprint/v4.4/freeformEntityCreation_Test" status="PASSED">
            <system-out>2021-02-17 17:18:29 - [TEST_CASE][PASSED] - Test Cases/Sprint/v4.4/freeformEntityCreation_Test: Test Cases/Sprint/v4.4/freeformEntityCreation_Test&#xD;
&#xD;
2021-02-17 17:18:29 - [TEST_STEP][PASSED] - platform.Method.clickOnElement(findTestObject("Generic/training")): platform.Method.clickOnElement is PASSED&#xD;
&#xD;
2021-02-17 17:18:32 - [MESSAGE][PASSED] - platform.Method.clickOnElement is PASSED&#xD;
&#xD;
2021-02-17 17:18:32 - [TEST_STEP][PASSED] - testData = findTestData("Data Files/testData_Task"): null&#xD;
&#xD;
2021-02-17 17:18:32 - [TEST_STEP][PASSED] - platform.Method.clickOnElement(findTestObject("Generic/webObjectWithText", ["textValue":"Entities"])): platform.Method.clickOnElement is PASSED&#xD;
&#xD;
2021-02-17 17:18:35 - [MESSAGE][PASSED] - platform.Method.clickOnElement is PASSED&#xD;
&#xD;
2021-02-17 17:18:35 - [TEST_STEP][PASSED] - comment(" *** SCENARIO 1 STARTED ***"):  *** SCENARIO 1 STARTED ***&#xD;
&#xD;
2021-02-17 17:18:35 - [MESSAGE][INFO] -  *** SCENARIO 1 STARTED ***&#xD;
&#xD;
2021-02-17 17:18:35 - [TEST_STEP][PASSED] - platform.Method.clickOnElement(findTestObject("Button/createEntity")): platform.Method.clickOnElement is PASSED&#xD;
&#xD;
2021-02-17 17:18:37 - [MESSAGE][PASSED] - platform.Method.clickOnElement is PASSED&#xD;
&#xD;
2021-02-17 17:18:37 - [TEST_STEP][PASSED] - platform.Training.createEntity(testData.getValue("freeform_entity", 1), " Free form ", null): platform.Training.createEntity is PASSED&#xD;
&#xD;
2021-02-17 17:18:40 - [MESSAGE][PASSED] - Keys 'freeform org' sent to object: 'Object Repository/Input/entityName'&#xD;
&#xD;
2021-02-17 17:18:43 - [MESSAGE][INFO] - Entity Type:  Free form &#xD;
&#xD;
2021-02-17 17:18:47 - [MESSAGE][PASSED] - platform.Training.createEntity is PASSED&#xD;
&#xD;
2021-02-17 17:18:47 - [TEST_STEP][PASSED] - waitForElementPresent(findTestObject("ICONS/toastMsg"), 20, CONTINUE_ON_FAILURE): Object 'Object Repository/ICONS/toastMsg' is present&#xD;
&#xD;
2021-02-17 17:18:49 - [MESSAGE][PASSED] - Object 'Object Repository/ICONS/toastMsg' is present&#xD;
&#xD;
2021-02-17 17:18:49 - [TEST_STEP][PASSED] - comment(" *** VALIDATION --&gt; ENTITY CREATION CHECK ***"):  *** VALIDATION --&gt; ENTITY CREATION CHECK ***&#xD;
&#xD;
2021-02-17 17:18:49 - [MESSAGE][INFO] -  *** VALIDATION --&gt; ENTITY CREATION CHECK ***&#xD;
&#xD;
2021-02-17 17:18:49 - [TEST_STEP][PASSED] - mapElement = findWebElements(findTestObject("GenericII/listOfEntityNames"), 5).get(0): null&#xD;
&#xD;
2021-02-17 17:18:50 - [TEST_STEP][PASSED] - assert getText().contentEquals("freeform org") == true: null&#xD;
&#xD;
2021-02-17 17:18:51 - [TEST_STEP][PASSED] - comment(" *** SCENARIO 2 STARTED ***"):  *** SCENARIO 2 STARTED ***&#xD;
&#xD;
2021-02-17 17:18:51 - [MESSAGE][INFO] -  *** SCENARIO 2 STARTED ***&#xD;
&#xD;
2021-02-17 17:18:51 - [TEST_STEP][PASSED] - platform.Method.clickOnElement(convertWebElementToTestObject(mapElement)): platform.Method.clickOnElement is PASSED&#xD;
&#xD;
2021-02-17 17:18:56 - [MESSAGE][PASSED] - platform.Method.clickOnElement is PASSED&#xD;
&#xD;
2021-02-17 17:18:56 - [TEST_STEP][PASSED] - setText(findTestObject("Input/entityName"), testData.getValue("freeform_entity", 2)): Text 'updated freeform' is set on object 'Object Repository/Input/entityName'&#xD;
&#xD;
2021-02-17 17:19:00 - [MESSAGE][PASSED] - Text 'updated freeform' is set on object 'Object Repository/Input/entityName'&#xD;
&#xD;
2021-02-17 17:19:00 - [TEST_STEP][PASSED] - platform.Method.clickOnElement(findTestObject("Button/entityPageSaveButton")): platform.Method.clickOnElement is PASSED&#xD;
&#xD;
2021-02-17 17:19:02 - [MESSAGE][PASSED] - platform.Method.clickOnElement is PASSED&#xD;
&#xD;
2021-02-17 17:19:02 - [TEST_STEP][PASSED] - waitForElementPresent(findTestObject("ICONS/toastMsg"), 20, CONTINUE_ON_FAILURE): Object 'Object Repository/ICONS/toastMsg' is present&#xD;
&#xD;
2021-02-17 17:19:03 - [MESSAGE][PASSED] - Object 'Object Repository/ICONS/toastMsg' is present&#xD;
&#xD;
2021-02-17 17:19:03 - [TEST_STEP][PASSED] - comment(" *** VALIDATION --&gt; ENTITY NAME UPDATE CHECK ***"):  *** VALIDATION --&gt; ENTITY NAME UPDATE CHECK ***&#xD;
&#xD;
2021-02-17 17:19:03 - [MESSAGE][INFO] -  *** VALIDATION --&gt; ENTITY NAME UPDATE CHECK ***&#xD;
&#xD;
2021-02-17 17:19:03 - [TEST_STEP][PASSED] - mapElement = findWebElements(findTestObject("GenericII/listOfEntityNames"), 5).get(0): null&#xD;
&#xD;
2021-02-17 17:19:04 - [TEST_STEP][PASSED] - assert getText().contentEquals("updated freeform") == true: null&#xD;
&#xD;
2021-02-17 17:19:06 - [TEST_STEP][PASSED] - platform.Method.clickOnElement(findTestObject("Generic/response")): platform.Method.clickOnElement is PASSED&#xD;
&#xD;
2021-02-17 17:19:08 - [MESSAGE][PASSED] - platform.Method.clickOnElement is PASSED&#xD;
&#xD;
2021-02-17 17:19:08 - [TEST_STEP][PASSED] - platform.Response.createRichResponse(testData.getValue("rich_template", 7), testData.getValue("rich_template_value", 7)): platform.Response.createRichResponse is PASSED&#xD;
&#xD;
2021-02-17 17:19:15 - [MESSAGE][PASSED] - Text 'freeform_response' is set on object 'Object Repository/NewRepo2/templateKeyName'&#xD;
&#xD;
2021-02-17 17:19:20 - [MESSAGE][PASSED] - Delayed 2 second(s)&#xD;
&#xD;
2021-02-17 17:19:25 - [MESSAGE][PASSED] - Text 'Your response for freeform will be here' is set on object 'Object Repository/Input/textResponse'&#xD;
&#xD;
2021-02-17 17:19:28 - [MESSAGE][PASSED] - Object 'Object Repository/ICONS/toastMsg' is present&#xD;
&#xD;
2021-02-17 17:19:28 - [MESSAGE][PASSED] - platform.Response.createRichResponse is PASSED&#xD;
&#xD;
2021-02-17 17:19:28 - [TEST_STEP][PASSED] - waitForElementPresent(findTestObject("ICONS/toastMsg"), 20, CONTINUE_ON_FAILURE): Object 'Object Repository/ICONS/toastMsg' is present&#xD;
&#xD;
2021-02-17 17:19:29 - [MESSAGE][PASSED] - Object 'Object Repository/ICONS/toastMsg' is present&#xD;
&#xD;
2021-02-17 17:19:29 - [TEST_STEP][PASSED] - platform.Response.createRichResponse(testData.getValue("rich_template", 8), testData.getValue("rich_template_value", 8)): platform.Response.createRichResponse is PASSED&#xD;
&#xD;
2021-02-17 17:19:36 - [MESSAGE][PASSED] - Text 'ask_freeform' is set on object 'Object Repository/NewRepo2/templateKeyName'&#xD;
&#xD;
2021-02-17 17:19:40 - [MESSAGE][PASSED] - Delayed 2 second(s)&#xD;
&#xD;
2021-02-17 17:19:45 - [MESSAGE][PASSED] - Text 'Please enter a freeform content' is set on object 'Object Repository/Input/textResponse'&#xD;
&#xD;
2021-02-17 17:19:48 - [MESSAGE][PASSED] - Object 'Object Repository/ICONS/toastMsg' is present&#xD;
&#xD;
2021-02-17 17:19:48 - [MESSAGE][PASSED] - platform.Response.createRichResponse is PASSED&#xD;
&#xD;
2021-02-17 17:19:48 - [TEST_STEP][PASSED] - waitForElementPresent(findTestObject("ICONS/toastMsg"), 20, CONTINUE_ON_FAILURE): Object 'Object Repository/ICONS/toastMsg' is present&#xD;
&#xD;
2021-02-17 17:19:50 - [MESSAGE][PASSED] - Object 'Object Repository/ICONS/toastMsg' is present&#xD;
&#xD;
2021-02-17 17:19:50 - [TEST_STEP][PASSED] - sendKeys(findTestObject("WEB_OBJECTS/searchTemplateKeyField"), testData.getValue("rich_template", 7)): Keys 'freeform_response' sent to object: 'Object Repository/WEB_OBJECTS/searchTemplateKeyField'&#xD;
&#xD;
2021-02-17 17:19:52 - [MESSAGE][PASSED] - Keys 'freeform_response' sent to object: 'Object Repository/WEB_OBJECTS/searchTemplateKeyField'&#xD;
&#xD;
2021-02-17 17:19:52 - [TEST_STEP][PASSED] - verifyTextPresent(testData.getValue("rich_template", 7), false, CONTINUE_ON_FAILURE): Text 'freeform_response' is present on page &#xD;
&#xD;
2021-02-17 17:19:55 - [MESSAGE][PASSED] - Text 'freeform_response' is present on page &#xD;
&#xD;
2021-02-17 17:19:55 - [TEST_STEP][PASSED] - setText(findTestObject("WEB_OBJECTS/searchTemplateKeyField"), testData.getValue("rich_template", 8)): Text 'ask_freeform' is set on object 'Object Repository/WEB_OBJECTS/searchTemplateKeyField'&#xD;
&#xD;
2021-02-17 17:19:59 - [MESSAGE][PASSED] - Text 'ask_freeform' is set on object 'Object Repository/WEB_OBJECTS/searchTemplateKeyField'&#xD;
&#xD;
2021-02-17 17:19:59 - [TEST_STEP][PASSED] - verifyTextPresent(testData.getValue("rich_template", 8), false, CONTINUE_ON_FAILURE): Text 'ask_freeform' is present on page &#xD;
&#xD;
2021-02-17 17:20:02 - [MESSAGE][PASSED] - Text 'ask_freeform' is present on page</system-out>
            <system-err></system-err>
        </testcase>
        <testcase name="Test Cases/Sprint/v4.4/freeformEntityTaggingInIntent_Test" classname="Test Cases/Sprint/v4.4/freeformEntityTaggingInIntent_Test" status="PASSED">
            <system-out>2021-02-17 17:20:02 - [TEST_CASE][PASSED] - Test Cases/Sprint/v4.4/freeformEntityTaggingInIntent_Test: Test Cases/Sprint/v4.4/freeformEntityTaggingInIntent_Test&#xD;
&#xD;
2021-02-17 17:20:02 - [TEST_STEP][PASSED] - platform.Method.clickOnElement(findTestObject("Generic/training")): platform.Method.clickOnElement is PASSED&#xD;
&#xD;
2021-02-17 17:20:05 - [MESSAGE][PASSED] - platform.Method.clickOnElement is PASSED&#xD;
&#xD;
2021-02-17 17:20:05 - [TEST_STEP][PASSED] - testData = findTestData("Data Files/testData_Task"): null&#xD;
&#xD;
2021-02-17 17:20:06 - [TEST_STEP][PASSED] - refresh(): Refresh successfully&#xD;
&#xD;
2021-02-17 17:20:15 - [MESSAGE][PASSED] - Refresh successfully&#xD;
&#xD;
2021-02-17 17:20:15 - [TEST_STEP][PASSED] - waitForElementVisible(findTestObject("Button/createIntent"), 40, STOP_ON_FAILURE): Object 'Object Repository/Button/createIntent' is visible&#xD;
&#xD;
2021-02-17 17:20:22 - [MESSAGE][PASSED] - Object 'Object Repository/Button/createIntent' is visible&#xD;
&#xD;
2021-02-17 17:20:22 - [TEST_STEP][PASSED] - comment(" *** SCENARIO 1 STARTED *** "):  *** SCENARIO 1 STARTED *** &#xD;
&#xD;
2021-02-17 17:20:22 - [MESSAGE][INFO] -  *** SCENARIO 1 STARTED *** &#xD;
&#xD;
2021-02-17 17:20:22 - [TEST_STEP][PASSED] - platform.Training.addSingleUtterance(testData.getValue("freeform_utterance", 1)): platform.Training.addSingleUtterance is PASSED&#xD;
&#xD;
2021-02-17 17:20:27 - [MESSAGE][PASSED] - Keys 'freeform test' sent to object: 'Object Repository/Input/utterance'&#xD;
&#xD;
2021-02-17 17:20:29 - [MESSAGE][PASSED] - platform.Training.addSingleUtterance is PASSED&#xD;
&#xD;
2021-02-17 17:20:29 - [TEST_STEP][PASSED] - element = findWebElement(findTestObject("Slots/listOfUtterance"), 5): null&#xD;
&#xD;
2021-02-17 17:20:32 - [TEST_STEP][PASSED] - element.click(): null&#xD;
&#xD;
2021-02-17 17:20:33 - [TEST_STEP][PASSED] - element.sendKeys(Keys.chord(CONTROL, "a")): null&#xD;
&#xD;
2021-02-17 17:20:34 - [TEST_STEP][PASSED] - element.click(): null&#xD;
&#xD;
2021-02-17 17:20:36 - [TEST_STEP][PASSED] - if (verifyElementPresent(findTestObject("Generic/entitySelection"), 20, OPTIONAL) == false): Object 'Object Repository/Generic/entitySelection' is present&#xD;
&#xD;
2021-02-17 17:20:37 - [MESSAGE][PASSED] - Object 'Object Repository/Generic/entitySelection' is present&#xD;
&#xD;
2021-02-17 17:20:37 - [TEST_STEP][PASSED] - else: *** Freeform entity not found ***&#xD;
&#xD;
2021-02-17 17:20:37 - [TEST_STEP][PASSED] - platform.Method.clickOnElement(findTestObject("Generic/entitySelection")): platform.Method.clickOnElement is PASSED&#xD;
&#xD;
2021-02-17 17:20:40 - [MESSAGE][PASSED] - platform.Method.clickOnElement is PASSED&#xD;
&#xD;
2021-02-17 17:20:40 - [TEST_STEP][PASSED] - entityOptions = findWebElements(findTestObject("WEB_OBJECTS/getOptions"), 20): null&#xD;
&#xD;
2021-02-17 17:20:41 - [TEST_STEP][PASSED] - for (org.openqa.selenium.WebElement value : entityOptions): null&#xD;
&#xD;
2021-02-17 17:20:41 - [TEST_STEP][PASSED] - assert getText().contentEquals(testData.getValue("freeform_entity", 2)) == false: null&#xD;
&#xD;
2021-02-17 17:20:42 - [TEST_STEP][PASSED] - markPassed("*** Freeform entity not found ***"): *** Freeform entity not found ***&#xD;
&#xD;
2021-02-17 17:20:42 - [MESSAGE][PASSED] - *** Freeform entity not found ***&#xD;
&#xD;
2021-02-17 17:20:42 - [TEST_STEP][PASSED] - comment(" *** SCENARIO 2 STARTED *** "):  *** SCENARIO 2 STARTED *** &#xD;
&#xD;
2021-02-17 17:20:42 - [MESSAGE][INFO] -  *** SCENARIO 2 STARTED *** &#xD;
&#xD;
2021-02-17 17:20:42 - [TEST_STEP][PASSED] - platform.Training.createNewEntityManually(testData.getValue("freeform_entity", 3), " Free form ", null): platform.Training.createNewEntityManually is PASSED&#xD;
&#xD;
2021-02-17 17:20:47 - [MESSAGE][PASSED] - Keys 'demo freeform' sent to object: 'Object Repository/Input/entityName'&#xD;
&#xD;
2021-02-17 17:20:50 - [MESSAGE][INFO] - Entity Type:  Free form &#xD;
&#xD;
2021-02-17 17:20:54 - [MESSAGE][PASSED] - platform.Training.createNewEntityManually is PASSED&#xD;
&#xD;
2021-02-17 17:20:54 - [TEST_STEP][PASSED] - waitForElementPresent(findTestObject("ICONS/toastMsg"), 30, CONTINUE_ON_FAILURE): Object 'Object Repository/ICONS/toastMsg' is present&#xD;
&#xD;
2021-02-17 17:20:56 - [MESSAGE][PASSED] - Object 'Object Repository/ICONS/toastMsg' is present&#xD;
&#xD;
2021-02-17 17:20:56 - [TEST_STEP][PASSED] - verifyElementNotPresent(findTestObject("Slots/entityValue", ["rowValue":1]), 30, CONTINUE_ON_FAILURE): Web element with id: 'Object Repository/Slots/entityValue' located by 'By.xpath: //tbody[2]/tr[1]/td[2]' is not present after '30' second(s)&#xD;
&#xD;
2021-02-17 17:20:57 - [MESSAGE][PASSED] - Web element with id: 'Object Repository/Slots/entityValue' located by 'By.xpath: //tbody[2]/tr[1]/td[2]' is not present after '30' second(s)&#xD;
&#xD;
2021-02-17 17:20:57 - [TEST_STEP][PASSED] - sendKeys(findTestObject("Input/intentName"), testData.getValue("intent_name", 8)): Keys 'freeform_test' sent to object: 'Object Repository/Input/intentName'&#xD;
&#xD;
2021-02-17 17:20:59 - [MESSAGE][PASSED] - Keys 'freeform_test' sent to object: 'Object Repository/Input/intentName'&#xD;
&#xD;
2021-02-17 17:20:59 - [TEST_STEP][PASSED] - sendKeys(findTestObject("Input/finalTempKey"), findTestData("Data Files/testData_Task").getValue("rich_template", 7)): Keys 'freeform_response' sent to object: 'Object Repository/Input/finalTempKey'&#xD;
&#xD;
2021-02-17 17:21:02 - [MESSAGE][PASSED] - Keys 'freeform_response' sent to object: 'Object Repository/Input/finalTempKey'&#xD;
&#xD;
2021-02-17 17:21:02 - [TEST_STEP][PASSED] - executeJavaScript("document.getElementsByClassName('bg-red')[0].classList.remove('bg-red');", null): Execute JavaScript 'document.getElementsByClassName('bg-red')[0].classList.remove('bg-red');' successfully&#xD;
&#xD;
2021-02-17 17:21:03 - [MESSAGE][PASSED] - Execute JavaScript 'document.getElementsByClassName('bg-red')[0].classList.remove('bg-red');' successfully&#xD;
&#xD;
2021-02-17 17:21:03 - [TEST_STEP][PASSED] - platform.Method.clickOnElement(findTestObject("Button/save", ["value":" Save "])): platform.Method.clickOnElement is PASSED&#xD;
&#xD;
2021-02-17 17:21:06 - [MESSAGE][PASSED] - platform.Method.clickOnElement is PASSED&#xD;
&#xD;
2021-02-17 17:21:06 - [TEST_STEP][PASSED] - verifyElementText(findTestObject("Generic/header"), "freeform_test", CONTINUE_ON_FAILURE): Actual text and expected text of test object 'Object Repository/Generic/header' are matched.&#xD;
&#xD;
2021-02-17 17:21:08 - [MESSAGE][PASSED] - Actual text and expected text of test object 'Object Repository/Generic/header' are matched.&#xD;
&#xD;
2021-02-17 17:21:08 - [TEST_STEP][PASSED] - platform.Method.clickOnElement(findTestObject("NewRepo/intentGoBack")): platform.Method.clickOnElement is PASSED&#xD;
&#xD;
2021-02-17 17:21:11 - [MESSAGE][PASSED] - platform.Method.clickOnElement is PASSED&#xD;
&#xD;
2021-02-17 17:21:11 - [TEST_STEP][PASSED] - platform.Method.clickOnElement(findTestObject("Generic/webObjectWithText", ["textValue":testData.getValue("intent_name", 8)])): platform.Method.clickOnElement is PASSED&#xD;
&#xD;
2021-02-17 17:21:13 - [MESSAGE][PASSED] - platform.Method.clickOnElement is PASSED&#xD;
&#xD;
2021-02-17 17:21:13 - [TEST_STEP][PASSED] - comment(" *** VALIDATION: VERIFY FREEFORM ENTITY ON SLOT ***"):  *** VALIDATION: VERIFY FREEFORM ENTITY ON SLOT ***&#xD;
&#xD;
2021-02-17 17:21:13 - [MESSAGE][INFO] -  *** VALIDATION: VERIFY FREEFORM ENTITY ON SLOT ***&#xD;
&#xD;
2021-02-17 17:21:13 - [TEST_STEP][PASSED] - verifyElementNotPresent(findTestObject("Slots/markedUpEntity"), 20, CONTINUE_ON_FAILURE): Web element with id: 'Object Repository/Slots/markedUpEntity' located by 'By.xpath: //span[@class='bg-red']' is not present after '20' second(s)&#xD;
&#xD;
2021-02-17 17:21:15 - [MESSAGE][PASSED] - Web element with id: 'Object Repository/Slots/markedUpEntity' located by 'By.xpath: //span[@class='bg-red']' is not present after '20' second(s)&#xD;
&#xD;
2021-02-17 17:21:15 - [TEST_STEP][PASSED] - platform.Method.clickOnElement(findTestObject("NewRepo/intentGoBack")): platform.Method.clickOnElement is PASSED&#xD;
&#xD;
2021-02-17 17:21:17 - [MESSAGE][PASSED] - platform.Method.clickOnElement is PASSED&#xD;
&#xD;
2021-02-17 17:21:17 - [TEST_STEP][PASSED] - verifyTextPresent("Training data", false, CONTINUE_ON_FAILURE): Text 'Training data' is present on page &#xD;
&#xD;
2021-02-17 17:21:20 - [MESSAGE][PASSED] - Text 'Training data' is present on page</system-out>
            <system-err></system-err>
        </testcase>
        <testcase name="Test Cases/Sprint/v4.4/freeformLinkToSlots_Test" classname="Test Cases/Sprint/v4.4/freeformLinkToSlots_Test" status="PASSED">
            <system-out>2021-02-17 17:21:21 - [TEST_CASE][PASSED] - Test Cases/Sprint/v4.4/freeformLinkToSlots_Test: Test Cases/Sprint/v4.4/freeformLinkToSlots_Test&#xD;
&#xD;
2021-02-17 17:21:21 - [TEST_STEP][PASSED] - platform.Method.clickOnElement(findTestObject("Generic/webObjectWithText", ["textValue":"freeform_test"])): platform.Method.clickOnElement is PASSED&#xD;
&#xD;
2021-02-17 17:21:24 - [MESSAGE][PASSED] - platform.Method.clickOnElement is PASSED&#xD;
&#xD;
2021-02-17 17:21:24 - [TEST_STEP][PASSED] - comment(" *** SCENARIO 1 STARTED ***"):  *** SCENARIO 1 STARTED ***&#xD;
&#xD;
2021-02-17 17:21:24 - [MESSAGE][INFO] -  *** SCENARIO 1 STARTED ***&#xD;
&#xD;
2021-02-17 17:21:24 - [TEST_STEP][PASSED] - verifyElementPresent(findTestObject("Slots/linkEntity"), 10, CONTINUE_ON_FAILURE): Object 'Object Repository/Slots/linkEntity' is present&#xD;
&#xD;
2021-02-17 17:21:25 - [MESSAGE][PASSED] - Object 'Object Repository/Slots/linkEntity' is present&#xD;
&#xD;
2021-02-17 17:21:25 - [TEST_STEP][PASSED] - platform.Method.clickOnElement(findTestObject("Slots/linkEntity")): platform.Method.clickOnElement is PASSED&#xD;
&#xD;
2021-02-17 17:21:27 - [MESSAGE][PASSED] - platform.Method.clickOnElement is PASSED&#xD;
&#xD;
2021-02-17 17:21:27 - [TEST_STEP][PASSED] - listOfEntities = findWebElements(findTestObject("WEB_OBJECTS/entityList"), 20): null&#xD;
&#xD;
2021-02-17 17:21:28 - [TEST_STEP][PASSED] - flag = false: null&#xD;
&#xD;
2021-02-17 17:21:28 - [TEST_STEP][PASSED] - listOfElement = listOfEntities.iterator(): null&#xD;
&#xD;
2021-02-17 17:21:28 - [TEST_STEP][PASSED] - while (listOfElement.hasNext()): null&#xD;
&#xD;
2021-02-17 17:21:28 - [TEST_STEP][PASSED] - object = listOfElement.next(): null&#xD;
&#xD;
2021-02-17 17:21:28 - [TEST_STEP][PASSED] - if (getText().contentEquals("demo freeform")): null&#xD;
&#xD;
2021-02-17 17:21:29 - [TEST_STEP][PASSED] - flag = true: null&#xD;
&#xD;
2021-02-17 17:21:29 - [TEST_STEP][PASSED] - if (flag == true): null&#xD;
&#xD;
2021-02-17 17:21:29 - [TEST_STEP][PASSED] - markPassed(" *** Freeform entity found *** "):  *** Freeform entity found *** &#xD;
&#xD;
2021-02-17 17:21:29 - [MESSAGE][PASSED] -  *** Freeform entity found *** &#xD;
&#xD;
2021-02-17 17:21:29 - [TEST_STEP][PASSED] - object.click(): null&#xD;
&#xD;
2021-02-17 17:21:31 - [TEST_STEP][PASSED] - break: null&#xD;
&#xD;
2021-02-17 17:21:31 - [TEST_STEP][PASSED] - if (flag == false): null&#xD;
&#xD;
2021-02-17 17:21:31 - [TEST_STEP][PASSED] - comment(" *** VALIDATION --&gt; ENTITY NAME IS PRESENT ON SLOTS ***"):  *** VALIDATION --&gt; ENTITY NAME IS PRESENT ON SLOTS ***&#xD;
&#xD;
2021-02-17 17:21:31 - [MESSAGE][INFO] -  *** VALIDATION --&gt; ENTITY NAME IS PRESENT ON SLOTS ***&#xD;
&#xD;
2021-02-17 17:21:31 - [TEST_STEP][PASSED] - verifyElementText(findTestObject("Slots/entityValue", ["rowValue":1]), "demo freeform", CONTINUE_ON_FAILURE): Actual text and expected text of test object 'Object Repository/Slots/entityValue' are matched.&#xD;
&#xD;
2021-02-17 17:21:33 - [MESSAGE][PASSED] - Actual text and expected text of test object 'Object Repository/Slots/entityValue' are matched.&#xD;
&#xD;
2021-02-17 17:21:33 - [TEST_STEP][PASSED] - comment(" *** SCENARIO 2 STARTED ***"):  *** SCENARIO 2 STARTED ***&#xD;
&#xD;
2021-02-17 17:21:33 - [MESSAGE][INFO] -  *** SCENARIO 2 STARTED ***&#xD;
&#xD;
2021-02-17 17:21:33 - [TEST_STEP][PASSED] - testObject = modifyObjectProperty(findTestObject("Slots/checkbox"), "xpath", "not equals", newXpath, true, STOP_ON_FAILURE): Modify property of object successfully&#xD;
&#xD;
2021-02-17 17:21:33 - [MESSAGE][PASSED] - Modify property of object successfully&#xD;
&#xD;
2021-02-17 17:21:33 - [TEST_STEP][PASSED] - comment(" *** VALIDATION --&gt; CHECKBOX FIELD SHOULD HAVE ATTRIBUTE *DISABLED* ***"):  *** VALIDATION --&gt; CHECKBOX FIELD SHOULD HAVE ATTRIBUTE *DISABLED* ***&#xD;
&#xD;
2021-02-17 17:21:33 - [MESSAGE][INFO] -  *** VALIDATION --&gt; CHECKBOX FIELD SHOULD HAVE ATTRIBUTE *DISABLED* ***&#xD;
&#xD;
2021-02-17 17:21:33 - [TEST_STEP][PASSED] - verifyElementHasAttribute(testObject, "disabled", 20, CONTINUE_ON_FAILURE): Object 'Object Repository/Slots/checkbox' has attribute 'disabled'&#xD;
&#xD;
2021-02-17 17:21:35 - [MESSAGE][PASSED] - Object 'Object Repository/Slots/checkbox' has attribute 'disabled'&#xD;
&#xD;
2021-02-17 17:21:35 - [TEST_STEP][PASSED] - setText(findTestObject("Slots/retries", ["rowValue":"1"]), "2", OPTIONAL): Text '2' is set on object 'Object Repository/Slots/retries'&#xD;
&#xD;
2021-02-17 17:21:39 - [MESSAGE][PASSED] - Text '2' is set on object 'Object Repository/Slots/retries'&#xD;
&#xD;
2021-02-17 17:21:39 - [TEST_STEP][PASSED] - setText(findTestObject("Slots/templateKey", ["rowValue":1]), findTestData("Data Files/testData_Task").getValue("rich_template", 8)): Text 'ask_freeform' is set on object 'Object Repository/Slots/templateKey'&#xD;
&#xD;
2021-02-17 17:21:43 - [MESSAGE][PASSED] - Text 'ask_freeform' is set on object 'Object Repository/Slots/templateKey'&#xD;
&#xD;
2021-02-17 17:21:43 - [TEST_STEP][PASSED] - takeScreenshot(getProjectDir() + "/Screenshot/" + image_title): Taking screenshot successfully&#xD;
&#xD;
2021-02-17 17:21:44 - [MESSAGE][PASSED] - Taking screenshot successfully&#xD;
[[ATTACHMENT|D:\\2021\\IMIbot.ai-Project\\Reports\\20210217_171409\\v4.x_TaskSuite\\20210217_171410\\D:/2021/IMIbot.ai-Project/Screenshot/freeform_loc.jpg]]&#xD;
&#xD;
2021-02-17 17:21:44 - [TEST_STEP][PASSED] - platform.Method.clickOnElement(findTestObject("Button/save", ["value":" Save "])): platform.Method.clickOnElement is PASSED&#xD;
&#xD;
2021-02-17 17:21:47 - [MESSAGE][PASSED] - platform.Method.clickOnElement is PASSED&#xD;
&#xD;
2021-02-17 17:21:47 - [TEST_STEP][PASSED] - platform.Method.clickOnElement(findTestObject("NewRepo/intentGoBack")): platform.Method.clickOnElement is PASSED&#xD;
&#xD;
2021-02-17 17:21:49 - [MESSAGE][PASSED] - platform.Method.clickOnElement is PASSED&#xD;
&#xD;
2021-02-17 17:21:49 - [TEST_STEP][PASSED] - verifyTextPresent("Training data", false, CONTINUE_ON_FAILURE): Text 'Training data' is present on page &#xD;
&#xD;
2021-02-17 17:21:52 - [MESSAGE][PASSED] - Text 'Training data' is present on page &#xD;
&#xD;
2021-02-17 17:21:52 - [TEST_STEP][PASSED] - platform.Method.clickOnElement(findTestObject("Generic/webObjectWithText", ["textValue":"freeform_test"])): platform.Method.clickOnElement is PASSED&#xD;
&#xD;
2021-02-17 17:21:54 - [MESSAGE][PASSED] - platform.Method.clickOnElement is PASSED&#xD;
&#xD;
2021-02-17 17:21:55 - [TEST_STEP][PASSED] - retryValue = executeJavaScript(getValue, null): Execute JavaScript 'return document.querySelector('[type="number"]').value;' successfully&#xD;
&#xD;
2021-02-17 17:21:56 - [MESSAGE][PASSED] - Execute JavaScript 'return document.querySelector('[type="number"]').value;' successfully&#xD;
&#xD;
2021-02-17 17:21:56 - [TEST_STEP][PASSED] - assert toString().contentEquals("2") == true: null&#xD;
&#xD;
2021-02-17 17:21:56 - [TEST_STEP][PASSED] - comment(" *** SCENARIO 3 STARTED ***"):  *** SCENARIO 3 STARTED ***&#xD;
&#xD;
2021-02-17 17:21:56 - [MESSAGE][INFO] -  *** SCENARIO 3 STARTED ***&#xD;
&#xD;
2021-02-17 17:21:56 - [TEST_STEP][PASSED] - mouseOver(findTestObject("WEB_OBJECTS/mat-icon", ["class_value":"freeform"]), OPTIONAL): Object: 'Object Repository/WEB_OBJECTS/mat-icon' is hovered&#xD;
&#xD;
2021-02-17 17:21:58 - [MESSAGE][PASSED] - Object: 'Object Repository/WEB_OBJECTS/mat-icon' is hovered&#xD;
&#xD;
2021-02-17 17:21:58 - [TEST_STEP][PASSED] - comment(" *** VALIDATION CHECK FOR ELEMENT ATTRIBUTE ***"):  *** VALIDATION CHECK FOR ELEMENT ATTRIBUTE ***&#xD;
&#xD;
2021-02-17 17:21:58 - [MESSAGE][INFO] -  *** VALIDATION CHECK FOR ELEMENT ATTRIBUTE ***&#xD;
&#xD;
2021-02-17 17:21:58 - [TEST_STEP][PASSED] - verifyElementAttributeValue(findTestObject("WEB_OBJECTS/mat-icon", ["class_value":"freeform"]), "mattooltip", testValue, 20, CONTINUE_ON_FAILURE): Object 'Object Repository/WEB_OBJECTS/mat-icon' has attribute 'mattooltip' with value 'Retries are valid only on empty value'&#xD;
&#xD;
2021-02-17 17:22:01 - [MESSAGE][PASSED] - Object 'Object Repository/WEB_OBJECTS/mat-icon' has attribute 'mattooltip' with value 'Retries are valid only on empty value'&#xD;
&#xD;
2021-02-17 17:22:01 - [TEST_STEP][PASSED] - platform.Method.clickOnElement(findTestObject("NewRepo/intentGoBack")): platform.Method.clickOnElement is PASSED&#xD;
&#xD;
2021-02-17 17:22:04 - [MESSAGE][PASSED] - platform.Method.clickOnElement is PASSED&#xD;
&#xD;
2021-02-17 17:22:04 - [TEST_STEP][PASSED] - refresh(): Refresh successfully&#xD;
&#xD;
2021-02-17 17:22:09 - [MESSAGE][PASSED] - Refresh successfully&#xD;
&#xD;
2021-02-17 17:22:09 - [TEST_STEP][PASSED] - waitForElementVisible(findTestObject("Button/createIntent"), 40, STOP_ON_FAILURE): Object 'Object Repository/Button/createIntent' is visible&#xD;
&#xD;
2021-02-17 17:22:17 - [MESSAGE][PASSED] - Object 'Object Repository/Button/createIntent' is visible</system-out>
            <system-err></system-err>
        </testcase>
        <testcase name="Test Cases/Sprint/v4.4/verifyFreeformPreview" classname="Test Cases/Sprint/v4.4/verifyFreeformPreview" status="FAILED">
            <failure type="FAILED" message="Test Cases/Sprint/v4.4/verifyFreeformPreview FAILED.&#xA;Reason:&#xA;com.kms.katalon.core.exception.StepFailedException: Actual text 'Sorry we are unable to process your request, ref id : 0b0fff6c925146bb9d75fcdf822a7ae4' and expected text 'Please enter a freeform content' of test object 'Object Repository/Generic/botReponse' are NOT matched. (Root cause: com.kms.katalon.core.exception.StepFailedException: Actual text 'Sorry we are unable to process your request, ref id : 0b0fff6c925146bb9d75fcdf822a7ae4' and expected text 'Please enter a freeform content' of test object 'Object Repository/Generic/botReponse' are NOT matched.&#xD;&#xA;&#x9;at com.kms.katalon.core.webui.keyword.internal.WebUIKeywordMain.stepFailed(WebUIKeywordMain.groovy:64)&#xD;&#xA;&#x9;at com.kms.katalon.core.webui.keyword.builtin.VerifyElementTextKeyword$_verifyElementText_closure1.doCall(VerifyElementTextKeyword.groovy:57)&#xD;&#xA;&#x9;at com.kms.katalon.core.webui.keyword.builtin.VerifyElementTextKeyword$_verifyElementText_closure1.call(VerifyElementTextKeyword.groovy)&#xD;&#xA;&#x9;at com.kms.katalon.core.webui.keyword.internal.WebUIKeywordMain.runKeyword(WebUIKeywordMain.groovy:20)&#xD;&#xA;&#x9;at com.kms.katalon.core.webui.keyword.builtin.VerifyElementTextKeyword.verifyElementText(VerifyElementTextKeyword.groovy:72)&#xD;&#xA;&#x9;at com.kms.katalon.core.webui.keyword.builtin.VerifyElementTextKeyword.execute(VerifyElementTextKeyword.groovy:40)&#xD;&#xA;&#x9;at com.kms.katalon.core.keyword.internal.KeywordExecutor.executeKeywordForPlatform(KeywordExecutor.groovy:56)&#xD;&#xA;&#x9;at com.kms.katalon.core.webui.keyword.WebUiBuiltInKeywords.verifyElementText(WebUiBuiltInKeywords.groovy:3647)&#xD;&#xA;&#x9;at com.kms.katalon.core.webui.keyword.WebUiBuiltInKeywords$verifyElementText$5.call(Unknown Source)&#xD;&#xA;&#x9;at verifyFreeformPreview.run(verifyFreeformPreview:20)&#xD;&#xA;&#x9;at com.kms.katalon.core.main.ScriptEngine.run(ScriptEngine.java:194)&#xD;&#xA;&#x9;at com.kms.katalon.core.main.ScriptEngine.runScriptAsRawText(ScriptEngine.java:119)&#xD;&#xA;&#x9;at com.kms.katalon.core.main.TestCaseExecutor.runScript(TestCaseExecutor.java:337)&#xD;&#xA;&#x9;at com.kms.katalon.core.main.TestCaseExecutor.doExecute(TestCaseExecutor.java:328)&#xD;&#xA;&#x9;at com.kms.katalon.core.main.TestCaseExecutor.processExecutionPhase(TestCaseExecutor.java:307)&#xD;&#xA;&#x9;at com.kms.katalon.core.main.TestCaseExecutor.accessMainPhase(TestCaseExecutor.java:299)&#xD;&#xA;&#x9;at com.kms.katalon.core.main.TestCaseExecutor.execute(TestCaseExecutor.java:233)&#xD;&#xA;&#x9;at com.kms.katalon.core.main.TestSuiteExecutor.accessTestCaseMainPhase(TestSuiteExecutor.java:169)&#xD;&#xA;&#x9;at com.kms.katalon.core.main.TestSuiteExecutor.accessTestSuiteMainPhase(TestSuiteExecutor.java:142)&#xD;&#xA;&#x9;at com.kms.katalon.core.main.TestSuiteExecutor.execute(TestSuiteExecutor.java:91)&#xD;&#xA;&#x9;at com.kms.katalon.core.main.TestCaseMain.startTestSuite(TestCaseMain.java:157)&#xD;&#xA;&#x9;at com.kms.katalon.core.main.TestCaseMain$startTestSuite$0.call(Unknown Source)&#xD;&#xA;&#x9;at TempTestSuite1613562250176.run(TempTestSuite1613562250176.groovy:35)&#xD;&#xA;)&#xD;&#xA;&#x9;at com.kms.katalon.core.keyword.internal.KeywordMain.stepFailed(KeywordMain.groovy:39)&#xD;&#xA;&#x9;at com.kms.katalon.core.webui.keyword.internal.WebUIKeywordMain.stepFailed(WebUIKeywordMain.groovy:64)&#xD;&#xA;&#x9;at com.kms.katalon.core.webui.keyword.builtin.VerifyElementTextKeyword$_verifyElementText_closure1.doCall(VerifyElementTextKeyword.groovy:57)&#xD;&#xA;&#x9;at com.kms.katalon.core.webui.keyword.builtin.VerifyElementTextKeyword$_verifyElementText_closure1.call(VerifyElementTextKeyword.groovy)&#xD;&#xA;&#x9;at com.kms.katalon.core.webui.keyword.internal.WebUIKeywordMain.runKeyword(WebUIKeywordMain.groovy:20)&#xD;&#xA;&#x9;at com.kms.katalon.core.webui.keyword.builtin.VerifyElementTextKeyword.verifyElementText(VerifyElementTextKeyword.groovy:72)&#xD;&#xA;&#x9;at com.kms.katalon.core.webui.keyword.builtin.VerifyElementTextKeyword.execute(VerifyElementTextKeyword.groovy:40)&#xD;&#xA;&#x9;at com.kms.katalon.core.keyword.internal.KeywordExecutor.executeKeywordForPlatform(KeywordExecutor.groovy:56)&#xD;&#xA;&#x9;at com.kms.katalon.core.webui.keyword.WebUiBuiltInKeywords.verifyElementText(WebUiBuiltInKeywords.groovy:3647)&#xD;&#xA;&#x9;at com.kms.katalon.core.webui.keyword.WebUiBuiltInKeywords$verifyElementText$5.call(Unknown Source)&#xD;&#xA;&#x9;at verifyFreeformPreview.run(verifyFreeformPreview:20)&#xD;&#xA;&#x9;at com.kms.katalon.core.main.ScriptEngine.run(ScriptEngine.java:194)&#xD;&#xA;&#x9;at com.kms.katalon.core.main.ScriptEngine.runScriptAsRawText(ScriptEngine.java:119)&#xD;&#xA;&#x9;at com.kms.katalon.core.main.TestCaseExecutor.runScript(TestCaseExecutor.java:337)&#xD;&#xA;&#x9;at com.kms.katalon.core.main.TestCaseExecutor.doExecute(TestCaseExecutor.java:328)&#xD;&#xA;&#x9;at com.kms.katalon.core.main.TestCaseExecutor.processExecutionPhase(TestCaseExecutor.java:307)&#xD;&#xA;&#x9;at com.kms.katalon.core.main.TestCaseExecutor.accessMainPhase(TestCaseExecutor.java:299)&#xD;&#xA;&#x9;at com.kms.katalon.core.main.TestCaseExecutor.execute(TestCaseExecutor.java:233)&#xD;&#xA;&#x9;at com.kms.katalon.core.main.TestSuiteExecutor.accessTestCaseMainPhase(TestSuiteExecutor.java:169)&#xD;&#xA;&#x9;at com.kms.katalon.core.main.TestSuiteExecutor.accessTestSuiteMainPhase(TestSuiteExecutor.java:142)&#xD;&#xA;&#x9;at com.kms.katalon.core.main.TestSuiteExecutor.execute(TestSuiteExecutor.java:91)&#xD;&#xA;&#x9;at com.kms.katalon.core.main.TestCaseMain.startTestSuite(TestCaseMain.java:157)&#xD;&#xA;&#x9;at com.kms.katalon.core.main.TestCaseMain$startTestSuite$0.call(Unknown Source)&#xD;&#xA;&#x9;at TempTestSuite1613562250176.run(TempTestSuite1613562250176.groovy:35)&#xD;&#xA;Caused by: com.kms.katalon.core.exception.StepFailedException: Actual text 'Sorry we are unable to process your request, ref id : 0b0fff6c925146bb9d75fcdf822a7ae4' and expected text 'Please enter a freeform content' of test object 'Object Repository/Generic/botReponse' are NOT matched.&#xD;&#xA;&#x9;... 23 more&#xD;&#xA;"/>
            <system-out>2021-02-17 17:22:17 - [TEST_CASE][FAILED] - Test Cases/Sprint/v4.4/verifyFreeformPreview: Test Cases/Sprint/v4.4/verifyFreeformPreview FAILED.
Reason:
com.kms.katalon.core.exception.StepFailedException: Actual text 'Sorry we are unable to process your request, ref id : 0b0fff6c925146bb9d75fcdf822a7ae4' and expected text 'Please enter a freeform content' of test object 'Object Repository/Generic/botReponse' are NOT matched. (Root cause: com.kms.katalon.core.exception.StepFailedException: Actual text 'Sorry we are unable to process your request, ref id : 0b0fff6c925146bb9d75fcdf822a7ae4' and expected text 'Please enter a freeform content' of test object 'Object Repository/Generic/botReponse' are NOT matched.&#xD;
	at com.kms.katalon.core.webui.keyword.internal.WebUIKeywordMain.stepFailed(WebUIKeywordMain.groovy:64)&#xD;
	at com.kms.katalon.core.webui.keyword.builtin.VerifyElementTextKeyword$_verifyElementText_closure1.doCall(VerifyElementTextKeyword.groovy:57)&#xD;
	at com.kms.katalon.core.webui.keyword.builtin.VerifyElementTextKeyword$_verifyElementText_closure1.call(VerifyElementTextKeyword.groovy)&#xD;
	at com.kms.katalon.core.webui.keyword.internal.WebUIKeywordMain.runKeyword(WebUIKeywordMain.groovy:20)&#xD;
	at com.kms.katalon.core.webui.keyword.builtin.VerifyElementTextKeyword.verifyElementText(VerifyElementTextKeyword.groovy:72)&#xD;
	at com.kms.katalon.core.webui.keyword.builtin.VerifyElementTextKeyword.execute(VerifyElementTextKeyword.groovy:40)&#xD;
	at com.kms.katalon.core.keyword.internal.KeywordExecutor.executeKeywordForPlatform(KeywordExecutor.groovy:56)&#xD;
	at com.kms.katalon.core.webui.keyword.WebUiBuiltInKeywords.verifyElementText(WebUiBuiltInKeywords.groovy:3647)&#xD;
	at com.kms.katalon.core.webui.keyword.WebUiBuiltInKeywords$verifyElementText$5.call(Unknown Source)&#xD;
	at verifyFreeformPreview.run(verifyFreeformPreview:20)&#xD;
	at com.kms.katalon.core.main.ScriptEngine.run(ScriptEngine.java:194)&#xD;
	at com.kms.katalon.core.main.ScriptEngine.runScriptAsRawText(ScriptEngine.java:119)&#xD;
	at com.kms.katalon.core.main.TestCaseExecutor.runScript(TestCaseExecutor.java:337)&#xD;
	at com.kms.katalon.core.main.TestCaseExecutor.doExecute(TestCaseExecutor.java:328)&#xD;
	at com.kms.katalon.core.main.TestCaseExecutor.processExecutionPhase(TestCaseExecutor.java:307)&#xD;
	at com.kms.katalon.core.main.TestCaseExecutor.accessMainPhase(TestCaseExecutor.java:299)&#xD;
	at com.kms.katalon.core.main.TestCaseExecutor.execute(TestCaseExecutor.java:233)&#xD;
	at com.kms.katalon.core.main.TestSuiteExecutor.accessTestCaseMainPhase(TestSuiteExecutor.java:169)&#xD;
	at com.kms.katalon.core.main.TestSuiteExecutor.accessTestSuiteMainPhase(TestSuiteExecutor.java:142)&#xD;
	at com.kms.katalon.core.main.TestSuiteExecutor.execute(TestSuiteExecutor.java:91)&#xD;
	at com.kms.katalon.core.main.TestCaseMain.startTestSuite(TestCaseMain.java:157)&#xD;
	at com.kms.katalon.core.main.TestCaseMain$startTestSuite$0.call(Unknown Source)&#xD;
	at TempTestSuite1613562250176.run(TempTestSuite1613562250176.groovy:35)&#xD;
)&#xD;
	at com.kms.katalon.core.keyword.internal.KeywordMain.stepFailed(KeywordMain.groovy:39)&#xD;
	at com.kms.katalon.core.webui.keyword.internal.WebUIKeywordMain.stepFailed(WebUIKeywordMain.groovy:64)&#xD;
	at com.kms.katalon.core.webui.keyword.builtin.VerifyElementTextKeyword$_verifyElementText_closure1.doCall(VerifyElementTextKeyword.groovy:57)&#xD;
	at com.kms.katalon.core.webui.keyword.builtin.VerifyElementTextKeyword$_verifyElementText_closure1.call(VerifyElementTextKeyword.groovy)&#xD;
	at com.kms.katalon.core.webui.keyword.internal.WebUIKeywordMain.runKeyword(WebUIKeywordMain.groovy:20)&#xD;
	at com.kms.katalon.core.webui.keyword.builtin.VerifyElementTextKeyword.verifyElementText(VerifyElementTextKeyword.groovy:72)&#xD;
	at com.kms.katalon.core.webui.keyword.builtin.VerifyElementTextKeyword.execute(VerifyElementTextKeyword.groovy:40)&#xD;
	at com.kms.katalon.core.keyword.internal.KeywordExecutor.executeKeywordForPlatform(KeywordExecutor.groovy:56)&#xD;
	at com.kms.katalon.core.webui.keyword.WebUiBuiltInKeywords.verifyElementText(WebUiBuiltInKeywords.groovy:3647)&#xD;
	at com.kms.katalon.core.webui.keyword.WebUiBuiltInKeywords$verifyElementText$5.call(Unknown Source)&#xD;
	at verifyFreeformPreview.run(verifyFreeformPreview:20)&#xD;
	at com.kms.katalon.core.main.ScriptEngine.run(ScriptEngine.java:194)&#xD;
	at com.kms.katalon.core.main.ScriptEngine.runScriptAsRawText(ScriptEngine.java:119)&#xD;
	at com.kms.katalon.core.main.TestCaseExecutor.runScript(TestCaseExecutor.java:337)&#xD;
	at com.kms.katalon.core.main.TestCaseExecutor.doExecute(TestCaseExecutor.java:328)&#xD;
	at com.kms.katalon.core.main.TestCaseExecutor.processExecutionPhase(TestCaseExecutor.java:307)&#xD;
	at com.kms.katalon.core.main.TestCaseExecutor.accessMainPhase(TestCaseExecutor.java:299)&#xD;
	at com.kms.katalon.core.main.TestCaseExecutor.execute(TestCaseExecutor.java:233)&#xD;
	at com.kms.katalon.core.main.TestSuiteExecutor.accessTestCaseMainPhase(TestSuiteExecutor.java:169)&#xD;
	at com.kms.katalon.core.main.TestSuiteExecutor.accessTestSuiteMainPhase(TestSuiteExecutor.java:142)&#xD;
	at com.kms.katalon.core.main.TestSuiteExecutor.execute(TestSuiteExecutor.java:91)&#xD;
	at com.kms.katalon.core.main.TestCaseMain.startTestSuite(TestCaseMain.java:157)&#xD;
	at com.kms.katalon.core.main.TestCaseMain$startTestSuite$0.call(Unknown Source)&#xD;
	at TempTestSuite1613562250176.run(TempTestSuite1613562250176.groovy:35)&#xD;
Caused by: com.kms.katalon.core.exception.StepFailedException: Actual text 'Sorry we are unable to process your request, ref id : 0b0fff6c925146bb9d75fcdf822a7ae4' and expected text 'Please enter a freeform content' of test object 'Object Repository/Generic/botReponse' are NOT matched.&#xD;
	... 23 more&#xD;
&#xD;
&#xD;
2021-02-17 17:22:18 - [TEST_STEP][PASSED] - platform.Method.trainAndComment("Freeform intent trained"): platform.Method.trainAndComment is PASSED&#xD;
&#xD;
2021-02-17 17:22:26 - [MESSAGE][PASSED] - Keys 'Freeform intent trained' sent to object: 'Object Repository/Input/comment'&#xD;
&#xD;
2021-02-17 17:22:28 - [MESSAGE][PASSED] - platform.Method.trainAndComment is PASSED&#xD;
&#xD;
2021-02-17 17:22:28 - [TEST_STEP][PASSED] - verifyElementPresent(findTestObject("ICONS/toastMsg"), 30, OPTIONAL): Object 'Object Repository/ICONS/toastMsg' is present&#xD;
&#xD;
2021-02-17 17:22:29 - [MESSAGE][PASSED] - Object 'Object Repository/ICONS/toastMsg' is present&#xD;
&#xD;
2021-02-17 17:22:29 - [TEST_STEP][PASSED] - comment("*** SCENARIO 1 STARTED ***"): *** SCENARIO 1 STARTED ***&#xD;
&#xD;
2021-02-17 17:22:29 - [MESSAGE][INFO] - *** SCENARIO 1 STARTED ***&#xD;
&#xD;
2021-02-17 17:22:29 - [TEST_STEP][PASSED] - platform.Method.clickOnElement(findTestObject("Button/preview")): platform.Method.clickOnElement is PASSED&#xD;
&#xD;
2021-02-17 17:22:32 - [MESSAGE][PASSED] - platform.Method.clickOnElement is PASSED&#xD;
&#xD;
2021-02-17 17:22:32 - [TEST_STEP][PASSED] - waitForElementVisible(findTestObject("Input/chatInput"), 20, CONTINUE_ON_FAILURE): Object 'Object Repository/Input/chatInput' is visible&#xD;
&#xD;
2021-02-17 17:22:34 - [MESSAGE][PASSED] - Object 'Object Repository/Input/chatInput' is visible&#xD;
&#xD;
2021-02-17 17:22:34 - [TEST_STEP][PASSED] - sendKeys(findTestObject("Input/chatInput"), Keys.chord(userQuery, ENTER)): Keys 'ENTER + freeform test' sent to object: 'Object Repository/Input/chatInput'&#xD;
&#xD;
2021-02-17 17:22:37 - [MESSAGE][PASSED] - Keys 'ENTER + freeform test' sent to object: 'Object Repository/Input/chatInput'&#xD;
&#xD;
2021-02-17 17:22:37 - [TEST_STEP][PASSED] - waitForElementVisible(findTestObject("Generic/botReponse", ["index":2]), 20, OPTIONAL): Object 'Object Repository/Generic/botReponse' is visible&#xD;
&#xD;
2021-02-17 17:22:41 - [MESSAGE][PASSED] - Object 'Object Repository/Generic/botReponse' is visible&#xD;
&#xD;
2021-02-17 17:22:41 - [TEST_STEP][FAILED] - verifyElementText(findTestObject("Generic/botReponse", ["index":2]), expected_value, CONTINUE_ON_FAILURE): Actual text 'Sorry we are unable to process your request, ref id : 0b0fff6c925146bb9d75fcdf822a7ae4' and expected text 'Please enter a freeform content' of test object 'Object Repository/Generic/botReponse' are NOT matched. (Root cause: com.kms.katalon.core.exception.StepFailedException: Actual text 'Sorry we are unable to process your request, ref id : 0b0fff6c925146bb9d75fcdf822a7ae4' and expected text 'Please enter a freeform content' of test object 'Object Repository/Generic/botReponse' are NOT matched.&#xD;
	at com.kms.katalon.core.webui.keyword.internal.WebUIKeywordMain.stepFailed(WebUIKeywordMain.groovy:64)&#xD;
	at com.kms.katalon.core.webui.keyword.builtin.VerifyElementTextKeyword$_verifyElementText_closure1.doCall(VerifyElementTextKeyword.groovy:57)&#xD;
	at com.kms.katalon.core.webui.keyword.builtin.VerifyElementTextKeyword$_verifyElementText_closure1.call(VerifyElementTextKeyword.groovy)&#xD;
	at com.kms.katalon.core.webui.keyword.internal.WebUIKeywordMain.runKeyword(WebUIKeywordMain.groovy:20)&#xD;
	at com.kms.katalon.core.webui.keyword.builtin.VerifyElementTextKeyword.verifyElementText(VerifyElementTextKeyword.groovy:72)&#xD;
	at com.kms.katalon.core.webui.keyword.builtin.VerifyElementTextKeyword.execute(VerifyElementTextKeyword.groovy:40)&#xD;
	at com.kms.katalon.core.keyword.internal.KeywordExecutor.executeKeywordForPlatform(KeywordExecutor.groovy:56)&#xD;
	at com.kms.katalon.core.webui.keyword.WebUiBuiltInKeywords.verifyElementText(WebUiBuiltInKeywords.groovy:3647)&#xD;
	at com.kms.katalon.core.webui.keyword.WebUiBuiltInKeywords$verifyElementText$5.call(Unknown Source)&#xD;
	at verifyFreeformPreview.run(verifyFreeformPreview:20)&#xD;
	at com.kms.katalon.core.main.ScriptEngine.run(ScriptEngine.java:194)&#xD;
	at com.kms.katalon.core.main.ScriptEngine.runScriptAsRawText(ScriptEngine.java:119)&#xD;
	at com.kms.katalon.core.main.TestCaseExecutor.runScript(TestCaseExecutor.java:337)&#xD;
	at com.kms.katalon.core.main.TestCaseExecutor.doExecute(TestCaseExecutor.java:328)&#xD;
	at com.kms.katalon.core.main.TestCaseExecutor.processExecutionPhase(TestCaseExecutor.java:307)&#xD;
	at com.kms.katalon.core.main.TestCaseExecutor.accessMainPhase(TestCaseExecutor.java:299)&#xD;
	at com.kms.katalon.core.main.TestCaseExecutor.execute(TestCaseExecutor.java:233)&#xD;
	at com.kms.katalon.core.main.TestSuiteExecutor.accessTestCaseMainPhase(TestSuiteExecutor.java:169)&#xD;
	at com.kms.katalon.core.main.TestSuiteExecutor.accessTestSuiteMainPhase(TestSuiteExecutor.java:142)&#xD;
	at com.kms.katalon.core.main.TestSuiteExecutor.execute(TestSuiteExecutor.java:91)&#xD;
	at com.kms.katalon.core.main.TestCaseMain.startTestSuite(TestCaseMain.java:157)&#xD;
	at com.kms.katalon.core.main.TestCaseMain$startTestSuite$0.call(Unknown Source)&#xD;
	at TempTestSuite1613562250176.run(TempTestSuite1613562250176.groovy:35)&#xD;
)&#xD;
&#xD;
2021-02-17 17:22:45 - [MESSAGE][FAILED] - Actual text 'Sorry we are unable to process your request, ref id : 0b0fff6c925146bb9d75fcdf822a7ae4' and expected text 'Please enter a freeform content' of test object 'Object Repository/Generic/botReponse' are NOT matched. (Root cause: com.kms.katalon.core.exception.StepFailedException: Actual text 'Sorry we are unable to process your request, ref id : 0b0fff6c925146bb9d75fcdf822a7ae4' and expected text 'Please enter a freeform content' of test object 'Object Repository/Generic/botReponse' are NOT matched.&#xD;
	at com.kms.katalon.core.webui.keyword.internal.WebUIKeywordMain.stepFailed(WebUIKeywordMain.groovy:64)&#xD;
	at com.kms.katalon.core.webui.keyword.builtin.VerifyElementTextKeyword$_verifyElementText_closure1.doCall(VerifyElementTextKeyword.groovy:57)&#xD;
	at com.kms.katalon.core.webui.keyword.builtin.VerifyElementTextKeyword$_verifyElementText_closure1.call(VerifyElementTextKeyword.groovy)&#xD;
	at com.kms.katalon.core.webui.keyword.internal.WebUIKeywordMain.runKeyword(WebUIKeywordMain.groovy:20)&#xD;
	at com.kms.katalon.core.webui.keyword.builtin.VerifyElementTextKeyword.verifyElementText(VerifyElementTextKeyword.groovy:72)&#xD;
	at com.kms.katalon.core.webui.keyword.builtin.VerifyElementTextKeyword.execute(VerifyElementTextKeyword.groovy:40)&#xD;
	at com.kms.katalon.core.keyword.internal.KeywordExecutor.executeKeywordForPlatform(KeywordExecutor.groovy:56)&#xD;
	at com.kms.katalon.core.webui.keyword.WebUiBuiltInKeywords.verifyElementText(WebUiBuiltInKeywords.groovy:3647)&#xD;
	at com.kms.katalon.core.webui.keyword.WebUiBuiltInKeywords$verifyElementText$5.call(Unknown Source)&#xD;
	at verifyFreeformPreview.run(verifyFreeformPreview:20)&#xD;
	at com.kms.katalon.core.main.ScriptEngine.run(ScriptEngine.java:194)&#xD;
	at com.kms.katalon.core.main.ScriptEngine.runScriptAsRawText(ScriptEngine.java:119)&#xD;
	at com.kms.katalon.core.main.TestCaseExecutor.runScript(TestCaseExecutor.java:337)&#xD;
	at com.kms.katalon.core.main.TestCaseExecutor.doExecute(TestCaseExecutor.java:328)&#xD;
	at com.kms.katalon.core.main.TestCaseExecutor.processExecutionPhase(TestCaseExecutor.java:307)&#xD;
	at com.kms.katalon.core.main.TestCaseExecutor.accessMainPhase(TestCaseExecutor.java:299)&#xD;
	at com.kms.katalon.core.main.TestCaseExecutor.execute(TestCaseExecutor.java:233)&#xD;
	at com.kms.katalon.core.main.TestSuiteExecutor.accessTestCaseMainPhase(TestSuiteExecutor.java:169)&#xD;
	at com.kms.katalon.core.main.TestSuiteExecutor.accessTestSuiteMainPhase(TestSuiteExecutor.java:142)&#xD;
	at com.kms.katalon.core.main.TestSuiteExecutor.execute(TestSuiteExecutor.java:91)&#xD;
	at com.kms.katalon.core.main.TestCaseMain.startTestSuite(TestCaseMain.java:157)&#xD;
	at com.kms.katalon.core.main.TestCaseMain$startTestSuite$0.call(Unknown Source)&#xD;
	at TempTestSuite1613562250176.run(TempTestSuite1613562250176.groovy:35)&#xD;
)&#xD;
[[ATTACHMENT|D:\\2021\\IMIbot.ai-Project\\Reports\\20210217_171409\\v4.x_TaskSuite\\20210217_171410\\1613562763591.png]]&#xD;
&#xD;
2021-02-17 17:22:45 - [TEST_STEP][PASSED] - sendKeys(findTestObject("Input/chatInput"), Keys.chord(freeform_text, ENTER)): Keys 'ENTER +  ' sent to object: 'Object Repository/Input/chatInput'&#xD;
&#xD;
2021-02-17 17:22:47 - [MESSAGE][PASSED] - Keys 'ENTER +  ' sent to object: 'Object Repository/Input/chatInput'&#xD;
&#xD;
2021-02-17 17:22:47 - [TEST_STEP][PASSED] - comment("*** VALIDATION CHECK FOR BOT RESPONSE ***"): *** VALIDATION CHECK FOR BOT RESPONSE ***&#xD;
&#xD;
2021-02-17 17:22:47 - [MESSAGE][INFO] - *** VALIDATION CHECK FOR BOT RESPONSE ***&#xD;
&#xD;
2021-02-17 17:22:47 - [TEST_STEP][PASSED] - verifyElementText(findTestObject("Generic/botReponse", ["index":3]), final_value, CONTINUE_ON_FAILURE): Actual text and expected text of test object 'Object Repository/Generic/botReponse' are matched.&#xD;
&#xD;
2021-02-17 17:22:50 - [MESSAGE][PASSED] - Actual text and expected text of test object 'Object Repository/Generic/botReponse' are matched.&#xD;
&#xD;
2021-02-17 17:22:50 - [TEST_STEP][PASSED] - comment("*** SCENARIO 2 STARTED ***"): *** SCENARIO 2 STARTED ***&#xD;
&#xD;
2021-02-17 17:22:50 - [MESSAGE][INFO] - *** SCENARIO 2 STARTED ***&#xD;
&#xD;
2021-02-17 17:22:50 - [TEST_STEP][PASSED] - platform.Method.clickOnElement(findTestObject("Button/preview")): platform.Method.clickOnElement is PASSED&#xD;
&#xD;
2021-02-17 17:22:52 - [MESSAGE][PASSED] - platform.Method.clickOnElement is PASSED&#xD;
&#xD;
2021-02-17 17:22:52 - [TEST_STEP][PASSED] - waitForElementVisible(findTestObject("Input/chatInput"), 20, CONTINUE_ON_FAILURE): Object 'Object Repository/Input/chatInput' is visible&#xD;
&#xD;
2021-02-17 17:22:54 - [MESSAGE][PASSED] - Object 'Object Repository/Input/chatInput' is visible&#xD;
&#xD;
2021-02-17 17:22:54 - [TEST_STEP][PASSED] - sendKeys(findTestObject("Input/chatInput"), Keys.chord(userQuery, ENTER)): Keys 'ENTER + freeform test' sent to object: 'Object Repository/Input/chatInput'&#xD;
&#xD;
2021-02-17 17:22:57 - [MESSAGE][PASSED] - Keys 'ENTER + freeform test' sent to object: 'Object Repository/Input/chatInput'&#xD;
&#xD;
2021-02-17 17:22:57 - [TEST_STEP][PASSED] - waitForElementVisible(findTestObject("Generic/botReponse", ["index":2]), 20, OPTIONAL): Object 'Object Repository/Generic/botReponse' is visible&#xD;
&#xD;
2021-02-17 17:23:01 - [MESSAGE][PASSED] - Object 'Object Repository/Generic/botReponse' is visible&#xD;
&#xD;
2021-02-17 17:23:01 - [TEST_STEP][FAILED] - verifyElementText(findTestObject("Generic/botReponse", ["index":2]), expected_value, CONTINUE_ON_FAILURE): Actual text 'Sorry we are unable to process your request, ref id : c6ae1710b146464096176575d42f179c' and expected text 'Please enter a freeform content' of test object 'Object Repository/Generic/botReponse' are NOT matched. (Root cause: com.kms.katalon.core.exception.StepFailedException: Actual text 'Sorry we are unable to process your request, ref id : c6ae1710b146464096176575d42f179c' and expected text 'Please enter a freeform content' of test object 'Object Repository/Generic/botReponse' are NOT matched.&#xD;
	at com.kms.katalon.core.webui.keyword.internal.WebUIKeywordMain.stepFailed(WebUIKeywordMain.groovy:64)&#xD;
	at com.kms.katalon.core.webui.keyword.builtin.VerifyElementTextKeyword$_verifyElementText_closure1.doCall(VerifyElementTextKeyword.groovy:57)&#xD;
	at com.kms.katalon.core.webui.keyword.builtin.VerifyElementTextKeyword$_verifyElementText_closure1.call(VerifyElementTextKeyword.groovy)&#xD;
	at com.kms.katalon.core.webui.keyword.internal.WebUIKeywordMain.runKeyword(WebUIKeywordMain.groovy:20)&#xD;
	at com.kms.katalon.core.webui.keyword.builtin.VerifyElementTextKeyword.verifyElementText(VerifyElementTextKeyword.groovy:72)&#xD;
	at com.kms.katalon.core.webui.keyword.builtin.VerifyElementTextKeyword.execute(VerifyElementTextKeyword.groovy:40)&#xD;
	at com.kms.katalon.core.keyword.internal.KeywordExecutor.executeKeywordForPlatform(KeywordExecutor.groovy:56)&#xD;
	at com.kms.katalon.core.webui.keyword.WebUiBuiltInKeywords.verifyElementText(WebUiBuiltInKeywords.groovy:3647)&#xD;
	at com.kms.katalon.core.webui.keyword.WebUiBuiltInKeywords$verifyElementText$5.call(Unknown Source)&#xD;
	at verifyFreeformPreview.run(verifyFreeformPreview:38)&#xD;
	at com.kms.katalon.core.main.ScriptEngine.run(ScriptEngine.java:194)&#xD;
	at com.kms.katalon.core.main.ScriptEngine.runScriptAsRawText(ScriptEngine.java:119)&#xD;
	at com.kms.katalon.core.main.TestCaseExecutor.runScript(TestCaseExecutor.java:337)&#xD;
	at com.kms.katalon.core.main.TestCaseExecutor.doExecute(TestCaseExecutor.java:328)&#xD;
	at com.kms.katalon.core.main.TestCaseExecutor.processExecutionPhase(TestCaseExecutor.java:307)&#xD;
	at com.kms.katalon.core.main.TestCaseExecutor.accessMainPhase(TestCaseExecutor.java:299)&#xD;
	at com.kms.katalon.core.main.TestCaseExecutor.execute(TestCaseExecutor.java:233)&#xD;
	at com.kms.katalon.core.main.TestSuiteExecutor.accessTestCaseMainPhase(TestSuiteExecutor.java:169)&#xD;
	at com.kms.katalon.core.main.TestSuiteExecutor.accessTestSuiteMainPhase(TestSuiteExecutor.java:142)&#xD;
	at com.kms.katalon.core.main.TestSuiteExecutor.execute(TestSuiteExecutor.java:91)&#xD;
	at com.kms.katalon.core.main.TestCaseMain.startTestSuite(TestCaseMain.java:157)&#xD;
	at com.kms.katalon.core.main.TestCaseMain$startTestSuite$0.call(Unknown Source)&#xD;
	at TempTestSuite1613562250176.run(TempTestSuite1613562250176.groovy:35)&#xD;
)&#xD;
&#xD;
2021-02-17 17:23:04 - [MESSAGE][FAILED] - Actual text 'Sorry we are unable to process your request, ref id : c6ae1710b146464096176575d42f179c' and expected text 'Please enter a freeform content' of test object 'Object Repository/Generic/botReponse' are NOT matched. (Root cause: com.kms.katalon.core.exception.StepFailedException: Actual text 'Sorry we are unable to process your request, ref id : c6ae1710b146464096176575d42f179c' and expected text 'Please enter a freeform content' of test object 'Object Repository/Generic/botReponse' are NOT matched.&#xD;
	at com.kms.katalon.core.webui.keyword.internal.WebUIKeywordMain.stepFailed(WebUIKeywordMain.groovy:64)&#xD;
	at com.kms.katalon.core.webui.keyword.builtin.VerifyElementTextKeyword$_verifyElementText_closure1.doCall(VerifyElementTextKeyword.groovy:57)&#xD;
	at com.kms.katalon.core.webui.keyword.builtin.VerifyElementTextKeyword$_verifyElementText_closure1.call(VerifyElementTextKeyword.groovy)&#xD;
	at com.kms.katalon.core.webui.keyword.internal.WebUIKeywordMain.runKeyword(WebUIKeywordMain.groovy:20)&#xD;
	at com.kms.katalon.core.webui.keyword.builtin.VerifyElementTextKeyword.verifyElementText(VerifyElementTextKeyword.groovy:72)&#xD;
	at com.kms.katalon.core.webui.keyword.builtin.VerifyElementTextKeyword.execute(VerifyElementTextKeyword.groovy:40)&#xD;
	at com.kms.katalon.core.keyword.internal.KeywordExecutor.executeKeywordForPlatform(KeywordExecutor.groovy:56)&#xD;
	at com.kms.katalon.core.webui.keyword.WebUiBuiltInKeywords.verifyElementText(WebUiBuiltInKeywords.groovy:3647)&#xD;
	at com.kms.katalon.core.webui.keyword.WebUiBuiltInKeywords$verifyElementText$5.call(Unknown Source)&#xD;
	at verifyFreeformPreview.run(verifyFreeformPreview:38)&#xD;
	at com.kms.katalon.core.main.ScriptEngine.run(ScriptEngine.java:194)&#xD;
	at com.kms.katalon.core.main.ScriptEngine.runScriptAsRawText(ScriptEngine.java:119)&#xD;
	at com.kms.katalon.core.main.TestCaseExecutor.runScript(TestCaseExecutor.java:337)&#xD;
	at com.kms.katalon.core.main.TestCaseExecutor.doExecute(TestCaseExecutor.java:328)&#xD;
	at com.kms.katalon.core.main.TestCaseExecutor.processExecutionPhase(TestCaseExecutor.java:307)&#xD;
	at com.kms.katalon.core.main.TestCaseExecutor.accessMainPhase(TestCaseExecutor.java:299)&#xD;
	at com.kms.katalon.core.main.TestCaseExecutor.execute(TestCaseExecutor.java:233)&#xD;
	at com.kms.katalon.core.main.TestSuiteExecutor.accessTestCaseMainPhase(TestSuiteExecutor.java:169)&#xD;
	at com.kms.katalon.core.main.TestSuiteExecutor.accessTestSuiteMainPhase(TestSuiteExecutor.java:142)&#xD;
	at com.kms.katalon.core.main.TestSuiteExecutor.execute(TestSuiteExecutor.java:91)&#xD;
	at com.kms.katalon.core.main.TestCaseMain.startTestSuite(TestCaseMain.java:157)&#xD;
	at com.kms.katalon.core.main.TestCaseMain$startTestSuite$0.call(Unknown Source)&#xD;
	at TempTestSuite1613562250176.run(TempTestSuite1613562250176.groovy:35)&#xD;
)&#xD;
[[ATTACHMENT|D:\\2021\\IMIbot.ai-Project\\Reports\\20210217_171409\\v4.x_TaskSuite\\20210217_171410\\1613562783325.png]]&#xD;
&#xD;
2021-02-17 17:23:04 - [TEST_STEP][PASSED] - sendKeys(findTestObject("Input/chatInput"), Keys.chord(new_intent_value, ENTER)): Keys 'ENTER + do you deliver' sent to object: 'Object Repository/Input/chatInput'&#xD;
&#xD;
2021-02-17 17:23:07 - [MESSAGE][PASSED] - Keys 'ENTER + do you deliver' sent to object: 'Object Repository/Input/chatInput'&#xD;
&#xD;
2021-02-17 17:23:07 - [TEST_STEP][PASSED] - comment("*** VALIDATION CHECK FOR BOT RESPONSE ***"): *** VALIDATION CHECK FOR BOT RESPONSE ***&#xD;
&#xD;
2021-02-17 17:23:07 - [MESSAGE][INFO] - *** VALIDATION CHECK FOR BOT RESPONSE ***&#xD;
&#xD;
2021-02-17 17:23:07 - [TEST_STEP][PASSED] - verifyElementText(findTestObject("Generic/botReponse", ["index":3]), final_value, CONTINUE_ON_FAILURE): Actual text and expected text of test object 'Object Repository/Generic/botReponse' are matched.&#xD;
&#xD;
2021-02-17 17:23:09 - [MESSAGE][PASSED] - Actual text and expected text of test object 'Object Repository/Generic/botReponse' are matched.</system-out>
            <system-err>2021-02-17 17:22:17 - [TEST_CASE][FAILED] - Test Cases/Sprint/v4.4/verifyFreeformPreview: Test Cases/Sprint/v4.4/verifyFreeformPreview FAILED.
Reason:
com.kms.katalon.core.exception.StepFailedException: Actual text 'Sorry we are unable to process your request, ref id : 0b0fff6c925146bb9d75fcdf822a7ae4' and expected text 'Please enter a freeform content' of test object 'Object Repository/Generic/botReponse' are NOT matched. (Root cause: com.kms.katalon.core.exception.StepFailedException: Actual text 'Sorry we are unable to process your request, ref id : 0b0fff6c925146bb9d75fcdf822a7ae4' and expected text 'Please enter a freeform content' of test object 'Object Repository/Generic/botReponse' are NOT matched.&#xD;
	at com.kms.katalon.core.webui.keyword.internal.WebUIKeywordMain.stepFailed(WebUIKeywordMain.groovy:64)&#xD;
	at com.kms.katalon.core.webui.keyword.builtin.VerifyElementTextKeyword$_verifyElementText_closure1.doCall(VerifyElementTextKeyword.groovy:57)&#xD;
	at com.kms.katalon.core.webui.keyword.builtin.VerifyElementTextKeyword$_verifyElementText_closure1.call(VerifyElementTextKeyword.groovy)&#xD;
	at com.kms.katalon.core.webui.keyword.internal.WebUIKeywordMain.runKeyword(WebUIKeywordMain.groovy:20)&#xD;
	at com.kms.katalon.core.webui.keyword.builtin.VerifyElementTextKeyword.verifyElementText(VerifyElementTextKeyword.groovy:72)&#xD;
	at com.kms.katalon.core.webui.keyword.builtin.VerifyElementTextKeyword.execute(VerifyElementTextKeyword.groovy:40)&#xD;
	at com.kms.katalon.core.keyword.internal.KeywordExecutor.executeKeywordForPlatform(KeywordExecutor.groovy:56)&#xD;
	at com.kms.katalon.core.webui.keyword.WebUiBuiltInKeywords.verifyElementText(WebUiBuiltInKeywords.groovy:3647)&#xD;
	at com.kms.katalon.core.webui.keyword.WebUiBuiltInKeywords$verifyElementText$5.call(Unknown Source)&#xD;
	at verifyFreeformPreview.run(verifyFreeformPreview:20)&#xD;
	at com.kms.katalon.core.main.ScriptEngine.run(ScriptEngine.java:194)&#xD;
	at com.kms.katalon.core.main.ScriptEngine.runScriptAsRawText(ScriptEngine.java:119)&#xD;
	at com.kms.katalon.core.main.TestCaseExecutor.runScript(TestCaseExecutor.java:337)&#xD;
	at com.kms.katalon.core.main.TestCaseExecutor.doExecute(TestCaseExecutor.java:328)&#xD;
	at com.kms.katalon.core.main.TestCaseExecutor.processExecutionPhase(TestCaseExecutor.java:307)&#xD;
	at com.kms.katalon.core.main.TestCaseExecutor.accessMainPhase(TestCaseExecutor.java:299)&#xD;
	at com.kms.katalon.core.main.TestCaseExecutor.execute(TestCaseExecutor.java:233)&#xD;
	at com.kms.katalon.core.main.TestSuiteExecutor.accessTestCaseMainPhase(TestSuiteExecutor.java:169)&#xD;
	at com.kms.katalon.core.main.TestSuiteExecutor.accessTestSuiteMainPhase(TestSuiteExecutor.java:142)&#xD;
	at com.kms.katalon.core.main.TestSuiteExecutor.execute(TestSuiteExecutor.java:91)&#xD;
	at com.kms.katalon.core.main.TestCaseMain.startTestSuite(TestCaseMain.java:157)&#xD;
	at com.kms.katalon.core.main.TestCaseMain$startTestSuite$0.call(Unknown Source)&#xD;
	at TempTestSuite1613562250176.run(TempTestSuite1613562250176.groovy:35)&#xD;
)&#xD;
	at com.kms.katalon.core.keyword.internal.KeywordMain.stepFailed(KeywordMain.groovy:39)&#xD;
	at com.kms.katalon.core.webui.keyword.internal.WebUIKeywordMain.stepFailed(WebUIKeywordMain.groovy:64)&#xD;
	at com.kms.katalon.core.webui.keyword.builtin.VerifyElementTextKeyword$_verifyElementText_closure1.doCall(VerifyElementTextKeyword.groovy:57)&#xD;
	at com.kms.katalon.core.webui.keyword.builtin.VerifyElementTextKeyword$_verifyElementText_closure1.call(VerifyElementTextKeyword.groovy)&#xD;
	at com.kms.katalon.core.webui.keyword.internal.WebUIKeywordMain.runKeyword(WebUIKeywordMain.groovy:20)&#xD;
	at com.kms.katalon.core.webui.keyword.builtin.VerifyElementTextKeyword.verifyElementText(VerifyElementTextKeyword.groovy:72)&#xD;
	at com.kms.katalon.core.webui.keyword.builtin.VerifyElementTextKeyword.execute(VerifyElementTextKeyword.groovy:40)&#xD;
	at com.kms.katalon.core.keyword.internal.KeywordExecutor.executeKeywordForPlatform(KeywordExecutor.groovy:56)&#xD;
	at com.kms.katalon.core.webui.keyword.WebUiBuiltInKeywords.verifyElementText(WebUiBuiltInKeywords.groovy:3647)&#xD;
	at com.kms.katalon.core.webui.keyword.WebUiBuiltInKeywords$verifyElementText$5.call(Unknown Source)&#xD;
	at verifyFreeformPreview.run(verifyFreeformPreview:20)&#xD;
	at com.kms.katalon.core.main.ScriptEngine.run(ScriptEngine.java:194)&#xD;
	at com.kms.katalon.core.main.ScriptEngine.runScriptAsRawText(ScriptEngine.java:119)&#xD;
	at com.kms.katalon.core.main.TestCaseExecutor.runScript(TestCaseExecutor.java:337)&#xD;
	at com.kms.katalon.core.main.TestCaseExecutor.doExecute(TestCaseExecutor.java:328)&#xD;
	at com.kms.katalon.core.main.TestCaseExecutor.processExecutionPhase(TestCaseExecutor.java:307)&#xD;
	at com.kms.katalon.core.main.TestCaseExecutor.accessMainPhase(TestCaseExecutor.java:299)&#xD;
	at com.kms.katalon.core.main.TestCaseExecutor.execute(TestCaseExecutor.java:233)&#xD;
	at com.kms.katalon.core.main.TestSuiteExecutor.accessTestCaseMainPhase(TestSuiteExecutor.java:169)&#xD;
	at com.kms.katalon.core.main.TestSuiteExecutor.accessTestSuiteMainPhase(TestSuiteExecutor.java:142)&#xD;
	at com.kms.katalon.core.main.TestSuiteExecutor.execute(TestSuiteExecutor.java:91)&#xD;
	at com.kms.katalon.core.main.TestCaseMain.startTestSuite(TestCaseMain.java:157)&#xD;
	at com.kms.katalon.core.main.TestCaseMain$startTestSuite$0.call(Unknown Source)&#xD;
	at TempTestSuite1613562250176.run(TempTestSuite1613562250176.groovy:35)&#xD;
Caused by: com.kms.katalon.core.exception.StepFailedException: Actual text 'Sorry we are unable to process your request, ref id : 0b0fff6c925146bb9d75fcdf822a7ae4' and expected text 'Please enter a freeform content' of test object 'Object Repository/Generic/botReponse' are NOT matched.&#xD;
	... 23 more</system-err>
        </testcase>
        <testcase name="Test Cases/Sprint/v4.4/textWithAttachments_Test" classname="Test Cases/Sprint/v4.4/textWithAttachments_Test" status="ERROR">
            <error type="ERROR" message="Test Cases/Sprint/v4.4/textWithAttachments_Test FAILED.&#xA;Reason:&#xA;org.openqa.selenium.ElementClickInterceptedException: element click intercepted: Element &lt;i _ngcontent-val-c89=&quot;&quot; class=&quot;imi-icon&quot;&gt;...&lt;/i&gt; is not clickable at point (1013, 493). Other element would receive the click: &lt;p&gt;...&lt;/p&gt;&#xA;  (Session info: chrome=88.0.4324.150)&#xA;Build info: version: '3.141.59', revision: 'e82be7d358', time: '2018-11-14T08:25:53'&#xA;System info: host: 'WLPT580', ip: '192.168.29.195', os.name: 'Windows 8.1', os.arch: 'amd64', os.version: '6.3', java.version: '1.8.0_181'&#xA;Driver info: com.kms.katalon.selenium.driver.CChromeDriver&#xA;Capabilities {acceptInsecureCerts: false, browserName: chrome, browserVersion: 88.0.4324.150, chrome: {chromedriverVersion: 88.0.4324.96 (68dba2d8a0b14..., userDataDir: C:\Users\narendra.n\AppData...}, goog:chromeOptions: {debuggerAddress: localhost:56507}, javascriptEnabled: true, networkConnectionEnabled: false, pageLoadStrategy: normal, platform: WINDOWS, platformName: WINDOWS, proxy: Proxy(), setWindowRect: true, strictFileInteractability: false, timeouts: {implicit: 0, pageLoad: 300000, script: 30000}, unhandledPromptBehavior: dismiss and notify, webauthn:extension:largeBlob: true, webauthn:virtualAuthenticators: true}&#xA;Session ID: 3c7f70cd59d9743463e0dce7a5773fb3&#xD;&#xA;&#x9;at org.openqa.selenium.remote.http.W3CHttpResponseCodec.createException(W3CHttpResponseCodec.java:187)&#xD;&#xA;&#x9;at org.openqa.selenium.remote.http.W3CHttpResponseCodec.decode(W3CHttpResponseCodec.java:122)&#xD;&#xA;&#x9;at org.openqa.selenium.remote.http.W3CHttpResponseCodec.decode(W3CHttpResponseCodec.java:49)&#xD;&#xA;&#x9;at org.openqa.selenium.remote.HttpCommandExecutor.execute(HttpCommandExecutor.java:158)&#xD;&#xA;&#x9;at org.openqa.selenium.remote.service.DriverCommandExecutor.execute(DriverCommandExecutor.java:83)&#xD;&#xA;&#x9;at org.openqa.selenium.remote.RemoteWebDriver.execute(RemoteWebDriver.java:552)&#xD;&#xA;&#x9;at com.kms.katalon.selenium.driver.CChromeDriver.execute(CChromeDriver.java:20)&#xD;&#xA;&#x9;at org.openqa.selenium.remote.RemoteWebElement.execute(RemoteWebElement.java:285)&#xD;&#xA;&#x9;at org.openqa.selenium.remote.RemoteWebElement.click(RemoteWebElement.java:84)&#xD;&#xA;&#x9;at org.openqa.selenium.WebElement$click$0.call(Unknown Source)&#xD;&#xA;&#x9;at textWithAttachments_Test.run(textWithAttachments_Test:85)&#xD;&#xA;&#x9;at com.kms.katalon.core.main.ScriptEngine.run(ScriptEngine.java:194)&#xD;&#xA;&#x9;at com.kms.katalon.core.main.ScriptEngine.runScriptAsRawText(ScriptEngine.java:119)&#xD;&#xA;&#x9;at com.kms.katalon.core.main.TestCaseExecutor.runScript(TestCaseExecutor.java:337)&#xD;&#xA;&#x9;at com.kms.katalon.core.main.TestCaseExecutor.doExecute(TestCaseExecutor.java:328)&#xD;&#xA;&#x9;at com.kms.katalon.core.main.TestCaseExecutor.processExecutionPhase(TestCaseExecutor.java:307)&#xD;&#xA;&#x9;at com.kms.katalon.core.main.TestCaseExecutor.accessMainPhase(TestCaseExecutor.java:299)&#xD;&#xA;&#x9;at com.kms.katalon.core.main.TestCaseExecutor.execute(TestCaseExecutor.java:233)&#xD;&#xA;&#x9;at com.kms.katalon.core.main.TestSuiteExecutor.accessTestCaseMainPhase(TestSuiteExecutor.java:169)&#xD;&#xA;&#x9;at com.kms.katalon.core.main.TestSuiteExecutor.accessTestSuiteMainPhase(TestSuiteExecutor.java:142)&#xD;&#xA;&#x9;at com.kms.katalon.core.main.TestSuiteExecutor.execute(TestSuiteExecutor.java:91)&#xD;&#xA;&#x9;at com.kms.katalon.core.main.TestCaseMain.startTestSuite(TestCaseMain.java:157)&#xD;&#xA;&#x9;at com.kms.katalon.core.main.TestCaseMain$startTestSuite$0.call(Unknown Source)&#xD;&#xA;&#x9;at TempTestSuite1613562250176.run(TempTestSuite1613562250176.groovy:35)&#xD;&#xA;"/>
            <system-out>2021-02-17 17:23:09 - [TEST_CASE][ERROR] - Test Cases/Sprint/v4.4/textWithAttachments_Test: Test Cases/Sprint/v4.4/textWithAttachments_Test FAILED.
Reason:
org.openqa.selenium.ElementClickInterceptedException: element click intercepted: Element &lt;i _ngcontent-val-c89="" class="imi-icon"&gt;...&lt;/i&gt; is not clickable at point (1013, 493). Other element would receive the click: &lt;p&gt;...&lt;/p&gt;
  (Session info: chrome=88.0.4324.150)
Build info: version: '3.141.59', revision: 'e82be7d358', time: '2018-11-14T08:25:53'
System info: host: 'WLPT580', ip: '192.168.29.195', os.name: 'Windows 8.1', os.arch: 'amd64', os.version: '6.3', java.version: '1.8.0_181'
Driver info: com.kms.katalon.selenium.driver.CChromeDriver
Capabilities {acceptInsecureCerts: false, browserName: chrome, browserVersion: 88.0.4324.150, chrome: {chromedriverVersion: 88.0.4324.96 (68dba2d8a0b14..., userDataDir: C:\Users\narendra.n\AppData...}, goog:chromeOptions: {debuggerAddress: localhost:56507}, javascriptEnabled: true, networkConnectionEnabled: false, pageLoadStrategy: normal, platform: WINDOWS, platformName: WINDOWS, proxy: Proxy(), setWindowRect: true, strictFileInteractability: false, timeouts: {implicit: 0, pageLoad: 300000, script: 30000}, unhandledPromptBehavior: dismiss and notify, webauthn:extension:largeBlob: true, webauthn:virtualAuthenticators: true}
Session ID: 3c7f70cd59d9743463e0dce7a5773fb3&#xD;
	at org.openqa.selenium.remote.http.W3CHttpResponseCodec.createException(W3CHttpResponseCodec.java:187)&#xD;
	at org.openqa.selenium.remote.http.W3CHttpResponseCodec.decode(W3CHttpResponseCodec.java:122)&#xD;
	at org.openqa.selenium.remote.http.W3CHttpResponseCodec.decode(W3CHttpResponseCodec.java:49)&#xD;
	at org.openqa.selenium.remote.HttpCommandExecutor.execute(HttpCommandExecutor.java:158)&#xD;
	at org.openqa.selenium.remote.service.DriverCommandExecutor.execute(DriverCommandExecutor.java:83)&#xD;
	at org.openqa.selenium.remote.RemoteWebDriver.execute(RemoteWebDriver.java:552)&#xD;
	at com.kms.katalon.selenium.driver.CChromeDriver.execute(CChromeDriver.java:20)&#xD;
	at org.openqa.selenium.remote.RemoteWebElement.execute(RemoteWebElement.java:285)&#xD;
	at org.openqa.selenium.remote.RemoteWebElement.click(RemoteWebElement.java:84)&#xD;
	at org.openqa.selenium.WebElement$click$0.call(Unknown Source)&#xD;
	at textWithAttachments_Test.run(textWithAttachments_Test:85)&#xD;
	at com.kms.katalon.core.main.ScriptEngine.run(ScriptEngine.java:194)&#xD;
	at com.kms.katalon.core.main.ScriptEngine.runScriptAsRawText(ScriptEngine.java:119)&#xD;
	at com.kms.katalon.core.main.TestCaseExecutor.runScript(TestCaseExecutor.java:337)&#xD;
	at com.kms.katalon.core.main.TestCaseExecutor.doExecute(TestCaseExecutor.java:328)&#xD;
	at com.kms.katalon.core.main.TestCaseExecutor.processExecutionPhase(TestCaseExecutor.java:307)&#xD;
	at com.kms.katalon.core.main.TestCaseExecutor.accessMainPhase(TestCaseExecutor.java:299)&#xD;
	at com.kms.katalon.core.main.TestCaseExecutor.execute(TestCaseExecutor.java:233)&#xD;
	at com.kms.katalon.core.main.TestSuiteExecutor.accessTestCaseMainPhase(TestSuiteExecutor.java:169)&#xD;
	at com.kms.katalon.core.main.TestSuiteExecutor.accessTestSuiteMainPhase(TestSuiteExecutor.java:142)&#xD;
	at com.kms.katalon.core.main.TestSuiteExecutor.execute(TestSuiteExecutor.java:91)&#xD;
	at com.kms.katalon.core.main.TestCaseMain.startTestSuite(TestCaseMain.java:157)&#xD;
	at com.kms.katalon.core.main.TestCaseMain$startTestSuite$0.call(Unknown Source)&#xD;
	at TempTestSuite1613562250176.run(TempTestSuite1613562250176.groovy:35)&#xD;
&#xD;
&#xD;
2021-02-17 17:23:10 - [TEST_STEP][PASSED] - platform.Method.clickOnElement(findTestObject("Generic/response")): platform.Method.clickOnElement is PASSED&#xD;
&#xD;
2021-02-17 17:23:12 - [MESSAGE][PASSED] - platform.Method.clickOnElement is PASSED&#xD;
&#xD;
2021-02-17 17:23:12 - [TEST_STEP][PASSED] - waitForElementVisible(findTestObject("NewRepo2/addNewResponse"), 20, CONTINUE_ON_FAILURE): Object 'Object Repository/NewRepo2/addNewResponse' is visible&#xD;
&#xD;
2021-02-17 17:23:15 - [MESSAGE][PASSED] - Object 'Object Repository/NewRepo2/addNewResponse' is visible&#xD;
&#xD;
2021-02-17 17:23:15 - [TEST_STEP][PASSED] - platform.Response.createRichResponse("media_abc", "My abc validation"): platform.Response.createRichResponse is PASSED&#xD;
&#xD;
2021-02-17 17:23:21 - [MESSAGE][PASSED] - Text 'media_abc' is set on object 'Object Repository/NewRepo2/templateKeyName'&#xD;
&#xD;
2021-02-17 17:23:25 - [MESSAGE][PASSED] - Delayed 2 second(s)&#xD;
&#xD;
2021-02-17 17:23:29 - [MESSAGE][PASSED] - Text 'My abc validation' is set on object 'Object Repository/Input/textResponse'&#xD;
&#xD;
2021-02-17 17:23:33 - [MESSAGE][PASSED] - Object 'Object Repository/ICONS/toastMsg' is present&#xD;
&#xD;
2021-02-17 17:23:33 - [MESSAGE][PASSED] - platform.Response.createRichResponse is PASSED&#xD;
&#xD;
2021-02-17 17:23:33 - [TEST_STEP][PASSED] - platform.ResponseDesigner.addChannelToResponse(" Apple Business Chat"): platform.ResponseDesigner.addChannelToResponse is PASSED&#xD;
&#xD;
2021-02-17 17:23:37 - [MESSAGE][PASSED] - platform.ResponseDesigner.addChannelToResponse is PASSED&#xD;
&#xD;
2021-02-17 17:23:37 - [TEST_STEP][PASSED] - verifyElementPresent(findTestObject("ICONS/textWithAttachment"), 20, CONTINUE_ON_FAILURE): Object 'Object Repository/ICONS/textWithAttachment' is present&#xD;
&#xD;
2021-02-17 17:23:39 - [MESSAGE][PASSED] - Object 'Object Repository/ICONS/textWithAttachment' is present&#xD;
&#xD;
2021-02-17 17:23:39 - [TEST_STEP][PASSED] - platform.Method.clickOnElement(findTestObject("ICONS/textWithAttachment")): platform.Method.clickOnElement is PASSED&#xD;
&#xD;
2021-02-17 17:23:41 - [MESSAGE][PASSED] - platform.Method.clickOnElement is PASSED&#xD;
&#xD;
2021-02-17 17:23:41 - [TEST_STEP][PASSED] - platform.ResponseDesigner.deleteSecondaryTemplate(1): platform.ResponseDesigner.deleteSecondaryTemplate is PASSED&#xD;
&#xD;
2021-02-17 17:23:43 - [MESSAGE][PASSED] - Scroll to object 'Object Repository/WEB_OBJECTS/trashIcon' successfully&#xD;
&#xD;
2021-02-17 17:24:00 - [MESSAGE][WARNING] - Object 'Object Repository/WEB_OBJECTS/trashIcon' is not visible after 15 second(s)&#xD;
&#xD;
2021-02-17 17:24:02 - [MESSAGE][PASSED] - platform.ResponseDesigner.deleteSecondaryTemplate is PASSED&#xD;
&#xD;
2021-02-17 17:24:02 - [TEST_STEP][PASSED] - setText(findTestObject("WEB_OBJECTS/textArea"), ""): Text '' is set on object 'Object Repository/WEB_OBJECTS/textArea'&#xD;
&#xD;
2021-02-17 17:24:06 - [MESSAGE][PASSED] - Text '' is set on object 'Object Repository/WEB_OBJECTS/textArea'&#xD;
&#xD;
2021-02-17 17:24:06 - [TEST_STEP][PASSED] - platform.Method.removeFocus(findTestObject("WEB_OBJECTS/textArea")): platform.Method.removeFocus is PASSED&#xD;
&#xD;
2021-02-17 17:24:08 - [MESSAGE][PASSED] - platform.Method.removeFocus is PASSED&#xD;
&#xD;
2021-02-17 17:24:08 - [TEST_STEP][PASSED] - verifyElementPresent(findTestObject("WEB_OBJECTS/alertRequired"), 20, CONTINUE_ON_FAILURE): Object 'Object Repository/WEB_OBJECTS/alertRequired' is present&#xD;
&#xD;
2021-02-17 17:24:09 - [MESSAGE][PASSED] - Object 'Object Repository/WEB_OBJECTS/alertRequired' is present&#xD;
&#xD;
2021-02-17 17:24:09 - [TEST_STEP][PASSED] - setText(findTestObject("WEB_OBJECTS/textArea"), " "): Text ' ' is set on object 'Object Repository/WEB_OBJECTS/textArea'&#xD;
&#xD;
2021-02-17 17:24:12 - [MESSAGE][PASSED] - Text ' ' is set on object 'Object Repository/WEB_OBJECTS/textArea'&#xD;
&#xD;
2021-02-17 17:24:12 - [TEST_STEP][PASSED] - platform.Method.removeFocus(findTestObject("WEB_OBJECTS/textArea")): platform.Method.removeFocus is PASSED&#xD;
&#xD;
2021-02-17 17:24:15 - [MESSAGE][PASSED] - platform.Method.removeFocus is PASSED&#xD;
&#xD;
2021-02-17 17:24:15 - [TEST_STEP][PASSED] - verifyElementPresent(findTestObject("WEB_OBJECTS/alertInvalidData"), 20, CONTINUE_ON_FAILURE): Object 'Object Repository/WEB_OBJECTS/alertInvalidData' is present&#xD;
&#xD;
2021-02-17 17:24:16 - [MESSAGE][PASSED] - Object 'Object Repository/WEB_OBJECTS/alertInvalidData' is present&#xD;
&#xD;
2021-02-17 17:24:16 - [TEST_STEP][PASSED] - setText(findTestObject("WEB_OBJECTS/textArea"), "Please find the attachment"): Text 'Please find the attachment' is set on object 'Object Repository/WEB_OBJECTS/textArea'&#xD;
&#xD;
2021-02-17 17:24:20 - [MESSAGE][PASSED] - Text 'Please find the attachment' is set on object 'Object Repository/WEB_OBJECTS/textArea'&#xD;
&#xD;
2021-02-17 17:24:20 - [TEST_STEP][PASSED] - selectOptionByValue(findTestObject("WEB_OBJECTS/type"), userValue, false): All options with value 'application/pdf' are selected in object 'Object Repository/WEB_OBJECTS/type' &#xD;
&#xD;
2021-02-17 17:24:28 - [MESSAGE][PASSED] - All options with value 'application/pdf' are selected in object 'Object Repository/WEB_OBJECTS/type' &#xD;
&#xD;
2021-02-17 17:24:28 - [TEST_STEP][PASSED] - setText(findTestObject("WEB_OBJECTS/fileURL"), ""): Text '' is set on object 'Object Repository/WEB_OBJECTS/fileURL'&#xD;
&#xD;
2021-02-17 17:24:32 - [MESSAGE][PASSED] - Text '' is set on object 'Object Repository/WEB_OBJECTS/fileURL'&#xD;
&#xD;
2021-02-17 17:24:32 - [TEST_STEP][PASSED] - platform.Method.removeFocus(findTestObject("WEB_OBJECTS/fileURL")): platform.Method.removeFocus is PASSED&#xD;
&#xD;
2021-02-17 17:24:34 - [MESSAGE][PASSED] - platform.Method.removeFocus is PASSED&#xD;
&#xD;
2021-02-17 17:24:34 - [TEST_STEP][PASSED] - verifyElementPresent(findTestObject("WEB_OBJECTS/alertRequired"), 20, CONTINUE_ON_FAILURE): Object 'Object Repository/WEB_OBJECTS/alertRequired' is present&#xD;
&#xD;
2021-02-17 17:24:35 - [MESSAGE][PASSED] - Object 'Object Repository/WEB_OBJECTS/alertRequired' is present&#xD;
&#xD;
2021-02-17 17:24:35 - [TEST_STEP][PASSED] - setText(findTestObject("WEB_OBJECTS/fileURL"), " "): Text ' ' is set on object 'Object Repository/WEB_OBJECTS/fileURL'&#xD;
&#xD;
2021-02-17 17:24:39 - [MESSAGE][PASSED] - Text ' ' is set on object 'Object Repository/WEB_OBJECTS/fileURL'&#xD;
&#xD;
2021-02-17 17:24:39 - [TEST_STEP][PASSED] - platform.Method.removeFocus(findTestObject("WEB_OBJECTS/fileURL")): platform.Method.removeFocus is PASSED&#xD;
&#xD;
2021-02-17 17:24:41 - [MESSAGE][PASSED] - platform.Method.removeFocus is PASSED&#xD;
&#xD;
2021-02-17 17:24:41 - [TEST_STEP][PASSED] - verifyElementPresent(findTestObject("WEB_OBJECTS/alertInvalidData"), 20, CONTINUE_ON_FAILURE): Object 'Object Repository/WEB_OBJECTS/alertInvalidData' is present&#xD;
&#xD;
2021-02-17 17:24:42 - [MESSAGE][PASSED] - Object 'Object Repository/WEB_OBJECTS/alertInvalidData' is present&#xD;
&#xD;
2021-02-17 17:24:42 - [TEST_STEP][PASSED] - testData = findTestData("Data Files/testData_OneClickTesting"): null&#xD;
&#xD;
2021-02-17 17:24:42 - [TEST_STEP][PASSED] - for ([i = 1, i &lt;= testData.getRowNumbers(), (i++)]): null&#xD;
&#xD;
2021-02-17 17:24:42 - [TEST_STEP][PASSED] - selectOptionByValue(findTestObject("WEB_OBJECTS/type"), testData.getValue("attachment_type", i), false): All options with value 'audio/mp3' are selected in object 'Object Repository/WEB_OBJECTS/type' &#xD;
&#xD;
2021-02-17 17:24:51 - [MESSAGE][PASSED] - All options with value 'audio/mp3' are selected in object 'Object Repository/WEB_OBJECTS/type' &#xD;
&#xD;
2021-02-17 17:24:51 - [TEST_STEP][PASSED] - setText(findTestObject("WEB_OBJECTS/fileURL"), testData.getValue("attachment_data", i)): Text 'https://dl.espressif.com/dl/audio/ff-16b-2c-44100hz.aac' is set on object 'Object Repository/WEB_OBJECTS/fileURL'&#xD;
&#xD;
2021-02-17 17:24:55 - [MESSAGE][PASSED] - Text 'https://dl.espressif.com/dl/audio/ff-16b-2c-44100hz.aac' is set on object 'Object Repository/WEB_OBJECTS/fileURL'&#xD;
&#xD;
2021-02-17 17:24:55 - [TEST_STEP][PASSED] - verifyElementPresent(findTestObject("WEB_OBJECTS/alert", ["alert_value":testData.getValue("alert_msg", i)]), 20, CONTINUE_ON_FAILURE): Object 'Object Repository/WEB_OBJECTS/alert' is present&#xD;
&#xD;
2021-02-17 17:24:56 - [MESSAGE][PASSED] - Object 'Object Repository/WEB_OBJECTS/alert' is present&#xD;
&#xD;
2021-02-17 17:24:56 - [TEST_STEP][PASSED] - if (testData.getValue("attachment_type", i + 1) == ""): null&#xD;
&#xD;
2021-02-17 17:24:56 - [TEST_STEP][PASSED] - selectOptionByValue(findTestObject("WEB_OBJECTS/type"), testData.getValue("attachment_type", i), false): All options with value 'audio/aac' are selected in object 'Object Repository/WEB_OBJECTS/type' &#xD;
&#xD;
2021-02-17 17:25:05 - [MESSAGE][PASSED] - All options with value 'audio/aac' are selected in object 'Object Repository/WEB_OBJECTS/type' &#xD;
&#xD;
2021-02-17 17:25:05 - [TEST_STEP][PASSED] - setText(findTestObject("WEB_OBJECTS/fileURL"), testData.getValue("attachment_data", i)): Text 'https://file-examples-com.github.io/uploads/2017/11/file_example_MP3_2MG.mp3' is set on object 'Object Repository/WEB_OBJECTS/fileURL'&#xD;
&#xD;
2021-02-17 17:25:09 - [MESSAGE][PASSED] - Text 'https://file-examples-com.github.io/uploads/2017/11/file_example_MP3_2MG.mp3' is set on object 'Object Repository/WEB_OBJECTS/fileURL'&#xD;
&#xD;
2021-02-17 17:25:09 - [TEST_STEP][PASSED] - verifyElementPresent(findTestObject("WEB_OBJECTS/alert", ["alert_value":testData.getValue("alert_msg", i)]), 20, CONTINUE_ON_FAILURE): Object 'Object Repository/WEB_OBJECTS/alert' is present&#xD;
&#xD;
2021-02-17 17:25:10 - [MESSAGE][PASSED] - Object 'Object Repository/WEB_OBJECTS/alert' is present&#xD;
&#xD;
2021-02-17 17:25:10 - [TEST_STEP][PASSED] - if (testData.getValue("attachment_type", i + 1) == ""): null&#xD;
&#xD;
2021-02-17 17:25:10 - [TEST_STEP][PASSED] - selectOptionByValue(findTestObject("WEB_OBJECTS/type"), testData.getValue("attachment_type", i), false): All options with value 'video/mp4' are selected in object 'Object Repository/WEB_OBJECTS/type' &#xD;
&#xD;
2021-02-17 17:25:19 - [MESSAGE][PASSED] - All options with value 'video/mp4' are selected in object 'Object Repository/WEB_OBJECTS/type' &#xD;
&#xD;
2021-02-17 17:25:19 - [TEST_STEP][PASSED] - setText(findTestObject("WEB_OBJECTS/fileURL"), testData.getValue("attachment_data", i)): Text 'https://file-examples-com.github.io/uploads/2018/04/file_example_MOV_1280_1_4MB.mov' is set on object 'Object Repository/WEB_OBJECTS/fileURL'&#xD;
&#xD;
2021-02-17 17:25:23 - [MESSAGE][PASSED] - Text 'https://file-examples-com.github.io/uploads/2018/04/file_example_MOV_1280_1_4MB.mov' is set on object 'Object Repository/WEB_OBJECTS/fileURL'&#xD;
&#xD;
2021-02-17 17:25:23 - [TEST_STEP][PASSED] - verifyElementPresent(findTestObject("WEB_OBJECTS/alert", ["alert_value":testData.getValue("alert_msg", i)]), 20, CONTINUE_ON_FAILURE): Object 'Object Repository/WEB_OBJECTS/alert' is present&#xD;
&#xD;
2021-02-17 17:25:24 - [MESSAGE][PASSED] - Object 'Object Repository/WEB_OBJECTS/alert' is present&#xD;
&#xD;
2021-02-17 17:25:24 - [TEST_STEP][PASSED] - if (testData.getValue("attachment_type", i + 1) == ""): null&#xD;
&#xD;
2021-02-17 17:25:24 - [TEST_STEP][PASSED] - selectOptionByValue(findTestObject("WEB_OBJECTS/type"), testData.getValue("attachment_type", i), false): All options with value 'image/jpeg' are selected in object 'Object Repository/WEB_OBJECTS/type' &#xD;
&#xD;
2021-02-17 17:25:33 - [MESSAGE][PASSED] - All options with value 'image/jpeg' are selected in object 'Object Repository/WEB_OBJECTS/type' &#xD;
&#xD;
2021-02-17 17:25:33 - [TEST_STEP][PASSED] - setText(findTestObject("WEB_OBJECTS/fileURL"), testData.getValue("attachment_data", i)): Text 'https://file-examples-com.github.io/uploads/2017/10/file_example_PNG_2100kB.png' is set on object 'Object Repository/WEB_OBJECTS/fileURL'&#xD;
&#xD;
2021-02-17 17:25:37 - [MESSAGE][PASSED] - Text 'https://file-examples-com.github.io/uploads/2017/10/file_example_PNG_2100kB.png' is set on object 'Object Repository/WEB_OBJECTS/fileURL'&#xD;
&#xD;
2021-02-17 17:25:37 - [TEST_STEP][PASSED] - verifyElementPresent(findTestObject("WEB_OBJECTS/alert", ["alert_value":testData.getValue("alert_msg", i)]), 20, CONTINUE_ON_FAILURE): Object 'Object Repository/WEB_OBJECTS/alert' is present&#xD;
&#xD;
2021-02-17 17:25:39 - [MESSAGE][PASSED] - Object 'Object Repository/WEB_OBJECTS/alert' is present&#xD;
&#xD;
2021-02-17 17:25:39 - [TEST_STEP][PASSED] - if (testData.getValue("attachment_type", i + 1) == ""): null&#xD;
&#xD;
2021-02-17 17:25:39 - [TEST_STEP][PASSED] - selectOptionByValue(findTestObject("WEB_OBJECTS/type"), testData.getValue("attachment_type", i), false): All options with value 'image/png' are selected in object 'Object Repository/WEB_OBJECTS/type' &#xD;
&#xD;
2021-02-17 17:25:47 - [MESSAGE][PASSED] - All options with value 'image/png' are selected in object 'Object Repository/WEB_OBJECTS/type' &#xD;
&#xD;
2021-02-17 17:25:47 - [TEST_STEP][PASSED] - setText(findTestObject("WEB_OBJECTS/fileURL"), testData.getValue("attachment_data", i)): Text 'https://file-examples-com.github.io/uploads/2017/10/file_example_JPG_1MB.jpg' is set on object 'Object Repository/WEB_OBJECTS/fileURL'&#xD;
&#xD;
2021-02-17 17:25:51 - [MESSAGE][PASSED] - Text 'https://file-examples-com.github.io/uploads/2017/10/file_example_JPG_1MB.jpg' is set on object 'Object Repository/WEB_OBJECTS/fileURL'&#xD;
&#xD;
2021-02-17 17:25:51 - [TEST_STEP][PASSED] - verifyElementPresent(findTestObject("WEB_OBJECTS/alert", ["alert_value":testData.getValue("alert_msg", i)]), 20, CONTINUE_ON_FAILURE): Object 'Object Repository/WEB_OBJECTS/alert' is present&#xD;
&#xD;
2021-02-17 17:25:53 - [MESSAGE][PASSED] - Object 'Object Repository/WEB_OBJECTS/alert' is present&#xD;
&#xD;
2021-02-17 17:25:53 - [TEST_STEP][PASSED] - if (testData.getValue("attachment_type", i + 1) == ""): null&#xD;
&#xD;
2021-02-17 17:25:53 - [TEST_STEP][PASSED] - selectOptionByValue(findTestObject("WEB_OBJECTS/type"), testData.getValue("attachment_type", i), false): All options with value 'application/pdf' are selected in object 'Object Repository/WEB_OBJECTS/type' &#xD;
&#xD;
2021-02-17 17:26:01 - [MESSAGE][PASSED] - All options with value 'application/pdf' are selected in object 'Object Repository/WEB_OBJECTS/type' &#xD;
&#xD;
2021-02-17 17:26:01 - [TEST_STEP][PASSED] - setText(findTestObject("WEB_OBJECTS/fileURL"), testData.getValue("attachment_data", i)): Text 'https://file-examples-com.github.io/uploads/2017/08/file_example_PPT_1MB.ppt' is set on object 'Object Repository/WEB_OBJECTS/fileURL'&#xD;
&#xD;
2021-02-17 17:26:05 - [MESSAGE][PASSED] - Text 'https://file-examples-com.github.io/uploads/2017/08/file_example_PPT_1MB.ppt' is set on object 'Object Repository/WEB_OBJECTS/fileURL'&#xD;
&#xD;
2021-02-17 17:26:05 - [TEST_STEP][PASSED] - verifyElementPresent(findTestObject("WEB_OBJECTS/alert", ["alert_value":testData.getValue("alert_msg", i)]), 20, CONTINUE_ON_FAILURE): Object 'Object Repository/WEB_OBJECTS/alert' is present&#xD;
&#xD;
2021-02-17 17:26:07 - [MESSAGE][PASSED] - Object 'Object Repository/WEB_OBJECTS/alert' is present&#xD;
&#xD;
2021-02-17 17:26:07 - [TEST_STEP][PASSED] - if (testData.getValue("attachment_type", i + 1) == ""): null&#xD;
&#xD;
2021-02-17 17:26:07 - [TEST_STEP][PASSED] - break: null&#xD;
&#xD;
2021-02-17 17:26:07 - [TEST_STEP][PASSED] - verifyElementNotPresent(findTestObject("ICONS/deleteAttachmentIcon"), 10, CONTINUE_ON_FAILURE): Web element with id: 'Object Repository/ICONS/deleteAttachmentIcon' located by 'By.xpath: //div[@class="show-control-extra"]//designer-imi-icon/i' is not present after '10' second(s)&#xD;
&#xD;
2021-02-17 17:26:08 - [MESSAGE][PASSED] - Web element with id: 'Object Repository/ICONS/deleteAttachmentIcon' located by 'By.xpath: //div[@class="show-control-extra"]//designer-imi-icon/i' is not present after '10' second(s)&#xD;
&#xD;
2021-02-17 17:26:08 - [TEST_STEP][PASSED] - for ([j = 0, j &lt; 9, (j++)]): platform.Method.clickOnElement is PASSED&#xD;
&#xD;
2021-02-17 17:26:08 - [TEST_STEP][PASSED] - platform.Method.clickOnElement(findTestObject("Button/addAttachments")): platform.Method.clickOnElement is PASSED&#xD;
&#xD;
2021-02-17 17:26:10 - [MESSAGE][PASSED] - platform.Method.clickOnElement is PASSED&#xD;
&#xD;
2021-02-17 17:26:10 - [TEST_STEP][PASSED] - platform.Method.clickOnElement(findTestObject("Button/addAttachments")): platform.Method.clickOnElement is PASSED&#xD;
&#xD;
2021-02-17 17:26:12 - [MESSAGE][PASSED] - platform.Method.clickOnElement is PASSED&#xD;
&#xD;
2021-02-17 17:26:12 - [TEST_STEP][PASSED] - platform.Method.clickOnElement(findTestObject("Button/addAttachments")): platform.Method.clickOnElement is PASSED&#xD;
&#xD;
2021-02-17 17:26:15 - [MESSAGE][PASSED] - platform.Method.clickOnElement is PASSED&#xD;
&#xD;
2021-02-17 17:26:15 - [TEST_STEP][PASSED] - platform.Method.clickOnElement(findTestObject("Button/addAttachments")): platform.Method.clickOnElement is PASSED&#xD;
&#xD;
2021-02-17 17:26:17 - [MESSAGE][PASSED] - platform.Method.clickOnElement is PASSED&#xD;
&#xD;
2021-02-17 17:26:17 - [TEST_STEP][PASSED] - platform.Method.clickOnElement(findTestObject("Button/addAttachments")): platform.Method.clickOnElement is PASSED&#xD;
&#xD;
2021-02-17 17:26:19 - [MESSAGE][PASSED] - platform.Method.clickOnElement is PASSED&#xD;
&#xD;
2021-02-17 17:26:19 - [TEST_STEP][PASSED] - platform.Method.clickOnElement(findTestObject("Button/addAttachments")): platform.Method.clickOnElement is PASSED&#xD;
&#xD;
2021-02-17 17:26:22 - [MESSAGE][PASSED] - platform.Method.clickOnElement is PASSED&#xD;
&#xD;
2021-02-17 17:26:22 - [TEST_STEP][PASSED] - platform.Method.clickOnElement(findTestObject("Button/addAttachments")): platform.Method.clickOnElement is PASSED&#xD;
&#xD;
2021-02-17 17:26:24 - [MESSAGE][PASSED] - platform.Method.clickOnElement is PASSED&#xD;
&#xD;
2021-02-17 17:26:24 - [TEST_STEP][PASSED] - platform.Method.clickOnElement(findTestObject("Button/addAttachments")): platform.Method.clickOnElement is PASSED&#xD;
&#xD;
2021-02-17 17:26:26 - [MESSAGE][PASSED] - platform.Method.clickOnElement is PASSED&#xD;
&#xD;
2021-02-17 17:26:26 - [TEST_STEP][PASSED] - platform.Method.clickOnElement(findTestObject("Button/addAttachments")): platform.Method.clickOnElement is PASSED&#xD;
&#xD;
2021-02-17 17:26:29 - [MESSAGE][PASSED] - platform.Method.clickOnElement is PASSED&#xD;
&#xD;
2021-02-17 17:26:29 - [TEST_STEP][PASSED] - allAttachment = findWebElements(findTestObject("ICONS/deleteAttachmentIcon"), 10): null&#xD;
&#xD;
2021-02-17 17:26:30 - [TEST_STEP][PASSED] - assert allAttachment.size() == 10: null&#xD;
&#xD;
2021-02-17 17:26:30 - [TEST_STEP][PASSED] - verifyElementNotPresent(findTestObject("Button/addAttachments"), 20, CONTINUE_ON_FAILURE): Web element with id: 'Object Repository/Button/addAttachments' located by 'By.xpath: //button[contains(text(),'Add attachments')]' is not present after '20' second(s)&#xD;
&#xD;
2021-02-17 17:26:31 - [MESSAGE][PASSED] - Web element with id: 'Object Repository/Button/addAttachments' located by 'By.xpath: //button[contains(text(),'Add attachments')]' is not present after '20' second(s)&#xD;
&#xD;
2021-02-17 17:26:31 - [TEST_STEP][PASSED] - get(0).click(): null</system-out>
            <system-err>2021-02-17 17:23:09 - [TEST_CASE][ERROR] - Test Cases/Sprint/v4.4/textWithAttachments_Test: Test Cases/Sprint/v4.4/textWithAttachments_Test FAILED.
Reason:
org.openqa.selenium.ElementClickInterceptedException: element click intercepted: Element &lt;i _ngcontent-val-c89="" class="imi-icon"&gt;...&lt;/i&gt; is not clickable at point (1013, 493). Other element would receive the click: &lt;p&gt;...&lt;/p&gt;
  (Session info: chrome=88.0.4324.150)
Build info: version: '3.141.59', revision: 'e82be7d358', time: '2018-11-14T08:25:53'
System info: host: 'WLPT580', ip: '192.168.29.195', os.name: 'Windows 8.1', os.arch: 'amd64', os.version: '6.3', java.version: '1.8.0_181'
Driver info: com.kms.katalon.selenium.driver.CChromeDriver
Capabilities {acceptInsecureCerts: false, browserName: chrome, browserVersion: 88.0.4324.150, chrome: {chromedriverVersion: 88.0.4324.96 (68dba2d8a0b14..., userDataDir: C:\Users\narendra.n\AppData...}, goog:chromeOptions: {debuggerAddress: localhost:56507}, javascriptEnabled: true, networkConnectionEnabled: false, pageLoadStrategy: normal, platform: WINDOWS, platformName: WINDOWS, proxy: Proxy(), setWindowRect: true, strictFileInteractability: false, timeouts: {implicit: 0, pageLoad: 300000, script: 30000}, unhandledPromptBehavior: dismiss and notify, webauthn:extension:largeBlob: true, webauthn:virtualAuthenticators: true}
Session ID: 3c7f70cd59d9743463e0dce7a5773fb3&#xD;
	at org.openqa.selenium.remote.http.W3CHttpResponseCodec.createException(W3CHttpResponseCodec.java:187)&#xD;
	at org.openqa.selenium.remote.http.W3CHttpResponseCodec.decode(W3CHttpResponseCodec.java:122)&#xD;
	at org.openqa.selenium.remote.http.W3CHttpResponseCodec.decode(W3CHttpResponseCodec.java:49)&#xD;
	at org.openqa.selenium.remote.HttpCommandExecutor.execute(HttpCommandExecutor.java:158)&#xD;
	at org.openqa.selenium.remote.service.DriverCommandExecutor.execute(DriverCommandExecutor.java:83)&#xD;
	at org.openqa.selenium.remote.RemoteWebDriver.execute(RemoteWebDriver.java:552)&#xD;
	at com.kms.katalon.selenium.driver.CChromeDriver.execute(CChromeDriver.java:20)&#xD;
	at org.openqa.selenium.remote.RemoteWebElement.execute(RemoteWebElement.java:285)&#xD;
	at org.openqa.selenium.remote.RemoteWebElement.click(RemoteWebElement.java:84)&#xD;
	at org.openqa.selenium.WebElement$click$0.call(Unknown Source)&#xD;
	at textWithAttachments_Test.run(textWithAttachments_Test:85)&#xD;
	at com.kms.katalon.core.main.ScriptEngine.run(ScriptEngine.java:194)&#xD;
	at com.kms.katalon.core.main.ScriptEngine.runScriptAsRawText(ScriptEngine.java:119)&#xD;
	at com.kms.katalon.core.main.TestCaseExecutor.runScript(TestCaseExecutor.java:337)&#xD;
	at com.kms.katalon.core.main.TestCaseExecutor.doExecute(TestCaseExecutor.java:328)&#xD;
	at com.kms.katalon.core.main.TestCaseExecutor.processExecutionPhase(TestCaseExecutor.java:307)&#xD;
	at com.kms.katalon.core.main.TestCaseExecutor.accessMainPhase(TestCaseExecutor.java:299)&#xD;
	at com.kms.katalon.core.main.TestCaseExecutor.execute(TestCaseExecutor.java:233)&#xD;
	at com.kms.katalon.core.main.TestSuiteExecutor.accessTestCaseMainPhase(TestSuiteExecutor.java:169)&#xD;
	at com.kms.katalon.core.main.TestSuiteExecutor.accessTestSuiteMainPhase(TestSuiteExecutor.java:142)&#xD;
	at com.kms.katalon.core.main.TestSuiteExecutor.execute(TestSuiteExecutor.java:91)&#xD;
	at com.kms.katalon.core.main.TestCaseMain.startTestSuite(TestCaseMain.java:157)&#xD;
	at com.kms.katalon.core.main.TestCaseMain$startTestSuite$0.call(Unknown Source)&#xD;
	at TempTestSuite1613562250176.run(TempTestSuite1613562250176.groovy:35)</system-err>
        </testcase>
        <system-out>2021-02-17 17:14:20 - [TEST_SUITE][INCOMPLETE] - v4.x_TaskSuite: null</system-out>
        <system-err>2021-02-17 17:14:20 - [TEST_SUITE][INCOMPLETE] - v4.x_TaskSuite: null</system-err>
    </testsuite>
</testsuites>
