<?xml version="1.0" encoding="UTF-8" standalone="yes"?>
<testsuites name="FAQ_SSO" time="1717" tests="22" failures="0" errors="0">
    <testsuite name="FAQ_SSO" tests="22" failures="0" errors="0" time="1717" timestamp="2020-09-09 17:10:25" hostname="narendra.n - WLPT580.imidomain.com" id="Test Suites/FAQ_SSO">
        <properties>
            <property name="deviceName" value=""/>
            <property name="devicePlatform" value=""/>
            <property name="logFolder" value="D:\\IMIbot.ai-Project\\Reports\\20200909_171012\\FAQ_SSO\\20200909_171012"/>
            <property name="logFiles" value="D:\\IMIbot.ai-Project\\Reports\\20200909_171012\\FAQ_SSO\\20200909_171012\\execution0.log"/>
            <property name="attachments" value="D:\\IMIbot.ai-Project\\Reports\\20200909_171012\\FAQ_SSO\\20200909_171012\\1599652058717.png, D:\\IMIbot.ai-Project\\Reports\\20200909_171012\\FAQ_SSO\\20200909_171012\\1599652571813.png, D:\\IMIbot.ai-Project\\Reports\\20200909_171012\\FAQ_SSO\\20200909_171012\\1599653237843.png"/>
            <property name="hostName" value="narendra.n - WLPT580.imidomain.com"/>
            <property name="os" value="Windows 8.1 64bit"/>
            <property name="katalonVersion" value="6.3.3.11"/>
            <property name="browser" value="Chrome 85.0.4183.83"/>
            <property name="hostAddress" value="192.168.29.195"/>
            <property name="sessionId" value="3647d9553e186c4aaaa63c7bcdd63f28"/>
            <property name="seleniumVersion" value="3.141.59"/>
            <property name="proxyInformation" value="ProxyInformation{proxyOption=NO_PROXY, proxyServerType=HTTP, password=, proxyServerAddress=, proxyServerPort=0}"/>
            <property name="platform" value="Windows 8.1"/>
        </properties>
        <testcase name="Test Cases/FAQ_SSO/botCreation_Test" classname="Test Cases/FAQ_SSO/botCreation_Test" status="PASSED">
            <system-out>2020-09-09 17:11:20 - [TEST_CASE][PASSED] - Test Cases/FAQ_SSO/botCreation_Test: Test Cases/FAQ_SSO/botCreation_Test&#xD;
&#xD;
2020-09-09 17:11:21 - [TEST_STEP][PASSED] - platform.Method.clickOnElement(findTestObject("Button/createBot")): platform.Method.clickOnElement is PASSED&#xD;
&#xD;
2020-09-09 17:11:25 - [MESSAGE][PASSED] - platform.Method.clickOnElement is PASSED&#xD;
&#xD;
2020-09-09 17:11:25 - [TEST_STEP][PASSED] - sendKeys(findTestObject("Input/botName"), nameOfTheBot): Keys 'Preprod FAQ' sent to object: 'Object Repository/Input/botName'&#xD;
&#xD;
2020-09-09 17:11:28 - [MESSAGE][PASSED] - Keys 'Preprod FAQ' sent to object: 'Object Repository/Input/botName'&#xD;
&#xD;
2020-09-09 17:11:28 - [TEST_STEP][PASSED] - platform.Method.clickOnElement(findTestObject("Toggle/feedback")): platform.Method.clickOnElement is PASSED&#xD;
&#xD;
2020-09-09 17:11:30 - [MESSAGE][PASSED] - platform.Method.clickOnElement is PASSED&#xD;
&#xD;
2020-09-09 17:11:30 - [TEST_STEP][PASSED] - platform.Method.clickOnElement(findTestObject("Button/done")): platform.Method.clickOnElement is PASSED&#xD;
&#xD;
2020-09-09 17:11:33 - [MESSAGE][PASSED] - platform.Method.clickOnElement is PASSED&#xD;
&#xD;
2020-09-09 17:11:33 - [TEST_STEP][PASSED] - waitForElementVisible(findTestObject("Generic/articleState"), 60, OPTIONAL): Object 'Object Repository/Generic/articleState' is visible&#xD;
&#xD;
2020-09-09 17:11:40 - [MESSAGE][PASSED] - Object 'Object Repository/Generic/articleState' is visible&#xD;
&#xD;
2020-09-09 17:11:40 - [TEST_STEP][PASSED] - if (!(verifyElementText(findTestObject("Generic/articleState"), "Trained", OPTIONAL))): Actual text and expected text of test object 'Object Repository/Generic/articleState' are matched.&#xD;
&#xD;
2020-09-09 17:11:43 - [MESSAGE][PASSED] - Actual text and expected text of test object 'Object Repository/Generic/articleState' are matched.&#xD;
&#xD;
2020-09-09 17:11:43 - [TEST_STEP][PASSED] - platform.Method.clickOnElement(findTestObject("GenericII/minimize")): platform.Method.clickOnElement is PASSED&#xD;
&#xD;
2020-09-09 17:11:45 - [MESSAGE][PASSED] - platform.Method.clickOnElement is PASSED</system-out>
            <system-err></system-err>
        </testcase>
        <testcase name="Test Cases/FAQ_SSO/botSideOptionsNavigation_Test" classname="Test Cases/FAQ_SSO/botSideOptionsNavigation_Test" status="PASSED">
            <system-out>2020-09-09 17:11:45 - [TEST_CASE][PASSED] - Test Cases/FAQ_SSO/botSideOptionsNavigation_Test: Test Cases/FAQ_SSO/botSideOptionsNavigation_Test&#xD;
&#xD;
2020-09-09 17:11:46 - [TEST_STEP][PASSED] - platform.Method.clickOnElement(findTestObject("ICONS/sidebarSettings")): platform.Method.clickOnElement is PASSED&#xD;
&#xD;
2020-09-09 17:11:51 - [MESSAGE][PASSED] - platform.Method.clickOnElement is PASSED&#xD;
&#xD;
2020-09-09 17:11:51 - [TEST_STEP][PASSED] - waitForElementPresent(findTestObject("Generic/webObjectWithText", ["textValue":"Bot configuration"]), 10, STOP_ON_FAILURE): Object 'Object Repository/Generic/webObjectWithText' is present&#xD;
&#xD;
2020-09-09 17:11:52 - [MESSAGE][PASSED] - Object 'Object Repository/Generic/webObjectWithText' is present&#xD;
&#xD;
2020-09-09 17:11:52 - [TEST_STEP][PASSED] - platform.Method.clickOnElement(findTestObject("Generic/webObjectWithText", ["textValue":"Management"])): platform.Method.clickOnElement is PASSED&#xD;
&#xD;
2020-09-09 17:11:54 - [MESSAGE][PASSED] - platform.Method.clickOnElement is PASSED&#xD;
&#xD;
2020-09-09 17:11:54 - [TEST_STEP][PASSED] - waitForElementPresent(findTestObject("Generic/webObjectWithText", ["textValue":"Bot status"]), 10, STOP_ON_FAILURE): Object 'Object Repository/Generic/webObjectWithText' is present&#xD;
&#xD;
2020-09-09 17:11:55 - [MESSAGE][PASSED] - Object 'Object Repository/Generic/webObjectWithText' is present&#xD;
&#xD;
2020-09-09 17:11:55 - [TEST_STEP][PASSED] - platform.Method.clickOnElement(findTestObject("Generic/webObjectWithText", ["textValue":"Security"])): platform.Method.clickOnElement is PASSED&#xD;
&#xD;
2020-09-09 17:11:58 - [MESSAGE][PASSED] - platform.Method.clickOnElement is PASSED&#xD;
&#xD;
2020-09-09 17:11:58 - [TEST_STEP][PASSED] - verifyElementPresent(findTestObject("NewRepo/inputConsentDisclaimer"), 10, STOP_ON_FAILURE): Object 'Object Repository/NewRepo/inputConsentDisclaimer' is present&#xD;
&#xD;
2020-09-09 17:11:59 - [MESSAGE][PASSED] - Object 'Object Repository/NewRepo/inputConsentDisclaimer' is present&#xD;
&#xD;
2020-09-09 17:11:59 - [TEST_STEP][PASSED] - platform.Method.clickOnElement(findTestObject("Generic/webObjectWithText", ["textValue":"Handover and Inference"])): platform.Method.clickOnElement is PASSED&#xD;
&#xD;
2020-09-09 17:12:01 - [MESSAGE][PASSED] - platform.Method.clickOnElement is PASSED&#xD;
&#xD;
2020-09-09 17:12:01 - [TEST_STEP][PASSED] - waitForElementPresent(findTestObject("Generic/webObjectWithText", ["textValue":"Inference"]), 10, STOP_ON_FAILURE): Object 'Object Repository/Generic/webObjectWithText' is present&#xD;
&#xD;
2020-09-09 17:12:03 - [MESSAGE][PASSED] - Object 'Object Repository/Generic/webObjectWithText' is present&#xD;
&#xD;
2020-09-09 17:12:03 - [TEST_STEP][PASSED] - platform.Method.clickOnElement(findTestObject("Generic/webObjectWithText", ["textValue":"Integrations"])): platform.Method.clickOnElement is PASSED&#xD;
&#xD;
2020-09-09 17:12:05 - [MESSAGE][PASSED] - platform.Method.clickOnElement is PASSED&#xD;
&#xD;
2020-09-09 17:12:05 - [TEST_STEP][PASSED] - waitForElementPresent(findTestObject("Generic/webObjectWithText", ["textValue":"Chat Agent Platforms"]), 10, STOP_ON_FAILURE): Object 'Object Repository/Generic/webObjectWithText' is present&#xD;
&#xD;
2020-09-09 17:12:06 - [MESSAGE][PASSED] - Object 'Object Repository/Generic/webObjectWithText' is present&#xD;
&#xD;
2020-09-09 17:12:06 - [TEST_STEP][PASSED] - platform.Method.clickOnElement(findTestObject("Generic/nlp")): platform.Method.clickOnElement is PASSED&#xD;
&#xD;
2020-09-09 17:12:09 - [MESSAGE][PASSED] - platform.Method.clickOnElement is PASSED&#xD;
&#xD;
2020-09-09 17:12:09 - [TEST_STEP][PASSED] - waitForElementPresent(findTestObject("Generic/webObjectWithText", ["textValue":"Input recognition"]), 10, STOP_ON_FAILURE): Object 'Object Repository/Generic/webObjectWithText' is present&#xD;
&#xD;
2020-09-09 17:12:11 - [MESSAGE][PASSED] - Object 'Object Repository/Generic/webObjectWithText' is present&#xD;
&#xD;
2020-09-09 17:12:11 - [TEST_STEP][PASSED] - platform.Method.clickOnElement(findTestObject("Generic/webObjectWithText", ["textValue":"Knowledge base"])): platform.Method.clickOnElement is PASSED&#xD;
&#xD;
2020-09-09 17:12:13 - [MESSAGE][PASSED] - platform.Method.clickOnElement is PASSED&#xD;
&#xD;
2020-09-09 17:12:13 - [TEST_STEP][PASSED] - verifyElementPresent(findTestObject("NewRepo/newConceptBtn"), 10, STOP_ON_FAILURE): Object 'Object Repository/NewRepo/newConceptBtn' is present&#xD;
&#xD;
2020-09-09 17:12:15 - [MESSAGE][PASSED] - Object 'Object Repository/NewRepo/newConceptBtn' is present&#xD;
&#xD;
2020-09-09 17:12:15 - [TEST_STEP][PASSED] - platform.Method.clickOnElement(findTestObject("Generic/articles")): platform.Method.clickOnElement is PASSED&#xD;
&#xD;
2020-09-09 17:12:17 - [MESSAGE][PASSED] - platform.Method.clickOnElement is PASSED&#xD;
&#xD;
2020-09-09 17:12:17 - [TEST_STEP][PASSED] - waitForElementPresent(findTestObject("Generic/webObjectWithText", ["textValue":"Knowledge base"]), 10, STOP_ON_FAILURE): Object 'Object Repository/Generic/webObjectWithText' is present&#xD;
&#xD;
2020-09-09 17:12:18 - [MESSAGE][PASSED] - Object 'Object Repository/Generic/webObjectWithText' is present&#xD;
&#xD;
2020-09-09 17:12:18 - [TEST_STEP][PASSED] - platform.Method.clickOnElement(findTestObject("Generic/webObjectWithText", ["textValue":"Curation"])): platform.Method.clickOnElement is PASSED&#xD;
&#xD;
2020-09-09 17:12:21 - [MESSAGE][PASSED] - platform.Method.clickOnElement is PASSED&#xD;
&#xD;
2020-09-09 17:12:21 - [TEST_STEP][PASSED] - waitForElementPresent(findTestObject("Generic/webObjectWithText", ["textValue":"Unresolved issues"]), 10, STOP_ON_FAILURE): Object 'Object Repository/Generic/webObjectWithText' is present&#xD;
&#xD;
2020-09-09 17:12:22 - [MESSAGE][PASSED] - Object 'Object Repository/Generic/webObjectWithText' is present&#xD;
&#xD;
2020-09-09 17:12:22 - [TEST_STEP][PASSED] - platform.Method.clickOnElement(findTestObject("Generic/session")): platform.Method.clickOnElement is PASSED&#xD;
&#xD;
2020-09-09 17:12:25 - [MESSAGE][PASSED] - platform.Method.clickOnElement is PASSED&#xD;
&#xD;
2020-09-09 17:12:25 - [TEST_STEP][PASSED] - waitForElementPresent(findTestObject("Generic/webObjectWithText", ["textValue":"Conversations"]), 10, STOP_ON_FAILURE): Object 'Object Repository/Generic/webObjectWithText' is present&#xD;
&#xD;
2020-09-09 17:12:26 - [MESSAGE][PASSED] - Object 'Object Repository/Generic/webObjectWithText' is present&#xD;
&#xD;
2020-09-09 17:12:26 - [TEST_STEP][PASSED] - platform.Method.clickOnElement(findTestObject("Generic/webObjectWithText", ["textValue":"History"])): platform.Method.clickOnElement is PASSED&#xD;
&#xD;
2020-09-09 17:12:29 - [MESSAGE][PASSED] - platform.Method.clickOnElement is PASSED&#xD;
&#xD;
2020-09-09 17:12:29 - [TEST_STEP][PASSED] - waitForElementPresent(findTestObject("Generic/webObjectWithText", ["textValue":"History"]), 10, STOP_ON_FAILURE): Object 'Object Repository/Generic/webObjectWithText' is present&#xD;
&#xD;
2020-09-09 17:12:30 - [MESSAGE][PASSED] - Object 'Object Repository/Generic/webObjectWithText' is present</system-out>
            <system-err></system-err>
        </testcase>
        <testcase name="Test Cases/FAQ_SSO/botUrlAndDefaultArticleConfiguration_Test" classname="Test Cases/FAQ_SSO/botUrlAndDefaultArticleConfiguration_Test" status="PASSED">
            <system-out>2020-09-09 17:12:30 - [TEST_CASE][PASSED] - Test Cases/FAQ_SSO/botUrlAndDefaultArticleConfiguration_Test: Test Cases/FAQ_SSO/botUrlAndDefaultArticleConfiguration_Test&#xD;
&#xD;
2020-09-09 17:12:34 - [TEST_STEP][PASSED] - platform.Method.clickOnElement(findTestObject("ICONS/sidebarSettings")): platform.Method.clickOnElement is PASSED&#xD;
&#xD;
2020-09-09 17:12:38 - [MESSAGE][PASSED] - platform.Method.clickOnElement is PASSED&#xD;
&#xD;
2020-09-09 17:12:38 - [TEST_STEP][PASSED] - waitForElementPresent(findTestObject("Input/botLogo"), 20, OPTIONAL): Object 'Object Repository/Input/botLogo' is present&#xD;
&#xD;
2020-09-09 17:12:39 - [MESSAGE][PASSED] - Object 'Object Repository/Input/botLogo' is present&#xD;
&#xD;
2020-09-09 17:12:39 - [TEST_STEP][PASSED] - setText(findTestObject("Input/botLogo"), botLogo): Text 'https://avaamo.ai/wp-content/uploads/2017/01/chatbotsfuterpswm-300x225.jpg' is set on object 'Object Repository/Input/botLogo'&#xD;
&#xD;
2020-09-09 17:12:44 - [MESSAGE][PASSED] - Text 'https://avaamo.ai/wp-content/uploads/2017/01/chatbotsfuterpswm-300x225.jpg' is set on object 'Object Repository/Input/botLogo'&#xD;
&#xD;
2020-09-09 17:12:44 - [TEST_STEP][PASSED] - platform.Method.clickOnElement(findTestObject("Button/updateBot")): platform.Method.clickOnElement is PASSED&#xD;
&#xD;
2020-09-09 17:12:48 - [MESSAGE][PASSED] - platform.Method.clickOnElement is PASSED&#xD;
&#xD;
2020-09-09 17:12:48 - [TEST_STEP][PASSED] - verifyElementPresent(findTestObject("ICONS/toastMsg"), 15, STOP_ON_FAILURE): Object 'Object Repository/ICONS/toastMsg' is present&#xD;
&#xD;
2020-09-09 17:12:52 - [MESSAGE][PASSED] - Object 'Object Repository/ICONS/toastMsg' is present&#xD;
&#xD;
2020-09-09 17:12:52 - [TEST_STEP][PASSED] - platform.Method.clickOnElement(findTestObject("Generic/articles")): platform.Method.clickOnElement is PASSED&#xD;
&#xD;
2020-09-09 17:12:55 - [MESSAGE][PASSED] - platform.Method.clickOnElement is PASSED&#xD;
&#xD;
2020-09-09 17:12:55 - [TEST_STEP][PASSED] - platform.Method.clickOnElement(findTestObject("Generic/webObjectWithText", ["textValue":"Welcome Message"])): platform.Method.clickOnElement is PASSED&#xD;
&#xD;
2020-09-09 17:12:58 - [MESSAGE][PASSED] - platform.Method.clickOnElement is PASSED&#xD;
&#xD;
2020-09-09 17:12:59 - [TEST_STEP][PASSED] - setText(findTestObject("Input/textResponse"), welcomeMessage): Text 'Hi! I'm your bank bot designed to help you with your basic queries on bank related areas.' is set on object 'Object Repository/Input/textResponse'&#xD;
&#xD;
2020-09-09 17:13:04 - [MESSAGE][PASSED] - Text 'Hi! I'm your bank bot designed to help you with your basic queries on bank related areas.' is set on object 'Object Repository/Input/textResponse'&#xD;
&#xD;
2020-09-09 17:13:04 - [TEST_STEP][PASSED] - platform.Method.clickOnElement(findTestObject("Button/save", ["value":"Save"])): platform.Method.clickOnElement is PASSED&#xD;
&#xD;
2020-09-09 17:13:07 - [MESSAGE][PASSED] - platform.Method.clickOnElement is PASSED&#xD;
&#xD;
2020-09-09 17:13:07 - [TEST_STEP][PASSED] - platform.Method.trainAndComment(comment): platform.Method.trainAndComment is PASSED&#xD;
&#xD;
2020-09-09 17:13:13 - [MESSAGE][INFO] - Unable to find the element located by 'By.xpath: //mat-icon[text()='sync' or text()='autorenew']'. Please recheck the objects properties to make sure the desired element is located. &#xD;
&#xD;
2020-09-09 17:13:13 - [MESSAGE][INFO] - BOT STATE IS TRAINED&#xD;
&#xD;
2020-09-09 17:13:13 - [MESSAGE][PASSED] - platform.Method.trainAndComment is PASSED&#xD;
&#xD;
2020-09-09 17:13:13 - [TEST_STEP][PASSED] - platform.Method.clickOnElement(findTestObject("Generic/webObjectWithText", ["textValue":"Partial match"])): platform.Method.clickOnElement is PASSED&#xD;
&#xD;
2020-09-09 17:13:16 - [MESSAGE][PASSED] - platform.Method.clickOnElement is PASSED&#xD;
&#xD;
2020-09-09 17:13:16 - [TEST_STEP][PASSED] - setText(findTestObject("Input/textResponse"), customMessage): Text 'Sorry, I was unable to comprehend your intentions. I've displayed suggestion that might to relatable to your query' is set on object 'Object Repository/Input/textResponse'&#xD;
&#xD;
2020-09-09 17:13:21 - [MESSAGE][PASSED] - Text 'Sorry, I was unable to comprehend your intentions. I've displayed suggestion that might to relatable to your query' is set on object 'Object Repository/Input/textResponse'&#xD;
&#xD;
2020-09-09 17:13:21 - [TEST_STEP][PASSED] - platform.Method.clickOnElement(findTestObject("Button/save", ["value":"Save"])): platform.Method.clickOnElement is PASSED&#xD;
&#xD;
2020-09-09 17:13:24 - [MESSAGE][PASSED] - platform.Method.clickOnElement is PASSED&#xD;
&#xD;
2020-09-09 17:13:24 - [TEST_STEP][PASSED] - verifyElementNotPresent(findTestObject("Button/train"), 5, STOP_ON_FAILURE): Web element with id: 'Object Repository/Button/train' located by 'By.xpath: //mat-icon[text()='sync' or text()='autorenew']' is not present after '5' second(s)&#xD;
&#xD;
2020-09-09 17:13:25 - [MESSAGE][PASSED] - Web element with id: 'Object Repository/Button/train' located by 'By.xpath: //mat-icon[text()='sync' or text()='autorenew']' is not present after '5' second(s)&#xD;
&#xD;
2020-09-09 17:13:25 - [TEST_STEP][PASSED] - platform.Method.clickOnElement(findTestObject("Button/preview")): platform.Method.clickOnElement is PASSED&#xD;
&#xD;
2020-09-09 17:13:28 - [MESSAGE][PASSED] - platform.Method.clickOnElement is PASSED&#xD;
&#xD;
2020-09-09 17:13:28 - [TEST_STEP][PASSED] - verifyElementText(findTestObject("Generic/botReponse", ["index":1]), welcomeMessage, STOP_ON_FAILURE): Actual text and expected text of test object 'Object Repository/Generic/botReponse' are matched.&#xD;
&#xD;
2020-09-09 17:13:30 - [MESSAGE][PASSED] - Actual text and expected text of test object 'Object Repository/Generic/botReponse' are matched.&#xD;
&#xD;
2020-09-09 17:13:30 - [TEST_STEP][PASSED] - platform.Method.clickOnElement(findTestObject("GenericII/minimize")): platform.Method.clickOnElement is PASSED&#xD;
&#xD;
2020-09-09 17:13:33 - [MESSAGE][PASSED] - platform.Method.clickOnElement is PASSED&#xD;
&#xD;
2020-09-09 17:13:33 - [TEST_STEP][PASSED] - platform.Method.clickOnElement(findTestObject("Generic/imiLogo")): platform.Method.clickOnElement is PASSED&#xD;
&#xD;
2020-09-09 17:13:40 - [MESSAGE][PASSED] - platform.Method.clickOnElement is PASSED&#xD;
&#xD;
2020-09-09 17:13:40 - [TEST_STEP][PASSED] - comment("################"): ################&#xD;
&#xD;
2020-09-09 17:13:41 - [MESSAGE][INFO] - ################</system-out>
            <system-err></system-err>
        </testcase>
        <testcase name="Test Cases/FAQ_SSO/botCardMenuWithFallbackMessage_Test" classname="Test Cases/FAQ_SSO/botCardMenuWithFallbackMessage_Test" status="PASSED">
            <system-out>2020-09-09 17:13:41 - [TEST_CASE][PASSED] - Test Cases/FAQ_SSO/botCardMenuWithFallbackMessage_Test: Test Cases/FAQ_SSO/botCardMenuWithFallbackMessage_Test&#xD;
&#xD;
2020-09-09 17:13:42 - [TEST_STEP][PASSED] - waitForElementVisible(findTestObject("Button/createBot"), 20, OPTIONAL): Object 'Object Repository/Button/createBot' is visible&#xD;
&#xD;
2020-09-09 17:13:46 - [MESSAGE][PASSED] - Object 'Object Repository/Button/createBot' is visible&#xD;
&#xD;
2020-09-09 17:13:46 - [TEST_STEP][PASSED] - botCardOptions = platform.Method.verifyBotCardMenu("Q&amp;A bots", FAQ_BOT): platform.Method.verifyBotCardMenu is PASSED&#xD;
&#xD;
2020-09-09 17:13:53 - [MESSAGE][PASSED] - Object 'Object Repository/Button/botCardPreview' is present&#xD;
&#xD;
2020-09-09 17:13:56 - [MESSAGE][PASSED] - Object: 'Object Repository/Button/botCardMenu' is hovered&#xD;
&#xD;
2020-09-09 17:14:04 - [MESSAGE][PASSED] - platform.Method.verifyBotCardMenu is PASSED&#xD;
&#xD;
2020-09-09 17:14:04 - [TEST_STEP][PASSED] - verifyElementPresent(findTestObject("Generic/webObjectWithText", ["textValue":"Copy Preview Link"]), 5, STOP_ON_FAILURE): Object 'Object Repository/Generic/webObjectWithText' is present&#xD;
&#xD;
2020-09-09 17:14:05 - [MESSAGE][PASSED] - Object 'Object Repository/Generic/webObjectWithText' is present&#xD;
&#xD;
2020-09-09 17:14:05 - [TEST_STEP][PASSED] - assert botCardOptions.containsAll(BOT_CARD_OPTION) == true: null&#xD;
&#xD;
2020-09-09 17:14:05 - [TEST_STEP][PASSED] - platform.Response.clickOnElement(findTestObject("Generic/webObjectWithText", ["textValue":FAQ_BOT])): platform.Response.clickOnElement is PASSED&#xD;
&#xD;
2020-09-09 17:14:10 - [MESSAGE][PASSED] - platform.Response.clickOnElement is PASSED&#xD;
&#xD;
2020-09-09 17:14:10 - [TEST_STEP][PASSED] - platform.Response.clickOnElement(findTestObject("Button/preview")): platform.Response.clickOnElement is PASSED&#xD;
&#xD;
2020-09-09 17:14:12 - [MESSAGE][PASSED] - platform.Response.clickOnElement is PASSED&#xD;
&#xD;
2020-09-09 17:14:12 - [TEST_STEP][PASSED] - sendKeys(findTestObject("Input/chatInput"), Keys.chord(userQuery, ENTER)): Keys 'ENTER + show last transaction receipt' sent to object: 'Object Repository/Input/chatInput'&#xD;
&#xD;
2020-09-09 17:14:16 - [MESSAGE][PASSED] - Keys 'ENTER + show last transaction receipt' sent to object: 'Object Repository/Input/chatInput'&#xD;
&#xD;
2020-09-09 17:14:16 - [TEST_STEP][PASSED] - waitForElementPresent(findTestObject("Generic/botReponse", ["index":2]), 20, OPTIONAL): Object 'Object Repository/Generic/botReponse' is present&#xD;
&#xD;
2020-09-09 17:14:17 - [MESSAGE][PASSED] - Object 'Object Repository/Generic/botReponse' is present&#xD;
&#xD;
2020-09-09 17:14:17 - [TEST_STEP][PASSED] - verifyElementText(findTestObject("Generic/botReponse", ["index":2]), botResponse, OPTIONAL): Actual text and expected text of test object 'Object Repository/Generic/botReponse' are matched.&#xD;
&#xD;
2020-09-09 17:14:19 - [MESSAGE][PASSED] - Actual text and expected text of test object 'Object Repository/Generic/botReponse' are matched.&#xD;
&#xD;
2020-09-09 17:14:19 - [TEST_STEP][PASSED] - getRoomIdAt = new java.util.ArrayList(): null&#xD;
&#xD;
2020-09-09 17:14:19 - [TEST_STEP][PASSED] - getRoomIdAt = platform.Utility.getRoomID(): platform.Utility.getRoomID is PASSED&#xD;
&#xD;
2020-09-09 17:14:25 - [MESSAGE][PASSED] - platform.Utility.getRoomID is PASSED&#xD;
&#xD;
2020-09-09 17:14:25 - [TEST_STEP][PASSED] - platform.Utility.overWriteTestData(sheetName, rowNumber, cellNumber, get(0).toString()): platform.Utility.overWriteTestData is PASSED&#xD;
&#xD;
2020-09-09 17:14:28 - [MESSAGE][PASSED] - platform.Utility.overWriteTestData is PASSED&#xD;
&#xD;
2020-09-09 17:14:28 - [TEST_STEP][PASSED] - platform.Response.clickOnElement(findTestObject("GenericII/minimize")): platform.Response.clickOnElement is PASSED&#xD;
&#xD;
2020-09-09 17:14:30 - [MESSAGE][PASSED] - platform.Response.clickOnElement is PASSED</system-out>
            <system-err></system-err>
        </testcase>
        <testcase name="Test Cases/FAQ_SSO/importArticlesFromCsv_Test" classname="Test Cases/FAQ_SSO/importArticlesFromCsv_Test" status="PASSED">
            <system-out>2020-09-09 17:14:30 - [TEST_CASE][PASSED] - Test Cases/FAQ_SSO/importArticlesFromCsv_Test: Test Cases/FAQ_SSO/importArticlesFromCsv_Test&#xD;
&#xD;
2020-09-09 17:14:33 - [TEST_STEP][PASSED] - platform.Method.clickOnElement(findTestObject("Generic/articles")): platform.Method.clickOnElement is PASSED&#xD;
&#xD;
2020-09-09 17:14:35 - [MESSAGE][PASSED] - platform.Method.clickOnElement is PASSED&#xD;
&#xD;
2020-09-09 17:14:35 - [TEST_STEP][PASSED] - platform.Articles.selectFromKebabMenu(findTestObject("Button/importIcon"), "Import From CSV"): platform.Articles.selectFromKebabMenu is PASSED&#xD;
&#xD;
2020-09-09 17:14:39 - [MESSAGE][PASSED] - Object 'Object Repository/Button/kebabMenu' is clickable&#xD;
&#xD;
2020-09-09 17:14:42 - [MESSAGE][INFO] - Selected value: Import From CSV&#xD;
&#xD;
2020-09-09 17:14:44 - [MESSAGE][PASSED] - platform.Articles.selectFromKebabMenu is PASSED&#xD;
&#xD;
2020-09-09 17:14:44 - [TEST_STEP][PASSED] - platform.Method.uploadCsvFile(false, fileName): platform.Method.uploadCsvFile is PASSED&#xD;
&#xD;
2020-09-09 17:14:44 - [MESSAGE][INFO] - PREVIOUS DATA NOT BE OVERRIDDEN&#xD;
&#xD;
2020-09-09 17:14:47 - [MESSAGE][PASSED] - File 'D:/IMIbot.ai-Project/Collection/DefaultBankFAQ.csv' sent to object: 'Object Repository/Input/uploadFile'&#xD;
&#xD;
2020-09-09 17:14:49 - [MESSAGE][PASSED] - platform.Method.uploadCsvFile is PASSED&#xD;
&#xD;
2020-09-09 17:14:49 - [TEST_STEP][PASSED] - platform.Method.trainAndComment(comment): platform.Method.trainAndComment is PASSED&#xD;
&#xD;
2020-09-09 17:14:58 - [MESSAGE][PASSED] - Keys 'Post upload train' sent to object: 'Object Repository/Input/comment'&#xD;
&#xD;
2020-09-09 17:15:00 - [MESSAGE][PASSED] - platform.Method.trainAndComment is PASSED&#xD;
&#xD;
2020-09-09 17:15:00 - [TEST_STEP][PASSED] - waitForElementPresent(findTestObject("ICONS/toastMsg"), 20, STOP_ON_FAILURE): Object 'Object Repository/ICONS/toastMsg' is present&#xD;
&#xD;
2020-09-09 17:15:10 - [MESSAGE][PASSED] - Object 'Object Repository/ICONS/toastMsg' is present&#xD;
&#xD;
2020-09-09 17:15:10 - [TEST_STEP][PASSED] - platform.Response.clickOnElement(findTestObject("Button/preview")): platform.Response.clickOnElement is PASSED&#xD;
&#xD;
2020-09-09 17:15:13 - [MESSAGE][PASSED] - platform.Response.clickOnElement is PASSED&#xD;
&#xD;
2020-09-09 17:15:13 - [TEST_STEP][PASSED] - waitForElementPresent(findTestObject("Input/chatInput"), 5, OPTIONAL): Object 'Object Repository/Input/chatInput' is present&#xD;
&#xD;
2020-09-09 17:15:14 - [MESSAGE][PASSED] - Object 'Object Repository/Input/chatInput' is present&#xD;
&#xD;
2020-09-09 17:15:14 - [TEST_STEP][PASSED] - sendKeys(findTestObject("Input/chatInput"), Keys.chord(userQuery, ENTER)): Keys 'ENTER + How do I report fraud?' sent to object: 'Object Repository/Input/chatInput'&#xD;
&#xD;
2020-09-09 17:15:17 - [MESSAGE][PASSED] - Keys 'ENTER + How do I report fraud?' sent to object: 'Object Repository/Input/chatInput'&#xD;
&#xD;
2020-09-09 17:15:17 - [TEST_STEP][PASSED] - delay(1): Delayed 1 second(s)&#xD;
&#xD;
2020-09-09 17:15:18 - [MESSAGE][PASSED] - Delayed 1 second(s)&#xD;
&#xD;
2020-09-09 17:15:18 - [TEST_STEP][PASSED] - platform.Preview.verifyBotResponse(stringToCheck): YOUR TEXT HAS A MATCH&#xD;
&#xD;
2020-09-09 17:15:21 - [MESSAGE][PASSED] - Delayed 3 second(s)&#xD;
&#xD;
2020-09-09 17:15:24 - [MESSAGE][PASSED] - YOUR TEXT HAS A MATCH&#xD;
&#xD;
2020-09-09 17:15:24 - [TEST_STEP][PASSED] - platform.Response.clickOnElement(findTestObject("GenericII/minimize")): platform.Response.clickOnElement is PASSED&#xD;
&#xD;
2020-09-09 17:15:27 - [MESSAGE][PASSED] - platform.Response.clickOnElement is PASSED</system-out>
            <system-err></system-err>
        </testcase>
        <testcase name="Test Cases/FAQ_SSO/extractArticleFromExternalLink_Test" classname="Test Cases/FAQ_SSO/extractArticleFromExternalLink_Test" status="PASSED">
            <system-out>2020-09-09 17:15:27 - [TEST_CASE][PASSED] - Test Cases/FAQ_SSO/extractArticleFromExternalLink_Test: Test Cases/FAQ_SSO/extractArticleFromExternalLink_Test&#xD;
&#xD;
2020-09-09 17:15:29 - [TEST_STEP][PASSED] - platform.Method.clickOnElement(findTestObject("Generic/articles")): platform.Method.clickOnElement is PASSED&#xD;
&#xD;
2020-09-09 17:15:31 - [MESSAGE][PASSED] - platform.Method.clickOnElement is PASSED&#xD;
&#xD;
2020-09-09 17:15:31 - [TEST_STEP][PASSED] - platform.Articles.selectFromKebabMenu(findTestObject("Button/extractExtLink"), "Extract from external link"): platform.Articles.selectFromKebabMenu is PASSED&#xD;
&#xD;
2020-09-09 17:15:33 - [MESSAGE][PASSED] - Object 'Object Repository/Button/kebabMenu' is clickable&#xD;
&#xD;
2020-09-09 17:15:36 - [MESSAGE][INFO] - Selected value: Extract from external link&#xD;
&#xD;
2020-09-09 17:15:38 - [MESSAGE][PASSED] - platform.Articles.selectFromKebabMenu is PASSED&#xD;
&#xD;
2020-09-09 17:15:38 - [TEST_STEP][PASSED] - verifyElementHasAttribute(findTestObject("Button/extract"), "disabled", 10, STOP_ON_FAILURE): Object 'Object Repository/Button/extract' has attribute 'disabled'&#xD;
&#xD;
2020-09-09 17:15:40 - [MESSAGE][PASSED] - Object 'Object Repository/Button/extract' has attribute 'disabled'&#xD;
&#xD;
2020-09-09 17:15:40 - [TEST_STEP][PASSED] - sendKeys(findTestObject("Input/extractLink"), EXTERNAL_LINK): Keys 'https://experience.imiconnect.io/faqs/' sent to object: 'Object Repository/Input/extractLink'&#xD;
&#xD;
2020-09-09 17:15:43 - [MESSAGE][PASSED] - Keys 'https://experience.imiconnect.io/faqs/' sent to object: 'Object Repository/Input/extractLink'&#xD;
&#xD;
2020-09-09 17:15:43 - [TEST_STEP][PASSED] - platform.Method.clickOnElement(findTestObject("Button/extract")): platform.Method.clickOnElement is PASSED&#xD;
&#xD;
2020-09-09 17:15:45 - [MESSAGE][PASSED] - platform.Method.clickOnElement is PASSED&#xD;
&#xD;
2020-09-09 17:15:45 - [TEST_STEP][PASSED] - check(findTestObject("Generic/articleCheckbox", ["index":1])): Object 'Object Repository/Generic/articleCheckbox' is checked&#xD;
&#xD;
2020-09-09 17:15:51 - [MESSAGE][PASSED] - Object 'Object Repository/Generic/articleCheckbox' is checked&#xD;
&#xD;
2020-09-09 17:15:51 - [TEST_STEP][PASSED] - check(findTestObject("Generic/articleCheckbox", ["index":3])): Object 'Object Repository/Generic/articleCheckbox' is checked&#xD;
&#xD;
2020-09-09 17:15:54 - [MESSAGE][PASSED] - Object 'Object Repository/Generic/articleCheckbox' is checked&#xD;
&#xD;
2020-09-09 17:15:54 - [TEST_STEP][PASSED] - check(findTestObject("Generic/articleCheckbox", ["index":5])): Object 'Object Repository/Generic/articleCheckbox' is checked&#xD;
&#xD;
2020-09-09 17:15:58 - [MESSAGE][PASSED] - Object 'Object Repository/Generic/articleCheckbox' is checked&#xD;
&#xD;
2020-09-09 17:15:58 - [TEST_STEP][PASSED] - testObject = modifyObjectProperty(findTestObject("Generic/header"), "xpath", "not equals", "//div[@class='heading' and contains(text(),'Detected FAQs')]", true): Modify property of object successfully&#xD;
&#xD;
2020-09-09 17:15:58 - [MESSAGE][PASSED] - Modify property of object successfully&#xD;
&#xD;
2020-09-09 17:15:58 - [TEST_STEP][PASSED] - getText().contains("3"): null&#xD;
&#xD;
2020-09-09 17:16:01 - [TEST_STEP][PASSED] - scrollToElement(findTestObject("Generic/webObjectWithText", ["textValue":"Import FAQs from link"]), 10): Scroll to object 'Object Repository/Generic/webObjectWithText' successfully&#xD;
&#xD;
2020-09-09 17:16:03 - [MESSAGE][PASSED] - Scroll to object 'Object Repository/Generic/webObjectWithText' successfully&#xD;
&#xD;
2020-09-09 17:16:03 - [TEST_STEP][PASSED] - check(findTestObject("Generic/allFaqCheckbox")): Object 'Object Repository/Generic/allFaqCheckbox' is checked&#xD;
&#xD;
2020-09-09 17:16:07 - [MESSAGE][PASSED] - Object 'Object Repository/Generic/allFaqCheckbox' is checked&#xD;
&#xD;
2020-09-09 17:16:07 - [TEST_STEP][PASSED] - getText().contains("10"): null&#xD;
&#xD;
2020-09-09 17:16:09 - [TEST_STEP][PASSED] - scrollToElement(findTestObject("Generic/faqImportBtn"), 10): Scroll to object 'Object Repository/Generic/faqImportBtn' successfully&#xD;
&#xD;
2020-09-09 17:16:12 - [MESSAGE][PASSED] - Scroll to object 'Object Repository/Generic/faqImportBtn' successfully&#xD;
&#xD;
2020-09-09 17:16:12 - [TEST_STEP][PASSED] - override = modifyObjectProperty(findTestObject("Toggle/override"), "xpath", "not equals", "//mat-slide-toggle[@formcontrolname='Override']//label/div", true, STOP_ON_FAILURE): Modify property of object successfully&#xD;
&#xD;
2020-09-09 17:16:12 - [MESSAGE][PASSED] - Modify property of object successfully&#xD;
&#xD;
2020-09-09 17:16:12 - [TEST_STEP][PASSED] - platform.Method.clickOnElement(override): platform.Method.clickOnElement is PASSED&#xD;
&#xD;
2020-09-09 17:16:14 - [MESSAGE][PASSED] - platform.Method.clickOnElement is PASSED&#xD;
&#xD;
2020-09-09 17:16:14 - [TEST_STEP][PASSED] - platform.Method.clickOnElement(findTestObject("Generic/faqImportBtn")): platform.Method.clickOnElement is PASSED&#xD;
&#xD;
2020-09-09 17:16:16 - [MESSAGE][PASSED] - platform.Method.clickOnElement is PASSED&#xD;
&#xD;
2020-09-09 17:16:16 - [TEST_STEP][PASSED] - verifyElementText(findTestObject("Generic/articleState"), "Saved", STOP_ON_FAILURE): Actual text and expected text of test object 'Object Repository/Generic/articleState' are matched.&#xD;
&#xD;
2020-09-09 17:16:20 - [MESSAGE][PASSED] - Actual text and expected text of test object 'Object Repository/Generic/articleState' are matched.&#xD;
&#xD;
2020-09-09 17:16:20 - [TEST_STEP][PASSED] - verifyElementPresent(findTestObject("Generic/nextPage"), 5, STOP_ON_FAILURE): Object 'Object Repository/Generic/nextPage' is present&#xD;
&#xD;
2020-09-09 17:16:22 - [MESSAGE][PASSED] - Object 'Object Repository/Generic/nextPage' is present&#xD;
&#xD;
2020-09-09 17:16:22 - [TEST_STEP][PASSED] - platform.Method.trainAndComment(comment): platform.Method.trainAndComment is PASSED&#xD;
&#xD;
2020-09-09 17:16:30 - [MESSAGE][PASSED] - Keys 'Post extraction train' sent to object: 'Object Repository/Input/comment'&#xD;
&#xD;
2020-09-09 17:16:32 - [MESSAGE][PASSED] - platform.Method.trainAndComment is PASSED&#xD;
&#xD;
2020-09-09 17:16:32 - [TEST_STEP][PASSED] - waitForElementPresent(findTestObject("ICONS/toastMsg"), 20, STOP_ON_FAILURE): Object 'Object Repository/ICONS/toastMsg' is present&#xD;
&#xD;
2020-09-09 17:16:40 - [MESSAGE][PASSED] - Object 'Object Repository/ICONS/toastMsg' is present&#xD;
&#xD;
2020-09-09 17:16:40 - [TEST_STEP][PASSED] - platform.Method.clickOnElement(findTestObject("Button/preview")): platform.Method.clickOnElement is PASSED&#xD;
&#xD;
2020-09-09 17:16:42 - [MESSAGE][PASSED] - platform.Method.clickOnElement is PASSED&#xD;
&#xD;
2020-09-09 17:16:42 - [TEST_STEP][PASSED] - waitForElementPresent(findTestObject("Input/chatInput"), 10, STOP_ON_FAILURE): Object 'Object Repository/Input/chatInput' is present&#xD;
&#xD;
2020-09-09 17:16:44 - [MESSAGE][PASSED] - Object 'Object Repository/Input/chatInput' is present&#xD;
&#xD;
2020-09-09 17:16:44 - [TEST_STEP][PASSED] - platform.Preview.verifyBotTextResponse(userQuery, 2, strCheck): platform.Preview.verifyBotTextResponse is PASSED&#xD;
&#xD;
2020-09-09 17:16:48 - [MESSAGE][PASSED] - Keys 'ENTER + How can I view my transactions?' sent to object: 'Object Repository/Input/chatInput'&#xD;
&#xD;
2020-09-09 17:16:49 - [MESSAGE][PASSED] - Object 'Object Repository/GenericII/getBotResponse' is present&#xD;
&#xD;
2020-09-09 17:16:52 - [MESSAGE][PASSED] - Actual text and expected text of test object 'Object Repository/GenericII/getBotResponse' are matched.&#xD;
&#xD;
2020-09-09 17:16:52 - [MESSAGE][PASSED] - platform.Preview.verifyBotTextResponse is PASSED&#xD;
&#xD;
2020-09-09 17:16:52 - [TEST_STEP][PASSED] - platform.Response.clickOnElement(findTestObject("GenericII/minimize")): platform.Response.clickOnElement is PASSED&#xD;
&#xD;
2020-09-09 17:16:54 - [MESSAGE][PASSED] - platform.Response.clickOnElement is PASSED</system-out>
            <system-err></system-err>
        </testcase>
        <testcase name="Test Cases/FAQ_SSO/searchArticle_Test" classname="Test Cases/FAQ_SSO/searchArticle_Test" status="PASSED">
            <system-out>2020-09-09 17:16:54 - [TEST_CASE][PASSED] - Test Cases/FAQ_SSO/searchArticle_Test: Test Cases/FAQ_SSO/searchArticle_Test&#xD;
&#xD;
2020-09-09 17:16:56 - [TEST_STEP][PASSED] - sendKeys(findTestObject("Input/searchForQuestion"), searchQuestion): Keys 'how can you help?' sent to object: 'Object Repository/Input/searchForQuestion'&#xD;
&#xD;
2020-09-09 17:16:59 - [MESSAGE][PASSED] - Keys 'how can you help?' sent to object: 'Object Repository/Input/searchForQuestion'&#xD;
&#xD;
2020-09-09 17:16:59 - [TEST_STEP][PASSED] - platform.Method.clickOnElement(findTestObject("Generic/searchResult")): platform.Method.clickOnElement is PASSED&#xD;
&#xD;
2020-09-09 17:17:02 - [MESSAGE][PASSED] - platform.Method.clickOnElement is PASSED&#xD;
&#xD;
2020-09-09 17:17:02 - [TEST_STEP][PASSED] - firstQuestion = findWebElement(findTestObject("Generic/header"), 10).getText(): null&#xD;
&#xD;
2020-09-09 17:17:04 - [TEST_STEP][PASSED] - setText(findTestObject("Input/searchForQuestion"), newSearchQuestion): Text 'suspected fraud' is set on object 'Object Repository/Input/searchForQuestion'&#xD;
&#xD;
2020-09-09 17:17:09 - [MESSAGE][PASSED] - Text 'suspected fraud' is set on object 'Object Repository/Input/searchForQuestion'&#xD;
&#xD;
2020-09-09 17:17:09 - [TEST_STEP][PASSED] - platform.Method.clickOnElement(findTestObject("Generic/searchResult")): platform.Method.clickOnElement is PASSED&#xD;
&#xD;
2020-09-09 17:17:11 - [MESSAGE][PASSED] - platform.Method.clickOnElement is PASSED&#xD;
&#xD;
2020-09-09 17:17:11 - [TEST_STEP][PASSED] - newFirstQuestion = findWebElement(findTestObject("Generic/header"), 10).getText(): null&#xD;
&#xD;
2020-09-09 17:17:14 - [TEST_STEP][PASSED] - assert firstQuestion.equalsIgnoreCase(newFirstQuestion) == false: null&#xD;
&#xD;
2020-09-09 17:17:14 - [TEST_STEP][PASSED] - clearText(findTestObject("Input/searchForQuestion")): Text of object 'Object Repository/Input/searchForQuestion' is cleared&#xD;
&#xD;
2020-09-09 17:17:16 - [MESSAGE][PASSED] - Text of object 'Object Repository/Input/searchForQuestion' is cleared</system-out>
            <system-err></system-err>
        </testcase>
        <testcase name="Test Cases/FAQ_SSO/downvoteWithComment_Test" classname="Test Cases/FAQ_SSO/downvoteWithComment_Test" status="PASSED">
            <system-out>2020-09-09 17:17:17 - [TEST_CASE][PASSED] - Test Cases/FAQ_SSO/downvoteWithComment_Test: Test Cases/FAQ_SSO/downvoteWithComment_Test&#xD;
&#xD;
2020-09-09 17:17:20 - [TEST_STEP][PASSED] - platform.Method.clickOnElement(findTestObject("Generic/articles")): platform.Method.clickOnElement is PASSED&#xD;
&#xD;
2020-09-09 17:17:22 - [MESSAGE][PASSED] - platform.Method.clickOnElement is PASSED&#xD;
&#xD;
2020-09-09 17:17:22 - [TEST_STEP][PASSED] - platform.Method.trainAndComment(comment): platform.Method.trainAndComment is PASSED&#xD;
&#xD;
2020-09-09 17:17:38 - [MESSAGE][INFO] - Unable to find the element located by 'By.xpath: //*[@formcontrolname = 'inputData']'. Please recheck the objects properties to make sure the desired element is located. &#xD;
&#xD;
2020-09-09 17:17:40 - [MESSAGE][FAILED] - Unable to send keys 'post faq extraction test' to object 'Object Repository/Input/comment' (Root cause: com.kms.katalon.core.exception.StepFailedException: Unable to send keys 'post faq extraction test' to object 'Object Repository/Input/comment'&#xD;
	at com.kms.katalon.core.webui.keyword.internal.WebUIKeywordMain.stepFailed(WebUIKeywordMain.groovy:64)&#xD;
	at com.kms.katalon.core.webui.keyword.internal.WebUIKeywordMain.runKeyword(WebUIKeywordMain.groovy:26)&#xD;
	at com.kms.katalon.core.webui.keyword.builtin.SendKeysKeyword.sendKeys(SendKeysKeyword.groovy:60)&#xD;
	at com.kms.katalon.core.webui.keyword.builtin.SendKeysKeyword.execute(SendKeysKeyword.groovy:38)&#xD;
	at com.kms.katalon.core.keyword.internal.KeywordExecutor.executeKeywordForPlatform(KeywordExecutor.groovy:56)&#xD;
	at com.kms.katalon.core.webui.keyword.WebUiBuiltInKeywords.sendKeys(WebUiBuiltInKeywords.groovy:834)&#xD;
	at com.kms.katalon.core.webui.keyword.WebUiBuiltInKeywords$sendKeys$1.call(Unknown Source)&#xD;
	at platform.Method.trainAndComment(Method.groovy:100)&#xD;
	at platform.Method.invokeMethod(Method.groovy)&#xD;
	at com.kms.katalon.core.main.CustomKeywordDelegatingMetaClass.invokeStaticMethod(CustomKeywordDelegatingMetaClass.java:50)&#xD;
	at downvoteWithComment_Test.run(downvoteWithComment_Test:26)&#xD;
	at com.kms.katalon.core.main.ScriptEngine.run(ScriptEngine.java:194)&#xD;
	at com.kms.katalon.core.main.ScriptEngine.runScriptAsRawText(ScriptEngine.java:119)&#xD;
	at com.kms.katalon.core.main.TestCaseExecutor.runScript(TestCaseExecutor.java:337)&#xD;
	at com.kms.katalon.core.main.TestCaseExecutor.doExecute(TestCaseExecutor.java:328)&#xD;
	at com.kms.katalon.core.main.TestCaseExecutor.processExecutionPhase(TestCaseExecutor.java:307)&#xD;
	at com.kms.katalon.core.main.TestCaseExecutor.accessMainPhase(TestCaseExecutor.java:299)&#xD;
	at com.kms.katalon.core.main.TestCaseExecutor.execute(TestCaseExecutor.java:233)&#xD;
	at com.kms.katalon.core.main.TestSuiteExecutor.accessTestCaseMainPhase(TestSuiteExecutor.java:169)&#xD;
	at com.kms.katalon.core.main.TestSuiteExecutor.accessTestSuiteMainPhase(TestSuiteExecutor.java:142)&#xD;
	at com.kms.katalon.core.main.TestSuiteExecutor.execute(TestSuiteExecutor.java:91)&#xD;
	at com.kms.katalon.core.main.TestCaseMain.startTestSuite(TestCaseMain.java:157)&#xD;
	at com.kms.katalon.core.main.TestCaseMain$startTestSuite$0.call(Unknown Source)&#xD;
	at TempTestSuite1599651612725.run(TempTestSuite1599651612725.groovy:35)&#xD;
Caused by: com.kms.katalon.core.webui.exception.WebElementNotFoundException: Web element with id: 'Object Repository/Input/comment' located by 'By.xpath: //*[@formcontrolname = 'inputData']' not found&#xD;
	at com.kms.katalon.core.webui.common.WebUiCommonHelper.findWebElement(WebUiCommonHelper.java:1097)&#xD;
	at com.kms.katalon.core.webui.keyword.internal.WebUIAbstractKeyword.findWebElement(WebUIAbstractKeyword.groovy:27)&#xD;
	at com.kms.katalon.core.webui.keyword.internal.WebUIAbstractKeyword.findWebElement(WebUIAbstractKeyword.groovy:26)&#xD;
	at com.kms.katalon.core.webui.keyword.builtin.SendKeysKeyword$_sendKeys_closure1.doCall(SendKeysKeyword.groovy:52)&#xD;
	at com.kms.katalon.core.webui.keyword.builtin.SendKeysKeyword$_sendKeys_closure1.call(SendKeysKeyword.groovy)&#xD;
	at com.kms.katalon.core.webui.keyword.internal.WebUIKeywordMain.runKeyword(WebUIKeywordMain.groovy:20)&#xD;
	at com.kms.katalon.core.webui.keyword.builtin.SendKeysKeyword.sendKeys(SendKeysKeyword.groovy:60)&#xD;
	at com.kms.katalon.core.webui.keyword.builtin.SendKeysKeyword.execute(SendKeysKeyword.groovy:38)&#xD;
	at com.kms.katalon.core.keyword.internal.KeywordExecutor.executeKeywordForPlatform(KeywordExecutor.groovy:56)&#xD;
	at com.kms.katalon.core.webui.keyword.WebUiBuiltInKeywords.sendKeys(WebUiBuiltInKeywords.groovy:834)&#xD;
	at com.kms.katalon.core.webui.keyword.WebUiBuiltInKeywords$sendKeys$1.call(Unknown Source)&#xD;
	at platform.Method.trainAndComment(Method.groovy:100)&#xD;
	at platform.Method.invokeMethod(Method.groovy)&#xD;
	at com.kms.katalon.core.main.CustomKeywordDelegatingMetaClass.invokeStaticMethod(CustomKeywordDelegatingMetaClass.java:50)&#xD;
	at Script1598428429858.run(Script1598428429858.groovy:26)&#xD;
	... 13 more&#xD;
)&#xD;
[[ATTACHMENT|D:\\IMIbot.ai-Project\\Reports\\20200909_171012\\FAQ_SSO\\20200909_171012\\1599652058717.png]]&#xD;
&#xD;
2020-09-09 17:17:40 - [MESSAGE][INFO] - BOT STATE IS TRAINED&#xD;
&#xD;
2020-09-09 17:17:40 - [MESSAGE][PASSED] - platform.Method.trainAndComment is PASSED&#xD;
&#xD;
2020-09-09 17:17:40 - [TEST_STEP][PASSED] - try: Object 'Object Repository/ICONS/toastMsg' is not present after 10 second(s)&#xD;
&#xD;
2020-09-09 17:17:40 - [TEST_STEP][PASSED] - waitForElementPresent(findTestObject("ICONS/toastMsg"), 10): Object 'Object Repository/ICONS/toastMsg' is not present after 10 second(s)&#xD;
&#xD;
2020-09-09 17:17:51 - [MESSAGE][INFO] - Unable to find the element located by 'By.xpath: //simple-snack-bar'. Please recheck the objects properties to make sure the desired element is located. &#xD;
&#xD;
2020-09-09 17:17:51 - [MESSAGE][WARNING] - Object 'Object Repository/ICONS/toastMsg' is not present after 10 second(s)&#xD;
&#xD;
2020-09-09 17:17:51 - [TEST_STEP][PASSED] - platform.Method.clickOnElement(findTestObject("Button/preview")): platform.Method.clickOnElement is PASSED&#xD;
&#xD;
2020-09-09 17:17:54 - [MESSAGE][PASSED] - platform.Method.clickOnElement is PASSED&#xD;
&#xD;
2020-09-09 17:17:54 - [TEST_STEP][PASSED] - waitForElementPresent(findTestObject("Input/chatInput"), 20, STOP_ON_FAILURE): Object 'Object Repository/Input/chatInput' is present&#xD;
&#xD;
2020-09-09 17:17:56 - [MESSAGE][PASSED] - Object 'Object Repository/Input/chatInput' is present&#xD;
&#xD;
2020-09-09 17:17:56 - [TEST_STEP][PASSED] - sendKeys(findTestObject("Input/chatInput"), Keys.chord(userQuery, ENTER)): Keys 'ENTER + what is loyalty program?' sent to object: 'Object Repository/Input/chatInput'&#xD;
&#xD;
2020-09-09 17:18:00 - [MESSAGE][PASSED] - Keys 'ENTER + what is loyalty program?' sent to object: 'Object Repository/Input/chatInput'&#xD;
&#xD;
2020-09-09 17:18:00 - [TEST_STEP][PASSED] - verifyElementText(findTestObject("Generic/botReponse", ["index":2]), botResponse, OPTIONAL): Actual text and expected text of test object 'Object Repository/Generic/botReponse' are matched.&#xD;
&#xD;
2020-09-09 17:18:02 - [MESSAGE][PASSED] - Actual text and expected text of test object 'Object Repository/Generic/botReponse' are matched.&#xD;
&#xD;
2020-09-09 17:18:02 - [TEST_STEP][PASSED] - platform.Preview.downvoteResponseWithComment(downvoteComment): platform.Preview.downvoteResponseWithComment is PASSED&#xD;
&#xD;
2020-09-09 17:18:05 - [MESSAGE][PASSED] - Object: 'Object Repository/Button/downvote' is clicked on&#xD;
&#xD;
2020-09-09 17:18:08 - [MESSAGE][PASSED] - Keys 'Bot response doesn't answer my query' sent to object: 'Object Repository/Input/downvoteComment'&#xD;
&#xD;
2020-09-09 17:18:11 - [MESSAGE][PASSED] - platform.Preview.downvoteResponseWithComment is PASSED&#xD;
&#xD;
2020-09-09 17:18:11 - [TEST_STEP][PASSED] - getRoomIdAt = new java.util.ArrayList(): null&#xD;
&#xD;
2020-09-09 17:18:11 - [TEST_STEP][PASSED] - getRoomIdAt = platform.Utility.getRoomID(): platform.Utility.getRoomID is PASSED&#xD;
&#xD;
2020-09-09 17:18:20 - [MESSAGE][PASSED] - platform.Utility.getRoomID is PASSED&#xD;
&#xD;
2020-09-09 17:18:20 - [TEST_STEP][PASSED] - roomID = get(0).toString(): null&#xD;
&#xD;
2020-09-09 17:18:20 - [TEST_STEP][PASSED] - platform.Utility.overWriteTestData(sheetName, rowNumber, cellNumber, roomID): platform.Utility.overWriteTestData is PASSED&#xD;
&#xD;
2020-09-09 17:18:21 - [MESSAGE][PASSED] - platform.Utility.overWriteTestData is PASSED&#xD;
&#xD;
2020-09-09 17:18:21 - [TEST_STEP][PASSED] - platform.Method.clickOnElement(findTestObject("Generic/session")): platform.Method.clickOnElement is PASSED&#xD;
&#xD;
2020-09-09 17:18:25 - [MESSAGE][PASSED] - platform.Method.clickOnElement is PASSED&#xD;
&#xD;
2020-09-09 17:18:25 - [TEST_STEP][PASSED] - platform.Method.clickOnElement(findTestObject("GenericII/minimize")): platform.Method.clickOnElement is PASSED&#xD;
&#xD;
2020-09-09 17:18:27 - [MESSAGE][PASSED] - platform.Method.clickOnElement is PASSED&#xD;
&#xD;
2020-09-09 17:18:27 - [TEST_STEP][PASSED] - setText(findTestObject("Input/roomID", ["value":"id"]), roomID): Text '1984627' is set on object 'Object Repository/Input/roomID'&#xD;
&#xD;
2020-09-09 17:18:31 - [MESSAGE][PASSED] - Text '1984627' is set on object 'Object Repository/Input/roomID'&#xD;
&#xD;
2020-09-09 17:18:31 - [TEST_STEP][PASSED] - platform.Method.clickOnElement(findTestObject("Button/submitSession")): platform.Method.clickOnElement is PASSED&#xD;
&#xD;
2020-09-09 17:18:34 - [MESSAGE][PASSED] - platform.Method.clickOnElement is PASSED&#xD;
&#xD;
2020-09-09 17:18:34 - [TEST_STEP][PASSED] - waitForElementPresent(findTestObject("Generic/webObjectWithText", ["textValue":roomID]), 10): Object 'Object Repository/Generic/webObjectWithText' is present&#xD;
&#xD;
2020-09-09 17:18:35 - [MESSAGE][PASSED] - Object 'Object Repository/Generic/webObjectWithText' is present&#xD;
&#xD;
2020-09-09 17:18:35 - [TEST_STEP][PASSED] - platform.Method.clickOnElement(findTestObject("Generic/webObjectWithText", ["textValue":roomID])): platform.Method.clickOnElement is PASSED&#xD;
&#xD;
2020-09-09 17:18:37 - [MESSAGE][PASSED] - platform.Method.clickOnElement is PASSED&#xD;
&#xD;
2020-09-09 17:18:37 - [TEST_STEP][PASSED] - mouseOver(findTestObject("Generic/webObjectWithText", ["textValue":"Downvoted with comment"])): Object: 'Object Repository/Generic/webObjectWithText' is hovered&#xD;
&#xD;
2020-09-09 17:18:41 - [MESSAGE][PASSED] - Object: 'Object Repository/Generic/webObjectWithText' is hovered&#xD;
&#xD;
2020-09-09 17:18:41 - [TEST_STEP][PASSED] - platform.Method.clickOnElement(findTestObject("Generic/webObjectWithText", ["textValue":"Downvoted with comment"])): platform.Method.clickOnElement is PASSED&#xD;
&#xD;
2020-09-09 17:18:45 - [MESSAGE][PASSED] - platform.Method.clickOnElement is PASSED&#xD;
&#xD;
2020-09-09 17:18:45 - [TEST_STEP][PASSED] - platform.Method.clickOnElement(findTestObject("GenericII/closePopup")): platform.Method.clickOnElement is PASSED&#xD;
&#xD;
2020-09-09 17:18:47 - [MESSAGE][PASSED] - platform.Method.clickOnElement is PASSED</system-out>
            <system-err></system-err>
        </testcase>
        <testcase name="Test Cases/FAQ_SSO/addToCurationFromSessions_Test" classname="Test Cases/FAQ_SSO/addToCurationFromSessions_Test" status="PASSED">
            <system-out>2020-09-09 17:18:47 - [TEST_CASE][PASSED] - Test Cases/FAQ_SSO/addToCurationFromSessions_Test: Test Cases/FAQ_SSO/addToCurationFromSessions_Test&#xD;
&#xD;
2020-09-09 17:18:49 - [TEST_STEP][PASSED] - platform.Method.clickOnElement(findTestObject("Generic/articles")): platform.Method.clickOnElement is PASSED&#xD;
&#xD;
2020-09-09 17:18:51 - [MESSAGE][PASSED] - platform.Method.clickOnElement is PASSED&#xD;
&#xD;
2020-09-09 17:18:51 - [TEST_STEP][PASSED] - platform.Method.trainAndComment(comment): platform.Method.trainAndComment is PASSED&#xD;
&#xD;
2020-09-09 17:18:58 - [MESSAGE][INFO] - Unable to find the element located by 'By.xpath: //mat-icon[text()='sync' or text()='autorenew']'. Please recheck the objects properties to make sure the desired element is located. &#xD;
&#xD;
2020-09-09 17:18:58 - [MESSAGE][INFO] - BOT STATE IS TRAINED&#xD;
&#xD;
2020-09-09 17:18:58 - [MESSAGE][PASSED] - platform.Method.trainAndComment is PASSED&#xD;
&#xD;
2020-09-09 17:18:58 - [TEST_STEP][PASSED] - platform.Method.clickOnElement(findTestObject("Generic/session")): platform.Method.clickOnElement is PASSED&#xD;
&#xD;
2020-09-09 17:19:01 - [MESSAGE][PASSED] - platform.Method.clickOnElement is PASSED&#xD;
&#xD;
2020-09-09 17:19:01 - [TEST_STEP][PASSED] - platform.Method.clickOnElement(findTestObject("Button/preview")): platform.Method.clickOnElement is PASSED&#xD;
&#xD;
2020-09-09 17:19:04 - [MESSAGE][PASSED] - platform.Method.clickOnElement is PASSED&#xD;
&#xD;
2020-09-09 17:19:04 - [TEST_STEP][PASSED] - sendKeys(findTestObject("Input/chatInput"), Keys.chord(userQuery, ENTER)): Keys 'ENTER + How balance transfer works in credit card?' sent to object: 'Object Repository/Input/chatInput'&#xD;
&#xD;
2020-09-09 17:19:07 - [MESSAGE][PASSED] - Keys 'ENTER + How balance transfer works in credit card?' sent to object: 'Object Repository/Input/chatInput'&#xD;
&#xD;
2020-09-09 17:19:07 - [TEST_STEP][PASSED] - getRoomIdAt = new java.util.ArrayList(): null&#xD;
&#xD;
2020-09-09 17:19:07 - [TEST_STEP][PASSED] - getRoomIdAt = platform.Utility.getRoomID(): platform.Utility.getRoomID is PASSED&#xD;
&#xD;
2020-09-09 17:19:19 - [MESSAGE][PASSED] - platform.Utility.getRoomID is PASSED&#xD;
&#xD;
2020-09-09 17:19:19 - [TEST_STEP][PASSED] - platform.Method.clickOnElement(findTestObject("GenericII/minimize")): platform.Method.clickOnElement is PASSED&#xD;
&#xD;
2020-09-09 17:19:21 - [MESSAGE][PASSED] - platform.Method.clickOnElement is PASSED&#xD;
&#xD;
2020-09-09 17:19:21 - [TEST_STEP][PASSED] - roomID = get(0).toString(): null&#xD;
&#xD;
2020-09-09 17:19:21 - [TEST_STEP][PASSED] - platform.Utility.overWriteTestData(sheetName, rowNumber, cellNumber, roomID): platform.Utility.overWriteTestData is PASSED&#xD;
&#xD;
2020-09-09 17:19:22 - [MESSAGE][PASSED] - platform.Utility.overWriteTestData is PASSED&#xD;
&#xD;
2020-09-09 17:19:22 - [TEST_STEP][PASSED] - setText(findTestObject("Input/roomID", ["value":"id"]), roomID): Text '1984634' is set on object 'Object Repository/Input/roomID'&#xD;
&#xD;
2020-09-09 17:19:26 - [MESSAGE][PASSED] - Text '1984634' is set on object 'Object Repository/Input/roomID'&#xD;
&#xD;
2020-09-09 17:19:26 - [TEST_STEP][PASSED] - platform.Method.clickOnElement(findTestObject("Button/submitSession")): platform.Method.clickOnElement is PASSED&#xD;
&#xD;
2020-09-09 17:19:28 - [MESSAGE][PASSED] - platform.Method.clickOnElement is PASSED&#xD;
&#xD;
2020-09-09 17:19:28 - [TEST_STEP][PASSED] - platform.Method.clickOnElement(findTestObject("Generic/webObjectWithText", ["textValue":roomID])): platform.Method.clickOnElement is PASSED&#xD;
&#xD;
2020-09-09 17:19:30 - [MESSAGE][PASSED] - platform.Method.clickOnElement is PASSED&#xD;
&#xD;
2020-09-09 17:19:30 - [TEST_STEP][PASSED] - platform.Method.clickOnElement(findTestObject("NewRepo/addToCurationFlag", ["index":1])): platform.Method.clickOnElement is PASSED&#xD;
&#xD;
2020-09-09 17:19:33 - [MESSAGE][PASSED] - platform.Method.clickOnElement is PASSED&#xD;
&#xD;
2020-09-09 17:19:33 - [TEST_STEP][PASSED] - verifyElementPresent(findTestObject("NewRepo/messageInCuration"), 10, STOP_ON_FAILURE): Object 'Object Repository/NewRepo/messageInCuration' is present&#xD;
&#xD;
2020-09-09 17:19:35 - [MESSAGE][PASSED] - Object 'Object Repository/NewRepo/messageInCuration' is present&#xD;
&#xD;
2020-09-09 17:19:35 - [TEST_STEP][PASSED] - platform.Method.clickOnElement(findTestObject("GenericII/closePopup")): platform.Method.clickOnElement is PASSED&#xD;
&#xD;
2020-09-09 17:19:37 - [MESSAGE][PASSED] - platform.Method.clickOnElement is PASSED&#xD;
&#xD;
2020-09-09 17:19:37 - [TEST_STEP][PASSED] - platform.Method.clickOnElement(findTestObject("Generic/curation")): platform.Method.clickOnElement is PASSED&#xD;
&#xD;
2020-09-09 17:19:40 - [MESSAGE][PASSED] - platform.Method.clickOnElement is PASSED&#xD;
&#xD;
2020-09-09 17:19:40 - [TEST_STEP][PASSED] - platform.Method.clickOnElement(findTestObject("Generic/webObjectWithText", ["textValue":" From sessions "])): platform.Method.clickOnElement is PASSED&#xD;
&#xD;
2020-09-09 17:19:43 - [MESSAGE][PASSED] - platform.Method.clickOnElement is PASSED&#xD;
&#xD;
2020-09-09 17:19:43 - [TEST_STEP][PASSED] - sendKeys(findTestObject("Input/roomID", ["value":"room_id"]), roomID): Keys '1984634' sent to object: 'Object Repository/Input/roomID'&#xD;
&#xD;
2020-09-09 17:19:46 - [MESSAGE][PASSED] - Keys '1984634' sent to object: 'Object Repository/Input/roomID'&#xD;
&#xD;
2020-09-09 17:19:46 - [TEST_STEP][PASSED] - platform.Method.clickOnElement(findTestObject("Button/filter")): platform.Method.clickOnElement is PASSED&#xD;
&#xD;
2020-09-09 17:19:49 - [MESSAGE][PASSED] - platform.Method.clickOnElement is PASSED&#xD;
&#xD;
2020-09-09 17:19:49 - [TEST_STEP][PASSED] - verifyTextPresent(roomID, false, STOP_ON_FAILURE): Text '1984634' is present on page &#xD;
&#xD;
2020-09-09 17:19:52 - [MESSAGE][PASSED] - Text '1984634' is present on page</system-out>
            <system-err></system-err>
        </testcase>
        <testcase name="Test Cases/FAQ_SSO/createArticleWithRichResponseInCategory_Test" classname="Test Cases/FAQ_SSO/createArticleWithRichResponseInCategory_Test" status="PASSED">
            <system-out>2020-09-09 17:19:52 - [TEST_CASE][PASSED] - Test Cases/FAQ_SSO/createArticleWithRichResponseInCategory_Test: Test Cases/FAQ_SSO/createArticleWithRichResponseInCategory_Test&#xD;
&#xD;
2020-09-09 17:19:54 - [TEST_STEP][PASSED] - platform.Method.clickOnElement(findTestObject("Generic/articles")): platform.Method.clickOnElement is PASSED&#xD;
&#xD;
2020-09-09 17:19:56 - [MESSAGE][PASSED] - platform.Method.clickOnElement is PASSED&#xD;
&#xD;
2020-09-09 17:19:56 - [TEST_STEP][PASSED] - testData = findTestData("Data Files/testData_FAQ"): null&#xD;
&#xD;
2020-09-09 17:19:57 - [TEST_STEP][PASSED] - platform.Articles.createNewArticle(testData, testData.getValue("default_question", 1)): platform.Articles.createNewArticle is PASSED&#xD;
&#xD;
2020-09-09 17:20:03 - [MESSAGE][PASSED] - Keys 'What are the benefits of MyBank credit card?' sent to object: 'Object Repository/Input/defaultQuestion'&#xD;
&#xD;
2020-09-09 17:20:03 - [MESSAGE][PASSED] - platform.Articles.createNewArticle is PASSED&#xD;
&#xD;
2020-09-09 17:20:03 - [TEST_STEP][PASSED] - platform.Method.clickOnElement(findTestObject("NewRepo/carousel")): platform.Method.clickOnElement is PASSED&#xD;
&#xD;
2020-09-09 17:20:06 - [MESSAGE][PASSED] - platform.Method.clickOnElement is PASSED&#xD;
&#xD;
2020-09-09 17:20:06 - [TEST_STEP][PASSED] - platform.ResponseDesigner.deleteDefaultTextTemplate(): platform.ResponseDesigner.deleteDefaultTextTemplate is PASSED&#xD;
&#xD;
2020-09-09 17:20:09 - [MESSAGE][PASSED] - Scroll to object 'Object Repository/WEB_OBJECTS/trashIcon' successfully&#xD;
&#xD;
2020-09-09 17:20:11 - [MESSAGE][PASSED] - Object 'Object Repository/WEB_OBJECTS/trashIcon' is visible&#xD;
&#xD;
2020-09-09 17:20:13 - [MESSAGE][PASSED] - platform.ResponseDesigner.deleteDefaultTextTemplate is PASSED&#xD;
&#xD;
2020-09-09 17:20:13 - [TEST_STEP][PASSED] - platform.ResponseDesigner.configureCarouselResponse(1, null, testData.getValue("carousel_url", 1), testData.getValue("label_value", 1), "default", "how can you help"): platform.ResponseDesigner.configureCarouselResponse is PASSED&#xD;
&#xD;
2020-09-09 17:20:16 - [MESSAGE][PASSED] - Modify property of object successfully&#xD;
&#xD;
2020-09-09 17:20:22 - [MESSAGE][PASSED] - Text 'https://www.pinclipart.com/picdir/middle/59-595896_balance-transfer-credit-cards-icon-credit-card-icon.png' is set on object 'Object Repository/WEB_OBJECTS/mediaURL'&#xD;
&#xD;
2020-09-09 17:20:29 - [MESSAGE][PASSED] - Text 'Balance Transfer' is set on object 'Object Repository/WEB_OBJECTS/input'&#xD;
&#xD;
2020-09-09 17:20:30 - [MESSAGE][PASSED] - Object 'Object Repository/WEB_OBJECTS/button' is present&#xD;
&#xD;
2020-09-09 17:20:35 - [MESSAGE][PASSED] - Object 'Object Repository/WEB_OBJECTS/popUp' is present&#xD;
&#xD;
2020-09-09 17:20:35 - [MESSAGE][PASSED] - Modify property of object successfully&#xD;
&#xD;
2020-09-09 17:20:38 - [MESSAGE][PASSED] - Text 'default' is set on object 'Object Repository/WEB_OBJECTS/input'&#xD;
&#xD;
2020-09-09 17:20:43 - [MESSAGE][PASSED] - Text 'how can you help' is set on object 'Object Repository/WEB_OBJECTS/payload'&#xD;
&#xD;
2020-09-09 17:20:45 - [MESSAGE][PASSED] - platform.ResponseDesigner.configureCarouselResponse is PASSED&#xD;
&#xD;
2020-09-09 17:20:45 - [TEST_STEP][PASSED] - platform.Articles.saveAndTrainArticleToNewCategory(categoryName): platform.Articles.saveAndTrainArticleToNewCategory is PASSED&#xD;
&#xD;
2020-09-09 17:20:53 - [MESSAGE][PASSED] - Keys 'Benefits' sent to object: 'Object Repository/Input/newCategoryName'&#xD;
&#xD;
2020-09-09 17:20:56 - [MESSAGE][PASSED] - platform.Articles.saveAndTrainArticleToNewCategory is PASSED&#xD;
&#xD;
2020-09-09 17:20:56 - [TEST_STEP][PASSED] - verifyElementPresent(findTestObject("ICONS/toastMsg"), 15, STOP_ON_FAILURE): Object 'Object Repository/ICONS/toastMsg' is present&#xD;
&#xD;
2020-09-09 17:21:07 - [MESSAGE][PASSED] - Object 'Object Repository/ICONS/toastMsg' is present&#xD;
&#xD;
2020-09-09 17:21:07 - [TEST_STEP][PASSED] - platform.Method.clickOnElement(findTestObject("Button/preview")): platform.Method.clickOnElement is PASSED&#xD;
&#xD;
2020-09-09 17:21:10 - [MESSAGE][PASSED] - platform.Method.clickOnElement is PASSED&#xD;
&#xD;
2020-09-09 17:21:10 - [TEST_STEP][PASSED] - sendKeys(findTestObject("Input/chatInput"), Keys.chord(userQuery, ENTER)): Keys 'ENTER + benefits of credit card?' sent to object: 'Object Repository/Input/chatInput'&#xD;
&#xD;
2020-09-09 17:21:14 - [MESSAGE][PASSED] - Keys 'ENTER + benefits of credit card?' sent to object: 'Object Repository/Input/chatInput'&#xD;
&#xD;
2020-09-09 17:21:14 - [TEST_STEP][PASSED] - delay(1): Delayed 1 second(s)&#xD;
&#xD;
2020-09-09 17:21:15 - [MESSAGE][PASSED] - Delayed 1 second(s)&#xD;
&#xD;
2020-09-09 17:21:15 - [TEST_STEP][PASSED] - verifyElementText(findTestObject("NewRepo/bannerTitle", ["index":1]), expectedValue, STOP_ON_FAILURE): Actual text and expected text of test object 'Object Repository/NewRepo/bannerTitle' are matched.&#xD;
&#xD;
2020-09-09 17:21:17 - [MESSAGE][PASSED] - Actual text and expected text of test object 'Object Repository/NewRepo/bannerTitle' are matched.&#xD;
&#xD;
2020-09-09 17:21:17 - [TEST_STEP][PASSED] - platform.Method.clickOnElement(findTestObject("GenericII/minimize")): platform.Method.clickOnElement is PASSED&#xD;
&#xD;
2020-09-09 17:21:20 - [MESSAGE][PASSED] - platform.Method.clickOnElement is PASSED</system-out>
            <system-err></system-err>
        </testcase>
        <testcase name="Test Cases/FAQ_SSO/modifyCategory_Test" classname="Test Cases/FAQ_SSO/modifyCategory_Test" status="PASSED">
            <system-out>2020-09-09 17:21:20 - [TEST_CASE][PASSED] - Test Cases/FAQ_SSO/modifyCategory_Test: Test Cases/FAQ_SSO/modifyCategory_Test&#xD;
&#xD;
2020-09-09 17:21:21 - [TEST_STEP][PASSED] - platform.Method.clickOnElement(findTestObject("Generic/articles")): platform.Method.clickOnElement is PASSED&#xD;
&#xD;
2020-09-09 17:21:24 - [MESSAGE][PASSED] - platform.Method.clickOnElement is PASSED&#xD;
&#xD;
2020-09-09 17:21:24 - [TEST_STEP][PASSED] - platform.Method.clickOnElement(findTestObject("Generic/webObjectWithText", ["textValue":"Modify"])): platform.Method.clickOnElement is PASSED&#xD;
&#xD;
2020-09-09 17:21:26 - [MESSAGE][PASSED] - platform.Method.clickOnElement is PASSED&#xD;
&#xD;
2020-09-09 17:21:26 - [TEST_STEP][PASSED] - categories = findWebElements(findTestObject("GenericII/listOfCategory"), 10): null&#xD;
&#xD;
2020-09-09 17:21:28 - [TEST_STEP][PASSED] - index = &lt;not implemented yet for class: org.codehaus.groovy.ast.expr.EmptyExpression&gt;: null&#xD;
&#xD;
2020-09-09 17:21:28 - [TEST_STEP][PASSED] - for ([i = 2, i &lt; categories.size(), (i++)]): null&#xD;
&#xD;
2020-09-09 17:21:28 - [TEST_STEP][PASSED] - if (getAttribute("value").contains("Benefits")): null&#xD;
&#xD;
2020-09-09 17:21:29 - [TEST_STEP][PASSED] - index = i - 1: null&#xD;
&#xD;
2020-09-09 17:21:29 - [TEST_STEP][PASSED] - break: null&#xD;
&#xD;
2020-09-09 17:21:29 - [TEST_STEP][PASSED] - platform.Method.clickOnElement(findTestObject("GenericII/editCategory", ["index":index])): platform.Method.clickOnElement is PASSED&#xD;
&#xD;
2020-09-09 17:21:31 - [MESSAGE][PASSED] - platform.Method.clickOnElement is PASSED&#xD;
&#xD;
2020-09-09 17:21:31 - [TEST_STEP][PASSED] - setText(findTestObject("Input/nameOfTheCategory"), newCategoryName, STOP_ON_FAILURE): Text 'Product Info' is set on object 'Object Repository/Input/nameOfTheCategory'&#xD;
&#xD;
2020-09-09 17:21:36 - [MESSAGE][PASSED] - Text 'Product Info' is set on object 'Object Repository/Input/nameOfTheCategory'&#xD;
&#xD;
2020-09-09 17:21:36 - [TEST_STEP][PASSED] - platform.Method.clickOnElement(findTestObject("Button/save", ["value":" Save "])): platform.Method.clickOnElement is PASSED&#xD;
&#xD;
2020-09-09 17:21:38 - [MESSAGE][PASSED] - platform.Method.clickOnElement is PASSED&#xD;
&#xD;
2020-09-09 17:21:38 - [TEST_STEP][PASSED] - delay(1): Delayed 1 second(s)&#xD;
&#xD;
2020-09-09 17:21:39 - [MESSAGE][PASSED] - Delayed 1 second(s)&#xD;
&#xD;
2020-09-09 17:21:39 - [TEST_STEP][PASSED] - verifyTextPresent(newCategoryName, false, STOP_ON_FAILURE): Text 'Product Info' is present on page &#xD;
&#xD;
2020-09-09 17:21:44 - [MESSAGE][PASSED] - Text 'Product Info' is present on page &#xD;
&#xD;
2020-09-09 17:21:44 - [TEST_STEP][PASSED] - closePopUp = modifyObjectProperty(findTestObject("GenericII/closePopup"), "xpath", "not equals", "//span[text()='×']", true, OPTIONAL): Modify property of object successfully&#xD;
&#xD;
2020-09-09 17:21:45 - [MESSAGE][PASSED] - Modify property of object successfully&#xD;
&#xD;
2020-09-09 17:21:45 - [TEST_STEP][PASSED] - platform.Method.clickOnElement(closePopUp): platform.Method.clickOnElement is PASSED&#xD;
&#xD;
2020-09-09 17:21:47 - [MESSAGE][PASSED] - platform.Method.clickOnElement is PASSED</system-out>
            <system-err></system-err>
        </testcase>
        <testcase name="Test Cases/FAQ_SSO/fallbackCurationByAddToExistingArticle_Test" classname="Test Cases/FAQ_SSO/fallbackCurationByAddToExistingArticle_Test" status="PASSED">
            <system-out>2020-09-09 17:21:47 - [TEST_CASE][PASSED] - Test Cases/FAQ_SSO/fallbackCurationByAddToExistingArticle_Test: Test Cases/FAQ_SSO/fallbackCurationByAddToExistingArticle_Test&#xD;
&#xD;
2020-09-09 17:21:49 - [TEST_STEP][PASSED] - platform.Method.clickOnElement(findTestObject("Generic/curation")): platform.Method.clickOnElement is PASSED&#xD;
&#xD;
2020-09-09 17:21:51 - [MESSAGE][PASSED] - platform.Method.clickOnElement is PASSED&#xD;
&#xD;
2020-09-09 17:21:51 - [TEST_STEP][PASSED] - platform.Method.clickOnElement(findTestObject("Generic/webObjectWithText", ["textValue":" Fallback "])): platform.Method.clickOnElement is PASSED&#xD;
&#xD;
2020-09-09 17:21:55 - [MESSAGE][PASSED] - platform.Method.clickOnElement is PASSED&#xD;
&#xD;
2020-09-09 17:21:55 - [TEST_STEP][PASSED] - sendKeys(findTestObject("Input/roomID", ["value":"room_id"]), roomID): Keys '1984572' sent to object: 'Object Repository/Input/roomID'&#xD;
&#xD;
2020-09-09 17:21:58 - [MESSAGE][PASSED] - Keys '1984572' sent to object: 'Object Repository/Input/roomID'&#xD;
&#xD;
2020-09-09 17:21:58 - [TEST_STEP][PASSED] - platform.Method.clickOnElement(findTestObject("Button/filter")): platform.Method.clickOnElement is PASSED&#xD;
&#xD;
2020-09-09 17:22:00 - [MESSAGE][PASSED] - platform.Method.clickOnElement is PASSED&#xD;
&#xD;
2020-09-09 17:22:00 - [TEST_STEP][PASSED] - try: platform.Method.clickOnElement is PASSED&#xD;
&#xD;
2020-09-09 17:22:00 - [TEST_STEP][PASSED] - verifyElementPresent(findTestObject("Button/addToExistingArticle"), 20, STOP_ON_FAILURE): Object 'Object Repository/Button/addToExistingArticle' is present&#xD;
&#xD;
2020-09-09 17:22:02 - [MESSAGE][PASSED] - Object 'Object Repository/Button/addToExistingArticle' is present&#xD;
&#xD;
2020-09-09 17:22:02 - [TEST_STEP][PASSED] - platform.Method.clickOnElement(findTestObject("Button/addToExistingArticle")): platform.Method.clickOnElement is PASSED&#xD;
&#xD;
2020-09-09 17:22:05 - [MESSAGE][PASSED] - platform.Method.clickOnElement is PASSED&#xD;
&#xD;
2020-09-09 17:22:05 - [TEST_STEP][PASSED] - sendKeys(findTestObject("Input/searchQuestion"), searchQuestion): Keys 'How can I view my transactions?' sent to object: 'Object Repository/Input/searchQuestion'&#xD;
&#xD;
2020-09-09 17:22:09 - [MESSAGE][PASSED] - Keys 'How can I view my transactions?' sent to object: 'Object Repository/Input/searchQuestion'&#xD;
&#xD;
2020-09-09 17:22:09 - [TEST_STEP][PASSED] - platform.Method.clickOnElement(findTestObject("Generic/searchResult")): platform.Method.clickOnElement is PASSED&#xD;
&#xD;
2020-09-09 17:22:11 - [MESSAGE][PASSED] - platform.Method.clickOnElement is PASSED&#xD;
&#xD;
2020-09-09 17:22:11 - [TEST_STEP][PASSED] - platform.Method.clickOnElement(findTestObject("Button/linkAndSave")): platform.Method.clickOnElement is PASSED&#xD;
&#xD;
2020-09-09 17:22:14 - [MESSAGE][PASSED] - platform.Method.clickOnElement is PASSED&#xD;
&#xD;
2020-09-09 17:22:14 - [TEST_STEP][PASSED] - platform.Method.clickOnElement(findTestObject("NewRepo/refresh")): platform.Method.clickOnElement is PASSED&#xD;
&#xD;
2020-09-09 17:22:17 - [MESSAGE][PASSED] - platform.Method.clickOnElement is PASSED&#xD;
&#xD;
2020-09-09 17:22:17 - [TEST_STEP][PASSED] - platform.Method.clickOnElement(findTestObject("Button/trainCuration")): platform.Method.clickOnElement is PASSED&#xD;
&#xD;
2020-09-09 17:22:20 - [MESSAGE][PASSED] - platform.Method.clickOnElement is PASSED&#xD;
&#xD;
2020-09-09 17:22:20 - [TEST_STEP][PASSED] - sendKeys(findTestObject("Input/comment"), comment): Keys 'link to curation test' sent to object: 'Object Repository/Input/comment'&#xD;
&#xD;
2020-09-09 17:22:23 - [MESSAGE][PASSED] - Keys 'link to curation test' sent to object: 'Object Repository/Input/comment'&#xD;
&#xD;
2020-09-09 17:22:23 - [TEST_STEP][PASSED] - platform.Method.clickOnElement(findTestObject("Button/continue")): platform.Method.clickOnElement is PASSED&#xD;
&#xD;
2020-09-09 17:22:25 - [MESSAGE][PASSED] - platform.Method.clickOnElement is PASSED&#xD;
&#xD;
2020-09-09 17:22:25 - [TEST_STEP][PASSED] - waitForElementVisible(findTestObject("Generic/webObjectWithText", ["textValue":"Trained corpus"]), 20, STOP_ON_FAILURE): Web element with id: 'Object Repository/Generic/webObjectWithText' located by 'By.xpath: //*[contains(text(),'Trained corpus')]' not found&#xD;
&#xD;
2020-09-09 17:22:47 - [MESSAGE][INFO] - Unable to find the element located by 'By.xpath: //*[contains(text(),'Trained corpus')]'. Please recheck the objects properties to make sure the desired element is located. &#xD;
&#xD;
2020-09-09 17:22:47 - [MESSAGE][WARNING] - Web element with id: 'Object Repository/Generic/webObjectWithText' located by 'By.xpath: //*[contains(text(),'Trained corpus')]' not found&#xD;
&#xD;
2020-09-09 17:22:47 - [TEST_STEP][PASSED] - platform.Method.clickOnElement(findTestObject("NewRepo/refresh")): platform.Method.clickOnElement is PASSED&#xD;
&#xD;
2020-09-09 17:22:49 - [MESSAGE][PASSED] - platform.Method.clickOnElement is PASSED&#xD;
&#xD;
2020-09-09 17:22:49 - [TEST_STEP][PASSED] - verifyTextPresent("Trained corpus", false, OPTIONAL): Text 'Trained corpus' is present on page &#xD;
&#xD;
2020-09-09 17:22:54 - [MESSAGE][PASSED] - Text 'Trained corpus' is present on page &#xD;
&#xD;
2020-09-09 17:22:54 - [TEST_STEP][PASSED] - platform.Method.clickOnElement(findTestObject("Button/preview")): platform.Method.clickOnElement is PASSED&#xD;
&#xD;
2020-09-09 17:22:57 - [MESSAGE][PASSED] - platform.Method.clickOnElement is PASSED&#xD;
&#xD;
2020-09-09 17:22:57 - [TEST_STEP][PASSED] - sendKeys(findTestObject("Input/chatInput"), Keys.chord(userQuery, ENTER)): Keys 'ENTER + show last transaction receipt' sent to object: 'Object Repository/Input/chatInput'&#xD;
&#xD;
2020-09-09 17:23:00 - [MESSAGE][PASSED] - Keys 'ENTER + show last transaction receipt' sent to object: 'Object Repository/Input/chatInput'&#xD;
&#xD;
2020-09-09 17:23:00 - [TEST_STEP][PASSED] - delay(1): Delayed 1 second(s)&#xD;
&#xD;
2020-09-09 17:23:01 - [MESSAGE][PASSED] - Delayed 1 second(s)&#xD;
&#xD;
2020-09-09 17:23:01 - [TEST_STEP][PASSED] - platform.Preview.verifyBotResponse(botResponse): YOUR TEXT HAS A MATCH&#xD;
&#xD;
2020-09-09 17:23:04 - [MESSAGE][PASSED] - Delayed 3 second(s)&#xD;
&#xD;
2020-09-09 17:23:08 - [MESSAGE][PASSED] - YOUR TEXT HAS A MATCH&#xD;
&#xD;
2020-09-09 17:23:08 - [TEST_STEP][PASSED] - platform.Method.clickOnElement(findTestObject("Generic/curation")): platform.Method.clickOnElement is PASSED&#xD;
&#xD;
2020-09-09 17:23:10 - [MESSAGE][PASSED] - platform.Method.clickOnElement is PASSED&#xD;
&#xD;
2020-09-09 17:23:10 - [TEST_STEP][PASSED] - waitForElementVisible(findTestObject("Generic/webObjectWithText", ["textValue":"Resolved"]), 20, OPTIONAL): Object 'Object Repository/Generic/webObjectWithText' is visible&#xD;
&#xD;
2020-09-09 17:23:12 - [MESSAGE][PASSED] - Object 'Object Repository/Generic/webObjectWithText' is visible&#xD;
&#xD;
2020-09-09 17:23:12 - [TEST_STEP][PASSED] - platform.Method.clickOnElement(findTestObject("Generic/webObjectWithText", ["textValue":"Resolved"])): platform.Method.clickOnElement is PASSED&#xD;
&#xD;
2020-09-09 17:23:15 - [MESSAGE][PASSED] - platform.Method.clickOnElement is PASSED&#xD;
&#xD;
2020-09-09 17:23:15 - [TEST_STEP][PASSED] - sendKeys(findTestObject("Input/roomID", ["value":"room_id"]), roomID): Keys '1984572' sent to object: 'Object Repository/Input/roomID'&#xD;
&#xD;
2020-09-09 17:23:19 - [MESSAGE][PASSED] - Keys '1984572' sent to object: 'Object Repository/Input/roomID'&#xD;
&#xD;
2020-09-09 17:23:19 - [TEST_STEP][PASSED] - platform.Method.clickOnElement(findTestObject("Button/filter")): platform.Method.clickOnElement is PASSED&#xD;
&#xD;
2020-09-09 17:23:21 - [MESSAGE][PASSED] - platform.Method.clickOnElement is PASSED&#xD;
&#xD;
2020-09-09 17:23:21 - [TEST_STEP][PASSED] - verifyTextPresent(roomID, false, STOP_ON_FAILURE): Text '1984572' is present on page &#xD;
&#xD;
2020-09-09 17:23:25 - [MESSAGE][PASSED] - Text '1984572' is present on page</system-out>
            <system-err></system-err>
        </testcase>
        <testcase name="Test Cases/FAQ_SSO/partialMatchCurationByCreateNewArticle_Test" classname="Test Cases/FAQ_SSO/partialMatchCurationByCreateNewArticle_Test" status="PASSED">
            <system-out>2020-09-09 17:23:25 - [TEST_CASE][PASSED] - Test Cases/FAQ_SSO/partialMatchCurationByCreateNewArticle_Test: Test Cases/FAQ_SSO/partialMatchCurationByCreateNewArticle_Test&#xD;
&#xD;
2020-09-09 17:23:27 - [TEST_STEP][PASSED] - platform.Method.clickOnElement(findTestObject("Generic/articles")): platform.Method.clickOnElement is PASSED&#xD;
&#xD;
2020-09-09 17:23:29 - [MESSAGE][PASSED] - platform.Method.clickOnElement is PASSED&#xD;
&#xD;
2020-09-09 17:23:29 - [TEST_STEP][PASSED] - platform.Method.trainAndComment(comment): platform.Method.trainAndComment is PASSED&#xD;
&#xD;
2020-09-09 17:23:36 - [MESSAGE][INFO] - Unable to find the element located by 'By.xpath: //mat-icon[text()='sync' or text()='autorenew']'. Please recheck the objects properties to make sure the desired element is located. &#xD;
&#xD;
2020-09-09 17:23:36 - [MESSAGE][INFO] - BOT STATE IS TRAINED&#xD;
&#xD;
2020-09-09 17:23:36 - [MESSAGE][PASSED] - platform.Method.trainAndComment is PASSED&#xD;
&#xD;
2020-09-09 17:23:36 - [TEST_STEP][PASSED] - platform.Method.clickOnElement(findTestObject("Generic/curation")): platform.Method.clickOnElement is PASSED&#xD;
&#xD;
2020-09-09 17:23:39 - [MESSAGE][PASSED] - platform.Method.clickOnElement is PASSED&#xD;
&#xD;
2020-09-09 17:23:39 - [TEST_STEP][PASSED] - platform.Method.clickOnElement(findTestObject("Button/preview")): platform.Method.clickOnElement is PASSED&#xD;
&#xD;
2020-09-09 17:23:42 - [MESSAGE][PASSED] - platform.Method.clickOnElement is PASSED&#xD;
&#xD;
2020-09-09 17:23:42 - [TEST_STEP][PASSED] - sendKeys(findTestObject("Input/chatInput"), Keys.chord(userQuery, ENTER)): Keys 'ENTER + How can I know my credit card billing date?' sent to object: 'Object Repository/Input/chatInput'&#xD;
&#xD;
2020-09-09 17:23:45 - [MESSAGE][PASSED] - Keys 'ENTER + How can I know my credit card billing date?' sent to object: 'Object Repository/Input/chatInput'&#xD;
&#xD;
2020-09-09 17:23:45 - [TEST_STEP][PASSED] - waitForElementPresent(findTestObject("GenericII/getBotResponse", ["index":2]), 10, STOP_ON_FAILURE): Object 'Object Repository/GenericII/getBotResponse' is present&#xD;
&#xD;
2020-09-09 17:23:46 - [MESSAGE][PASSED] - Object 'Object Repository/GenericII/getBotResponse' is present&#xD;
&#xD;
2020-09-09 17:23:46 - [TEST_STEP][PASSED] - verifyElementText(findTestObject("GenericII/getBotResponse", ["index":2]), stringToCheck, OPTIONAL): Actual text and expected text of test object 'Object Repository/GenericII/getBotResponse' are matched.&#xD;
&#xD;
2020-09-09 17:23:49 - [MESSAGE][PASSED] - Actual text and expected text of test object 'Object Repository/GenericII/getBotResponse' are matched.&#xD;
&#xD;
2020-09-09 17:23:49 - [TEST_STEP][PASSED] - getRoomIdAt = new java.util.ArrayList(): null&#xD;
&#xD;
2020-09-09 17:23:49 - [TEST_STEP][PASSED] - getRoomIdAt = platform.Utility.getRoomID(): platform.Utility.getRoomID is PASSED&#xD;
&#xD;
2020-09-09 17:24:02 - [MESSAGE][PASSED] - platform.Utility.getRoomID is PASSED&#xD;
&#xD;
2020-09-09 17:24:02 - [TEST_STEP][PASSED] - platform.Method.clickOnElement(findTestObject("GenericII/minimize")): platform.Method.clickOnElement is PASSED&#xD;
&#xD;
2020-09-09 17:24:05 - [MESSAGE][PASSED] - platform.Method.clickOnElement is PASSED&#xD;
&#xD;
2020-09-09 17:24:05 - [TEST_STEP][PASSED] - platform.Method.clickOnElement(findTestObject("Generic/webObjectWithText", ["textValue":" Partial match "])): platform.Method.clickOnElement is PASSED&#xD;
&#xD;
2020-09-09 17:24:07 - [MESSAGE][PASSED] - platform.Method.clickOnElement is PASSED&#xD;
&#xD;
2020-09-09 17:24:07 - [TEST_STEP][PASSED] - verifyTextPresent("Partial match", false, STOP_ON_FAILURE): Text 'Partial match' is present on page &#xD;
&#xD;
2020-09-09 17:24:12 - [MESSAGE][PASSED] - Text 'Partial match' is present on page &#xD;
&#xD;
2020-09-09 17:24:12 - [TEST_STEP][PASSED] - roomID = get(0).toString(): null&#xD;
&#xD;
2020-09-09 17:24:12 - [TEST_STEP][PASSED] - sendKeys(findTestObject("Input/roomID", ["value":"room_id"]), roomID): Keys '1984651' sent to object: 'Object Repository/Input/roomID'&#xD;
&#xD;
2020-09-09 17:24:14 - [MESSAGE][PASSED] - Keys '1984651' sent to object: 'Object Repository/Input/roomID'&#xD;
&#xD;
2020-09-09 17:24:14 - [TEST_STEP][PASSED] - platform.Method.clickOnElement(findTestObject("Button/filter")): platform.Method.clickOnElement is PASSED&#xD;
&#xD;
2020-09-09 17:24:17 - [MESSAGE][PASSED] - platform.Method.clickOnElement is PASSED&#xD;
&#xD;
2020-09-09 17:24:17 - [TEST_STEP][PASSED] - try: platform.Method.clickOnElement is PASSED&#xD;
&#xD;
2020-09-09 17:24:17 - [TEST_STEP][PASSED] - waitForElementPresent(findTestObject("Button/addToNewArticle"), 20, OPTIONAL): Object 'Object Repository/Button/addToNewArticle' is present&#xD;
&#xD;
2020-09-09 17:24:18 - [MESSAGE][PASSED] - Object 'Object Repository/Button/addToNewArticle' is present&#xD;
&#xD;
2020-09-09 17:24:18 - [TEST_STEP][PASSED] - platform.Method.clickOnElement(findTestObject("Button/addToNewArticle")): platform.Method.clickOnElement is PASSED&#xD;
&#xD;
2020-09-09 17:24:21 - [MESSAGE][PASSED] - platform.Method.clickOnElement is PASSED&#xD;
&#xD;
2020-09-09 17:24:21 - [TEST_STEP][PASSED] - sendKeys(findTestObject("Input/textResponse"), newArticleResponse): Keys 'It’s all there in the credit card statement to see. Besides the transactions, you can also check the bill date and payment date on the statement. For example, YDFC Bank credit card statement shows the bill date and payment date at the top. The payment date, however, can also be seen below the transaction details. Bill date and payment date would actually be represented as Statement Date and Payment Due Date, respectively, on the statement.' sent to object: 'Object Repository/Input/textResponse'&#xD;
&#xD;
2020-09-09 17:24:39 - [MESSAGE][PASSED] - Keys 'It’s all there in the credit card statement to see. Besides the transactions, you can also check the bill date and payment date on the statement. For example, YDFC Bank credit card statement shows the bill date and payment date at the top. The payment date, however, can also be seen below the transaction details. Bill date and payment date would actually be represented as Statement Date and Payment Due Date, respectively, on the statement.' sent to object: 'Object Repository/Input/textResponse'&#xD;
&#xD;
2020-09-09 17:24:39 - [TEST_STEP][PASSED] - platform.Articles.saveAndTrainArticleToExistingCategory(" " + saveArticleTo + " "): platform.Articles.saveAndTrainArticleToExistingCategory is PASSED&#xD;
&#xD;
2020-09-09 17:24:49 - [MESSAGE][PASSED] - platform.Articles.saveAndTrainArticleToExistingCategory is PASSED&#xD;
&#xD;
2020-09-09 17:24:49 - [TEST_STEP][PASSED] - try: Object 'Object Repository/ICONS/toastMsg' is present&#xD;
&#xD;
2020-09-09 17:24:49 - [TEST_STEP][PASSED] - waitForElementPresent(findTestObject("ICONS/toastMsg"), 20, STOP_ON_FAILURE): Object 'Object Repository/ICONS/toastMsg' is present&#xD;
&#xD;
2020-09-09 17:24:57 - [MESSAGE][PASSED] - Object 'Object Repository/ICONS/toastMsg' is present&#xD;
&#xD;
2020-09-09 17:24:57 - [TEST_STEP][PASSED] - platform.Method.clickOnElement(findTestObject("Button/preview")): platform.Method.clickOnElement is PASSED&#xD;
&#xD;
2020-09-09 17:25:00 - [MESSAGE][PASSED] - platform.Method.clickOnElement is PASSED&#xD;
&#xD;
2020-09-09 17:25:00 - [TEST_STEP][PASSED] - sendKeys(findTestObject("Input/chatInput"), Keys.chord(userQuery, ENTER)): Keys 'ENTER + How can I know my credit card billing date?' sent to object: 'Object Repository/Input/chatInput'&#xD;
&#xD;
2020-09-09 17:25:03 - [MESSAGE][PASSED] - Keys 'ENTER + How can I know my credit card billing date?' sent to object: 'Object Repository/Input/chatInput'&#xD;
&#xD;
2020-09-09 17:25:03 - [TEST_STEP][PASSED] - waitForElementPresent(findTestObject("GenericII/getBotResponse", ["index":2]), 10): Object 'Object Repository/GenericII/getBotResponse' is present&#xD;
&#xD;
2020-09-09 17:25:04 - [MESSAGE][PASSED] - Object 'Object Repository/GenericII/getBotResponse' is present&#xD;
&#xD;
[...]
	at com.kms.katalon.core.webui.keyword.builtin.VerifyElementTextKeyword$_verifyElementText_closure1.call(VerifyElementTextKeyword.groovy)&#xD;
	at com.kms.katalon.core.webui.keyword.internal.WebUIKeywordMain.runKeyword(WebUIKeywordMain.groovy:20)&#xD;
	at com.kms.katalon.core.webui.keyword.builtin.VerifyElementTextKeyword.verifyElementText(VerifyElementTextKeyword.groovy:72)&#xD;
	at com.kms.katalon.core.webui.keyword.builtin.VerifyElementTextKeyword.execute(VerifyElementTextKeyword.groovy:40)&#xD;
	at com.kms.katalon.core.keyword.internal.KeywordExecutor.executeKeywordForPlatform(KeywordExecutor.groovy:56)&#xD;
	at com.kms.katalon.core.webui.keyword.WebUiBuiltInKeywords.verifyElementText(WebUiBuiltInKeywords.groovy:3647)&#xD;
	at com.kms.katalon.core.webui.keyword.WebUiBuiltInKeywords$verifyElementText$5.call(Unknown Source)&#xD;
	at customSynonymsE2E_Test.run(customSynonymsE2E_Test:54)&#xD;
	at com.kms.katalon.core.main.ScriptEngine.run(ScriptEngine.java:194)&#xD;
	at com.kms.katalon.core.main.ScriptEngine.runScriptAsRawText(ScriptEngine.java:119)&#xD;
	at com.kms.katalon.core.main.TestCaseExecutor.runScript(TestCaseExecutor.java:337)&#xD;
	at com.kms.katalon.core.main.TestCaseExecutor.doExecute(TestCaseExecutor.java:328)&#xD;
	at com.kms.katalon.core.main.TestCaseExecutor.processExecutionPhase(TestCaseExecutor.java:307)&#xD;
	at com.kms.katalon.core.main.TestCaseExecutor.accessMainPhase(TestCaseExecutor.java:299)&#xD;
	at com.kms.katalon.core.main.TestCaseExecutor.execute(TestCaseExecutor.java:233)&#xD;
	at com.kms.katalon.core.main.TestSuiteExecutor.accessTestCaseMainPhase(TestSuiteExecutor.java:169)&#xD;
	at com.kms.katalon.core.main.TestSuiteExecutor.accessTestSuiteMainPhase(TestSuiteExecutor.java:142)&#xD;
	at com.kms.katalon.core.main.TestSuiteExecutor.execute(TestSuiteExecutor.java:91)&#xD;
	at com.kms.katalon.core.main.TestCaseMain.startTestSuite(TestCaseMain.java:157)&#xD;
	at com.kms.katalon.core.main.TestCaseMain$startTestSuite$0.call(Unknown Source)&#xD;
	at TempTestSuite1599651612725.run(TempTestSuite1599651612725.groovy:35)&#xD;
)&#xD;
&#xD;
2020-09-09 17:37:19 - [MESSAGE][WARNING] - Actual text 'प्रधानमंत्री नरेंद्र मोदी ने कोरोना संकट के इस दौर में भारत की अर्थव्यवस्था को सुधारने के लिए 20 लाख करोड़ रुपये के राहत पैकेज का ऐलान किया था. इस पैकेज को आत्मनिर्भर भारत अभियान का नाम दिया गया है. प्रधानमंत्री नरेंद्र मोदी का कहना है कि इस बड़े राहत पैकेज से भारत में लोगों को कामकाज करने की सुविधा उपलब्ध कराई जाएगी और यह कोशिश की जाएगी कि अगले कुछ सालों में भारत अपनी जरूरत की अधिकतर चीजों के लिए खुद पर निर्भर हो जाए. इस हिसाब से अभियान का नाम आत्मनिर्भर भारत अभियान रखा गया है.' and expected text 'Sorry, I could not understand your message. Could you please rephrase that?' of test object 'Object Repository/GenericII/getBotResponse' are NOT matched. (Root cause: com.kms.katalon.core.exception.StepFailedException: Actual text 'प्रधानमंत्री नरेंद्र मोदी ने कोरोना संकट के इस दौर में भारत की अर्थव्यवस्था को सुधारने के लिए 20 लाख करोड़ रुपये के राहत पैकेज का ऐलान किया था. इस पैकेज को आत्मनिर्भर भारत अभियान का नाम दिया गया है. प्रधानमंत्री नरेंद्र मोदी का कहना है कि इस बड़े राहत पैकेज से भारत में लोगों को कामकाज करने की सुविधा उपलब्ध कराई जाएगी और यह कोशिश की जाएगी कि अगले कुछ सालों में भारत अपनी जरूरत की अधिकतर चीजों के लिए खुद पर निर्भर हो जाए. इस हिसाब से अभियान का नाम आत्मनिर्भर भारत अभियान रखा गया है.' and expected text 'Sorry, I could not understand your message. Could you please rephrase that?' of test object 'Object Repository/GenericII/getBotResponse' are NOT matched.&#xD;
	at com.kms.katalon.core.webui.keyword.internal.WebUIKeywordMain.stepFailed(WebUIKeywordMain.groovy:64)&#xD;
	at com.kms.katalon.core.webui.keyword.builtin.VerifyElementTextKeyword$_verifyElementText_closure1.doCall(VerifyElementTextKeyword.groovy:57)&#xD;
	at com.kms.katalon.core.webui.keyword.builtin.VerifyElementTextKeyword$_verifyElementText_closure1.call(VerifyElementTextKeyword.groovy)&#xD;
	at com.kms.katalon.core.webui.keyword.internal.WebUIKeywordMain.runKeyword(WebUIKeywordMain.groovy:20)&#xD;
	at com.kms.katalon.core.webui.keyword.builtin.VerifyElementTextKeyword.verifyElementText(VerifyElementTextKeyword.groovy:72)&#xD;
	at com.kms.katalon.core.webui.keyword.builtin.VerifyElementTextKeyword.execute(VerifyElementTextKeyword.groovy:40)&#xD;
	at com.kms.katalon.core.keyword.internal.KeywordExecutor.executeKeywordForPlatform(KeywordExecutor.groovy:56)&#xD;
	at com.kms.katalon.core.webui.keyword.WebUiBuiltInKeywords.verifyElementText(WebUiBuiltInKeywords.groovy:3647)&#xD;
	at com.kms.katalon.core.webui.keyword.WebUiBuiltInKeywords$verifyElementText$5.call(Unknown Source)&#xD;
	at customSynonymsE2E_Test.run(customSynonymsE2E_Test:54)&#xD;
	at com.kms.katalon.core.main.ScriptEngine.run(ScriptEngine.java:194)&#xD;
	at com.kms.katalon.core.main.ScriptEngine.runScriptAsRawText(ScriptEngine.java:119)&#xD;
	at com.kms.katalon.core.main.TestCaseExecutor.runScript(TestCaseExecutor.java:337)&#xD;
	at com.kms.katalon.core.main.TestCaseExecutor.doExecute(TestCaseExecutor.java:328)&#xD;
	at com.kms.katalon.core.main.TestCaseExecutor.processExecutionPhase(TestCaseExecutor.java:307)&#xD;
	at com.kms.katalon.core.main.TestCaseExecutor.accessMainPhase(TestCaseExecutor.java:299)&#xD;
	at com.kms.katalon.core.main.TestCaseExecutor.execute(TestCaseExecutor.java:233)&#xD;
	at com.kms.katalon.core.main.TestSuiteExecutor.accessTestCaseMainPhase(TestSuiteExecutor.java:169)&#xD;
	at com.kms.katalon.core.main.TestSuiteExecutor.accessTestSuiteMainPhase(TestSuiteExecutor.java:142)&#xD;
	at com.kms.katalon.core.main.TestSuiteExecutor.execute(TestSuiteExecutor.java:91)&#xD;
	at com.kms.katalon.core.main.TestCaseMain.startTestSuite(TestCaseMain.java:157)&#xD;
	at com.kms.katalon.core.main.TestCaseMain$startTestSuite$0.call(Unknown Source)&#xD;
	at TempTestSuite1599651612725.run(TempTestSuite1599651612725.groovy:35)&#xD;
)&#xD;
[[ATTACHMENT|D:\\IMIbot.ai-Project\\Reports\\20200909_171012\\FAQ_SSO\\20200909_171012\\1599653237843.png]]&#xD;
&#xD;
2020-09-09 17:37:19 - [TEST_STEP][PASSED] - platform.Method.clickOnElement(findTestObject("GenericII/minimize")): platform.Method.clickOnElement is PASSED&#xD;
&#xD;
2020-09-09 17:37:21 - [MESSAGE][PASSED] - platform.Method.clickOnElement is PASSED&#xD;
&#xD;
2020-09-09 17:37:21 - [TEST_STEP][PASSED] - platform.Method.clickOnElement(findTestObject("Generic/webObjectWithText", ["textValue":"Custom synonyms"])): platform.Method.clickOnElement is PASSED&#xD;
&#xD;
2020-09-09 17:37:23 - [MESSAGE][PASSED] - platform.Method.clickOnElement is PASSED&#xD;
&#xD;
2020-09-09 17:37:23 - [TEST_STEP][PASSED] - platform.Method.clickOnElement(findTestObject("Button/rootword")): platform.Method.clickOnElement is PASSED&#xD;
&#xD;
2020-09-09 17:37:25 - [MESSAGE][PASSED] - platform.Method.clickOnElement is PASSED&#xD;
&#xD;
2020-09-09 17:37:25 - [TEST_STEP][PASSED] - testData = findTestData("Data Files/testData_FAQ"): null&#xD;
&#xD;
2020-09-09 17:37:26 - [TEST_STEP][PASSED] - setText(findTestObject("Input/valueOfSynonym"), Keys.chord(testData.getValue("custom_syn_value", 1), ENTER)): Text 'ENTER + Hello' is set on object 'Object Repository/Input/valueOfSynonym'&#xD;
&#xD;
2020-09-09 17:37:29 - [MESSAGE][PASSED] - Text 'ENTER + Hello' is set on object 'Object Repository/Input/valueOfSynonym'&#xD;
&#xD;
2020-09-09 17:37:29 - [TEST_STEP][PASSED] - for ([count = 1, count &lt;= testData.getRowNumbers(), (count++)]): null&#xD;
&#xD;
2020-09-09 17:37:29 - [TEST_STEP][PASSED] - if (testData.getValue("synonyms", count) != ""): Text 'ENTER + Bonjour.' is set on object 'Object Repository/Input/synonyms'&#xD;
&#xD;
2020-09-09 17:37:29 - [TEST_STEP][PASSED] - setText(findTestObject("Input/synonyms", ["index":1]), Keys.chord(testData.getValue("synonyms", count), ENTER)): Text 'ENTER + Bonjour.' is set on object 'Object Repository/Input/synonyms'&#xD;
&#xD;
2020-09-09 17:37:32 - [MESSAGE][PASSED] - Text 'ENTER + Bonjour.' is set on object 'Object Repository/Input/synonyms'&#xD;
&#xD;
2020-09-09 17:37:32 - [TEST_STEP][PASSED] - if (testData.getValue("synonyms", count) != ""): Text 'ENTER + Hoi.H@llo' is set on object 'Object Repository/Input/synonyms'&#xD;
&#xD;
2020-09-09 17:37:32 - [TEST_STEP][PASSED] - setText(findTestObject("Input/synonyms", ["index":1]), Keys.chord(testData.getValue("synonyms", count), ENTER)): Text 'ENTER + Hoi.H@llo' is set on object 'Object Repository/Input/synonyms'&#xD;
&#xD;
2020-09-09 17:37:35 - [MESSAGE][PASSED] - Text 'ENTER + Hoi.H@llo' is set on object 'Object Repository/Input/synonyms'&#xD;
&#xD;
2020-09-09 17:37:35 - [TEST_STEP][PASSED] - if (testData.getValue("synonyms", count) != ""): Text 'ENTER + ¿Qué tal?' is set on object 'Object Repository/Input/synonyms'&#xD;
&#xD;
2020-09-09 17:37:35 - [TEST_STEP][PASSED] - setText(findTestObject("Input/synonyms", ["index":1]), Keys.chord(testData.getValue("synonyms", count), ENTER)): Text 'ENTER + ¿Qué tal?' is set on object 'Object Repository/Input/synonyms'&#xD;
&#xD;
2020-09-09 17:37:39 - [MESSAGE][PASSED] - Text 'ENTER + ¿Qué tal?' is set on object 'Object Repository/Input/synonyms'&#xD;
&#xD;
2020-09-09 17:37:39 - [TEST_STEP][PASSED] - if (testData.getValue("synonyms", count) != ""): Text 'ENTER + नमस्ते,' is set on object 'Object Repository/Input/synonyms'&#xD;
&#xD;
2020-09-09 17:37:39 - [TEST_STEP][PASSED] - setText(findTestObject("Input/synonyms", ["index":1]), Keys.chord(testData.getValue("synonyms", count), ENTER)): Text 'ENTER + नमस्ते,' is set on object 'Object Repository/Input/synonyms'&#xD;
&#xD;
2020-09-09 17:37:42 - [MESSAGE][PASSED] - Text 'ENTER + नमस्ते,' is set on object 'Object Repository/Input/synonyms'&#xD;
&#xD;
2020-09-09 17:37:42 - [TEST_STEP][PASSED] - if (testData.getValue("synonyms", count) != ""): null&#xD;
&#xD;
2020-09-09 17:37:42 - [TEST_STEP][PASSED] - else: null&#xD;
&#xD;
2020-09-09 17:37:42 - [TEST_STEP][PASSED] - break: null&#xD;
&#xD;
2020-09-09 17:37:42 - [TEST_STEP][PASSED] - platform.Method.clickOnElement(findTestObject("Button/importIcon")): platform.Method.clickOnElement is PASSED&#xD;
&#xD;
2020-09-09 17:37:44 - [MESSAGE][PASSED] - platform.Method.clickOnElement is PASSED&#xD;
&#xD;
2020-09-09 17:37:44 - [TEST_STEP][PASSED] - platform.Method.uploadCsvFile(false, "faqSynonyms.csv"): platform.Method.uploadCsvFile is PASSED&#xD;
&#xD;
2020-09-09 17:37:44 - [MESSAGE][INFO] - PREVIOUS DATA NOT BE OVERRIDDEN&#xD;
&#xD;
2020-09-09 17:37:46 - [MESSAGE][PASSED] - File 'D:/IMIbot.ai-Project/Collection/faqSynonyms.csv' sent to object: 'Object Repository/Input/uploadFile'&#xD;
&#xD;
2020-09-09 17:37:48 - [MESSAGE][PASSED] - platform.Method.uploadCsvFile is PASSED&#xD;
&#xD;
2020-09-09 17:37:48 - [TEST_STEP][PASSED] - delay(2): Delayed 2 second(s)&#xD;
&#xD;
2020-09-09 17:37:50 - [MESSAGE][PASSED] - Delayed 2 second(s)&#xD;
&#xD;
2020-09-09 17:37:50 - [TEST_STEP][PASSED] - platform.Method.clickOnElement(findTestObject("Button/btnDeleteChipOrRow", ["chipValue":" \@unwell ", "option":"cancel "])): platform.Method.clickOnElement is PASSED&#xD;
&#xD;
2020-09-09 17:37:52 - [MESSAGE][PASSED] - platform.Method.clickOnElement is PASSED&#xD;
&#xD;
2020-09-09 17:37:52 - [TEST_STEP][PASSED] - setText(findTestObject("Input/searchCustomSyn"), "FEELING GOOD"): Text 'FEELING GOOD' is set on object 'Object Repository/Input/searchCustomSyn'&#xD;
&#xD;
2020-09-09 17:37:56 - [MESSAGE][PASSED] - Text 'FEELING GOOD' is set on object 'Object Repository/Input/searchCustomSyn'&#xD;
&#xD;
2020-09-09 17:37:56 - [TEST_STEP][PASSED] - verifyElementPresent(findTestObject("ICONS/matChip", ["chipValue":" un-happy "]), 10, STOP_ON_FAILURE): Object 'Object Repository/ICONS/matChip' is present&#xD;
&#xD;
2020-09-09 17:37:57 - [MESSAGE][PASSED] - Object 'Object Repository/ICONS/matChip' is present&#xD;
&#xD;
2020-09-09 17:37:57 - [TEST_STEP][PASSED] - platform.Method.clickOnElement(findTestObject("Button/save", ["value":"Save"])): platform.Method.clickOnElement is PASSED&#xD;
&#xD;
2020-09-09 17:37:59 - [MESSAGE][PASSED] - platform.Method.clickOnElement is PASSED&#xD;
&#xD;
2020-09-09 17:37:59 - [TEST_STEP][PASSED] - verifyElementText(findTestObject("Generic/articleState"), "Saved", STOP_ON_FAILURE): Actual text and expected text of test object 'Object Repository/Generic/articleState' are matched.&#xD;
&#xD;
2020-09-09 17:38:01 - [MESSAGE][PASSED] - Actual text and expected text of test object 'Object Repository/Generic/articleState' are matched.&#xD;
&#xD;
2020-09-09 17:38:01 - [TEST_STEP][PASSED] - platform.Method.trainAndComment(testData.getValue("comment", 8)): platform.Method.trainAndComment is PASSED&#xD;
&#xD;
2020-09-09 17:38:08 - [MESSAGE][PASSED] - Keys 'added custom synonym' sent to object: 'Object Repository/Input/comment'&#xD;
&#xD;
2020-09-09 17:38:10 - [MESSAGE][PASSED] - platform.Method.trainAndComment is PASSED&#xD;
&#xD;
2020-09-09 17:38:10 - [TEST_STEP][PASSED] - waitForElementPresent(findTestObject("ICONS/toastMsg"), 20, OPTIONAL): Object 'Object Repository/ICONS/toastMsg' is present&#xD;
&#xD;
2020-09-09 17:38:16 - [MESSAGE][PASSED] - Object 'Object Repository/ICONS/toastMsg' is present&#xD;
&#xD;
2020-09-09 17:38:16 - [TEST_STEP][PASSED] - platform.Method.clickOnElement(findTestObject("Button/preview")): platform.Method.clickOnElement is PASSED&#xD;
&#xD;
2020-09-09 17:38:18 - [MESSAGE][PASSED] - platform.Method.clickOnElement is PASSED&#xD;
&#xD;
2020-09-09 17:38:18 - [TEST_STEP][PASSED] - sendKeys(findTestObject("Input/chatInput"), Keys.chord("आत्मावलम्बी भारतवर्ष अभियान से जुड़े लाभ क्या हैं", ENTER)): Keys 'ENTER + आत्मावलम्बी भारतवर्ष अभियान से जुड़े लाभ क्या हैं' sent to object: 'Object Repository/Input/chatInput'&#xD;
&#xD;
2020-09-09 17:38:21 - [MESSAGE][PASSED] - Keys 'ENTER + आत्मावलम्बी भारतवर्ष अभियान से जुड़े लाभ क्या हैं' sent to object: 'Object Repository/Input/chatInput'&#xD;
&#xD;
2020-09-09 17:38:21 - [TEST_STEP][PASSED] - delay(2): Delayed 2 second(s)&#xD;
&#xD;
2020-09-09 17:38:23 - [MESSAGE][PASSED] - Delayed 2 second(s)&#xD;
&#xD;
2020-09-09 17:38:23 - [TEST_STEP][PASSED] - verifyElementText(findTestObject("GenericII/getBotResponse", ["index":2]), testData.getValue("bot_answer", 1), STOP_ON_FAILURE): Actual text and expected text of test object 'Object Repository/GenericII/getBotResponse' are matched.&#xD;
&#xD;
2020-09-09 17:38:25 - [MESSAGE][PASSED] - Actual text and expected text of test object 'Object Repository/GenericII/getBotResponse' are matched.&#xD;
&#xD;
2020-09-09 17:38:25 - [TEST_STEP][PASSED] - platform.Method.clickOnElement(findTestObject("Button/upvote")): platform.Method.clickOnElement is PASSED&#xD;
&#xD;
2020-09-09 17:38:27 - [MESSAGE][PASSED] - platform.Method.clickOnElement is PASSED&#xD;
&#xD;
2020-09-09 17:38:27 - [TEST_STEP][PASSED] - sendKeys(findTestObject("Input/chatInput"), Keys.chord("سحب خدمة الإخطار", ENTER)): Keys 'ENTER + سحب خدمة الإخطار' sent to object: 'Object Repository/Input/chatInput'&#xD;
&#xD;
2020-09-09 17:38:30 - [MESSAGE][PASSED] - Keys 'ENTER + سحب خدمة الإخطار' sent to object: 'Object Repository/Input/chatInput'&#xD;
&#xD;
2020-09-09 17:38:30 - [TEST_STEP][PASSED] - delay(2): Delayed 2 second(s)&#xD;
&#xD;
2020-09-09 17:38:32 - [MESSAGE][PASSED] - Delayed 2 second(s)&#xD;
&#xD;
2020-09-09 17:38:32 - [TEST_STEP][PASSED] - verifyElementText(findTestObject("GenericII/getBotResponse", ["index":3]), testData.getValue("bot_answer", 2), STOP_ON_FAILURE): Actual text and expected text of test object 'Object Repository/GenericII/getBotResponse' are matched.&#xD;
&#xD;
2020-09-09 17:38:34 - [MESSAGE][PASSED] - Actual text and expected text of test object 'Object Repository/GenericII/getBotResponse' are matched.&#xD;
&#xD;
2020-09-09 17:38:34 - [TEST_STEP][PASSED] - sendKeys(findTestObject("Input/chatInput"), Keys.chord("नमस्ते,", ENTER)): Keys 'ENTER + नमस्ते,' sent to object: 'Object Repository/Input/chatInput'&#xD;
&#xD;
2020-09-09 17:38:36 - [MESSAGE][PASSED] - Keys 'ENTER + नमस्ते,' sent to object: 'Object Repository/Input/chatInput'&#xD;
&#xD;
2020-09-09 17:38:36 - [TEST_STEP][PASSED] - delay(2): Delayed 2 second(s)&#xD;
&#xD;
2020-09-09 17:38:38 - [MESSAGE][PASSED] - Delayed 2 second(s)&#xD;
&#xD;
2020-09-09 17:38:38 - [TEST_STEP][PASSED] - verifyElementText(findTestObject("GenericII/getBotResponse", ["index":4]), testData.getValue("bot_answer", 3), STOP_ON_FAILURE): Actual text and expected text of test object 'Object Repository/GenericII/getBotResponse' are matched.&#xD;
&#xD;
2020-09-09 17:38:40 - [MESSAGE][PASSED] - Actual text and expected text of test object 'Object Repository/GenericII/getBotResponse' are matched.&#xD;
&#xD;
2020-09-09 17:38:40 - [TEST_STEP][PASSED] - sendKeys(findTestObject("Input/chatInput"), Keys.chord("show me some re@l-est@ate", ENTER)): Keys 'ENTER + show me some re@l-est@ate' sent to object: 'Object Repository/Input/chatInput'&#xD;
&#xD;
2020-09-09 17:38:43 - [MESSAGE][PASSED] - Keys 'ENTER + show me some re@l-est@ate' sent to object: 'Object Repository/Input/chatInput'&#xD;
&#xD;
2020-09-09 17:38:43 - [TEST_STEP][PASSED] - delay(2): Delayed 2 second(s)&#xD;
&#xD;
2020-09-09 17:38:45 - [MESSAGE][PASSED] - Delayed 2 second(s)&#xD;
&#xD;
2020-09-09 17:38:45 - [TEST_STEP][PASSED] - verifyElementText(findTestObject("NewRepo/bannerTitle", ["index":2]), "Residential serviced apartment", STOP_ON_FAILURE): Actual text and expected text of test object 'Object Repository/NewRepo/bannerTitle' are matched.&#xD;
&#xD;
2020-09-09 17:38:47 - [MESSAGE][PASSED] - Actual text and expected text of test object 'Object Repository/NewRepo/bannerTitle' are matched.&#xD;
&#xD;
2020-09-09 17:38:47 - [TEST_STEP][PASSED] - platform.Method.clickOnElement(findTestObject("GenericII/minimize")): platform.Method.clickOnElement is PASSED&#xD;
&#xD;
2020-09-09 17:38:49 - [MESSAGE][PASSED] - platform.Method.clickOnElement is PASSED&#xD;
&#xD;
2020-09-09 17:38:49 - [TEST_STEP][PASSED] - platform.Method.clickOnElement(findTestObject("ICONS/clearSearch")): platform.Method.clickOnElement is PASSED&#xD;
&#xD;
2020-09-09 17:38:51 - [MESSAGE][PASSED] - platform.Method.clickOnElement is PASSED&#xD;
&#xD;
2020-09-09 17:38:51 - [TEST_STEP][PASSED] - platform.Method.clickOnElement(findTestObject("Button/btnDeleteChipOrRow", ["chipValue":" आन्दोलन ", "option":" close "])): platform.Method.clickOnElement is PASSED&#xD;
&#xD;
2020-09-09 17:38:53 - [MESSAGE][PASSED] - platform.Method.clickOnElement is PASSED&#xD;
&#xD;
2020-09-09 17:38:53 - [TEST_STEP][PASSED] - setText(findTestObject("Input/synonyms", ["index":2]), Keys.chord("help7less", ENTER)): Text 'ENTER + help7less' is set on object 'Object Repository/Input/synonyms'&#xD;
&#xD;
2020-09-09 17:38:57 - [MESSAGE][PASSED] - Text 'ENTER + help7less' is set on object 'Object Repository/Input/synonyms'&#xD;
&#xD;
2020-09-09 17:38:57 - [TEST_STEP][PASSED] - setText(findTestObject("Input/searchCustomSyn"), "7LeSS"): Text '7LeSS' is set on object 'Object Repository/Input/searchCustomSyn'&#xD;
&#xD;
2020-09-09 17:39:00 - [MESSAGE][PASSED] - Text '7LeSS' is set on object 'Object Repository/Input/searchCustomSyn'&#xD;
&#xD;
2020-09-09 17:39:00 - [TEST_STEP][PASSED] - verifyElementPresent(findTestObject("ICONS/matChip", ["chipValue":" help7less "]), 10, STOP_ON_FAILURE): Object 'Object Repository/ICONS/matChip' is present&#xD;
&#xD;
2020-09-09 17:39:01 - [MESSAGE][PASSED] - Object 'Object Repository/ICONS/matChip' is present&#xD;
&#xD;
2020-09-09 17:39:01 - [TEST_STEP][PASSED] - platform.Method.clickOnElement(findTestObject("Button/save", ["value":"Save"])): platform.Method.clickOnElement is PASSED&#xD;
&#xD;
2020-09-09 17:39:03 - [MESSAGE][PASSED] - platform.Method.clickOnElement is PASSED</system-out>
            <system-err></system-err>
        </testcase>
        <system-out>2020-09-09 17:10:25 - [TEST_SUITE][INCOMPLETE] - FAQ_SSO: null</system-out>
        <system-err>2020-09-09 17:10:25 - [TEST_SUITE][INCOMPLETE] - FAQ_SSO: null</system-err>
    </testsuite>
</testsuites>
