<?xml version="1.0" encoding="UTF-8" standalone="yes"?>
<testsuites name="TASK_SSO" time="1885" tests="18" failures="1" errors="1">
    <testsuite name="TASK_SSO" tests="18" failures="1" errors="1" time="1885" timestamp="2021-02-09 10:28:37" hostname="narendra.n - WLPT580.imidomain.com" id="Test Suites/TASK_SSO">
        <properties>
            <property name="deviceName" value=""/>
            <property name="devicePlatform" value=""/>
            <property name="logFolder" value="D:\\2021\\IMIbot.ai-Project\\Reports\\20210209_102826\\TASK_SSO\\20210209_102826"/>
            <property name="logFiles" value="D:\\2021\\IMIbot.ai-Project\\Reports\\20210209_102826\\TASK_SSO\\20210209_102826\\execution0.log"/>
            <property name="attachments" value="D:\\2021\\IMIbot.ai-Project\\Reports\\20210209_102826\\TASK_SSO\\20210209_102826\\1612847449303.png, D:\\2021\\IMIbot.ai-Project\\Reports\\20210209_102826\\TASK_SSO\\20210209_102826\\1612847657271.png"/>
            <property name="hostName" value="narendra.n - WLPT580.imidomain.com"/>
            <property name="os" value="Windows 8.1 64bit"/>
            <property name="katalonVersion" value="6.3.3.11"/>
            <property name="browser" value="Chrome 88.0.4324.146"/>
            <property name="hostAddress" value="192.168.1.6"/>
            <property name="sessionId" value="085cdea3f427f83303a1a7d1bac255c4"/>
            <property name="seleniumVersion" value="3.141.59"/>
            <property name="proxyInformation" value="ProxyInformation{proxyOption=NO_PROXY, proxyServerType=HTTP, password=, proxyServerAddress=, proxyServerPort=0}"/>
            <property name="platform" value="Windows 8.1"/>
        </properties>
        <testcase name="Test Cases/TASK_SSO/botCreation_Test" classname="Test Cases/TASK_SSO/botCreation_Test" status="PASSED">
            <system-out>2021-02-09 10:29:16 - [TEST_CASE][PASSED] - Test Cases/TASK_SSO/botCreation_Test: Test Cases/TASK_SSO/botCreation_Test&#xD;
&#xD;
2021-02-09 10:29:16 - [TEST_STEP][PASSED] - platform.Method.clickOnElement(findTestObject("Generic/webObjectWithText", ["textValue":"Task bots"])): platform.Method.clickOnElement is PASSED&#xD;
&#xD;
2021-02-09 10:29:19 - [MESSAGE][PASSED] - platform.Method.clickOnElement is PASSED&#xD;
&#xD;
2021-02-09 10:29:19 - [TEST_STEP][PASSED] - platform.Method.clickOnElement(findTestObject("Button/createBot")): platform.Method.clickOnElement is PASSED&#xD;
&#xD;
2021-02-09 10:29:22 - [MESSAGE][PASSED] - platform.Method.clickOnElement is PASSED&#xD;
&#xD;
2021-02-09 10:29:22 - [TEST_STEP][PASSED] - sendKeys(findTestObject("Input/botName"), nameOfTheBot): Keys 'TASK 2021 HF' sent to object: 'Object Repository/Input/botName'&#xD;
&#xD;
2021-02-09 10:29:26 - [MESSAGE][PASSED] - Keys 'TASK 2021 HF' sent to object: 'Object Repository/Input/botName'&#xD;
&#xD;
2021-02-09 10:29:26 - [TEST_STEP][PASSED] - platform.Method.clickOnElement(findTestObject("Toggle/feedback")): platform.Method.clickOnElement is PASSED&#xD;
&#xD;
2021-02-09 10:29:28 - [MESSAGE][PASSED] - platform.Method.clickOnElement is PASSED&#xD;
&#xD;
2021-02-09 10:29:28 - [TEST_STEP][PASSED] - platform.Method.clickOnElement(findTestObject("Button/done")): platform.Method.clickOnElement is PASSED&#xD;
&#xD;
2021-02-09 10:29:30 - [MESSAGE][PASSED] - platform.Method.clickOnElement is PASSED&#xD;
&#xD;
2021-02-09 10:29:30 - [TEST_STEP][PASSED] - waitForElementVisible(findTestObject("Generic/modelState"), 60, OPTIONAL): Object 'Object Repository/Generic/modelState' is visible&#xD;
&#xD;
2021-02-09 10:29:37 - [MESSAGE][PASSED] - Object 'Object Repository/Generic/modelState' is visible&#xD;
&#xD;
2021-02-09 10:29:37 - [TEST_STEP][PASSED] - if (!(verifyElementText(findTestObject("Generic/modelState"), "Trained", OPTIONAL))): Actual text and expected text of test object 'Object Repository/Generic/modelState' are matched.&#xD;
&#xD;
2021-02-09 10:29:40 - [MESSAGE][PASSED] - Actual text and expected text of test object 'Object Repository/Generic/modelState' are matched.</system-out>
            <system-err></system-err>
        </testcase>
        <testcase name="Test Cases/TASK_SSO/botCardPreview_Test" classname="Test Cases/TASK_SSO/botCardPreview_Test" status="PASSED">
            <system-out>2021-02-09 10:29:40 - [TEST_CASE][PASSED] - Test Cases/TASK_SSO/botCardPreview_Test: Test Cases/TASK_SSO/botCardPreview_Test&#xD;
&#xD;
2021-02-09 10:29:40 - [TEST_STEP][PASSED] - platform.Method.clickOnElement(findTestObject("Generic/imiLogo")): platform.Method.clickOnElement is PASSED&#xD;
&#xD;
2021-02-09 10:29:42 - [MESSAGE][PASSED] - platform.Method.clickOnElement is PASSED&#xD;
&#xD;
2021-02-09 10:29:42 - [TEST_STEP][PASSED] - waitForElementVisible(findTestObject("Button/createBot"), 20, OPTIONAL): Object 'Object Repository/Button/createBot' is visible&#xD;
&#xD;
2021-02-09 10:29:50 - [MESSAGE][PASSED] - Object 'Object Repository/Button/createBot' is visible&#xD;
&#xD;
2021-02-09 10:29:50 - [TEST_STEP][PASSED] - platform.Method.clickOnElement(findTestObject("Generic/webObjectWithText", ["textValue":"Task bots"])): platform.Method.clickOnElement is PASSED&#xD;
&#xD;
2021-02-09 10:29:53 - [MESSAGE][PASSED] - platform.Method.clickOnElement is PASSED&#xD;
&#xD;
2021-02-09 10:29:53 - [TEST_STEP][PASSED] - waitForElementVisible(findTestObject("Button/createBot"), 20, OPTIONAL): Object 'Object Repository/Button/createBot' is visible&#xD;
&#xD;
2021-02-09 10:29:56 - [MESSAGE][PASSED] - Object 'Object Repository/Button/createBot' is visible&#xD;
&#xD;
2021-02-09 10:29:56 - [TEST_STEP][PASSED] - platform.Preview.startBotCardPreview("Task bots", TASK_BOT): platform.Preview.startBotCardPreview is PASSED&#xD;
&#xD;
2021-02-09 10:30:25 - [MESSAGE][PASSED] - platform.Preview.startBotCardPreview is PASSED&#xD;
&#xD;
2021-02-09 10:30:25 - [TEST_STEP][PASSED] - waitForElementPresent(findTestObject("Input/chatInput"), 5, OPTIONAL): Object 'Object Repository/Input/chatInput' is present&#xD;
&#xD;
2021-02-09 10:30:27 - [MESSAGE][PASSED] - Object 'Object Repository/Input/chatInput' is present&#xD;
&#xD;
2021-02-09 10:30:27 - [TEST_STEP][PASSED] - sendKeys(findTestObject("Input/chatInput"), Keys.chord(userQuery, ENTER), STOP_ON_FAILURE): Keys 'ENTER + how can you help me?' sent to object: 'Object Repository/Input/chatInput'&#xD;
&#xD;
2021-02-09 10:30:29 - [MESSAGE][PASSED] - Keys 'ENTER + how can you help me?' sent to object: 'Object Repository/Input/chatInput'&#xD;
&#xD;
2021-02-09 10:30:29 - [TEST_STEP][PASSED] - delay(3): Delayed 3 second(s)&#xD;
&#xD;
2021-02-09 10:30:32 - [MESSAGE][PASSED] - Delayed 3 second(s)&#xD;
&#xD;
2021-02-09 10:30:32 - [TEST_STEP][PASSED] - platform.Preview.verifyBotResponse(stringToCheck): YOUR TEXT HAS A MATCH&#xD;
&#xD;
2021-02-09 10:30:35 - [MESSAGE][PASSED] - Delayed 3 second(s)&#xD;
&#xD;
2021-02-09 10:30:39 - [MESSAGE][PASSED] - YOUR TEXT HAS A MATCH&#xD;
&#xD;
2021-02-09 10:30:39 - [TEST_STEP][PASSED] - platform.Method.clickOnElement(findTestObject("GenericII/minimize")): platform.Method.clickOnElement is PASSED&#xD;
&#xD;
2021-02-09 10:30:41 - [MESSAGE][PASSED] - platform.Method.clickOnElement is PASSED</system-out>
            <system-err></system-err>
        </testcase>
        <testcase name="Test Cases/TASK_SSO/botCardMenu_Test" classname="Test Cases/TASK_SSO/botCardMenu_Test" status="PASSED">
            <system-out>2021-02-09 10:30:41 - [TEST_CASE][PASSED] - Test Cases/TASK_SSO/botCardMenu_Test: Test Cases/TASK_SSO/botCardMenu_Test&#xD;
&#xD;
2021-02-09 10:30:42 - [TEST_STEP][PASSED] - botCardOptions = platform.Method.verifyBotCardMenu("Task bots", TASK_BOT): platform.Method.verifyBotCardMenu is PASSED&#xD;
&#xD;
2021-02-09 10:30:48 - [MESSAGE][PASSED] - Object 'Object Repository/Button/botCardPreview' is present&#xD;
&#xD;
2021-02-09 10:30:51 - [MESSAGE][PASSED] - Object: 'Object Repository/Button/botCardMenu' is hovered&#xD;
&#xD;
2021-02-09 10:30:59 - [MESSAGE][PASSED] - platform.Method.verifyBotCardMenu is PASSED&#xD;
&#xD;
2021-02-09 10:30:59 - [TEST_STEP][PASSED] - verifyElementPresent(findTestObject("Generic/webObjectWithText", ["textValue":"Copy Preview Link"]), 5, STOP_ON_FAILURE): Object 'Object Repository/Generic/webObjectWithText' is present&#xD;
&#xD;
2021-02-09 10:31:00 - [MESSAGE][PASSED] - Object 'Object Repository/Generic/webObjectWithText' is present&#xD;
&#xD;
2021-02-09 10:31:00 - [TEST_STEP][PASSED] - assert botCardOptions.containsAll(BOT_CARD_OPTION) == true: null&#xD;
&#xD;
2021-02-09 10:31:00 - [TEST_STEP][PASSED] - platform.Method.clickOnElement(findTestObject("Generic/webObjectWithText", ["textValue":TASK_BOT])): platform.Method.clickOnElement is PASSED&#xD;
&#xD;
2021-02-09 10:31:03 - [MESSAGE][PASSED] - platform.Method.clickOnElement is PASSED&#xD;
&#xD;
2021-02-09 10:31:03 - [TEST_STEP][PASSED] - waitForElementPresent(findTestObject("Generic/webObjectWithText", ["textValue":"Bot configuration"]), 10, STOP_ON_FAILURE): Object 'Object Repository/Generic/webObjectWithText' is present&#xD;
&#xD;
2021-02-09 10:31:05 - [MESSAGE][PASSED] - Object 'Object Repository/Generic/webObjectWithText' is present&#xD;
&#xD;
2021-02-09 10:31:05 - [TEST_STEP][PASSED] - platform.Method.clickOnElement(findTestObject("Generic/nlp")): platform.Method.clickOnElement is PASSED&#xD;
&#xD;
2021-02-09 10:31:08 - [MESSAGE][PASSED] - platform.Method.clickOnElement is PASSED&#xD;
&#xD;
2021-02-09 10:31:08 - [TEST_STEP][PASSED] - waitForElementPresent(findTestObject("Generic/webObjectWithText", ["textValue":"Input recognition"]), 10, STOP_ON_FAILURE): Object 'Object Repository/Generic/webObjectWithText' is present&#xD;
&#xD;
2021-02-09 10:31:09 - [MESSAGE][PASSED] - Object 'Object Repository/Generic/webObjectWithText' is present&#xD;
&#xD;
2021-02-09 10:31:09 - [TEST_STEP][PASSED] - platform.Method.clickOnElement(findTestObject("Generic/training")): platform.Method.clickOnElement is PASSED&#xD;
&#xD;
2021-02-09 10:31:11 - [MESSAGE][PASSED] - platform.Method.clickOnElement is PASSED&#xD;
&#xD;
2021-02-09 10:31:11 - [TEST_STEP][PASSED] - waitForElementPresent(findTestObject("Generic/webObjectWithText", ["textValue":"Training data"]), 10, STOP_ON_FAILURE): Object 'Object Repository/Generic/webObjectWithText' is present&#xD;
&#xD;
2021-02-09 10:31:12 - [MESSAGE][PASSED] - Object 'Object Repository/Generic/webObjectWithText' is present&#xD;
&#xD;
2021-02-09 10:31:12 - [TEST_STEP][PASSED] - platform.Method.clickOnElement(findTestObject("Generic/response")): platform.Method.clickOnElement is PASSED&#xD;
&#xD;
2021-02-09 10:31:15 - [MESSAGE][PASSED] - platform.Method.clickOnElement is PASSED&#xD;
&#xD;
2021-02-09 10:31:15 - [TEST_STEP][PASSED] - waitForElementPresent(findTestObject("Generic/webObjectWithText", ["textValue":"Responses"]), 10, STOP_ON_FAILURE): Object 'Object Repository/Generic/webObjectWithText' is present&#xD;
&#xD;
2021-02-09 10:31:16 - [MESSAGE][PASSED] - Object 'Object Repository/Generic/webObjectWithText' is present&#xD;
&#xD;
2021-02-09 10:31:16 - [TEST_STEP][PASSED] - platform.Method.clickOnElement(findTestObject("Generic/curation")): platform.Method.clickOnElement is PASSED&#xD;
&#xD;
2021-02-09 10:31:19 - [MESSAGE][PASSED] - platform.Method.clickOnElement is PASSED&#xD;
&#xD;
2021-02-09 10:31:19 - [TEST_STEP][PASSED] - waitForElementPresent(findTestObject("Generic/webObjectWithText", ["textValue":"Unresolved issues"]), 10, STOP_ON_FAILURE): Object 'Object Repository/Generic/webObjectWithText' is present&#xD;
&#xD;
2021-02-09 10:31:21 - [MESSAGE][PASSED] - Object 'Object Repository/Generic/webObjectWithText' is present&#xD;
&#xD;
2021-02-09 10:31:21 - [TEST_STEP][PASSED] - platform.Method.clickOnElement(findTestObject("Generic/session")): platform.Method.clickOnElement is PASSED&#xD;
&#xD;
2021-02-09 10:31:23 - [MESSAGE][PASSED] - platform.Method.clickOnElement is PASSED&#xD;
&#xD;
2021-02-09 10:31:23 - [TEST_STEP][PASSED] - waitForElementPresent(findTestObject("Generic/webObjectWithText", ["textValue":"Conversations"]), 10, STOP_ON_FAILURE): Object 'Object Repository/Generic/webObjectWithText' is present&#xD;
&#xD;
2021-02-09 10:31:25 - [MESSAGE][PASSED] - Object 'Object Repository/Generic/webObjectWithText' is present&#xD;
&#xD;
2021-02-09 10:31:25 - [TEST_STEP][PASSED] - platform.Method.clickOnElement(findTestObject("Generic/webObjectWithText", ["textValue":"History"])): platform.Method.clickOnElement is PASSED&#xD;
&#xD;
2021-02-09 10:31:27 - [MESSAGE][PASSED] - platform.Method.clickOnElement is PASSED&#xD;
&#xD;
2021-02-09 10:31:27 - [TEST_STEP][PASSED] - waitForElementPresent(findTestObject("Generic/webObjectWithText", ["textValue":"History"]), 10, STOP_ON_FAILURE): Object 'Object Repository/Generic/webObjectWithText' is present&#xD;
&#xD;
2021-02-09 10:31:28 - [MESSAGE][PASSED] - Object 'Object Repository/Generic/webObjectWithText' is present</system-out>
            <system-err></system-err>
        </testcase>
        <testcase name="Test Cases/TASK_SSO/sideNavigation_Test" classname="Test Cases/TASK_SSO/sideNavigation_Test" status="PASSED">
            <system-out>2021-02-09 10:31:28 - [TEST_CASE][PASSED] - Test Cases/TASK_SSO/sideNavigation_Test: Test Cases/TASK_SSO/sideNavigation_Test&#xD;
&#xD;
2021-02-09 10:31:29 - [TEST_STEP][PASSED] - platform.Method.clickOnElement(findTestObject("Generic/webObjectWithText", ["textValue":TASK_BOT])): platform.Method.clickOnElement is PASSED&#xD;
&#xD;
2021-02-09 10:31:31 - [MESSAGE][PASSED] - platform.Method.clickOnElement is PASSED&#xD;
&#xD;
2021-02-09 10:31:31 - [TEST_STEP][PASSED] - waitForElementVisible(findTestObject("ICONS/sidebarSettings"), 20, OPTIONAL): Object 'Object Repository/ICONS/sidebarSettings' is visible&#xD;
&#xD;
2021-02-09 10:31:34 - [MESSAGE][PASSED] - Object 'Object Repository/ICONS/sidebarSettings' is visible&#xD;
&#xD;
2021-02-09 10:31:34 - [TEST_STEP][PASSED] - waitForElementPresent(findTestObject("Generic/webObjectWithText", ["textValue":"Bot configuration"]), 10, STOP_ON_FAILURE): Object 'Object Repository/Generic/webObjectWithText' is not present after 10 second(s)&#xD;
&#xD;
2021-02-09 10:31:45 - [MESSAGE][INFO] - Unable to find the element located by 'By.xpath: //*[contains(text(),'Bot configuration')]'. Please recheck the objects properties to make sure the desired element is located. &#xD;
&#xD;
2021-02-09 10:31:45 - [MESSAGE][WARNING] - Object 'Object Repository/Generic/webObjectWithText' is not present after 10 second(s)&#xD;
&#xD;
2021-02-09 10:31:45 - [TEST_STEP][PASSED] - platform.Method.clickOnElement(findTestObject("Generic/nlp")): platform.Method.clickOnElement is PASSED&#xD;
&#xD;
2021-02-09 10:31:47 - [MESSAGE][PASSED] - platform.Method.clickOnElement is PASSED&#xD;
&#xD;
2021-02-09 10:31:47 - [TEST_STEP][PASSED] - waitForElementPresent(findTestObject("Generic/webObjectWithText", ["textValue":"Input recognition"]), 10, STOP_ON_FAILURE): Object 'Object Repository/Generic/webObjectWithText' is present&#xD;
&#xD;
2021-02-09 10:31:49 - [MESSAGE][PASSED] - Object 'Object Repository/Generic/webObjectWithText' is present&#xD;
&#xD;
2021-02-09 10:31:49 - [TEST_STEP][PASSED] - platform.Method.clickOnElement(findTestObject("Generic/training")): platform.Method.clickOnElement is PASSED&#xD;
&#xD;
2021-02-09 10:31:52 - [MESSAGE][PASSED] - platform.Method.clickOnElement is PASSED&#xD;
&#xD;
2021-02-09 10:31:52 - [TEST_STEP][PASSED] - waitForElementPresent(findTestObject("Generic/webObjectWithText", ["textValue":"Training data"]), 10, STOP_ON_FAILURE): Object 'Object Repository/Generic/webObjectWithText' is present&#xD;
&#xD;
2021-02-09 10:31:53 - [MESSAGE][PASSED] - Object 'Object Repository/Generic/webObjectWithText' is present&#xD;
&#xD;
2021-02-09 10:31:53 - [TEST_STEP][PASSED] - platform.Method.clickOnElement(findTestObject("Generic/response")): platform.Method.clickOnElement is PASSED&#xD;
&#xD;
2021-02-09 10:31:55 - [MESSAGE][PASSED] - platform.Method.clickOnElement is PASSED&#xD;
&#xD;
2021-02-09 10:31:55 - [TEST_STEP][PASSED] - waitForElementPresent(findTestObject("Generic/webObjectWithText", ["textValue":"Responses"]), 10, STOP_ON_FAILURE): Object 'Object Repository/Generic/webObjectWithText' is present&#xD;
&#xD;
2021-02-09 10:31:57 - [MESSAGE][PASSED] - Object 'Object Repository/Generic/webObjectWithText' is present&#xD;
&#xD;
2021-02-09 10:31:57 - [TEST_STEP][PASSED] - platform.Method.clickOnElement(findTestObject("Generic/curation")): platform.Method.clickOnElement is PASSED&#xD;
&#xD;
2021-02-09 10:32:00 - [MESSAGE][PASSED] - platform.Method.clickOnElement is PASSED&#xD;
&#xD;
2021-02-09 10:32:00 - [TEST_STEP][PASSED] - waitForElementPresent(findTestObject("Generic/webObjectWithText", ["textValue":"Unresolved issues"]), 10, STOP_ON_FAILURE): Object 'Object Repository/Generic/webObjectWithText' is present&#xD;
&#xD;
2021-02-09 10:32:02 - [MESSAGE][PASSED] - Object 'Object Repository/Generic/webObjectWithText' is present&#xD;
&#xD;
2021-02-09 10:32:02 - [TEST_STEP][PASSED] - platform.Method.clickOnElement(findTestObject("Generic/session")): platform.Method.clickOnElement is PASSED&#xD;
&#xD;
2021-02-09 10:32:04 - [MESSAGE][PASSED] - platform.Method.clickOnElement is PASSED&#xD;
&#xD;
2021-02-09 10:32:04 - [TEST_STEP][PASSED] - waitForElementPresent(findTestObject("Generic/webObjectWithText", ["textValue":"Conversations"]), 10, STOP_ON_FAILURE): Object 'Object Repository/Generic/webObjectWithText' is present&#xD;
&#xD;
2021-02-09 10:32:06 - [MESSAGE][PASSED] - Object 'Object Repository/Generic/webObjectWithText' is present&#xD;
&#xD;
2021-02-09 10:32:06 - [TEST_STEP][PASSED] - platform.Method.clickOnElement(findTestObject("Generic/webObjectWithText", ["textValue":"History"])): platform.Method.clickOnElement is PASSED&#xD;
&#xD;
2021-02-09 10:32:08 - [MESSAGE][PASSED] - platform.Method.clickOnElement is PASSED&#xD;
&#xD;
2021-02-09 10:32:08 - [TEST_STEP][PASSED] - waitForElementPresent(findTestObject("Generic/webObjectWithText", ["textValue":"History"]), 10, STOP_ON_FAILURE): Object 'Object Repository/Generic/webObjectWithText' is present&#xD;
&#xD;
2021-02-09 10:32:09 - [MESSAGE][PASSED] - Object 'Object Repository/Generic/webObjectWithText' is present</system-out>
            <system-err></system-err>
        </testcase>
        <testcase name="Test Cases/TASK_SSO/createRichDynamicResponse_Test" classname="Test Cases/TASK_SSO/createRichDynamicResponse_Test" status="PASSED">
            <system-out>2021-02-09 10:32:09 - [TEST_CASE][PASSED] - Test Cases/TASK_SSO/createRichDynamicResponse_Test: Test Cases/TASK_SSO/createRichDynamicResponse_Test&#xD;
&#xD;
2021-02-09 10:32:10 - [TEST_STEP][PASSED] - platform.Method.clickOnElement(findTestObject("Generic/response")): platform.Method.clickOnElement is PASSED&#xD;
&#xD;
2021-02-09 10:32:12 - [MESSAGE][PASSED] - platform.Method.clickOnElement is PASSED&#xD;
&#xD;
2021-02-09 10:32:12 - [TEST_STEP][PASSED] - testData = findTestData("Data Files/testData_Task"): null&#xD;
&#xD;
2021-02-09 10:32:16 - [TEST_STEP][PASSED] - platform.Response.createRichResponse(testData.getValue("rich_template", 1), testData.getValue("rich_template_value", 1)): platform.Response.createRichResponse is PASSED&#xD;
&#xD;
2021-02-09 10:32:22 - [MESSAGE][PASSED] - Text 'incorrect_order' is set on object 'Object Repository/NewRepo2/templateKeyName'&#xD;
&#xD;
2021-02-09 10:32:27 - [MESSAGE][PASSED] - Delayed 2 second(s)&#xD;
&#xD;
2021-02-09 10:32:35 - [MESSAGE][PASSED] - Text 'You have requested with an incorrect order number. Please request a correct order number' is set on object 'Object Repository/Input/textResponse'&#xD;
&#xD;
2021-02-09 10:32:37 - [MESSAGE][PASSED] - platform.Response.createRichResponse is PASSED&#xD;
&#xD;
2021-02-09 10:32:37 - [TEST_STEP][PASSED] - platform.Response.createRichResponse(testData.getValue("rich_template", 2), testData.getValue("rich_template_value", 2)): platform.Response.createRichResponse is PASSED&#xD;
&#xD;
2021-02-09 10:32:43 - [MESSAGE][PASSED] - Text 'product_not_found' is set on object 'Object Repository/NewRepo2/templateKeyName'&#xD;
&#xD;
2021-02-09 10:32:47 - [MESSAGE][PASSED] - Delayed 2 second(s)&#xD;
&#xD;
2021-02-09 10:32:52 - [MESSAGE][PASSED] - Text 'Oops!! Sorry, Requested product is not available' is set on object 'Object Repository/Input/textResponse'&#xD;
&#xD;
2021-02-09 10:32:54 - [MESSAGE][PASSED] - platform.Response.createRichResponse is PASSED&#xD;
&#xD;
2021-02-09 10:32:54 - [TEST_STEP][PASSED] - platform.Response.createRichResponse(testData.getValue("rich_template", 3), testData.getValue("rich_template_value", 3)): platform.Response.createRichResponse is PASSED&#xD;
&#xD;
2021-02-09 10:33:00 - [MESSAGE][PASSED] - Text 'success_message' is set on object 'Object Repository/NewRepo2/templateKeyName'&#xD;
&#xD;
2021-02-09 10:33:04 - [MESSAGE][PASSED] - Delayed 2 second(s)&#xD;
&#xD;
2021-02-09 10:33:09 - [MESSAGE][PASSED] - Text 'Your Query is successfully Answered' is set on object 'Object Repository/Input/textResponse'&#xD;
&#xD;
2021-02-09 10:33:11 - [MESSAGE][PASSED] - platform.Response.createRichResponse is PASSED&#xD;
&#xD;
2021-02-09 10:33:11 - [TEST_STEP][PASSED] - platform.Response.createRichResponse(testData.getValue("rich_template", 5), testData.getValue("rich_template_value", 5)): platform.Response.createRichResponse is PASSED&#xD;
&#xD;
2021-02-09 10:33:17 - [MESSAGE][PASSED] - Text 'payment_option' is set on object 'Object Repository/NewRepo2/templateKeyName'&#xD;
&#xD;
2021-02-09 10:33:21 - [MESSAGE][PASSED] - Delayed 2 second(s)&#xD;
&#xD;
2021-02-09 10:33:31 - [MESSAGE][PASSED] - Text 'Through PayPal we offer 0% APR interest for 4 months on your purchase of £99 or more. You can choose PayPal* finance online, at the checkout section.' is set on object 'Object Repository/Input/textResponse'&#xD;
&#xD;
2021-02-09 10:33:34 - [MESSAGE][PASSED] - platform.Response.createRichResponse is PASSED&#xD;
&#xD;
2021-02-09 10:33:34 - [TEST_STEP][PASSED] - platform.Response.createDynamicResponse(testData.getValue("dynamic_template", 1), testData.getValue("dynamic_template_file", 1)): platform.Response.createDynamicResponse is PASSED&#xD;
&#xD;
2021-02-09 10:33:40 - [MESSAGE][PASSED] - Text 'delivery_template' is set on object 'Object Repository/NewRepo2/templateKeyName'&#xD;
&#xD;
2021-02-09 10:33:44 - [MESSAGE][PASSED] - Delayed 2 second(s)&#xD;
&#xD;
2021-02-09 10:33:51 - [MESSAGE][PASSED] - File 'D:/2021/IMIbot.ai-Project/Collection/delivery_template.py' sent to object: 'Object Repository/Input/uploadFile'&#xD;
&#xD;
2021-02-09 10:33:54 - [MESSAGE][PASSED] - platform.Response.createDynamicResponse is PASSED&#xD;
&#xD;
2021-02-09 10:33:54 - [TEST_STEP][PASSED] - waitForElementPresent(findTestObject("Generic/webObjectWithText", ["textValue":"Welcome message "]), 20, OPTIONAL): Object 'Object Repository/Generic/webObjectWithText' is present&#xD;
&#xD;
2021-02-09 10:33:55 - [MESSAGE][PASSED] - Object 'Object Repository/Generic/webObjectWithText' is present&#xD;
&#xD;
2021-02-09 10:33:55 - [TEST_STEP][PASSED] - platform.Method.clickOnElement(findTestObject("Generic/webObjectWithText", ["textValue":"Welcome message "])): platform.Method.clickOnElement is PASSED&#xD;
&#xD;
2021-02-09 10:33:58 - [MESSAGE][PASSED] - platform.Method.clickOnElement is PASSED&#xD;
&#xD;
2021-02-09 10:33:58 - [TEST_STEP][PASSED] - platform.Response.createDynamicResponse(testData.getValue("dynamic_template", 2), testData.getValue("dynamic_template_file", 2)): platform.Response.createDynamicResponse is PASSED&#xD;
&#xD;
2021-02-09 10:34:04 - [MESSAGE][PASSED] - Text 'order_status_template' is set on object 'Object Repository/NewRepo2/templateKeyName'&#xD;
&#xD;
2021-02-09 10:34:08 - [MESSAGE][PASSED] - Delayed 2 second(s)&#xD;
&#xD;
2021-02-09 10:34:15 - [MESSAGE][PASSED] - File 'D:/2021/IMIbot.ai-Project/Collection/order_status_template.py' sent to object: 'Object Repository/Input/uploadFile'&#xD;
&#xD;
2021-02-09 10:34:17 - [MESSAGE][PASSED] - platform.Response.createDynamicResponse is PASSED&#xD;
&#xD;
2021-02-09 10:34:17 - [TEST_STEP][PASSED] - waitForElementPresent(findTestObject("ICONS/toastMsg"), 20, OPTIONAL): Object 'Object Repository/ICONS/toastMsg' is present&#xD;
&#xD;
2021-02-09 10:34:18 - [MESSAGE][PASSED] - Object 'Object Repository/ICONS/toastMsg' is present</system-out>
            <system-err></system-err>
        </testcase>
        <testcase name="Test Cases/TASK_SSO/entitiesCreationAndUpdate_Test" classname="Test Cases/TASK_SSO/entitiesCreationAndUpdate_Test" status="PASSED">
            <system-out>2021-02-09 10:34:18 - [TEST_CASE][PASSED] - Test Cases/TASK_SSO/entitiesCreationAndUpdate_Test: Test Cases/TASK_SSO/entitiesCreationAndUpdate_Test&#xD;
&#xD;
2021-02-09 10:34:19 - [TEST_STEP][PASSED] - platform.Method.clickOnElement(findTestObject("Generic/training")): platform.Method.clickOnElement is PASSED&#xD;
&#xD;
2021-02-09 10:34:22 - [MESSAGE][PASSED] - platform.Method.clickOnElement is PASSED&#xD;
&#xD;
2021-02-09 10:34:22 - [TEST_STEP][PASSED] - platform.Method.clickOnElement(findTestObject("Generic/webObjectWithText", ["textValue":"Entities"])): platform.Method.clickOnElement is PASSED&#xD;
&#xD;
2021-02-09 10:34:24 - [MESSAGE][PASSED] - platform.Method.clickOnElement is PASSED&#xD;
&#xD;
2021-02-09 10:34:24 - [TEST_STEP][PASSED] - testData = findTestData("Data Files/testData_Task"): null&#xD;
&#xD;
2021-02-09 10:34:25 - [TEST_STEP][PASSED] - platform.Method.clickOnElement(findTestObject("Button/createEntity")): platform.Method.clickOnElement is PASSED&#xD;
&#xD;
2021-02-09 10:34:27 - [MESSAGE][PASSED] - platform.Method.clickOnElement is PASSED&#xD;
&#xD;
2021-02-09 10:34:27 - [TEST_STEP][PASSED] - platform.Training.createEntity("city name", " Custom list ", "mumbai"): platform.Training.createEntity is PASSED&#xD;
&#xD;
2021-02-09 10:34:30 - [MESSAGE][PASSED] - Keys 'city name' sent to object: 'Object Repository/Input/entityName'&#xD;
&#xD;
2021-02-09 10:34:32 - [MESSAGE][INFO] - Entity Type:  Custom list &#xD;
&#xD;
2021-02-09 10:34:37 - [MESSAGE][PASSED] - Keys 'mumbai' sent to object: 'Object Repository/Input/defValueOfEntity'&#xD;
&#xD;
2021-02-09 10:34:39 - [MESSAGE][PASSED] - platform.Training.createEntity is PASSED&#xD;
&#xD;
2021-02-09 10:34:39 - [TEST_STEP][PASSED] - platform.Method.clickOnElement(findTestObject("Button/createEntity")): platform.Method.clickOnElement is PASSED&#xD;
&#xD;
2021-02-09 10:34:42 - [MESSAGE][PASSED] - platform.Method.clickOnElement is PASSED&#xD;
&#xD;
2021-02-09 10:34:42 - [TEST_STEP][PASSED] - platform.Training.createEntity("date", " Date ", null): platform.Training.createEntity is PASSED&#xD;
&#xD;
2021-02-09 10:34:44 - [MESSAGE][PASSED] - Keys 'date' sent to object: 'Object Repository/Input/entityName'&#xD;
&#xD;
2021-02-09 10:34:46 - [MESSAGE][INFO] - Entity Type:  Date &#xD;
&#xD;
2021-02-09 10:34:51 - [MESSAGE][PASSED] - platform.Training.createEntity is PASSED&#xD;
&#xD;
2021-02-09 10:34:51 - [TEST_STEP][PASSED] - for ([count = 2, count &lt;= testData.getRowNumbers(), (count++)]): null&#xD;
&#xD;
2021-02-09 10:34:51 - [TEST_STEP][PASSED] - if (testData.getValue("entity_name", count) != ""): platform.Training.createEntity is PASSED&#xD;
&#xD;
2021-02-09 10:34:51 - [TEST_STEP][PASSED] - platform.Method.clickOnElement(findTestObject("Button/createEntity")): platform.Method.clickOnElement is PASSED&#xD;
&#xD;
2021-02-09 10:34:54 - [MESSAGE][PASSED] - platform.Method.clickOnElement is PASSED&#xD;
&#xD;
2021-02-09 10:34:54 - [TEST_STEP][PASSED] - platform.Training.createEntity(testData.getValue("entity_name", count), testData.getValue("entity_type", count), testData.getValue("entity_value", count)): platform.Training.createEntity is PASSED&#xD;
&#xD;
2021-02-09 10:34:56 - [MESSAGE][PASSED] - Keys 'product_names' sent to object: 'Object Repository/Input/entityName'&#xD;
&#xD;
2021-02-09 10:34:59 - [MESSAGE][INFO] - Entity Type: Custom list&#xD;
&#xD;
2021-02-09 10:35:03 - [MESSAGE][PASSED] - Keys 'chair' sent to object: 'Object Repository/Input/defValueOfEntity'&#xD;
&#xD;
2021-02-09 10:35:06 - [MESSAGE][PASSED] - platform.Training.createEntity is PASSED&#xD;
&#xD;
2021-02-09 10:35:06 - [TEST_STEP][PASSED] - if (testData.getValue("entity_name", count) != ""): platform.Training.createEntity is PASSED&#xD;
&#xD;
2021-02-09 10:35:06 - [TEST_STEP][PASSED] - platform.Method.clickOnElement(findTestObject("Button/createEntity")): platform.Method.clickOnElement is PASSED&#xD;
&#xD;
2021-02-09 10:35:08 - [MESSAGE][PASSED] - platform.Method.clickOnElement is PASSED&#xD;
&#xD;
2021-02-09 10:35:08 - [TEST_STEP][PASSED] - platform.Training.createEntity(testData.getValue("entity_name", count), testData.getValue("entity_type", count), testData.getValue("entity_value", count)): platform.Training.createEntity is PASSED&#xD;
&#xD;
2021-02-09 10:35:11 - [MESSAGE][PASSED] - Keys 'order_id' sent to object: 'Object Repository/Input/entityName'&#xD;
&#xD;
2021-02-09 10:35:13 - [MESSAGE][INFO] - Entity Type: Regex&#xD;
&#xD;
2021-02-09 10:35:18 - [MESSAGE][PASSED] - Keys '\b\d{8}\b' sent to object: 'Object Repository/Input/defValueOfEntity'&#xD;
&#xD;
2021-02-09 10:35:20 - [MESSAGE][PASSED] - platform.Training.createEntity is PASSED&#xD;
&#xD;
2021-02-09 10:35:20 - [TEST_STEP][PASSED] - if (testData.getValue("entity_name", count) != ""): platform.Training.createEntity is PASSED&#xD;
&#xD;
2021-02-09 10:35:20 - [TEST_STEP][PASSED] - platform.Method.clickOnElement(findTestObject("Button/createEntity")): platform.Method.clickOnElement is PASSED&#xD;
&#xD;
2021-02-09 10:35:23 - [MESSAGE][PASSED] - platform.Method.clickOnElement is PASSED&#xD;
&#xD;
2021-02-09 10:35:23 - [TEST_STEP][PASSED] - platform.Training.createEntity(testData.getValue("entity_name", count), testData.getValue("entity_type", count), testData.getValue("entity_value", count)): platform.Training.createEntity is PASSED&#xD;
&#xD;
2021-02-09 10:35:25 - [MESSAGE][PASSED] - Keys 'zipcode' sent to object: 'Object Repository/Input/entityName'&#xD;
&#xD;
2021-02-09 10:35:28 - [MESSAGE][INFO] - Entity Type: Custom list&#xD;
&#xD;
2021-02-09 10:35:33 - [MESSAGE][PASSED] - Keys '\b\^[0-9]{6}\b' sent to object: 'Object Repository/Input/defValueOfEntity'&#xD;
&#xD;
2021-02-09 10:35:35 - [MESSAGE][PASSED] - platform.Training.createEntity is PASSED&#xD;
&#xD;
2021-02-09 10:35:35 - [TEST_STEP][PASSED] - if (testData.getValue("entity_name", count) != ""): null&#xD;
&#xD;
2021-02-09 10:35:35 - [TEST_STEP][PASSED] - else: null&#xD;
&#xD;
2021-02-09 10:35:35 - [TEST_STEP][PASSED] - logInfo("No more entity present!!"): No more entity present!!&#xD;
&#xD;
2021-02-09 10:35:35 - [MESSAGE][INFO] - No more entity present!!&#xD;
&#xD;
2021-02-09 10:35:35 - [TEST_STEP][PASSED] - break: null&#xD;
&#xD;
2021-02-09 10:35:35 - [TEST_STEP][PASSED] - waitForElementPresent(findTestObject("Generic/webObjectWithText", ["textValue":"city name"]), 15, STOP_ON_FAILURE): Object 'Object Repository/Generic/webObjectWithText' is present&#xD;
&#xD;
2021-02-09 10:35:36 - [MESSAGE][PASSED] - Object 'Object Repository/Generic/webObjectWithText' is present&#xD;
&#xD;
2021-02-09 10:35:36 - [TEST_STEP][PASSED] - platform.Training.editEntity("city name"): platform.Training.editEntity is PASSED&#xD;
&#xD;
2021-02-09 10:35:45 - [MESSAGE][PASSED] - platform.Training.editEntity is PASSED&#xD;
&#xD;
2021-02-09 10:35:45 - [TEST_STEP][PASSED] - testObject = modifyObjectProperty(findTestObject("Input/entityName"), "formcontrolname", "equals", "name", true, STOP_ON_FAILURE): Modify property of object successfully&#xD;
&#xD;
2021-02-09 10:35:45 - [MESSAGE][PASSED] - Modify property of object successfully&#xD;
&#xD;
2021-02-09 10:35:45 - [TEST_STEP][PASSED] - setText(testObject, testData.getValue("entity_name", 1)): Text 'store_name' is set on object 'Object Repository/Input/entityName'&#xD;
&#xD;
2021-02-09 10:35:49 - [MESSAGE][PASSED] - Text 'store_name' is set on object 'Object Repository/Input/entityName'&#xD;
&#xD;
2021-02-09 10:35:49 - [TEST_STEP][PASSED] - platform.Method.clickOnElement(findTestObject("Button/importIcon")): platform.Method.clickOnElement is PASSED&#xD;
&#xD;
2021-02-09 10:35:51 - [MESSAGE][PASSED] - platform.Method.clickOnElement is PASSED&#xD;
&#xD;
2021-02-09 10:35:51 - [TEST_STEP][PASSED] - platform.Method.uploadCsvFile(true, testData.getValue("custom_entity_file", 1)): platform.Method.uploadCsvFile is PASSED&#xD;
&#xD;
2021-02-09 10:35:56 - [MESSAGE][PASSED] - File 'D:/2021/IMIbot.ai-Project/Collection/cityName.csv' sent to object: 'Object Repository/Input/uploadFile'&#xD;
&#xD;
2021-02-09 10:35:58 - [MESSAGE][PASSED] - platform.Method.uploadCsvFile is PASSED&#xD;
&#xD;
2021-02-09 10:35:58 - [TEST_STEP][PASSED] - platform.Method.clickOnElement(findTestObject("Button/save", ["value":" Save "])): platform.Method.clickOnElement is PASSED&#xD;
&#xD;
2021-02-09 10:36:00 - [MESSAGE][PASSED] - platform.Method.clickOnElement is PASSED&#xD;
&#xD;
2021-02-09 10:36:00 - [TEST_STEP][PASSED] - waitForElementPresent(findTestObject("ICONS/toastMsg"), 15, STOP_ON_FAILURE): Object 'Object Repository/ICONS/toastMsg' is present&#xD;
&#xD;
2021-02-09 10:36:01 - [MESSAGE][PASSED] - Object 'Object Repository/ICONS/toastMsg' is present&#xD;
&#xD;
2021-02-09 10:36:01 - [TEST_STEP][PASSED] - assert getText().contentEquals("store_name") == true: null&#xD;
&#xD;
2021-02-09 10:36:04 - [TEST_STEP][PASSED] - platform.Method.trainAndComment(testData.getValue("comment", 2)): platform.Method.trainAndComment is PASSED&#xD;
&#xD;
2021-02-09 10:36:11 - [MESSAGE][PASSED] - Keys 'response added &amp; updated' sent to object: 'Object Repository/Input/comment'&#xD;
&#xD;
2021-02-09 10:36:13 - [MESSAGE][PASSED] - platform.Method.trainAndComment is PASSED&#xD;
&#xD;
2021-02-09 10:36:13 - [TEST_STEP][PASSED] - waitForElementPresent(findTestObject("ICONS/toastMsg"), 15, OPTIONAL): Object 'Object Repository/ICONS/toastMsg' is present&#xD;
&#xD;
2021-02-09 10:36:14 - [MESSAGE][PASSED] - Object 'Object Repository/ICONS/toastMsg' is present</system-out>
            <system-err></system-err>
        </testcase>
        <testcase name="Test Cases/TASK_SSO/createIntentAndEditEntity_Test" classname="Test Cases/TASK_SSO/createIntentAndEditEntity_Test" status="PASSED">
            <system-out>2021-02-09 10:36:14 - [TEST_CASE][PASSED] - Test Cases/TASK_SSO/createIntentAndEditEntity_Test: Test Cases/TASK_SSO/createIntentAndEditEntity_Test&#xD;
&#xD;
2021-02-09 10:36:15 - [TEST_STEP][PASSED] - platform.Method.clickOnElement(findTestObject("Generic/webObjectWithText", ["textValue":"Intents"])): platform.Method.clickOnElement is PASSED&#xD;
&#xD;
2021-02-09 10:36:17 - [MESSAGE][PASSED] - platform.Method.clickOnElement is PASSED&#xD;
&#xD;
2021-02-09 10:36:17 - [TEST_STEP][PASSED] - testData = findTestData("Data Files/testData_Task"): null&#xD;
&#xD;
2021-02-09 10:36:18 - [TEST_STEP][PASSED] - platform.Training.addMultipleUtterance(testData, "track_order_utterance"): platform.Training.addMultipleUtterance is PASSED&#xD;
&#xD;
2021-02-09 10:36:23 - [MESSAGE][PASSED] - Keys 'When will I receive my order?' sent to object: 'Object Repository/Input/utterance'&#xD;
&#xD;
2021-02-09 10:36:30 - [MESSAGE][PASSED] - Delayed 5 second(s)&#xD;
&#xD;
2021-02-09 10:36:33 - [MESSAGE][PASSED] - Keys 'Track status of order number 00001234' sent to object: 'Object Repository/Input/utterance'&#xD;
&#xD;
2021-02-09 10:36:40 - [MESSAGE][PASSED] - Delayed 5 second(s)&#xD;
&#xD;
2021-02-09 10:36:42 - [MESSAGE][PASSED] - Keys 'Status of my order' sent to object: 'Object Repository/Input/utterance'&#xD;
&#xD;
2021-02-09 10:36:49 - [MESSAGE][PASSED] - Delayed 5 second(s)&#xD;
&#xD;
2021-02-09 10:36:49 - [MESSAGE][PASSED] - platform.Training.addMultipleUtterance is PASSED&#xD;
&#xD;
2021-02-09 10:36:49 - [TEST_STEP][PASSED] - sendKeys(findTestObject("Input/intentName"), testData.getValue("intent_name", 3)): Keys 'track_order' sent to object: 'Object Repository/Input/intentName'&#xD;
&#xD;
2021-02-09 10:36:52 - [MESSAGE][PASSED] - Keys 'track_order' sent to object: 'Object Repository/Input/intentName'&#xD;
&#xD;
2021-02-09 10:36:52 - [TEST_STEP][PASSED] - verifyElementText(findTestObject("Slots/entityValue", ["rowValue":1]), "order_id", STOP_ON_FAILURE): Actual text and expected text of test object 'Object Repository/Slots/entityValue' are matched.&#xD;
&#xD;
2021-02-09 10:36:54 - [MESSAGE][PASSED] - Actual text and expected text of test object 'Object Repository/Slots/entityValue' are matched.&#xD;
&#xD;
2021-02-09 10:36:54 - [TEST_STEP][PASSED] - sendKeys(findTestObject("Input/finalTempKey"), "order_status_template"): Keys 'order_status_template' sent to object: 'Object Repository/Input/finalTempKey'&#xD;
&#xD;
2021-02-09 10:36:57 - [MESSAGE][PASSED] - Keys 'order_status_template' sent to object: 'Object Repository/Input/finalTempKey'&#xD;
&#xD;
2021-02-09 10:36:57 - [TEST_STEP][PASSED] - platform.Method.clickOnElement(findTestObject("Button/save", ["value":" Save "])): platform.Method.clickOnElement is PASSED&#xD;
&#xD;
2021-02-09 10:37:00 - [MESSAGE][PASSED] - platform.Method.clickOnElement is PASSED&#xD;
&#xD;
2021-02-09 10:37:00 - [TEST_STEP][PASSED] - verifyElementText(findTestObject("Generic/header"), "track_order", STOP_ON_FAILURE): Actual text and expected text of test object 'Object Repository/Generic/header' are matched.&#xD;
&#xD;
2021-02-09 10:37:02 - [MESSAGE][PASSED] - Actual text and expected text of test object 'Object Repository/Generic/header' are matched.&#xD;
&#xD;
2021-02-09 10:37:02 - [TEST_STEP][PASSED] - platform.Method.clickOnElement(findTestObject("NewRepo/intentGoBack")): platform.Method.clickOnElement is PASSED&#xD;
&#xD;
2021-02-09 10:37:04 - [MESSAGE][PASSED] - platform.Method.clickOnElement is PASSED&#xD;
&#xD;
2021-02-09 10:37:04 - [TEST_STEP][PASSED] - platform.Method.clickOnElement(findTestObject("Generic/webObjectWithText", ["textValue":"Entities"])): platform.Method.clickOnElement is PASSED&#xD;
&#xD;
2021-02-09 10:37:07 - [MESSAGE][PASSED] - platform.Method.clickOnElement is PASSED&#xD;
&#xD;
2021-02-09 10:37:07 - [TEST_STEP][PASSED] - platform.Training.editEntity("product_names"): platform.Training.editEntity is PASSED&#xD;
&#xD;
2021-02-09 10:37:15 - [MESSAGE][PASSED] - platform.Training.editEntity is PASSED&#xD;
&#xD;
2021-02-09 10:37:15 - [TEST_STEP][PASSED] - sendKeys(findTestObject("Input/synonyms", ["index":1]), Keys.chord("wooden chair", ENTER)): Keys 'ENTER + wooden chair' sent to object: 'Object Repository/Input/synonyms'&#xD;
&#xD;
2021-02-09 10:37:18 - [MESSAGE][PASSED] - Keys 'ENTER + wooden chair' sent to object: 'Object Repository/Input/synonyms'&#xD;
&#xD;
2021-02-09 10:37:18 - [TEST_STEP][PASSED] - sendKeys(findTestObject("Input/synonyms", ["index":1]), Keys.chord("plastic chair", ENTER)): Keys 'ENTER + plastic chair' sent to object: 'Object Repository/Input/synonyms'&#xD;
&#xD;
2021-02-09 10:37:20 - [MESSAGE][PASSED] - Keys 'ENTER + plastic chair' sent to object: 'Object Repository/Input/synonyms'&#xD;
&#xD;
2021-02-09 10:37:20 - [TEST_STEP][PASSED] - platform.Method.clickOnElement(findTestObject("Button/importIcon")): platform.Method.clickOnElement is PASSED&#xD;
&#xD;
2021-02-09 10:37:23 - [MESSAGE][PASSED] - platform.Method.clickOnElement is PASSED&#xD;
&#xD;
2021-02-09 10:37:23 - [TEST_STEP][PASSED] - platform.Method.uploadCsvFile(false, testData.getValue("custom_entity_file", 2)): platform.Method.uploadCsvFile is PASSED&#xD;
&#xD;
2021-02-09 10:37:23 - [MESSAGE][INFO] - PREVIOUS DATA NOT BE OVERRIDDEN&#xD;
&#xD;
2021-02-09 10:37:25 - [MESSAGE][PASSED] - File 'D:/2021/IMIbot.ai-Project/Collection/product.csv' sent to object: 'Object Repository/Input/uploadFile'&#xD;
&#xD;
2021-02-09 10:37:28 - [MESSAGE][PASSED] - platform.Method.uploadCsvFile is PASSED&#xD;
&#xD;
2021-02-09 10:37:28 - [TEST_STEP][PASSED] - platform.Method.clickOnElement(findTestObject("Button/btnDeleteChipOrRow", ["chipValue":" plastic chair ", "option":"cancel"])): platform.Method.clickOnElement is PASSED&#xD;
&#xD;
2021-02-09 10:37:30 - [MESSAGE][PASSED] - platform.Method.clickOnElement is PASSED&#xD;
&#xD;
2021-02-09 10:37:30 - [TEST_STEP][PASSED] - platform.Method.clickOnElement(findTestObject("Button/btnDeleteChipOrRow", ["chipValue":" wooden chair ", "option":"close "])): platform.Method.clickOnElement is PASSED&#xD;
&#xD;
2021-02-09 10:37:32 - [MESSAGE][PASSED] - platform.Method.clickOnElement is PASSED&#xD;
&#xD;
2021-02-09 10:37:32 - [TEST_STEP][PASSED] - platform.Method.clickOnElement(findTestObject("Button/save", ["value":" Save "])): platform.Method.clickOnElement is PASSED&#xD;
&#xD;
2021-02-09 10:37:35 - [MESSAGE][PASSED] - platform.Method.clickOnElement is PASSED&#xD;
&#xD;
2021-02-09 10:37:35 - [TEST_STEP][PASSED] - waitForElementPresent(findTestObject("ICONS/toastMsg"), 20, OPTIONAL): Object 'Object Repository/ICONS/toastMsg' is present&#xD;
&#xD;
2021-02-09 10:37:36 - [MESSAGE][PASSED] - Object 'Object Repository/ICONS/toastMsg' is present</system-out>
            <system-err></system-err>
        </testcase>
        <testcase name="Test Cases/TASK_SSO/intentWithResponseCreation_Test" classname="Test Cases/TASK_SSO/intentWithResponseCreation_Test" status="PASSED">
            <system-out>2021-02-09 10:37:36 - [TEST_CASE][PASSED] - Test Cases/TASK_SSO/intentWithResponseCreation_Test: Test Cases/TASK_SSO/intentWithResponseCreation_Test&#xD;
&#xD;
2021-02-09 10:37:36 - [TEST_STEP][PASSED] - platform.Method.clickOnElement(findTestObject("Generic/webObjectWithText", ["textValue":"Intents"])): platform.Method.clickOnElement is PASSED&#xD;
&#xD;
2021-02-09 10:37:39 - [MESSAGE][PASSED] - platform.Method.clickOnElement is PASSED&#xD;
&#xD;
2021-02-09 10:37:39 - [TEST_STEP][PASSED] - platform.Training.addMultipleUtterance(findTestData("Data Files/testData_Task"), "first_intent_utterance"): platform.Training.addMultipleUtterance is PASSED&#xD;
&#xD;
2021-02-09 10:37:44 - [MESSAGE][PASSED] - Keys 'Do you deliver?' sent to object: 'Object Repository/Input/utterance'&#xD;
&#xD;
2021-02-09 10:37:52 - [MESSAGE][PASSED] - Delayed 5 second(s)&#xD;
&#xD;
2021-02-09 10:37:54 - [MESSAGE][PASSED] - Keys 'Do you deliver in hyderabad?' sent to object: 'Object Repository/Input/utterance'&#xD;
&#xD;
2021-02-09 10:38:01 - [MESSAGE][PASSED] - Delayed 5 second(s)&#xD;
&#xD;
2021-02-09 10:38:04 - [MESSAGE][PASSED] - Keys 'Is your service available in mumbai?' sent to object: 'Object Repository/Input/utterance'&#xD;
&#xD;
2021-02-09 10:38:11 - [MESSAGE][PASSED] - Delayed 5 second(s)&#xD;
&#xD;
2021-02-09 10:38:11 - [MESSAGE][PASSED] - platform.Training.addMultipleUtterance is PASSED&#xD;
&#xD;
2021-02-09 10:38:11 - [TEST_STEP][PASSED] - sendKeys(findTestObject("Input/intentName"), findTestData("Data Files/testData_Task").getValue("intent_name", 1)): Keys 'delivery_info' sent to object: 'Object Repository/Input/intentName'&#xD;
&#xD;
2021-02-09 10:38:14 - [MESSAGE][PASSED] - Keys 'delivery_info' sent to object: 'Object Repository/Input/intentName'&#xD;
&#xD;
2021-02-09 10:38:14 - [TEST_STEP][PASSED] - check(findTestObject("Slots/checkbox", ["rowValue":1])): Object 'Object Repository/Slots/checkbox' is checked&#xD;
&#xD;
2021-02-09 10:38:17 - [MESSAGE][PASSED] - Object 'Object Repository/Slots/checkbox' is checked&#xD;
&#xD;
2021-02-09 10:38:17 - [TEST_STEP][PASSED] - setText(findTestObject("Slots/retries", ["rowValue":1]), "2"): Text '2' is set on object 'Object Repository/Slots/retries'&#xD;
&#xD;
2021-02-09 10:38:21 - [MESSAGE][PASSED] - Text '2' is set on object 'Object Repository/Slots/retries'&#xD;
&#xD;
2021-02-09 10:38:21 - [TEST_STEP][PASSED] - setText(findTestObject("Slots/templateKey", ["rowValue":1]), findTestData("Data Files/testData_Task").getValue("missing_entity", 1)): Text 'city_not_found' is set on object 'Object Repository/Slots/templateKey'&#xD;
&#xD;
2021-02-09 10:38:25 - [MESSAGE][PASSED] - Text 'city_not_found' is set on object 'Object Repository/Slots/templateKey'&#xD;
&#xD;
2021-02-09 10:38:25 - [TEST_STEP][PASSED] - platform.Training.createInstantResponse(findTestData("Data Files/testData_Task").getValue("missing_entity", 1), findTestData("Data Files/testData_Task").getValue("missing_entity_default_text", 1)): platform.Training.createInstantResponse is PASSED&#xD;
&#xD;
2021-02-09 10:38:31 - [MESSAGE][PASSED] - Keys 'city_not_found' sent to object: 'Object Repository/NewRepo2/templateKeyPopUp'&#xD;
&#xD;
2021-02-09 10:38:35 - [MESSAGE][PASSED] - Keys 'Oops! There is no delivery centre at your city. Please try again with a different city name.' sent to object: 'Object Repository/NewRepo2/templateResponsePopUp'&#xD;
&#xD;
2021-02-09 10:38:37 - [MESSAGE][PASSED] - platform.Training.createInstantResponse is PASSED&#xD;
&#xD;
2021-02-09 10:38:37 - [TEST_STEP][PASSED] - platform.Method.clickOnElement(findTestObject("Generic/webObjectWithText", ["textValue":"city_not_found"])): platform.Method.clickOnElement is PASSED&#xD;
&#xD;
2021-02-09 10:38:39 - [MESSAGE][PASSED] - platform.Method.clickOnElement is PASSED&#xD;
&#xD;
2021-02-09 10:38:39 - [TEST_STEP][PASSED] - sendKeys(findTestObject("Input/finalTempKey"), findTestData("Data Files/testData_Task").getValue("final_template", 1)): Keys 'delivery_template' sent to object: 'Object Repository/Input/finalTempKey'&#xD;
&#xD;
2021-02-09 10:38:42 - [MESSAGE][PASSED] - Keys 'delivery_template' sent to object: 'Object Repository/Input/finalTempKey'&#xD;
&#xD;
2021-02-09 10:38:42 - [TEST_STEP][PASSED] - platform.Method.clickOnElement(findTestObject("Button/save", ["value":" Save "])): platform.Method.clickOnElement is PASSED&#xD;
&#xD;
2021-02-09 10:38:44 - [MESSAGE][PASSED] - platform.Method.clickOnElement is PASSED&#xD;
&#xD;
2021-02-09 10:38:44 - [TEST_STEP][PASSED] - verifyElementText(findTestObject("Generic/header"), "delivery_info", STOP_ON_FAILURE): Actual text and expected text of test object 'Object Repository/Generic/header' are matched.&#xD;
&#xD;
2021-02-09 10:38:47 - [MESSAGE][PASSED] - Actual text and expected text of test object 'Object Repository/Generic/header' are matched.&#xD;
&#xD;
2021-02-09 10:38:47 - [TEST_STEP][PASSED] - platform.Method.clickOnElement(findTestObject("NewRepo/intentGoBack")): platform.Method.clickOnElement is PASSED&#xD;
&#xD;
2021-02-09 10:38:49 - [MESSAGE][PASSED] - platform.Method.clickOnElement is PASSED&#xD;
&#xD;
2021-02-09 10:38:49 - [TEST_STEP][PASSED] - platform.Method.trainAndComment(findTestData("Data Files/testData_Task").getValue("comment", 1)): platform.Method.trainAndComment is PASSED&#xD;
&#xD;
2021-02-09 10:38:57 - [MESSAGE][PASSED] - Keys 'delivery info intent added' sent to object: 'Object Repository/Input/comment'&#xD;
&#xD;
2021-02-09 10:38:59 - [MESSAGE][PASSED] - platform.Method.trainAndComment is PASSED&#xD;
&#xD;
2021-02-09 10:38:59 - [TEST_STEP][PASSED] - waitForElementPresent(findTestObject("ICONS/toastMsg"), 30, STOP_ON_FAILURE): Object 'Object Repository/ICONS/toastMsg' is present&#xD;
&#xD;
2021-02-09 10:39:00 - [MESSAGE][PASSED] - Object 'Object Repository/ICONS/toastMsg' is present&#xD;
&#xD;
2021-02-09 10:39:00 - [TEST_STEP][PASSED] - platform.Method.clickOnElement(findTestObject("Button/preview")): platform.Method.clickOnElement is PASSED&#xD;
&#xD;
2021-02-09 10:39:03 - [MESSAGE][PASSED] - platform.Method.clickOnElement is PASSED&#xD;
&#xD;
2021-02-09 10:39:03 - [TEST_STEP][PASSED] - count = &lt;not implemented yet for class: org.codehaus.groovy.ast.expr.EmptyExpression&gt;: null&#xD;
&#xD;
2021-02-09 10:39:03 - [TEST_STEP][PASSED] - for ([count = 1, count &lt;= 3, (count++)]): null&#xD;
&#xD;
2021-02-09 10:39:03 - [TEST_STEP][PASSED] - sendKeys(findTestObject("Input/chatInput"), Keys.chord(userQuery, ENTER)): Keys 'ENTER + Delivery service in chennai' sent to object: 'Object Repository/Input/chatInput'&#xD;
&#xD;
2021-02-09 10:39:05 - [MESSAGE][PASSED] - Keys 'ENTER + Delivery service in chennai' sent to object: 'Object Repository/Input/chatInput'&#xD;
&#xD;
2021-02-09 10:39:05 - [TEST_STEP][PASSED] - delay(1): Delayed 1 second(s)&#xD;
&#xD;
2021-02-09 10:39:06 - [MESSAGE][PASSED] - Delayed 1 second(s)&#xD;
&#xD;
2021-02-09 10:39:06 - [TEST_STEP][PASSED] - if (count == 3): null&#xD;
&#xD;
2021-02-09 10:39:06 - [TEST_STEP][PASSED] - verifyElementText(findTestObject("GenericII/getBotResponse", ["index":count + 1]), findTestData("Data Files/testData_Task").getValue("missing_entity_default_text", 1), STOP_ON_FAILURE): Actual text and expected text of test object 'Object Repository/GenericII/getBotResponse' are matched.&#xD;
&#xD;
2021-02-09 10:39:09 - [MESSAGE][PASSED] - Actual text and expected text of test object 'Object Repository/GenericII/getBotResponse' are matched.&#xD;
&#xD;
2021-02-09 10:39:09 - [TEST_STEP][PASSED] - sendKeys(findTestObject("Input/chatInput"), Keys.chord(userQuery, ENTER)): Keys 'ENTER + Delivery service in chennai' sent to object: 'Object Repository/Input/chatInput'&#xD;
&#xD;
2021-02-09 10:39:11 - [MESSAGE][PASSED] - Keys 'ENTER + Delivery service in chennai' sent to object: 'Object Repository/Input/chatInput'&#xD;
&#xD;
2021-02-09 10:39:11 - [TEST_STEP][PASSED] - delay(1): Delayed 1 second(s)&#xD;
&#xD;
2021-02-09 10:39:12 - [MESSAGE][PASSED] - Delayed 1 second(s)&#xD;
&#xD;
2021-02-09 10:39:12 - [TEST_STEP][PASSED] - if (count == 3): null&#xD;
&#xD;
2021-02-09 10:39:12 - [TEST_STEP][PASSED] - verifyElementText(findTestObject("GenericII/getBotResponse", ["index":count + 1]), findTestData("Data Files/testData_Task").getValue("missing_entity_default_text", 1), STOP_ON_FAILURE): Actual text and expected text of test object 'Object Repository/GenericII/getBotResponse' are matched.&#xD;
&#xD;
2021-02-09 10:39:15 - [MESSAGE][PASSED] - Actual text and expected text of test object 'Object Repository/GenericII/getBotResponse' are matched.&#xD;
&#xD;
2021-02-09 10:39:15 - [TEST_STEP][PASSED] - sendKeys(findTestObject("Input/chatInput"), Keys.chord(userQuery, ENTER)): Keys 'ENTER + Delivery service in chennai' sent to object: 'Object Repository/Input/chatInput'&#xD;
&#xD;
2021-02-09 10:39:18 - [MESSAGE][PASSED] - Keys 'ENTER + Delivery service in chennai' sent to object: 'Object Repository/Input/chatInput'&#xD;
&#xD;
2021-02-09 10:39:18 - [TEST_STEP][PASSED] - delay(1): Delayed 1 second(s)&#xD;
&#xD;
2021-02-09 10:39:19 - [MESSAGE][PASSED] - Delayed 1 second(s)&#xD;
&#xD;
2021-02-09 10:39:19 - [TEST_STEP][PASSED] - if (count == 3): null&#xD;
&#xD;
2021-02-09 10:39:19 - [TEST_STEP][PASSED] - break: null&#xD;
&#xD;
2021-02-09 10:39:19 - [TEST_STEP][PASSED] - platform.Method.clickOnElement(findTestObject("Button/upvote")): platform.Method.clickOnElement is PASSED&#xD;
&#xD;
2021-02-09 10:39:21 - [MESSAGE][PASSED] - platform.Method.clickOnElement is PASSED&#xD;
&#xD;
2021-02-09 10:39:21 - [TEST_STEP][PASSED] - platform.Method.clickOnElement(findTestObject("GenericII/minimize")): platform.Method.clickOnElement is PASSED&#xD;
&#xD;
2021-02-09 10:39:23 - [MESSAGE][PASSED] - platform.Method.clickOnElement is PASSED</system-out>
            <system-err></system-err>
        </testcase>
        <testcase name="Test Cases/TASK_SSO/updateResponse_Test" classname="Test Cases/TASK_SSO/updateResponse_Test" status="PASSED">
            <system-out>2021-02-09 10:39:23 - [TEST_CASE][PASSED] - Test Cases/TASK_SSO/updateResponse_Test: Test Cases/TASK_SSO/updateResponse_Test&#xD;
&#xD;
2021-02-09 10:39:24 - [TEST_STEP][PASSED] - platform.Method.clickOnElement(findTestObject("Generic/training")): platform.Method.clickOnElement is PASSED&#xD;
&#xD;
2021-02-09 10:39:26 - [MESSAGE][PASSED] - platform.Method.clickOnElement is PASSED&#xD;
&#xD;
2021-02-09 10:39:26 - [TEST_STEP][PASSED] - testData = findTestData("Data Files/testData_Task"): null&#xD;
&#xD;
2021-02-09 10:39:26 - [TEST_STEP][PASSED] - platform.Training.addMultipleUtterance(testData, "stock_check_utterance"): platform.Training.addMultipleUtterance is PASSED&#xD;
&#xD;
2021-02-09 10:39:31 - [MESSAGE][PASSED] - Keys 'Is chair available in Hyderbad store?' sent to object: 'Object Repository/Input/utterance'&#xD;
&#xD;
2021-02-09 10:39:39 - [MESSAGE][PASSED] - Delayed 5 second(s)&#xD;
&#xD;
2021-02-09 10:39:41 - [MESSAGE][PASSED] - Keys 'I want to order a sofa, is it available in Mumbai store?' sent to object: 'Object Repository/Input/utterance'&#xD;
&#xD;
2021-02-09 10:39:48 - [MESSAGE][PASSED] - Delayed 5 second(s)&#xD;
&#xD;
2021-02-09 10:39:48 - [MESSAGE][PASSED] - platform.Training.addMultipleUtterance is PASSED&#xD;
&#xD;
2021-02-09 10:39:48 - [TEST_STEP][PASSED] - sendKeys(findTestObject("Input/intentName"), testData.getValue("intent_name", 2)): Keys 'stock_check' sent to object: 'Object Repository/Input/intentName'&#xD;
&#xD;
2021-02-09 10:39:51 - [MESSAGE][PASSED] - Keys 'stock_check' sent to object: 'Object Repository/Input/intentName'&#xD;
&#xD;
2021-02-09 10:39:51 - [TEST_STEP][PASSED] - sendKeys(findTestObject("Input/finalTempKey"), testData.getValue("dynamic_template", 3)): Keys 'stock_check_template' sent to object: 'Object Repository/Input/finalTempKey'&#xD;
&#xD;
2021-02-09 10:39:54 - [MESSAGE][PASSED] - Keys 'stock_check_template' sent to object: 'Object Repository/Input/finalTempKey'&#xD;
&#xD;
2021-02-09 10:39:54 - [TEST_STEP][PASSED] - platform.Training.createInstantResponse(testData.getValue("dynamic_template", 3), "Setting default value. Will be converted to dynamic type"): platform.Training.createInstantResponse is PASSED&#xD;
&#xD;
2021-02-09 10:39:59 - [MESSAGE][PASSED] - Keys 'stock_check_template' sent to object: 'Object Repository/NewRepo2/templateKeyPopUp'&#xD;
&#xD;
2021-02-09 10:40:02 - [MESSAGE][PASSED] - Keys 'Setting default value. Will be converted to dynamic type' sent to object: 'Object Repository/NewRepo2/templateResponsePopUp'&#xD;
&#xD;
2021-02-09 10:40:04 - [MESSAGE][PASSED] - platform.Training.createInstantResponse is PASSED&#xD;
&#xD;
2021-02-09 10:40:04 - [TEST_STEP][PASSED] - platform.Method.clickOnElement(findTestObject("Button/save", ["value":" Save "])): platform.Method.clickOnElement is PASSED&#xD;
&#xD;
2021-02-09 10:40:06 - [MESSAGE][PASSED] - platform.Method.clickOnElement is PASSED&#xD;
&#xD;
2021-02-09 10:40:06 - [TEST_STEP][PASSED] - verifyElementText(findTestObject("Generic/header"), "stock_check", OPTIONAL): Actual text and expected text of test object 'Object Repository/Generic/header' are matched.&#xD;
&#xD;
2021-02-09 10:40:08 - [MESSAGE][PASSED] - Actual text and expected text of test object 'Object Repository/Generic/header' are matched.&#xD;
&#xD;
2021-02-09 10:40:08 - [TEST_STEP][PASSED] - platform.Method.clickOnElement(findTestObject("Generic/response")): platform.Method.clickOnElement is PASSED&#xD;
&#xD;
2021-02-09 10:40:11 - [MESSAGE][PASSED] - platform.Method.clickOnElement is PASSED&#xD;
&#xD;
2021-02-09 10:40:11 - [TEST_STEP][PASSED] - platform.Method.clickOnElement(findTestObject("Generic/webObjectWithText", ["textValue":"stock_check_template "])): platform.Method.clickOnElement is PASSED&#xD;
&#xD;
2021-02-09 10:40:13 - [MESSAGE][PASSED] - platform.Method.clickOnElement is PASSED&#xD;
&#xD;
2021-02-09 10:40:13 - [TEST_STEP][PASSED] - platform.Method.clickOnElement(findTestObject("Generic/webObjectWithText", ["textValue":"Rich"])): platform.Method.clickOnElement is PASSED&#xD;
&#xD;
2021-02-09 10:40:15 - [MESSAGE][PASSED] - platform.Method.clickOnElement is PASSED&#xD;
&#xD;
2021-02-09 10:40:15 - [TEST_STEP][PASSED] - platform.Method.clickOnElement(findTestObject("NewRepo2/dynamic")): platform.Method.clickOnElement is PASSED&#xD;
&#xD;
2021-02-09 10:40:18 - [MESSAGE][PASSED] - platform.Method.clickOnElement is PASSED&#xD;
&#xD;
2021-02-09 10:40:18 - [TEST_STEP][PASSED] - uploadFile(findTestObject("Input/uploadFile"), getProjectDir() + "/Collection/" + testData.getValue("dynamic_template_file", 3)): File 'D:/2021/IMIbot.ai-Project/Collection/stock_check_template.py' sent to object: 'Object Repository/Input/uploadFile'&#xD;
&#xD;
2021-02-09 10:40:20 - [MESSAGE][PASSED] - File 'D:/2021/IMIbot.ai-Project/Collection/stock_check_template.py' sent to object: 'Object Repository/Input/uploadFile'&#xD;
&#xD;
2021-02-09 10:40:20 - [TEST_STEP][PASSED] - platform.Method.clickOnElement(findTestObject("NewRepo/refresh")): platform.Method.clickOnElement is PASSED&#xD;
&#xD;
2021-02-09 10:40:23 - [MESSAGE][PASSED] - platform.Method.clickOnElement is PASSED&#xD;
&#xD;
2021-02-09 10:40:23 - [TEST_STEP][PASSED] - waitForElementPresent(findTestObject("ICONS/toastMsg"), 15, OPTIONAL): Object 'Object Repository/ICONS/toastMsg' is present&#xD;
&#xD;
2021-02-09 10:40:24 - [MESSAGE][PASSED] - Object 'Object Repository/ICONS/toastMsg' is present</system-out>
            <system-err></system-err>
        </testcase>
        <testcase name="Test Cases/TASK_SSO/downvoteWithComment_Test" classname="Test Cases/TASK_SSO/downvoteWithComment_Test" status="PASSED">
            <system-out>2021-02-09 10:40:24 - [TEST_CASE][PASSED] - Test Cases/TASK_SSO/downvoteWithComment_Test: Test Cases/TASK_SSO/downvoteWithComment_Test&#xD;
&#xD;
2021-02-09 10:40:25 - [TEST_STEP][PASSED] - platform.Method.clickOnElement(findTestObject("Generic/training")): platform.Method.clickOnElement is PASSED&#xD;
&#xD;
2021-02-09 10:40:27 - [MESSAGE][PASSED] - platform.Method.clickOnElement is PASSED&#xD;
&#xD;
2021-02-09 10:40:27 - [TEST_STEP][PASSED] - platform.Method.trainAndComment(comment): platform.Method.trainAndComment is PASSED&#xD;
&#xD;
2021-02-09 10:40:35 - [MESSAGE][PASSED] - Keys 'downvote test' sent to object: 'Object Repository/Input/comment'&#xD;
&#xD;
2021-02-09 10:40:37 - [MESSAGE][PASSED] - platform.Method.trainAndComment is PASSED&#xD;
&#xD;
2021-02-09 10:40:37 - [TEST_STEP][PASSED] - try: Object 'Object Repository/ICONS/toastMsg' is present&#xD;
&#xD;
2021-02-09 10:40:37 - [TEST_STEP][PASSED] - verifyElementPresent(findTestObject("ICONS/toastMsg"), 20, OPTIONAL): Object 'Object Repository/ICONS/toastMsg' is present&#xD;
&#xD;
2021-02-09 10:40:38 - [MESSAGE][PASSED] - Object 'Object Repository/ICONS/toastMsg' is present&#xD;
&#xD;
2021-02-09 10:40:38 - [TEST_STEP][PASSED] - platform.Method.clickOnElement(findTestObject("Button/preview")): platform.Method.clickOnElement is PASSED&#xD;
&#xD;
2021-02-09 10:40:41 - [MESSAGE][PASSED] - platform.Method.clickOnElement is PASSED&#xD;
&#xD;
2021-02-09 10:40:41 - [TEST_STEP][PASSED] - sendKeys(findTestObject("Input/chatInput"), Keys.chord(userQuery, ENTER)): Keys 'ENTER + I want to report for damaged product at delivery' sent to object: 'Object Repository/Input/chatInput'&#xD;
&#xD;
2021-02-09 10:40:44 - [MESSAGE][PASSED] - Keys 'ENTER + I want to report for damaged product at delivery' sent to object: 'Object Repository/Input/chatInput'&#xD;
&#xD;
2021-02-09 10:40:44 - [TEST_STEP][PASSED] - waitForElementPresent(findTestObject("Generic/botReponse", ["index":2]), 10, OPTIONAL): Object 'Object Repository/Generic/botReponse' is present&#xD;
&#xD;
2021-02-09 10:40:47 - [MESSAGE][PASSED] - Object 'Object Repository/Generic/botReponse' is present&#xD;
&#xD;
2021-02-09 10:40:47 - [TEST_STEP][PASSED] - verifyElementText(findTestObject("Generic/botReponse", ["index":2]), botResponse, OPTIONAL): Actual text 'Please enter a product name' and expected text 'Sorry, I am unable to understand your message. Could you please rephrase it?' of test object 'Object Repository/Generic/botReponse' are NOT matched. (Root cause: com.kms.katalon.core.exception.StepFailedException: Actual text 'Please enter a product name' and expected text 'Sorry, I am unable to understand your message. Could you please rephrase it?' of test object 'Object Repository/Generic/botReponse' are NOT matched.&#xD;
	at com.kms.katalon.core.webui.keyword.internal.WebUIKeywordMain.stepFailed(WebUIKeywordMain.groovy:64)&#xD;
	at com.kms.katalon.core.webui.keyword.builtin.VerifyElementTextKeyword$_verifyElementText_closure1.doCall(VerifyElementTextKeyword.groovy:57)&#xD;
	at com.kms.katalon.core.webui.keyword.builtin.VerifyElementTextKeyword$_verifyElementText_closure1.call(VerifyElementTextKeyword.groovy)&#xD;
	at com.kms.katalon.core.webui.keyword.internal.WebUIKeywordMain.runKeyword(WebUIKeywordMain.groovy:20)&#xD;
	at com.kms.katalon.core.webui.keyword.builtin.VerifyElementTextKeyword.verifyElementText(VerifyElementTextKeyword.groovy:72)&#xD;
	at com.kms.katalon.core.webui.keyword.builtin.VerifyElementTextKeyword.execute(VerifyElementTextKeyword.groovy:40)&#xD;
	at com.kms.katalon.core.keyword.internal.KeywordExecutor.executeKeywordForPlatform(KeywordExecutor.groovy:56)&#xD;
	at com.kms.katalon.core.webui.keyword.WebUiBuiltInKeywords.verifyElementText(WebUiBuiltInKeywords.groovy:3647)&#xD;
	at com.kms.katalon.core.webui.keyword.WebUiBuiltInKeywords$verifyElementText$5.call(Unknown Source)&#xD;
	at downvoteWithComment_Test.run(downvoteWithComment_Test:38)&#xD;
	at com.kms.katalon.core.main.ScriptEngine.run(ScriptEngine.java:194)&#xD;
	at com.kms.katalon.core.main.ScriptEngine.runScriptAsRawText(ScriptEngine.java:119)&#xD;
	at com.kms.katalon.core.main.TestCaseExecutor.runScript(TestCaseExecutor.java:337)&#xD;
	at com.kms.katalon.core.main.TestCaseExecutor.doExecute(TestCaseExecutor.java:328)&#xD;
	at com.kms.katalon.core.main.TestCaseExecutor.processExecutionPhase(TestCaseExecutor.java:307)&#xD;
	at com.kms.katalon.core.main.TestCaseExecutor.accessMainPhase(TestCaseExecutor.java:299)&#xD;
	at com.kms.katalon.core.main.TestCaseExecutor.execute(TestCaseExecutor.java:233)&#xD;
	at com.kms.katalon.core.main.TestSuiteExecutor.accessTestCaseMainPhase(TestSuiteExecutor.java:169)&#xD;
	at com.kms.katalon.core.main.TestSuiteExecutor.accessTestSuiteMainPhase(TestSuiteExecutor.java:142)&#xD;
	at com.kms.katalon.core.main.TestSuiteExecutor.execute(TestSuiteExecutor.java:91)&#xD;
	at com.kms.katalon.core.main.TestCaseMain.startTestSuite(TestCaseMain.java:157)&#xD;
	at com.kms.katalon.core.main.TestCaseMain$startTestSuite$0.call(Unknown Source)&#xD;
	at TempTestSuite1612846706833.run(TempTestSuite1612846706833.groovy:35)&#xD;
)&#xD;
&#xD;
2021-02-09 10:40:51 - [MESSAGE][WARNING] - Actual text 'Please enter a product name' and expected text 'Sorry, I am unable to understand your message. Could you please rephrase it?' of test object 'Object Repository/Generic/botReponse' are NOT matched. (Root cause: com.kms.katalon.core.exception.StepFailedException: Actual text 'Please enter a product name' and expected text 'Sorry, I am unable to understand your message. Could you please rephrase it?' of test object 'Object Repository/Generic/botReponse' are NOT matched.&#xD;
	at com.kms.katalon.core.webui.keyword.internal.WebUIKeywordMain.stepFailed(WebUIKeywordMain.groovy:64)&#xD;
	at com.kms.katalon.core.webui.keyword.builtin.VerifyElementTextKeyword$_verifyElementText_closure1.doCall(VerifyElementTextKeyword.groovy:57)&#xD;
	at com.kms.katalon.core.webui.keyword.builtin.VerifyElementTextKeyword$_verifyElementText_closure1.call(VerifyElementTextKeyword.groovy)&#xD;
	at com.kms.katalon.core.webui.keyword.internal.WebUIKeywordMain.runKeyword(WebUIKeywordMain.groovy:20)&#xD;
	at com.kms.katalon.core.webui.keyword.builtin.VerifyElementTextKeyword.verifyElementText(VerifyElementTextKeyword.groovy:72)&#xD;
	at com.kms.katalon.core.webui.keyword.builtin.VerifyElementTextKeyword.execute(VerifyElementTextKeyword.groovy:40)&#xD;
	at com.kms.katalon.core.keyword.internal.KeywordExecutor.executeKeywordForPlatform(KeywordExecutor.groovy:56)&#xD;
	at com.kms.katalon.core.webui.keyword.WebUiBuiltInKeywords.verifyElementText(WebUiBuiltInKeywords.groovy:3647)&#xD;
	at com.kms.katalon.core.webui.keyword.WebUiBuiltInKeywords$verifyElementText$5.call(Unknown Source)&#xD;
	at downvoteWithComment_Test.run(downvoteWithComment_Test:38)&#xD;
	at com.kms.katalon.core.main.ScriptEngine.run(ScriptEngine.java:194)&#xD;
	at com.kms.katalon.core.main.ScriptEngine.runScriptAsRawText(ScriptEngine.java:119)&#xD;
	at com.kms.katalon.core.main.TestCaseExecutor.runScript(TestCaseExecutor.java:337)&#xD;
	at com.kms.katalon.core.main.TestCaseExecutor.doExecute(TestCaseExecutor.java:328)&#xD;
	at com.kms.katalon.core.main.TestCaseExecutor.processExecutionPhase(TestCaseExecutor.java:307)&#xD;
	at com.kms.katalon.core.main.TestCaseExecutor.accessMainPhase(TestCaseExecutor.java:299)&#xD;
	at com.kms.katalon.core.main.TestCaseExecutor.execute(TestCaseExecutor.java:233)&#xD;
	at com.kms.katalon.core.main.TestSuiteExecutor.accessTestCaseMainPhase(TestSuiteExecutor.java:169)&#xD;
	at com.kms.katalon.core.main.TestSuiteExecutor.accessTestSuiteMainPhase(TestSuiteExecutor.java:142)&#xD;
	at com.kms.katalon.core.main.TestSuiteExecutor.execute(TestSuiteExecutor.java:91)&#xD;
	at com.kms.katalon.core.main.TestCaseMain.startTestSuite(TestCaseMain.java:157)&#xD;
	at com.kms.katalon.core.main.TestCaseMain$startTestSuite$0.call(Unknown Source)&#xD;
	at TempTestSuite1612846706833.run(TempTestSuite1612846706833.groovy:35)&#xD;
)&#xD;
[[ATTACHMENT|D:\\2021\\IMIbot.ai-Project\\Reports\\20210209_102826\\TASK_SSO\\20210209_102826\\1612847449303.png]]&#xD;
&#xD;
2021-02-09 10:40:51 - [TEST_STEP][PASSED] - platform.Preview.downvoteResponseWithComment(findTestData("Data Files/testData_Task").getValue("comment", 3)): platform.Preview.downvoteResponseWithComment is PASSED&#xD;
&#xD;
2021-02-09 10:40:54 - [MESSAGE][PASSED] - Object: 'Object Repository/Button/downvote' is clicked on&#xD;
&#xD;
2021-02-09 10:40:57 - [MESSAGE][PASSED] - Keys 'Bot response is not relevant to my query' sent to object: 'Object Repository/Input/downvoteComment'&#xD;
&#xD;
2021-02-09 10:40:59 - [MESSAGE][PASSED] - platform.Preview.downvoteResponseWithComment is PASSED&#xD;
&#xD;
2021-02-09 10:40:59 - [TEST_STEP][PASSED] - getRoomIdAt = new java.util.ArrayList(): null&#xD;
&#xD;
2021-02-09 10:40:59 - [TEST_STEP][PASSED] - getRoomIdAt = platform.Utility.getRoomID(): platform.Utility.getRoomID is PASSED&#xD;
&#xD;
2021-02-09 10:41:06 - [MESSAGE][PASSED] - platform.Utility.getRoomID is PASSED&#xD;
&#xD;
2021-02-09 10:41:06 - [TEST_STEP][PASSED] - roomID = get(0).toString(): null&#xD;
&#xD;
2021-02-09 10:41:06 - [TEST_STEP][PASSED] - platform.Utility.overWriteTestData("Task bot", 1, 0, roomID): platform.Utility.overWriteTestData is PASSED&#xD;
&#xD;
2021-02-09 10:41:07 - [MESSAGE][PASSED] - platform.Utility.overWriteTestData is PASSED&#xD;
&#xD;
2021-02-09 10:41:07 - [TEST_STEP][PASSED] - platform.Method.clickOnElement(findTestObject("Generic/session")): platform.Method.clickOnElement is PASSED&#xD;
&#xD;
2021-02-09 10:41:09 - [MESSAGE][PASSED] - platform.Method.clickOnElement is PASSED&#xD;
&#xD;
2021-02-09 10:41:09 - [TEST_STEP][PASSED] - platform.Method.clickOnElement(findTestObject("GenericII/minimize")): platform.Method.clickOnElement is PASSED&#xD;
&#xD;
2021-02-09 10:41:12 - [MESSAGE][PASSED] - platform.Method.clickOnElement is PASSED&#xD;
&#xD;
2021-02-09 10:41:12 - [TEST_STEP][PASSED] - setText(findTestObject("Input/roomID", ["value":"id"]), roomID): Text '4497596' is set on object 'Object Repository/Input/roomID'&#xD;
&#xD;
2021-02-09 10:41:15 - [MESSAGE][PASSED] - Text '4497596' is set on object 'Object Repository/Input/roomID'&#xD;
&#xD;
2021-02-09 10:41:15 - [TEST_STEP][PASSED] - platform.Method.clickOnElement(findTestObject("Button/submitSession")): platform.Method.clickOnElement is PASSED&#xD;
&#xD;
2021-02-09 10:41:18 - [MESSAGE][PASSED] - platform.Method.clickOnElement is PASSED&#xD;
&#xD;
2021-02-09 10:41:18 - [TEST_STEP][PASSED] - platform.Method.clickOnElement(findTestObject("Generic/webObjectWithText", ["textValue":roomID])): platform.Method.clickOnElement is PASSED&#xD;
&#xD;
2021-02-09 10:41:20 - [MESSAGE][PASSED] - platform.Method.clickOnElement is PASSED&#xD;
&#xD;
2021-02-09 10:41:20 - [TEST_STEP][PASSED] - mouseOver(findTestObject("Generic/webObjectWithText", ["textValue":"Downvoted with comment"])): Object: 'Object Repository/Generic/webObjectWithText' is hovered&#xD;
&#xD;
2021-02-09 10:41:23 - [MESSAGE][PASSED] - Object: 'Object Repository/Generic/webObjectWithText' is hovered&#xD;
&#xD;
2021-02-09 10:41:23 - [TEST_STEP][PASSED] - verifyElementPresent(findTestObject("Generic/webObjectWithText", ["textValue":"Downvoted with comment"]), 10, CONTINUE_ON_FAILURE): Object 'Object Repository/Generic/webObjectWithText' is present&#xD;
&#xD;
2021-02-09 10:41:24 - [MESSAGE][PASSED] - Object 'Object Repository/Generic/webObjectWithText' is present&#xD;
&#xD;
2021-02-09 10:41:24 - [TEST_STEP][PASSED] - platform.Method.clickOnElement(findTestObject("GenericII/closePopup")): platform.Method.clickOnElement is PASSED&#xD;
&#xD;
2021-02-09 10:41:27 - [MESSAGE][PASSED] - platform.Method.clickOnElement is PASSED</system-out>
            <system-err></system-err>
        </testcase>
        <testcase name="Test Cases/TASK_SSO/createNewIntentCuration_Test" classname="Test Cases/TASK_SSO/createNewIntentCuration_Test" status="PASSED">
            <system-out>2021-02-09 10:41:27 - [TEST_CASE][PASSED] - Test Cases/TASK_SSO/createNewIntentCuration_Test: Test Cases/TASK_SSO/createNewIntentCuration_Test&#xD;
&#xD;
2021-02-09 10:41:28 - [TEST_STEP][PASSED] - platform.Method.clickOnElement(findTestObject("Generic/curation")): platform.Method.clickOnElement is PASSED&#xD;
&#xD;
2021-02-09 10:41:31 - [MESSAGE][PASSED] - platform.Method.clickOnElement is PASSED&#xD;
&#xD;
2021-02-09 10:41:31 - [TEST_STEP][PASSED] - testData = findTestData("Data Files/testData_Task"): null&#xD;
&#xD;
2021-02-09 10:41:31 - [TEST_STEP][PASSED] - platform.Method.clickOnElement(findTestObject("Generic/webObjectWithText", ["textValue":"Issues"])): platform.Method.clickOnElement is PASSED&#xD;
&#xD;
2021-02-09 10:41:34 - [MESSAGE][PASSED] - platform.Method.clickOnElement is PASSED&#xD;
&#xD;
2021-02-09 10:41:34 - [TEST_STEP][PASSED] - sendKeys(findTestObject("Input/roomID", ["value":"room_id"]), testData.getValue("room_id", 1)): Keys '4497596' sent to object: 'Object Repository/Input/roomID'&#xD;
&#xD;
2021-02-09 10:41:37 - [MESSAGE][PASSED] - Keys '4497596' sent to object: 'Object Repository/Input/roomID'&#xD;
&#xD;
2021-02-09 10:41:37 - [TEST_STEP][PASSED] - platform.Method.clickOnElement(findTestObject("Button/filter")): platform.Method.clickOnElement is PASSED&#xD;
&#xD;
2021-02-09 10:41:39 - [MESSAGE][PASSED] - platform.Method.clickOnElement is PASSED&#xD;
&#xD;
2021-02-09 10:41:39 - [TEST_STEP][PASSED] - verifyElementPresent(findTestObject("ICONS/downvote"), 10, CONTINUE_ON_FAILURE): Object 'Object Repository/ICONS/downvote' is present&#xD;
&#xD;
2021-02-09 10:41:40 - [MESSAGE][PASSED] - Object 'Object Repository/ICONS/downvote' is present&#xD;
&#xD;
2021-02-09 10:41:40 - [TEST_STEP][PASSED] - platform.Method.clickOnElement(findTestObject("Button/addToNewIntent")): platform.Method.clickOnElement is PASSED&#xD;
&#xD;
2021-02-09 10:41:44 - [MESSAGE][PASSED] - platform.Method.clickOnElement is PASSED&#xD;
&#xD;
2021-02-09 10:41:44 - [TEST_STEP][PASSED] - verifyElementText(findTestObject("Generic/header"), "Create intent", CONTINUE_ON_FAILURE): Actual text and expected text of test object 'Object Repository/Generic/header' are matched.&#xD;
&#xD;
2021-02-09 10:41:46 - [MESSAGE][PASSED] - Actual text and expected text of test object 'Object Repository/Generic/header' are matched.&#xD;
&#xD;
2021-02-09 10:41:46 - [TEST_STEP][PASSED] - sendKeys(findTestObject("Input/intentName"), testData.getValue("intent_name", 4)): Keys 'report_complain' sent to object: 'Object Repository/Input/intentName'&#xD;
&#xD;
2021-02-09 10:41:49 - [MESSAGE][PASSED] - Keys 'report_complain' sent to object: 'Object Repository/Input/intentName'&#xD;
&#xD;
2021-02-09 10:41:49 - [TEST_STEP][PASSED] - platform.Method.clickOnElement(findTestObject("Slots/linkEntity")): platform.Method.clickOnElement is PASSED&#xD;
&#xD;
2021-02-09 10:41:51 - [MESSAGE][PASSED] - platform.Method.clickOnElement is PASSED&#xD;
&#xD;
2021-02-09 10:41:51 - [TEST_STEP][PASSED] - platform.Method.clickOnElement(findTestObject("Generic/webObjectWithText", ["textValue":"order_id"])): platform.Method.clickOnElement is PASSED&#xD;
&#xD;
2021-02-09 10:41:54 - [MESSAGE][PASSED] - platform.Method.clickOnElement is PASSED&#xD;
&#xD;
2021-02-09 10:41:54 - [TEST_STEP][PASSED] - check(findTestObject("Slots/checkbox", ["rowValue":1])): Object 'Object Repository/Slots/checkbox' is checked&#xD;
&#xD;
2021-02-09 10:41:57 - [MESSAGE][PASSED] - Object 'Object Repository/Slots/checkbox' is checked&#xD;
&#xD;
2021-02-09 10:41:57 - [TEST_STEP][PASSED] - setText(findTestObject("Slots/retries", ["rowValue":1]), "2"): Text '2' is set on object 'Object Repository/Slots/retries'&#xD;
&#xD;
2021-02-09 10:42:01 - [MESSAGE][PASSED] - Text '2' is set on object 'Object Repository/Slots/retries'&#xD;
&#xD;
2021-02-09 10:42:01 - [TEST_STEP][PASSED] - setText(findTestObject("Slots/templateKey", ["rowValue":1]), testData.getValue("missing_entity", 2)): Text 'missing_order_id' is set on object 'Object Repository/Slots/templateKey'&#xD;
&#xD;
2021-02-09 10:42:05 - [MESSAGE][PASSED] - Text 'missing_order_id' is set on object 'Object Repository/Slots/templateKey'&#xD;
&#xD;
2021-02-09 10:42:05 - [TEST_STEP][PASSED] - platform.Training.createInstantResponse(findTestData("Data Files/testData_Task").getValue("missing_entity", 2), testData.getValue("missing_entity_default_text", 2)): platform.Training.createInstantResponse is PASSED&#xD;
&#xD;
2021-02-09 10:42:10 - [MESSAGE][PASSED] - Keys 'missing_order_id' sent to object: 'Object Repository/NewRepo2/templateKeyPopUp'&#xD;
&#xD;
2021-02-09 10:42:13 - [MESSAGE][PASSED] - Keys 'Please enter your order id' sent to object: 'Object Repository/NewRepo2/templateResponsePopUp'&#xD;
&#xD;
2021-02-09 10:42:15 - [MESSAGE][PASSED] - platform.Training.createInstantResponse is PASSED&#xD;
&#xD;
2021-02-09 10:42:15 - [TEST_STEP][PASSED] - platform.Method.clickOnElement(findTestObject("Generic/webObjectWithText", ["textValue":testData.getValue("missing_entity", 2)])): platform.Method.clickOnElement is PASSED&#xD;
&#xD;
2021-02-09 10:42:17 - [MESSAGE][PASSED] - platform.Method.clickOnElement is PASSED&#xD;
&#xD;
2021-02-09 10:42:17 - [TEST_STEP][PASSED] - sendKeys(findTestObject("Input/finalTempKey"), testData.getValue("final_template", 2)): Keys 'regret_message' sent to object: 'Object Repository/Input/finalTempKey'&#xD;
&#xD;
2021-02-09 10:42:20 - [MESSAGE][PASSED] - Keys 'regret_message' sent to object: 'Object Repository/Input/finalTempKey'&#xD;
&#xD;
2021-02-09 10:42:20 - [TEST_STEP][PASSED] - platform.Training.createInstantResponse(findTestData("Data Files/testData_Task").getValue("missing_entity", 3), testData.getValue("missing_entity_default_text", 3)): platform.Training.createInstantResponse is PASSED&#xD;
&#xD;
2021-02-09 10:42:25 - [MESSAGE][PASSED] - Keys 'regret_message' sent to object: 'Object Repository/NewRepo2/templateKeyPopUp'&#xD;
&#xD;
2021-02-09 10:42:29 - [MESSAGE][PASSED] - Keys 'Sorry for the inconvenience caused. We are escalating your request. An agent will be assigned to you shortly.' sent to object: 'Object Repository/NewRepo2/templateResponsePopUp'&#xD;
&#xD;
2021-02-09 10:42:31 - [MESSAGE][PASSED] - platform.Training.createInstantResponse is PASSED&#xD;
&#xD;
2021-02-09 10:42:31 - [TEST_STEP][PASSED] - platform.Method.clickOnElement(findTestObject("Button/save", ["value":" Save "])): platform.Method.clickOnElement is PASSED&#xD;
&#xD;
2021-02-09 10:42:33 - [MESSAGE][PASSED] - platform.Method.clickOnElement is PASSED&#xD;
&#xD;
2021-02-09 10:42:33 - [TEST_STEP][PASSED] - platform.Method.trainAndComment(testData.getValue("comment", 4)): platform.Method.trainAndComment is PASSED&#xD;
&#xD;
2021-02-09 10:42:41 - [MESSAGE][PASSED] - Keys 'complain intent created' sent to object: 'Object Repository/Input/comment'&#xD;
&#xD;
2021-02-09 10:42:43 - [MESSAGE][PASSED] - platform.Method.trainAndComment is PASSED&#xD;
&#xD;
2021-02-09 10:42:43 - [TEST_STEP][PASSED] - verifyElementPresent(findTestObject("ICONS/toastMsg"), 20, CONTINUE_ON_FAILURE): Object 'Object Repository/ICONS/toastMsg' is present&#xD;
&#xD;
2021-02-09 10:42:44 - [MESSAGE][PASSED] - Object 'Object Repository/ICONS/toastMsg' is present&#xD;
&#xD;
2021-02-09 10:42:44 - [TEST_STEP][PASSED] - platform.Method.clickOnElement(findTestObject("Button/preview")): platform.Method.clickOnElement is PASSED&#xD;
&#xD;
2021-02-09 10:42:47 - [MESSAGE][PASSED] - platform.Method.clickOnElement is PASSED&#xD;
&#xD;
2021-02-09 10:42:47 - [TEST_STEP][PASSED] - sendKeys(findTestObject("Input/chatInput"), Keys.chord(userQuery, ENTER)): Keys 'ENTER + report for damaged product' sent to object: 'Object Repository/Input/chatInput'&#xD;
&#xD;
2021-02-09 10:42:50 - [MESSAGE][PASSED] - Keys 'ENTER + report for damaged product' sent to object: 'Object Repository/Input/chatInput'&#xD;
&#xD;
2021-02-09 10:42:50 - [TEST_STEP][PASSED] - delay(2): Delayed 2 second(s)&#xD;
&#xD;
2021-02-09 10:42:52 - [MESSAGE][PASSED] - Delayed 2 second(s)&#xD;
&#xD;
2021-02-09 10:42:52 - [TEST_STEP][PASSED] - verifyElementText(findTestObject("GenericII/getBotResponse", ["index":2]), testData.getValue("missing_entity_default_text", 2), CONTINUE_ON_FAILURE): Actual text and expected text of test object 'Object Repository/GenericII/getBotResponse' are matched.&#xD;
&#xD;
2021-02-09 10:42:54 - [MESSAGE][PASSED] - Actual text and expected text of test object 'Object Repository/GenericII/getBotResponse' are matched.&#xD;
&#xD;
2021-02-09 10:42:54 - [TEST_STEP][PASSED] - sendKeys(findTestObject("Input/chatInput"), Keys.chord("00001234", ENTER)): Keys 'ENTER + 00001234' sent to object: 'Object Repository/Input/chatInput'&#xD;
&#xD;
2021-02-09 10:42:56 - [MESSAGE][PASSED] - Keys 'ENTER + 00001234' sent to object: 'Object Repository/Input/chatInput'&#xD;
&#xD;
2021-02-09 10:42:56 - [TEST_STEP][PASSED] - verifyElementText(findTestObject("GenericII/getBotResponse", ["index":3]), testData.getValue("missing_entity_default_text", 3), CONTINUE_ON_FAILURE): Actual text and expected text of test object 'Object Repository/GenericII/getBotResponse' are matched.&#xD;
&#xD;
2021-02-09 10:42:59 - [MESSAGE][PASSED] - Actual text and expected text of test object 'Object Repository/GenericII/getBotResponse' are matched.&#xD;
&#xD;
2021-02-09 10:42:59 - [TEST_STEP][PASSED] - platform.Method.clickOnElement(findTestObject("Button/upvote")): platform.Method.clickOnElement is PASSED&#xD;
&#xD;
2021-02-09 10:43:01 - [MESSAGE][PASSED] - platform.Method.clickOnElement is PASSED&#xD;
&#xD;
2021-02-09 10:43:01 - [TEST_STEP][PASSED] - platform.Method.clickOnElement(findTestObject("GenericII/minimize")): platform.Method.clickOnElement is PASSED&#xD;
&#xD;
2021-02-09 10:43:03 - [MESSAGE][PASSED] - platform.Method.clickOnElement is PASSED</system-out>
            <system-err></system-err>
        </testcase>
        <testcase name="Test Cases/TASK_SSO/newIntentCreation_WO_TemplateKeyCreationInCuration" classname="Test Cases/TASK_SSO/newIntentCreation_WO_TemplateKeyCreationInCuration" status="FAILED">
[...]
&#xD;
2021-02-09 10:57:32 - [MESSAGE][PASSED] - Text 'default text' is set on object 'Object Repository/WEB_OBJECTS/mediaURL'&#xD;
&#xD;
2021-02-09 10:57:32 - [MESSAGE][PASSED] - platform.ResponseDesigner.configureMediaResponse is PASSED&#xD;
&#xD;
2021-02-09 10:57:32 - [TEST_STEP][PASSED] - platform.Method.removeFocus(findTestObject("WEB_OBJECTS/mediaURL")): platform.Method.removeFocus is PASSED&#xD;
&#xD;
2021-02-09 10:57:34 - [MESSAGE][PASSED] - platform.Method.removeFocus is PASSED&#xD;
&#xD;
2021-02-09 10:57:34 - [TEST_STEP][PASSED] - verifyElementPresent(findTestObject("WEB_OBJECTS/alertInvalidURL"), 20, CONTINUE_ON_FAILURE): Object 'Object Repository/WEB_OBJECTS/alertInvalidURL' is present&#xD;
&#xD;
2021-02-09 10:57:35 - [MESSAGE][PASSED] - Object 'Object Repository/WEB_OBJECTS/alertInvalidURL' is present&#xD;
&#xD;
2021-02-09 10:57:35 - [TEST_STEP][PASSED] - setText(findTestObject("WEB_OBJECTS/mediaURL"), image_url): Text 'https://file-examples-com.github.io/uploads/2017/10/file_example_GIF_1MB.gif' is set on object 'Object Repository/WEB_OBJECTS/mediaURL'&#xD;
&#xD;
2021-02-09 10:57:41 - [MESSAGE][PASSED] - Text 'https://file-examples-com.github.io/uploads/2017/10/file_example_GIF_1MB.gif' is set on object 'Object Repository/WEB_OBJECTS/mediaURL'&#xD;
&#xD;
2021-02-09 10:57:41 - [TEST_STEP][PASSED] - platform.Method.removeFocus(findTestObject("WEB_OBJECTS/mediaURL")): platform.Method.removeFocus is PASSED&#xD;
&#xD;
2021-02-09 10:57:44 - [MESSAGE][PASSED] - platform.Method.removeFocus is PASSED&#xD;
&#xD;
2021-02-09 10:57:44 - [TEST_STEP][PASSED] - verifyElementPresent(findTestObject("WEB_OBJECTS/alert", ["alert_value":"Needs to end with .jpg/.png/.jpeg"]), 20, CONTINUE_ON_FAILURE): Object 'Object Repository/WEB_OBJECTS/alert' is present&#xD;
&#xD;
2021-02-09 10:57:45 - [MESSAGE][PASSED] - Object 'Object Repository/WEB_OBJECTS/alert' is present&#xD;
&#xD;
2021-02-09 10:57:45 - [TEST_STEP][PASSED] - setText(findTestObject("WEB_OBJECTS/mediaURL"), " "): Text ' ' is set on object 'Object Repository/WEB_OBJECTS/mediaURL'&#xD;
&#xD;
2021-02-09 10:57:48 - [MESSAGE][PASSED] - Text ' ' is set on object 'Object Repository/WEB_OBJECTS/mediaURL'&#xD;
&#xD;
2021-02-09 10:57:48 - [TEST_STEP][PASSED] - verifyElementPresent(findTestObject("WEB_OBJECTS/alertInvalidData"), 20, CONTINUE_ON_FAILURE): Object 'Object Repository/WEB_OBJECTS/alertInvalidData' is present&#xD;
&#xD;
2021-02-09 10:57:50 - [MESSAGE][PASSED] - Object 'Object Repository/WEB_OBJECTS/alertInvalidData' is present&#xD;
&#xD;
2021-02-09 10:57:50 - [TEST_STEP][PASSED] - platform.ResponseDesigner.deleteSecondaryTemplate(2): platform.ResponseDesigner.deleteSecondaryTemplate is PASSED&#xD;
&#xD;
2021-02-09 10:57:52 - [MESSAGE][PASSED] - Scroll to object 'Object Repository/WEB_OBJECTS/trashIcon' successfully&#xD;
&#xD;
2021-02-09 10:58:08 - [MESSAGE][WARNING] - Object 'Object Repository/WEB_OBJECTS/trashIcon' is not visible after 15 second(s)&#xD;
&#xD;
2021-02-09 10:58:10 - [MESSAGE][PASSED] - platform.ResponseDesigner.deleteSecondaryTemplate is PASSED&#xD;
&#xD;
2021-02-09 10:58:10 - [TEST_STEP][PASSED] - platform.ResponseDesigner.configureMediaResponse("audio", "default text"): platform.ResponseDesigner.configureMediaResponse is PASSED&#xD;
&#xD;
2021-02-09 10:58:17 - [MESSAGE][PASSED] - Text 'default text' is set on object 'Object Repository/WEB_OBJECTS/mediaURL'&#xD;
&#xD;
2021-02-09 10:58:17 - [MESSAGE][PASSED] - platform.ResponseDesigner.configureMediaResponse is PASSED&#xD;
&#xD;
2021-02-09 10:58:17 - [TEST_STEP][PASSED] - platform.Method.removeFocus(findTestObject("WEB_OBJECTS/mediaURL")): platform.Method.removeFocus is PASSED&#xD;
&#xD;
2021-02-09 10:58:19 - [MESSAGE][PASSED] - platform.Method.removeFocus is PASSED&#xD;
&#xD;
2021-02-09 10:58:19 - [TEST_STEP][PASSED] - verifyElementPresent(findTestObject("WEB_OBJECTS/alertInvalidURL"), 20, CONTINUE_ON_FAILURE): Object 'Object Repository/WEB_OBJECTS/alertInvalidURL' is present&#xD;
&#xD;
2021-02-09 10:58:20 - [MESSAGE][PASSED] - Object 'Object Repository/WEB_OBJECTS/alertInvalidURL' is present&#xD;
&#xD;
2021-02-09 10:58:20 - [TEST_STEP][PASSED] - setText(findTestObject("WEB_OBJECTS/mediaURL"), audio_url): Text 'https://file-examples-com.github.io/uploads/2017/11/file_example_WAV_5MG.wav' is set on object 'Object Repository/WEB_OBJECTS/mediaURL'&#xD;
&#xD;
2021-02-09 10:58:26 - [MESSAGE][PASSED] - Text 'https://file-examples-com.github.io/uploads/2017/11/file_example_WAV_5MG.wav' is set on object 'Object Repository/WEB_OBJECTS/mediaURL'&#xD;
&#xD;
2021-02-09 10:58:26 - [TEST_STEP][PASSED] - platform.Method.removeFocus(findTestObject("WEB_OBJECTS/mediaURL")): platform.Method.removeFocus is PASSED&#xD;
&#xD;
2021-02-09 10:58:28 - [MESSAGE][PASSED] - platform.Method.removeFocus is PASSED&#xD;
&#xD;
2021-02-09 10:58:28 - [TEST_STEP][PASSED] - verifyElementPresent(findTestObject("WEB_OBJECTS/alert", ["alert_value":"Needs to end with .mp3/.aac"]), 20, CONTINUE_ON_FAILURE): Object 'Object Repository/WEB_OBJECTS/alert' is present&#xD;
&#xD;
2021-02-09 10:58:30 - [MESSAGE][PASSED] - Object 'Object Repository/WEB_OBJECTS/alert' is present&#xD;
&#xD;
2021-02-09 10:58:30 - [TEST_STEP][PASSED] - setText(findTestObject("WEB_OBJECTS/mediaURL"), " "): Text ' ' is set on object 'Object Repository/WEB_OBJECTS/mediaURL'&#xD;
&#xD;
2021-02-09 10:58:33 - [MESSAGE][PASSED] - Text ' ' is set on object 'Object Repository/WEB_OBJECTS/mediaURL'&#xD;
&#xD;
2021-02-09 10:58:33 - [TEST_STEP][PASSED] - verifyElementPresent(findTestObject("WEB_OBJECTS/alertInvalidData"), 20, CONTINUE_ON_FAILURE): Object 'Object Repository/WEB_OBJECTS/alertInvalidData' is present&#xD;
&#xD;
2021-02-09 10:58:34 - [MESSAGE][PASSED] - Object 'Object Repository/WEB_OBJECTS/alertInvalidData' is present&#xD;
&#xD;
2021-02-09 10:58:34 - [TEST_STEP][PASSED] - platform.ResponseDesigner.deleteSecondaryTemplate(2): platform.ResponseDesigner.deleteSecondaryTemplate is PASSED&#xD;
&#xD;
2021-02-09 10:58:36 - [MESSAGE][PASSED] - Scroll to object 'Object Repository/WEB_OBJECTS/trashIcon' successfully&#xD;
&#xD;
2021-02-09 10:58:53 - [MESSAGE][WARNING] - Object 'Object Repository/WEB_OBJECTS/trashIcon' is not visible after 15 second(s)&#xD;
&#xD;
2021-02-09 10:58:55 - [MESSAGE][PASSED] - platform.ResponseDesigner.deleteSecondaryTemplate is PASSED&#xD;
&#xD;
2021-02-09 10:58:55 - [TEST_STEP][PASSED] - platform.ResponseDesigner.configureMediaResponse("video", "default text"): platform.ResponseDesigner.configureMediaResponse is PASSED&#xD;
&#xD;
2021-02-09 10:59:02 - [MESSAGE][PASSED] - Text 'default text' is set on object 'Object Repository/WEB_OBJECTS/mediaURL'&#xD;
&#xD;
2021-02-09 10:59:02 - [MESSAGE][PASSED] - platform.ResponseDesigner.configureMediaResponse is PASSED&#xD;
&#xD;
2021-02-09 10:59:02 - [TEST_STEP][PASSED] - platform.Method.removeFocus(findTestObject("WEB_OBJECTS/mediaURL")): platform.Method.removeFocus is PASSED&#xD;
&#xD;
2021-02-09 10:59:04 - [MESSAGE][PASSED] - platform.Method.removeFocus is PASSED&#xD;
&#xD;
2021-02-09 10:59:04 - [TEST_STEP][PASSED] - verifyElementPresent(findTestObject("WEB_OBJECTS/alertInvalidURL"), 20, CONTINUE_ON_FAILURE): Object 'Object Repository/WEB_OBJECTS/alertInvalidURL' is present&#xD;
&#xD;
2021-02-09 10:59:05 - [MESSAGE][PASSED] - Object 'Object Repository/WEB_OBJECTS/alertInvalidURL' is present&#xD;
&#xD;
2021-02-09 10:59:05 - [TEST_STEP][PASSED] - setText(findTestObject("WEB_OBJECTS/mediaURL"), video_url): Text 'https://file-examples-com.github.io/uploads/2018/04/file_example_MOV_1280_1_4MB.mov' is set on object 'Object Repository/WEB_OBJECTS/mediaURL'&#xD;
&#xD;
2021-02-09 10:59:12 - [MESSAGE][PASSED] - Text 'https://file-examples-com.github.io/uploads/2018/04/file_example_MOV_1280_1_4MB.mov' is set on object 'Object Repository/WEB_OBJECTS/mediaURL'&#xD;
&#xD;
2021-02-09 10:59:12 - [TEST_STEP][PASSED] - platform.Method.removeFocus(findTestObject("WEB_OBJECTS/mediaURL")): platform.Method.removeFocus is PASSED&#xD;
&#xD;
2021-02-09 10:59:15 - [MESSAGE][PASSED] - platform.Method.removeFocus is PASSED&#xD;
&#xD;
2021-02-09 10:59:15 - [TEST_STEP][PASSED] - verifyElementPresent(findTestObject("WEB_OBJECTS/alert", ["alert_value":"Needs to end with .mp4"]), 20, CONTINUE_ON_FAILURE): Object 'Object Repository/WEB_OBJECTS/alert' is present&#xD;
&#xD;
2021-02-09 10:59:16 - [MESSAGE][PASSED] - Object 'Object Repository/WEB_OBJECTS/alert' is present&#xD;
&#xD;
2021-02-09 10:59:16 - [TEST_STEP][PASSED] - setText(findTestObject("WEB_OBJECTS/mediaURL"), " "): Text ' ' is set on object 'Object Repository/WEB_OBJECTS/mediaURL'&#xD;
&#xD;
2021-02-09 10:59:19 - [MESSAGE][PASSED] - Text ' ' is set on object 'Object Repository/WEB_OBJECTS/mediaURL'&#xD;
&#xD;
2021-02-09 10:59:19 - [TEST_STEP][PASSED] - verifyElementPresent(findTestObject("WEB_OBJECTS/alertInvalidData"), 20, CONTINUE_ON_FAILURE): Object 'Object Repository/WEB_OBJECTS/alertInvalidData' is present&#xD;
&#xD;
2021-02-09 10:59:21 - [MESSAGE][PASSED] - Object 'Object Repository/WEB_OBJECTS/alertInvalidData' is present&#xD;
&#xD;
2021-02-09 10:59:21 - [TEST_STEP][PASSED] - platform.ResponseDesigner.deleteSecondaryTemplate(2): platform.ResponseDesigner.deleteSecondaryTemplate is PASSED&#xD;
&#xD;
2021-02-09 10:59:23 - [MESSAGE][PASSED] - Scroll to object 'Object Repository/WEB_OBJECTS/trashIcon' successfully&#xD;
&#xD;
2021-02-09 10:59:39 - [MESSAGE][WARNING] - Object 'Object Repository/WEB_OBJECTS/trashIcon' is not visible after 15 second(s)&#xD;
&#xD;
2021-02-09 10:59:42 - [MESSAGE][PASSED] - platform.ResponseDesigner.deleteSecondaryTemplate is PASSED</system-out>
            <system-err></system-err>
        </testcase>
        <testcase name="Test Cases/Sprint/v4.3/abc_ListPickerFieldTestForTaskbot" classname="Test Cases/Sprint/v4.3/abc_ListPickerFieldTestForTaskbot" status="ERROR">
            <error type="ERROR" message="Test Cases/Sprint/v4.3/abc_ListPickerFieldTestForTaskbot FAILED.&#xA;Reason:&#xA;org.codehaus.groovy.runtime.InvokerInvocationException: com.kms.katalon.core.webui.exception.WebElementNotFoundException: Web element with id: 'Object Repository/AppleBusinessChat/title' located by 'By.xpath: //*[@placeholder = 'List Picker title']' not found&#xD;&#xA;&#x9;at platform.Method.invokeMethod(Method.groovy)&#xD;&#xA;&#x9;at com.kms.katalon.core.main.CustomKeywordDelegatingMetaClass.invokeStaticMethod(CustomKeywordDelegatingMetaClass.java:50)&#xD;&#xA;&#x9;at abc_ListPickerFieldTestForTaskbot.run(abc_ListPickerFieldTestForTaskbot:37)&#xD;&#xA;&#x9;at com.kms.katalon.core.main.ScriptEngine.run(ScriptEngine.java:194)&#xD;&#xA;&#x9;at com.kms.katalon.core.main.ScriptEngine.runScriptAsRawText(ScriptEngine.java:119)&#xD;&#xA;&#x9;at com.kms.katalon.core.main.TestCaseExecutor.runScript(TestCaseExecutor.java:337)&#xD;&#xA;&#x9;at com.kms.katalon.core.main.TestCaseExecutor.doExecute(TestCaseExecutor.java:328)&#xD;&#xA;&#x9;at com.kms.katalon.core.main.TestCaseExecutor.processExecutionPhase(TestCaseExecutor.java:307)&#xD;&#xA;&#x9;at com.kms.katalon.core.main.TestCaseExecutor.accessMainPhase(TestCaseExecutor.java:299)&#xD;&#xA;&#x9;at com.kms.katalon.core.main.TestCaseExecutor.execute(TestCaseExecutor.java:233)&#xD;&#xA;&#x9;at com.kms.katalon.core.main.TestSuiteExecutor.accessTestCaseMainPhase(TestSuiteExecutor.java:169)&#xD;&#xA;&#x9;at com.kms.katalon.core.main.TestSuiteExecutor.accessTestSuiteMainPhase(TestSuiteExecutor.java:142)&#xD;&#xA;&#x9;at com.kms.katalon.core.main.TestSuiteExecutor.execute(TestSuiteExecutor.java:91)&#xD;&#xA;&#x9;at com.kms.katalon.core.main.TestCaseMain.startTestSuite(TestCaseMain.java:157)&#xD;&#xA;&#x9;at com.kms.katalon.core.main.TestCaseMain$startTestSuite$0.call(Unknown Source)&#xD;&#xA;&#x9;at TempTestSuite1612846706833.run(TempTestSuite1612846706833.groovy:35)&#xD;&#xA;Caused by: com.kms.katalon.core.webui.exception.WebElementNotFoundException: Web element with id: 'Object Repository/AppleBusinessChat/title' located by 'By.xpath: //*[@placeholder = 'List Picker title']' not found&#xD;&#xA;&#x9;at com.kms.katalon.core.webui.common.WebUiCommonHelper.findWebElement(WebUiCommonHelper.java:1097)&#xD;&#xA;&#x9;at com.kms.katalon.core.webui.common.WebUiCommonHelper$findWebElement.call(Unknown Source)&#xD;&#xA;&#x9;at platform.Method.clickOnElement(Method.groovy:32)&#xD;&#xA;&#x9;at platform.AppleBusinessChat.setListPickerTitle(AppleBusinessChat.groovy:24)&#xD;&#xA;&#x9;... 16 more&#xD;&#xA;"/>
            <system-out>2021-02-09 10:59:42 - [TEST_CASE][ERROR] - Test Cases/Sprint/v4.3/abc_ListPickerFieldTestForTaskbot: Test Cases/Sprint/v4.3/abc_ListPickerFieldTestForTaskbot FAILED.
Reason:
org.codehaus.groovy.runtime.InvokerInvocationException: com.kms.katalon.core.webui.exception.WebElementNotFoundException: Web element with id: 'Object Repository/AppleBusinessChat/title' located by 'By.xpath: //*[@placeholder = 'List Picker title']' not found&#xD;
	at platform.Method.invokeMethod(Method.groovy)&#xD;
	at com.kms.katalon.core.main.CustomKeywordDelegatingMetaClass.invokeStaticMethod(CustomKeywordDelegatingMetaClass.java:50)&#xD;
	at abc_ListPickerFieldTestForTaskbot.run(abc_ListPickerFieldTestForTaskbot:37)&#xD;
	at com.kms.katalon.core.main.ScriptEngine.run(ScriptEngine.java:194)&#xD;
	at com.kms.katalon.core.main.ScriptEngine.runScriptAsRawText(ScriptEngine.java:119)&#xD;
	at com.kms.katalon.core.main.TestCaseExecutor.runScript(TestCaseExecutor.java:337)&#xD;
	at com.kms.katalon.core.main.TestCaseExecutor.doExecute(TestCaseExecutor.java:328)&#xD;
	at com.kms.katalon.core.main.TestCaseExecutor.processExecutionPhase(TestCaseExecutor.java:307)&#xD;
	at com.kms.katalon.core.main.TestCaseExecutor.accessMainPhase(TestCaseExecutor.java:299)&#xD;
	at com.kms.katalon.core.main.TestCaseExecutor.execute(TestCaseExecutor.java:233)&#xD;
	at com.kms.katalon.core.main.TestSuiteExecutor.accessTestCaseMainPhase(TestSuiteExecutor.java:169)&#xD;
	at com.kms.katalon.core.main.TestSuiteExecutor.accessTestSuiteMainPhase(TestSuiteExecutor.java:142)&#xD;
	at com.kms.katalon.core.main.TestSuiteExecutor.execute(TestSuiteExecutor.java:91)&#xD;
	at com.kms.katalon.core.main.TestCaseMain.startTestSuite(TestCaseMain.java:157)&#xD;
	at com.kms.katalon.core.main.TestCaseMain$startTestSuite$0.call(Unknown Source)&#xD;
	at TempTestSuite1612846706833.run(TempTestSuite1612846706833.groovy:35)&#xD;
Caused by: com.kms.katalon.core.webui.exception.WebElementNotFoundException: Web element with id: 'Object Repository/AppleBusinessChat/title' located by 'By.xpath: //*[@placeholder = 'List Picker title']' not found&#xD;
	at com.kms.katalon.core.webui.common.WebUiCommonHelper.findWebElement(WebUiCommonHelper.java:1097)&#xD;
	at com.kms.katalon.core.webui.common.WebUiCommonHelper$findWebElement.call(Unknown Source)&#xD;
	at platform.Method.clickOnElement(Method.groovy:32)&#xD;
	at platform.AppleBusinessChat.setListPickerTitle(AppleBusinessChat.groovy:24)&#xD;
	... 16 more&#xD;
&#xD;
&#xD;
2021-02-09 10:59:43 - [TEST_STEP][PASSED] - platform.ResponseDesigner.addChannelToResponse(" Apple Business Chat"): platform.ResponseDesigner.addChannelToResponse is PASSED&#xD;
&#xD;
2021-02-09 10:59:49 - [MESSAGE][PASSED] - platform.ResponseDesigner.addChannelToResponse is PASSED&#xD;
&#xD;
2021-02-09 10:59:49 - [TEST_STEP][PASSED] - assert platform.AppleBusinessChat.verifyListpickerOnTemplate() == true: platform.AppleBusinessChat.verifyListpickerOnTemplate is PASSED&#xD;
&#xD;
2021-02-09 10:59:52 - [MESSAGE][PASSED] - Object 'Object Repository/ICONS/listPickerABC' is visible&#xD;
&#xD;
2021-02-09 10:59:52 - [MESSAGE][PASSED] - platform.AppleBusinessChat.verifyListpickerOnTemplate is PASSED&#xD;
&#xD;
2021-02-09 10:59:52 - [TEST_STEP][PASSED] - platform.ResponseDesigner.addListpickerResponse(): platform.ResponseDesigner.addListpickerResponse is PASSED&#xD;
&#xD;
2021-02-09 10:59:54 - [MESSAGE][PASSED] - platform.ResponseDesigner.addListpickerResponse is PASSED&#xD;
&#xD;
2021-02-09 10:59:54 - [TEST_STEP][PASSED] - assert platform.AppleBusinessChat.verifyListpickerOnAddition(findTestObject("WEB_OBJECTS/templateHeader", ["index":2])) == true: platform.AppleBusinessChat.verifyListpickerOnAddition is PASSED&#xD;
&#xD;
2021-02-09 10:59:57 - [MESSAGE][PASSED] - Actual text and expected text of test object 'Object Repository/WEB_OBJECTS/templateHeader' are matched.&#xD;
&#xD;
2021-02-09 10:59:57 - [MESSAGE][PASSED] - platform.AppleBusinessChat.verifyListpickerOnAddition is PASSED&#xD;
&#xD;
2021-02-09 10:59:57 - [TEST_STEP][ERROR] - platform.AppleBusinessChat.setListPickerTitle(""): com.kms.katalon.core.webui.exception.WebElementNotFoundException: Web element with id: 'Object Repository/AppleBusinessChat/title' located by 'By.xpath: //*[@placeholder = 'List Picker title']' not found&#xD;
&#xD;
2021-02-09 11:00:03 - [MESSAGE][INFO] - Unable to find the element located by 'By.xpath: //*[@placeholder = 'List Picker title']'. Please recheck the objects properties to make sure the desired element is located. &#xD;
&#xD;
2021-02-09 11:00:03 - [MESSAGE][ERROR] - com.kms.katalon.core.webui.exception.WebElementNotFoundException: Web element with id: 'Object Repository/AppleBusinessChat/title' located by 'By.xpath: //*[@placeholder = 'List Picker title']' not found</system-out>
            <system-err>2021-02-09 10:59:42 - [TEST_CASE][ERROR] - Test Cases/Sprint/v4.3/abc_ListPickerFieldTestForTaskbot: Test Cases/Sprint/v4.3/abc_ListPickerFieldTestForTaskbot FAILED.
Reason:
org.codehaus.groovy.runtime.InvokerInvocationException: com.kms.katalon.core.webui.exception.WebElementNotFoundException: Web element with id: 'Object Repository/AppleBusinessChat/title' located by 'By.xpath: //*[@placeholder = 'List Picker title']' not found&#xD;
	at platform.Method.invokeMethod(Method.groovy)&#xD;
	at com.kms.katalon.core.main.CustomKeywordDelegatingMetaClass.invokeStaticMethod(CustomKeywordDelegatingMetaClass.java:50)&#xD;
	at abc_ListPickerFieldTestForTaskbot.run(abc_ListPickerFieldTestForTaskbot:37)&#xD;
	at com.kms.katalon.core.main.ScriptEngine.run(ScriptEngine.java:194)&#xD;
	at com.kms.katalon.core.main.ScriptEngine.runScriptAsRawText(ScriptEngine.java:119)&#xD;
	at com.kms.katalon.core.main.TestCaseExecutor.runScript(TestCaseExecutor.java:337)&#xD;
	at com.kms.katalon.core.main.TestCaseExecutor.doExecute(TestCaseExecutor.java:328)&#xD;
	at com.kms.katalon.core.main.TestCaseExecutor.processExecutionPhase(TestCaseExecutor.java:307)&#xD;
	at com.kms.katalon.core.main.TestCaseExecutor.accessMainPhase(TestCaseExecutor.java:299)&#xD;
	at com.kms.katalon.core.main.TestCaseExecutor.execute(TestCaseExecutor.java:233)&#xD;
	at com.kms.katalon.core.main.TestSuiteExecutor.accessTestCaseMainPhase(TestSuiteExecutor.java:169)&#xD;
	at com.kms.katalon.core.main.TestSuiteExecutor.accessTestSuiteMainPhase(TestSuiteExecutor.java:142)&#xD;
	at com.kms.katalon.core.main.TestSuiteExecutor.execute(TestSuiteExecutor.java:91)&#xD;
	at com.kms.katalon.core.main.TestCaseMain.startTestSuite(TestCaseMain.java:157)&#xD;
	at com.kms.katalon.core.main.TestCaseMain$startTestSuite$0.call(Unknown Source)&#xD;
	at TempTestSuite1612846706833.run(TempTestSuite1612846706833.groovy:35)&#xD;
Caused by: com.kms.katalon.core.webui.exception.WebElementNotFoundException: Web element with id: 'Object Repository/AppleBusinessChat/title' located by 'By.xpath: //*[@placeholder = 'List Picker title']' not found&#xD;
	at com.kms.katalon.core.webui.common.WebUiCommonHelper.findWebElement(WebUiCommonHelper.java:1097)&#xD;
	at com.kms.katalon.core.webui.common.WebUiCommonHelper$findWebElement.call(Unknown Source)&#xD;
	at platform.Method.clickOnElement(Method.groovy:32)&#xD;
	at platform.AppleBusinessChat.setListPickerTitle(AppleBusinessChat.groovy:24)&#xD;
	... 16 more</system-err>
        </testcase>
        <system-out>2021-02-09 10:28:37 - [TEST_SUITE][INCOMPLETE] - TASK_SSO: null</system-out>
        <system-err>2021-02-09 10:28:37 - [TEST_SUITE][INCOMPLETE] - TASK_SSO: null</system-err>
    </testsuite>
</testsuites>
