<?xml version="1.0" encoding="UTF-8" standalone="yes"?>
<testsuites name="TASK_SSO" time="2200" tests="19" failures="0" errors="1">
    <testsuite name="TASK_SSO" tests="19" failures="0" errors="1" time="2200" timestamp="2021-02-16 18:57:54" hostname="narendra.n - WLPT580.imidomain.com" id="Test Suites/TASK_SSO">
        <properties>
            <property name="deviceName" value=""/>
            <property name="devicePlatform" value=""/>
            <property name="logFolder" value="D:\\2021\\IMIbot.ai-Project\\Reports\\20210216_185744\\TASK_SSO\\20210216_185744"/>
            <property name="logFiles" value="D:\\2021\\IMIbot.ai-Project\\Reports\\20210216_185744\\TASK_SSO\\20210216_185744\\execution0.log"/>
            <property name="attachments" value="D:\\2021\\IMIbot.ai-Project\\Reports\\20210216_185744\\TASK_SSO\\20210216_185744\\1613482861710.png, D:\\2021\\IMIbot.ai-Project\\Reports\\20210216_185744\\TASK_SSO\\20210216_185744\\1613483257615.png"/>
            <property name="hostName" value="narendra.n - WLPT580.imidomain.com"/>
            <property name="os" value="Windows 8.1 64bit"/>
            <property name="katalonVersion" value="6.3.3.11"/>
            <property name="browser" value="Chrome 88.0.4324.150"/>
            <property name="hostAddress" value="192.168.29.195"/>
            <property name="sessionId" value="b1eb6e343840c0761e8aa836a079b74f"/>
            <property name="seleniumVersion" value="3.141.59"/>
            <property name="proxyInformation" value="ProxyInformation{proxyOption=NO_PROXY, proxyServerType=HTTP, password=, proxyServerAddress=, proxyServerPort=0}"/>
            <property name="platform" value="Windows 8.1"/>
        </properties>
        <testcase name="Test Cases/TASK_SSO/botCreation_Test" classname="Test Cases/TASK_SSO/botCreation_Test" status="PASSED">
            <system-out>2021-02-16 18:58:41 - [TEST_CASE][PASSED] - Test Cases/TASK_SSO/botCreation_Test: Test Cases/TASK_SSO/botCreation_Test&#xD;
&#xD;
2021-02-16 18:58:41 - [TEST_STEP][PASSED] - platform.Method.clickOnElement(findTestObject("Generic/webObjectWithText", ["textValue":"Task bots"])): platform.Method.clickOnElement is PASSED&#xD;
&#xD;
2021-02-16 18:58:46 - [MESSAGE][PASSED] - platform.Method.clickOnElement is PASSED&#xD;
&#xD;
2021-02-16 18:58:46 - [TEST_STEP][PASSED] - platform.Method.clickOnElement(findTestObject("Button/createBot")): platform.Method.clickOnElement is PASSED&#xD;
&#xD;
2021-02-16 18:58:49 - [MESSAGE][PASSED] - platform.Method.clickOnElement is PASSED&#xD;
&#xD;
2021-02-16 18:58:49 - [TEST_STEP][PASSED] - sendKeys(findTestObject("Input/botName"), nameOfTheBot): Keys 'v4.6 F - Task' sent to object: 'Object Repository/Input/botName'&#xD;
&#xD;
2021-02-16 18:58:52 - [MESSAGE][PASSED] - Keys 'v4.6 F - Task' sent to object: 'Object Repository/Input/botName'&#xD;
&#xD;
2021-02-16 18:58:52 - [TEST_STEP][PASSED] - platform.Method.clickOnElement(findTestObject("Toggle/feedback")): platform.Method.clickOnElement is PASSED&#xD;
&#xD;
2021-02-16 18:58:54 - [MESSAGE][PASSED] - platform.Method.clickOnElement is PASSED&#xD;
&#xD;
2021-02-16 18:58:54 - [TEST_STEP][PASSED] - platform.Method.clickOnElement(findTestObject("Button/done")): platform.Method.clickOnElement is PASSED&#xD;
&#xD;
2021-02-16 18:58:56 - [MESSAGE][PASSED] - platform.Method.clickOnElement is PASSED&#xD;
&#xD;
2021-02-16 18:58:56 - [TEST_STEP][PASSED] - waitForElementVisible(findTestObject("Generic/modelState"), 60, OPTIONAL): Object 'Object Repository/Generic/modelState' is visible&#xD;
&#xD;
2021-02-16 18:59:05 - [MESSAGE][PASSED] - Object 'Object Repository/Generic/modelState' is visible&#xD;
&#xD;
2021-02-16 18:59:05 - [TEST_STEP][PASSED] - if (!(verifyElementText(findTestObject("Generic/modelState"), "Trained", OPTIONAL))): Actual text and expected text of test object 'Object Repository/Generic/modelState' are matched.&#xD;
&#xD;
2021-02-16 18:59:08 - [MESSAGE][PASSED] - Actual text and expected text of test object 'Object Repository/Generic/modelState' are matched.</system-out>
            <system-err></system-err>
        </testcase>
        <testcase name="Test Cases/TASK_SSO/botCardPreview_Test" classname="Test Cases/TASK_SSO/botCardPreview_Test" status="PASSED">
            <system-out>2021-02-16 18:59:08 - [TEST_CASE][PASSED] - Test Cases/TASK_SSO/botCardPreview_Test: Test Cases/TASK_SSO/botCardPreview_Test&#xD;
&#xD;
2021-02-16 18:59:08 - [TEST_STEP][PASSED] - platform.Method.clickOnElement(findTestObject("Generic/imiLogo")): platform.Method.clickOnElement is PASSED&#xD;
&#xD;
2021-02-16 18:59:11 - [MESSAGE][PASSED] - platform.Method.clickOnElement is PASSED&#xD;
&#xD;
2021-02-16 18:59:11 - [TEST_STEP][PASSED] - waitForElementVisible(findTestObject("Button/createBot"), 20, OPTIONAL): Object 'Object Repository/Button/createBot' is visible&#xD;
&#xD;
2021-02-16 18:59:24 - [MESSAGE][PASSED] - Object 'Object Repository/Button/createBot' is visible&#xD;
&#xD;
2021-02-16 18:59:24 - [TEST_STEP][PASSED] - platform.Method.clickOnElement(findTestObject("Generic/webObjectWithText", ["textValue":"Task bots"])): platform.Method.clickOnElement is PASSED&#xD;
&#xD;
2021-02-16 18:59:28 - [MESSAGE][PASSED] - platform.Method.clickOnElement is PASSED&#xD;
&#xD;
2021-02-16 18:59:28 - [TEST_STEP][PASSED] - waitForElementVisible(findTestObject("Button/createBot"), 20, OPTIONAL): Object 'Object Repository/Button/createBot' is visible&#xD;
&#xD;
2021-02-16 18:59:30 - [MESSAGE][PASSED] - Object 'Object Repository/Button/createBot' is visible&#xD;
&#xD;
2021-02-16 18:59:30 - [TEST_STEP][PASSED] - platform.Preview.startBotCardPreview("Task bots", TASK_BOT): platform.Preview.startBotCardPreview is PASSED&#xD;
&#xD;
2021-02-16 19:00:45 - [MESSAGE][PASSED] - platform.Preview.startBotCardPreview is PASSED&#xD;
&#xD;
2021-02-16 19:00:45 - [TEST_STEP][PASSED] - waitForElementPresent(findTestObject("Input/chatInput"), 5, OPTIONAL): Object 'Object Repository/Input/chatInput' is present&#xD;
&#xD;
2021-02-16 19:00:46 - [MESSAGE][PASSED] - Object 'Object Repository/Input/chatInput' is present&#xD;
&#xD;
2021-02-16 19:00:46 - [TEST_STEP][PASSED] - sendKeys(findTestObject("Input/chatInput"), Keys.chord(userQuery, ENTER), STOP_ON_FAILURE): Keys 'ENTER + how can you help me?' sent to object: 'Object Repository/Input/chatInput'&#xD;
&#xD;
2021-02-16 19:00:49 - [MESSAGE][PASSED] - Keys 'ENTER + how can you help me?' sent to object: 'Object Repository/Input/chatInput'&#xD;
&#xD;
2021-02-16 19:00:49 - [TEST_STEP][PASSED] - delay(3): Delayed 3 second(s)&#xD;
&#xD;
2021-02-16 19:00:52 - [MESSAGE][PASSED] - Delayed 3 second(s)&#xD;
&#xD;
2021-02-16 19:00:52 - [TEST_STEP][PASSED] - platform.Preview.verifyBotResponse(stringToCheck): YOUR TEXT HAS A MATCH&#xD;
&#xD;
2021-02-16 19:00:55 - [MESSAGE][PASSED] - Delayed 3 second(s)&#xD;
&#xD;
2021-02-16 19:00:58 - [MESSAGE][PASSED] - YOUR TEXT HAS A MATCH&#xD;
&#xD;
2021-02-16 19:00:58 - [TEST_STEP][PASSED] - platform.Method.clickOnElement(findTestObject("GenericII/minimize")): platform.Method.clickOnElement is PASSED&#xD;
&#xD;
2021-02-16 19:01:01 - [MESSAGE][PASSED] - platform.Method.clickOnElement is PASSED</system-out>
            <system-err></system-err>
        </testcase>
        <testcase name="Test Cases/TASK_SSO/botCardMenu_Test" classname="Test Cases/TASK_SSO/botCardMenu_Test" status="PASSED">
            <system-out>2021-02-16 19:01:01 - [TEST_CASE][PASSED] - Test Cases/TASK_SSO/botCardMenu_Test: Test Cases/TASK_SSO/botCardMenu_Test&#xD;
&#xD;
2021-02-16 19:01:01 - [TEST_STEP][PASSED] - botCardOptions = platform.Method.verifyBotCardMenu("Task bots", TASK_BOT): platform.Method.verifyBotCardMenu is PASSED&#xD;
&#xD;
2021-02-16 19:01:07 - [MESSAGE][PASSED] - Object 'Object Repository/Button/botCardPreview' is present&#xD;
&#xD;
2021-02-16 19:01:09 - [MESSAGE][PASSED] - Object: 'Object Repository/Button/botCardMenu' is hovered&#xD;
&#xD;
2021-02-16 19:01:17 - [MESSAGE][PASSED] - platform.Method.verifyBotCardMenu is PASSED&#xD;
&#xD;
2021-02-16 19:01:17 - [TEST_STEP][PASSED] - verifyElementPresent(findTestObject("Generic/webObjectWithText", ["textValue":"Copy Preview Link"]), 5, STOP_ON_FAILURE): Object 'Object Repository/Generic/webObjectWithText' is present&#xD;
&#xD;
2021-02-16 19:01:19 - [MESSAGE][PASSED] - Object 'Object Repository/Generic/webObjectWithText' is present&#xD;
&#xD;
2021-02-16 19:01:19 - [TEST_STEP][PASSED] - assert botCardOptions.containsAll(BOT_CARD_OPTION) == true: null&#xD;
&#xD;
2021-02-16 19:01:19 - [TEST_STEP][PASSED] - platform.Method.clickOnElement(findTestObject("Generic/webObjectWithText", ["textValue":TASK_BOT])): platform.Method.clickOnElement is PASSED&#xD;
&#xD;
2021-02-16 19:01:22 - [MESSAGE][PASSED] - platform.Method.clickOnElement is PASSED&#xD;
&#xD;
2021-02-16 19:01:22 - [TEST_STEP][PASSED] - waitForElementPresent(findTestObject("Generic/webObjectWithText", ["textValue":"Bot configuration"]), 10, STOP_ON_FAILURE): Object 'Object Repository/Generic/webObjectWithText' is present&#xD;
&#xD;
2021-02-16 19:01:25 - [MESSAGE][PASSED] - Object 'Object Repository/Generic/webObjectWithText' is present&#xD;
&#xD;
2021-02-16 19:01:25 - [TEST_STEP][PASSED] - platform.Method.clickOnElement(findTestObject("Generic/nlp")): platform.Method.clickOnElement is PASSED&#xD;
&#xD;
2021-02-16 19:01:27 - [MESSAGE][PASSED] - platform.Method.clickOnElement is PASSED&#xD;
&#xD;
2021-02-16 19:01:27 - [TEST_STEP][PASSED] - waitForElementPresent(findTestObject("Generic/webObjectWithText", ["textValue":"Input recognition"]), 10, STOP_ON_FAILURE): Object 'Object Repository/Generic/webObjectWithText' is present&#xD;
&#xD;
2021-02-16 19:01:29 - [MESSAGE][PASSED] - Object 'Object Repository/Generic/webObjectWithText' is present&#xD;
&#xD;
2021-02-16 19:01:29 - [TEST_STEP][PASSED] - platform.Method.clickOnElement(findTestObject("Generic/training")): platform.Method.clickOnElement is PASSED&#xD;
&#xD;
2021-02-16 19:01:31 - [MESSAGE][PASSED] - platform.Method.clickOnElement is PASSED&#xD;
&#xD;
2021-02-16 19:01:31 - [TEST_STEP][PASSED] - waitForElementPresent(findTestObject("Generic/webObjectWithText", ["textValue":"Training data"]), 10, STOP_ON_FAILURE): Object 'Object Repository/Generic/webObjectWithText' is present&#xD;
&#xD;
2021-02-16 19:01:32 - [MESSAGE][PASSED] - Object 'Object Repository/Generic/webObjectWithText' is present&#xD;
&#xD;
2021-02-16 19:01:32 - [TEST_STEP][PASSED] - platform.Method.clickOnElement(findTestObject("Generic/response")): platform.Method.clickOnElement is PASSED&#xD;
&#xD;
2021-02-16 19:01:35 - [MESSAGE][PASSED] - platform.Method.clickOnElement is PASSED&#xD;
&#xD;
2021-02-16 19:01:35 - [TEST_STEP][PASSED] - waitForElementPresent(findTestObject("Generic/webObjectWithText", ["textValue":"Responses"]), 10, STOP_ON_FAILURE): Object 'Object Repository/Generic/webObjectWithText' is present&#xD;
&#xD;
2021-02-16 19:01:37 - [MESSAGE][PASSED] - Object 'Object Repository/Generic/webObjectWithText' is present&#xD;
&#xD;
2021-02-16 19:01:37 - [TEST_STEP][PASSED] - platform.Method.clickOnElement(findTestObject("Generic/curation")): platform.Method.clickOnElement is PASSED&#xD;
&#xD;
2021-02-16 19:01:40 - [MESSAGE][PASSED] - platform.Method.clickOnElement is PASSED&#xD;
&#xD;
2021-02-16 19:01:40 - [TEST_STEP][PASSED] - waitForElementPresent(findTestObject("Generic/webObjectWithText", ["textValue":"Unresolved issues"]), 10, STOP_ON_FAILURE): Object 'Object Repository/Generic/webObjectWithText' is present&#xD;
&#xD;
2021-02-16 19:01:41 - [MESSAGE][PASSED] - Object 'Object Repository/Generic/webObjectWithText' is present&#xD;
&#xD;
2021-02-16 19:01:41 - [TEST_STEP][PASSED] - platform.Method.clickOnElement(findTestObject("Generic/session")): platform.Method.clickOnElement is PASSED&#xD;
&#xD;
2021-02-16 19:01:44 - [MESSAGE][PASSED] - platform.Method.clickOnElement is PASSED&#xD;
&#xD;
2021-02-16 19:01:44 - [TEST_STEP][PASSED] - waitForElementPresent(findTestObject("Generic/webObjectWithText", ["textValue":"Conversations"]), 10, STOP_ON_FAILURE): Object 'Object Repository/Generic/webObjectWithText' is present&#xD;
&#xD;
2021-02-16 19:01:45 - [MESSAGE][PASSED] - Object 'Object Repository/Generic/webObjectWithText' is present&#xD;
&#xD;
2021-02-16 19:01:45 - [TEST_STEP][PASSED] - platform.Method.clickOnElement(findTestObject("Generic/webObjectWithText", ["textValue":"History"])): platform.Method.clickOnElement is PASSED&#xD;
&#xD;
2021-02-16 19:01:47 - [MESSAGE][PASSED] - platform.Method.clickOnElement is PASSED&#xD;
&#xD;
2021-02-16 19:01:47 - [TEST_STEP][PASSED] - waitForElementPresent(findTestObject("Generic/webObjectWithText", ["textValue":"History"]), 10, STOP_ON_FAILURE): Object 'Object Repository/Generic/webObjectWithText' is present&#xD;
&#xD;
2021-02-16 19:01:49 - [MESSAGE][PASSED] - Object 'Object Repository/Generic/webObjectWithText' is present</system-out>
            <system-err></system-err>
        </testcase>
        <testcase name="Test Cases/TASK_SSO/sideNavigation_Test" classname="Test Cases/TASK_SSO/sideNavigation_Test" status="PASSED">
            <system-out>2021-02-16 19:01:49 - [TEST_CASE][PASSED] - Test Cases/TASK_SSO/sideNavigation_Test: Test Cases/TASK_SSO/sideNavigation_Test&#xD;
&#xD;
2021-02-16 19:01:49 - [TEST_STEP][PASSED] - platform.Method.clickOnElement(findTestObject("Generic/webObjectWithText", ["textValue":TASK_BOT])): platform.Method.clickOnElement is PASSED&#xD;
&#xD;
2021-02-16 19:01:51 - [MESSAGE][PASSED] - platform.Method.clickOnElement is PASSED&#xD;
&#xD;
2021-02-16 19:01:51 - [TEST_STEP][PASSED] - waitForElementVisible(findTestObject("ICONS/sidebarSettings"), 20, OPTIONAL): Object 'Object Repository/ICONS/sidebarSettings' is visible&#xD;
&#xD;
2021-02-16 19:01:54 - [MESSAGE][PASSED] - Object 'Object Repository/ICONS/sidebarSettings' is visible&#xD;
&#xD;
2021-02-16 19:01:54 - [TEST_STEP][PASSED] - waitForElementPresent(findTestObject("Generic/webObjectWithText", ["textValue":"Bot configuration"]), 10, STOP_ON_FAILURE): Object 'Object Repository/Generic/webObjectWithText' is not present after 10 second(s)&#xD;
&#xD;
2021-02-16 19:02:05 - [MESSAGE][INFO] - Unable to find the element located by 'By.xpath: //*[contains(text(),'Bot configuration')]'. Please recheck the objects properties to make sure the desired element is located. &#xD;
&#xD;
2021-02-16 19:02:05 - [MESSAGE][WARNING] - Object 'Object Repository/Generic/webObjectWithText' is not present after 10 second(s)&#xD;
&#xD;
2021-02-16 19:02:05 - [TEST_STEP][PASSED] - platform.Method.clickOnElement(findTestObject("Generic/nlp")): platform.Method.clickOnElement is PASSED&#xD;
&#xD;
2021-02-16 19:02:07 - [MESSAGE][PASSED] - platform.Method.clickOnElement is PASSED&#xD;
&#xD;
2021-02-16 19:02:07 - [TEST_STEP][PASSED] - waitForElementPresent(findTestObject("Generic/webObjectWithText", ["textValue":"Input recognition"]), 10, STOP_ON_FAILURE): Object 'Object Repository/Generic/webObjectWithText' is present&#xD;
&#xD;
2021-02-16 19:02:09 - [MESSAGE][PASSED] - Object 'Object Repository/Generic/webObjectWithText' is present&#xD;
&#xD;
2021-02-16 19:02:09 - [TEST_STEP][PASSED] - platform.Method.clickOnElement(findTestObject("Generic/training")): platform.Method.clickOnElement is PASSED&#xD;
&#xD;
2021-02-16 19:02:11 - [MESSAGE][PASSED] - platform.Method.clickOnElement is PASSED&#xD;
&#xD;
2021-02-16 19:02:11 - [TEST_STEP][PASSED] - waitForElementPresent(findTestObject("Generic/webObjectWithText", ["textValue":"Training data"]), 10, STOP_ON_FAILURE): Object 'Object Repository/Generic/webObjectWithText' is present&#xD;
&#xD;
2021-02-16 19:02:12 - [MESSAGE][PASSED] - Object 'Object Repository/Generic/webObjectWithText' is present&#xD;
&#xD;
2021-02-16 19:02:12 - [TEST_STEP][PASSED] - platform.Method.clickOnElement(findTestObject("Generic/response")): platform.Method.clickOnElement is PASSED&#xD;
&#xD;
2021-02-16 19:02:15 - [MESSAGE][PASSED] - platform.Method.clickOnElement is PASSED&#xD;
&#xD;
2021-02-16 19:02:15 - [TEST_STEP][PASSED] - waitForElementPresent(findTestObject("Generic/webObjectWithText", ["textValue":"Responses"]), 10, STOP_ON_FAILURE): Object 'Object Repository/Generic/webObjectWithText' is present&#xD;
&#xD;
2021-02-16 19:02:16 - [MESSAGE][PASSED] - Object 'Object Repository/Generic/webObjectWithText' is present&#xD;
&#xD;
2021-02-16 19:02:16 - [TEST_STEP][PASSED] - platform.Method.clickOnElement(findTestObject("Generic/curation")): platform.Method.clickOnElement is PASSED&#xD;
&#xD;
2021-02-16 19:02:19 - [MESSAGE][PASSED] - platform.Method.clickOnElement is PASSED&#xD;
&#xD;
2021-02-16 19:02:19 - [TEST_STEP][PASSED] - waitForElementPresent(findTestObject("Generic/webObjectWithText", ["textValue":"Unresolved issues"]), 10, STOP_ON_FAILURE): Object 'Object Repository/Generic/webObjectWithText' is present&#xD;
&#xD;
2021-02-16 19:02:20 - [MESSAGE][PASSED] - Object 'Object Repository/Generic/webObjectWithText' is present&#xD;
&#xD;
2021-02-16 19:02:20 - [TEST_STEP][PASSED] - platform.Method.clickOnElement(findTestObject("Generic/session")): platform.Method.clickOnElement is PASSED&#xD;
&#xD;
2021-02-16 19:02:23 - [MESSAGE][PASSED] - platform.Method.clickOnElement is PASSED&#xD;
&#xD;
2021-02-16 19:02:23 - [TEST_STEP][PASSED] - waitForElementPresent(findTestObject("Generic/webObjectWithText", ["textValue":"Conversations"]), 10, STOP_ON_FAILURE): Object 'Object Repository/Generic/webObjectWithText' is present&#xD;
&#xD;
2021-02-16 19:02:24 - [MESSAGE][PASSED] - Object 'Object Repository/Generic/webObjectWithText' is present&#xD;
&#xD;
2021-02-16 19:02:24 - [TEST_STEP][PASSED] - platform.Method.clickOnElement(findTestObject("Generic/webObjectWithText", ["textValue":"History"])): platform.Method.clickOnElement is PASSED&#xD;
&#xD;
2021-02-16 19:02:26 - [MESSAGE][PASSED] - platform.Method.clickOnElement is PASSED&#xD;
&#xD;
2021-02-16 19:02:26 - [TEST_STEP][PASSED] - waitForElementPresent(findTestObject("Generic/webObjectWithText", ["textValue":"History"]), 10, STOP_ON_FAILURE): Object 'Object Repository/Generic/webObjectWithText' is present&#xD;
&#xD;
2021-02-16 19:02:28 - [MESSAGE][PASSED] - Object 'Object Repository/Generic/webObjectWithText' is present</system-out>
            <system-err></system-err>
        </testcase>
        <testcase name="Test Cases/TASK_SSO/createRichDynamicResponse_Test" classname="Test Cases/TASK_SSO/createRichDynamicResponse_Test" status="PASSED">
            <system-out>2021-02-16 19:02:28 - [TEST_CASE][PASSED] - Test Cases/TASK_SSO/createRichDynamicResponse_Test: Test Cases/TASK_SSO/createRichDynamicResponse_Test&#xD;
&#xD;
2021-02-16 19:02:28 - [TEST_STEP][PASSED] - platform.Method.clickOnElement(findTestObject("Generic/response")): platform.Method.clickOnElement is PASSED&#xD;
&#xD;
2021-02-16 19:02:31 - [MESSAGE][PASSED] - platform.Method.clickOnElement is PASSED&#xD;
&#xD;
2021-02-16 19:02:31 - [TEST_STEP][PASSED] - testData = findTestData("Data Files/testData_Task"): null&#xD;
&#xD;
2021-02-16 19:02:35 - [TEST_STEP][PASSED] - platform.Response.createRichResponse(testData.getValue("rich_template", 1), testData.getValue("rich_template_value", 1)): platform.Response.createRichResponse is PASSED&#xD;
&#xD;
2021-02-16 19:02:41 - [MESSAGE][PASSED] - Text 'incorrect_order' is set on object 'Object Repository/NewRepo2/templateKeyName'&#xD;
&#xD;
2021-02-16 19:02:45 - [MESSAGE][PASSED] - Delayed 2 second(s)&#xD;
&#xD;
2021-02-16 19:02:51 - [MESSAGE][PASSED] - Text 'You have requested with an incorrect order number. Please request a correct order number' is set on object 'Object Repository/Input/textResponse'&#xD;
&#xD;
2021-02-16 19:02:55 - [MESSAGE][PASSED] - Object 'Object Repository/ICONS/toastMsg' is present&#xD;
&#xD;
2021-02-16 19:02:55 - [MESSAGE][PASSED] - platform.Response.createRichResponse is PASSED&#xD;
&#xD;
2021-02-16 19:02:55 - [TEST_STEP][PASSED] - platform.Response.createRichResponse(testData.getValue("rich_template", 2), testData.getValue("rich_template_value", 2)): platform.Response.createRichResponse is PASSED&#xD;
&#xD;
2021-02-16 19:03:01 - [MESSAGE][PASSED] - Text 'product_not_found' is set on object 'Object Repository/NewRepo2/templateKeyName'&#xD;
&#xD;
2021-02-16 19:03:05 - [MESSAGE][PASSED] - Delayed 2 second(s)&#xD;
&#xD;
2021-02-16 19:03:10 - [MESSAGE][PASSED] - Text 'Oops!! Sorry, Requested product is not available' is set on object 'Object Repository/Input/textResponse'&#xD;
&#xD;
2021-02-16 19:03:13 - [MESSAGE][PASSED] - Object 'Object Repository/ICONS/toastMsg' is present&#xD;
&#xD;
2021-02-16 19:03:13 - [MESSAGE][PASSED] - platform.Response.createRichResponse is PASSED&#xD;
&#xD;
2021-02-16 19:03:13 - [TEST_STEP][PASSED] - platform.Response.createRichResponse(testData.getValue("rich_template", 3), testData.getValue("rich_template_value", 3)): platform.Response.createRichResponse is PASSED&#xD;
&#xD;
2021-02-16 19:03:19 - [MESSAGE][PASSED] - Text 'success_message' is set on object 'Object Repository/NewRepo2/templateKeyName'&#xD;
&#xD;
2021-02-16 19:03:23 - [MESSAGE][PASSED] - Delayed 2 second(s)&#xD;
&#xD;
2021-02-16 19:03:28 - [MESSAGE][PASSED] - Text 'Your Query is successfully Answered' is set on object 'Object Repository/Input/textResponse'&#xD;
&#xD;
2021-02-16 19:03:31 - [MESSAGE][PASSED] - Object 'Object Repository/ICONS/toastMsg' is present&#xD;
&#xD;
2021-02-16 19:03:31 - [MESSAGE][PASSED] - platform.Response.createRichResponse is PASSED&#xD;
&#xD;
2021-02-16 19:03:31 - [TEST_STEP][PASSED] - platform.Response.createRichResponse(testData.getValue("rich_template", 5), testData.getValue("rich_template_value", 5)): platform.Response.createRichResponse is PASSED&#xD;
&#xD;
2021-02-16 19:03:37 - [MESSAGE][PASSED] - Text 'payment_option' is set on object 'Object Repository/NewRepo2/templateKeyName'&#xD;
&#xD;
2021-02-16 19:03:41 - [MESSAGE][PASSED] - Delayed 2 second(s)&#xD;
&#xD;
2021-02-16 19:03:48 - [MESSAGE][PASSED] - Text 'Through PayPal we offer 0% APR interest for 4 months on your purchase of £99 or more. You can choose PayPal* finance online, at the checkout section.' is set on object 'Object Repository/Input/textResponse'&#xD;
&#xD;
2021-02-16 19:03:51 - [MESSAGE][PASSED] - Object 'Object Repository/ICONS/toastMsg' is present&#xD;
&#xD;
2021-02-16 19:03:51 - [MESSAGE][PASSED] - platform.Response.createRichResponse is PASSED&#xD;
&#xD;
2021-02-16 19:03:51 - [TEST_STEP][PASSED] - platform.Response.createDynamicResponse(testData.getValue("dynamic_template", 1), testData.getValue("dynamic_template_file", 1)): platform.Response.createDynamicResponse is PASSED&#xD;
&#xD;
2021-02-16 19:03:57 - [MESSAGE][PASSED] - Text 'delivery_template' is set on object 'Object Repository/NewRepo2/templateKeyName'&#xD;
&#xD;
2021-02-16 19:04:02 - [MESSAGE][PASSED] - Delayed 2 second(s)&#xD;
&#xD;
2021-02-16 19:04:09 - [MESSAGE][PASSED] - File 'D:/2021/IMIbot.ai-Project/Collection/delivery_template.py' sent to object: 'Object Repository/Input/uploadFile'&#xD;
&#xD;
2021-02-16 19:04:13 - [MESSAGE][PASSED] - Object 'Object Repository/ICONS/toastMsg' is present&#xD;
&#xD;
2021-02-16 19:04:13 - [MESSAGE][PASSED] - platform.Response.createDynamicResponse is PASSED&#xD;
&#xD;
2021-02-16 19:04:13 - [TEST_STEP][PASSED] - waitForElementPresent(findTestObject("Generic/webObjectWithText", ["textValue":"Welcome message "]), 20, OPTIONAL): Object 'Object Repository/Generic/webObjectWithText' is present&#xD;
&#xD;
2021-02-16 19:04:14 - [MESSAGE][PASSED] - Object 'Object Repository/Generic/webObjectWithText' is present&#xD;
&#xD;
2021-02-16 19:04:14 - [TEST_STEP][PASSED] - platform.Method.clickOnElement(findTestObject("Generic/webObjectWithText", ["textValue":"Welcome message "])): platform.Method.clickOnElement is PASSED&#xD;
&#xD;
2021-02-16 19:04:17 - [MESSAGE][PASSED] - platform.Method.clickOnElement is PASSED&#xD;
&#xD;
2021-02-16 19:04:17 - [TEST_STEP][PASSED] - platform.Response.createDynamicResponse(testData.getValue("dynamic_template", 2), testData.getValue("dynamic_template_file", 2)): platform.Response.createDynamicResponse is PASSED&#xD;
&#xD;
2021-02-16 19:04:23 - [MESSAGE][PASSED] - Text 'order_status_template' is set on object 'Object Repository/NewRepo2/templateKeyName'&#xD;
&#xD;
2021-02-16 19:04:27 - [MESSAGE][PASSED] - Delayed 2 second(s)&#xD;
&#xD;
2021-02-16 19:04:34 - [MESSAGE][PASSED] - File 'D:/2021/IMIbot.ai-Project/Collection/order_status_template.py' sent to object: 'Object Repository/Input/uploadFile'&#xD;
&#xD;
2021-02-16 19:04:37 - [MESSAGE][PASSED] - Object 'Object Repository/ICONS/toastMsg' is present&#xD;
&#xD;
2021-02-16 19:04:37 - [MESSAGE][PASSED] - platform.Response.createDynamicResponse is PASSED&#xD;
&#xD;
2021-02-16 19:04:37 - [TEST_STEP][PASSED] - waitForElementPresent(findTestObject("ICONS/toastMsg"), 20, OPTIONAL): Object 'Object Repository/ICONS/toastMsg' is present&#xD;
&#xD;
2021-02-16 19:04:38 - [MESSAGE][PASSED] - Object 'Object Repository/ICONS/toastMsg' is present</system-out>
            <system-err></system-err>
        </testcase>
        <testcase name="Test Cases/TASK_SSO/entitiesCreationAndUpdate_Test" classname="Test Cases/TASK_SSO/entitiesCreationAndUpdate_Test" status="PASSED">
            <system-out>2021-02-16 19:04:38 - [TEST_CASE][PASSED] - Test Cases/TASK_SSO/entitiesCreationAndUpdate_Test: Test Cases/TASK_SSO/entitiesCreationAndUpdate_Test&#xD;
&#xD;
2021-02-16 19:04:39 - [TEST_STEP][PASSED] - platform.Method.clickOnElement(findTestObject("Generic/training")): platform.Method.clickOnElement is PASSED&#xD;
&#xD;
2021-02-16 19:04:42 - [MESSAGE][PASSED] - platform.Method.clickOnElement is PASSED&#xD;
&#xD;
2021-02-16 19:04:42 - [TEST_STEP][PASSED] - platform.Method.clickOnElement(findTestObject("Generic/webObjectWithText", ["textValue":"Entities"])): platform.Method.clickOnElement is PASSED&#xD;
&#xD;
2021-02-16 19:04:44 - [MESSAGE][PASSED] - platform.Method.clickOnElement is PASSED&#xD;
&#xD;
2021-02-16 19:04:44 - [TEST_STEP][PASSED] - testData = findTestData("Data Files/testData_Task"): null&#xD;
&#xD;
2021-02-16 19:04:45 - [TEST_STEP][PASSED] - platform.Method.clickOnElement(findTestObject("Button/createEntity")): platform.Method.clickOnElement is PASSED&#xD;
&#xD;
2021-02-16 19:04:48 - [MESSAGE][PASSED] - platform.Method.clickOnElement is PASSED&#xD;
&#xD;
2021-02-16 19:04:48 - [TEST_STEP][PASSED] - platform.Training.createEntity("city name", " Custom list ", "mumbai"): platform.Training.createEntity is PASSED&#xD;
&#xD;
2021-02-16 19:04:50 - [MESSAGE][PASSED] - Keys 'city name' sent to object: 'Object Repository/Input/entityName'&#xD;
&#xD;
2021-02-16 19:04:53 - [MESSAGE][INFO] - Entity Type:  Custom list &#xD;
&#xD;
2021-02-16 19:04:58 - [MESSAGE][PASSED] - Keys 'mumbai' sent to object: 'Object Repository/Input/defValueOfEntity'&#xD;
&#xD;
2021-02-16 19:05:00 - [MESSAGE][PASSED] - platform.Training.createEntity is PASSED&#xD;
&#xD;
2021-02-16 19:05:00 - [TEST_STEP][PASSED] - platform.Method.clickOnElement(findTestObject("Button/createEntity")): platform.Method.clickOnElement is PASSED&#xD;
&#xD;
2021-02-16 19:05:02 - [MESSAGE][PASSED] - platform.Method.clickOnElement is PASSED&#xD;
&#xD;
2021-02-16 19:05:02 - [TEST_STEP][PASSED] - platform.Training.createEntity("date", " Date ", null): platform.Training.createEntity is PASSED&#xD;
&#xD;
2021-02-16 19:05:05 - [MESSAGE][PASSED] - Keys 'date' sent to object: 'Object Repository/Input/entityName'&#xD;
&#xD;
2021-02-16 19:05:07 - [MESSAGE][INFO] - Entity Type:  Date &#xD;
&#xD;
2021-02-16 19:05:12 - [MESSAGE][PASSED] - platform.Training.createEntity is PASSED&#xD;
&#xD;
2021-02-16 19:05:12 - [TEST_STEP][PASSED] - for ([count = 2, count &lt;= testData.getRowNumbers(), (count++)]): null&#xD;
&#xD;
2021-02-16 19:05:12 - [TEST_STEP][PASSED] - if (testData.getValue("entity_name", count) != ""): platform.Training.createEntity is PASSED&#xD;
&#xD;
2021-02-16 19:05:12 - [TEST_STEP][PASSED] - platform.Method.clickOnElement(findTestObject("Button/createEntity")): platform.Method.clickOnElement is PASSED&#xD;
&#xD;
2021-02-16 19:05:14 - [MESSAGE][PASSED] - platform.Method.clickOnElement is PASSED&#xD;
&#xD;
2021-02-16 19:05:14 - [TEST_STEP][PASSED] - platform.Training.createEntity(testData.getValue("entity_name", count), testData.getValue("entity_type", count), testData.getValue("entity_value", count)): platform.Training.createEntity is PASSED&#xD;
&#xD;
2021-02-16 19:05:17 - [MESSAGE][PASSED] - Keys 'product_names' sent to object: 'Object Repository/Input/entityName'&#xD;
&#xD;
2021-02-16 19:05:19 - [MESSAGE][INFO] - Entity Type: Custom list&#xD;
&#xD;
2021-02-16 19:05:24 - [MESSAGE][PASSED] - Keys 'chair' sent to object: 'Object Repository/Input/defValueOfEntity'&#xD;
&#xD;
2021-02-16 19:05:26 - [MESSAGE][PASSED] - platform.Training.createEntity is PASSED&#xD;
&#xD;
2021-02-16 19:05:26 - [TEST_STEP][PASSED] - if (testData.getValue("entity_name", count) != ""): platform.Training.createEntity is PASSED&#xD;
&#xD;
2021-02-16 19:05:26 - [TEST_STEP][PASSED] - platform.Method.clickOnElement(findTestObject("Button/createEntity")): platform.Method.clickOnElement is PASSED&#xD;
&#xD;
2021-02-16 19:05:29 - [MESSAGE][PASSED] - platform.Method.clickOnElement is PASSED&#xD;
&#xD;
2021-02-16 19:05:29 - [TEST_STEP][PASSED] - platform.Training.createEntity(testData.getValue("entity_name", count), testData.getValue("entity_type", count), testData.getValue("entity_value", count)): platform.Training.createEntity is PASSED&#xD;
&#xD;
2021-02-16 19:05:31 - [MESSAGE][PASSED] - Keys 'order_id' sent to object: 'Object Repository/Input/entityName'&#xD;
&#xD;
2021-02-16 19:05:33 - [MESSAGE][INFO] - Entity Type: Regex&#xD;
&#xD;
2021-02-16 19:05:38 - [MESSAGE][PASSED] - Keys '\b\d{8}\b' sent to object: 'Object Repository/Input/defValueOfEntity'&#xD;
&#xD;
2021-02-16 19:05:40 - [MESSAGE][PASSED] - platform.Training.createEntity is PASSED&#xD;
&#xD;
2021-02-16 19:05:40 - [TEST_STEP][PASSED] - if (testData.getValue("entity_name", count) != ""): platform.Training.createEntity is PASSED&#xD;
&#xD;
2021-02-16 19:05:40 - [TEST_STEP][PASSED] - platform.Method.clickOnElement(findTestObject("Button/createEntity")): platform.Method.clickOnElement is PASSED&#xD;
&#xD;
2021-02-16 19:05:43 - [MESSAGE][PASSED] - platform.Method.clickOnElement is PASSED&#xD;
&#xD;
2021-02-16 19:05:43 - [TEST_STEP][PASSED] - platform.Training.createEntity(testData.getValue("entity_name", count), testData.getValue("entity_type", count), testData.getValue("entity_value", count)): platform.Training.createEntity is PASSED&#xD;
&#xD;
2021-02-16 19:05:45 - [MESSAGE][PASSED] - Keys 'zipcode' sent to object: 'Object Repository/Input/entityName'&#xD;
&#xD;
2021-02-16 19:05:47 - [MESSAGE][INFO] - Entity Type: Custom list&#xD;
&#xD;
2021-02-16 19:05:52 - [MESSAGE][PASSED] - Keys '\b\^[0-9]{6}\b' sent to object: 'Object Repository/Input/defValueOfEntity'&#xD;
&#xD;
2021-02-16 19:05:55 - [MESSAGE][PASSED] - platform.Training.createEntity is PASSED&#xD;
&#xD;
2021-02-16 19:05:55 - [TEST_STEP][PASSED] - if (testData.getValue("entity_name", count) != ""): null&#xD;
&#xD;
2021-02-16 19:05:55 - [TEST_STEP][PASSED] - else: null&#xD;
&#xD;
2021-02-16 19:05:55 - [TEST_STEP][PASSED] - logInfo("No more entity present!!"): No more entity present!!&#xD;
&#xD;
2021-02-16 19:05:55 - [MESSAGE][INFO] - No more entity present!!&#xD;
&#xD;
2021-02-16 19:05:55 - [TEST_STEP][PASSED] - break: null&#xD;
&#xD;
2021-02-16 19:05:55 - [TEST_STEP][PASSED] - waitForElementPresent(findTestObject("Generic/webObjectWithText", ["textValue":"city name"]), 15, STOP_ON_FAILURE): Object 'Object Repository/Generic/webObjectWithText' is present&#xD;
&#xD;
2021-02-16 19:05:56 - [MESSAGE][PASSED] - Object 'Object Repository/Generic/webObjectWithText' is present&#xD;
&#xD;
2021-02-16 19:05:56 - [TEST_STEP][PASSED] - platform.Training.editEntity("city name"): platform.Training.editEntity is PASSED&#xD;
&#xD;
2021-02-16 19:06:05 - [MESSAGE][PASSED] - platform.Training.editEntity is PASSED&#xD;
&#xD;
2021-02-16 19:06:05 - [TEST_STEP][PASSED] - testObject = modifyObjectProperty(findTestObject("Input/entityName"), "formcontrolname", "equals", "name", true, STOP_ON_FAILURE): Modify property of object successfully&#xD;
&#xD;
2021-02-16 19:06:05 - [MESSAGE][PASSED] - Modify property of object successfully&#xD;
&#xD;
2021-02-16 19:06:05 - [TEST_STEP][PASSED] - setText(testObject, testData.getValue("entity_name", 1)): Text 'store_name' is set on object 'Object Repository/Input/entityName'&#xD;
&#xD;
2021-02-16 19:06:08 - [MESSAGE][PASSED] - Text 'store_name' is set on object 'Object Repository/Input/entityName'&#xD;
&#xD;
2021-02-16 19:06:08 - [TEST_STEP][PASSED] - platform.Method.clickOnElement(findTestObject("Button/importIcon")): platform.Method.clickOnElement is PASSED&#xD;
&#xD;
2021-02-16 19:06:11 - [MESSAGE][PASSED] - platform.Method.clickOnElement is PASSED&#xD;
&#xD;
2021-02-16 19:06:11 - [TEST_STEP][PASSED] - platform.Method.uploadCsvFile(true, testData.getValue("custom_entity_file", 1)): platform.Method.uploadCsvFile is PASSED&#xD;
&#xD;
2021-02-16 19:06:15 - [MESSAGE][PASSED] - File 'D:/2021/IMIbot.ai-Project/Collection/cityName.csv' sent to object: 'Object Repository/Input/uploadFile'&#xD;
&#xD;
2021-02-16 19:06:18 - [MESSAGE][PASSED] - platform.Method.uploadCsvFile is PASSED&#xD;
&#xD;
2021-02-16 19:06:18 - [TEST_STEP][PASSED] - platform.Method.clickOnElement(findTestObject("Button/save", ["value":" Save "])): platform.Method.clickOnElement is PASSED&#xD;
&#xD;
2021-02-16 19:06:20 - [MESSAGE][PASSED] - platform.Method.clickOnElement is PASSED&#xD;
&#xD;
2021-02-16 19:06:20 - [TEST_STEP][PASSED] - waitForElementPresent(findTestObject("ICONS/toastMsg"), 15, STOP_ON_FAILURE): Object 'Object Repository/ICONS/toastMsg' is present&#xD;
&#xD;
2021-02-16 19:06:21 - [MESSAGE][PASSED] - Object 'Object Repository/ICONS/toastMsg' is present&#xD;
&#xD;
2021-02-16 19:06:21 - [TEST_STEP][PASSED] - assert getText().contentEquals("store_name") == true: null&#xD;
&#xD;
2021-02-16 19:06:24 - [TEST_STEP][PASSED] - platform.Method.trainAndComment(testData.getValue("comment", 2)): platform.Method.trainAndComment is PASSED&#xD;
&#xD;
2021-02-16 19:06:31 - [MESSAGE][PASSED] - Keys 'response added &amp; updated' sent to object: 'Object Repository/Input/comment'&#xD;
&#xD;
2021-02-16 19:06:33 - [MESSAGE][PASSED] - platform.Method.trainAndComment is PASSED&#xD;
&#xD;
2021-02-16 19:06:33 - [TEST_STEP][PASSED] - waitForElementPresent(findTestObject("ICONS/toastMsg"), 15, OPTIONAL): Object 'Object Repository/ICONS/toastMsg' is present&#xD;
&#xD;
2021-02-16 19:06:34 - [MESSAGE][PASSED] - Object 'Object Repository/ICONS/toastMsg' is present</system-out>
            <system-err></system-err>
        </testcase>
        <testcase name="Test Cases/TASK_SSO/createIntentAndEditEntity_Test" classname="Test Cases/TASK_SSO/createIntentAndEditEntity_Test" status="PASSED">
            <system-out>2021-02-16 19:06:34 - [TEST_CASE][PASSED] - Test Cases/TASK_SSO/createIntentAndEditEntity_Test: Test Cases/TASK_SSO/createIntentAndEditEntity_Test&#xD;
&#xD;
2021-02-16 19:06:34 - [TEST_STEP][PASSED] - platform.Method.clickOnElement(findTestObject("Generic/webObjectWithText", ["textValue":"Intents"])): platform.Method.clickOnElement is PASSED&#xD;
&#xD;
2021-02-16 19:06:37 - [MESSAGE][PASSED] - platform.Method.clickOnElement is PASSED&#xD;
&#xD;
2021-02-16 19:06:37 - [TEST_STEP][PASSED] - testData = findTestData("Data Files/testData_Task"): null&#xD;
&#xD;
2021-02-16 19:06:37 - [TEST_STEP][PASSED] - platform.Training.addMultipleUtterance(testData, "track_order_utterance"): platform.Training.addMultipleUtterance is PASSED&#xD;
&#xD;
2021-02-16 19:06:42 - [MESSAGE][PASSED] - Keys 'When will I receive my order?' sent to object: 'Object Repository/Input/utterance'&#xD;
&#xD;
2021-02-16 19:06:50 - [MESSAGE][PASSED] - Delayed 5 second(s)&#xD;
&#xD;
2021-02-16 19:06:52 - [MESSAGE][PASSED] - Keys 'Track status of order number 00001234' sent to object: 'Object Repository/Input/utterance'&#xD;
&#xD;
2021-02-16 19:06:59 - [MESSAGE][PASSED] - Delayed 5 second(s)&#xD;
&#xD;
2021-02-16 19:07:02 - [MESSAGE][PASSED] - Keys 'Status of my order' sent to object: 'Object Repository/Input/utterance'&#xD;
&#xD;
2021-02-16 19:07:09 - [MESSAGE][PASSED] - Delayed 5 second(s)&#xD;
&#xD;
2021-02-16 19:07:09 - [MESSAGE][PASSED] - platform.Training.addMultipleUtterance is PASSED&#xD;
&#xD;
2021-02-16 19:07:09 - [TEST_STEP][PASSED] - sendKeys(findTestObject("Input/intentName"), testData.getValue("intent_name", 3)): Keys 'track_order' sent to object: 'Object Repository/Input/intentName'&#xD;
&#xD;
2021-02-16 19:07:12 - [MESSAGE][PASSED] - Keys 'track_order' sent to object: 'Object Repository/Input/intentName'&#xD;
&#xD;
2021-02-16 19:07:12 - [TEST_STEP][PASSED] - verifyElementText(findTestObject("Slots/entityValue", ["rowValue":1]), "order_id", STOP_ON_FAILURE): Actual text and expected text of test object 'Object Repository/Slots/entityValue' are matched.&#xD;
&#xD;
2021-02-16 19:07:14 - [MESSAGE][PASSED] - Actual text and expected text of test object 'Object Repository/Slots/entityValue' are matched.&#xD;
&#xD;
2021-02-16 19:07:14 - [TEST_STEP][PASSED] - sendKeys(findTestObject("Input/finalTempKey"), "order_status_template"): Keys 'order_status_template' sent to object: 'Object Repository/Input/finalTempKey'&#xD;
&#xD;
2021-02-16 19:07:17 - [MESSAGE][PASSED] - Keys 'order_status_template' sent to object: 'Object Repository/Input/finalTempKey'&#xD;
&#xD;
2021-02-16 19:07:17 - [TEST_STEP][PASSED] - platform.Method.clickOnElement(findTestObject("Button/save", ["value":" Save "])): platform.Method.clickOnElement is PASSED&#xD;
&#xD;
2021-02-16 19:07:19 - [MESSAGE][PASSED] - platform.Method.clickOnElement is PASSED&#xD;
&#xD;
2021-02-16 19:07:19 - [TEST_STEP][PASSED] - verifyElementText(findTestObject("Generic/header"), "track_order", STOP_ON_FAILURE): Actual text and expected text of test object 'Object Repository/Generic/header' are matched.&#xD;
&#xD;
2021-02-16 19:07:22 - [MESSAGE][PASSED] - Actual text and expected text of test object 'Object Repository/Generic/header' are matched.&#xD;
&#xD;
2021-02-16 19:07:22 - [TEST_STEP][PASSED] - platform.Method.clickOnElement(findTestObject("NewRepo/intentGoBack")): platform.Method.clickOnElement is PASSED&#xD;
&#xD;
2021-02-16 19:07:24 - [MESSAGE][PASSED] - platform.Method.clickOnElement is PASSED&#xD;
&#xD;
2021-02-16 19:07:24 - [TEST_STEP][PASSED] - platform.Method.clickOnElement(findTestObject("Generic/webObjectWithText", ["textValue":"Entities"])): platform.Method.clickOnElement is PASSED&#xD;
&#xD;
2021-02-16 19:07:26 - [MESSAGE][PASSED] - platform.Method.clickOnElement is PASSED&#xD;
&#xD;
2021-02-16 19:07:26 - [TEST_STEP][PASSED] - platform.Training.editEntity("product_names"): platform.Training.editEntity is PASSED&#xD;
&#xD;
2021-02-16 19:07:34 - [MESSAGE][PASSED] - platform.Training.editEntity is PASSED&#xD;
&#xD;
2021-02-16 19:07:34 - [TEST_STEP][PASSED] - sendKeys(findTestObject("Input/synonyms", ["index":1]), Keys.chord("wooden chair", ENTER)): Keys 'ENTER + wooden chair' sent to object: 'Object Repository/Input/synonyms'&#xD;
&#xD;
2021-02-16 19:07:37 - [MESSAGE][PASSED] - Keys 'ENTER + wooden chair' sent to object: 'Object Repository/Input/synonyms'&#xD;
&#xD;
2021-02-16 19:07:37 - [TEST_STEP][PASSED] - sendKeys(findTestObject("Input/synonyms", ["index":1]), Keys.chord("plastic chair", ENTER)): Keys 'ENTER + plastic chair' sent to object: 'Object Repository/Input/synonyms'&#xD;
&#xD;
2021-02-16 19:07:40 - [MESSAGE][PASSED] - Keys 'ENTER + plastic chair' sent to object: 'Object Repository/Input/synonyms'&#xD;
&#xD;
2021-02-16 19:07:40 - [TEST_STEP][PASSED] - platform.Method.clickOnElement(findTestObject("Button/importIcon")): platform.Method.clickOnElement is PASSED&#xD;
&#xD;
2021-02-16 19:07:42 - [MESSAGE][PASSED] - platform.Method.clickOnElement is PASSED&#xD;
&#xD;
2021-02-16 19:07:42 - [TEST_STEP][PASSED] - platform.Method.uploadCsvFile(false, testData.getValue("custom_entity_file", 2)): platform.Method.uploadCsvFile is PASSED&#xD;
&#xD;
2021-02-16 19:07:42 - [MESSAGE][INFO] - PREVIOUS DATA NOT BE OVERRIDDEN&#xD;
&#xD;
2021-02-16 19:07:45 - [MESSAGE][PASSED] - File 'D:/2021/IMIbot.ai-Project/Collection/product.csv' sent to object: 'Object Repository/Input/uploadFile'&#xD;
&#xD;
2021-02-16 19:07:47 - [MESSAGE][PASSED] - platform.Method.uploadCsvFile is PASSED&#xD;
&#xD;
2021-02-16 19:07:47 - [TEST_STEP][PASSED] - platform.Method.clickOnElement(findTestObject("Button/btnDeleteChipOrRow", ["chipValue":" plastic chair ", "option":"cancel"])): platform.Method.clickOnElement is PASSED&#xD;
&#xD;
2021-02-16 19:07:49 - [MESSAGE][PASSED] - platform.Method.clickOnElement is PASSED&#xD;
&#xD;
2021-02-16 19:07:49 - [TEST_STEP][PASSED] - platform.Method.clickOnElement(findTestObject("Button/btnDeleteChipOrRow", ["chipValue":" wooden chair ", "option":"close "])): platform.Method.clickOnElement is PASSED&#xD;
&#xD;
2021-02-16 19:07:51 - [MESSAGE][PASSED] - platform.Method.clickOnElement is PASSED&#xD;
&#xD;
2021-02-16 19:07:51 - [TEST_STEP][PASSED] - platform.Method.clickOnElement(findTestObject("Button/save", ["value":" Save "])): platform.Method.clickOnElement is PASSED&#xD;
&#xD;
2021-02-16 19:07:54 - [MESSAGE][PASSED] - platform.Method.clickOnElement is PASSED&#xD;
&#xD;
2021-02-16 19:07:54 - [TEST_STEP][PASSED] - waitForElementPresent(findTestObject("ICONS/toastMsg"), 20, OPTIONAL): Object 'Object Repository/ICONS/toastMsg' is present&#xD;
&#xD;
2021-02-16 19:07:55 - [MESSAGE][PASSED] - Object 'Object Repository/ICONS/toastMsg' is present</system-out>
            <system-err></system-err>
        </testcase>
        <testcase name="Test Cases/TASK_SSO/intentWithResponseCreation_Test" classname="Test Cases/TASK_SSO/intentWithResponseCreation_Test" status="PASSED">
            <system-out>2021-02-16 19:07:55 - [TEST_CASE][PASSED] - Test Cases/TASK_SSO/intentWithResponseCreation_Test: Test Cases/TASK_SSO/intentWithResponseCreation_Test&#xD;
&#xD;
2021-02-16 19:07:56 - [TEST_STEP][PASSED] - platform.Method.clickOnElement(findTestObject("Generic/webObjectWithText", ["textValue":"Intents"])): platform.Method.clickOnElement is PASSED&#xD;
&#xD;
2021-02-16 19:07:58 - [MESSAGE][PASSED] - platform.Method.clickOnElement is PASSED&#xD;
&#xD;
2021-02-16 19:07:58 - [TEST_STEP][PASSED] - platform.Training.addMultipleUtterance(findTestData("Data Files/testData_Task"), "first_intent_utterance"): platform.Training.addMultipleUtterance is PASSED&#xD;
&#xD;
2021-02-16 19:08:03 - [MESSAGE][PASSED] - Keys 'Do you deliver?' sent to object: 'Object Repository/Input/utterance'&#xD;
&#xD;
2021-02-16 19:08:11 - [MESSAGE][PASSED] - Delayed 5 second(s)&#xD;
&#xD;
2021-02-16 19:08:13 - [MESSAGE][PASSED] - Keys 'Do you deliver in hyderabad?' sent to object: 'Object Repository/Input/utterance'&#xD;
&#xD;
2021-02-16 19:08:20 - [MESSAGE][PASSED] - Delayed 5 second(s)&#xD;
&#xD;
2021-02-16 19:08:23 - [MESSAGE][PASSED] - Keys 'Is your service available in mumbai?' sent to object: 'Object Repository/Input/utterance'&#xD;
&#xD;
2021-02-16 19:08:30 - [MESSAGE][PASSED] - Delayed 5 second(s)&#xD;
&#xD;
2021-02-16 19:08:30 - [MESSAGE][PASSED] - platform.Training.addMultipleUtterance is PASSED&#xD;
&#xD;
2021-02-16 19:08:30 - [TEST_STEP][PASSED] - sendKeys(findTestObject("Input/intentName"), findTestData("Data Files/testData_Task").getValue("intent_name", 1)): Keys 'delivery_info' sent to object: 'Object Repository/Input/intentName'&#xD;
&#xD;
2021-02-16 19:08:33 - [MESSAGE][PASSED] - Keys 'delivery_info' sent to object: 'Object Repository/Input/intentName'&#xD;
&#xD;
2021-02-16 19:08:33 - [TEST_STEP][PASSED] - check(findTestObject("Slots/checkbox", ["rowValue":1])): Object 'Object Repository/Slots/checkbox' is checked&#xD;
&#xD;
2021-02-16 19:08:36 - [MESSAGE][PASSED] - Object 'Object Repository/Slots/checkbox' is checked&#xD;
&#xD;
2021-02-16 19:08:36 - [TEST_STEP][PASSED] - setText(findTestObject("Slots/retries", ["rowValue":1]), "2"): Text '2' is set on object 'Object Repository/Slots/retries'&#xD;
&#xD;
2021-02-16 19:08:40 - [MESSAGE][PASSED] - Text '2' is set on object 'Object Repository/Slots/retries'&#xD;
&#xD;
2021-02-16 19:08:40 - [TEST_STEP][PASSED] - setText(findTestObject("Slots/templateKey", ["rowValue":1]), findTestData("Data Files/testData_Task").getValue("missing_entity", 1)): Text 'city_not_found' is set on object 'Object Repository/Slots/templateKey'&#xD;
&#xD;
2021-02-16 19:08:44 - [MESSAGE][PASSED] - Text 'city_not_found' is set on object 'Object Repository/Slots/templateKey'&#xD;
&#xD;
2021-02-16 19:08:44 - [TEST_STEP][PASSED] - platform.Training.createInstantResponse(findTestData("Data Files/testData_Task").getValue("missing_entity", 1), findTestData("Data Files/testData_Task").getValue("missing_entity_default_text", 1)): platform.Training.createInstantResponse is PASSED&#xD;
&#xD;
2021-02-16 19:08:49 - [MESSAGE][PASSED] - Keys 'city_not_found' sent to object: 'Object Repository/NewRepo2/templateKeyPopUp'&#xD;
&#xD;
2021-02-16 19:08:53 - [MESSAGE][PASSED] - Keys 'Oops! There is no delivery centre at your city. Please try again with a different city name.' sent to object: 'Object Repository/NewRepo2/templateResponsePopUp'&#xD;
&#xD;
2021-02-16 19:08:55 - [MESSAGE][PASSED] - platform.Training.createInstantResponse is PASSED&#xD;
&#xD;
2021-02-16 19:08:55 - [TEST_STEP][PASSED] - platform.Method.clickOnElement(findTestObject("Generic/webObjectWithText", ["textValue":"city_not_found"])): platform.Method.clickOnElement is PASSED&#xD;
&#xD;
2021-02-16 19:08:57 - [MESSAGE][PASSED] - platform.Method.clickOnElement is PASSED&#xD;
&#xD;
2021-02-16 19:08:57 - [TEST_STEP][PASSED] - sendKeys(findTestObject("Input/finalTempKey"), findTestData("Data Files/testData_Task").getValue("final_template", 1)): Keys 'delivery_template' sent to object: 'Object Repository/Input/finalTempKey'&#xD;
&#xD;
2021-02-16 19:09:00 - [MESSAGE][PASSED] - Keys 'delivery_template' sent to object: 'Object Repository/Input/finalTempKey'&#xD;
&#xD;
2021-02-16 19:09:00 - [TEST_STEP][PASSED] - platform.Method.clickOnElement(findTestObject("Button/save", ["value":" Save "])): platform.Method.clickOnElement is PASSED&#xD;
&#xD;
2021-02-16 19:09:02 - [MESSAGE][PASSED] - platform.Method.clickOnElement is PASSED&#xD;
&#xD;
2021-02-16 19:09:02 - [TEST_STEP][PASSED] - verifyElementText(findTestObject("Generic/header"), "delivery_info", STOP_ON_FAILURE): Actual text and expected text of test object 'Object Repository/Generic/header' are matched.&#xD;
&#xD;
2021-02-16 19:09:05 - [MESSAGE][PASSED] - Actual text and expected text of test object 'Object Repository/Generic/header' are matched.&#xD;
&#xD;
2021-02-16 19:09:05 - [TEST_STEP][PASSED] - platform.Method.clickOnElement(findTestObject("NewRepo/intentGoBack")): platform.Method.clickOnElement is PASSED&#xD;
&#xD;
2021-02-16 19:09:07 - [MESSAGE][PASSED] - platform.Method.clickOnElement is PASSED&#xD;
&#xD;
2021-02-16 19:09:07 - [TEST_STEP][PASSED] - platform.Method.trainAndComment(findTestData("Data Files/testData_Task").getValue("comment", 1)): platform.Method.trainAndComment is PASSED&#xD;
&#xD;
2021-02-16 19:09:14 - [MESSAGE][PASSED] - Keys 'delivery info intent added' sent to object: 'Object Repository/Input/comment'&#xD;
&#xD;
2021-02-16 19:09:17 - [MESSAGE][PASSED] - platform.Method.trainAndComment is PASSED&#xD;
&#xD;
2021-02-16 19:09:17 - [TEST_STEP][PASSED] - waitForElementPresent(findTestObject("ICONS/toastMsg"), 30, STOP_ON_FAILURE): Object 'Object Repository/ICONS/toastMsg' is present&#xD;
&#xD;
2021-02-16 19:09:18 - [MESSAGE][PASSED] - Object 'Object Repository/ICONS/toastMsg' is present&#xD;
&#xD;
2021-02-16 19:09:18 - [TEST_STEP][PASSED] - platform.Method.clickOnElement(findTestObject("Button/preview")): platform.Method.clickOnElement is PASSED&#xD;
&#xD;
2021-02-16 19:09:20 - [MESSAGE][PASSED] - platform.Method.clickOnElement is PASSED&#xD;
&#xD;
2021-02-16 19:09:20 - [TEST_STEP][PASSED] - count = &lt;not implemented yet for class: org.codehaus.groovy.ast.expr.EmptyExpression&gt;: null&#xD;
&#xD;
2021-02-16 19:09:20 - [TEST_STEP][PASSED] - for ([count = 1, count &lt;= 3, (count++)]): null&#xD;
&#xD;
2021-02-16 19:09:20 - [TEST_STEP][PASSED] - sendKeys(findTestObject("Input/chatInput"), Keys.chord(userQuery, ENTER)): Keys 'ENTER + Delivery service in chennai' sent to object: 'Object Repository/Input/chatInput'&#xD;
&#xD;
2021-02-16 19:09:23 - [MESSAGE][PASSED] - Keys 'ENTER + Delivery service in chennai' sent to object: 'Object Repository/Input/chatInput'&#xD;
&#xD;
2021-02-16 19:09:23 - [TEST_STEP][PASSED] - delay(1): Delayed 1 second(s)&#xD;
&#xD;
2021-02-16 19:09:24 - [MESSAGE][PASSED] - Delayed 1 second(s)&#xD;
&#xD;
2021-02-16 19:09:24 - [TEST_STEP][PASSED] - if (count == 3): null&#xD;
&#xD;
2021-02-16 19:09:24 - [TEST_STEP][PASSED] - verifyElementText(findTestObject("GenericII/getBotResponse", ["index":count + 1]), findTestData("Data Files/testData_Task").getValue("missing_entity_default_text", 1), STOP_ON_FAILURE): Actual text and expected text of test object 'Object Repository/GenericII/getBotResponse' are matched.&#xD;
&#xD;
2021-02-16 19:09:27 - [MESSAGE][PASSED] - Actual text and expected text of test object 'Object Repository/GenericII/getBotResponse' are matched.&#xD;
&#xD;
2021-02-16 19:09:27 - [TEST_STEP][PASSED] - sendKeys(findTestObject("Input/chatInput"), Keys.chord(userQuery, ENTER)): Keys 'ENTER + Delivery service in chennai' sent to object: 'Object Repository/Input/chatInput'&#xD;
&#xD;
2021-02-16 19:09:29 - [MESSAGE][PASSED] - Keys 'ENTER + Delivery service in chennai' sent to object: 'Object Repository/Input/chatInput'&#xD;
&#xD;
2021-02-16 19:09:29 - [TEST_STEP][PASSED] - delay(1): Delayed 1 second(s)&#xD;
&#xD;
2021-02-16 19:09:30 - [MESSAGE][PASSED] - Delayed 1 second(s)&#xD;
&#xD;
2021-02-16 19:09:30 - [TEST_STEP][PASSED] - if (count == 3): null&#xD;
&#xD;
2021-02-16 19:09:30 - [TEST_STEP][PASSED] - verifyElementText(findTestObject("GenericII/getBotResponse", ["index":count + 1]), findTestData("Data Files/testData_Task").getValue("missing_entity_default_text", 1), STOP_ON_FAILURE): Actual text and expected text of test object 'Object Repository/GenericII/getBotResponse' are matched.&#xD;
&#xD;
2021-02-16 19:09:32 - [MESSAGE][PASSED] - Actual text and expected text of test object 'Object Repository/GenericII/getBotResponse' are matched.&#xD;
&#xD;
2021-02-16 19:09:32 - [TEST_STEP][PASSED] - sendKeys(findTestObject("Input/chatInput"), Keys.chord(userQuery, ENTER)): Keys 'ENTER + Delivery service in chennai' sent to object: 'Object Repository/Input/chatInput'&#xD;
&#xD;
2021-02-16 19:09:35 - [MESSAGE][PASSED] - Keys 'ENTER + Delivery service in chennai' sent to object: 'Object Repository/Input/chatInput'&#xD;
&#xD;
2021-02-16 19:09:35 - [TEST_STEP][PASSED] - delay(1): Delayed 1 second(s)&#xD;
&#xD;
2021-02-16 19:09:36 - [MESSAGE][PASSED] - Delayed 1 second(s)&#xD;
&#xD;
2021-02-16 19:09:36 - [TEST_STEP][PASSED] - if (count == 3): null&#xD;
&#xD;
2021-02-16 19:09:36 - [TEST_STEP][PASSED] - break: null&#xD;
&#xD;
2021-02-16 19:09:36 - [TEST_STEP][PASSED] - platform.Method.clickOnElement(findTestObject("Button/upvote")): platform.Method.clickOnElement is PASSED&#xD;
&#xD;
2021-02-16 19:09:38 - [MESSAGE][PASSED] - platform.Method.clickOnElement is PASSED&#xD;
&#xD;
2021-02-16 19:09:38 - [TEST_STEP][PASSED] - platform.Method.clickOnElement(findTestObject("GenericII/minimize")): platform.Method.clickOnElement is PASSED&#xD;
&#xD;
2021-02-16 19:09:41 - [MESSAGE][PASSED] - platform.Method.clickOnElement is PASSED</system-out>
            <system-err></system-err>
        </testcase>
        <testcase name="Test Cases/TASK_SSO/updateResponse_Test" classname="Test Cases/TASK_SSO/updateResponse_Test" status="ERROR">
            <error type="ERROR" message="Test Cases/TASK_SSO/updateResponse_Test FAILED.&#xA;Reason:&#xA;org.codehaus.groovy.runtime.InvokerInvocationException: com.kms.katalon.core.webui.exception.WebElementNotFoundException: Web element with id: 'Object Repository/Generic/webObjectWithText' located by 'By.xpath: //*[contains(text(),'Static response')]' not found&#xD;&#xA;&#x9;at platform.Method.invokeMethod(Method.groovy)&#xD;&#xA;&#x9;at com.kms.katalon.core.main.CustomKeywordDelegatingMetaClass.invokeStaticMethod(CustomKeywordDelegatingMetaClass.java:50)&#xD;&#xA;&#x9;at updateResponse_Test.run(updateResponse_Test:44)&#xD;&#xA;&#x9;at com.kms.katalon.core.main.ScriptEngine.run(ScriptEngine.java:194)&#xD;&#xA;&#x9;at com.kms.katalon.core.main.ScriptEngine.runScriptAsRawText(ScriptEngine.java:119)&#xD;&#xA;&#x9;at com.kms.katalon.core.main.TestCaseExecutor.runScript(TestCaseExecutor.java:337)&#xD;&#xA;&#x9;at com.kms.katalon.core.main.TestCaseExecutor.doExecute(TestCaseExecutor.java:328)&#xD;&#xA;&#x9;at com.kms.katalon.core.main.TestCaseExecutor.processExecutionPhase(TestCaseExecutor.java:307)&#xD;&#xA;&#x9;at com.kms.katalon.core.main.TestCaseExecutor.accessMainPhase(TestCaseExecutor.java:299)&#xD;&#xA;&#x9;at com.kms.katalon.core.main.TestCaseExecutor.execute(TestCaseExecutor.java:233)&#xD;&#xA;&#x9;at com.kms.katalon.core.main.TestSuiteExecutor.accessTestCaseMainPhase(TestSuiteExecutor.java:169)&#xD;&#xA;&#x9;at com.kms.katalon.core.main.TestSuiteExecutor.accessTestSuiteMainPhase(TestSuiteExecutor.java:142)&#xD;&#xA;&#x9;at com.kms.katalon.core.main.TestSuiteExecutor.execute(TestSuiteExecutor.java:91)&#xD;&#xA;&#x9;at com.kms.katalon.core.main.TestCaseMain.startTestSuite(TestCaseMain.java:157)&#xD;&#xA;&#x9;at com.kms.katalon.core.main.TestCaseMain$startTestSuite$0.call(Unknown Source)&#xD;&#xA;&#x9;at TempTestSuite1613482064281.run(TempTestSuite1613482064281.groovy:35)&#xD;&#xA;Caused by: com.kms.katalon.core.webui.exception.WebElementNotFoundException: Web element with id: 'Object Repository/Generic/webObjectWithText' located by 'By.xpath: //*[contains(text(),'Static response')]' not found&#xD;&#xA;&#x9;at com.kms.katalon.core.webui.common.WebUiCommonHelper.findWebElement(WebUiCommonHelper.java:1097)&#xD;&#xA;&#x9;at com.kms.katalon.core.webui.common.WebUiCommonHelper$findWebElement.call(Unknown Source)&#xD;&#xA;&#x9;at platform.Method.clickOnElement(Method.groovy:32)&#xD;&#xA;&#x9;... 16 more&#xD;&#xA;"/>
            <system-out>2021-02-16 19:09:41 - [TEST_CASE][ERROR] - Test Cases/TASK_SSO/updateResponse_Test: Test Cases/TASK_SSO/updateResponse_Test FAILED.
Reason:
org.codehaus.groovy.runtime.InvokerInvocationException: com.kms.katalon.core.webui.exception.WebElementNotFoundException: Web element with id: 'Object Repository/Generic/webObjectWithText' located by 'By.xpath: //*[contains(text(),'Static response')]' not found&#xD;
	at platform.Method.invokeMethod(Method.groovy)&#xD;
	at com.kms.katalon.core.main.CustomKeywordDelegatingMetaClass.invokeStaticMethod(CustomKeywordDelegatingMetaClass.java:50)&#xD;
	at updateResponse_Test.run(updateResponse_Test:44)&#xD;
	at com.kms.katalon.core.main.ScriptEngine.run(ScriptEngine.java:194)&#xD;
	at com.kms.katalon.core.main.ScriptEngine.runScriptAsRawText(ScriptEngine.java:119)&#xD;
	at com.kms.katalon.core.main.TestCaseExecutor.runScript(TestCaseExecutor.java:337)&#xD;
	at com.kms.katalon.core.main.TestCaseExecutor.doExecute(TestCaseExecutor.java:328)&#xD;
	at com.kms.katalon.core.main.TestCaseExecutor.processExecutionPhase(TestCaseExecutor.java:307)&#xD;
	at com.kms.katalon.core.main.TestCaseExecutor.accessMainPhase(TestCaseExecutor.java:299)&#xD;
	at com.kms.katalon.core.main.TestCaseExecutor.execute(TestCaseExecutor.java:233)&#xD;
	at com.kms.katalon.core.main.TestSuiteExecutor.accessTestCaseMainPhase(TestSuiteExecutor.java:169)&#xD;
	at com.kms.katalon.core.main.TestSuiteExecutor.accessTestSuiteMainPhase(TestSuiteExecutor.java:142)&#xD;
	at com.kms.katalon.core.main.TestSuiteExecutor.execute(TestSuiteExecutor.java:91)&#xD;
	at com.kms.katalon.core.main.TestCaseMain.startTestSuite(TestCaseMain.java:157)&#xD;
	at com.kms.katalon.core.main.TestCaseMain$startTestSuite$0.call(Unknown Source)&#xD;
	at TempTestSuite1613482064281.run(TempTestSuite1613482064281.groovy:35)&#xD;
Caused by: com.kms.katalon.core.webui.exception.WebElementNotFoundException: Web element with id: 'Object Repository/Generic/webObjectWithText' located by 'By.xpath: //*[contains(text(),'Static response')]' not found&#xD;
	at com.kms.katalon.core.webui.common.WebUiCommonHelper.findWebElement(WebUiCommonHelper.java:1097)&#xD;
	at com.kms.katalon.core.webui.common.WebUiCommonHelper$findWebElement.call(Unknown Source)&#xD;
	at platform.Method.clickOnElement(Method.groovy:32)&#xD;
	... 16 more&#xD;
&#xD;
&#xD;
2021-02-16 19:09:41 - [TEST_STEP][PASSED] - platform.Method.clickOnElement(findTestObject("Generic/training")): platform.Method.clickOnElement is PASSED&#xD;
&#xD;
2021-02-16 19:09:43 - [MESSAGE][PASSED] - platform.Method.clickOnElement is PASSED&#xD;
&#xD;
2021-02-16 19:09:43 - [TEST_STEP][PASSED] - testData = findTestData("Data Files/testData_Task"): null&#xD;
&#xD;
2021-02-16 19:09:44 - [TEST_STEP][PASSED] - platform.Training.addMultipleUtterance(testData, "stock_check_utterance"): platform.Training.addMultipleUtterance is PASSED&#xD;
&#xD;
2021-02-16 19:09:48 - [MESSAGE][PASSED] - Keys 'Is chair available in Hyderbad store?' sent to object: 'Object Repository/Input/utterance'&#xD;
&#xD;
2021-02-16 19:09:56 - [MESSAGE][PASSED] - Delayed 5 second(s)&#xD;
&#xD;
2021-02-16 19:09:58 - [MESSAGE][PASSED] - Keys 'I want to order a sofa, is it available in Mumbai store?' sent to object: 'Object Repository/Input/utterance'&#xD;
&#xD;
2021-02-16 19:10:06 - [MESSAGE][PASSED] - Delayed 5 second(s)&#xD;
&#xD;
2021-02-16 19:10:06 - [MESSAGE][PASSED] - platform.Training.addMultipleUtterance is PASSED&#xD;
&#xD;
2021-02-16 19:10:06 - [TEST_STEP][PASSED] - sendKeys(findTestObject("Input/intentName"), testData.getValue("intent_name", 2)): Keys 'stock_check' sent to object: 'Object Repository/Input/intentName'&#xD;
&#xD;
2021-02-16 19:10:08 - [MESSAGE][PASSED] - Keys 'stock_check' sent to object: 'Object Repository/Input/intentName'&#xD;
&#xD;
2021-02-16 19:10:08 - [TEST_STEP][PASSED] - sendKeys(findTestObject("Input/finalTempKey"), testData.getValue("dynamic_template", 3)): Keys 'stock_check_template' sent to object: 'Object Repository/Input/finalTempKey'&#xD;
&#xD;
2021-02-16 19:10:11 - [MESSAGE][PASSED] - Keys 'stock_check_template' sent to object: 'Object Repository/Input/finalTempKey'&#xD;
&#xD;
2021-02-16 19:10:11 - [TEST_STEP][PASSED] - platform.Training.createInstantResponse(testData.getValue("dynamic_template", 3), "Setting default value. Will be converted to dynamic type"): platform.Training.createInstantResponse is PASSED&#xD;
&#xD;
2021-02-16 19:10:16 - [MESSAGE][PASSED] - Keys 'stock_check_template' sent to object: 'Object Repository/NewRepo2/templateKeyPopUp'&#xD;
&#xD;
2021-02-16 19:10:19 - [MESSAGE][PASSED] - Keys 'Setting default value. Will be converted to dynamic type' sent to object: 'Object Repository/NewRepo2/templateResponsePopUp'&#xD;
&#xD;
2021-02-16 19:10:21 - [MESSAGE][PASSED] - platform.Training.createInstantResponse is PASSED&#xD;
&#xD;
2021-02-16 19:10:21 - [TEST_STEP][PASSED] - platform.Method.clickOnElement(findTestObject("Button/save", ["value":" Save "])): platform.Method.clickOnElement is PASSED&#xD;
&#xD;
2021-02-16 19:10:23 - [MESSAGE][PASSED] - platform.Method.clickOnElement is PASSED&#xD;
&#xD;
2021-02-16 19:10:23 - [TEST_STEP][PASSED] - verifyElementText(findTestObject("Generic/header"), "stock_check", OPTIONAL): Actual text and expected text of test object 'Object Repository/Generic/header' are matched.&#xD;
&#xD;
2021-02-16 19:10:26 - [MESSAGE][PASSED] - Actual text and expected text of test object 'Object Repository/Generic/header' are matched.&#xD;
&#xD;
2021-02-16 19:10:26 - [TEST_STEP][PASSED] - platform.Method.clickOnElement(findTestObject("Generic/response")): platform.Method.clickOnElement is PASSED&#xD;
&#xD;
2021-02-16 19:10:28 - [MESSAGE][PASSED] - platform.Method.clickOnElement is PASSED&#xD;
&#xD;
2021-02-16 19:10:28 - [TEST_STEP][PASSED] - platform.Method.clickOnElement(findTestObject("Generic/webObjectWithText", ["textValue":"stock_check_template "])): platform.Method.clickOnElement is PASSED&#xD;
&#xD;
2021-02-16 19:10:31 - [MESSAGE][PASSED] - platform.Method.clickOnElement is PASSED&#xD;
&#xD;
2021-02-16 19:10:31 - [TEST_STEP][ERROR] - platform.Method.clickOnElement(findTestObject("Generic/webObjectWithText", ["textValue":"Static response"])): com.kms.katalon.core.webui.exception.WebElementNotFoundException: Web element with id: 'Object Repository/Generic/webObjectWithText' located by 'By.xpath: //*[contains(text(),'Static response')]' not found&#xD;
&#xD;
2021-02-16 19:10:37 - [MESSAGE][INFO] - Unable to find the element located by 'By.xpath: //*[contains(text(),'Static response')]'. Please recheck the objects properties to make sure the desired element is located. &#xD;
&#xD;
2021-02-16 19:10:37 - [MESSAGE][ERROR] - com.kms.katalon.core.webui.exception.WebElementNotFoundException: Web element with id: 'Object Repository/Generic/webObjectWithText' located by 'By.xpath: //*[contains(text(),'Static response')]' not found</system-out>
            <system-err>2021-02-16 19:09:41 - [TEST_CASE][ERROR] - Test Cases/TASK_SSO/updateResponse_Test: Test Cases/TASK_SSO/updateResponse_Test FAILED.
Reason:
org.codehaus.groovy.runtime.InvokerInvocationException: com.kms.katalon.core.webui.exception.WebElementNotFoundException: Web element with id: 'Object Repository/Generic/webObjectWithText' located by 'By.xpath: //*[contains(text(),'Static response')]' not found&#xD;
	at platform.Method.invokeMethod(Method.groovy)&#xD;
	at com.kms.katalon.core.main.CustomKeywordDelegatingMetaClass.invokeStaticMethod(CustomKeywordDelegatingMetaClass.java:50)&#xD;
	at updateResponse_Test.run(updateResponse_Test:44)&#xD;
	at com.kms.katalon.core.main.ScriptEngine.run(ScriptEngine.java:194)&#xD;
	at com.kms.katalon.core.main.ScriptEngine.runScriptAsRawText(ScriptEngine.java:119)&#xD;
	at com.kms.katalon.core.main.TestCaseExecutor.runScript(TestCaseExecutor.java:337)&#xD;
	at com.kms.katalon.core.main.TestCaseExecutor.doExecute(TestCaseExecutor.java:328)&#xD;
	at com.kms.katalon.core.main.TestCaseExecutor.processExecutionPhase(TestCaseExecutor.java:307)&#xD;
	at com.kms.katalon.core.main.TestCaseExecutor.accessMainPhase(TestCaseExecutor.java:299)&#xD;
	at com.kms.katalon.core.main.TestCaseExecutor.execute(TestCaseExecutor.java:233)&#xD;
	at com.kms.katalon.core.main.TestSuiteExecutor.accessTestCaseMainPhase(TestSuiteExecutor.java:169)&#xD;
	at com.kms.katalon.core.main.TestSuiteExecutor.accessTestSuiteMainPhase(TestSuiteExecutor.java:142)&#xD;
	at com.kms.katalon.core.main.TestSuiteExecutor.execute(TestSuiteExecutor.java:91)&#xD;
	at com.kms.katalon.core.main.TestCaseMain.startTestSuite(TestCaseMain.java:157)&#xD;
	at com.kms.katalon.core.main.TestCaseMain$startTestSuite$0.call(Unknown Source)&#xD;
	at TempTestSuite1613482064281.run(TempTestSuite1613482064281.groovy:35)&#xD;
Caused by: com.kms.katalon.core.webui.exception.WebElementNotFoundException: Web element with id: 'Object Repository/Generic/webObjectWithText' located by 'By.xpath: //*[contains(text(),'Static response')]' not found&#xD;
	at com.kms.katalon.core.webui.common.WebUiCommonHelper.findWebElement(WebUiCommonHelper.java:1097)&#xD;
	at com.kms.katalon.core.webui.common.WebUiCommonHelper$findWebElement.call(Unknown Source)&#xD;
	at platform.Method.clickOnElement(Method.groovy:32)&#xD;
	... 16 more</system-err>
        </testcase>
        <testcase name="Test Cases/TASK_SSO/downvoteWithComment_Test" classname="Test Cases/TASK_SSO/downvoteWithComment_Test" status="PASSED">
            <system-out>2021-02-16 19:10:37 - [TEST_CASE][PASSED] - Test Cases/TASK_SSO/downvoteWithComment_Test: Test Cases/TASK_SSO/downvoteWithComment_Test&#xD;
&#xD;
2021-02-16 19:10:38 - [TEST_STEP][PASSED] - platform.Method.clickOnElement(findTestObject("Generic/training")): platform.Method.clickOnElement is PASSED&#xD;
&#xD;
2021-02-16 19:10:40 - [MESSAGE][PASSED] - platform.Method.clickOnElement is PASSED&#xD;
&#xD;
2021-02-16 19:10:40 - [TEST_STEP][PASSED] - platform.Method.trainAndComment(comment): platform.Method.trainAndComment is PASSED&#xD;
&#xD;
2021-02-16 19:10:48 - [MESSAGE][PASSED] - Keys 'downvote test' sent to object: 'Object Repository/Input/comment'&#xD;
&#xD;
2021-02-16 19:10:50 - [MESSAGE][PASSED] - platform.Method.trainAndComment is PASSED&#xD;
&#xD;
2021-02-16 19:10:50 - [TEST_STEP][PASSED] - try: Object 'Object Repository/ICONS/toastMsg' is present&#xD;
&#xD;
2021-02-16 19:10:50 - [TEST_STEP][PASSED] - verifyElementPresent(findTestObject("ICONS/toastMsg"), 20, OPTIONAL): Object 'Object Repository/ICONS/toastMsg' is present&#xD;
&#xD;
2021-02-16 19:10:51 - [MESSAGE][PASSED] - Object 'Object Repository/ICONS/toastMsg' is present&#xD;
&#xD;
2021-02-16 19:10:51 - [TEST_STEP][PASSED] - platform.Method.clickOnElement(findTestObject("Button/preview")): platform.Method.clickOnElement is PASSED&#xD;
&#xD;
2021-02-16 19:10:54 - [MESSAGE][PASSED] - platform.Method.clickOnElement is PASSED&#xD;
&#xD;
2021-02-16 19:10:54 - [TEST_STEP][PASSED] - sendKeys(findTestObject("Input/chatInput"), Keys.chord(userQuery, ENTER)): Keys 'ENTER + I want to report for damaged product at delivery' sent to object: 'Object Repository/Input/chatInput'&#xD;
&#xD;
2021-02-16 19:10:56 - [MESSAGE][PASSED] - Keys 'ENTER + I want to report for damaged product at delivery' sent to object: 'Object Repository/Input/chatInput'&#xD;
&#xD;
2021-02-16 19:10:56 - [TEST_STEP][PASSED] - waitForElementPresent(findTestObject("Generic/botReponse", ["index":2]), 10, OPTIONAL): Object 'Object Repository/Generic/botReponse' is present&#xD;
&#xD;
2021-02-16 19:10:59 - [MESSAGE][PASSED] - Object 'Object Repository/Generic/botReponse' is present&#xD;
&#xD;
2021-02-16 19:10:59 - [TEST_STEP][PASSED] - verifyElementText(findTestObject("Generic/botReponse", ["index":2]), botResponse, OPTIONAL): Actual text 'Setting default value. Will be converted to dynamic type' and expected text 'Sorry, I am unable to understand your message. Could you please rephrase it?' of test object 'Object Repository/Generic/botReponse' are NOT matched. (Root cause: com.kms.katalon.core.exception.StepFailedException: Actual text 'Setting default value. Will be converted to dynamic type' and expected text 'Sorry, I am unable to understand your message. Could you please rephrase it?' of test object 'Object Repository/Generic/botReponse' are NOT matched.&#xD;
	at com.kms.katalon.core.webui.keyword.internal.WebUIKeywordMain.stepFailed(WebUIKeywordMain.groovy:64)&#xD;
	at com.kms.katalon.core.webui.keyword.builtin.VerifyElementTextKeyword$_verifyElementText_closure1.doCall(VerifyElementTextKeyword.groovy:57)&#xD;
	at com.kms.katalon.core.webui.keyword.builtin.VerifyElementTextKeyword$_verifyElementText_closure1.call(VerifyElementTextKeyword.groovy)&#xD;
	at com.kms.katalon.core.webui.keyword.internal.WebUIKeywordMain.runKeyword(WebUIKeywordMain.groovy:20)&#xD;
	at com.kms.katalon.core.webui.keyword.builtin.VerifyElementTextKeyword.verifyElementText(VerifyElementTextKeyword.groovy:72)&#xD;
	at com.kms.katalon.core.webui.keyword.builtin.VerifyElementTextKeyword.execute(VerifyElementTextKeyword.groovy:40)&#xD;
	at com.kms.katalon.core.keyword.internal.KeywordExecutor.executeKeywordForPlatform(KeywordExecutor.groovy:56)&#xD;
	at com.kms.katalon.core.webui.keyword.WebUiBuiltInKeywords.verifyElementText(WebUiBuiltInKeywords.groovy:3647)&#xD;
	at com.kms.katalon.core.webui.keyword.WebUiBuiltInKeywords$verifyElementText$5.call(Unknown Source)&#xD;
	at downvoteWithComment_Test.run(downvoteWithComment_Test:38)&#xD;
	at com.kms.katalon.core.main.ScriptEngine.run(ScriptEngine.java:194)&#xD;
	at com.kms.katalon.core.main.ScriptEngine.runScriptAsRawText(ScriptEngine.java:119)&#xD;
	at com.kms.katalon.core.main.TestCaseExecutor.runScript(TestCaseExecutor.java:337)&#xD;
	at com.kms.katalon.core.main.TestCaseExecutor.doExecute(TestCaseExecutor.java:328)&#xD;
	at com.kms.katalon.core.main.TestCaseExecutor.processExecutionPhase(TestCaseExecutor.java:307)&#xD;
	at com.kms.katalon.core.main.TestCaseExecutor.accessMainPhase(TestCaseExecutor.java:299)&#xD;
	at com.kms.katalon.core.main.TestCaseExecutor.execute(TestCaseExecutor.java:233)&#xD;
	at com.kms.katalon.core.main.TestSuiteExecutor.accessTestCaseMainPhase(TestSuiteExecutor.java:169)&#xD;
	at com.kms.katalon.core.main.TestSuiteExecutor.accessTestSuiteMainPhase(TestSuiteExecutor.java:142)&#xD;
	at com.kms.katalon.core.main.TestSuiteExecutor.execute(TestSuiteExecutor.java:91)&#xD;
	at com.kms.katalon.core.main.TestCaseMain.startTestSuite(TestCaseMain.java:157)&#xD;
	at com.kms.katalon.core.main.TestCaseMain$startTestSuite$0.call(Unknown Source)&#xD;
	at TempTestSuite1613482064281.run(TempTestSuite1613482064281.groovy:35)&#xD;
)&#xD;
&#xD;
2021-02-16 19:11:03 - [MESSAGE][WARNING] - Actual text 'Setting default value. Will be converted to dynamic type' and expected text 'Sorry, I am unable to understand your message. Could you please rephrase it?' of test object 'Object Repository/Generic/botReponse' are NOT matched. (Root cause: com.kms.katalon.core.exception.StepFailedException: Actual text 'Setting default value. Will be converted to dynamic type' and expected text 'Sorry, I am unable to understand your message. Could you please rephrase it?' of test object 'Object Repository/Generic/botReponse' are NOT matched.&#xD;
	at com.kms.katalon.core.webui.keyword.internal.WebUIKeywordMain.stepFailed(WebUIKeywordMain.groovy:64)&#xD;
	at com.kms.katalon.core.webui.keyword.builtin.VerifyElementTextKeyword$_verifyElementText_closure1.doCall(VerifyElementTextKeyword.groovy:57)&#xD;
	at com.kms.katalon.core.webui.keyword.builtin.VerifyElementTextKeyword$_verifyElementText_closure1.call(VerifyElementTextKeyword.groovy)&#xD;
	at com.kms.katalon.core.webui.keyword.internal.WebUIKeywordMain.runKeyword(WebUIKeywordMain.groovy:20)&#xD;
	at com.kms.katalon.core.webui.keyword.builtin.VerifyElementTextKeyword.verifyElementText(VerifyElementTextKeyword.groovy:72)&#xD;
	at com.kms.katalon.core.webui.keyword.builtin.VerifyElementTextKeyword.execute(VerifyElementTextKeyword.groovy:40)&#xD;
	at com.kms.katalon.core.keyword.internal.KeywordExecutor.executeKeywordForPlatform(KeywordExecutor.groovy:56)&#xD;
	at com.kms.katalon.core.webui.keyword.WebUiBuiltInKeywords.verifyElementText(WebUiBuiltInKeywords.groovy:3647)&#xD;
	at com.kms.katalon.core.webui.keyword.WebUiBuiltInKeywords$verifyElementText$5.call(Unknown Source)&#xD;
	at downvoteWithComment_Test.run(downvoteWithComment_Test:38)&#xD;
	at com.kms.katalon.core.main.ScriptEngine.run(ScriptEngine.java:194)&#xD;
	at com.kms.katalon.core.main.ScriptEngine.runScriptAsRawText(ScriptEngine.java:119)&#xD;
	at com.kms.katalon.core.main.TestCaseExecutor.runScript(TestCaseExecutor.java:337)&#xD;
	at com.kms.katalon.core.main.TestCaseExecutor.doExecute(TestCaseExecutor.java:328)&#xD;
	at com.kms.katalon.core.main.TestCaseExecutor.processExecutionPhase(TestCaseExecutor.java:307)&#xD;
	at com.kms.katalon.core.main.TestCaseExecutor.accessMainPhase(TestCaseExecutor.java:299)&#xD;
	at com.kms.katalon.core.main.TestCaseExecutor.execute(TestCaseExecutor.java:233)&#xD;
	at com.kms.katalon.core.main.TestSuiteExecutor.accessTestCaseMainPhase(TestSuiteExecutor.java:169)&#xD;
	at com.kms.katalon.core.main.TestSuiteExecutor.accessTestSuiteMainPhase(TestSuiteExecutor.java:142)&#xD;
	at com.kms.katalon.core.main.TestSuiteExecutor.execute(TestSuiteExecutor.java:91)&#xD;
	at com.kms.katalon.core.main.TestCaseMain.startTestSuite(TestCaseMain.java:157)&#xD;
	at com.kms.katalon.core.main.TestCaseMain$startTestSuite$0.call(Unknown Source)&#xD;
	at TempTestSuite1613482064281.run(TempTestSuite1613482064281.groovy:35)&#xD;
)&#xD;
[[ATTACHMENT|D:\\2021\\IMIbot.ai-Project\\Reports\\20210216_185744\\TASK_SSO\\20210216_185744\\1613482861710.png]]&#xD;
&#xD;
2021-02-16 19:11:03 - [TEST_STEP][PASSED] - platform.Preview.downvoteResponseWithComment(findTestData("Data Files/testData_Task").getValue("comment", 3)): platform.Preview.downvoteResponseWithComment is PASSED&#xD;
&#xD;
2021-02-16 19:11:06 - [MESSAGE][PASSED] - Object: 'Object Repository/Button/downvote' is clicked on&#xD;
&#xD;
2021-02-16 19:11:08 - [MESSAGE][PASSED] - Keys 'Bot response is not relevant to my query' sent to object: 'Object Repository/Input/downvoteComment'&#xD;
&#xD;
2021-02-16 19:11:11 - [MESSAGE][PASSED] - platform.Preview.downvoteResponseWithComment is PASSED&#xD;
&#xD;
2021-02-16 19:11:11 - [TEST_STEP][PASSED] - getRoomIdAt = new java.util.ArrayList(): null&#xD;
&#xD;
2021-02-16 19:11:11 - [TEST_STEP][PASSED] - getRoomIdAt = platform.Utility.getRoomID(): platform.Utility.getRoomID is PASSED&#xD;
&#xD;
2021-02-16 19:11:18 - [MESSAGE][PASSED] - platform.Utility.getRoomID is PASSED&#xD;
&#xD;
2021-02-16 19:11:18 - [TEST_STEP][PASSED] - roomID = get(0).toString(): null&#xD;
&#xD;
2021-02-16 19:11:18 - [TEST_STEP][PASSED] - platform.Utility.overWriteTestData("Task bot", 1, 0, roomID): platform.Utility.overWriteTestData is PASSED&#xD;
&#xD;
2021-02-16 19:11:18 - [MESSAGE][PASSED] - platform.Utility.overWriteTestData is PASSED&#xD;
&#xD;
2021-02-16 19:11:18 - [TEST_STEP][PASSED] - platform.Method.clickOnElement(findTestObject("Generic/session")): platform.Method.clickOnElement is PASSED&#xD;
&#xD;
2021-02-16 19:11:21 - [MESSAGE][PASSED] - platform.Method.clickOnElement is PASSED&#xD;
&#xD;
2021-02-16 19:11:21 - [TEST_STEP][PASSED] - platform.Method.clickOnElement(findTestObject("GenericII/minimize")): platform.Method.clickOnElement is PASSED&#xD;
&#xD;
2021-02-16 19:11:24 - [MESSAGE][PASSED] - platform.Method.clickOnElement is PASSED&#xD;
&#xD;
2021-02-16 19:11:24 - [TEST_STEP][PASSED] - waitForElementClickable(findTestObject("Input/roomID", ["value":"id"]), 20, OPTIONAL): Object 'Object Repository/Input/roomID' is clickable&#xD;
&#xD;
2021-02-16 19:11:26 - [MESSAGE][PASSED] - Object 'Object Repository/Input/roomID' is clickable&#xD;
&#xD;
2021-02-16 19:11:26 - [TEST_STEP][PASSED] - setText(findTestObject("Input/roomID", ["value":"id"]), roomID): Text '2162278' is set on object 'Object Repository/Input/roomID'&#xD;
&#xD;
2021-02-16 19:11:30 - [MESSAGE][PASSED] - Text '2162278' is set on object 'Object Repository/Input/roomID'&#xD;
&#xD;
2021-02-16 19:11:30 - [TEST_STEP][PASSED] - platform.Method.clickOnElement(findTestObject("Button/submitSession")): platform.Method.clickOnElement is PASSED&#xD;
&#xD;
2021-02-16 19:11:32 - [MESSAGE][PASSED] - platform.Method.clickOnElement is PASSED&#xD;
&#xD;
2021-02-16 19:11:32 - [TEST_STEP][PASSED] - platform.Method.clickOnElement(findTestObject("Generic/webObjectWithText", ["textValue":roomID])): platform.Method.clickOnElement is PASSED&#xD;
&#xD;
2021-02-16 19:11:35 - [MESSAGE][PASSED] - platform.Method.clickOnElement is PASSED&#xD;
&#xD;
2021-02-16 19:11:35 - [TEST_STEP][PASSED] - mouseOver(findTestObject("Generic/webObjectWithText", ["textValue":"Downvoted with comment"])): Object: 'Object Repository/Generic/webObjectWithText' is hovered&#xD;
&#xD;
2021-02-16 19:11:37 - [MESSAGE][PASSED] - Object: 'Object Repository/Generic/webObjectWithText' is hovered&#xD;
&#xD;
2021-02-16 19:11:37 - [TEST_STEP][PASSED] - verifyElementPresent(findTestObject("Generic/webObjectWithText", ["textValue":"Downvoted with comment"]), 10, CONTINUE_ON_FAILURE): Object 'Object Repository/Generic/webObjectWithText' is present&#xD;
&#xD;
2021-02-16 19:11:38 - [MESSAGE][PASSED] - Object 'Object Repository/Generic/webObjectWithText' is present&#xD;
&#xD;
2021-02-16 19:11:38 - [TEST_STEP][PASSED] - platform.Method.clickOnElement(findTestObject("GenericII/closePopup")): platform.Method.clickOnElement is PASSED&#xD;
&#xD;
2021-02-16 19:11:41 - [MESSAGE][PASSED] - platform.Method.clickOnElement is PASSED</system-out>
            <system-err></system-err>
        </testcase>
        <testcase name="Test Cases/TASK_SSO/createNewIntentCuration_Test" classname="Test Cases/TASK_SSO/createNewIntentCuration_Test" status="PASSED">
            <system-out>2021-02-16 19:11:41 - [TEST_CASE][PASSED] - Test Cases/TASK_SSO/createNewIntentCuration_Test: Test Cases/TASK_SSO/createNewIntentCuration_Test&#xD;
&#xD;
2021-02-16 19:11:41 - [TEST_STEP][PASSED] - platform.Method.clickOnElement(findTestObject("Generic/curation")): platform.Method.clickOnElement is PASSED&#xD;
&#xD;
2021-02-16 19:11:44 - [MESSAGE][PASSED] - platform.Method.clickOnElement is PASSED&#xD;
&#xD;
2021-02-16 19:11:44 - [TEST_STEP][PASSED] - testData = findTestData("Data Files/testData_Task"): null&#xD;
&#xD;
2021-02-16 19:11:45 - [TEST_STEP][PASSED] - platform.Method.clickOnElement(findTestObject("Generic/webObjectWithText", ["textValue":"Issues"])): platform.Method.clickOnElement is PASSED&#xD;
&#xD;
2021-02-16 19:11:48 - [MESSAGE][PASSED] - platform.Method.clickOnElement is PASSED&#xD;
&#xD;
2021-02-16 19:11:48 - [TEST_STEP][PASSED] - sendKeys(findTestObject("Input/roomID", ["value":"room_id"]), testData.getValue("room_id", 1)): Keys '2162278' sent to object: 'Object Repository/Input/roomID'&#xD;
&#xD;
2021-02-16 19:11:50 - [MESSAGE][PASSED] - Keys '2162278' sent to object: 'Object Repository/Input/roomID'&#xD;
&#xD;
2021-02-16 19:11:50 - [TEST_STEP][PASSED] - platform.Method.clickOnElement(findTestObject("Button/filter")): platform.Method.clickOnElement is PASSED&#xD;
&#xD;
2021-02-16 19:11:53 - [MESSAGE][PASSED] - platform.Method.clickOnElement is PASSED&#xD;
&#xD;
2021-02-16 19:11:53 - [TEST_STEP][PASSED] - verifyElementPresent(findTestObject("ICONS/downvote"), 10, CONTINUE_ON_FAILURE): Object 'Object Repository/ICONS/downvote' is present&#xD;
&#xD;
2021-02-16 19:11:54 - [MESSAGE][PASSED] - Object 'Object Repository/ICONS/downvote' is present&#xD;
&#xD;
2021-02-16 19:11:54 - [TEST_STEP][PASSED] - platform.Method.clickOnElement(findTestObject("Button/addToNewIntent")): platform.Method.clickOnElement is PASSED&#xD;
&#xD;
2021-02-16 19:11:57 - [MESSAGE][PASSED] - platform.Method.clickOnElement is PASSED&#xD;
&#xD;
2021-02-16 19:11:57 - [TEST_STEP][PASSED] - verifyElementText(findTestObject("Generic/header"), "Create intent", CONTINUE_ON_FAILURE): Actual text and expected text of test object 'Object Repository/Generic/header' are matched.&#xD;
&#xD;
2021-02-16 19:11:59 - [MESSAGE][PASSED] - Actual text and expected text of test object 'Object Repository/Generic/header' are matched.&#xD;
&#xD;
2021-02-16 19:11:59 - [TEST_STEP][PASSED] - sendKeys(findTestObject("Input/intentName"), testData.getValue("intent_name", 4)): Keys 'report_complain' sent to object: 'Object Repository/Input/intentName'&#xD;
&#xD;
2021-02-16 19:12:02 - [MESSAGE][PASSED] - Keys 'report_complain' sent to object: 'Object Repository/Input/intentName'&#xD;
&#xD;
2021-02-16 19:12:02 - [TEST_STEP][PASSED] - platform.Method.clickOnElement(findTestObject("Slots/linkEntity")): platform.Method.clickOnElement is PASSED&#xD;
&#xD;
2021-02-16 19:12:04 - [MESSAGE][PASSED] - platform.Method.clickOnElement is PASSED&#xD;
&#xD;
2021-02-16 19:12:04 - [TEST_STEP][PASSED] - platform.Method.clickOnElement(findTestObject("Generic/webObjectWithText", ["textValue":"order_id"])): platform.Method.clickOnElement is PASSED&#xD;
&#xD;
2021-02-16 19:12:07 - [MESSAGE][PASSED] - platform.Method.clickOnElement is PASSED&#xD;
&#xD;
2021-02-16 19:12:07 - [TEST_STEP][PASSED] - check(findTestObject("Slots/checkbox", ["rowValue":1])): Object 'Object Repository/Slots/checkbox' is checked&#xD;
&#xD;
2021-02-16 19:12:10 - [MESSAGE][PASSED] - Object 'Object Repository/Slots/checkbox' is checked&#xD;
&#xD;
2021-02-16 19:12:10 - [TEST_STEP][PASSED] - setText(findTestObject("Slots/retries", ["rowValue":1]), "2"): Text '2' is set on object 'Object Repository/Slots/retries'&#xD;
&#xD;
2021-02-16 19:12:14 - [MESSAGE][PASSED] - Text '2' is set on object 'Object Repository/Slots/retries'&#xD;
&#xD;
2021-02-16 19:12:14 - [TEST_STEP][PASSED] - setText(findTestObject("Slots/templateKey", ["rowValue":1]), testData.getValue("missing_entity", 2)): Text 'missing_order_id' is set on object 'Object Repository/Slots/templateKey'&#xD;
&#xD;
[...]
&#xD;
2021-02-16 19:30:33 - [MESSAGE][PASSED] - platform.ResponseDesigner.deleteSecondaryTemplate is PASSED</system-out>
            <system-err></system-err>
        </testcase>
        <testcase name="Test Cases/Sprint/v4.3/abc_ListPickerFieldTestForTaskbot" classname="Test Cases/Sprint/v4.3/abc_ListPickerFieldTestForTaskbot" status="PASSED">
            <system-out>2021-02-16 19:30:33 - [TEST_CASE][PASSED] - Test Cases/Sprint/v4.3/abc_ListPickerFieldTestForTaskbot: Test Cases/Sprint/v4.3/abc_ListPickerFieldTestForTaskbot&#xD;
&#xD;
2021-02-16 19:30:34 - [TEST_STEP][PASSED] - platform.ResponseDesigner.addChannelToResponse(" Apple Business Chat"): platform.ResponseDesigner.addChannelToResponse is PASSED&#xD;
&#xD;
2021-02-16 19:30:39 - [MESSAGE][PASSED] - platform.ResponseDesigner.addChannelToResponse is PASSED&#xD;
&#xD;
2021-02-16 19:30:39 - [TEST_STEP][PASSED] - assert platform.AppleBusinessChat.verifyListpickerOnTemplate() == true: platform.AppleBusinessChat.verifyListpickerOnTemplate is PASSED&#xD;
&#xD;
2021-02-16 19:30:41 - [MESSAGE][PASSED] - Object 'Object Repository/ICONS/listPickerABC' is visible&#xD;
&#xD;
2021-02-16 19:30:41 - [MESSAGE][PASSED] - platform.AppleBusinessChat.verifyListpickerOnTemplate is PASSED&#xD;
&#xD;
2021-02-16 19:30:41 - [TEST_STEP][PASSED] - platform.ResponseDesigner.addListpickerResponse(): platform.ResponseDesigner.addListpickerResponse is PASSED&#xD;
&#xD;
2021-02-16 19:30:44 - [MESSAGE][PASSED] - platform.ResponseDesigner.addListpickerResponse is PASSED&#xD;
&#xD;
2021-02-16 19:30:44 - [TEST_STEP][PASSED] - assert platform.AppleBusinessChat.verifyListpickerOnAddition(findTestObject("WEB_OBJECTS/templateHeader", ["index":2])) == true: platform.AppleBusinessChat.verifyListpickerOnAddition is PASSED&#xD;
&#xD;
2021-02-16 19:30:46 - [MESSAGE][PASSED] - Actual text and expected text of test object 'Object Repository/WEB_OBJECTS/templateHeader' are matched.&#xD;
&#xD;
2021-02-16 19:30:46 - [MESSAGE][PASSED] - platform.AppleBusinessChat.verifyListpickerOnAddition is PASSED&#xD;
&#xD;
2021-02-16 19:30:46 - [TEST_STEP][PASSED] - platform.AppleBusinessChat.setListPickerTitle(""): platform.AppleBusinessChat.setListPickerTitle is PASSED&#xD;
&#xD;
2021-02-16 19:30:52 - [MESSAGE][PASSED] - Text '' is set on object 'Object Repository/AppleBusinessChat/title'&#xD;
&#xD;
2021-02-16 19:30:52 - [MESSAGE][PASSED] - platform.AppleBusinessChat.setListPickerTitle is PASSED&#xD;
&#xD;
2021-02-16 19:30:52 - [TEST_STEP][PASSED] - platform.Method.removeFocus(findTestObject("AppleBusinessChat/title")): platform.Method.removeFocus is PASSED&#xD;
&#xD;
2021-02-16 19:30:54 - [MESSAGE][PASSED] - platform.Method.removeFocus is PASSED&#xD;
&#xD;
2021-02-16 19:30:54 - [TEST_STEP][PASSED] - verifyElementPresent(findTestObject("WEB_OBJECTS/alertRequired"), 20, CONTINUE_ON_FAILURE): Object 'Object Repository/WEB_OBJECTS/alertRequired' is present&#xD;
&#xD;
2021-02-16 19:30:55 - [MESSAGE][PASSED] - Object 'Object Repository/WEB_OBJECTS/alertRequired' is present&#xD;
&#xD;
2021-02-16 19:30:55 - [TEST_STEP][PASSED] - platform.AppleBusinessChat.setListPickerTitle(" "): platform.AppleBusinessChat.setListPickerTitle is PASSED&#xD;
&#xD;
2021-02-16 19:31:01 - [MESSAGE][PASSED] - Text ' ' is set on object 'Object Repository/AppleBusinessChat/title'&#xD;
&#xD;
2021-02-16 19:31:01 - [MESSAGE][PASSED] - platform.AppleBusinessChat.setListPickerTitle is PASSED&#xD;
&#xD;
2021-02-16 19:31:01 - [TEST_STEP][PASSED] - platform.Method.removeFocus(findTestObject("AppleBusinessChat/title")): platform.Method.removeFocus is PASSED&#xD;
&#xD;
2021-02-16 19:31:04 - [MESSAGE][PASSED] - platform.Method.removeFocus is PASSED&#xD;
&#xD;
2021-02-16 19:31:04 - [TEST_STEP][PASSED] - verifyElementPresent(findTestObject("WEB_OBJECTS/alertInvalidData"), 20, CONTINUE_ON_FAILURE): Object 'Object Repository/WEB_OBJECTS/alertInvalidData' is present&#xD;
&#xD;
2021-02-16 19:31:05 - [MESSAGE][PASSED] - Object 'Object Repository/WEB_OBJECTS/alertInvalidData' is present&#xD;
&#xD;
2021-02-16 19:31:05 - [TEST_STEP][PASSED] - platform.AppleBusinessChat.setListPickerTitle(testData): platform.AppleBusinessChat.setListPickerTitle is PASSED&#xD;
&#xD;
2021-02-16 19:31:27 - [MESSAGE][PASSED] - Text 'I want to test that number of characters in this sentence so that a maximum of 512 character can be known. I want to test that number of characters in this sentence so that a maximum of 512 character can be known. I want to test that number of characters in this sentence so that a maximum of 512 character can be known. I want to test that number of characters in this sentence so that a maximum of 512 character can be known. I want to test that number of characters in this sentence so that a maximum of 512...' is set on object 'Object Repository/AppleBusinessChat/title'&#xD;
&#xD;
2021-02-16 19:31:27 - [MESSAGE][PASSED] - platform.AppleBusinessChat.setListPickerTitle is PASSED&#xD;
&#xD;
2021-02-16 19:31:27 - [TEST_STEP][PASSED] - verifyElementPresent(findTestObject("WEB_OBJECTS/alertMaxCharacter"), 20, CONTINUE_ON_FAILURE): Object 'Object Repository/WEB_OBJECTS/alertMaxCharacter' is present&#xD;
&#xD;
2021-02-16 19:31:28 - [MESSAGE][PASSED] - Object 'Object Repository/WEB_OBJECTS/alertMaxCharacter' is present&#xD;
&#xD;
2021-02-16 19:31:28 - [TEST_STEP][PASSED] - platform.AppleBusinessChat.setListPickerTitle("dummy data"): platform.AppleBusinessChat.setListPickerTitle is PASSED&#xD;
&#xD;
2021-02-16 19:31:34 - [MESSAGE][PASSED] - Text 'dummy data' is set on object 'Object Repository/AppleBusinessChat/title'&#xD;
&#xD;
2021-02-16 19:31:34 - [MESSAGE][PASSED] - platform.AppleBusinessChat.setListPickerTitle is PASSED&#xD;
&#xD;
2021-02-16 19:31:34 - [TEST_STEP][PASSED] - platform.AppleBusinessChat.setListPickerReplyTitle(""): platform.AppleBusinessChat.setListPickerReplyTitle is PASSED&#xD;
&#xD;
2021-02-16 19:31:40 - [MESSAGE][PASSED] - Text '' is set on object 'Object Repository/AppleBusinessChat/replyTitle'&#xD;
&#xD;
2021-02-16 19:31:40 - [MESSAGE][PASSED] - platform.AppleBusinessChat.setListPickerReplyTitle is PASSED&#xD;
&#xD;
2021-02-16 19:31:40 - [TEST_STEP][PASSED] - platform.Method.removeFocus(findTestObject("AppleBusinessChat/replyTitle")): platform.Method.removeFocus is PASSED&#xD;
&#xD;
2021-02-16 19:31:42 - [MESSAGE][PASSED] - platform.Method.removeFocus is PASSED&#xD;
&#xD;
2021-02-16 19:31:42 - [TEST_STEP][PASSED] - verifyElementPresent(findTestObject("WEB_OBJECTS/alertRequired"), 20, CONTINUE_ON_FAILURE): Object 'Object Repository/WEB_OBJECTS/alertRequired' is present&#xD;
&#xD;
2021-02-16 19:31:43 - [MESSAGE][PASSED] - Object 'Object Repository/WEB_OBJECTS/alertRequired' is present&#xD;
&#xD;
2021-02-16 19:31:43 - [TEST_STEP][PASSED] - platform.AppleBusinessChat.setListPickerReplyTitle(" "): platform.AppleBusinessChat.setListPickerReplyTitle is PASSED&#xD;
&#xD;
2021-02-16 19:31:49 - [MESSAGE][PASSED] - Text ' ' is set on object 'Object Repository/AppleBusinessChat/replyTitle'&#xD;
&#xD;
2021-02-16 19:31:49 - [MESSAGE][PASSED] - platform.AppleBusinessChat.setListPickerReplyTitle is PASSED&#xD;
&#xD;
2021-02-16 19:31:49 - [TEST_STEP][PASSED] - platform.Method.removeFocus(findTestObject("AppleBusinessChat/replyTitle")): platform.Method.removeFocus is PASSED&#xD;
&#xD;
2021-02-16 19:31:51 - [MESSAGE][PASSED] - platform.Method.removeFocus is PASSED&#xD;
&#xD;
2021-02-16 19:31:51 - [TEST_STEP][PASSED] - verifyElementPresent(findTestObject("WEB_OBJECTS/alertInvalidData"), 20, CONTINUE_ON_FAILURE): Object 'Object Repository/WEB_OBJECTS/alertInvalidData' is present&#xD;
&#xD;
2021-02-16 19:31:52 - [MESSAGE][PASSED] - Object 'Object Repository/WEB_OBJECTS/alertInvalidData' is present&#xD;
&#xD;
2021-02-16 19:31:52 - [TEST_STEP][PASSED] - platform.AppleBusinessChat.setListPickerReplyTitle(testData): platform.AppleBusinessChat.setListPickerReplyTitle is PASSED&#xD;
&#xD;
2021-02-16 19:32:15 - [MESSAGE][PASSED] - Text 'I want to test that number of characters in this sentence so that a maximum of 512 character can be known. I want to test that number of characters in this sentence so that a maximum of 512 character can be known. I want to test that number of characters in this sentence so that a maximum of 512 character can be known. I want to test that number of characters in this sentence so that a maximum of 512 character can be known. I want to test that number of characters in this sentence so that a maximum of 512...' is set on object 'Object Repository/AppleBusinessChat/replyTitle'&#xD;
&#xD;
2021-02-16 19:32:15 - [MESSAGE][PASSED] - platform.AppleBusinessChat.setListPickerReplyTitle is PASSED&#xD;
&#xD;
2021-02-16 19:32:15 - [TEST_STEP][PASSED] - verifyElementPresent(findTestObject("WEB_OBJECTS/alertMaxCharacter"), 20, CONTINUE_ON_FAILURE): Object 'Object Repository/WEB_OBJECTS/alertMaxCharacter' is present&#xD;
&#xD;
2021-02-16 19:32:16 - [MESSAGE][PASSED] - Object 'Object Repository/WEB_OBJECTS/alertMaxCharacter' is present&#xD;
&#xD;
2021-02-16 19:32:16 - [TEST_STEP][PASSED] - platform.AppleBusinessChat.setListPickerTitle("dummy reply title"): platform.AppleBusinessChat.setListPickerTitle is PASSED&#xD;
&#xD;
2021-02-16 19:32:22 - [MESSAGE][PASSED] - Text 'dummy reply title' is set on object 'Object Repository/AppleBusinessChat/title'&#xD;
&#xD;
2021-02-16 19:32:22 - [MESSAGE][PASSED] - platform.AppleBusinessChat.setListPickerTitle is PASSED&#xD;
&#xD;
2021-02-16 19:32:22 - [TEST_STEP][PASSED] - platform.Method.clickOnElement(findTestObject("AppleBusinessChat/listSection")): platform.Method.clickOnElement is PASSED&#xD;
&#xD;
2021-02-16 19:32:24 - [MESSAGE][PASSED] - platform.Method.clickOnElement is PASSED&#xD;
&#xD;
2021-02-16 19:32:24 - [TEST_STEP][PASSED] - platform.AppleBusinessChat.setListTitle("1", ""): platform.AppleBusinessChat.setListTitle is PASSED&#xD;
&#xD;
2021-02-16 19:32:30 - [MESSAGE][PASSED] - Text '' is set on object 'Object Repository/AppleBusinessChat/listTitle'&#xD;
&#xD;
2021-02-16 19:32:30 - [MESSAGE][PASSED] - platform.AppleBusinessChat.setListTitle is PASSED&#xD;
&#xD;
2021-02-16 19:32:30 - [TEST_STEP][PASSED] - platform.Method.removeFocus(findTestObject("AppleBusinessChat/listTitle", ["index":"1"])): platform.Method.removeFocus is PASSED&#xD;
&#xD;
2021-02-16 19:32:33 - [MESSAGE][PASSED] - platform.Method.removeFocus is PASSED&#xD;
&#xD;
2021-02-16 19:32:33 - [TEST_STEP][PASSED] - verifyElementPresent(findTestObject("WEB_OBJECTS/alertRequired"), 20, CONTINUE_ON_FAILURE): Object 'Object Repository/WEB_OBJECTS/alertRequired' is present&#xD;
&#xD;
2021-02-16 19:32:34 - [MESSAGE][PASSED] - Object 'Object Repository/WEB_OBJECTS/alertRequired' is present&#xD;
&#xD;
2021-02-16 19:32:34 - [TEST_STEP][PASSED] - platform.AppleBusinessChat.setListTitle("1", " "): platform.AppleBusinessChat.setListTitle is PASSED&#xD;
&#xD;
2021-02-16 19:32:39 - [MESSAGE][PASSED] - Text ' ' is set on object 'Object Repository/AppleBusinessChat/listTitle'&#xD;
&#xD;
2021-02-16 19:32:39 - [MESSAGE][PASSED] - platform.AppleBusinessChat.setListTitle is PASSED&#xD;
&#xD;
2021-02-16 19:32:39 - [TEST_STEP][PASSED] - platform.Method.removeFocus(findTestObject("AppleBusinessChat/listTitle", ["index":"1"])): platform.Method.removeFocus is PASSED&#xD;
&#xD;
2021-02-16 19:32:42 - [MESSAGE][PASSED] - platform.Method.removeFocus is PASSED&#xD;
&#xD;
2021-02-16 19:32:42 - [TEST_STEP][PASSED] - verifyElementPresent(findTestObject("WEB_OBJECTS/alertInvalidData"), 20, CONTINUE_ON_FAILURE): Object 'Object Repository/WEB_OBJECTS/alertInvalidData' is present&#xD;
&#xD;
2021-02-16 19:32:43 - [MESSAGE][PASSED] - Object 'Object Repository/WEB_OBJECTS/alertInvalidData' is present&#xD;
&#xD;
2021-02-16 19:32:43 - [TEST_STEP][PASSED] - platform.AppleBusinessChat.setListTitle("1", testData): platform.AppleBusinessChat.setListTitle is PASSED&#xD;
&#xD;
2021-02-16 19:33:07 - [MESSAGE][PASSED] - Text 'I want to test that number of characters in this sentence so that a maximum of 512 character can be known. I want to test that number of characters in this sentence so that a maximum of 512 character can be known. I want to test that number of characters in this sentence so that a maximum of 512 character can be known. I want to test that number of characters in this sentence so that a maximum of 512 character can be known. I want to test that number of characters in this sentence so that a maximum of 512...' is set on object 'Object Repository/AppleBusinessChat/listTitle'&#xD;
&#xD;
2021-02-16 19:33:07 - [MESSAGE][PASSED] - platform.AppleBusinessChat.setListTitle is PASSED&#xD;
&#xD;
2021-02-16 19:33:07 - [TEST_STEP][PASSED] - verifyElementPresent(findTestObject("WEB_OBJECTS/alertMaxCharacter"), 20, CONTINUE_ON_FAILURE): Object 'Object Repository/WEB_OBJECTS/alertMaxCharacter' is present&#xD;
&#xD;
2021-02-16 19:33:08 - [MESSAGE][PASSED] - Object 'Object Repository/WEB_OBJECTS/alertMaxCharacter' is present&#xD;
&#xD;
2021-02-16 19:33:08 - [TEST_STEP][PASSED] - platform.AppleBusinessChat.setListTitle("1", "dummy list title"): platform.AppleBusinessChat.setListTitle is PASSED&#xD;
&#xD;
2021-02-16 19:33:14 - [MESSAGE][PASSED] - Text 'dummy list title' is set on object 'Object Repository/AppleBusinessChat/listTitle'&#xD;
&#xD;
2021-02-16 19:33:14 - [MESSAGE][PASSED] - platform.AppleBusinessChat.setListTitle is PASSED&#xD;
&#xD;
2021-02-16 19:33:14 - [TEST_STEP][PASSED] - platform.AppleBusinessChat.setListItemTitle("1", ""): platform.AppleBusinessChat.setListItemTitle is PASSED&#xD;
&#xD;
2021-02-16 19:33:20 - [MESSAGE][PASSED] - Text '' is set on object 'Object Repository/AppleBusinessChat/itemTitle'&#xD;
&#xD;
2021-02-16 19:33:20 - [MESSAGE][PASSED] - platform.AppleBusinessChat.setListItemTitle is PASSED&#xD;
&#xD;
2021-02-16 19:33:20 - [TEST_STEP][PASSED] - platform.Method.removeFocus(findTestObject("AppleBusinessChat/itemTitle", ["index":"1"])): platform.Method.removeFocus is PASSED&#xD;
&#xD;
2021-02-16 19:33:22 - [MESSAGE][PASSED] - platform.Method.removeFocus is PASSED&#xD;
&#xD;
2021-02-16 19:33:22 - [TEST_STEP][PASSED] - verifyElementPresent(findTestObject("WEB_OBJECTS/alertRequired"), 20, CONTINUE_ON_FAILURE): Object 'Object Repository/WEB_OBJECTS/alertRequired' is present&#xD;
&#xD;
2021-02-16 19:33:24 - [MESSAGE][PASSED] - Object 'Object Repository/WEB_OBJECTS/alertRequired' is present&#xD;
&#xD;
2021-02-16 19:33:24 - [TEST_STEP][PASSED] - platform.AppleBusinessChat.setListItemTitle("1", " "): platform.AppleBusinessChat.setListItemTitle is PASSED&#xD;
&#xD;
2021-02-16 19:33:29 - [MESSAGE][PASSED] - Text ' ' is set on object 'Object Repository/AppleBusinessChat/itemTitle'&#xD;
&#xD;
2021-02-16 19:33:29 - [MESSAGE][PASSED] - platform.AppleBusinessChat.setListItemTitle is PASSED&#xD;
&#xD;
2021-02-16 19:33:29 - [TEST_STEP][PASSED] - platform.Method.removeFocus(findTestObject("AppleBusinessChat/itemTitle", ["index":"1"])): platform.Method.removeFocus is PASSED&#xD;
&#xD;
2021-02-16 19:33:32 - [MESSAGE][PASSED] - platform.Method.removeFocus is PASSED&#xD;
&#xD;
2021-02-16 19:33:32 - [TEST_STEP][PASSED] - verifyElementPresent(findTestObject("WEB_OBJECTS/alertInvalidData"), 20, CONTINUE_ON_FAILURE): Object 'Object Repository/WEB_OBJECTS/alertInvalidData' is present&#xD;
&#xD;
2021-02-16 19:33:33 - [MESSAGE][PASSED] - Object 'Object Repository/WEB_OBJECTS/alertInvalidData' is present&#xD;
&#xD;
2021-02-16 19:33:33 - [TEST_STEP][PASSED] - platform.AppleBusinessChat.setListItemTitle("1", testData): platform.AppleBusinessChat.setListItemTitle is PASSED&#xD;
&#xD;
2021-02-16 19:34:00 - [MESSAGE][PASSED] - Text 'I want to test that number of characters in this sentence so that a maximum of 512 character can be known. I want to test that number of characters in this sentence so that a maximum of 512 character can be known. I want to test that number of characters in this sentence so that a maximum of 512 character can be known. I want to test that number of characters in this sentence so that a maximum of 512 character can be known. I want to test that number of characters in this sentence so that a maximum of 512...' is set on object 'Object Repository/AppleBusinessChat/itemTitle'&#xD;
&#xD;
2021-02-16 19:34:00 - [MESSAGE][PASSED] - platform.AppleBusinessChat.setListItemTitle is PASSED&#xD;
&#xD;
2021-02-16 19:34:00 - [TEST_STEP][PASSED] - verifyElementPresent(findTestObject("WEB_OBJECTS/alertMaxCharacter"), 20, CONTINUE_ON_FAILURE): Object 'Object Repository/WEB_OBJECTS/alertMaxCharacter' is present&#xD;
&#xD;
2021-02-16 19:34:01 - [MESSAGE][PASSED] - Object 'Object Repository/WEB_OBJECTS/alertMaxCharacter' is present&#xD;
&#xD;
2021-02-16 19:34:01 - [TEST_STEP][PASSED] - platform.AppleBusinessChat.setListItemTitle("1", "dummy list item title"): platform.AppleBusinessChat.setListItemTitle is PASSED&#xD;
&#xD;
2021-02-16 19:34:08 - [MESSAGE][PASSED] - Text 'dummy list item title' is set on object 'Object Repository/AppleBusinessChat/itemTitle'&#xD;
&#xD;
2021-02-16 19:34:08 - [MESSAGE][PASSED] - platform.AppleBusinessChat.setListItemTitle is PASSED&#xD;
&#xD;
2021-02-16 19:34:08 - [TEST_STEP][PASSED] - assert getText().contains("dummy list item title") == true: null&#xD;
&#xD;
2021-02-16 19:34:10 - [TEST_STEP][PASSED] - platform.AppleBusinessChat.setItemIdentifier("1", ""): platform.AppleBusinessChat.setItemIdentifier is PASSED&#xD;
&#xD;
2021-02-16 19:34:16 - [MESSAGE][PASSED] - Text '' is set on object 'Object Repository/AppleBusinessChat/listItemIdentifier'&#xD;
&#xD;
2021-02-16 19:34:16 - [MESSAGE][PASSED] - platform.AppleBusinessChat.setItemIdentifier is PASSED&#xD;
&#xD;
2021-02-16 19:34:16 - [TEST_STEP][PASSED] - platform.Method.removeFocus(findTestObject("AppleBusinessChat/listItemIdentifier", ["index":"1"])): platform.Method.removeFocus is PASSED&#xD;
&#xD;
2021-02-16 19:34:18 - [MESSAGE][PASSED] - platform.Method.removeFocus is PASSED&#xD;
&#xD;
2021-02-16 19:34:18 - [TEST_STEP][PASSED] - verifyElementPresent(findTestObject("WEB_OBJECTS/alertRequired"), 20, CONTINUE_ON_FAILURE): Object 'Object Repository/WEB_OBJECTS/alertRequired' is present&#xD;
&#xD;
2021-02-16 19:34:19 - [MESSAGE][PASSED] - Object 'Object Repository/WEB_OBJECTS/alertRequired' is present&#xD;
&#xD;
2021-02-16 19:34:19 - [TEST_STEP][PASSED] - platform.AppleBusinessChat.setItemIdentifier("1", " "): platform.AppleBusinessChat.setItemIdentifier is PASSED&#xD;
&#xD;
2021-02-16 19:34:25 - [MESSAGE][PASSED] - Text ' ' is set on object 'Object Repository/AppleBusinessChat/listItemIdentifier'&#xD;
&#xD;
2021-02-16 19:34:25 - [MESSAGE][PASSED] - platform.AppleBusinessChat.setItemIdentifier is PASSED&#xD;
&#xD;
2021-02-16 19:34:25 - [TEST_STEP][PASSED] - platform.Method.removeFocus(findTestObject("AppleBusinessChat/listItemIdentifier", ["index":"1"])): platform.Method.removeFocus is PASSED&#xD;
&#xD;
2021-02-16 19:34:27 - [MESSAGE][PASSED] - platform.Method.removeFocus is PASSED&#xD;
&#xD;
2021-02-16 19:34:27 - [TEST_STEP][PASSED] - verifyElementPresent(findTestObject("WEB_OBJECTS/alertInvalidData"), 20, CONTINUE_ON_FAILURE): Object 'Object Repository/WEB_OBJECTS/alertInvalidData' is present&#xD;
&#xD;
2021-02-16 19:34:28 - [MESSAGE][PASSED] - Object 'Object Repository/WEB_OBJECTS/alertInvalidData' is present&#xD;
&#xD;
2021-02-16 19:34:28 - [TEST_STEP][PASSED] - platform.AppleBusinessChat.setItemIdentifier("1", "dummy list item title"): platform.AppleBusinessChat.setItemIdentifier is PASSED&#xD;
&#xD;
2021-02-16 19:34:34 - [MESSAGE][PASSED] - Text 'dummy list item title' is set on object 'Object Repository/AppleBusinessChat/listItemIdentifier'&#xD;
&#xD;
2021-02-16 19:34:34 - [MESSAGE][PASSED] - platform.AppleBusinessChat.setItemIdentifier is PASSED</system-out>
            <system-err></system-err>
        </testcase>
        <system-out>2021-02-16 18:57:54 - [TEST_SUITE][INCOMPLETE] - TASK_SSO: null</system-out>
        <system-err>2021-02-16 18:57:54 - [TEST_SUITE][INCOMPLETE] - TASK_SSO: null</system-err>
    </testsuite>
</testsuites>
