<?xml version="1.0" encoding="UTF-8" standalone="yes"?>
<testsuites name="TASK_SSO" time="2344" tests="18" failures="2" errors="0">
    <testsuite name="TASK_SSO" tests="18" failures="2" errors="0" time="2344" timestamp="2020-11-05 11:41:11" hostname="narendra.n - WLPT580.imidomain.com" id="Test Suites/TASK_SSO">
        <properties>
            <property name="deviceName" value=""/>
            <property name="devicePlatform" value=""/>
            <property name="logFolder" value="D:\\IMIbot.ai-Project\\Reports\\20201105_114059\\TASK_SSO\\20201105_114101"/>
            <property name="logFiles" value="D:\\IMIbot.ai-Project\\Reports\\20201105_114059\\TASK_SSO\\20201105_114101\\execution0.log"/>
            <property name="attachments" value="D:\\IMIbot.ai-Project\\Reports\\20201105_114059\\TASK_SSO\\20201105_114101\\1604557529205.png, D:\\IMIbot.ai-Project\\Reports\\20201105_114059\\TASK_SSO\\20201105_114101\\1604557737026.png, D:\\IMIbot.ai-Project\\Reports\\20201105_114059\\TASK_SSO\\20201105_114101\\1604558131395.png, D:\\IMIbot.ai-Project\\Reports\\20201105_114059\\TASK_SSO\\20201105_114101\\1604558133347.png"/>
            <property name="hostName" value="narendra.n - WLPT580.imidomain.com"/>
            <property name="os" value="Windows 8.1 64bit"/>
            <property name="katalonVersion" value="6.3.3.11"/>
            <property name="browser" value="Chrome 86.0.4240.183"/>
            <property name="hostAddress" value="192.168.29.195"/>
            <property name="sessionId" value="d095eec49ca644e28653db6edf766e7a"/>
            <property name="seleniumVersion" value="3.141.59"/>
            <property name="proxyInformation" value="ProxyInformation{proxyOption=NO_PROXY, proxyServerType=HTTP, password=, proxyServerAddress=, proxyServerPort=0}"/>
            <property name="platform" value="Windows 8.1"/>
        </properties>
        <testcase name="Test Cases/TASK_SSO/botCreation_Test" classname="Test Cases/TASK_SSO/botCreation_Test" status="PASSED">
            <system-out>2020-11-05 11:42:05 - [TEST_CASE][PASSED] - Test Cases/TASK_SSO/botCreation_Test: Test Cases/TASK_SSO/botCreation_Test&#xD;
&#xD;
2020-11-05 11:42:05 - [TEST_STEP][PASSED] - platform.Method.clickOnElement(findTestObject("Generic/webObjectWithText", ["textValue":"Task bots"])): platform.Method.clickOnElement is PASSED&#xD;
&#xD;
2020-11-05 11:42:09 - [MESSAGE][PASSED] - platform.Method.clickOnElement is PASSED&#xD;
&#xD;
2020-11-05 11:42:09 - [TEST_STEP][PASSED] - platform.Method.clickOnElement(findTestObject("Button/createBot")): platform.Method.clickOnElement is PASSED&#xD;
&#xD;
2020-11-05 11:42:12 - [MESSAGE][PASSED] - platform.Method.clickOnElement is PASSED&#xD;
&#xD;
2020-11-05 11:42:12 - [TEST_STEP][PASSED] - sendKeys(findTestObject("Input/botName"), nameOfTheBot): Keys 'CHROME Task 4.5' sent to object: 'Object Repository/Input/botName'&#xD;
&#xD;
2020-11-05 11:42:15 - [MESSAGE][PASSED] - Keys 'CHROME Task 4.5' sent to object: 'Object Repository/Input/botName'&#xD;
&#xD;
2020-11-05 11:42:15 - [TEST_STEP][PASSED] - platform.Method.clickOnElement(findTestObject("Toggle/feedback")): platform.Method.clickOnElement is PASSED&#xD;
&#xD;
2020-11-05 11:42:18 - [MESSAGE][PASSED] - platform.Method.clickOnElement is PASSED&#xD;
&#xD;
2020-11-05 11:42:18 - [TEST_STEP][PASSED] - platform.Method.clickOnElement(findTestObject("Button/done")): platform.Method.clickOnElement is PASSED&#xD;
&#xD;
2020-11-05 11:42:20 - [MESSAGE][PASSED] - platform.Method.clickOnElement is PASSED&#xD;
&#xD;
2020-11-05 11:42:20 - [TEST_STEP][PASSED] - waitForElementVisible(findTestObject("Generic/modelState"), 60, OPTIONAL): Object 'Object Repository/Generic/modelState' is visible&#xD;
&#xD;
2020-11-05 11:42:45 - [MESSAGE][PASSED] - Object 'Object Repository/Generic/modelState' is visible&#xD;
&#xD;
2020-11-05 11:42:45 - [TEST_STEP][PASSED] - if (!(verifyElementText(findTestObject("Generic/modelState"), "Trained", OPTIONAL))): Actual text and expected text of test object 'Object Repository/Generic/modelState' are matched.&#xD;
&#xD;
2020-11-05 11:42:47 - [MESSAGE][PASSED] - Actual text and expected text of test object 'Object Repository/Generic/modelState' are matched.</system-out>
            <system-err></system-err>
        </testcase>
        <testcase name="Test Cases/TASK_SSO/botCardPreview_Test" classname="Test Cases/TASK_SSO/botCardPreview_Test" status="PASSED">
            <system-out>2020-11-05 11:42:47 - [TEST_CASE][PASSED] - Test Cases/TASK_SSO/botCardPreview_Test: Test Cases/TASK_SSO/botCardPreview_Test&#xD;
&#xD;
2020-11-05 11:42:48 - [TEST_STEP][PASSED] - platform.Method.clickOnElement(findTestObject("Generic/imiLogo")): platform.Method.clickOnElement is PASSED&#xD;
&#xD;
2020-11-05 11:42:50 - [MESSAGE][PASSED] - platform.Method.clickOnElement is PASSED&#xD;
&#xD;
2020-11-05 11:42:50 - [TEST_STEP][PASSED] - waitForElementVisible(findTestObject("Button/createBot"), 20, OPTIONAL): Object 'Object Repository/Button/createBot' is visible&#xD;
&#xD;
2020-11-05 11:43:05 - [MESSAGE][PASSED] - Object 'Object Repository/Button/createBot' is visible&#xD;
&#xD;
2020-11-05 11:43:05 - [TEST_STEP][PASSED] - platform.Method.clickOnElement(findTestObject("Generic/webObjectWithText", ["textValue":"Task bots"])): platform.Method.clickOnElement is PASSED&#xD;
&#xD;
2020-11-05 11:43:09 - [MESSAGE][PASSED] - platform.Method.clickOnElement is PASSED&#xD;
&#xD;
2020-11-05 11:43:09 - [TEST_STEP][PASSED] - waitForElementVisible(findTestObject("Button/createBot"), 20, OPTIONAL): Object 'Object Repository/Button/createBot' is visible&#xD;
&#xD;
2020-11-05 11:43:12 - [MESSAGE][PASSED] - Object 'Object Repository/Button/createBot' is visible&#xD;
&#xD;
2020-11-05 11:43:12 - [TEST_STEP][PASSED] - platform.Preview.startBotCardPreview("Task bots", TASK_BOT): platform.Preview.startBotCardPreview is PASSED&#xD;
&#xD;
2020-11-05 11:44:16 - [MESSAGE][PASSED] - platform.Preview.startBotCardPreview is PASSED&#xD;
&#xD;
2020-11-05 11:44:16 - [TEST_STEP][PASSED] - waitForElementPresent(findTestObject("Input/chatInput"), 5, OPTIONAL): Object 'Object Repository/Input/chatInput' is present&#xD;
&#xD;
2020-11-05 11:44:17 - [MESSAGE][PASSED] - Object 'Object Repository/Input/chatInput' is present&#xD;
&#xD;
2020-11-05 11:44:17 - [TEST_STEP][PASSED] - sendKeys(findTestObject("Input/chatInput"), Keys.chord(userQuery, ENTER), STOP_ON_FAILURE): Keys 'ENTER + how can you help me?' sent to object: 'Object Repository/Input/chatInput'&#xD;
&#xD;
2020-11-05 11:44:20 - [MESSAGE][PASSED] - Keys 'ENTER + how can you help me?' sent to object: 'Object Repository/Input/chatInput'&#xD;
&#xD;
2020-11-05 11:44:20 - [TEST_STEP][PASSED] - delay(3): Delayed 3 second(s)&#xD;
&#xD;
2020-11-05 11:44:23 - [MESSAGE][PASSED] - Delayed 3 second(s)&#xD;
&#xD;
2020-11-05 11:44:23 - [TEST_STEP][PASSED] - platform.Preview.verifyBotResponse(stringToCheck): YOUR TEXT HAS A MATCH&#xD;
&#xD;
2020-11-05 11:44:26 - [MESSAGE][PASSED] - Delayed 3 second(s)&#xD;
&#xD;
2020-11-05 11:44:30 - [MESSAGE][PASSED] - YOUR TEXT HAS A MATCH&#xD;
&#xD;
2020-11-05 11:44:30 - [TEST_STEP][PASSED] - platform.Method.clickOnElement(findTestObject("GenericII/minimize")): platform.Method.clickOnElement is PASSED&#xD;
&#xD;
2020-11-05 11:44:32 - [MESSAGE][PASSED] - platform.Method.clickOnElement is PASSED</system-out>
            <system-err></system-err>
        </testcase>
        <testcase name="Test Cases/TASK_SSO/botCardMenu_Test" classname="Test Cases/TASK_SSO/botCardMenu_Test" status="PASSED">
            <system-out>2020-11-05 11:44:32 - [TEST_CASE][PASSED] - Test Cases/TASK_SSO/botCardMenu_Test: Test Cases/TASK_SSO/botCardMenu_Test&#xD;
&#xD;
2020-11-05 11:44:33 - [TEST_STEP][PASSED] - botCardOptions = platform.Method.verifyBotCardMenu("Task bots", TASK_BOT): platform.Method.verifyBotCardMenu is PASSED&#xD;
&#xD;
2020-11-05 11:44:40 - [MESSAGE][PASSED] - Object 'Object Repository/Button/botCardPreview' is present&#xD;
&#xD;
2020-11-05 11:44:42 - [MESSAGE][PASSED] - Object: 'Object Repository/Button/botCardMenu' is hovered&#xD;
&#xD;
2020-11-05 11:44:50 - [MESSAGE][PASSED] - platform.Method.verifyBotCardMenu is PASSED&#xD;
&#xD;
2020-11-05 11:44:50 - [TEST_STEP][PASSED] - verifyElementPresent(findTestObject("Generic/webObjectWithText", ["textValue":"Copy Preview Link"]), 5, STOP_ON_FAILURE): Object 'Object Repository/Generic/webObjectWithText' is present&#xD;
&#xD;
2020-11-05 11:44:52 - [MESSAGE][PASSED] - Object 'Object Repository/Generic/webObjectWithText' is present&#xD;
&#xD;
2020-11-05 11:44:52 - [TEST_STEP][PASSED] - assert botCardOptions.containsAll(BOT_CARD_OPTION) == true: null&#xD;
&#xD;
2020-11-05 11:44:52 - [TEST_STEP][PASSED] - platform.Method.clickOnElement(findTestObject("Generic/webObjectWithText", ["textValue":TASK_BOT])): platform.Method.clickOnElement is PASSED&#xD;
&#xD;
2020-11-05 11:44:55 - [MESSAGE][PASSED] - platform.Method.clickOnElement is PASSED&#xD;
&#xD;
2020-11-05 11:44:55 - [TEST_STEP][PASSED] - waitForElementPresent(findTestObject("Generic/webObjectWithText", ["textValue":"Bot configuration"]), 10, STOP_ON_FAILURE): Object 'Object Repository/Generic/webObjectWithText' is present&#xD;
&#xD;
2020-11-05 11:44:58 - [MESSAGE][PASSED] - Object 'Object Repository/Generic/webObjectWithText' is present&#xD;
&#xD;
2020-11-05 11:44:58 - [TEST_STEP][PASSED] - platform.Method.clickOnElement(findTestObject("Generic/nlp")): platform.Method.clickOnElement is PASSED&#xD;
&#xD;
2020-11-05 11:45:01 - [MESSAGE][PASSED] - platform.Method.clickOnElement is PASSED&#xD;
&#xD;
2020-11-05 11:45:01 - [TEST_STEP][PASSED] - waitForElementPresent(findTestObject("Generic/webObjectWithText", ["textValue":"Input recognition"]), 10, STOP_ON_FAILURE): Object 'Object Repository/Generic/webObjectWithText' is present&#xD;
&#xD;
2020-11-05 11:45:02 - [MESSAGE][PASSED] - Object 'Object Repository/Generic/webObjectWithText' is present&#xD;
&#xD;
2020-11-05 11:45:02 - [TEST_STEP][PASSED] - platform.Method.clickOnElement(findTestObject("Generic/training")): platform.Method.clickOnElement is PASSED&#xD;
&#xD;
2020-11-05 11:45:05 - [MESSAGE][PASSED] - platform.Method.clickOnElement is PASSED&#xD;
&#xD;
2020-11-05 11:45:05 - [TEST_STEP][PASSED] - waitForElementPresent(findTestObject("Generic/webObjectWithText", ["textValue":"Training data"]), 10, STOP_ON_FAILURE): Object 'Object Repository/Generic/webObjectWithText' is present&#xD;
&#xD;
2020-11-05 11:45:06 - [MESSAGE][PASSED] - Object 'Object Repository/Generic/webObjectWithText' is present&#xD;
&#xD;
2020-11-05 11:45:06 - [TEST_STEP][PASSED] - platform.Method.clickOnElement(findTestObject("Generic/response")): platform.Method.clickOnElement is PASSED&#xD;
&#xD;
2020-11-05 11:45:09 - [MESSAGE][PASSED] - platform.Method.clickOnElement is PASSED&#xD;
&#xD;
2020-11-05 11:45:09 - [TEST_STEP][PASSED] - waitForElementPresent(findTestObject("Generic/webObjectWithText", ["textValue":"Responses"]), 10, STOP_ON_FAILURE): Object 'Object Repository/Generic/webObjectWithText' is present&#xD;
&#xD;
2020-11-05 11:45:10 - [MESSAGE][PASSED] - Object 'Object Repository/Generic/webObjectWithText' is present&#xD;
&#xD;
2020-11-05 11:45:10 - [TEST_STEP][PASSED] - platform.Method.clickOnElement(findTestObject("Generic/curation")): platform.Method.clickOnElement is PASSED&#xD;
&#xD;
2020-11-05 11:45:14 - [MESSAGE][PASSED] - platform.Method.clickOnElement is PASSED&#xD;
&#xD;
2020-11-05 11:45:14 - [TEST_STEP][PASSED] - waitForElementPresent(findTestObject("Generic/webObjectWithText", ["textValue":"Unresolved issues"]), 10, STOP_ON_FAILURE): Object 'Object Repository/Generic/webObjectWithText' is present&#xD;
&#xD;
2020-11-05 11:45:15 - [MESSAGE][PASSED] - Object 'Object Repository/Generic/webObjectWithText' is present&#xD;
&#xD;
2020-11-05 11:45:15 - [TEST_STEP][PASSED] - platform.Method.clickOnElement(findTestObject("Generic/session")): platform.Method.clickOnElement is PASSED&#xD;
&#xD;
2020-11-05 11:45:18 - [MESSAGE][PASSED] - platform.Method.clickOnElement is PASSED&#xD;
&#xD;
2020-11-05 11:45:18 - [TEST_STEP][PASSED] - waitForElementPresent(findTestObject("Generic/webObjectWithText", ["textValue":"Conversations"]), 10, STOP_ON_FAILURE): Object 'Object Repository/Generic/webObjectWithText' is present&#xD;
&#xD;
2020-11-05 11:45:20 - [MESSAGE][PASSED] - Object 'Object Repository/Generic/webObjectWithText' is present&#xD;
&#xD;
2020-11-05 11:45:20 - [TEST_STEP][PASSED] - platform.Method.clickOnElement(findTestObject("Generic/webObjectWithText", ["textValue":"History"])): platform.Method.clickOnElement is PASSED&#xD;
&#xD;
2020-11-05 11:45:22 - [MESSAGE][PASSED] - platform.Method.clickOnElement is PASSED&#xD;
&#xD;
2020-11-05 11:45:22 - [TEST_STEP][PASSED] - waitForElementPresent(findTestObject("Generic/webObjectWithText", ["textValue":"History"]), 10, STOP_ON_FAILURE): Object 'Object Repository/Generic/webObjectWithText' is present&#xD;
&#xD;
2020-11-05 11:45:24 - [MESSAGE][PASSED] - Object 'Object Repository/Generic/webObjectWithText' is present</system-out>
            <system-err></system-err>
        </testcase>
        <testcase name="Test Cases/TASK_SSO/sideNavigation_Test" classname="Test Cases/TASK_SSO/sideNavigation_Test" status="PASSED">
            <system-out>2020-11-05 11:45:24 - [TEST_CASE][PASSED] - Test Cases/TASK_SSO/sideNavigation_Test: Test Cases/TASK_SSO/sideNavigation_Test&#xD;
&#xD;
2020-11-05 11:45:25 - [TEST_STEP][PASSED] - platform.Method.clickOnElement(findTestObject("Generic/webObjectWithText", ["textValue":TASK_BOT])): platform.Method.clickOnElement is PASSED&#xD;
&#xD;
2020-11-05 11:45:27 - [MESSAGE][PASSED] - platform.Method.clickOnElement is PASSED&#xD;
&#xD;
2020-11-05 11:45:27 - [TEST_STEP][PASSED] - waitForElementVisible(findTestObject("ICONS/sidebarSettings"), 20, OPTIONAL): Object 'Object Repository/ICONS/sidebarSettings' is visible&#xD;
&#xD;
2020-11-05 11:45:29 - [MESSAGE][PASSED] - Object 'Object Repository/ICONS/sidebarSettings' is visible&#xD;
&#xD;
2020-11-05 11:45:29 - [TEST_STEP][PASSED] - waitForElementPresent(findTestObject("Generic/webObjectWithText", ["textValue":"Bot configuration"]), 10, STOP_ON_FAILURE): Object 'Object Repository/Generic/webObjectWithText' is not present after 10 second(s)&#xD;
&#xD;
2020-11-05 11:45:41 - [MESSAGE][INFO] - Unable to find the element located by 'By.xpath: //*[contains(text(),'Bot configuration')]'. Please recheck the objects properties to make sure the desired element is located. &#xD;
&#xD;
2020-11-05 11:45:41 - [MESSAGE][WARNING] - Object 'Object Repository/Generic/webObjectWithText' is not present after 10 second(s)&#xD;
&#xD;
2020-11-05 11:45:41 - [TEST_STEP][PASSED] - platform.Method.clickOnElement(findTestObject("Generic/nlp")): platform.Method.clickOnElement is PASSED&#xD;
&#xD;
2020-11-05 11:45:44 - [MESSAGE][PASSED] - platform.Method.clickOnElement is PASSED&#xD;
&#xD;
2020-11-05 11:45:44 - [TEST_STEP][PASSED] - waitForElementPresent(findTestObject("Generic/webObjectWithText", ["textValue":"Input recognition"]), 10, STOP_ON_FAILURE): Object 'Object Repository/Generic/webObjectWithText' is present&#xD;
&#xD;
2020-11-05 11:45:45 - [MESSAGE][PASSED] - Object 'Object Repository/Generic/webObjectWithText' is present&#xD;
&#xD;
2020-11-05 11:45:45 - [TEST_STEP][PASSED] - platform.Method.clickOnElement(findTestObject("Generic/training")): platform.Method.clickOnElement is PASSED&#xD;
&#xD;
2020-11-05 11:45:47 - [MESSAGE][PASSED] - platform.Method.clickOnElement is PASSED&#xD;
&#xD;
2020-11-05 11:45:47 - [TEST_STEP][PASSED] - waitForElementPresent(findTestObject("Generic/webObjectWithText", ["textValue":"Training data"]), 10, STOP_ON_FAILURE): Object 'Object Repository/Generic/webObjectWithText' is present&#xD;
&#xD;
2020-11-05 11:45:49 - [MESSAGE][PASSED] - Object 'Object Repository/Generic/webObjectWithText' is present&#xD;
&#xD;
2020-11-05 11:45:49 - [TEST_STEP][PASSED] - platform.Method.clickOnElement(findTestObject("Generic/response")): platform.Method.clickOnElement is PASSED&#xD;
&#xD;
2020-11-05 11:45:52 - [MESSAGE][PASSED] - platform.Method.clickOnElement is PASSED&#xD;
&#xD;
2020-11-05 11:45:52 - [TEST_STEP][PASSED] - waitForElementPresent(findTestObject("Generic/webObjectWithText", ["textValue":"Responses"]), 10, STOP_ON_FAILURE): Object 'Object Repository/Generic/webObjectWithText' is present&#xD;
&#xD;
2020-11-05 11:45:53 - [MESSAGE][PASSED] - Object 'Object Repository/Generic/webObjectWithText' is present&#xD;
&#xD;
2020-11-05 11:45:53 - [TEST_STEP][PASSED] - platform.Method.clickOnElement(findTestObject("Generic/curation")): platform.Method.clickOnElement is PASSED&#xD;
&#xD;
2020-11-05 11:45:56 - [MESSAGE][PASSED] - platform.Method.clickOnElement is PASSED&#xD;
&#xD;
2020-11-05 11:45:56 - [TEST_STEP][PASSED] - waitForElementPresent(findTestObject("Generic/webObjectWithText", ["textValue":"Unresolved issues"]), 10, STOP_ON_FAILURE): Object 'Object Repository/Generic/webObjectWithText' is present&#xD;
&#xD;
2020-11-05 11:45:57 - [MESSAGE][PASSED] - Object 'Object Repository/Generic/webObjectWithText' is present&#xD;
&#xD;
2020-11-05 11:45:57 - [TEST_STEP][PASSED] - platform.Method.clickOnElement(findTestObject("Generic/session")): platform.Method.clickOnElement is PASSED&#xD;
&#xD;
2020-11-05 11:46:01 - [MESSAGE][PASSED] - platform.Method.clickOnElement is PASSED&#xD;
&#xD;
2020-11-05 11:46:01 - [TEST_STEP][PASSED] - waitForElementPresent(findTestObject("Generic/webObjectWithText", ["textValue":"Conversations"]), 10, STOP_ON_FAILURE): Object 'Object Repository/Generic/webObjectWithText' is present&#xD;
&#xD;
2020-11-05 11:46:03 - [MESSAGE][PASSED] - Object 'Object Repository/Generic/webObjectWithText' is present&#xD;
&#xD;
2020-11-05 11:46:03 - [TEST_STEP][PASSED] - platform.Method.clickOnElement(findTestObject("Generic/webObjectWithText", ["textValue":"History"])): platform.Method.clickOnElement is PASSED&#xD;
&#xD;
2020-11-05 11:46:05 - [MESSAGE][PASSED] - platform.Method.clickOnElement is PASSED&#xD;
&#xD;
2020-11-05 11:46:05 - [TEST_STEP][PASSED] - waitForElementPresent(findTestObject("Generic/webObjectWithText", ["textValue":"History"]), 10, STOP_ON_FAILURE): Object 'Object Repository/Generic/webObjectWithText' is present&#xD;
&#xD;
2020-11-05 11:46:07 - [MESSAGE][PASSED] - Object 'Object Repository/Generic/webObjectWithText' is present</system-out>
            <system-err></system-err>
        </testcase>
        <testcase name="Test Cases/TASK_SSO/createRichDynamicResponse_Test" classname="Test Cases/TASK_SSO/createRichDynamicResponse_Test" status="PASSED">
            <system-out>2020-11-05 11:46:07 - [TEST_CASE][PASSED] - Test Cases/TASK_SSO/createRichDynamicResponse_Test: Test Cases/TASK_SSO/createRichDynamicResponse_Test&#xD;
&#xD;
2020-11-05 11:46:08 - [TEST_STEP][PASSED] - platform.Method.clickOnElement(findTestObject("Generic/response")): platform.Method.clickOnElement is PASSED&#xD;
&#xD;
2020-11-05 11:46:10 - [MESSAGE][PASSED] - platform.Method.clickOnElement is PASSED&#xD;
&#xD;
2020-11-05 11:46:10 - [TEST_STEP][PASSED] - testData = findTestData("Data Files/testData_Task"): null&#xD;
&#xD;
2020-11-05 11:46:14 - [TEST_STEP][PASSED] - platform.Response.createRichResponse(testData.getValue("rich_template", 1), testData.getValue("rich_template_value", 1)): platform.Response.createRichResponse is PASSED&#xD;
&#xD;
2020-11-05 11:46:21 - [MESSAGE][PASSED] - Text 'incorrect_order' is set on object 'Object Repository/NewRepo2/templateKeyName'&#xD;
&#xD;
2020-11-05 11:46:25 - [MESSAGE][PASSED] - Delayed 2 second(s)&#xD;
&#xD;
2020-11-05 11:46:32 - [MESSAGE][PASSED] - Text 'You have requested with an incorrect order number. Please request a correct order number' is set on object 'Object Repository/Input/textResponse'&#xD;
&#xD;
2020-11-05 11:46:35 - [MESSAGE][PASSED] - platform.Response.createRichResponse is PASSED&#xD;
&#xD;
2020-11-05 11:46:35 - [TEST_STEP][PASSED] - platform.Response.createRichResponse(testData.getValue("rich_template", 2), testData.getValue("rich_template_value", 2)): platform.Response.createRichResponse is PASSED&#xD;
&#xD;
2020-11-05 11:46:41 - [MESSAGE][PASSED] - Text 'product_not_found' is set on object 'Object Repository/NewRepo2/templateKeyName'&#xD;
&#xD;
2020-11-05 11:46:45 - [MESSAGE][PASSED] - Delayed 2 second(s)&#xD;
&#xD;
2020-11-05 11:46:51 - [MESSAGE][PASSED] - Text 'Oops!! Sorry, Requested product is not available' is set on object 'Object Repository/Input/textResponse'&#xD;
&#xD;
2020-11-05 11:46:53 - [MESSAGE][PASSED] - platform.Response.createRichResponse is PASSED&#xD;
&#xD;
2020-11-05 11:46:53 - [TEST_STEP][PASSED] - platform.Response.createRichResponse(testData.getValue("rich_template", 3), testData.getValue("rich_template_value", 3)): platform.Response.createRichResponse is PASSED&#xD;
&#xD;
2020-11-05 11:46:59 - [MESSAGE][PASSED] - Text 'success_message' is set on object 'Object Repository/NewRepo2/templateKeyName'&#xD;
&#xD;
2020-11-05 11:47:03 - [MESSAGE][PASSED] - Delayed 2 second(s)&#xD;
&#xD;
2020-11-05 11:47:09 - [MESSAGE][PASSED] - Text 'Your Query is successfully Answered' is set on object 'Object Repository/Input/textResponse'&#xD;
&#xD;
2020-11-05 11:47:11 - [MESSAGE][PASSED] - platform.Response.createRichResponse is PASSED&#xD;
&#xD;
2020-11-05 11:47:11 - [TEST_STEP][PASSED] - platform.Response.createRichResponse(testData.getValue("rich_template", 5), testData.getValue("rich_template_value", 5)): platform.Response.createRichResponse is PASSED&#xD;
&#xD;
2020-11-05 11:47:18 - [MESSAGE][PASSED] - Text 'payment_option' is set on object 'Object Repository/NewRepo2/templateKeyName'&#xD;
&#xD;
2020-11-05 11:47:22 - [MESSAGE][PASSED] - Delayed 2 second(s)&#xD;
&#xD;
2020-11-05 11:47:32 - [MESSAGE][PASSED] - Text 'Through PayPal we offer 0% APR interest for 4 months on your purchase of £99 or more. You can choose PayPal* finance online, at the checkout section.' is set on object 'Object Repository/Input/textResponse'&#xD;
&#xD;
2020-11-05 11:47:34 - [MESSAGE][PASSED] - platform.Response.createRichResponse is PASSED&#xD;
&#xD;
2020-11-05 11:47:34 - [TEST_STEP][PASSED] - platform.Response.createDynamicResponse(testData.getValue("dynamic_template", 1), testData.getValue("dynamic_template_file", 1)): platform.Response.createDynamicResponse is PASSED&#xD;
&#xD;
2020-11-05 11:47:40 - [MESSAGE][PASSED] - Text 'delivery_template' is set on object 'Object Repository/NewRepo2/templateKeyName'&#xD;
&#xD;
2020-11-05 11:47:45 - [MESSAGE][PASSED] - Delayed 2 second(s)&#xD;
&#xD;
2020-11-05 11:47:53 - [MESSAGE][PASSED] - File 'D:/IMIbot.ai-Project/Collection/delivery_template.py' sent to object: 'Object Repository/Input/uploadFile'&#xD;
&#xD;
2020-11-05 11:47:55 - [MESSAGE][PASSED] - platform.Response.createDynamicResponse is PASSED&#xD;
&#xD;
2020-11-05 11:47:55 - [TEST_STEP][PASSED] - waitForElementPresent(findTestObject("Generic/webObjectWithText", ["textValue":"Welcome message "]), 20, OPTIONAL): Object 'Object Repository/Generic/webObjectWithText' is present&#xD;
&#xD;
2020-11-05 11:47:56 - [MESSAGE][PASSED] - Object 'Object Repository/Generic/webObjectWithText' is present&#xD;
&#xD;
2020-11-05 11:47:56 - [TEST_STEP][PASSED] - platform.Method.clickOnElement(findTestObject("Generic/webObjectWithText", ["textValue":"Welcome message "])): platform.Method.clickOnElement is PASSED&#xD;
&#xD;
2020-11-05 11:47:59 - [MESSAGE][PASSED] - platform.Method.clickOnElement is PASSED&#xD;
&#xD;
2020-11-05 11:47:59 - [TEST_STEP][PASSED] - platform.Response.createDynamicResponse(testData.getValue("dynamic_template", 2), testData.getValue("dynamic_template_file", 2)): platform.Response.createDynamicResponse is PASSED&#xD;
&#xD;
2020-11-05 11:48:06 - [MESSAGE][PASSED] - Text 'order_status_template' is set on object 'Object Repository/NewRepo2/templateKeyName'&#xD;
&#xD;
2020-11-05 11:48:10 - [MESSAGE][PASSED] - Delayed 2 second(s)&#xD;
&#xD;
2020-11-05 11:48:19 - [MESSAGE][PASSED] - File 'D:/IMIbot.ai-Project/Collection/order_status_template.py' sent to object: 'Object Repository/Input/uploadFile'&#xD;
&#xD;
2020-11-05 11:48:21 - [MESSAGE][PASSED] - platform.Response.createDynamicResponse is PASSED&#xD;
&#xD;
2020-11-05 11:48:21 - [TEST_STEP][PASSED] - waitForElementPresent(findTestObject("ICONS/toastMsg"), 20, OPTIONAL): Object 'Object Repository/ICONS/toastMsg' is present&#xD;
&#xD;
2020-11-05 11:48:22 - [MESSAGE][PASSED] - Object 'Object Repository/ICONS/toastMsg' is present</system-out>
            <system-err></system-err>
        </testcase>
        <testcase name="Test Cases/TASK_SSO/entitiesCreationAndUpdate_Test" classname="Test Cases/TASK_SSO/entitiesCreationAndUpdate_Test" status="PASSED">
            <system-out>2020-11-05 11:48:22 - [TEST_CASE][PASSED] - Test Cases/TASK_SSO/entitiesCreationAndUpdate_Test: Test Cases/TASK_SSO/entitiesCreationAndUpdate_Test&#xD;
&#xD;
2020-11-05 11:48:23 - [TEST_STEP][PASSED] - platform.Method.clickOnElement(findTestObject("Generic/training")): platform.Method.clickOnElement is PASSED&#xD;
&#xD;
2020-11-05 11:48:26 - [MESSAGE][PASSED] - platform.Method.clickOnElement is PASSED&#xD;
&#xD;
2020-11-05 11:48:26 - [TEST_STEP][PASSED] - platform.Method.clickOnElement(findTestObject("Generic/webObjectWithText", ["textValue":"Entities"])): platform.Method.clickOnElement is PASSED&#xD;
&#xD;
2020-11-05 11:48:29 - [MESSAGE][PASSED] - platform.Method.clickOnElement is PASSED&#xD;
&#xD;
2020-11-05 11:48:29 - [TEST_STEP][PASSED] - testData = findTestData("Data Files/testData_Task"): null&#xD;
&#xD;
2020-11-05 11:48:29 - [TEST_STEP][PASSED] - platform.Method.clickOnElement(findTestObject("Button/createEntity")): platform.Method.clickOnElement is PASSED&#xD;
&#xD;
2020-11-05 11:48:32 - [MESSAGE][PASSED] - platform.Method.clickOnElement is PASSED&#xD;
&#xD;
2020-11-05 11:48:32 - [TEST_STEP][PASSED] - platform.Training.createEntity("city name", " Custom list ", "mumbai"): platform.Training.createEntity is PASSED&#xD;
&#xD;
2020-11-05 11:48:35 - [MESSAGE][PASSED] - Keys 'city name' sent to object: 'Object Repository/Input/entityName'&#xD;
&#xD;
2020-11-05 11:48:38 - [MESSAGE][INFO] - Entity Type:  Custom list &#xD;
&#xD;
2020-11-05 11:48:42 - [MESSAGE][PASSED] - Keys 'mumbai' sent to object: 'Object Repository/Input/defValueOfEntity'&#xD;
&#xD;
2020-11-05 11:48:45 - [MESSAGE][PASSED] - platform.Training.createEntity is PASSED&#xD;
&#xD;
2020-11-05 11:48:45 - [TEST_STEP][PASSED] - platform.Method.clickOnElement(findTestObject("Button/createEntity")): platform.Method.clickOnElement is PASSED&#xD;
&#xD;
2020-11-05 11:48:47 - [MESSAGE][PASSED] - platform.Method.clickOnElement is PASSED&#xD;
&#xD;
2020-11-05 11:48:47 - [TEST_STEP][PASSED] - platform.Training.createEntity("date", " Date ", null): platform.Training.createEntity is PASSED&#xD;
&#xD;
2020-11-05 11:48:50 - [MESSAGE][PASSED] - Keys 'date' sent to object: 'Object Repository/Input/entityName'&#xD;
&#xD;
2020-11-05 11:48:52 - [MESSAGE][INFO] - Entity Type:  Date &#xD;
&#xD;
2020-11-05 11:48:57 - [MESSAGE][PASSED] - platform.Training.createEntity is PASSED&#xD;
&#xD;
2020-11-05 11:48:57 - [TEST_STEP][PASSED] - for ([count = 2, count &lt;= testData.getRowNumbers(), (count++)]): null&#xD;
&#xD;
2020-11-05 11:48:57 - [TEST_STEP][PASSED] - if (testData.getValue("entity_name", count) != ""): platform.Training.createEntity is PASSED&#xD;
&#xD;
2020-11-05 11:48:57 - [TEST_STEP][PASSED] - platform.Method.clickOnElement(findTestObject("Button/createEntity")): platform.Method.clickOnElement is PASSED&#xD;
&#xD;
2020-11-05 11:49:00 - [MESSAGE][PASSED] - platform.Method.clickOnElement is PASSED&#xD;
&#xD;
2020-11-05 11:49:00 - [TEST_STEP][PASSED] - platform.Training.createEntity(testData.getValue("entity_name", count), testData.getValue("entity_type", count), testData.getValue("entity_value", count)): platform.Training.createEntity is PASSED&#xD;
&#xD;
2020-11-05 11:49:02 - [MESSAGE][PASSED] - Keys 'product_names' sent to object: 'Object Repository/Input/entityName'&#xD;
&#xD;
2020-11-05 11:49:05 - [MESSAGE][INFO] - Entity Type: Custom list&#xD;
&#xD;
2020-11-05 11:49:09 - [MESSAGE][PASSED] - Keys 'chair' sent to object: 'Object Repository/Input/defValueOfEntity'&#xD;
&#xD;
2020-11-05 11:49:12 - [MESSAGE][PASSED] - platform.Training.createEntity is PASSED&#xD;
&#xD;
2020-11-05 11:49:12 - [TEST_STEP][PASSED] - if (testData.getValue("entity_name", count) != ""): platform.Training.createEntity is PASSED&#xD;
&#xD;
2020-11-05 11:49:12 - [TEST_STEP][PASSED] - platform.Method.clickOnElement(findTestObject("Button/createEntity")): platform.Method.clickOnElement is PASSED&#xD;
&#xD;
2020-11-05 11:49:14 - [MESSAGE][PASSED] - platform.Method.clickOnElement is PASSED&#xD;
&#xD;
2020-11-05 11:49:14 - [TEST_STEP][PASSED] - platform.Training.createEntity(testData.getValue("entity_name", count), testData.getValue("entity_type", count), testData.getValue("entity_value", count)): platform.Training.createEntity is PASSED&#xD;
&#xD;
2020-11-05 11:49:17 - [MESSAGE][PASSED] - Keys 'order_id' sent to object: 'Object Repository/Input/entityName'&#xD;
&#xD;
2020-11-05 11:49:20 - [MESSAGE][INFO] - Entity Type: Regex&#xD;
&#xD;
2020-11-05 11:49:26 - [MESSAGE][PASSED] - Keys '\b\d{8}\b' sent to object: 'Object Repository/Input/defValueOfEntity'&#xD;
&#xD;
2020-11-05 11:49:28 - [MESSAGE][PASSED] - platform.Training.createEntity is PASSED&#xD;
&#xD;
2020-11-05 11:49:28 - [TEST_STEP][PASSED] - if (testData.getValue("entity_name", count) != ""): platform.Training.createEntity is PASSED&#xD;
&#xD;
2020-11-05 11:49:28 - [TEST_STEP][PASSED] - platform.Method.clickOnElement(findTestObject("Button/createEntity")): platform.Method.clickOnElement is PASSED&#xD;
&#xD;
2020-11-05 11:49:30 - [MESSAGE][PASSED] - platform.Method.clickOnElement is PASSED&#xD;
&#xD;
2020-11-05 11:49:30 - [TEST_STEP][PASSED] - platform.Training.createEntity(testData.getValue("entity_name", count), testData.getValue("entity_type", count), testData.getValue("entity_value", count)): platform.Training.createEntity is PASSED&#xD;
&#xD;
2020-11-05 11:49:33 - [MESSAGE][PASSED] - Keys 'zipcode' sent to object: 'Object Repository/Input/entityName'&#xD;
&#xD;
2020-11-05 11:49:35 - [MESSAGE][INFO] - Entity Type: Custom list&#xD;
&#xD;
2020-11-05 11:49:41 - [MESSAGE][PASSED] - Keys '\b\^[0-9]{6}\b' sent to object: 'Object Repository/Input/defValueOfEntity'&#xD;
&#xD;
2020-11-05 11:49:43 - [MESSAGE][PASSED] - platform.Training.createEntity is PASSED&#xD;
&#xD;
2020-11-05 11:49:43 - [TEST_STEP][PASSED] - if (testData.getValue("entity_name", count) != ""): null&#xD;
&#xD;
2020-11-05 11:49:43 - [TEST_STEP][PASSED] - else: null&#xD;
&#xD;
2020-11-05 11:49:43 - [TEST_STEP][PASSED] - logInfo("No more entity present!!"): No more entity present!!&#xD;
&#xD;
2020-11-05 11:49:43 - [MESSAGE][INFO] - No more entity present!!&#xD;
&#xD;
2020-11-05 11:49:43 - [TEST_STEP][PASSED] - break: null&#xD;
&#xD;
2020-11-05 11:49:43 - [TEST_STEP][PASSED] - waitForElementPresent(findTestObject("Generic/webObjectWithText", ["textValue":"city name"]), 15, STOP_ON_FAILURE): Object 'Object Repository/Generic/webObjectWithText' is present&#xD;
&#xD;
2020-11-05 11:49:45 - [MESSAGE][PASSED] - Object 'Object Repository/Generic/webObjectWithText' is present&#xD;
&#xD;
2020-11-05 11:49:45 - [TEST_STEP][PASSED] - platform.Training.editEntity("city name"): platform.Training.editEntity is PASSED&#xD;
&#xD;
2020-11-05 11:49:54 - [MESSAGE][PASSED] - platform.Training.editEntity is PASSED&#xD;
&#xD;
2020-11-05 11:49:54 - [TEST_STEP][PASSED] - testObject = modifyObjectProperty(findTestObject("Input/entityName"), "formcontrolname", "equals", "name", true, STOP_ON_FAILURE): Modify property of object successfully&#xD;
&#xD;
2020-11-05 11:49:54 - [MESSAGE][PASSED] - Modify property of object successfully&#xD;
&#xD;
2020-11-05 11:49:54 - [TEST_STEP][PASSED] - setText(testObject, testData.getValue("entity_name", 1)): Text 'store_name' is set on object 'Object Repository/Input/entityName'&#xD;
&#xD;
2020-11-05 11:49:58 - [MESSAGE][PASSED] - Text 'store_name' is set on object 'Object Repository/Input/entityName'&#xD;
&#xD;
2020-11-05 11:49:58 - [TEST_STEP][PASSED] - platform.Method.clickOnElement(findTestObject("Button/importIcon")): platform.Method.clickOnElement is PASSED&#xD;
&#xD;
2020-11-05 11:50:00 - [MESSAGE][PASSED] - platform.Method.clickOnElement is PASSED&#xD;
&#xD;
2020-11-05 11:50:00 - [TEST_STEP][PASSED] - platform.Method.uploadCsvFile(true, testData.getValue("custom_entity_file", 1)): platform.Method.uploadCsvFile is PASSED&#xD;
&#xD;
2020-11-05 11:50:05 - [MESSAGE][PASSED] - File 'D:/IMIbot.ai-Project/Collection/cityName.csv' sent to object: 'Object Repository/Input/uploadFile'&#xD;
&#xD;
2020-11-05 11:50:08 - [MESSAGE][PASSED] - platform.Method.uploadCsvFile is PASSED&#xD;
&#xD;
2020-11-05 11:50:08 - [TEST_STEP][PASSED] - platform.Method.clickOnElement(findTestObject("Button/save", ["value":" Save "])): platform.Method.clickOnElement is PASSED&#xD;
&#xD;
2020-11-05 11:50:11 - [MESSAGE][PASSED] - platform.Method.clickOnElement is PASSED&#xD;
&#xD;
2020-11-05 11:50:11 - [TEST_STEP][PASSED] - waitForElementPresent(findTestObject("ICONS/toastMsg"), 15, STOP_ON_FAILURE): Object 'Object Repository/ICONS/toastMsg' is present&#xD;
&#xD;
2020-11-05 11:50:13 - [MESSAGE][PASSED] - Object 'Object Repository/ICONS/toastMsg' is present&#xD;
&#xD;
2020-11-05 11:50:13 - [TEST_STEP][PASSED] - assert getText().contentEquals("store_name") == true: null&#xD;
&#xD;
2020-11-05 11:50:15 - [TEST_STEP][PASSED] - platform.Method.trainAndComment(testData.getValue("comment", 2)): platform.Method.trainAndComment is PASSED&#xD;
&#xD;
2020-11-05 11:50:23 - [MESSAGE][PASSED] - Keys 'response added &amp; updated' sent to object: 'Object Repository/Input/comment'&#xD;
&#xD;
2020-11-05 11:50:26 - [MESSAGE][PASSED] - platform.Method.trainAndComment is PASSED&#xD;
&#xD;
2020-11-05 11:50:26 - [TEST_STEP][PASSED] - waitForElementPresent(findTestObject("ICONS/toastMsg"), 15, OPTIONAL): Object 'Object Repository/ICONS/toastMsg' is present&#xD;
&#xD;
2020-11-05 11:50:27 - [MESSAGE][PASSED] - Object 'Object Repository/ICONS/toastMsg' is present</system-out>
            <system-err></system-err>
        </testcase>
        <testcase name="Test Cases/TASK_SSO/createIntentAndEditEntity_Test" classname="Test Cases/TASK_SSO/createIntentAndEditEntity_Test" status="PASSED">
            <system-out>2020-11-05 11:50:27 - [TEST_CASE][PASSED] - Test Cases/TASK_SSO/createIntentAndEditEntity_Test: Test Cases/TASK_SSO/createIntentAndEditEntity_Test&#xD;
&#xD;
2020-11-05 11:50:28 - [TEST_STEP][PASSED] - platform.Method.clickOnElement(findTestObject("Generic/webObjectWithText", ["textValue":"Intents"])): platform.Method.clickOnElement is PASSED&#xD;
&#xD;
2020-11-05 11:50:31 - [MESSAGE][PASSED] - platform.Method.clickOnElement is PASSED&#xD;
&#xD;
2020-11-05 11:50:31 - [TEST_STEP][PASSED] - testData = findTestData("Data Files/testData_Task"): null&#xD;
&#xD;
2020-11-05 11:50:31 - [TEST_STEP][PASSED] - platform.Training.addMultipleUtterance(testData, "track_order_utterance"): platform.Training.addMultipleUtterance is PASSED&#xD;
&#xD;
2020-11-05 11:50:37 - [MESSAGE][PASSED] - Keys 'When will I receive my order?' sent to object: 'Object Repository/Input/utterance'&#xD;
&#xD;
2020-11-05 11:50:45 - [MESSAGE][PASSED] - Delayed 5 second(s)&#xD;
&#xD;
2020-11-05 11:50:48 - [MESSAGE][PASSED] - Keys 'Track status of order number 00001234' sent to object: 'Object Repository/Input/utterance'&#xD;
&#xD;
2020-11-05 11:50:55 - [MESSAGE][PASSED] - Delayed 5 second(s)&#xD;
&#xD;
2020-11-05 11:50:58 - [MESSAGE][PASSED] - Keys 'Status of my order' sent to object: 'Object Repository/Input/utterance'&#xD;
&#xD;
2020-11-05 11:51:06 - [MESSAGE][PASSED] - Delayed 5 second(s)&#xD;
&#xD;
2020-11-05 11:51:06 - [MESSAGE][PASSED] - platform.Training.addMultipleUtterance is PASSED&#xD;
&#xD;
2020-11-05 11:51:06 - [TEST_STEP][PASSED] - sendKeys(findTestObject("Input/intentName"), testData.getValue("intent_name", 3)): Keys 'track_order' sent to object: 'Object Repository/Input/intentName'&#xD;
&#xD;
2020-11-05 11:51:09 - [MESSAGE][PASSED] - Keys 'track_order' sent to object: 'Object Repository/Input/intentName'&#xD;
&#xD;
2020-11-05 11:51:09 - [TEST_STEP][PASSED] - verifyElementText(findTestObject("Slots/entityValue", ["rowValue":1]), "order_id", STOP_ON_FAILURE): Actual text and expected text of test object 'Object Repository/Slots/entityValue' are matched.&#xD;
&#xD;
2020-11-05 11:51:12 - [MESSAGE][PASSED] - Actual text and expected text of test object 'Object Repository/Slots/entityValue' are matched.&#xD;
&#xD;
2020-11-05 11:51:12 - [TEST_STEP][PASSED] - sendKeys(findTestObject("Input/finalTempKey"), "order_status_template"): Keys 'order_status_template' sent to object: 'Object Repository/Input/finalTempKey'&#xD;
&#xD;
2020-11-05 11:51:15 - [MESSAGE][PASSED] - Keys 'order_status_template' sent to object: 'Object Repository/Input/finalTempKey'&#xD;
&#xD;
2020-11-05 11:51:15 - [TEST_STEP][PASSED] - platform.Method.clickOnElement(findTestObject("Button/save", ["value":" Save "])): platform.Method.clickOnElement is PASSED&#xD;
&#xD;
2020-11-05 11:51:18 - [MESSAGE][PASSED] - platform.Method.clickOnElement is PASSED&#xD;
&#xD;
2020-11-05 11:51:18 - [TEST_STEP][PASSED] - verifyElementText(findTestObject("Generic/header"), "track_order", STOP_ON_FAILURE): Actual text and expected text of test object 'Object Repository/Generic/header' are matched.&#xD;
&#xD;
2020-11-05 11:51:20 - [MESSAGE][PASSED] - Actual text and expected text of test object 'Object Repository/Generic/header' are matched.&#xD;
&#xD;
2020-11-05 11:51:20 - [TEST_STEP][PASSED] - platform.Method.clickOnElement(findTestObject("NewRepo/intentGoBack")): platform.Method.clickOnElement is PASSED&#xD;
&#xD;
2020-11-05 11:51:22 - [MESSAGE][PASSED] - platform.Method.clickOnElement is PASSED&#xD;
&#xD;
2020-11-05 11:51:22 - [TEST_STEP][PASSED] - platform.Method.clickOnElement(findTestObject("Generic/webObjectWithText", ["textValue":"Entities"])): platform.Method.clickOnElement is PASSED&#xD;
&#xD;
2020-11-05 11:51:25 - [MESSAGE][PASSED] - platform.Method.clickOnElement is PASSED&#xD;
&#xD;
2020-11-05 11:51:25 - [TEST_STEP][PASSED] - platform.Training.editEntity("product_names"): platform.Training.editEntity is PASSED&#xD;
&#xD;
2020-11-05 11:51:33 - [MESSAGE][PASSED] - platform.Training.editEntity is PASSED&#xD;
&#xD;
2020-11-05 11:51:33 - [TEST_STEP][PASSED] - sendKeys(findTestObject("Input/synonyms", ["index":1]), Keys.chord("wooden chair", ENTER)): Keys 'ENTER + wooden chair' sent to object: 'Object Repository/Input/synonyms'&#xD;
&#xD;
2020-11-05 11:51:36 - [MESSAGE][PASSED] - Keys 'ENTER + wooden chair' sent to object: 'Object Repository/Input/synonyms'&#xD;
&#xD;
2020-11-05 11:51:36 - [TEST_STEP][PASSED] - sendKeys(findTestObject("Input/synonyms", ["index":1]), Keys.chord("plastic chair", ENTER)): Keys 'ENTER + plastic chair' sent to object: 'Object Repository/Input/synonyms'&#xD;
&#xD;
2020-11-05 11:51:39 - [MESSAGE][PASSED] - Keys 'ENTER + plastic chair' sent to object: 'Object Repository/Input/synonyms'&#xD;
&#xD;
2020-11-05 11:51:39 - [TEST_STEP][PASSED] - platform.Method.clickOnElement(findTestObject("Button/importIcon")): platform.Method.clickOnElement is PASSED&#xD;
&#xD;
2020-11-05 11:51:41 - [MESSAGE][PASSED] - platform.Method.clickOnElement is PASSED&#xD;
&#xD;
2020-11-05 11:51:41 - [TEST_STEP][PASSED] - platform.Method.uploadCsvFile(false, testData.getValue("custom_entity_file", 2)): platform.Method.uploadCsvFile is PASSED&#xD;
&#xD;
2020-11-05 11:51:41 - [MESSAGE][INFO] - PREVIOUS DATA NOT BE OVERRIDDEN&#xD;
&#xD;
2020-11-05 11:51:44 - [MESSAGE][PASSED] - File 'D:/IMIbot.ai-Project/Collection/product.csv' sent to object: 'Object Repository/Input/uploadFile'&#xD;
&#xD;
2020-11-05 11:51:46 - [MESSAGE][PASSED] - platform.Method.uploadCsvFile is PASSED&#xD;
&#xD;
2020-11-05 11:51:46 - [TEST_STEP][PASSED] - platform.Method.clickOnElement(findTestObject("Button/btnDeleteChipOrRow", ["chipValue":" plastic chair ", "option":"cancel"])): platform.Method.clickOnElement is PASSED&#xD;
&#xD;
2020-11-05 11:51:49 - [MESSAGE][PASSED] - platform.Method.clickOnElement is PASSED&#xD;
&#xD;
2020-11-05 11:51:49 - [TEST_STEP][PASSED] - platform.Method.clickOnElement(findTestObject("Button/btnDeleteChipOrRow", ["chipValue":" wooden chair ", "option":"close "])): platform.Method.clickOnElement is PASSED&#xD;
&#xD;
2020-11-05 11:51:51 - [MESSAGE][PASSED] - platform.Method.clickOnElement is PASSED&#xD;
&#xD;
2020-11-05 11:51:51 - [TEST_STEP][PASSED] - platform.Method.clickOnElement(findTestObject("Button/save", ["value":" Save "])): platform.Method.clickOnElement is PASSED&#xD;
&#xD;
2020-11-05 11:51:54 - [MESSAGE][PASSED] - platform.Method.clickOnElement is PASSED&#xD;
&#xD;
2020-11-05 11:51:54 - [TEST_STEP][PASSED] - waitForElementPresent(findTestObject("ICONS/toastMsg"), 20, OPTIONAL): Object 'Object Repository/ICONS/toastMsg' is present&#xD;
&#xD;
2020-11-05 11:51:56 - [MESSAGE][PASSED] - Object 'Object Repository/ICONS/toastMsg' is present</system-out>
            <system-err></system-err>
        </testcase>
        <testcase name="Test Cases/TASK_SSO/intentWithResponseCreation_Test" classname="Test Cases/TASK_SSO/intentWithResponseCreation_Test" status="PASSED">
            <system-out>2020-11-05 11:51:56 - [TEST_CASE][PASSED] - Test Cases/TASK_SSO/intentWithResponseCreation_Test: Test Cases/TASK_SSO/intentWithResponseCreation_Test&#xD;
&#xD;
2020-11-05 11:51:57 - [TEST_STEP][PASSED] - platform.Method.clickOnElement(findTestObject("Generic/webObjectWithText", ["textValue":"Intents"])): platform.Method.clickOnElement is PASSED&#xD;
&#xD;
2020-11-05 11:51:59 - [MESSAGE][PASSED] - platform.Method.clickOnElement is PASSED&#xD;
&#xD;
2020-11-05 11:51:59 - [TEST_STEP][PASSED] - platform.Training.addMultipleUtterance(findTestData("Data Files/testData_Task"), "first_intent_utterance"): platform.Training.addMultipleUtterance is PASSED&#xD;
&#xD;
2020-11-05 11:52:05 - [MESSAGE][PASSED] - Keys 'Do you deliver?' sent to object: 'Object Repository/Input/utterance'&#xD;
&#xD;
2020-11-05 11:52:12 - [MESSAGE][PASSED] - Delayed 5 second(s)&#xD;
&#xD;
2020-11-05 11:52:15 - [MESSAGE][PASSED] - Keys 'Do you deliver in hyderabad?' sent to object: 'Object Repository/Input/utterance'&#xD;
&#xD;
2020-11-05 11:52:22 - [MESSAGE][PASSED] - Delayed 5 second(s)&#xD;
&#xD;
2020-11-05 11:52:25 - [MESSAGE][PASSED] - Keys 'Is your service available in mumbai?' sent to object: 'Object Repository/Input/utterance'&#xD;
&#xD;
2020-11-05 11:52:32 - [MESSAGE][PASSED] - Delayed 5 second(s)&#xD;
&#xD;
2020-11-05 11:52:32 - [MESSAGE][PASSED] - platform.Training.addMultipleUtterance is PASSED&#xD;
&#xD;
2020-11-05 11:52:32 - [TEST_STEP][PASSED] - sendKeys(findTestObject("Input/intentName"), findTestData("Data Files/testData_Task").getValue("intent_name", 1)): Keys 'delivery_info' sent to object: 'Object Repository/Input/intentName'&#xD;
&#xD;
2020-11-05 11:52:35 - [MESSAGE][PASSED] - Keys 'delivery_info' sent to object: 'Object Repository/Input/intentName'&#xD;
&#xD;
2020-11-05 11:52:35 - [TEST_STEP][PASSED] - check(findTestObject("Slots/checkbox", ["rowValue":1])): Object 'Object Repository/Slots/checkbox' is checked&#xD;
&#xD;
2020-11-05 11:52:40 - [MESSAGE][PASSED] - Object 'Object Repository/Slots/checkbox' is checked&#xD;
&#xD;
2020-11-05 11:52:40 - [TEST_STEP][PASSED] - setText(findTestObject("Slots/retries", ["rowValue":1]), "2"): Text '2' is set on object 'Object Repository/Slots/retries'&#xD;
&#xD;
2020-11-05 11:52:44 - [MESSAGE][PASSED] - Text '2' is set on object 'Object Repository/Slots/retries'&#xD;
&#xD;
2020-11-05 11:52:44 - [TEST_STEP][PASSED] - setText(findTestObject("Slots/templateKey", ["rowValue":1]), findTestData("Data Files/testData_Task").getValue("missing_entity", 1)): Text 'city_not_found' is set on object 'Object Repository/Slots/templateKey'&#xD;
&#xD;
2020-11-05 11:52:49 - [MESSAGE][PASSED] - Text 'city_not_found' is set on object 'Object Repository/Slots/templateKey'&#xD;
&#xD;
2020-11-05 11:52:49 - [TEST_STEP][PASSED] - platform.Training.createInstantResponse(findTestData("Data Files/testData_Task").getValue("missing_entity", 1), findTestData("Data Files/testData_Task").getValue("missing_entity_default_text", 1)): platform.Training.createInstantResponse is PASSED&#xD;
&#xD;
2020-11-05 11:52:55 - [MESSAGE][PASSED] - Keys 'city_not_found' sent to object: 'Object Repository/NewRepo2/templateKeyPopUp'&#xD;
&#xD;
2020-11-05 11:52:59 - [MESSAGE][PASSED] - Keys 'Oops! There is no delivery centre at your city. Please try again with a different city name.' sent to object: 'Object Repository/NewRepo2/templateResponsePopUp'&#xD;
&#xD;
2020-11-05 11:53:01 - [MESSAGE][PASSED] - platform.Training.createInstantResponse is PASSED&#xD;
&#xD;
2020-11-05 11:53:01 - [TEST_STEP][PASSED] - platform.Method.clickOnElement(findTestObject("Generic/webObjectWithText", ["textValue":"city_not_found"])): platform.Method.clickOnElement is PASSED&#xD;
&#xD;
2020-11-05 11:53:05 - [MESSAGE][PASSED] - platform.Method.clickOnElement is PASSED&#xD;
&#xD;
2020-11-05 11:53:05 - [TEST_STEP][PASSED] - sendKeys(findTestObject("Input/finalTempKey"), findTestData("Data Files/testData_Task").getValue("final_template", 1)): Keys 'delivery_template' sent to object: 'Object Repository/Input/finalTempKey'&#xD;
&#xD;
2020-11-05 11:53:09 - [MESSAGE][PASSED] - Keys 'delivery_template' sent to object: 'Object Repository/Input/finalTempKey'&#xD;
&#xD;
2020-11-05 11:53:09 - [TEST_STEP][PASSED] - platform.Method.clickOnElement(findTestObject("Button/save", ["value":" Save "])): platform.Method.clickOnElement is PASSED&#xD;
&#xD;
2020-11-05 11:53:11 - [MESSAGE][PASSED] - platform.Method.clickOnElement is PASSED&#xD;
&#xD;
2020-11-05 11:53:11 - [TEST_STEP][PASSED] - verifyElementText(findTestObject("Generic/header"), "delivery_info", STOP_ON_FAILURE): Actual text and expected text of test object 'Object Repository/Generic/header' are matched.&#xD;
&#xD;
2020-11-05 11:53:13 - [MESSAGE][PASSED] - Actual text and expected text of test object 'Object Repository/Generic/header' are matched.&#xD;
&#xD;
2020-11-05 11:53:13 - [TEST_STEP][PASSED] - platform.Method.clickOnElement(findTestObject("NewRepo/intentGoBack")): platform.Method.clickOnElement is PASSED&#xD;
&#xD;
2020-11-05 11:53:16 - [MESSAGE][PASSED] - platform.Method.clickOnElement is PASSED&#xD;
&#xD;
2020-11-05 11:53:16 - [TEST_STEP][PASSED] - platform.Method.trainAndComment(findTestData("Data Files/testData_Task").getValue("comment", 1)): platform.Method.trainAndComment is PASSED&#xD;
&#xD;
2020-11-05 11:53:25 - [MESSAGE][PASSED] - Keys 'delivery info intent added' sent to object: 'Object Repository/Input/comment'&#xD;
&#xD;
2020-11-05 11:53:27 - [MESSAGE][PASSED] - platform.Method.trainAndComment is PASSED&#xD;
&#xD;
2020-11-05 11:53:27 - [TEST_STEP][PASSED] - waitForElementPresent(findTestObject("ICONS/toastMsg"), 30, STOP_ON_FAILURE): Object 'Object Repository/ICONS/toastMsg' is present&#xD;
&#xD;
2020-11-05 11:53:28 - [MESSAGE][PASSED] - Object 'Object Repository/ICONS/toastMsg' is present&#xD;
&#xD;
2020-11-05 11:53:28 - [TEST_STEP][PASSED] - platform.Method.clickOnElement(findTestObject("Button/preview")): platform.Method.clickOnElement is PASSED&#xD;
&#xD;
2020-11-05 11:53:31 - [MESSAGE][PASSED] - platform.Method.clickOnElement is PASSED&#xD;
&#xD;
2020-11-05 11:53:31 - [TEST_STEP][PASSED] - count = &lt;not implemented yet for class: org.codehaus.groovy.ast.expr.EmptyExpression&gt;: null&#xD;
&#xD;
2020-11-05 11:53:31 - [TEST_STEP][PASSED] - for ([count = 1, count &lt;= 3, (count++)]): null&#xD;
&#xD;
2020-11-05 11:53:31 - [TEST_STEP][PASSED] - sendKeys(findTestObject("Input/chatInput"), Keys.chord(userQuery, ENTER)): Keys 'ENTER + Delivery service in chennai' sent to object: 'Object Repository/Input/chatInput'&#xD;
&#xD;
2020-11-05 11:53:34 - [MESSAGE][PASSED] - Keys 'ENTER + Delivery service in chennai' sent to object: 'Object Repository/Input/chatInput'&#xD;
&#xD;
2020-11-05 11:53:34 - [TEST_STEP][PASSED] - delay(1): Delayed 1 second(s)&#xD;
&#xD;
2020-11-05 11:53:35 - [MESSAGE][PASSED] - Delayed 1 second(s)&#xD;
&#xD;
2020-11-05 11:53:35 - [TEST_STEP][PASSED] - if (count == 3): null&#xD;
&#xD;
2020-11-05 11:53:35 - [TEST_STEP][PASSED] - verifyElementText(findTestObject("GenericII/getBotResponse", ["index":count + 1]), findTestData("Data Files/testData_Task").getValue("missing_entity_default_text", 1), STOP_ON_FAILURE): Actual text and expected text of test object 'Object Repository/GenericII/getBotResponse' are matched.&#xD;
&#xD;
2020-11-05 11:53:37 - [MESSAGE][PASSED] - Actual text and expected text of test object 'Object Repository/GenericII/getBotResponse' are matched.&#xD;
&#xD;
2020-11-05 11:53:37 - [TEST_STEP][PASSED] - sendKeys(findTestObject("Input/chatInput"), Keys.chord(userQuery, ENTER)): Keys 'ENTER + Delivery service in chennai' sent to object: 'Object Repository/Input/chatInput'&#xD;
&#xD;
2020-11-05 11:53:40 - [MESSAGE][PASSED] - Keys 'ENTER + Delivery service in chennai' sent to object: 'Object Repository/Input/chatInput'&#xD;
&#xD;
2020-11-05 11:53:40 - [TEST_STEP][PASSED] - delay(1): Delayed 1 second(s)&#xD;
&#xD;
2020-11-05 11:53:41 - [MESSAGE][PASSED] - Delayed 1 second(s)&#xD;
&#xD;
2020-11-05 11:53:41 - [TEST_STEP][PASSED] - if (count == 3): null&#xD;
&#xD;
2020-11-05 11:53:41 - [TEST_STEP][PASSED] - verifyElementText(findTestObject("GenericII/getBotResponse", ["index":count + 1]), findTestData("Data Files/testData_Task").getValue("missing_entity_default_text", 1), STOP_ON_FAILURE): Actual text and expected text of test object 'Object Repository/GenericII/getBotResponse' are matched.&#xD;
&#xD;
2020-11-05 11:53:44 - [MESSAGE][PASSED] - Actual text and expected text of test object 'Object Repository/GenericII/getBotResponse' are matched.&#xD;
&#xD;
2020-11-05 11:53:44 - [TEST_STEP][PASSED] - sendKeys(findTestObject("Input/chatInput"), Keys.chord(userQuery, ENTER)): Keys 'ENTER + Delivery service in chennai' sent to object: 'Object Repository/Input/chatInput'&#xD;
&#xD;
2020-11-05 11:53:46 - [MESSAGE][PASSED] - Keys 'ENTER + Delivery service in chennai' sent to object: 'Object Repository/Input/chatInput'&#xD;
&#xD;
2020-11-05 11:53:46 - [TEST_STEP][PASSED] - delay(1): Delayed 1 second(s)&#xD;
&#xD;
2020-11-05 11:53:47 - [MESSAGE][PASSED] - Delayed 1 second(s)&#xD;
&#xD;
2020-11-05 11:53:47 - [TEST_STEP][PASSED] - if (count == 3): null&#xD;
&#xD;
2020-11-05 11:53:47 - [TEST_STEP][PASSED] - break: null&#xD;
&#xD;
2020-11-05 11:53:48 - [TEST_STEP][PASSED] - platform.Method.clickOnElement(findTestObject("Button/upvote")): platform.Method.clickOnElement is PASSED&#xD;
&#xD;
2020-11-05 11:53:50 - [MESSAGE][PASSED] - platform.Method.clickOnElement is PASSED&#xD;
&#xD;
2020-11-05 11:53:50 - [TEST_STEP][PASSED] - platform.Method.clickOnElement(findTestObject("GenericII/minimize")): platform.Method.clickOnElement is PASSED&#xD;
&#xD;
2020-11-05 11:53:52 - [MESSAGE][PASSED] - platform.Method.clickOnElement is PASSED</system-out>
            <system-err></system-err>
        </testcase>
        <testcase name="Test Cases/TASK_SSO/updateResponse_Test" classname="Test Cases/TASK_SSO/updateResponse_Test" status="PASSED">
            <system-out>2020-11-05 11:53:52 - [TEST_CASE][PASSED] - Test Cases/TASK_SSO/updateResponse_Test: Test Cases/TASK_SSO/updateResponse_Test&#xD;
&#xD;
2020-11-05 11:53:54 - [TEST_STEP][PASSED] - platform.Method.clickOnElement(findTestObject("Generic/training")): platform.Method.clickOnElement is PASSED&#xD;
&#xD;
2020-11-05 11:53:56 - [MESSAGE][PASSED] - platform.Method.clickOnElement is PASSED&#xD;
&#xD;
2020-11-05 11:53:56 - [TEST_STEP][PASSED] - testData = findTestData("Data Files/testData_Task"): null&#xD;
&#xD;
2020-11-05 11:53:57 - [TEST_STEP][PASSED] - platform.Training.addMultipleUtterance(testData, "stock_check_utterance"): platform.Training.addMultipleUtterance is PASSED&#xD;
&#xD;
2020-11-05 11:54:02 - [MESSAGE][PASSED] - Keys 'Is chair available in Hyderbad store?' sent to object: 'Object Repository/Input/utterance'&#xD;
&#xD;
2020-11-05 11:54:09 - [MESSAGE][PASSED] - Delayed 5 second(s)&#xD;
&#xD;
2020-11-05 11:54:13 - [MESSAGE][PASSED] - Keys 'I want to order a sofa, is it available in Mumbai store?' sent to object: 'Object Repository/Input/utterance'&#xD;
&#xD;
2020-11-05 11:54:20 - [MESSAGE][PASSED] - Delayed 5 second(s)&#xD;
&#xD;
2020-11-05 11:54:20 - [MESSAGE][PASSED] - platform.Training.addMultipleUtterance is PASSED&#xD;
&#xD;
2020-11-05 11:54:20 - [TEST_STEP][PASSED] - sendKeys(findTestObject("Input/intentName"), testData.getValue("intent_name", 2)): Keys 'stock_check' sent to object: 'Object Repository/Input/intentName'&#xD;
&#xD;
2020-11-05 11:54:23 - [MESSAGE][PASSED] - Keys 'stock_check' sent to object: 'Object Repository/Input/intentName'&#xD;
&#xD;
2020-11-05 11:54:23 - [TEST_STEP][PASSED] - sendKeys(findTestObject("Input/finalTempKey"), testData.getValue("dynamic_template", 3)): Keys 'stock_check_template' sent to object: 'Object Repository/Input/finalTempKey'&#xD;
&#xD;
2020-11-05 11:54:26 - [MESSAGE][PASSED] - Keys 'stock_check_template' sent to object: 'Object Repository/Input/finalTempKey'&#xD;
&#xD;
2020-11-05 11:54:26 - [TEST_STEP][PASSED] - platform.Training.createInstantResponse(testData.getValue("dynamic_template", 3), "Setting default value. Will be converted to dynamic type"): platform.Training.createInstantResponse is PASSED&#xD;
&#xD;
2020-11-05 11:54:32 - [MESSAGE][PASSED] - Keys 'stock_check_template' sent to object: 'Object Repository/NewRepo2/templateKeyPopUp'&#xD;
&#xD;
2020-11-05 11:54:35 - [MESSAGE][PASSED] - Keys 'Setting default value. Will be converted to dynamic type' sent to object: 'Object Repository/NewRepo2/templateResponsePopUp'&#xD;
&#xD;
2020-11-05 11:54:38 - [MESSAGE][PASSED] - platform.Training.createInstantResponse is PASSED&#xD;
&#xD;
2020-11-05 11:54:38 - [TEST_STEP][PASSED] - platform.Method.clickOnElement(findTestObject("Button/save", ["value":" Save "])): platform.Method.clickOnElement is PASSED&#xD;
&#xD;
2020-11-05 11:54:40 - [MESSAGE][PASSED] - platform.Method.clickOnElement is PASSED&#xD;
&#xD;
2020-11-05 11:54:40 - [TEST_STEP][PASSED] - verifyElementText(findTestObject("Generic/header"), "stock_check", OPTIONAL): Actual text and expected text of test object 'Object Repository/Generic/header' are matched.&#xD;
&#xD;
2020-11-05 11:54:42 - [MESSAGE][PASSED] - Actual text and expected text of test object 'Object Repository/Generic/header' are matched.&#xD;
&#xD;
2020-11-05 11:54:42 - [TEST_STEP][PASSED] - platform.Method.clickOnElement(findTestObject("Generic/response")): platform.Method.clickOnElement is PASSED&#xD;
&#xD;
2020-11-05 11:54:45 - [MESSAGE][PASSED] - platform.Method.clickOnElement is PASSED&#xD;
&#xD;
2020-11-05 11:54:45 - [TEST_STEP][PASSED] - platform.Method.clickOnElement(findTestObject("Generic/webObjectWithText", ["textValue":"stock_check_template "])): platform.Method.clickOnElement is PASSED&#xD;
&#xD;
2020-11-05 11:54:48 - [MESSAGE][PASSED] - platform.Method.clickOnElement is PASSED&#xD;
&#xD;
2020-11-05 11:54:48 - [TEST_STEP][PASSED] - platform.Method.clickOnElement(findTestObject("Generic/webObjectWithText", ["textValue":"Rich"])): platform.Method.clickOnElement is PASSED&#xD;
&#xD;
2020-11-05 11:54:50 - [MESSAGE][PASSED] - platform.Method.clickOnElement is PASSED&#xD;
&#xD;
2020-11-05 11:54:50 - [TEST_STEP][PASSED] - platform.Method.clickOnElement(findTestObject("NewRepo2/dynamic")): platform.Method.clickOnElement is PASSED&#xD;
&#xD;
2020-11-05 11:54:52 - [MESSAGE][PASSED] - platform.Method.clickOnElement is PASSED&#xD;
&#xD;
2020-11-05 11:54:52 - [TEST_STEP][PASSED] - uploadFile(findTestObject("Input/uploadFile"), getProjectDir() + "/Collection/" + testData.getValue("dynamic_template_file", 3)): File 'D:/IMIbot.ai-Project/Collection/stock_check_template.py' sent to object: 'Object Repository/Input/uploadFile'&#xD;
&#xD;
2020-11-05 11:54:55 - [MESSAGE][PASSED] - File 'D:/IMIbot.ai-Project/Collection/stock_check_template.py' sent to object: 'Object Repository/Input/uploadFile'&#xD;
&#xD;
2020-11-05 11:54:55 - [TEST_STEP][PASSED] - platform.Method.clickOnElement(findTestObject("NewRepo/refresh")): platform.Method.clickOnElement is PASSED&#xD;
&#xD;
2020-11-05 11:54:57 - [MESSAGE][PASSED] - platform.Method.clickOnElement is PASSED&#xD;
&#xD;
2020-11-05 11:54:57 - [TEST_STEP][PASSED] - waitForElementPresent(findTestObject("ICONS/toastMsg"), 15, OPTIONAL): Object 'Object Repository/ICONS/toastMsg' is present&#xD;
&#xD;
2020-11-05 11:55:00 - [MESSAGE][PASSED] - Object 'Object Repository/ICONS/toastMsg' is present</system-out>
            <system-err></system-err>
        </testcase>
        <testcase name="Test Cases/TASK_SSO/downvoteWithComment_Test" classname="Test Cases/TASK_SSO/downvoteWithComment_Test" status="PASSED">
            <system-out>2020-11-05 11:55:00 - [TEST_CASE][PASSED] - Test Cases/TASK_SSO/downvoteWithComment_Test: Test Cases/TASK_SSO/downvoteWithComment_Test&#xD;
&#xD;
2020-11-05 11:55:01 - [TEST_STEP][PASSED] - platform.Method.clickOnElement(findTestObject("Generic/training")): platform.Method.clickOnElement is PASSED&#xD;
&#xD;
2020-11-05 11:55:04 - [MESSAGE][PASSED] - platform.Method.clickOnElement is PASSED&#xD;
&#xD;
2020-11-05 11:55:04 - [TEST_STEP][PASSED] - platform.Method.trainAndComment(comment): platform.Method.trainAndComment is PASSED&#xD;
&#xD;
2020-11-05 11:55:12 - [MESSAGE][PASSED] - Keys 'downvote test' sent to object: 'Object Repository/Input/comment'&#xD;
&#xD;
2020-11-05 11:55:14 - [MESSAGE][PASSED] - platform.Method.trainAndComment is PASSED&#xD;
&#xD;
2020-11-05 11:55:14 - [TEST_STEP][PASSED] - try: Object 'Object Repository/ICONS/toastMsg' is present&#xD;
&#xD;
2020-11-05 11:55:14 - [TEST_STEP][PASSED] - verifyElementPresent(findTestObject("ICONS/toastMsg"), 20, OPTIONAL): Object 'Object Repository/ICONS/toastMsg' is present&#xD;
&#xD;
2020-11-05 11:55:17 - [MESSAGE][PASSED] - Object 'Object Repository/ICONS/toastMsg' is present&#xD;
&#xD;
2020-11-05 11:55:17 - [TEST_STEP][PASSED] - platform.Method.clickOnElement(findTestObject("Button/preview")): platform.Method.clickOnElement is PASSED&#xD;
&#xD;
2020-11-05 11:55:20 - [MESSAGE][PASSED] - platform.Method.clickOnElement is PASSED&#xD;
&#xD;
2020-11-05 11:55:20 - [TEST_STEP][PASSED] - sendKeys(findTestObject("Input/chatInput"), Keys.chord(userQuery, ENTER)): Keys 'ENTER + I want to report for damaged product at delivery' sent to object: 'Object Repository/Input/chatInput'&#xD;
&#xD;
2020-11-05 11:55:24 - [MESSAGE][PASSED] - Keys 'ENTER + I want to report for damaged product at delivery' sent to object: 'Object Repository/Input/chatInput'&#xD;
&#xD;
2020-11-05 11:55:24 - [TEST_STEP][PASSED] - waitForElementPresent(findTestObject("Generic/botReponse", ["index":2]), 10, OPTIONAL): Object 'Object Repository/Generic/botReponse' is present&#xD;
&#xD;
2020-11-05 11:55:26 - [MESSAGE][PASSED] - Object 'Object Repository/Generic/botReponse' is present&#xD;
&#xD;
2020-11-05 11:55:26 - [TEST_STEP][PASSED] - verifyElementText(findTestObject("Generic/botReponse", ["index":2]), botResponse, OPTIONAL): Actual text 'Please enter a product name' and expected text 'Sorry, I am unable to understand your message. Could you please rephrase it?' of test object 'Object Repository/Generic/botReponse' are NOT matched. (Root cause: com.kms.katalon.core.exception.StepFailedException: Actual text 'Please enter a product name' and expected text 'Sorry, I am unable to understand your message. Could you please rephrase it?' of test object 'Object Repository/Generic/botReponse' are NOT matched.&#xD;
	at com.kms.katalon.core.webui.keyword.internal.WebUIKeywordMain.stepFailed(WebUIKeywordMain.groovy:64)&#xD;
	at com.kms.katalon.core.webui.keyword.builtin.VerifyElementTextKeyword$_verifyElementText_closure1.doCall(VerifyElementTextKeyword.groovy:57)&#xD;
	at com.kms.katalon.core.webui.keyword.builtin.VerifyElementTextKeyword$_verifyElementText_closure1.call(VerifyElementTextKeyword.groovy)&#xD;
	at com.kms.katalon.core.webui.keyword.internal.WebUIKeywordMain.runKeyword(WebUIKeywordMain.groovy:20)&#xD;
	at com.kms.katalon.core.webui.keyword.builtin.VerifyElementTextKeyword.verifyElementText(VerifyElementTextKeyword.groovy:72)&#xD;
	at com.kms.katalon.core.webui.keyword.builtin.VerifyElementTextKeyword.execute(VerifyElementTextKeyword.groovy:40)&#xD;
	at com.kms.katalon.core.keyword.internal.KeywordExecutor.executeKeywordForPlatform(KeywordExecutor.groovy:56)&#xD;
	at com.kms.katalon.core.webui.keyword.WebUiBuiltInKeywords.verifyElementText(WebUiBuiltInKeywords.groovy:3647)&#xD;
	at com.kms.katalon.core.webui.keyword.WebUiBuiltInKeywords$verifyElementText$5.call(Unknown Source)&#xD;
	at downvoteWithComment_Test.run(downvoteWithComment_Test:38)&#xD;
	at com.kms.katalon.core.main.ScriptEngine.run(ScriptEngine.java:194)&#xD;
	at com.kms.katalon.core.main.ScriptEngine.runScriptAsRawText(ScriptEngine.java:119)&#xD;
	at com.kms.katalon.core.main.TestCaseExecutor.runScript(TestCaseExecutor.java:337)&#xD;
	at com.kms.katalon.core.main.TestCaseExecutor.doExecute(TestCaseExecutor.java:328)&#xD;
	at com.kms.katalon.core.main.TestCaseExecutor.processExecutionPhase(TestCaseExecutor.java:307)&#xD;
	at com.kms.katalon.core.main.TestCaseExecutor.accessMainPhase(TestCaseExecutor.java:299)&#xD;
	at com.kms.katalon.core.main.TestCaseExecutor.execute(TestCaseExecutor.java:233)&#xD;
	at com.kms.katalon.core.main.TestSuiteExecutor.accessTestCaseMainPhase(TestSuiteExecutor.java:169)&#xD;
	at com.kms.katalon.core.main.TestSuiteExecutor.accessTestSuiteMainPhase(TestSuiteExecutor.java:142)&#xD;
	at com.kms.katalon.core.main.TestSuiteExecutor.execute(TestSuiteExecutor.java:91)&#xD;
	at com.kms.katalon.core.main.TestCaseMain.startTestSuite(TestCaseMain.java:157)&#xD;
	at com.kms.katalon.core.main.TestCaseMain$startTestSuite$0.call(Unknown Source)&#xD;
	at TempTestSuite1604556661353.run(TempTestSuite1604556661353.groovy:35)&#xD;
)&#xD;
&#xD;
2020-11-05 11:55:31 - [MESSAGE][WARNING] - Actual text 'Please enter a product name' and expected text 'Sorry, I am unable to understand your message. Could you please rephrase it?' of test object 'Object Repository/Generic/botReponse' are NOT matched. (Root cause: com.kms.katalon.core.exception.StepFailedException: Actual text 'Please enter a product name' and expected text 'Sorry, I am unable to understand your message. Could you please rephrase it?' of test object 'Object Repository/Generic/botReponse' are NOT matched.&#xD;
	at com.kms.katalon.core.webui.keyword.internal.WebUIKeywordMain.stepFailed(WebUIKeywordMain.groovy:64)&#xD;
	at com.kms.katalon.core.webui.keyword.builtin.VerifyElementTextKeyword$_verifyElementText_closure1.doCall(VerifyElementTextKeyword.groovy:57)&#xD;
	at com.kms.katalon.core.webui.keyword.builtin.VerifyElementTextKeyword$_verifyElementText_closure1.call(VerifyElementTextKeyword.groovy)&#xD;
	at com.kms.katalon.core.webui.keyword.internal.WebUIKeywordMain.runKeyword(WebUIKeywordMain.groovy:20)&#xD;
	at com.kms.katalon.core.webui.keyword.builtin.VerifyElementTextKeyword.verifyElementText(VerifyElementTextKeyword.groovy:72)&#xD;
	at com.kms.katalon.core.webui.keyword.builtin.VerifyElementTextKeyword.execute(VerifyElementTextKeyword.groovy:40)&#xD;
	at com.kms.katalon.core.keyword.internal.KeywordExecutor.executeKeywordForPlatform(KeywordExecutor.groovy:56)&#xD;
	at com.kms.katalon.core.webui.keyword.WebUiBuiltInKeywords.verifyElementText(WebUiBuiltInKeywords.groovy:3647)&#xD;
	at com.kms.katalon.core.webui.keyword.WebUiBuiltInKeywords$verifyElementText$5.call(Unknown Source)&#xD;
	at downvoteWithComment_Test.run(downvoteWithComment_Test:38)&#xD;
	at com.kms.katalon.core.main.ScriptEngine.run(ScriptEngine.java:194)&#xD;
	at com.kms.katalon.core.main.ScriptEngine.runScriptAsRawText(ScriptEngine.java:119)&#xD;
	at com.kms.katalon.core.main.TestCaseExecutor.runScript(TestCaseExecutor.java:337)&#xD;
	at com.kms.katalon.core.main.TestCaseExecutor.doExecute(TestCaseExecutor.java:328)&#xD;
	at com.kms.katalon.core.main.TestCaseExecutor.processExecutionPhase(TestCaseExecutor.java:307)&#xD;
	at com.kms.katalon.core.main.TestCaseExecutor.accessMainPhase(TestCaseExecutor.java:299)&#xD;
	at com.kms.katalon.core.main.TestCaseExecutor.execute(TestCaseExecutor.java:233)&#xD;
	at com.kms.katalon.core.main.TestSuiteExecutor.accessTestCaseMainPhase(TestSuiteExecutor.java:169)&#xD;
	at com.kms.katalon.core.main.TestSuiteExecutor.accessTestSuiteMainPhase(TestSuiteExecutor.java:142)&#xD;
	at com.kms.katalon.core.main.TestSuiteExecutor.execute(TestSuiteExecutor.java:91)&#xD;
	at com.kms.katalon.core.main.TestCaseMain.startTestSuite(TestCaseMain.java:157)&#xD;
	at com.kms.katalon.core.main.TestCaseMain$startTestSuite$0.call(Unknown Source)&#xD;
	at TempTestSuite1604556661353.run(TempTestSuite1604556661353.groovy:35)&#xD;
)&#xD;
[[ATTACHMENT|D:\\IMIbot.ai-Project\\Reports\\20201105_114059\\TASK_SSO\\20201105_114101\\1604557529205.png]]&#xD;
&#xD;
2020-11-05 11:55:31 - [TEST_STEP][PASSED] - platform.Preview.downvoteResponseWithComment(findTestData("Data Files/testData_Task").getValue("comment", 3)): platform.Preview.downvoteResponseWithComment is PASSED&#xD;
&#xD;
2020-11-05 11:55:34 - [MESSAGE][PASSED] - Object: 'Object Repository/Button/downvote' is clicked on&#xD;
&#xD;
2020-11-05 11:55:37 - [MESSAGE][PASSED] - Keys 'Bot response is not relevant to my query' sent to object: 'Object Repository/Input/downvoteComment'&#xD;
&#xD;
2020-11-05 11:55:40 - [MESSAGE][PASSED] - platform.Preview.downvoteResponseWithComment is PASSED&#xD;
&#xD;
2020-11-05 11:55:40 - [TEST_STEP][PASSED] - getRoomIdAt = new java.util.ArrayList(): null&#xD;
&#xD;
2020-11-05 11:55:40 - [TEST_STEP][PASSED] - getRoomIdAt = platform.Utility.getRoomID(): platform.Utility.getRoomID is PASSED&#xD;
&#xD;
2020-11-05 11:55:47 - [MESSAGE][PASSED] - platform.Utility.getRoomID is PASSED&#xD;
&#xD;
2020-11-05 11:55:47 - [TEST_STEP][PASSED] - roomID = get(0).toString(): null&#xD;
&#xD;
2020-11-05 11:55:47 - [TEST_STEP][PASSED] - platform.Utility.overWriteTestData("Task bot", 1, 0, roomID): platform.Utility.overWriteTestData is PASSED&#xD;
&#xD;
2020-11-05 11:55:48 - [MESSAGE][PASSED] - platform.Utility.overWriteTestData is PASSED&#xD;
&#xD;
2020-11-05 11:55:48 - [TEST_STEP][PASSED] - platform.Method.clickOnElement(findTestObject("Generic/session")): platform.Method.clickOnElement is PASSED&#xD;
&#xD;
2020-11-05 11:55:50 - [MESSAGE][PASSED] - platform.Method.clickOnElement is PASSED&#xD;
&#xD;
2020-11-05 11:55:50 - [TEST_STEP][PASSED] - platform.Method.clickOnElement(findTestObject("GenericII/minimize")): platform.Method.clickOnElement is PASSED&#xD;
&#xD;
2020-11-05 11:55:53 - [MESSAGE][PASSED] - platform.Method.clickOnElement is PASSED&#xD;
&#xD;
2020-11-05 11:55:53 - [TEST_STEP][PASSED] - setText(findTestObject("Input/roomID", ["value":"id"]), roomID): Text '1988052' is set on object 'Object Repository/Input/roomID'&#xD;
&#xD;
2020-11-05 11:55:58 - [MESSAGE][PASSED] - Text '1988052' is set on object 'Object Repository/Input/roomID'&#xD;
&#xD;
2020-11-05 11:55:58 - [TEST_STEP][PASSED] - platform.Method.clickOnElement(findTestObject("Button/submitSession")): platform.Method.clickOnElement is PASSED&#xD;
&#xD;
2020-11-05 11:56:01 - [MESSAGE][PASSED] - platform.Method.clickOnElement is PASSED&#xD;
&#xD;
2020-11-05 11:56:01 - [TEST_STEP][PASSED] - platform.Method.clickOnElement(findTestObject("Generic/webObjectWithText", ["textValue":roomID])): platform.Method.clickOnElement is PASSED&#xD;
&#xD;
2020-11-05 11:56:03 - [MESSAGE][PASSED] - platform.Method.clickOnElement is PASSED&#xD;
&#xD;
2020-11-05 11:56:03 - [TEST_STEP][PASSED] - mouseOver(findTestObject("Generic/webObjectWithText", ["textValue":"Downvoted with comment"])): Object: 'Object Repository/Generic/webObjectWithText' is hovered&#xD;
&#xD;
2020-11-05 11:56:07 - [MESSAGE][PASSED] - Object: 'Object Repository/Generic/webObjectWithText' is hovered&#xD;
&#xD;
2020-11-05 11:56:07 - [TEST_STEP][PASSED] - verifyElementPresent(findTestObject("Generic/webObjectWithText", ["textValue":"Downvoted with comment"]), 10, CONTINUE_ON_FAILURE): Object 'Object Repository/Generic/webObjectWithText' is present&#xD;
&#xD;
2020-11-05 11:56:09 - [MESSAGE][PASSED] - Object 'Object Repository/Generic/webObjectWithText' is present&#xD;
&#xD;
2020-11-05 11:56:09 - [TEST_STEP][PASSED] - platform.Method.clickOnElement(findTestObject("GenericII/closePopup")): platform.Method.clickOnElement is PASSED&#xD;
&#xD;
2020-11-05 11:56:12 - [MESSAGE][PASSED] - platform.Method.clickOnElement is PASSED</system-out>
            <system-err></system-err>
        </testcase>
        <testcase name="Test Cases/TASK_SSO/createNewIntentCuration_Test" classname="Test Cases/TASK_SSO/createNewIntentCuration_Test" status="PASSED">
            <system-out>2020-11-05 11:56:12 - [TEST_CASE][PASSED] - Test Cases/TASK_SSO/createNewIntentCuration_Test: Test Cases/TASK_SSO/createNewIntentCuration_Test&#xD;
&#xD;
2020-11-05 11:56:13 - [TEST_STEP][PASSED] - platform.Method.clickOnElement(findTestObject("Generic/curation")): platform.Method.clickOnElement is PASSED&#xD;
&#xD;
2020-11-05 11:56:17 - [MESSAGE][PASSED] - platform.Method.clickOnElement is PASSED&#xD;
&#xD;
2020-11-05 11:56:17 - [TEST_STEP][PASSED] - testData = findTestData("Data Files/testData_Task"): null&#xD;
&#xD;
2020-11-05 11:56:17 - [TEST_STEP][PASSED] - platform.Method.clickOnElement(findTestObject("Generic/webObjectWithText", ["textValue":"Issues"])): platform.Method.clickOnElement is PASSED&#xD;
&#xD;
2020-11-05 11:56:20 - [MESSAGE][PASSED] - platform.Method.clickOnElement is PASSED&#xD;
&#xD;
2020-11-05 11:56:20 - [TEST_STEP][PASSED] - sendKeys(findTestObject("Input/roomID", ["value":"room_id"]), testData.getValue("room_id", 1)): Keys '1988052' sent to object: 'Object Repository/Input/roomID'&#xD;
&#xD;
2020-11-05 11:56:23 - [MESSAGE][PASSED] - Keys '1988052' sent to object: 'Object Repository/Input/roomID'&#xD;
&#xD;
2020-11-05 11:56:23 - [TEST_STEP][PASSED] - platform.Method.clickOnElement(findTestObject("Button/filter")): platform.Method.clickOnElement is PASSED&#xD;
&#xD;
2020-11-05 11:56:25 - [MESSAGE][PASSED] - platform.Method.clickOnElement is PASSED&#xD;
&#xD;
2020-11-05 11:56:25 - [TEST_STEP][PASSED] - verifyElementPresent(findTestObject("ICONS/downvote"), 10, CONTINUE_ON_FAILURE): Object 'Object Repository/ICONS/downvote' is present&#xD;
&#xD;
2020-11-05 11:56:27 - [MESSAGE][PASSED] - Object 'Object Repository/ICONS/downvote' is present&#xD;
&#xD;
2020-11-05 11:56:27 - [TEST_STEP][PASSED] - platform.Method.clickOnElement(findTestObject("Button/addToNewIntent")): platform.Method.clickOnElement is PASSED&#xD;
&#xD;
2020-11-05 11:56:30 - [MESSAGE][PASSED] - platform.Method.clickOnElement is PASSED&#xD;
&#xD;
2020-11-05 11:56:30 - [TEST_STEP][PASSED] - verifyElementText(findTestObject("Generic/header"), "Create intent", CONTINUE_ON_FAILURE): Actual text and expected text of test object 'Object Repository/Generic/header' are matched.&#xD;
&#xD;
2020-11-05 11:56:33 - [MESSAGE][PASSED] - Actual text and expected text of test object 'Object Repository/Generic/header' are matched.&#xD;
&#xD;
2020-11-05 11:56:33 - [TEST_STEP][PASSED] - sendKeys(findTestObject("Input/intentName"), testData.getValue("intent_name", 4)): Keys 'report_complain' sent to object: 'Object Repository/Input/intentName'&#xD;
&#xD;
2020-11-05 11:56:36 - [MESSAGE][PASSED] - Keys 'report_complain' sent to object: 'Object Repository/Input/intentName'&#xD;
&#xD;
2020-11-05 11:56:36 - [TEST_STEP][PASSED] - platform.Method.clickOnElement(findTestObject("Slots/linkEntity")): platform.Method.clickOnElement is PASSED&#xD;
&#xD;
2020-11-05 11:56:38 - [MESSAGE][PASSED] - platform.Method.clickOnElement is PASSED&#xD;
&#xD;
2020-11-05 11:56:38 - [TEST_STEP][PASSED] - platform.Method.clickOnElement(findTestObject("Generic/webObjectWithText", ["textValue":"order_id"])): platform.Method.clickOnElement is PASSED&#xD;
&#xD;
2020-11-05 11:56:41 - [MESSAGE][PASSED] - platform.Method.clickOnElement is PASSED&#xD;
&#xD;
2020-11-05 11:56:41 - [TEST_STEP][PASSED] - check(findTestObject("Slots/checkbox", ["rowValue":1])): Object 'Object Repository/Slots/checkbox' is checked&#xD;
&#xD;
2020-11-05 11:56:45 - [MESSAGE][PASSED] - Object 'Object Repository/Slots/checkbox' is checked&#xD;
&#xD;
2020-11-05 11:56:45 - [TEST_STEP][PASSED] - setText(findTestObject("Slots/retries", ["rowValue":1]), "2"): Text '2' is set on object 'Object Repository/Slots/retries'&#xD;
&#xD;
2020-11-05 11:56:49 - [MESSAGE][PASSED] - Text '2' is set on object 'Object Repository/Slots/retries'&#xD;
&#xD;
2020-11-05 11:56:49 - [TEST_STEP][PASSED] - setText(findTestObject("Slots/templateKey", ["rowValue":1]), testData.getValue("missing_entity", 2)): Text 'missing_order_id' is set on object 'Object Repository/Slots/templateKey'&#xD;
&#xD;
2020-11-05 11:56:53 - [MESSAGE][PASSED] - Text 'missing_order_id' is set on object 'Object Repository/Slots/templateKey'&#xD;
&#xD;
2020-11-05 11:56:53 - [TEST_STEP][PASSED] - platform.Training.createInstantResponse(findTestData("Data Files/testData_Task").getValue("missing_entity", 2), testData.getValue("missing_entity_default_text", 2)): platform.Training.createInstantResponse is PASSED&#xD;
&#xD;
2020-11-05 11:56:58 - [MESSAGE][PASSED] - Keys 'missing_order_id' sent to object: 'Object Repository/NewRepo2/templateKeyPopUp'&#xD;
&#xD;
2020-11-05 11:57:00 - [MESSAGE][PASSED] - Keys 'Please enter your order id' sent to object: 'Object Repository/NewRepo2/templateResponsePopUp'&#xD;
&#xD;
2020-11-05 11:57:03 - [MESSAGE][PASSED] - platform.Training.createInstantResponse is PASSED&#xD;
&#xD;
2020-11-05 11:57:03 - [TEST_STEP][PASSED] - platform.Method.clickOnElement(findTestObject("Generic/webObjectWithText", ["textValue":testData.getValue("missing_entity", 2)])): platform.Method.clickOnElement is PASSED&#xD;
&#xD;
2020-11-05 11:57:05 - [MESSAGE][PASSED] - platform.Method.clickOnElement is PASSED&#xD;
&#xD;
2020-11-05 11:57:05 - [TEST_STEP][PASSED] - sendKeys(findTestObject("Input/finalTempKey"), testData.getValue("final_template", 2)): Keys 'regret_message' sent to object: 'Object Repository/Input/finalTempKey'&#xD;
&#xD;
2020-11-05 11:57:07 - [MESSAGE][PASSED] - Keys 'regret_message' sent to object: 'Object Repository/Input/finalTempKey'&#xD;
&#xD;
2020-11-05 11:57:07 - [TEST_STEP][PASSED] - platform.Training.createInstantResponse(findTestData("Data Files/testData_Task").getValue("missing_entity", 3), testData.getValue("missing_entity_default_text", 3)): platform.Training.createInstantResponse is PASSED&#xD;
&#xD;
2020-11-05 11:57:12 - [MESSAGE][PASSED] - Keys 'regret_message' sent to object: 'Object Repository/NewRepo2/templateKeyPopUp'&#xD;
&#xD;
2020-11-05 11:57:15 - [MESSAGE][PASSED] - Keys 'Sorry for the inconvenience caused. We are escalating your request. An agent will be assigned to you shortly.' sent to object: 'Object Repository/NewRepo2/templateResponsePopUp'&#xD;
&#xD;
2020-11-05 11:57:17 - [MESSAGE][PASSED] - platform.Training.createInstantResponse is PASSED&#xD;
&#xD;
2020-11-05 11:57:17 - [TEST_STEP][PASSED] - platform.Method.clickOnElement(findTestObject("Button/save", ["value":" Save "])): platform.Method.clickOnElement is PASSED&#xD;
&#xD;
2020-11-05 11:57:19 - [MESSAGE][PASSED] - platform.Method.clickOnElement is PASSED&#xD;
&#xD;
2020-11-05 11:57:19 - [TEST_STEP][PASSED] - platform.Method.trainAndComment(testData.getValue("comment", 4)): platform.Method.trainAndComment is PASSED&#xD;
&#xD;
2020-11-05 11:57:27 - [MESSAGE][PASSED] - Keys 'complain intent created' sent to object: 'Object Repository/Input/comment'&#xD;
&#xD;
2020-11-05 11:57:29 - [MESSAGE][PASSED] - platform.Method.trainAndComment is PASSED&#xD;
&#xD;
2020-11-05 11:57:29 - [TEST_STEP][PASSED] - verifyElementPresent(findTestObject("ICONS/toastMsg"), 20, CONTINUE_ON_FAILURE): Object 'Object Repository/ICONS/toastMsg' is present&#xD;
&#xD;
2020-11-05 11:57:31 - [MESSAGE][PASSED] - Object 'Object Repository/ICONS/toastMsg' is present&#xD;
&#xD;
2020-11-05 11:57:31 - [TEST_STEP][PASSED] - platform.Method.clickOnElement(findTestObject("Button/preview")): platform.Method.clickOnElement is PASSED&#xD;
&#xD;
2020-11-05 11:57:33 - [MESSAGE][PASSED] - platform.Method.clickOnElement is PASSED&#xD;
&#xD;
2020-11-05 11:57:33 - [TEST_STEP][PASSED] - sendKeys(findTestObject("Input/chatInput"), Keys.chord(userQuery, ENTER)): Keys 'ENTER + report for damaged product' sent to object: 'Object Repository/Input/chatInput'&#xD;
&#xD;
2020-11-05 11:57:35 - [MESSAGE][PASSED] - Keys 'ENTER + report for damaged product' sent to object: 'Object Repository/Input/chatInput'&#xD;
&#xD;
2020-11-05 11:57:35 - [TEST_STEP][PASSED] - delay(2): Delayed 2 second(s)&#xD;
&#xD;
2020-11-05 11:57:37 - [MESSAGE][PASSED] - Delayed 2 second(s)&#xD;
&#xD;
2020-11-05 11:57:37 - [TEST_STEP][PASSED] - verifyElementText(findTestObject("GenericII/getBotResponse", ["index":2]), testData.getValue("missing_entity_default_text", 2), CONTINUE_ON_FAILURE): Actual text and expected text of test object 'Object Repository/GenericII/getBotResponse' are matched.&#xD;
&#xD;
2020-11-05 11:57:39 - [MESSAGE][PASSED] - Actual text and expected text of test object 'Object Repository/GenericII/getBotResponse' are matched.&#xD;
&#xD;
2020-11-05 11:57:39 - [TEST_STEP][PASSED] - sendKeys(findTestObject("Input/chatInput"), Keys.chord("00001234", ENTER)): Keys 'ENTER + 00001234' sent to object: 'Object Repository/Input/chatInput'&#xD;
&#xD;
2020-11-05 11:57:42 - [MESSAGE][PASSED] - Keys 'ENTER + 00001234' sent to object: 'Object Repository/Input/chatInput'&#xD;
&#xD;
2020-11-05 11:57:42 - [TEST_STEP][PASSED] - verifyElementText(findTestObject("GenericII/getBotResponse", ["index":3]), testData.getValue("missing_entity_default_text", 3), CONTINUE_ON_FAILURE): Actual text and expected text of test object 'Object Repository/GenericII/getBotResponse' are matched.&#xD;
&#xD;
2020-11-05 11:57:45 - [MESSAGE][PASSED] - Actual text and expected text of test object 'Object Repository/GenericII/getBotResponse' are matched.&#xD;
&#xD;
2020-11-05 11:57:45 - [TEST_STEP][PASSED] - platform.Method.clickOnElement(findTestObject("Button/upvote")): platform.Method.clickOnElement is PASSED&#xD;
&#xD;
2020-11-05 11:57:48 - [MESSAGE][PASSED] - platform.Method.clickOnElement is PASSED&#xD;
&#xD;
2020-11-05 11:57:48 - [TEST_STEP][PASSED] - platform.Method.clickOnElement(findTestObject("GenericII/minimize")): platform.Method.clickOnElement is PASSED&#xD;
&#xD;
2020-11-05 11:57:50 - [MESSAGE][PASSED] - platform.Method.clickOnElement is PASSED</system-out>
            <system-err></system-err>
        </testcase>
        <testcase name="Test Cases/TASK_SSO/newIntentCreation_WO_TemplateKeyCreationInCuration" classname="Test Cases/TASK_SSO/newIntentCreation_WO_TemplateKeyCreationInCuration" status="FAILED">
[...]
&#xD;
2020-11-05 12:15:55 - [MESSAGE][PASSED] - platform.ResponseDesigner.deleteSecondaryTemplate is PASSED</system-out>
            <system-err></system-err>
        </testcase>
        <testcase name="Test Cases/Sprint/v4.3/appleBusinessChatFieldTestForTaskbot" classname="Test Cases/Sprint/v4.3/appleBusinessChatFieldTestForTaskbot" status="PASSED">
            <system-out>2020-11-05 12:15:55 - [TEST_CASE][PASSED] - Test Cases/Sprint/v4.3/appleBusinessChatFieldTestForTaskbot: Test Cases/Sprint/v4.3/appleBusinessChatFieldTestForTaskbot&#xD;
&#xD;
2020-11-05 12:15:56 - [TEST_STEP][PASSED] - platform.ResponseDesigner.addChannelToResponse(" Apple Business Chat"): platform.ResponseDesigner.addChannelToResponse is PASSED&#xD;
&#xD;
2020-11-05 12:16:02 - [MESSAGE][PASSED] - platform.ResponseDesigner.addChannelToResponse is PASSED&#xD;
&#xD;
2020-11-05 12:16:02 - [TEST_STEP][PASSED] - assert platform.AppleBusinessChat.verifyListpickerOnTemplate() == true: platform.AppleBusinessChat.verifyListpickerOnTemplate is PASSED&#xD;
&#xD;
2020-11-05 12:16:04 - [MESSAGE][PASSED] - Object 'Object Repository/ICONS/listPickerABC' is visible&#xD;
&#xD;
2020-11-05 12:16:04 - [MESSAGE][PASSED] - platform.AppleBusinessChat.verifyListpickerOnTemplate is PASSED&#xD;
&#xD;
2020-11-05 12:16:04 - [TEST_STEP][PASSED] - platform.ResponseDesigner.addListpickerResponse(): platform.ResponseDesigner.addListpickerResponse is PASSED&#xD;
&#xD;
2020-11-05 12:16:07 - [MESSAGE][PASSED] - platform.ResponseDesigner.addListpickerResponse is PASSED&#xD;
&#xD;
2020-11-05 12:16:07 - [TEST_STEP][PASSED] - assert platform.AppleBusinessChat.verifyListpickerOnAddition(findTestObject("WEB_OBJECTS/templateHeader", ["index":2])) == true: platform.AppleBusinessChat.verifyListpickerOnAddition is PASSED&#xD;
&#xD;
2020-11-05 12:16:10 - [MESSAGE][PASSED] - Actual text and expected text of test object 'Object Repository/WEB_OBJECTS/templateHeader' are matched.&#xD;
&#xD;
2020-11-05 12:16:10 - [MESSAGE][PASSED] - platform.AppleBusinessChat.verifyListpickerOnAddition is PASSED&#xD;
&#xD;
2020-11-05 12:16:10 - [TEST_STEP][PASSED] - platform.AppleBusinessChat.setListPickerTitle(""): platform.AppleBusinessChat.setListPickerTitle is PASSED&#xD;
&#xD;
2020-11-05 12:16:16 - [MESSAGE][PASSED] - Text '' is set on object 'Object Repository/AppleBusinessChat/title'&#xD;
&#xD;
2020-11-05 12:16:16 - [MESSAGE][PASSED] - platform.AppleBusinessChat.setListPickerTitle is PASSED&#xD;
&#xD;
2020-11-05 12:16:16 - [TEST_STEP][PASSED] - platform.Method.removeFocus(findTestObject("AppleBusinessChat/title")): platform.Method.removeFocus is PASSED&#xD;
&#xD;
2020-11-05 12:16:18 - [MESSAGE][PASSED] - platform.Method.removeFocus is PASSED&#xD;
&#xD;
2020-11-05 12:16:18 - [TEST_STEP][PASSED] - verifyElementPresent(findTestObject("WEB_OBJECTS/alertRequired"), 20, CONTINUE_ON_FAILURE): Object 'Object Repository/WEB_OBJECTS/alertRequired' is present&#xD;
&#xD;
2020-11-05 12:16:19 - [MESSAGE][PASSED] - Object 'Object Repository/WEB_OBJECTS/alertRequired' is present&#xD;
&#xD;
2020-11-05 12:16:19 - [TEST_STEP][PASSED] - platform.AppleBusinessChat.setListPickerTitle(" "): platform.AppleBusinessChat.setListPickerTitle is PASSED&#xD;
&#xD;
2020-11-05 12:16:25 - [MESSAGE][PASSED] - Text ' ' is set on object 'Object Repository/AppleBusinessChat/title'&#xD;
&#xD;
2020-11-05 12:16:25 - [MESSAGE][PASSED] - platform.AppleBusinessChat.setListPickerTitle is PASSED&#xD;
&#xD;
2020-11-05 12:16:25 - [TEST_STEP][PASSED] - platform.Method.removeFocus(findTestObject("AppleBusinessChat/title")): platform.Method.removeFocus is PASSED&#xD;
&#xD;
2020-11-05 12:16:28 - [MESSAGE][PASSED] - platform.Method.removeFocus is PASSED&#xD;
&#xD;
2020-11-05 12:16:28 - [TEST_STEP][PASSED] - verifyElementPresent(findTestObject("WEB_OBJECTS/alertInvalidData"), 20, CONTINUE_ON_FAILURE): Object 'Object Repository/WEB_OBJECTS/alertInvalidData' is present&#xD;
&#xD;
2020-11-05 12:16:29 - [MESSAGE][PASSED] - Object 'Object Repository/WEB_OBJECTS/alertInvalidData' is present&#xD;
&#xD;
2020-11-05 12:16:29 - [TEST_STEP][PASSED] - platform.AppleBusinessChat.setListPickerTitle(testData): platform.AppleBusinessChat.setListPickerTitle is PASSED&#xD;
&#xD;
2020-11-05 12:16:47 - [MESSAGE][PASSED] - Text 'I want to test that number of characters in this sentence so that a maximum of 512 character can be known. I want to test that number of characters in this sentence so that a maximum of 512 character can be known. I want to test that number of characters in this sentence so that a maximum of 512 character can be known. I want to test that number of characters in this sentence so that a maximum of 512 character can be known. I want to test that number of characters in this sentence so that a maximum of 512...' is set on object 'Object Repository/AppleBusinessChat/title'&#xD;
&#xD;
2020-11-05 12:16:47 - [MESSAGE][PASSED] - platform.AppleBusinessChat.setListPickerTitle is PASSED&#xD;
&#xD;
2020-11-05 12:16:47 - [TEST_STEP][PASSED] - verifyElementPresent(findTestObject("WEB_OBJECTS/alertMaxCharacter"), 20, CONTINUE_ON_FAILURE): Object 'Object Repository/WEB_OBJECTS/alertMaxCharacter' is present&#xD;
&#xD;
2020-11-05 12:16:48 - [MESSAGE][PASSED] - Object 'Object Repository/WEB_OBJECTS/alertMaxCharacter' is present&#xD;
&#xD;
2020-11-05 12:16:48 - [TEST_STEP][PASSED] - platform.AppleBusinessChat.setListPickerTitle("dummy data"): platform.AppleBusinessChat.setListPickerTitle is PASSED&#xD;
&#xD;
2020-11-05 12:16:54 - [MESSAGE][PASSED] - Text 'dummy data' is set on object 'Object Repository/AppleBusinessChat/title'&#xD;
&#xD;
2020-11-05 12:16:54 - [MESSAGE][PASSED] - platform.AppleBusinessChat.setListPickerTitle is PASSED&#xD;
&#xD;
2020-11-05 12:16:54 - [TEST_STEP][PASSED] - platform.AppleBusinessChat.setListPickerReplyTitle(""): platform.AppleBusinessChat.setListPickerReplyTitle is PASSED&#xD;
&#xD;
2020-11-05 12:17:00 - [MESSAGE][PASSED] - Text '' is set on object 'Object Repository/AppleBusinessChat/replyTitle'&#xD;
&#xD;
2020-11-05 12:17:00 - [MESSAGE][PASSED] - platform.AppleBusinessChat.setListPickerReplyTitle is PASSED&#xD;
&#xD;
2020-11-05 12:17:00 - [TEST_STEP][PASSED] - platform.Method.removeFocus(findTestObject("AppleBusinessChat/replyTitle")): platform.Method.removeFocus is PASSED&#xD;
&#xD;
2020-11-05 12:17:03 - [MESSAGE][PASSED] - platform.Method.removeFocus is PASSED&#xD;
&#xD;
2020-11-05 12:17:03 - [TEST_STEP][PASSED] - verifyElementPresent(findTestObject("WEB_OBJECTS/alertRequired"), 20, CONTINUE_ON_FAILURE): Object 'Object Repository/WEB_OBJECTS/alertRequired' is present&#xD;
&#xD;
2020-11-05 12:17:04 - [MESSAGE][PASSED] - Object 'Object Repository/WEB_OBJECTS/alertRequired' is present&#xD;
&#xD;
2020-11-05 12:17:04 - [TEST_STEP][PASSED] - platform.AppleBusinessChat.setListPickerReplyTitle(" "): platform.AppleBusinessChat.setListPickerReplyTitle is PASSED&#xD;
&#xD;
2020-11-05 12:17:11 - [MESSAGE][PASSED] - Text ' ' is set on object 'Object Repository/AppleBusinessChat/replyTitle'&#xD;
&#xD;
2020-11-05 12:17:11 - [MESSAGE][PASSED] - platform.AppleBusinessChat.setListPickerReplyTitle is PASSED&#xD;
&#xD;
2020-11-05 12:17:11 - [TEST_STEP][PASSED] - platform.Method.removeFocus(findTestObject("AppleBusinessChat/replyTitle")): platform.Method.removeFocus is PASSED&#xD;
&#xD;
2020-11-05 12:17:13 - [MESSAGE][PASSED] - platform.Method.removeFocus is PASSED&#xD;
&#xD;
2020-11-05 12:17:13 - [TEST_STEP][PASSED] - verifyElementPresent(findTestObject("WEB_OBJECTS/alertInvalidData"), 20, CONTINUE_ON_FAILURE): Object 'Object Repository/WEB_OBJECTS/alertInvalidData' is present&#xD;
&#xD;
2020-11-05 12:17:14 - [MESSAGE][PASSED] - Object 'Object Repository/WEB_OBJECTS/alertInvalidData' is present&#xD;
&#xD;
2020-11-05 12:17:14 - [TEST_STEP][PASSED] - platform.AppleBusinessChat.setListPickerReplyTitle(testData): platform.AppleBusinessChat.setListPickerReplyTitle is PASSED&#xD;
&#xD;
2020-11-05 12:17:43 - [MESSAGE][PASSED] - Text 'I want to test that number of characters in this sentence so that a maximum of 512 character can be known. I want to test that number of characters in this sentence so that a maximum of 512 character can be known. I want to test that number of characters in this sentence so that a maximum of 512 character can be known. I want to test that number of characters in this sentence so that a maximum of 512 character can be known. I want to test that number of characters in this sentence so that a maximum of 512...' is set on object 'Object Repository/AppleBusinessChat/replyTitle'&#xD;
&#xD;
2020-11-05 12:17:43 - [MESSAGE][PASSED] - platform.AppleBusinessChat.setListPickerReplyTitle is PASSED&#xD;
&#xD;
2020-11-05 12:17:43 - [TEST_STEP][PASSED] - verifyElementPresent(findTestObject("WEB_OBJECTS/alertMaxCharacter"), 20, CONTINUE_ON_FAILURE): Object 'Object Repository/WEB_OBJECTS/alertMaxCharacter' is present&#xD;
&#xD;
2020-11-05 12:17:45 - [MESSAGE][PASSED] - Object 'Object Repository/WEB_OBJECTS/alertMaxCharacter' is present&#xD;
&#xD;
2020-11-05 12:17:45 - [TEST_STEP][PASSED] - platform.AppleBusinessChat.setListPickerTitle("dummy reply title"): platform.AppleBusinessChat.setListPickerTitle is PASSED&#xD;
&#xD;
2020-11-05 12:17:51 - [MESSAGE][PASSED] - Text 'dummy reply title' is set on object 'Object Repository/AppleBusinessChat/title'&#xD;
&#xD;
2020-11-05 12:17:51 - [MESSAGE][PASSED] - platform.AppleBusinessChat.setListPickerTitle is PASSED&#xD;
&#xD;
2020-11-05 12:17:51 - [TEST_STEP][PASSED] - platform.Method.clickOnElement(findTestObject("AppleBusinessChat/listSection")): platform.Method.clickOnElement is PASSED&#xD;
&#xD;
2020-11-05 12:17:53 - [MESSAGE][PASSED] - platform.Method.clickOnElement is PASSED&#xD;
&#xD;
2020-11-05 12:17:53 - [TEST_STEP][PASSED] - platform.AppleBusinessChat.setListTitle("1", ""): platform.AppleBusinessChat.setListTitle is PASSED&#xD;
&#xD;
2020-11-05 12:17:59 - [MESSAGE][PASSED] - Text '' is set on object 'Object Repository/AppleBusinessChat/listTitle'&#xD;
&#xD;
2020-11-05 12:17:59 - [MESSAGE][PASSED] - platform.AppleBusinessChat.setListTitle is PASSED&#xD;
&#xD;
2020-11-05 12:17:59 - [TEST_STEP][PASSED] - platform.Method.removeFocus(findTestObject("AppleBusinessChat/listTitle", ["index":"1"])): platform.Method.removeFocus is PASSED&#xD;
&#xD;
2020-11-05 12:18:02 - [MESSAGE][PASSED] - platform.Method.removeFocus is PASSED&#xD;
&#xD;
2020-11-05 12:18:02 - [TEST_STEP][PASSED] - verifyElementPresent(findTestObject("WEB_OBJECTS/alertRequired"), 20, CONTINUE_ON_FAILURE): Object 'Object Repository/WEB_OBJECTS/alertRequired' is present&#xD;
&#xD;
2020-11-05 12:18:03 - [MESSAGE][PASSED] - Object 'Object Repository/WEB_OBJECTS/alertRequired' is present&#xD;
&#xD;
2020-11-05 12:18:03 - [TEST_STEP][PASSED] - platform.AppleBusinessChat.setListTitle("1", " "): platform.AppleBusinessChat.setListTitle is PASSED&#xD;
&#xD;
2020-11-05 12:18:09 - [MESSAGE][PASSED] - Text ' ' is set on object 'Object Repository/AppleBusinessChat/listTitle'&#xD;
&#xD;
2020-11-05 12:18:09 - [MESSAGE][PASSED] - platform.AppleBusinessChat.setListTitle is PASSED&#xD;
&#xD;
2020-11-05 12:18:09 - [TEST_STEP][PASSED] - platform.Method.removeFocus(findTestObject("AppleBusinessChat/listTitle", ["index":"1"])): platform.Method.removeFocus is PASSED&#xD;
&#xD;
2020-11-05 12:18:12 - [MESSAGE][PASSED] - platform.Method.removeFocus is PASSED&#xD;
&#xD;
2020-11-05 12:18:12 - [TEST_STEP][PASSED] - verifyElementPresent(findTestObject("WEB_OBJECTS/alertInvalidData"), 20, CONTINUE_ON_FAILURE): Object 'Object Repository/WEB_OBJECTS/alertInvalidData' is present&#xD;
&#xD;
2020-11-05 12:18:13 - [MESSAGE][PASSED] - Object 'Object Repository/WEB_OBJECTS/alertInvalidData' is present&#xD;
&#xD;
2020-11-05 12:18:13 - [TEST_STEP][PASSED] - platform.AppleBusinessChat.setListTitle("1", testData): platform.AppleBusinessChat.setListTitle is PASSED&#xD;
&#xD;
2020-11-05 12:18:41 - [MESSAGE][PASSED] - Text 'I want to test that number of characters in this sentence so that a maximum of 512 character can be known. I want to test that number of characters in this sentence so that a maximum of 512 character can be known. I want to test that number of characters in this sentence so that a maximum of 512 character can be known. I want to test that number of characters in this sentence so that a maximum of 512 character can be known. I want to test that number of characters in this sentence so that a maximum of 512...' is set on object 'Object Repository/AppleBusinessChat/listTitle'&#xD;
&#xD;
2020-11-05 12:18:41 - [MESSAGE][PASSED] - platform.AppleBusinessChat.setListTitle is PASSED&#xD;
&#xD;
2020-11-05 12:18:41 - [TEST_STEP][PASSED] - verifyElementPresent(findTestObject("WEB_OBJECTS/alertMaxCharacter"), 20, CONTINUE_ON_FAILURE): Object 'Object Repository/WEB_OBJECTS/alertMaxCharacter' is present&#xD;
&#xD;
2020-11-05 12:18:42 - [MESSAGE][PASSED] - Object 'Object Repository/WEB_OBJECTS/alertMaxCharacter' is present&#xD;
&#xD;
2020-11-05 12:18:42 - [TEST_STEP][PASSED] - platform.AppleBusinessChat.setListTitle("1", "dummy list title"): platform.AppleBusinessChat.setListTitle is PASSED&#xD;
&#xD;
2020-11-05 12:18:49 - [MESSAGE][PASSED] - Text 'dummy list title' is set on object 'Object Repository/AppleBusinessChat/listTitle'&#xD;
&#xD;
2020-11-05 12:18:49 - [MESSAGE][PASSED] - platform.AppleBusinessChat.setListTitle is PASSED&#xD;
&#xD;
2020-11-05 12:18:49 - [TEST_STEP][PASSED] - platform.AppleBusinessChat.setListItemTitle("1", ""): platform.AppleBusinessChat.setListItemTitle is PASSED&#xD;
&#xD;
2020-11-05 12:18:54 - [MESSAGE][PASSED] - Text '' is set on object 'Object Repository/AppleBusinessChat/itemTitle'&#xD;
&#xD;
2020-11-05 12:18:54 - [MESSAGE][PASSED] - platform.AppleBusinessChat.setListItemTitle is PASSED&#xD;
&#xD;
2020-11-05 12:18:54 - [TEST_STEP][PASSED] - platform.Method.removeFocus(findTestObject("AppleBusinessChat/itemTitle", ["index":"1"])): platform.Method.removeFocus is PASSED&#xD;
&#xD;
2020-11-05 12:18:57 - [MESSAGE][PASSED] - platform.Method.removeFocus is PASSED&#xD;
&#xD;
2020-11-05 12:18:57 - [TEST_STEP][PASSED] - verifyElementPresent(findTestObject("WEB_OBJECTS/alertRequired"), 20, CONTINUE_ON_FAILURE): Object 'Object Repository/WEB_OBJECTS/alertRequired' is present&#xD;
&#xD;
2020-11-05 12:18:58 - [MESSAGE][PASSED] - Object 'Object Repository/WEB_OBJECTS/alertRequired' is present&#xD;
&#xD;
2020-11-05 12:18:58 - [TEST_STEP][PASSED] - platform.AppleBusinessChat.setListItemTitle("1", " "): platform.AppleBusinessChat.setListItemTitle is PASSED&#xD;
&#xD;
2020-11-05 12:19:04 - [MESSAGE][PASSED] - Text ' ' is set on object 'Object Repository/AppleBusinessChat/itemTitle'&#xD;
&#xD;
2020-11-05 12:19:04 - [MESSAGE][PASSED] - platform.AppleBusinessChat.setListItemTitle is PASSED&#xD;
&#xD;
2020-11-05 12:19:04 - [TEST_STEP][PASSED] - platform.Method.removeFocus(findTestObject("AppleBusinessChat/itemTitle", ["index":"1"])): platform.Method.removeFocus is PASSED&#xD;
&#xD;
2020-11-05 12:19:06 - [MESSAGE][PASSED] - platform.Method.removeFocus is PASSED&#xD;
&#xD;
2020-11-05 12:19:06 - [TEST_STEP][PASSED] - verifyElementPresent(findTestObject("WEB_OBJECTS/alertInvalidData"), 20, CONTINUE_ON_FAILURE): Object 'Object Repository/WEB_OBJECTS/alertInvalidData' is present&#xD;
&#xD;
2020-11-05 12:19:07 - [MESSAGE][PASSED] - Object 'Object Repository/WEB_OBJECTS/alertInvalidData' is present&#xD;
&#xD;
2020-11-05 12:19:07 - [TEST_STEP][PASSED] - platform.AppleBusinessChat.setListItemTitle("1", testData): platform.AppleBusinessChat.setListItemTitle is PASSED&#xD;
&#xD;
2020-11-05 12:19:40 - [MESSAGE][PASSED] - Text 'I want to test that number of characters in this sentence so that a maximum of 512 character can be known. I want to test that number of characters in this sentence so that a maximum of 512 character can be known. I want to test that number of characters in this sentence so that a maximum of 512 character can be known. I want to test that number of characters in this sentence so that a maximum of 512 character can be known. I want to test that number of characters in this sentence so that a maximum of 512...' is set on object 'Object Repository/AppleBusinessChat/itemTitle'&#xD;
&#xD;
2020-11-05 12:19:40 - [MESSAGE][PASSED] - platform.AppleBusinessChat.setListItemTitle is PASSED&#xD;
&#xD;
2020-11-05 12:19:40 - [TEST_STEP][PASSED] - verifyElementPresent(findTestObject("WEB_OBJECTS/alertMaxCharacter"), 20, CONTINUE_ON_FAILURE): Object 'Object Repository/WEB_OBJECTS/alertMaxCharacter' is present&#xD;
&#xD;
2020-11-05 12:19:41 - [MESSAGE][PASSED] - Object 'Object Repository/WEB_OBJECTS/alertMaxCharacter' is present&#xD;
&#xD;
2020-11-05 12:19:41 - [TEST_STEP][PASSED] - platform.AppleBusinessChat.setListItemTitle("1", "dummy list item title"): platform.AppleBusinessChat.setListItemTitle is PASSED&#xD;
&#xD;
2020-11-05 12:19:48 - [MESSAGE][PASSED] - Text 'dummy list item title' is set on object 'Object Repository/AppleBusinessChat/itemTitle'&#xD;
&#xD;
2020-11-05 12:19:48 - [MESSAGE][PASSED] - platform.AppleBusinessChat.setListItemTitle is PASSED&#xD;
&#xD;
2020-11-05 12:19:48 - [TEST_STEP][PASSED] - assert getText().contains("dummy list item title") == true: null&#xD;
&#xD;
2020-11-05 12:19:51 - [TEST_STEP][PASSED] - platform.AppleBusinessChat.setItemIdentifier("1", ""): platform.AppleBusinessChat.setItemIdentifier is PASSED&#xD;
&#xD;
2020-11-05 12:19:56 - [MESSAGE][PASSED] - Text '' is set on object 'Object Repository/AppleBusinessChat/listItemIdentifier'&#xD;
&#xD;
2020-11-05 12:19:56 - [MESSAGE][PASSED] - platform.AppleBusinessChat.setItemIdentifier is PASSED&#xD;
&#xD;
2020-11-05 12:19:56 - [TEST_STEP][PASSED] - platform.Method.removeFocus(findTestObject("AppleBusinessChat/listItemIdentifier", ["index":"1"])): platform.Method.removeFocus is PASSED&#xD;
&#xD;
2020-11-05 12:19:59 - [MESSAGE][PASSED] - platform.Method.removeFocus is PASSED&#xD;
&#xD;
2020-11-05 12:19:59 - [TEST_STEP][PASSED] - verifyElementPresent(findTestObject("WEB_OBJECTS/alertRequired"), 20, CONTINUE_ON_FAILURE): Object 'Object Repository/WEB_OBJECTS/alertRequired' is present&#xD;
&#xD;
2020-11-05 12:20:00 - [MESSAGE][PASSED] - Object 'Object Repository/WEB_OBJECTS/alertRequired' is present&#xD;
&#xD;
2020-11-05 12:20:00 - [TEST_STEP][PASSED] - platform.AppleBusinessChat.setItemIdentifier("1", " "): platform.AppleBusinessChat.setItemIdentifier is PASSED&#xD;
&#xD;
2020-11-05 12:20:05 - [MESSAGE][PASSED] - Text ' ' is set on object 'Object Repository/AppleBusinessChat/listItemIdentifier'&#xD;
&#xD;
2020-11-05 12:20:05 - [MESSAGE][PASSED] - platform.AppleBusinessChat.setItemIdentifier is PASSED&#xD;
&#xD;
2020-11-05 12:20:05 - [TEST_STEP][PASSED] - platform.Method.removeFocus(findTestObject("AppleBusinessChat/listItemIdentifier", ["index":"1"])): platform.Method.removeFocus is PASSED&#xD;
&#xD;
2020-11-05 12:20:08 - [MESSAGE][PASSED] - platform.Method.removeFocus is PASSED&#xD;
&#xD;
2020-11-05 12:20:08 - [TEST_STEP][PASSED] - verifyElementPresent(findTestObject("WEB_OBJECTS/alertInvalidData"), 20, CONTINUE_ON_FAILURE): Object 'Object Repository/WEB_OBJECTS/alertInvalidData' is present&#xD;
&#xD;
2020-11-05 12:20:09 - [MESSAGE][PASSED] - Object 'Object Repository/WEB_OBJECTS/alertInvalidData' is present&#xD;
&#xD;
2020-11-05 12:20:09 - [TEST_STEP][PASSED] - platform.AppleBusinessChat.setItemIdentifier("1", "dummy list item title"): platform.AppleBusinessChat.setItemIdentifier is PASSED&#xD;
&#xD;
2020-11-05 12:20:15 - [MESSAGE][PASSED] - Text 'dummy list item title' is set on object 'Object Repository/AppleBusinessChat/listItemIdentifier'&#xD;
&#xD;
2020-11-05 12:20:15 - [MESSAGE][PASSED] - platform.AppleBusinessChat.setItemIdentifier is PASSED</system-out>
            <system-err></system-err>
        </testcase>
        <system-out>2020-11-05 11:41:11 - [TEST_SUITE][INCOMPLETE] - TASK_SSO: null</system-out>
        <system-err>2020-11-05 11:41:11 - [TEST_SUITE][INCOMPLETE] - TASK_SSO: null</system-err>
    </testsuite>
</testsuites>
